<?xml version="1.0" encoding="UTF-8"?>
<testsuite xmlns:xsi="http://www.w3.org/2001/XMLSchema-instance" xsi:noNamespaceSchemaLocation="https://maven.apache.org/surefire/maven-surefire-plugin/xsd/surefire-test-report.xsd" name="org.apache.hadoop.ozone.TestStorageContainerManager" time="45.982" tests="8" errors="2" skipped="0" failures="0">
  <properties>
    <property name="awt.toolkit" value="sun.awt.X11.XToolkit"/>
    <property name="file.encoding.pkg" value="sun.io"/>
    <property name="java.specification.version" value="1.8"/>
    <property name="sun.cpu.isalist" value=""/>
    <property name="sun.jnu.encoding" value="UTF-8"/>
    <property name="java.class.path" value="/opt/src/hadoop-ozone/integration-test/target/test-classes:/opt/src/hadoop-ozone/integration-test/target/classes:/root/.m2/repository/org/apache/hadoop/hadoop-ozone-common/0.5.0-SNAPSHOT/hadoop-ozone-common-0.5.0-SNAPSHOT.jar:/root/.m2/repository/org/apache/commons/commons-compress/1.4.1/commons-compress-1.4.1.jar:/root/.m2/repository/org/tukaani/xz/1.0/xz-1.0.jar:/root/.m2/repository/org/apache/hadoop/hadoop-common/3.2.0/hadoop-common-3.2.0.jar:/root/.m2/repository/org/apache/hadoop/hadoop-hdfs/3.2.0/hadoop-hdfs-3.2.0.jar:/root/.m2/repository/org/apache/hadoop/hadoop-hdfs-client/3.2.0/hadoop-hdfs-client-3.2.0.jar:/root/.m2/repository/com/fasterxml/jackson/core/jackson-annotations/2.9.5/jackson-annotations-2.9.5.jar:/root/.m2/repository/org/apache/hadoop/hadoop-hdds-common/0.5.0-SNAPSHOT/hadoop-hdds-common-0.5.0-SNAPSHOT.jar:/root/.m2/repository/javax/annotation/javax.annotation-api/1.2/javax.annotation-api-1.2.jar:/root/.m2/repository/org/apache/ratis/ratis-server/0.4.0-fe2b15d-SNAPSHOT/ratis-server-0.4.0-fe2b15d-SNAPSHOT.jar:/root/.m2/repository/org/apache/ratis/ratis-thirdparty-misc/0.2.0/ratis-thirdparty-misc-0.2.0.jar:/root/.m2/repository/org/apache/ratis/ratis-proto/0.4.0-fe2b15d-SNAPSHOT/ratis-proto-0.4.0-fe2b15d-SNAPSHOT.jar:/root/.m2/repository/org/apache/ratis/ratis-common/0.4.0-fe2b15d-SNAPSHOT/ratis-common-0.4.0-fe2b15d-SNAPSHOT.jar:/root/.m2/repository/org/apache/ratis/ratis-client/0.4.0-fe2b15d-SNAPSHOT/ratis-client-0.4.0-fe2b15d-SNAPSHOT.jar:/root/.m2/repository/org/apache/ratis/ratis-netty/0.4.0-fe2b15d-SNAPSHOT/ratis-netty-0.4.0-fe2b15d-SNAPSHOT.jar:/root/.m2/repository/org/apache/ratis/ratis-grpc/0.4.0-fe2b15d-SNAPSHOT/ratis-grpc-0.4.0-fe2b15d-SNAPSHOT.jar:/root/.m2/repository/org/rocksdb/rocksdbjni/5.14.2/rocksdbjni-5.14.2.jar:/root/.m2/repository/org/apache/logging/log4j/log4j-api/2.11.0/log4j-api-2.11.0.jar:/root/.m2/repository/org/apache/logging/log4j/log4j-core/2.11.0/log4j-core-2.11.0.jar:/root/.m2/repository/com/lmax/disruptor/3.4.2/disruptor-3.4.2.jar:/root/.m2/repository/org/apache/commons/commons-pool2/2.6.0/commons-pool2-2.6.0.jar:/root/.m2/repository/org/bouncycastle/bcpkix-jdk15on/1.60/bcpkix-jdk15on-1.60.jar:/root/.m2/repository/commons-validator/commons-validator/1.6/commons-validator-1.6.jar:/root/.m2/repository/commons-digester/commons-digester/1.8.1/commons-digester-1.8.1.jar:/root/.m2/repository/io/jaegertracing/jaeger-client/0.33.1/jaeger-client-0.33.1.jar:/root/.m2/repository/io/jaegertracing/jaeger-thrift/0.33.1/jaeger-thrift-0.33.1.jar:/root/.m2/repository/org/apache/thrift/libthrift/0.11.0/libthrift-0.11.0.jar:/root/.m2/repository/com/squareup/okhttp3/okhttp/3.9.0/okhttp-3.9.0.jar:/root/.m2/repository/com/squareup/okio/okio/1.13.0/okio-1.13.0.jar:/root/.m2/repository/io/jaegertracing/jaeger-core/0.33.1/jaeger-core-0.33.1.jar:/root/.m2/repository/io/jaegertracing/jaeger-tracerresolver/0.33.1/jaeger-tracerresolver-0.33.1.jar:/root/.m2/repository/io/opentracing/contrib/opentracing-tracerresolver/0.1.5/opentracing-tracerresolver-0.1.5.jar:/root/.m2/repository/io/opentracing/opentracing-util/0.31.0/opentracing-util-0.31.0.jar:/root/.m2/repository/io/opentracing/opentracing-api/0.31.0/opentracing-api-0.31.0.jar:/root/.m2/repository/io/opentracing/opentracing-noop/0.31.0/opentracing-noop-0.31.0.jar:/root/.m2/repository/org/apache/hadoop/hadoop-hdds-server-framework/0.5.0-SNAPSHOT/hadoop-hdds-server-framework-0.5.0-SNAPSHOT.jar:/root/.m2/repository/org/apache/hadoop/hadoop-hdds-server-scm/0.5.0-SNAPSHOT/hadoop-hdds-server-scm-0.5.0-SNAPSHOT.jar:/root/.m2/repository/org/apache/hadoop/hadoop-hdds-container-service/0.5.0-SNAPSHOT/hadoop-hdds-container-service-0.5.0-SNAPSHOT.jar:/root/.m2/repository/org/apache/hadoop/hadoop-hdds-client/0.5.0-SNAPSHOT/hadoop-hdds-client-0.5.0-SNAPSHOT.jar:/root/.m2/repository/org/apache/hadoop/hadoop-hdds-tools/0.5.0-SNAPSHOT/hadoop-hdds-tools-0.5.0-SNAPSHOT.jar:/root/.m2/repository/org/apache/hadoop/hadoop-ozone-ozone-manager/0.5.0-SNAPSHOT/hadoop-ozone-ozone-manager-0.5.0-SNAPSHOT.jar:/root/.m2/repository/org/apache/hadoop/hadoop-hdds-docs/0.5.0-SNAPSHOT/hadoop-hdds-docs-0.5.0-SNAPSHOT.jar:/root/.m2/repository/org/bouncycastle/bcprov-jdk15on/1.60/bcprov-jdk15on-1.60.jar:/root/.m2/repository/org/apache/hadoop/hadoop-minikdc/3.2.0/hadoop-minikdc-3.2.0.jar:/root/.m2/repository/commons-io/commons-io/2.5/commons-io-2.5.jar:/root/.m2/repository/org/apache/kerby/kerb-simplekdc/1.0.1/kerb-simplekdc-1.0.1.jar:/root/.m2/repository/org/apache/kerby/kerb-client/1.0.1/kerb-client-1.0.1.jar:/root/.m2/repository/org/apache/kerby/kerby-config/1.0.1/kerby-config-1.0.1.jar:/root/.m2/repository/org/apache/kerby/kerb-core/1.0.1/kerb-core-1.0.1.jar:/root/.m2/repository/org/apache/kerby/kerby-pkix/1.0.1/kerby-pkix-1.0.1.jar:/root/.m2/repository/org/apache/kerby/kerby-asn1/1.0.1/kerby-asn1-1.0.1.jar:/root/.m2/repository/org/apache/kerby/kerby-util/1.0.1/kerby-util-1.0.1.jar:/root/.m2/repository/org/apache/kerby/kerb-common/1.0.1/kerb-common-1.0.1.jar:/root/.m2/repository/org/apache/kerby/kerb-crypto/1.0.1/kerb-crypto-1.0.1.jar:/root/.m2/repository/org/apache/kerby/kerb-util/1.0.1/kerb-util-1.0.1.jar:/root/.m2/repository/org/apache/kerby/token-provider/1.0.1/token-provider-1.0.1.jar:/root/.m2/repository/org/apache/kerby/kerb-admin/1.0.1/kerb-admin-1.0.1.jar:/root/.m2/repository/org/apache/kerby/kerb-server/1.0.1/kerb-server-1.0.1.jar:/root/.m2/repository/org/apache/kerby/kerb-identity/1.0.1/kerb-identity-1.0.1.jar:/root/.m2/repository/org/apache/kerby/kerby-xdr/1.0.1/kerby-xdr-1.0.1.jar:/root/.m2/repository/org/slf4j/slf4j-log4j12/1.7.25/slf4j-log4j12-1.7.25.jar:/root/.m2/repository/org/apache/hadoop/hadoop-ozone-objectstore-service/0.5.0-SNAPSHOT/hadoop-ozone-objectstore-service-0.5.0-SNAPSHOT.jar:/root/.m2/repository/org/apache/hadoop/hadoop-ozone-s3gateway/0.5.0-SNAPSHOT/hadoop-ozone-s3gateway-0.5.0-SNAPSHOT.jar:/root/.m2/repository/org/jboss/weld/servlet/weld-servlet/2.4.7.Final/weld-servlet-2.4.7.Final.jar:/root/.m2/repository/org/glassfish/jersey/containers/jersey-container-servlet-core/2.27/jersey-container-servlet-core-2.27.jar:/root/.m2/repository/org/glassfish/hk2/external/javax.inject/2.5.0-b42/javax.inject-2.5.0-b42.jar:/root/.m2/repository/org/glassfish/jersey/core/jersey-common/2.27/jersey-common-2.27.jar:/root/.m2/repository/org/glassfish/hk2/osgi-resource-locator/1.0.1/osgi-resource-locator-1.0.1.jar:/root/.m2/repository/javax/ws/rs/javax.ws.rs-api/2.1/javax.ws.rs-api-2.1.jar:/root/.m2/repository/org/glassfish/jersey/ext/cdi/jersey-cdi1x/2.27/jersey-cdi1x-2.27.jar:/root/.m2/repository/org/glassfish/jersey/inject/jersey-hk2/2.27/jersey-hk2-2.27.jar:/root/.m2/repository/org/glassfish/hk2/hk2-locator/2.5.0-b42/hk2-locator-2.5.0-b42.jar:/root/.m2/repository/org/javassist/javassist/3.22.0-CR2/javassist-3.22.0-CR2.jar:/root/.m2/repository/org/glassfish/hk2/hk2-api/2.5.0/hk2-api-2.5.0.jar:/root/.m2/repository/org/glassfish/hk2/external/jakarta.inject/2.5.0/jakarta.inject-2.5.0.jar:/root/.m2/repository/org/glassfish/hk2/hk2-utils/2.5.0/hk2-utils-2.5.0.jar:/root/.m2/repository/jakarta/annotation/jakarta.annotation-api/1.3.4/jakarta.annotation-api-1.3.4.jar:/root/.m2/repository/org/glassfish/hk2/external/aopalliance-repackaged/2.5.0/aopalliance-repackaged-2.5.0.jar:/root/.m2/repository/com/fasterxml/jackson/dataformat/jackson-dataformat-xml/2.9.0/jackson-dataformat-xml-2.9.0.jar:/root/.m2/repository/com/fasterxml/jackson/core/jackson-core/2.9.5/jackson-core-2.9.5.jar:/root/.m2/repository/com/fasterxml/jackson/module/jackson-module-jaxb-annotations/2.9.5/jackson-module-jaxb-annotations-2.9.5.jar:/root/.m2/repository/javax/enterprise/cdi-api/1.2/cdi-api-1.2.jar:/root/.m2/repository/javax/el/javax.el-api/3.0.0/javax.el-api-3.0.0.jar:/root/.m2/repository/javax/interceptor/javax.interceptor-api/1.2/javax.interceptor-api-1.2.jar:/root/.m2/repository/javax/inject/javax.inject/1/javax.inject-1.jar:/root/.m2/repository/com/sun/xml/bind/jaxb-impl/2.3.0.1/jaxb-impl-2.3.0.1.jar:/root/.m2/repository/com/sun/xml/bind/jaxb-core/2.3.0.1/jaxb-core-2.3.0.1.jar:/root/.m2/repository/javax/xml/bind/jaxb-api/2.3.0/jaxb-api-2.3.0.jar:/root/.m2/repository/javax/activation/activation/1.1.1/activation-1.1.1.jar:/root/.m2/repository/org/apache/hadoop/hadoop-ozone-csi/0.5.0-SNAPSHOT/hadoop-ozone-csi-0.5.0-SNAPSHOT.jar:/root/.m2/repository/com/google/protobuf/protobuf-java-util/3.5.1/protobuf-java-util-3.5.1.jar:/root/.m2/repository/org/apache/hadoop/hadoop-hdds-config/0.5.0-SNAPSHOT/hadoop-hdds-config-0.5.0-SNAPSHOT.jar:/root/.m2/repository/com/google/guava/guava/11.0.2/guava-11.0.2.jar:/root/.m2/repository/com/google/protobuf/protobuf-java/2.5.0/protobuf-java-2.5.0.jar:/root/.m2/repository/io/grpc/grpc-netty/1.17.1/grpc-netty-1.17.1.jar:/root/.m2/repository/io/grpc/grpc-core/1.17.1/grpc-core-1.17.1.jar:/root/.m2/repository/io/grpc/grpc-context/1.17.1/grpc-context-1.17.1.jar:/root/.m2/repository/com/google/errorprone/error_prone_annotations/2.2.0/error_prone_annotations-2.2.0.jar:/root/.m2/repository/org/codehaus/mojo/animal-sniffer-annotations/1.17/animal-sniffer-annotations-1.17.jar:/root/.m2/repository/io/opencensus/opencensus-api/0.17.0/opencensus-api-0.17.0.jar:/root/.m2/repository/io/opencensus/opencensus-contrib-grpc-metrics/0.17.0/opencensus-contrib-grpc-metrics-0.17.0.jar:/root/.m2/repository/io/netty/netty-codec-http2/4.1.30.Final/netty-codec-http2-4.1.30.Final.jar:/root/.m2/repository/io/netty/netty-codec-http/4.1.30.Final/netty-codec-http-4.1.30.Final.jar:/root/.m2/repository/io/netty/netty-codec/4.1.30.Final/netty-codec-4.1.30.Final.jar:/root/.m2/repository/io/netty/netty-handler/4.1.30.Final/netty-handler-4.1.30.Final.jar:/root/.m2/repository/io/netty/netty-handler-proxy/4.1.30.Final/netty-handler-proxy-4.1.30.Final.jar:/root/.m2/repository/io/netty/netty-codec-socks/4.1.30.Final/netty-codec-socks-4.1.30.Final.jar:/root/.m2/repository/io/netty/netty-transport-native-epoll/4.1.30.Final/netty-transport-native-epoll-4.1.30.Final.jar:/root/.m2/repository/io/netty/netty-common/4.1.30.Final/netty-common-4.1.30.Final.jar:/root/.m2/repository/io/netty/netty-buffer/4.1.30.Final/netty-buffer-4.1.30.Final.jar:/root/.m2/repository/io/netty/netty-transport/4.1.30.Final/netty-transport-4.1.30.Final.jar:/root/.m2/repository/io/netty/netty-resolver/4.1.30.Final/netty-resolver-4.1.30.Final.jar:/root/.m2/repository/io/netty/netty-transport-native-unix-common/4.1.30.Final/netty-transport-native-unix-common-4.1.30.Final.jar:/root/.m2/repository/io/grpc/grpc-protobuf/1.17.1/grpc-protobuf-1.17.1.jar:/root/.m2/repository/com/google/api/grpc/proto-google-common-protos/1.0.0/proto-google-common-protos-1.0.0.jar:/root/.m2/repository/io/grpc/grpc-protobuf-lite/1.17.1/grpc-protobuf-lite-1.17.1.jar:/root/.m2/repository/io/grpc/grpc-stub/1.17.1/grpc-stub-1.17.1.jar:/root/.m2/repository/org/apache/hadoop/hadoop-ozone-recon/0.5.0-SNAPSHOT/hadoop-ozone-recon-0.5.0-SNAPSHOT.jar:/root/.m2/repository/org/apache/hadoop/hadoop-ozone-reconcodegen/0.5.0-SNAPSHOT/hadoop-ozone-reconcodegen-0.5.0-SNAPSHOT.jar:/root/.m2/repository/com/google/inject/extensions/guice-multibindings/4.0/guice-multibindings-4.0.jar:/root/.m2/repository/com/google/inject/guice/4.0/guice-4.0.jar:/root/.m2/repository/aopalliance/aopalliance/1.0/aopalliance-1.0.jar:/root/.m2/repository/com/google/inject/extensions/guice-servlet/4.0/guice-servlet-4.0.jar:/root/.m2/repository/org/glassfish/jersey/containers/jersey-container-servlet/2.27/jersey-container-servlet-2.27.jar:/root/.m2/repository/org/glassfish/hk2/guice-bridge/2.5.0/guice-bridge-2.5.0.jar:/root/.m2/repository/org/glassfish/jersey/core/jersey-server/2.27/jersey-server-2.27.jar:/root/.m2/repository/org/glassfish/jersey/core/jersey-client/2.27/jersey-client-2.27.jar:/root/.m2/repository/org/glassfish/jersey/media/jersey-media-jaxb/2.27/jersey-media-jaxb-2.27.jar:/root/.m2/repository/javax/validation/validation-api/1.1.0.Final/validation-api-1.1.0.Final.jar:/root/.m2/repository/org/glassfish/jersey/media/jersey-media-json-jackson/2.27/jersey-media-json-jackson-2.27.jar:/root/.m2/repository/org/glassfish/jersey/ext/jersey-entity-filtering/2.27/jersey-entity-filtering-2.27.jar:/root/.m2/repository/com/google/inject/extensions/guice-assistedinject/4.0/guice-assistedinject-4.0.jar:/root/.m2/repository/org/jooq/jooq/3.11.10/jooq-3.11.10.jar:/root/.m2/repository/org/jooq/jooq-meta/3.11.10/jooq-meta-3.11.10.jar:/root/.m2/repository/org/jooq/jooq-codegen/3.11.10/jooq-codegen-3.11.10.jar:/root/.m2/repository/com/jolbox/bonecp/0.8.0.RELEASE/bonecp-0.8.0.RELEASE.jar:/root/.m2/repository/org/xerial/sqlite-jdbc/3.25.2/sqlite-jdbc-3.25.2.jar:/root/.m2/repository/org/springframework/spring-jdbc/5.1.3.RELEASE/spring-jdbc-5.1.3.RELEASE.jar:/root/.m2/repository/org/springframework/spring-beans/5.1.3.RELEASE/spring-beans-5.1.3.RELEASE.jar:/root/.m2/repository/org/springframework/spring-core/5.1.3.RELEASE/spring-core-5.1.3.RELEASE.jar:/root/.m2/repository/org/springframework/spring-jcl/5.1.3.RELEASE/spring-jcl-5.1.3.RELEASE.jar:/root/.m2/repository/org/springframework/spring-tx/5.1.3.RELEASE/spring-tx-5.1.3.RELEASE.jar:/root/.m2/repository/org/apache/hadoop/hadoop-ozone-client/0.5.0-SNAPSHOT/hadoop-ozone-client-0.5.0-SNAPSHOT.jar:/root/.m2/repository/org/apache/hadoop/hadoop-ozone-ozone-manager/0.5.0-SNAPSHOT/hadoop-ozone-ozone-manager-0.5.0-SNAPSHOT-tests.jar:/root/.m2/repository/junit/junit/4.11/junit-4.11.jar:/root/.m2/repository/org/hamcrest/hamcrest-core/1.3/hamcrest-core-1.3.jar:/root/.m2/repository/org/openjdk/jmh/jmh-core/1.19/jmh-core-1.19.jar:/root/.m2/repository/net/sf/jopt-simple/jopt-simple/4.6/jopt-simple-4.6.jar:/root/.m2/repository/org/apache/commons/commons-math3/3.1.1/commons-math3-3.1.1.jar:/root/.m2/repository/org/openjdk/jmh/jmh-generator-annprocess/1.19/jmh-generator-annprocess-1.19.jar:/root/.m2/repository/org/mockito/mockito-all/1.8.5/mockito-all-1.8.5.jar:/root/.m2/repository/org/apache/hadoop/hadoop-kms/3.2.0/hadoop-kms-3.2.0.jar:/root/.m2/repository/org/apache/hadoop/hadoop-auth/3.2.0/hadoop-auth-3.2.0.jar:/root/.m2/repository/com/nimbusds/nimbus-jose-jwt/4.41.1/nimbus-jose-jwt-4.41.1.jar:/root/.m2/repository/com/github/stephenc/jcip/jcip-annotations/1.0-1/jcip-annotations-1.0-1.jar:/root/.m2/repository/net/minidev/json-smart/2.3/json-smart-2.3.jar:/root/.m2/repository/net/minidev/accessors-smart/1.2/accessors-smart-1.2.jar:/root/.m2/repository/org/ow2/asm/asm/5.0.4/asm-5.0.4.jar:/root/.m2/repository/org/apache/curator/curator-framework/2.12.0/curator-framework-2.12.0.jar:/root/.m2/repository/com/sun/jersey/jersey-core/1.19/jersey-core-1.19.jar:/root/.m2/repository/javax/ws/rs/jsr311-api/1.1.1/jsr311-api-1.1.1.jar:/root/.m2/repository/com/sun/jersey/jersey-server/1.19/jersey-server-1.19.jar:/root/.m2/repository/javax/servlet/javax.servlet-api/3.1.0/javax.servlet-api-3.1.0.jar:/root/.m2/repository/org/eclipse/jetty/jetty-server/9.3.24.v20180605/jetty-server-9.3.24.v20180605.jar:/root/.m2/repository/org/eclipse/jetty/jetty-http/9.3.24.v20180605/jetty-http-9.3.24.v20180605.jar:/root/.m2/repository/org/eclipse/jetty/jetty-io/9.3.24.v20180605/jetty-io-9.3.24.v20180605.jar:/root/.m2/repository/org/eclipse/jetty/jetty-webapp/9.3.24.v20180605/jetty-webapp-9.3.24.v20180605.jar:/root/.m2/repository/org/eclipse/jetty/jetty-xml/9.3.24.v20180605/jetty-xml-9.3.24.v20180605.jar:/root/.m2/repository/log4j/log4j/1.2.17/log4j-1.2.17.jar:/root/.m2/repository/org/slf4j/slf4j-api/1.7.25/slf4j-api-1.7.25.jar:/root/.m2/repository/org/slf4j/jul-to-slf4j/1.7.25/jul-to-slf4j-1.7.25.jar:/root/.m2/repository/org/eclipse/jetty/jetty-util/9.3.24.v20180605/jetty-util-9.3.24.v20180605.jar:/root/.m2/repository/io/dropwizard/metrics/metrics-core/3.2.4/metrics-core-3.2.4.jar:/root/.m2/repository/com/fasterxml/jackson/core/jackson-databind/2.9.5/jackson-databind-2.9.5.jar:/root/.m2/repository/org/apache/hadoop/hadoop-kms/3.2.0/hadoop-kms-3.2.0-tests.jar:/root/.m2/repository/org/apache/hadoop/hadoop-hdds-server-scm/0.5.0-SNAPSHOT/hadoop-hdds-server-scm-0.5.0-SNAPSHOT-tests.jar:/root/.m2/repository/org/hamcrest/hamcrest-all/1.3/hamcrest-all-1.3.jar:/root/.m2/repository/info/picocli/picocli/3.9.6/picocli-3.9.6.jar:/root/.m2/repository/org/apache/hadoop/hadoop-hdds-container-service/0.5.0-SNAPSHOT/hadoop-hdds-container-service-0.5.0-SNAPSHOT-tests.jar:/root/.m2/repository/org/yaml/snakeyaml/1.16/snakeyaml-1.16.jar:/root/.m2/repository/org/apache/hadoop/hadoop-common/3.2.0/hadoop-common-3.2.0-tests.jar:/root/.m2/repository/org/apache/hadoop/hadoop-annotations/3.2.0/hadoop-annotations-3.2.0.jar:/usr/lib/jvm/java-1.8-openjdk/jre/../lib/tools.jar:/root/.m2/repository/commons-cli/commons-cli/1.2/commons-cli-1.2.jar:/root/.m2/repository/org/apache/httpcomponents/httpclient/4.5.2/httpclient-4.5.2.jar:/root/.m2/repository/org/apache/httpcomponents/httpcore/4.4.4/httpcore-4.4.4.jar:/root/.m2/repository/commons-codec/commons-codec/1.11/commons-codec-1.11.jar:/root/.m2/repository/commons-net/commons-net/3.6/commons-net-3.6.jar:/root/.m2/repository/commons-collections/commons-collections/3.2.2/commons-collections-3.2.2.jar:/root/.m2/repository/org/eclipse/jetty/jetty-servlet/9.3.24.v20180605/jetty-servlet-9.3.24.v20180605.jar:/root/.m2/repository/org/eclipse/jetty/jetty-security/9.3.24.v20180605/jetty-security-9.3.24.v20180605.jar:/root/.m2/repository/javax/servlet/jsp/jsp-api/2.1/jsp-api-2.1.jar:/root/.m2/repository/com/sun/jersey/jersey-servlet/1.19/jersey-servlet-1.19.jar:/root/.m2/repository/com/sun/jersey/jersey-json/1.19/jersey-json-1.19.jar:/root/.m2/repository/org/codehaus/jettison/jettison/1.1/jettison-1.1.jar:/root/.m2/repository/org/codehaus/jackson/jackson-core-asl/1.9.13/jackson-core-asl-1.9.13.jar:/root/.m2/repository/org/codehaus/jackson/jackson-mapper-asl/1.9.13/jackson-mapper-asl-1.9.13.jar:/root/.m2/repository/org/codehaus/jackson/jackson-jaxrs/1.9.13/jackson-jaxrs-1.9.13.jar:/root/.m2/repository/org/codehaus/jackson/jackson-xc/1.9.13/jackson-xc-1.9.13.jar:/root/.m2/repository/commons-logging/commons-logging/1.1.3/commons-logging-1.1.3.jar:/root/.m2/repository/commons-beanutils/commons-beanutils/1.9.3/commons-beanutils-1.9.3.jar:/root/.m2/repository/org/apache/commons/commons-configuration2/2.1.1/commons-configuration2-2.1.1.jar:/root/.m2/repository/org/apache/commons/commons-lang3/3.7/commons-lang3-3.7.jar:/root/.m2/repository/org/apache/commons/commons-text/1.4/commons-text-1.4.jar:/root/.m2/repository/org/apache/avro/avro/1.7.7/avro-1.7.7.jar:/root/.m2/repository/com/thoughtworks/paranamer/paranamer/2.3/paranamer-2.3.jar:/root/.m2/repository/org/xerial/snappy/snappy-java/1.0.5/snappy-java-1.0.5.jar:/root/.m2/repository/com/google/re2j/re2j/1.1/re2j-1.1.jar:/root/.m2/repository/com/google/code/gson/gson/2.2.4/gson-2.2.4.jar:/root/.m2/repository/com/jcraft/jsch/0.1.54/jsch-0.1.54.jar:/root/.m2/repository/org/apache/curator/curator-client/2.12.0/curator-client-2.12.0.jar:/root/.m2/repository/org/apache/curator/curator-recipes/2.12.0/curator-recipes-2.12.0.jar:/root/.m2/repository/com/google/code/findbugs/jsr305/3.0.0/jsr305-3.0.0.jar:/root/.m2/repository/org/apache/htrace/htrace-core4/4.1.0-incubating/htrace-core4-4.1.0-incubating.jar:/root/.m2/repository/org/apache/zookeeper/zookeeper/3.4.13/zookeeper-3.4.13.jar:/root/.m2/repository/org/apache/yetus/audience-annotations/0.5.0/audience-annotations-0.5.0.jar:/root/.m2/repository/org/codehaus/woodstox/stax2-api/3.1.4/stax2-api-3.1.4.jar:/root/.m2/repository/com/fasterxml/woodstox/woodstox-core/5.0.3/woodstox-core-5.0.3.jar:/root/.m2/repository/dnsjava/dnsjava/2.1.7/dnsjava-2.1.7.jar:/root/.m2/repository/org/apache/hadoop/hadoop-hdfs/3.2.0/hadoop-hdfs-3.2.0-tests.jar:/root/.m2/repository/org/eclipse/jetty/jetty-util-ajax/9.3.24.v20180605/jetty-util-ajax-9.3.24.v20180605.jar:/root/.m2/repository/commons-daemon/commons-daemon/1.0.13/commons-daemon-1.0.13.jar:/root/.m2/repository/io/netty/netty/3.10.5.Final/netty-3.10.5.Final.jar:/root/.m2/repository/io/netty/netty-all/4.0.52.Final/netty-all-4.0.52.Final.jar:/root/.m2/repository/org/fusesource/leveldbjni/leveldbjni-all/1.8/leveldbjni-all-1.8.jar:"/>
    <property name="java.vm.vendor" value="IcedTea"/>
    <property name="sun.arch.data.model" value="64"/>
    <property name="test.build.dir" value="/opt/src/hadoop-ozone/integration-test/target/test-dir"/>
    <property name="test.cache.data" value=""/>
    <property name="java.vendor.url" value="https://icedtea.classpath.org"/>
    <property name="user.timezone" value=""/>
    <property name="java.vm.specification.version" value="1.8"/>
    <property name="os.name" value="Linux"/>
    <property name="test.build.data" value="/opt/src/hadoop-ozone/integration-test/target/test-dir"/>
    <property name="user.country" value="US"/>
    <property name="sun.java.launcher" value="SUN_STANDARD"/>
    <property name="sun.boot.library.path" value="/usr/lib/jvm/java-1.8-openjdk/jre/lib/amd64"/>
    <property name="sun.java.command" value="/opt/src/hadoop-ozone/integration-test/target/surefire/surefirebooter2772894444308890424.jar /opt/src/hadoop-ozone/integration-test/target/surefire 2019-06-14T12-11-57_186-jvmRun1 surefire1776944402312251068tmp surefire_761827019527543315698tmp"/>
    <property name="surefire.test.class.path" value="/opt/src/hadoop-ozone/integration-test/target/test-classes:/opt/src/hadoop-ozone/integration-test/target/classes:/root/.m2/repository/org/apache/hadoop/hadoop-ozone-common/0.5.0-SNAPSHOT/hadoop-ozone-common-0.5.0-SNAPSHOT.jar:/root/.m2/repository/org/apache/commons/commons-compress/1.4.1/commons-compress-1.4.1.jar:/root/.m2/repository/org/tukaani/xz/1.0/xz-1.0.jar:/root/.m2/repository/org/apache/hadoop/hadoop-common/3.2.0/hadoop-common-3.2.0.jar:/root/.m2/repository/org/apache/hadoop/hadoop-hdfs/3.2.0/hadoop-hdfs-3.2.0.jar:/root/.m2/repository/org/apache/hadoop/hadoop-hdfs-client/3.2.0/hadoop-hdfs-client-3.2.0.jar:/root/.m2/repository/com/fasterxml/jackson/core/jackson-annotations/2.9.5/jackson-annotations-2.9.5.jar:/root/.m2/repository/org/apache/hadoop/hadoop-hdds-common/0.5.0-SNAPSHOT/hadoop-hdds-common-0.5.0-SNAPSHOT.jar:/root/.m2/repository/javax/annotation/javax.annotation-api/1.2/javax.annotation-api-1.2.jar:/root/.m2/repository/org/apache/ratis/ratis-server/0.4.0-fe2b15d-SNAPSHOT/ratis-server-0.4.0-fe2b15d-SNAPSHOT.jar:/root/.m2/repository/org/apache/ratis/ratis-thirdparty-misc/0.2.0/ratis-thirdparty-misc-0.2.0.jar:/root/.m2/repository/org/apache/ratis/ratis-proto/0.4.0-fe2b15d-SNAPSHOT/ratis-proto-0.4.0-fe2b15d-SNAPSHOT.jar:/root/.m2/repository/org/apache/ratis/ratis-common/0.4.0-fe2b15d-SNAPSHOT/ratis-common-0.4.0-fe2b15d-SNAPSHOT.jar:/root/.m2/repository/org/apache/ratis/ratis-client/0.4.0-fe2b15d-SNAPSHOT/ratis-client-0.4.0-fe2b15d-SNAPSHOT.jar:/root/.m2/repository/org/apache/ratis/ratis-netty/0.4.0-fe2b15d-SNAPSHOT/ratis-netty-0.4.0-fe2b15d-SNAPSHOT.jar:/root/.m2/repository/org/apache/ratis/ratis-grpc/0.4.0-fe2b15d-SNAPSHOT/ratis-grpc-0.4.0-fe2b15d-SNAPSHOT.jar:/root/.m2/repository/org/rocksdb/rocksdbjni/5.14.2/rocksdbjni-5.14.2.jar:/root/.m2/repository/org/apache/logging/log4j/log4j-api/2.11.0/log4j-api-2.11.0.jar:/root/.m2/repository/org/apache/logging/log4j/log4j-core/2.11.0/log4j-core-2.11.0.jar:/root/.m2/repository/com/lmax/disruptor/3.4.2/disruptor-3.4.2.jar:/root/.m2/repository/org/apache/commons/commons-pool2/2.6.0/commons-pool2-2.6.0.jar:/root/.m2/repository/org/bouncycastle/bcpkix-jdk15on/1.60/bcpkix-jdk15on-1.60.jar:/root/.m2/repository/commons-validator/commons-validator/1.6/commons-validator-1.6.jar:/root/.m2/repository/commons-digester/commons-digester/1.8.1/commons-digester-1.8.1.jar:/root/.m2/repository/io/jaegertracing/jaeger-client/0.33.1/jaeger-client-0.33.1.jar:/root/.m2/repository/io/jaegertracing/jaeger-thrift/0.33.1/jaeger-thrift-0.33.1.jar:/root/.m2/repository/org/apache/thrift/libthrift/0.11.0/libthrift-0.11.0.jar:/root/.m2/repository/com/squareup/okhttp3/okhttp/3.9.0/okhttp-3.9.0.jar:/root/.m2/repository/com/squareup/okio/okio/1.13.0/okio-1.13.0.jar:/root/.m2/repository/io/jaegertracing/jaeger-core/0.33.1/jaeger-core-0.33.1.jar:/root/.m2/repository/io/jaegertracing/jaeger-tracerresolver/0.33.1/jaeger-tracerresolver-0.33.1.jar:/root/.m2/repository/io/opentracing/contrib/opentracing-tracerresolver/0.1.5/opentracing-tracerresolver-0.1.5.jar:/root/.m2/repository/io/opentracing/opentracing-util/0.31.0/opentracing-util-0.31.0.jar:/root/.m2/repository/io/opentracing/opentracing-api/0.31.0/opentracing-api-0.31.0.jar:/root/.m2/repository/io/opentracing/opentracing-noop/0.31.0/opentracing-noop-0.31.0.jar:/root/.m2/repository/org/apache/hadoop/hadoop-hdds-server-framework/0.5.0-SNAPSHOT/hadoop-hdds-server-framework-0.5.0-SNAPSHOT.jar:/root/.m2/repository/org/apache/hadoop/hadoop-hdds-server-scm/0.5.0-SNAPSHOT/hadoop-hdds-server-scm-0.5.0-SNAPSHOT.jar:/root/.m2/repository/org/apache/hadoop/hadoop-hdds-container-service/0.5.0-SNAPSHOT/hadoop-hdds-container-service-0.5.0-SNAPSHOT.jar:/root/.m2/repository/org/apache/hadoop/hadoop-hdds-client/0.5.0-SNAPSHOT/hadoop-hdds-client-0.5.0-SNAPSHOT.jar:/root/.m2/repository/org/apache/hadoop/hadoop-hdds-tools/0.5.0-SNAPSHOT/hadoop-hdds-tools-0.5.0-SNAPSHOT.jar:/root/.m2/repository/org/apache/hadoop/hadoop-ozone-ozone-manager/0.5.0-SNAPSHOT/hadoop-ozone-ozone-manager-0.5.0-SNAPSHOT.jar:/root/.m2/repository/org/apache/hadoop/hadoop-hdds-docs/0.5.0-SNAPSHOT/hadoop-hdds-docs-0.5.0-SNAPSHOT.jar:/root/.m2/repository/org/bouncycastle/bcprov-jdk15on/1.60/bcprov-jdk15on-1.60.jar:/root/.m2/repository/org/apache/hadoop/hadoop-minikdc/3.2.0/hadoop-minikdc-3.2.0.jar:/root/.m2/repository/commons-io/commons-io/2.5/commons-io-2.5.jar:/root/.m2/repository/org/apache/kerby/kerb-simplekdc/1.0.1/kerb-simplekdc-1.0.1.jar:/root/.m2/repository/org/apache/kerby/kerb-client/1.0.1/kerb-client-1.0.1.jar:/root/.m2/repository/org/apache/kerby/kerby-config/1.0.1/kerby-config-1.0.1.jar:/root/.m2/repository/org/apache/kerby/kerb-core/1.0.1/kerb-core-1.0.1.jar:/root/.m2/repository/org/apache/kerby/kerby-pkix/1.0.1/kerby-pkix-1.0.1.jar:/root/.m2/repository/org/apache/kerby/kerby-asn1/1.0.1/kerby-asn1-1.0.1.jar:/root/.m2/repository/org/apache/kerby/kerby-util/1.0.1/kerby-util-1.0.1.jar:/root/.m2/repository/org/apache/kerby/kerb-common/1.0.1/kerb-common-1.0.1.jar:/root/.m2/repository/org/apache/kerby/kerb-crypto/1.0.1/kerb-crypto-1.0.1.jar:/root/.m2/repository/org/apache/kerby/kerb-util/1.0.1/kerb-util-1.0.1.jar:/root/.m2/repository/org/apache/kerby/token-provider/1.0.1/token-provider-1.0.1.jar:/root/.m2/repository/org/apache/kerby/kerb-admin/1.0.1/kerb-admin-1.0.1.jar:/root/.m2/repository/org/apache/kerby/kerb-server/1.0.1/kerb-server-1.0.1.jar:/root/.m2/repository/org/apache/kerby/kerb-identity/1.0.1/kerb-identity-1.0.1.jar:/root/.m2/repository/org/apache/kerby/kerby-xdr/1.0.1/kerby-xdr-1.0.1.jar:/root/.m2/repository/org/slf4j/slf4j-log4j12/1.7.25/slf4j-log4j12-1.7.25.jar:/root/.m2/repository/org/apache/hadoop/hadoop-ozone-objectstore-service/0.5.0-SNAPSHOT/hadoop-ozone-objectstore-service-0.5.0-SNAPSHOT.jar:/root/.m2/repository/org/apache/hadoop/hadoop-ozone-s3gateway/0.5.0-SNAPSHOT/hadoop-ozone-s3gateway-0.5.0-SNAPSHOT.jar:/root/.m2/repository/org/jboss/weld/servlet/weld-servlet/2.4.7.Final/weld-servlet-2.4.7.Final.jar:/root/.m2/repository/org/glassfish/jersey/containers/jersey-container-servlet-core/2.27/jersey-container-servlet-core-2.27.jar:/root/.m2/repository/org/glassfish/hk2/external/javax.inject/2.5.0-b42/javax.inject-2.5.0-b42.jar:/root/.m2/repository/org/glassfish/jersey/core/jersey-common/2.27/jersey-common-2.27.jar:/root/.m2/repository/org/glassfish/hk2/osgi-resource-locator/1.0.1/osgi-resource-locator-1.0.1.jar:/root/.m2/repository/javax/ws/rs/javax.ws.rs-api/2.1/javax.ws.rs-api-2.1.jar:/root/.m2/repository/org/glassfish/jersey/ext/cdi/jersey-cdi1x/2.27/jersey-cdi1x-2.27.jar:/root/.m2/repository/org/glassfish/jersey/inject/jersey-hk2/2.27/jersey-hk2-2.27.jar:/root/.m2/repository/org/glassfish/hk2/hk2-locator/2.5.0-b42/hk2-locator-2.5.0-b42.jar:/root/.m2/repository/org/javassist/javassist/3.22.0-CR2/javassist-3.22.0-CR2.jar:/root/.m2/repository/org/glassfish/hk2/hk2-api/2.5.0/hk2-api-2.5.0.jar:/root/.m2/repository/org/glassfish/hk2/external/jakarta.inject/2.5.0/jakarta.inject-2.5.0.jar:/root/.m2/repository/org/glassfish/hk2/hk2-utils/2.5.0/hk2-utils-2.5.0.jar:/root/.m2/repository/jakarta/annotation/jakarta.annotation-api/1.3.4/jakarta.annotation-api-1.3.4.jar:/root/.m2/repository/org/glassfish/hk2/external/aopalliance-repackaged/2.5.0/aopalliance-repackaged-2.5.0.jar:/root/.m2/repository/com/fasterxml/jackson/dataformat/jackson-dataformat-xml/2.9.0/jackson-dataformat-xml-2.9.0.jar:/root/.m2/repository/com/fasterxml/jackson/core/jackson-core/2.9.5/jackson-core-2.9.5.jar:/root/.m2/repository/com/fasterxml/jackson/module/jackson-module-jaxb-annotations/2.9.5/jackson-module-jaxb-annotations-2.9.5.jar:/root/.m2/repository/javax/enterprise/cdi-api/1.2/cdi-api-1.2.jar:/root/.m2/repository/javax/el/javax.el-api/3.0.0/javax.el-api-3.0.0.jar:/root/.m2/repository/javax/interceptor/javax.interceptor-api/1.2/javax.interceptor-api-1.2.jar:/root/.m2/repository/javax/inject/javax.inject/1/javax.inject-1.jar:/root/.m2/repository/com/sun/xml/bind/jaxb-impl/2.3.0.1/jaxb-impl-2.3.0.1.jar:/root/.m2/repository/com/sun/xml/bind/jaxb-core/2.3.0.1/jaxb-core-2.3.0.1.jar:/root/.m2/repository/javax/xml/bind/jaxb-api/2.3.0/jaxb-api-2.3.0.jar:/root/.m2/repository/javax/activation/activation/1.1.1/activation-1.1.1.jar:/root/.m2/repository/org/apache/hadoop/hadoop-ozone-csi/0.5.0-SNAPSHOT/hadoop-ozone-csi-0.5.0-SNAPSHOT.jar:/root/.m2/repository/com/google/protobuf/protobuf-java-util/3.5.1/protobuf-java-util-3.5.1.jar:/root/.m2/repository/org/apache/hadoop/hadoop-hdds-config/0.5.0-SNAPSHOT/hadoop-hdds-config-0.5.0-SNAPSHOT.jar:/root/.m2/repository/com/google/guava/guava/11.0.2/guava-11.0.2.jar:/root/.m2/repository/com/google/protobuf/protobuf-java/2.5.0/protobuf-java-2.5.0.jar:/root/.m2/repository/io/grpc/grpc-netty/1.17.1/grpc-netty-1.17.1.jar:/root/.m2/repository/io/grpc/grpc-core/1.17.1/grpc-core-1.17.1.jar:/root/.m2/repository/io/grpc/grpc-context/1.17.1/grpc-context-1.17.1.jar:/root/.m2/repository/com/google/errorprone/error_prone_annotations/2.2.0/error_prone_annotations-2.2.0.jar:/root/.m2/repository/org/codehaus/mojo/animal-sniffer-annotations/1.17/animal-sniffer-annotations-1.17.jar:/root/.m2/repository/io/opencensus/opencensus-api/0.17.0/opencensus-api-0.17.0.jar:/root/.m2/repository/io/opencensus/opencensus-contrib-grpc-metrics/0.17.0/opencensus-contrib-grpc-metrics-0.17.0.jar:/root/.m2/repository/io/netty/netty-codec-http2/4.1.30.Final/netty-codec-http2-4.1.30.Final.jar:/root/.m2/repository/io/netty/netty-codec-http/4.1.30.Final/netty-codec-http-4.1.30.Final.jar:/root/.m2/repository/io/netty/netty-codec/4.1.30.Final/netty-codec-4.1.30.Final.jar:/root/.m2/repository/io/netty/netty-handler/4.1.30.Final/netty-handler-4.1.30.Final.jar:/root/.m2/repository/io/netty/netty-handler-proxy/4.1.30.Final/netty-handler-proxy-4.1.30.Final.jar:/root/.m2/repository/io/netty/netty-codec-socks/4.1.30.Final/netty-codec-socks-4.1.30.Final.jar:/root/.m2/repository/io/netty/netty-transport-native-epoll/4.1.30.Final/netty-transport-native-epoll-4.1.30.Final.jar:/root/.m2/repository/io/netty/netty-common/4.1.30.Final/netty-common-4.1.30.Final.jar:/root/.m2/repository/io/netty/netty-buffer/4.1.30.Final/netty-buffer-4.1.30.Final.jar:/root/.m2/repository/io/netty/netty-transport/4.1.30.Final/netty-transport-4.1.30.Final.jar:/root/.m2/repository/io/netty/netty-resolver/4.1.30.Final/netty-resolver-4.1.30.Final.jar:/root/.m2/repository/io/netty/netty-transport-native-unix-common/4.1.30.Final/netty-transport-native-unix-common-4.1.30.Final.jar:/root/.m2/repository/io/grpc/grpc-protobuf/1.17.1/grpc-protobuf-1.17.1.jar:/root/.m2/repository/com/google/api/grpc/proto-google-common-protos/1.0.0/proto-google-common-protos-1.0.0.jar:/root/.m2/repository/io/grpc/grpc-protobuf-lite/1.17.1/grpc-protobuf-lite-1.17.1.jar:/root/.m2/repository/io/grpc/grpc-stub/1.17.1/grpc-stub-1.17.1.jar:/root/.m2/repository/org/apache/hadoop/hadoop-ozone-recon/0.5.0-SNAPSHOT/hadoop-ozone-recon-0.5.0-SNAPSHOT.jar:/root/.m2/repository/org/apache/hadoop/hadoop-ozone-reconcodegen/0.5.0-SNAPSHOT/hadoop-ozone-reconcodegen-0.5.0-SNAPSHOT.jar:/root/.m2/repository/com/google/inject/extensions/guice-multibindings/4.0/guice-multibindings-4.0.jar:/root/.m2/repository/com/google/inject/guice/4.0/guice-4.0.jar:/root/.m2/repository/aopalliance/aopalliance/1.0/aopalliance-1.0.jar:/root/.m2/repository/com/google/inject/extensions/guice-servlet/4.0/guice-servlet-4.0.jar:/root/.m2/repository/org/glassfish/jersey/containers/jersey-container-servlet/2.27/jersey-container-servlet-2.27.jar:/root/.m2/repository/org/glassfish/hk2/guice-bridge/2.5.0/guice-bridge-2.5.0.jar:/root/.m2/repository/org/glassfish/jersey/core/jersey-server/2.27/jersey-server-2.27.jar:/root/.m2/repository/org/glassfish/jersey/core/jersey-client/2.27/jersey-client-2.27.jar:/root/.m2/repository/org/glassfish/jersey/media/jersey-media-jaxb/2.27/jersey-media-jaxb-2.27.jar:/root/.m2/repository/javax/validation/validation-api/1.1.0.Final/validation-api-1.1.0.Final.jar:/root/.m2/repository/org/glassfish/jersey/media/jersey-media-json-jackson/2.27/jersey-media-json-jackson-2.27.jar:/root/.m2/repository/org/glassfish/jersey/ext/jersey-entity-filtering/2.27/jersey-entity-filtering-2.27.jar:/root/.m2/repository/com/google/inject/extensions/guice-assistedinject/4.0/guice-assistedinject-4.0.jar:/root/.m2/repository/org/jooq/jooq/3.11.10/jooq-3.11.10.jar:/root/.m2/repository/org/jooq/jooq-meta/3.11.10/jooq-meta-3.11.10.jar:/root/.m2/repository/org/jooq/jooq-codegen/3.11.10/jooq-codegen-3.11.10.jar:/root/.m2/repository/com/jolbox/bonecp/0.8.0.RELEASE/bonecp-0.8.0.RELEASE.jar:/root/.m2/repository/org/xerial/sqlite-jdbc/3.25.2/sqlite-jdbc-3.25.2.jar:/root/.m2/repository/org/springframework/spring-jdbc/5.1.3.RELEASE/spring-jdbc-5.1.3.RELEASE.jar:/root/.m2/repository/org/springframework/spring-beans/5.1.3.RELEASE/spring-beans-5.1.3.RELEASE.jar:/root/.m2/repository/org/springframework/spring-core/5.1.3.RELEASE/spring-core-5.1.3.RELEASE.jar:/root/.m2/repository/org/springframework/spring-jcl/5.1.3.RELEASE/spring-jcl-5.1.3.RELEASE.jar:/root/.m2/repository/org/springframework/spring-tx/5.1.3.RELEASE/spring-tx-5.1.3.RELEASE.jar:/root/.m2/repository/org/apache/hadoop/hadoop-ozone-client/0.5.0-SNAPSHOT/hadoop-ozone-client-0.5.0-SNAPSHOT.jar:/root/.m2/repository/org/apache/hadoop/hadoop-ozone-ozone-manager/0.5.0-SNAPSHOT/hadoop-ozone-ozone-manager-0.5.0-SNAPSHOT-tests.jar:/root/.m2/repository/junit/junit/4.11/junit-4.11.jar:/root/.m2/repository/org/hamcrest/hamcrest-core/1.3/hamcrest-core-1.3.jar:/root/.m2/repository/org/openjdk/jmh/jmh-core/1.19/jmh-core-1.19.jar:/root/.m2/repository/net/sf/jopt-simple/jopt-simple/4.6/jopt-simple-4.6.jar:/root/.m2/repository/org/apache/commons/commons-math3/3.1.1/commons-math3-3.1.1.jar:/root/.m2/repository/org/openjdk/jmh/jmh-generator-annprocess/1.19/jmh-generator-annprocess-1.19.jar:/root/.m2/repository/org/mockito/mockito-all/1.8.5/mockito-all-1.8.5.jar:/root/.m2/repository/org/apache/hadoop/hadoop-kms/3.2.0/hadoop-kms-3.2.0.jar:/root/.m2/repository/org/apache/hadoop/hadoop-auth/3.2.0/hadoop-auth-3.2.0.jar:/root/.m2/repository/com/nimbusds/nimbus-jose-jwt/4.41.1/nimbus-jose-jwt-4.41.1.jar:/root/.m2/repository/com/github/stephenc/jcip/jcip-annotations/1.0-1/jcip-annotations-1.0-1.jar:/root/.m2/repository/net/minidev/json-smart/2.3/json-smart-2.3.jar:/root/.m2/repository/net/minidev/accessors-smart/1.2/accessors-smart-1.2.jar:/root/.m2/repository/org/ow2/asm/asm/5.0.4/asm-5.0.4.jar:/root/.m2/repository/org/apache/curator/curator-framework/2.12.0/curator-framework-2.12.0.jar:/root/.m2/repository/com/sun/jersey/jersey-core/1.19/jersey-core-1.19.jar:/root/.m2/repository/javax/ws/rs/jsr311-api/1.1.1/jsr311-api-1.1.1.jar:/root/.m2/repository/com/sun/jersey/jersey-server/1.19/jersey-server-1.19.jar:/root/.m2/repository/javax/servlet/javax.servlet-api/3.1.0/javax.servlet-api-3.1.0.jar:/root/.m2/repository/org/eclipse/jetty/jetty-server/9.3.24.v20180605/jetty-server-9.3.24.v20180605.jar:/root/.m2/repository/org/eclipse/jetty/jetty-http/9.3.24.v20180605/jetty-http-9.3.24.v20180605.jar:/root/.m2/repository/org/eclipse/jetty/jetty-io/9.3.24.v20180605/jetty-io-9.3.24.v20180605.jar:/root/.m2/repository/org/eclipse/jetty/jetty-webapp/9.3.24.v20180605/jetty-webapp-9.3.24.v20180605.jar:/root/.m2/repository/org/eclipse/jetty/jetty-xml/9.3.24.v20180605/jetty-xml-9.3.24.v20180605.jar:/root/.m2/repository/log4j/log4j/1.2.17/log4j-1.2.17.jar:/root/.m2/repository/org/slf4j/slf4j-api/1.7.25/slf4j-api-1.7.25.jar:/root/.m2/repository/org/slf4j/jul-to-slf4j/1.7.25/jul-to-slf4j-1.7.25.jar:/root/.m2/repository/org/eclipse/jetty/jetty-util/9.3.24.v20180605/jetty-util-9.3.24.v20180605.jar:/root/.m2/repository/io/dropwizard/metrics/metrics-core/3.2.4/metrics-core-3.2.4.jar:/root/.m2/repository/com/fasterxml/jackson/core/jackson-databind/2.9.5/jackson-databind-2.9.5.jar:/root/.m2/repository/org/apache/hadoop/hadoop-kms/3.2.0/hadoop-kms-3.2.0-tests.jar:/root/.m2/repository/org/apache/hadoop/hadoop-hdds-server-scm/0.5.0-SNAPSHOT/hadoop-hdds-server-scm-0.5.0-SNAPSHOT-tests.jar:/root/.m2/repository/org/hamcrest/hamcrest-all/1.3/hamcrest-all-1.3.jar:/root/.m2/repository/info/picocli/picocli/3.9.6/picocli-3.9.6.jar:/root/.m2/repository/org/apache/hadoop/hadoop-hdds-container-service/0.5.0-SNAPSHOT/hadoop-hdds-container-service-0.5.0-SNAPSHOT-tests.jar:/root/.m2/repository/org/yaml/snakeyaml/1.16/snakeyaml-1.16.jar:/root/.m2/repository/org/apache/hadoop/hadoop-common/3.2.0/hadoop-common-3.2.0-tests.jar:/root/.m2/repository/org/apache/hadoop/hadoop-annotations/3.2.0/hadoop-annotations-3.2.0.jar:/usr/lib/jvm/java-1.8-openjdk/jre/../lib/tools.jar:/root/.m2/repository/commons-cli/commons-cli/1.2/commons-cli-1.2.jar:/root/.m2/repository/org/apache/httpcomponents/httpclient/4.5.2/httpclient-4.5.2.jar:/root/.m2/repository/org/apache/httpcomponents/httpcore/4.4.4/httpcore-4.4.4.jar:/root/.m2/repository/commons-codec/commons-codec/1.11/commons-codec-1.11.jar:/root/.m2/repository/commons-net/commons-net/3.6/commons-net-3.6.jar:/root/.m2/repository/commons-collections/commons-collections/3.2.2/commons-collections-3.2.2.jar:/root/.m2/repository/org/eclipse/jetty/jetty-servlet/9.3.24.v20180605/jetty-servlet-9.3.24.v20180605.jar:/root/.m2/repository/org/eclipse/jetty/jetty-security/9.3.24.v20180605/jetty-security-9.3.24.v20180605.jar:/root/.m2/repository/javax/servlet/jsp/jsp-api/2.1/jsp-api-2.1.jar:/root/.m2/repository/com/sun/jersey/jersey-servlet/1.19/jersey-servlet-1.19.jar:/root/.m2/repository/com/sun/jersey/jersey-json/1.19/jersey-json-1.19.jar:/root/.m2/repository/org/codehaus/jettison/jettison/1.1/jettison-1.1.jar:/root/.m2/repository/org/codehaus/jackson/jackson-core-asl/1.9.13/jackson-core-asl-1.9.13.jar:/root/.m2/repository/org/codehaus/jackson/jackson-mapper-asl/1.9.13/jackson-mapper-asl-1.9.13.jar:/root/.m2/repository/org/codehaus/jackson/jackson-jaxrs/1.9.13/jackson-jaxrs-1.9.13.jar:/root/.m2/repository/org/codehaus/jackson/jackson-xc/1.9.13/jackson-xc-1.9.13.jar:/root/.m2/repository/commons-logging/commons-logging/1.1.3/commons-logging-1.1.3.jar:/root/.m2/repository/commons-beanutils/commons-beanutils/1.9.3/commons-beanutils-1.9.3.jar:/root/.m2/repository/org/apache/commons/commons-configuration2/2.1.1/commons-configuration2-2.1.1.jar:/root/.m2/repository/org/apache/commons/commons-lang3/3.7/commons-lang3-3.7.jar:/root/.m2/repository/org/apache/commons/commons-text/1.4/commons-text-1.4.jar:/root/.m2/repository/org/apache/avro/avro/1.7.7/avro-1.7.7.jar:/root/.m2/repository/com/thoughtworks/paranamer/paranamer/2.3/paranamer-2.3.jar:/root/.m2/repository/org/xerial/snappy/snappy-java/1.0.5/snappy-java-1.0.5.jar:/root/.m2/repository/com/google/re2j/re2j/1.1/re2j-1.1.jar:/root/.m2/repository/com/google/code/gson/gson/2.2.4/gson-2.2.4.jar:/root/.m2/repository/com/jcraft/jsch/0.1.54/jsch-0.1.54.jar:/root/.m2/repository/org/apache/curator/curator-client/2.12.0/curator-client-2.12.0.jar:/root/.m2/repository/org/apache/curator/curator-recipes/2.12.0/curator-recipes-2.12.0.jar:/root/.m2/repository/com/google/code/findbugs/jsr305/3.0.0/jsr305-3.0.0.jar:/root/.m2/repository/org/apache/htrace/htrace-core4/4.1.0-incubating/htrace-core4-4.1.0-incubating.jar:/root/.m2/repository/org/apache/zookeeper/zookeeper/3.4.13/zookeeper-3.4.13.jar:/root/.m2/repository/org/apache/yetus/audience-annotations/0.5.0/audience-annotations-0.5.0.jar:/root/.m2/repository/org/codehaus/woodstox/stax2-api/3.1.4/stax2-api-3.1.4.jar:/root/.m2/repository/com/fasterxml/woodstox/woodstox-core/5.0.3/woodstox-core-5.0.3.jar:/root/.m2/repository/dnsjava/dnsjava/2.1.7/dnsjava-2.1.7.jar:/root/.m2/repository/org/apache/hadoop/hadoop-hdfs/3.2.0/hadoop-hdfs-3.2.0-tests.jar:/root/.m2/repository/org/eclipse/jetty/jetty-util-ajax/9.3.24.v20180605/jetty-util-ajax-9.3.24.v20180605.jar:/root/.m2/repository/commons-daemon/commons-daemon/1.0.13/commons-daemon-1.0.13.jar:/root/.m2/repository/io/netty/netty/3.10.5.Final/netty-3.10.5.Final.jar:/root/.m2/repository/io/netty/netty-all/4.0.52.Final/netty-all-4.0.52.Final.jar:/root/.m2/repository/org/fusesource/leveldbjni/leveldbjni-all/1.8/leveldbjni-all-1.8.jar:"/>
    <property name="sun.cpu.endian" value="little"/>
    <property name="user.home" value="/root"/>
    <property name="user.language" value="en"/>
    <property name="java.specification.vendor" value="Oracle Corporation"/>
    <property name="java.home" value="/usr/lib/jvm/java-1.8-openjdk/jre"/>
    <property name="java.security.krb5.conf" value="/opt/src/hadoop-ozone/integration-test/target/test-classes/krb5.conf"/>
    <property name="basedir" value="/opt/src/hadoop-ozone/integration-test"/>
    <property name="file.separator" value="/"/>
    <property name="line.separator" value="&#10;"/>
    <property name="java.vm.specification.vendor" value="Oracle Corporation"/>
    <property name="java.specification.name" value="Java Platform API Specification"/>
    <property name="java.awt.graphicsenv" value="sun.awt.X11GraphicsEnvironment"/>
    <property name="surefire.real.class.path" value="/opt/src/hadoop-ozone/integration-test/target/surefire/surefirebooter2772894444308890424.jar"/>
    <property name="hadoop.log.dir" value="/opt/src/hadoop-ozone/integration-test/target/log"/>
    <property name="sun.boot.class.path" value="/usr/lib/jvm/java-1.8-openjdk/jre/lib/resources.jar:/usr/lib/jvm/java-1.8-openjdk/jre/lib/rt.jar:/usr/lib/jvm/java-1.8-openjdk/jre/lib/sunrsasign.jar:/usr/lib/jvm/java-1.8-openjdk/jre/lib/jsse.jar:/usr/lib/jvm/java-1.8-openjdk/jre/lib/jce.jar:/usr/lib/jvm/java-1.8-openjdk/jre/lib/charsets.jar:/usr/lib/jvm/java-1.8-openjdk/jre/lib/jfr.jar:/usr/lib/jvm/java-1.8-openjdk/jre/classes"/>
    <property name="sun.management.compiler" value="HotSpot 64-Bit Tiered Compilers"/>
    <property name="java.runtime.version" value="1.8.0_212-b04"/>
    <property name="java.net.preferIPv4Stack" value="true"/>
    <property name="user.name" value="root"/>
    <property name="path.separator" value=":"/>
    <property name="java.security.egd" value="file:///dev/urandom"/>
    <property name="os.version" value="4.15.0-1021-aws"/>
    <property name="java.endorsed.dirs" value="/usr/lib/jvm/java-1.8-openjdk/jre/lib/endorsed"/>
    <property name="java.runtime.name" value="OpenJDK Runtime Environment"/>
    <property name="file.encoding" value="UTF-8"/>
    <property name="java.vm.name" value="OpenJDK 64-Bit Server VM"/>
    <property name="test.build.webapps" value=""/>
    <property name="localRepository" value="/root/.m2/repository"/>
    <property name="java.vendor.url.bug" value="https://icedtea.classpath.org/bugzilla"/>
    <property name="java.io.tmpdir" value="/tmp"/>
    <property name="require.test.libhadoop" value=""/>
    <property name="java.version" value="1.8.0_212"/>
    <property name="user.dir" value="/opt/src/hadoop-ozone/integration-test"/>
    <property name="os.arch" value="amd64"/>
    <property name="java.vm.specification.name" value="Java Virtual Machine Specification"/>
    <property name="test.build.classes" value="/opt/src/hadoop-ozone/integration-test/target/test-classes"/>
    <property name="java.awt.printerjob" value="sun.print.PSPrinterJob"/>
    <property name="sun.os.patch.level" value="unknown"/>
    <property name="hadoop.tmp.dir" value="/opt/src/hadoop-ozone/integration-test/target/tmp"/>
    <property name="java.library.path" value="/usr/lib/jvm/java-1.8-openjdk/jre/lib/amd64/server:/usr/lib/jvm/java-1.8-openjdk/jre/lib/amd64:/usr/lib/jvm/java-1.8-openjdk/jre/../lib/amd64:/opt/src/hadoop-ozone/integration-test/target/native/target/usr/local/lib:/opt/src/hadoop-ozone/integration-test/../../hadoop-common-project/hadoop-common/target/native/target/usr/local/lib:/usr/java/packages/lib/amd64:/usr/lib64:/lib64:/lib:/usr/lib"/>
    <property name="java.vm.info" value="mixed mode"/>
    <property name="java.vendor" value="IcedTea"/>
    <property name="java.vm.version" value="25.212-b04"/>
    <property name="java.ext.dirs" value="/usr/lib/jvm/java-1.8-openjdk/jre/lib/ext:/usr/java/packages/lib/ext"/>
    <property name="sun.io.unicode.encoding" value="UnicodeLittle"/>
    <property name="java.class.version" value="52.0"/>
  </properties>
  <testcase name="testBlockDeletionTransactions" classname="org.apache.hadoop.ozone.TestStorageContainerManager" time="11.375"/>
  <testcase name="testBlockDeletingThrottling" classname="org.apache.hadoop.ozone.TestStorageContainerManager" time="5.995">
    <error message="Unexpected Storage Container Exception: org.apache.hadoop.hdds.scm.container.common.helpers.StorageContainerException: ContainerID 6 creation failed" type="java.io.IOException">java.io.IOException: Unexpected Storage Container Exception: org.apache.hadoop.hdds.scm.container.common.helpers.StorageContainerException: ContainerID 6 creation failed
	at org.apache.hadoop.hdds.scm.storage.BlockOutputStream.setIoException(BlockOutputStream.java:548)
	at org.apache.hadoop.hdds.scm.storage.BlockOutputStream.validateResponse(BlockOutputStream.java:539)
	at org.apache.hadoop.hdds.scm.storage.BlockOutputStream.lambda$writeChunkToContainer$2(BlockOutputStream.java:614)
	at java.util.concurrent.CompletableFuture.uniApply(CompletableFuture.java:602)
	at java.util.concurrent.CompletableFuture$UniApply.tryFire(CompletableFuture.java:577)
	at java.util.concurrent.CompletableFuture$Completion.run(CompletableFuture.java:442)
	at java.util.concurrent.ThreadPoolExecutor.runWorker(ThreadPoolExecutor.java:1149)
	at java.util.concurrent.ThreadPoolExecutor$Worker.run(ThreadPoolExecutor.java:624)
	at java.lang.Thread.run(Thread.java:748)
Caused by: org.apache.hadoop.hdds.scm.container.common.helpers.StorageContainerException: ContainerID 6 creation failed
	at org.apache.hadoop.hdds.scm.storage.ContainerProtocolCalls.validateContainerResponse(ContainerProtocolCalls.java:536)
	at org.apache.hadoop.hdds.scm.storage.BlockOutputStream.validateResponse(BlockOutputStream.java:536)
	... 7 more
</error>
    <system-out><![CDATA[2019-06-14 12:59:33,345 WARN  server.ServerUtils (ServerUtils.java:getScmDbDir(145)) - ozone.scm.db.dirs is not configured. We recommend adding this setting. Falling back to ozone.metadata.dirs instead.
2019-06-14 12:59:33,350 WARN  server.ServerUtils (ServerUtils.java:getScmDbDir(145)) - ozone.scm.db.dirs is not configured. We recommend adding this setting. Falling back to ozone.metadata.dirs instead.
2019-06-14 12:59:33,350 WARN  server.ServerUtils (ServerUtils.java:getScmDbDir(145)) - ozone.scm.db.dirs is not configured. We recommend adding this setting. Falling back to ozone.metadata.dirs instead.
2019-06-14 12:59:33,350 INFO  db.DBStoreBuilder (DBStoreBuilder.java:addTable(110)) - using custom profile for table: deletedBlocks
2019-06-14 12:59:33,351 INFO  db.DBStoreBuilder (DBStoreBuilder.java:processTables(161)) - Using default column profile:DBProfile.DISK for Table:deletedBlocks
2019-06-14 12:59:33,351 INFO  db.DBStoreBuilder (DBStoreBuilder.java:addTable(110)) - using custom profile for table: validCerts
2019-06-14 12:59:33,351 INFO  db.DBStoreBuilder (DBStoreBuilder.java:processTables(161)) - Using default column profile:DBProfile.DISK for Table:validCerts
2019-06-14 12:59:33,351 INFO  db.DBStoreBuilder (DBStoreBuilder.java:addTable(110)) - using custom profile for table: revokedCerts
2019-06-14 12:59:33,351 INFO  db.DBStoreBuilder (DBStoreBuilder.java:processTables(161)) - Using default column profile:DBProfile.DISK for Table:revokedCerts
2019-06-14 12:59:33,351 INFO  db.DBStoreBuilder (DBStoreBuilder.java:addTable(110)) - using custom profile for table: default
2019-06-14 12:59:33,352 INFO  db.DBStoreBuilder (DBStoreBuilder.java:processTables(167)) - Using default column profile:DBProfile.DISK for Table:default
2019-06-14 12:59:33,352 INFO  db.DBStoreBuilder (DBStoreBuilder.java:getDbProfile(198)) - Using default options. DBProfile.DISK
2019-06-14 12:59:33,374 INFO  background.BlockDeletingService (BlockDeletingService.java:getTasks(123)) - Plan to choose 10 containers for block deletion, actually returns 5 valid containers.
2019-06-14 12:59:33,379 ERROR utils.ContainerCache (ContainerCache.java:getDB(137)) - Error opening DB. Container:4 ContainerPath:/opt/src/hadoop-ozone/integration-test/target/test-dir/MiniOzoneClusterImpl-43bfb4d4-2269-420d-a125-23ae713bb82d/datanode-0/data/containers/hdds/fcb9d5d5-7702-414d-85b0-d4d64dd4d07a/current/containerDir0/4/metadata/4-dn-container.db
java.io.IOException: Failed init RocksDB, db path : /opt/src/hadoop-ozone/integration-test/target/test-dir/MiniOzoneClusterImpl-43bfb4d4-2269-420d-a125-23ae713bb82d/datanode-0/data/containers/hdds/fcb9d5d5-7702-414d-85b0-d4d64dd4d07a/current/containerDir0/4/metadata/4-dn-container.db
	at org.apache.hadoop.utils.RocksDBStore.<init>(RocksDBStore.java:87)
	at org.apache.hadoop.utils.MetadataStoreBuilder.build(MetadataStoreBuilder.java:137)
	at org.apache.hadoop.ozone.container.common.utils.ContainerCache.getDB(ContainerCache.java:129)
	at org.apache.hadoop.ozone.container.keyvalue.helpers.BlockUtils.getDB(BlockUtils.java:77)
	at org.apache.hadoop.ozone.container.keyvalue.statemachine.background.BlockDeletingService$BlockDeletingTask.call(BlockDeletingService.java:188)
	at org.apache.hadoop.ozone.container.keyvalue.statemachine.background.BlockDeletingService$BlockDeletingTask.call(BlockDeletingService.java:172)
	at java.util.concurrent.FutureTask.run(FutureTask.java:266)
	at java.util.concurrent.Executors$RunnableAdapter.call(Executors.java:511)
	at java.util.concurrent.FutureTask.run(FutureTask.java:266)
	at java.util.concurrent.Executors$RunnableAdapter.call(Executors.java:511)
	at java.util.concurrent.FutureTask.run(FutureTask.java:266)
	at java.util.concurrent.ScheduledThreadPoolExecutor$ScheduledFutureTask.access$201(ScheduledThreadPoolExecutor.java:180)
	at java.util.concurrent.ScheduledThreadPoolExecutor$ScheduledFutureTask.run(ScheduledThreadPoolExecutor.java:293)
	at java.util.concurrent.ThreadPoolExecutor.runWorker(ThreadPoolExecutor.java:1149)
	at java.util.concurrent.ThreadPoolExecutor$Worker.run(ThreadPoolExecutor.java:624)
	at java.lang.Thread.run(Thread.java:748)
Caused by: org.rocksdb.RocksDBException: While mkdir if missing: /opt/src/hadoop-ozone/integration-test/target/test-dir/MiniOzoneClusterImpl-43bfb4d4-2269-420d-a125-23ae713bb82d/datanode-0/data/containers/hdds/fcb9d5d5-7702-414d-85b0-d4d64dd4d07a/current/containerDir0/4/metadata/4-dn-container.db: No such file or directory
	at org.rocksdb.RocksDB.open(Native Method)
	at org.rocksdb.RocksDB.open(RocksDB.java:231)
	at org.apache.hadoop.utils.RocksDBStore.<init>(RocksDBStore.java:71)
	... 15 more
2019-06-14 12:59:33,380 WARN  utils.BackgroundService (BackgroundService.java:lambda$run$0(135)) - Background task fails to execute, retrying in next interval
java.util.concurrent.ExecutionException: org.apache.hadoop.hdds.scm.container.common.helpers.StorageContainerException: Error opening DB. Container:4 ContainerPath:/opt/src/hadoop-ozone/integration-test/target/test-dir/MiniOzoneClusterImpl-43bfb4d4-2269-420d-a125-23ae713bb82d/datanode-0/data/containers/hdds/fcb9d5d5-7702-414d-85b0-d4d64dd4d07a/current/containerDir0/4/metadata/4-dn-container.db
	at java.util.concurrent.FutureTask.report(FutureTask.java:122)
	at java.util.concurrent.FutureTask.get(FutureTask.java:206)
	at org.apache.hadoop.utils.BackgroundService$PeriodicalTask.lambda$run$0(BackgroundService.java:129)
	at java.util.stream.ForEachOps$ForEachOp$OfRef.accept(ForEachOps.java:184)
	at java.util.ArrayList$ArrayListSpliterator.forEachRemaining(ArrayList.java:1382)
	at java.util.stream.AbstractPipeline.copyInto(AbstractPipeline.java:482)
	at java.util.stream.ForEachOps$ForEachTask.compute(ForEachOps.java:291)
	at java.util.concurrent.CountedCompleter.exec(CountedCompleter.java:731)
	at java.util.concurrent.ForkJoinTask.doExec(ForkJoinTask.java:289)
	at java.util.concurrent.ForkJoinTask.doInvoke(ForkJoinTask.java:401)
	at java.util.concurrent.ForkJoinTask.invoke(ForkJoinTask.java:734)
	at java.util.stream.ForEachOps$ForEachOp.evaluateParallel(ForEachOps.java:160)
	at java.util.stream.ForEachOps$ForEachOp$OfRef.evaluateParallel(ForEachOps.java:174)
	at java.util.stream.AbstractPipeline.evaluate(AbstractPipeline.java:233)
	at java.util.stream.ReferencePipeline.forEach(ReferencePipeline.java:418)
	at java.util.stream.ReferencePipeline$Head.forEach(ReferencePipeline.java:583)
	at org.apache.hadoop.utils.BackgroundService$PeriodicalTask.run(BackgroundService.java:125)
	at java.util.concurrent.Executors$RunnableAdapter.call(Executors.java:511)
	at java.util.concurrent.FutureTask.runAndReset(FutureTask.java:308)
	at java.util.concurrent.ScheduledThreadPoolExecutor$ScheduledFutureTask.access$301(ScheduledThreadPoolExecutor.java:180)
	at java.util.concurrent.ScheduledThreadPoolExecutor$ScheduledFutureTask.run(ScheduledThreadPoolExecutor.java:294)
	at java.util.concurrent.ThreadPoolExecutor.runWorker(ThreadPoolExecutor.java:1149)
	at java.util.concurrent.ThreadPoolExecutor$Worker.run(ThreadPoolExecutor.java:624)
	at java.lang.Thread.run(Thread.java:748)
Caused by: org.apache.hadoop.hdds.scm.container.common.helpers.StorageContainerException: Error opening DB. Container:4 ContainerPath:/opt/src/hadoop-ozone/integration-test/target/test-dir/MiniOzoneClusterImpl-43bfb4d4-2269-420d-a125-23ae713bb82d/datanode-0/data/containers/hdds/fcb9d5d5-7702-414d-85b0-d4d64dd4d07a/current/containerDir0/4/metadata/4-dn-container.db
	at org.apache.hadoop.ozone.container.keyvalue.helpers.BlockUtils.getDB(BlockUtils.java:84)
	at org.apache.hadoop.ozone.container.keyvalue.statemachine.background.BlockDeletingService$BlockDeletingTask.call(BlockDeletingService.java:188)
	at org.apache.hadoop.ozone.container.keyvalue.statemachine.background.BlockDeletingService$BlockDeletingTask.call(BlockDeletingService.java:172)
	at java.util.concurrent.FutureTask.run(FutureTask.java:266)
	at java.util.concurrent.Executors$RunnableAdapter.call(Executors.java:511)
	at java.util.concurrent.FutureTask.run(FutureTask.java:266)
	at java.util.concurrent.Executors$RunnableAdapter.call(Executors.java:511)
	at java.util.concurrent.FutureTask.run(FutureTask.java:266)
	at java.util.concurrent.ScheduledThreadPoolExecutor$ScheduledFutureTask.access$201(ScheduledThreadPoolExecutor.java:180)
	at java.util.concurrent.ScheduledThreadPoolExecutor$ScheduledFutureTask.run(ScheduledThreadPoolExecutor.java:293)
	... 3 more
2019-06-14 12:59:33,380 ERROR utils.ContainerCache (ContainerCache.java:getDB(137)) - Error opening DB. Container:1 ContainerPath:/opt/src/hadoop-ozone/integration-test/target/test-dir/MiniOzoneClusterImpl-43bfb4d4-2269-420d-a125-23ae713bb82d/datanode-0/data/containers/hdds/fcb9d5d5-7702-414d-85b0-d4d64dd4d07a/current/containerDir0/1/metadata/1-dn-container.db
java.io.IOException: Failed init RocksDB, db path : /opt/src/hadoop-ozone/integration-test/target/test-dir/MiniOzoneClusterImpl-43bfb4d4-2269-420d-a125-23ae713bb82d/datanode-0/data/containers/hdds/fcb9d5d5-7702-414d-85b0-d4d64dd4d07a/current/containerDir0/1/metadata/1-dn-container.db
	at org.apache.hadoop.utils.RocksDBStore.<init>(RocksDBStore.java:87)
	at org.apache.hadoop.utils.MetadataStoreBuilder.build(MetadataStoreBuilder.java:137)
	at org.apache.hadoop.ozone.container.common.utils.ContainerCache.getDB(ContainerCache.java:129)
	at org.apache.hadoop.ozone.container.keyvalue.helpers.BlockUtils.getDB(BlockUtils.java:77)
	at org.apache.hadoop.ozone.container.keyvalue.statemachine.background.BlockDeletingService$BlockDeletingTask.call(BlockDeletingService.java:188)
	at org.apache.hadoop.ozone.container.keyvalue.statemachine.background.BlockDeletingService$BlockDeletingTask.call(BlockDeletingService.java:172)
	at java.util.concurrent.FutureTask.run(FutureTask.java:266)
	at java.util.concurrent.Executors$RunnableAdapter.call(Executors.java:511)
	at java.util.concurrent.FutureTask.run(FutureTask.java:266)
	at java.util.concurrent.Executors$RunnableAdapter.call(Executors.java:511)
	at java.util.concurrent.FutureTask.run(FutureTask.java:266)
	at java.util.concurrent.ScheduledThreadPoolExecutor$ScheduledFutureTask.access$201(ScheduledThreadPoolExecutor.java:180)
	at java.util.concurrent.ScheduledThreadPoolExecutor$ScheduledFutureTask.run(ScheduledThreadPoolExecutor.java:293)
	at java.util.concurrent.ThreadPoolExecutor.runWorker(ThreadPoolExecutor.java:1149)
	at java.util.concurrent.ThreadPoolExecutor$Worker.run(ThreadPoolExecutor.java:624)
	at java.lang.Thread.run(Thread.java:748)
Caused by: org.rocksdb.RocksDBException: While mkdir if missing: /opt/src/hadoop-ozone/integration-test/target/test-dir/MiniOzoneClusterImpl-43bfb4d4-2269-420d-a125-23ae713bb82d/datanode-0/data/containers/hdds/fcb9d5d5-7702-414d-85b0-d4d64dd4d07a/current/containerDir0/1/metadata/1-dn-container.db: No such file or directory
	at org.rocksdb.RocksDB.open(Native Method)
	at org.rocksdb.RocksDB.open(RocksDB.java:231)
	at org.apache.hadoop.utils.RocksDBStore.<init>(RocksDBStore.java:71)
	... 15 more
2019-06-14 12:59:33,382 ERROR utils.ContainerCache (ContainerCache.java:getDB(137)) - Error opening DB. Container:2 ContainerPath:/opt/src/hadoop-ozone/integration-test/target/test-dir/MiniOzoneClusterImpl-43bfb4d4-2269-420d-a125-23ae713bb82d/datanode-0/data/containers/hdds/fcb9d5d5-7702-414d-85b0-d4d64dd4d07a/current/containerDir0/2/metadata/2-dn-container.db
java.io.IOException: Failed init RocksDB, db path : /opt/src/hadoop-ozone/integration-test/target/test-dir/MiniOzoneClusterImpl-43bfb4d4-2269-420d-a125-23ae713bb82d/datanode-0/data/containers/hdds/fcb9d5d5-7702-414d-85b0-d4d64dd4d07a/current/containerDir0/2/metadata/2-dn-container.db
	at org.apache.hadoop.utils.RocksDBStore.<init>(RocksDBStore.java:87)
	at org.apache.hadoop.utils.MetadataStoreBuilder.build(MetadataStoreBuilder.java:137)
	at org.apache.hadoop.ozone.container.common.utils.ContainerCache.getDB(ContainerCache.java:129)
	at org.apache.hadoop.ozone.container.keyvalue.helpers.BlockUtils.getDB(BlockUtils.java:77)
	at org.apache.hadoop.ozone.container.keyvalue.statemachine.background.BlockDeletingService$BlockDeletingTask.call(BlockDeletingService.java:188)
	at org.apache.hadoop.ozone.container.keyvalue.statemachine.background.BlockDeletingService$BlockDeletingTask.call(BlockDeletingService.java:172)
	at java.util.concurrent.FutureTask.run(FutureTask.java:266)
	at java.util.concurrent.Executors$RunnableAdapter.call(Executors.java:511)
	at java.util.concurrent.FutureTask.run(FutureTask.java:266)
	at java.util.concurrent.Executors$RunnableAdapter.call(Executors.java:511)
	at java.util.concurrent.FutureTask.run(FutureTask.java:266)
	at java.util.concurrent.ScheduledThreadPoolExecutor$ScheduledFutureTask.access$201(ScheduledThreadPoolExecutor.java:180)
	at java.util.concurrent.ScheduledThreadPoolExecutor$ScheduledFutureTask.run(ScheduledThreadPoolExecutor.java:293)
	at java.util.concurrent.ThreadPoolExecutor.runWorker(ThreadPoolExecutor.java:1149)
	at java.util.concurrent.ThreadPoolExecutor$Worker.run(ThreadPoolExecutor.java:624)
	at java.lang.Thread.run(Thread.java:748)
Caused by: org.rocksdb.RocksDBException: While mkdir if missing: /opt/src/hadoop-ozone/integration-test/target/test-dir/MiniOzoneClusterImpl-43bfb4d4-2269-420d-a125-23ae713bb82d/datanode-0/data/containers/hdds/fcb9d5d5-7702-414d-85b0-d4d64dd4d07a/current/containerDir0/2/metadata/2-dn-container.db: No such file or directory
	at org.rocksdb.RocksDB.open(Native Method)
	at org.rocksdb.RocksDB.open(RocksDB.java:231)
	at org.apache.hadoop.utils.RocksDBStore.<init>(RocksDBStore.java:71)
	... 15 more
2019-06-14 12:59:33,383 ERROR utils.ContainerCache (ContainerCache.java:getDB(137)) - Error opening DB. Container:3 ContainerPath:/opt/src/hadoop-ozone/integration-test/target/test-dir/MiniOzoneClusterImpl-43bfb4d4-2269-420d-a125-23ae713bb82d/datanode-0/data/containers/hdds/fcb9d5d5-7702-414d-85b0-d4d64dd4d07a/current/containerDir0/3/metadata/3-dn-container.db
java.io.IOException: Failed init RocksDB, db path : /opt/src/hadoop-ozone/integration-test/target/test-dir/MiniOzoneClusterImpl-43bfb4d4-2269-420d-a125-23ae713bb82d/datanode-0/data/containers/hdds/fcb9d5d5-7702-414d-85b0-d4d64dd4d07a/current/containerDir0/3/metadata/3-dn-container.db
	at org.apache.hadoop.utils.RocksDBStore.<init>(RocksDBStore.java:87)
	at org.apache.hadoop.utils.MetadataStoreBuilder.build(MetadataStoreBuilder.java:137)
	at org.apache.hadoop.ozone.container.common.utils.ContainerCache.getDB(ContainerCache.java:129)
	at org.apache.hadoop.ozone.container.keyvalue.helpers.BlockUtils.getDB(BlockUtils.java:77)
	at org.apache.hadoop.ozone.container.keyvalue.statemachine.background.BlockDeletingService$BlockDeletingTask.call(BlockDeletingService.java:188)
	at org.apache.hadoop.ozone.container.keyvalue.statemachine.background.BlockDeletingService$BlockDeletingTask.call(BlockDeletingService.java:172)
	at java.util.concurrent.FutureTask.run(FutureTask.java:266)
	at java.util.concurrent.Executors$RunnableAdapter.call(Executors.java:511)
	at java.util.concurrent.FutureTask.run(FutureTask.java:266)
	at java.util.concurrent.Executors$RunnableAdapter.call(Executors.java:511)
	at java.util.concurrent.FutureTask.run(FutureTask.java:266)
	at java.util.concurrent.ScheduledThreadPoolExecutor$ScheduledFutureTask.access$201(ScheduledThreadPoolExecutor.java:180)
	at java.util.concurrent.ScheduledThreadPoolExecutor$ScheduledFutureTask.run(ScheduledThreadPoolExecutor.java:293)
	at java.util.concurrent.ThreadPoolExecutor.runWorker(ThreadPoolExecutor.java:1149)
	at java.util.concurrent.ThreadPoolExecutor$Worker.run(ThreadPoolExecutor.java:624)
	at java.lang.Thread.run(Thread.java:748)
Caused by: org.rocksdb.RocksDBException: While mkdir if missing: /opt/src/hadoop-ozone/integration-test/target/test-dir/MiniOzoneClusterImpl-43bfb4d4-2269-420d-a125-23ae713bb82d/datanode-0/data/containers/hdds/fcb9d5d5-7702-414d-85b0-d4d64dd4d07a/current/containerDir0/3/metadata/3-dn-container.db: No such file or directory
	at org.rocksdb.RocksDB.open(Native Method)
	at org.rocksdb.RocksDB.open(RocksDB.java:231)
	at org.apache.hadoop.utils.RocksDBStore.<init>(RocksDBStore.java:71)
	... 15 more
2019-06-14 12:59:33,384 ERROR utils.ContainerCache (ContainerCache.java:getDB(137)) - Error opening DB. Container:5 ContainerPath:/opt/src/hadoop-ozone/integration-test/target/test-dir/MiniOzoneClusterImpl-43bfb4d4-2269-420d-a125-23ae713bb82d/datanode-0/data/containers/hdds/fcb9d5d5-7702-414d-85b0-d4d64dd4d07a/current/containerDir0/5/metadata/5-dn-container.db
java.io.IOException: Failed init RocksDB, db path : /opt/src/hadoop-ozone/integration-test/target/test-dir/MiniOzoneClusterImpl-43bfb4d4-2269-420d-a125-23ae713bb82d/datanode-0/data/containers/hdds/fcb9d5d5-7702-414d-85b0-d4d64dd4d07a/current/containerDir0/5/metadata/5-dn-container.db
	at org.apache.hadoop.utils.RocksDBStore.<init>(RocksDBStore.java:87)
	at org.apache.hadoop.utils.MetadataStoreBuilder.build(MetadataStoreBuilder.java:137)
	at org.apache.hadoop.ozone.container.common.utils.ContainerCache.getDB(ContainerCache.java:129)
	at org.apache.hadoop.ozone.container.keyvalue.helpers.BlockUtils.getDB(BlockUtils.java:77)
	at org.apache.hadoop.ozone.container.keyvalue.statemachine.background.BlockDeletingService$BlockDeletingTask.call(BlockDeletingService.java:188)
	at org.apache.hadoop.ozone.container.keyvalue.statemachine.background.BlockDeletingService$BlockDeletingTask.call(BlockDeletingService.java:172)
	at java.util.concurrent.FutureTask.run(FutureTask.java:266)
	at java.util.concurrent.Executors$RunnableAdapter.call(Executors.java:511)
	at java.util.concurrent.FutureTask.run(FutureTask.java:266)
	at java.util.concurrent.Executors$RunnableAdapter.call(Executors.java:511)
	at java.util.concurrent.FutureTask.run(FutureTask.java:266)
	at java.util.concurrent.ScheduledThreadPoolExecutor$ScheduledFutureTask.access$201(ScheduledThreadPoolExecutor.java:180)
	at java.util.concurrent.ScheduledThreadPoolExecutor$ScheduledFutureTask.run(ScheduledThreadPoolExecutor.java:293)
	at java.util.concurrent.ThreadPoolExecutor.runWorker(ThreadPoolExecutor.java:1149)
	at java.util.concurrent.ThreadPoolExecutor$Worker.run(ThreadPoolExecutor.java:624)
	at java.lang.Thread.run(Thread.java:748)
Caused by: org.rocksdb.RocksDBException: While mkdir if missing: /opt/src/hadoop-ozone/integration-test/target/test-dir/MiniOzoneClusterImpl-43bfb4d4-2269-420d-a125-23ae713bb82d/datanode-0/data/containers/hdds/fcb9d5d5-7702-414d-85b0-d4d64dd4d07a/current/containerDir0/5/metadata/5-dn-container.db: No such file or directory
	at org.rocksdb.RocksDB.open(Native Method)
	at org.rocksdb.RocksDB.open(RocksDB.java:231)
	at org.apache.hadoop.utils.RocksDBStore.<init>(RocksDBStore.java:71)
	... 15 more
2019-06-14 12:59:33,384 WARN  utils.BackgroundService (BackgroundService.java:lambda$run$0(135)) - Background task fails to execute, retrying in next interval
java.util.concurrent.ExecutionException: org.apache.hadoop.hdds.scm.container.common.helpers.StorageContainerException: Error opening DB. Container:5 ContainerPath:/opt/src/hadoop-ozone/integration-test/target/test-dir/MiniOzoneClusterImpl-43bfb4d4-2269-420d-a125-23ae713bb82d/datanode-0/data/containers/hdds/fcb9d5d5-7702-414d-85b0-d4d64dd4d07a/current/containerDir0/5/metadata/5-dn-container.db
	at java.util.concurrent.FutureTask.report(FutureTask.java:122)
	at java.util.concurrent.FutureTask.get(FutureTask.java:206)
	at org.apache.hadoop.utils.BackgroundService$PeriodicalTask.lambda$run$0(BackgroundService.java:129)
	at java.util.stream.ForEachOps$ForEachOp$OfRef.accept(ForEachOps.java:184)
	at java.util.ArrayList$ArrayListSpliterator.forEachRemaining(ArrayList.java:1382)
	at java.util.stream.AbstractPipeline.copyInto(AbstractPipeline.java:482)
	at java.util.stream.ForEachOps$ForEachTask.compute(ForEachOps.java:291)
	at java.util.concurrent.CountedCompleter.exec(CountedCompleter.java:731)
	at java.util.concurrent.ForkJoinTask.doExec(ForkJoinTask.java:289)
	at java.util.concurrent.ForkJoinPool$WorkQueue.runTask(ForkJoinPool.java:1056)
	at java.util.concurrent.ForkJoinPool.runWorker(ForkJoinPool.java:1692)
	at java.util.concurrent.ForkJoinWorkerThread.run(ForkJoinWorkerThread.java:157)
Caused by: org.apache.hadoop.hdds.scm.container.common.helpers.StorageContainerException: Error opening DB. Container:5 ContainerPath:/opt/src/hadoop-ozone/integration-test/target/test-dir/MiniOzoneClusterImpl-43bfb4d4-2269-420d-a125-23ae713bb82d/datanode-0/data/containers/hdds/fcb9d5d5-7702-414d-85b0-d4d64dd4d07a/current/containerDir0/5/metadata/5-dn-container.db
	at org.apache.hadoop.ozone.container.keyvalue.helpers.BlockUtils.getDB(BlockUtils.java:84)
	at org.apache.hadoop.ozone.container.keyvalue.statemachine.background.BlockDeletingService$BlockDeletingTask.call(BlockDeletingService.java:188)
	at org.apache.hadoop.ozone.container.keyvalue.statemachine.background.BlockDeletingService$BlockDeletingTask.call(BlockDeletingService.java:172)
	at java.util.concurrent.FutureTask.run(FutureTask.java:266)
	at java.util.concurrent.Executors$RunnableAdapter.call(Executors.java:511)
	at java.util.concurrent.FutureTask.run(FutureTask.java:266)
	at java.util.concurrent.Executors$RunnableAdapter.call(Executors.java:511)
	at java.util.concurrent.FutureTask.run(FutureTask.java:266)
	at java.util.concurrent.ScheduledThreadPoolExecutor$ScheduledFutureTask.access$201(ScheduledThreadPoolExecutor.java:180)
	at java.util.concurrent.ScheduledThreadPoolExecutor$ScheduledFutureTask.run(ScheduledThreadPoolExecutor.java:293)
	at java.util.concurrent.ThreadPoolExecutor.runWorker(ThreadPoolExecutor.java:1149)
	at java.util.concurrent.ThreadPoolExecutor$Worker.run(ThreadPoolExecutor.java:624)
	at java.lang.Thread.run(Thread.java:748)
2019-06-14 12:59:33,385 WARN  utils.BackgroundService (BackgroundService.java:lambda$run$0(135)) - Background task fails to execute, retrying in next interval
java.util.concurrent.ExecutionException: org.apache.hadoop.hdds.scm.container.common.helpers.StorageContainerException: Error opening DB. Container:1 ContainerPath:/opt/src/hadoop-ozone/integration-test/target/test-dir/MiniOzoneClusterImpl-43bfb4d4-2269-420d-a125-23ae713bb82d/datanode-0/data/containers/hdds/fcb9d5d5-7702-414d-85b0-d4d64dd4d07a/current/containerDir0/1/metadata/1-dn-container.db
	at java.util.concurrent.FutureTask.report(FutureTask.java:122)
	at java.util.concurrent.FutureTask.get(FutureTask.java:206)
	at org.apache.hadoop.utils.BackgroundService$PeriodicalTask.lambda$run$0(BackgroundService.java:129)
	at java.util.stream.ForEachOps$ForEachOp$OfRef.accept(ForEachOps.java:184)
	at java.util.ArrayList$ArrayListSpliterator.forEachRemaining(ArrayList.java:1382)
	at java.util.stream.AbstractPipeline.copyInto(AbstractPipeline.java:482)
	at java.util.stream.ForEachOps$ForEachTask.compute(ForEachOps.java:291)
	at java.util.concurrent.CountedCompleter.exec(CountedCompleter.java:731)
	at java.util.concurrent.ForkJoinTask.doExec(ForkJoinTask.java:289)
	at java.util.concurrent.ForkJoinPool$WorkQueue.execLocalTasks(ForkJoinPool.java:1040)
	at java.util.concurrent.ForkJoinPool$WorkQueue.runTask(ForkJoinPool.java:1058)
	at java.util.concurrent.ForkJoinPool.runWorker(ForkJoinPool.java:1692)
	at java.util.concurrent.ForkJoinWorkerThread.run(ForkJoinWorkerThread.java:157)
Caused by: org.apache.hadoop.hdds.scm.container.common.helpers.StorageContainerException: Error opening DB. Container:1 ContainerPath:/opt/src/hadoop-ozone/integration-test/target/test-dir/MiniOzoneClusterImpl-43bfb4d4-2269-420d-a125-23ae713bb82d/datanode-0/data/containers/hdds/fcb9d5d5-7702-414d-85b0-d4d64dd4d07a/current/containerDir0/1/metadata/1-dn-container.db
	at org.apache.hadoop.ozone.container.keyvalue.helpers.BlockUtils.getDB(BlockUtils.java:84)
	at org.apache.hadoop.ozone.container.keyvalue.statemachine.background.BlockDeletingService$BlockDeletingTask.call(BlockDeletingService.java:188)
	at org.apache.hadoop.ozone.container.keyvalue.statemachine.background.BlockDeletingService$BlockDeletingTask.call(BlockDeletingService.java:172)
	at java.util.concurrent.FutureTask.run(FutureTask.java:266)
	at java.util.concurrent.Executors$RunnableAdapter.call(Executors.java:511)
	at java.util.concurrent.FutureTask.run(FutureTask.java:266)
	at java.util.concurrent.Executors$RunnableAdapter.call(Executors.java:511)
	at java.util.concurrent.FutureTask.run(FutureTask.java:266)
	at java.util.concurrent.ScheduledThreadPoolExecutor$ScheduledFutureTask.access$201(ScheduledThreadPoolExecutor.java:180)
	at java.util.concurrent.ScheduledThreadPoolExecutor$ScheduledFutureTask.run(ScheduledThreadPoolExecutor.java:293)
	at java.util.concurrent.ThreadPoolExecutor.runWorker(ThreadPoolExecutor.java:1149)
	at java.util.concurrent.ThreadPoolExecutor$Worker.run(ThreadPoolExecutor.java:624)
	at java.lang.Thread.run(Thread.java:748)
2019-06-14 12:59:33,386 WARN  utils.BackgroundService (BackgroundService.java:lambda$run$0(135)) - Background task fails to execute, retrying in next interval
java.util.concurrent.ExecutionException: org.apache.hadoop.hdds.scm.container.common.helpers.StorageContainerException: Error opening DB. Container:3 ContainerPath:/opt/src/hadoop-ozone/integration-test/target/test-dir/MiniOzoneClusterImpl-43bfb4d4-2269-420d-a125-23ae713bb82d/datanode-0/data/containers/hdds/fcb9d5d5-7702-414d-85b0-d4d64dd4d07a/current/containerDir0/3/metadata/3-dn-container.db
	at java.util.concurrent.FutureTask.report(FutureTask.java:122)
	at java.util.concurrent.FutureTask.get(FutureTask.java:206)
	at org.apache.hadoop.utils.BackgroundService$PeriodicalTask.lambda$run$0(BackgroundService.java:129)
	at java.util.stream.ForEachOps$ForEachOp$OfRef.accept(ForEachOps.java:184)
	at java.util.ArrayList$ArrayListSpliterator.forEachRemaining(ArrayList.java:1382)
	at java.util.stream.AbstractPipeline.copyInto(AbstractPipeline.java:482)
	at java.util.stream.ForEachOps$ForEachTask.compute(ForEachOps.java:291)
	at java.util.concurrent.CountedCompleter.exec(CountedCompleter.java:731)
	at java.util.concurrent.ForkJoinTask.doExec(ForkJoinTask.java:289)
	at java.util.concurrent.ForkJoinPool$WorkQueue.runTask(ForkJoinPool.java:1056)
	at java.util.concurrent.ForkJoinPool.runWorker(ForkJoinPool.java:1692)
	at java.util.concurrent.ForkJoinWorkerThread.run(ForkJoinWorkerThread.java:157)
Caused by: org.apache.hadoop.hdds.scm.container.common.helpers.StorageContainerException: Error opening DB. Container:3 ContainerPath:/opt/src/hadoop-ozone/integration-test/target/test-dir/MiniOzoneClusterImpl-43bfb4d4-2269-420d-a125-23ae713bb82d/datanode-0/data/containers/hdds/fcb9d5d5-7702-414d-85b0-d4d64dd4d07a/current/containerDir0/3/metadata/3-dn-container.db
	at org.apache.hadoop.ozone.container.keyvalue.helpers.BlockUtils.getDB(BlockUtils.java:84)
	at org.apache.hadoop.ozone.container.keyvalue.statemachine.background.BlockDeletingService$BlockDeletingTask.call(BlockDeletingService.java:188)
	at org.apache.hadoop.ozone.container.keyvalue.statemachine.background.BlockDeletingService$BlockDeletingTask.call(BlockDeletingService.java:172)
	at java.util.concurrent.FutureTask.run(FutureTask.java:266)
	at java.util.concurrent.Executors$RunnableAdapter.call(Executors.java:511)
	at java.util.concurrent.FutureTask.run(FutureTask.java:266)
	at java.util.concurrent.Executors$RunnableAdapter.call(Executors.java:511)
	at java.util.concurrent.FutureTask.run(FutureTask.java:266)
	at java.util.concurrent.ScheduledThreadPoolExecutor$ScheduledFutureTask.access$201(ScheduledThreadPoolExecutor.java:180)
	at java.util.concurrent.ScheduledThreadPoolExecutor$ScheduledFutureTask.run(ScheduledThreadPoolExecutor.java:293)
	at java.util.concurrent.ThreadPoolExecutor.runWorker(ThreadPoolExecutor.java:1149)
	at java.util.concurrent.ThreadPoolExecutor$Worker.run(ThreadPoolExecutor.java:624)
	at java.lang.Thread.run(Thread.java:748)
2019-06-14 12:59:33,384 WARN  utils.BackgroundService (BackgroundService.java:lambda$run$0(135)) - Background task fails to execute, retrying in next interval
java.util.concurrent.ExecutionException: org.apache.hadoop.hdds.scm.container.common.helpers.StorageContainerException: Error opening DB. Container:2 ContainerPath:/opt/src/hadoop-ozone/integration-test/target/test-dir/MiniOzoneClusterImpl-43bfb4d4-2269-420d-a125-23ae713bb82d/datanode-0/data/containers/hdds/fcb9d5d5-7702-414d-85b0-d4d64dd4d07a/current/containerDir0/2/metadata/2-dn-container.db
	at java.util.concurrent.FutureTask.report(FutureTask.java:122)
	at java.util.concurrent.FutureTask.get(FutureTask.java:206)
	at org.apache.hadoop.utils.BackgroundService$PeriodicalTask.lambda$run$0(BackgroundService.java:129)
	at java.util.stream.ForEachOps$ForEachOp$OfRef.accept(ForEachOps.java:184)
	at java.util.ArrayList$ArrayListSpliterator.forEachRemaining(ArrayList.java:1382)
	at java.util.stream.AbstractPipeline.copyInto(AbstractPipeline.java:482)
	at java.util.stream.ForEachOps$ForEachTask.compute(ForEachOps.java:291)
	at java.util.concurrent.CountedCompleter.exec(CountedCompleter.java:731)
	at java.util.concurrent.ForkJoinTask.doExec(ForkJoinTask.java:289)
	at java.util.concurrent.ForkJoinPool.helpComplete(ForkJoinPool.java:1870)
	at java.util.concurrent.ForkJoinPool.externalHelpComplete(ForkJoinPool.java:2467)
	at java.util.concurrent.ForkJoinTask.externalAwaitDone(ForkJoinTask.java:324)
	at java.util.concurrent.ForkJoinTask.doInvoke(ForkJoinTask.java:405)
	at java.util.concurrent.ForkJoinTask.invoke(ForkJoinTask.java:734)
	at java.util.stream.ForEachOps$ForEachOp.evaluateParallel(ForEachOps.java:160)
	at java.util.stream.ForEachOps$ForEachOp$OfRef.evaluateParallel(ForEachOps.java:174)
	at java.util.stream.AbstractPipeline.evaluate(AbstractPipeline.java:233)
	at java.util.stream.ReferencePipeline.forEach(ReferencePipeline.java:418)
	at java.util.stream.ReferencePipeline$Head.forEach(ReferencePipeline.java:583)
	at org.apache.hadoop.utils.BackgroundService$PeriodicalTask.run(BackgroundService.java:125)
	at java.util.concurrent.Executors$RunnableAdapter.call(Executors.java:511)
	at java.util.concurrent.FutureTask.runAndReset(FutureTask.java:308)
	at java.util.concurrent.ScheduledThreadPoolExecutor$ScheduledFutureTask.access$301(ScheduledThreadPoolExecutor.java:180)
	at java.util.concurrent.ScheduledThreadPoolExecutor$ScheduledFutureTask.run(ScheduledThreadPoolExecutor.java:294)
	at java.util.concurrent.ThreadPoolExecutor.runWorker(ThreadPoolExecutor.java:1149)
	at java.util.concurrent.ThreadPoolExecutor$Worker.run(ThreadPoolExecutor.java:624)
	at java.lang.Thread.run(Thread.java:748)
Caused by: org.apache.hadoop.hdds.scm.container.common.helpers.StorageContainerException: Error opening DB. Container:2 ContainerPath:/opt/src/hadoop-ozone/integration-test/target/test-dir/MiniOzoneClusterImpl-43bfb4d4-2269-420d-a125-23ae713bb82d/datanode-0/data/containers/hdds/fcb9d5d5-7702-414d-85b0-d4d64dd4d07a/current/containerDir0/2/metadata/2-dn-container.db
	at org.apache.hadoop.ozone.container.keyvalue.helpers.BlockUtils.getDB(BlockUtils.java:84)
	at org.apache.hadoop.ozone.container.keyvalue.statemachine.background.BlockDeletingService$BlockDeletingTask.call(BlockDeletingService.java:188)
	at org.apache.hadoop.ozone.container.keyvalue.statemachine.background.BlockDeletingService$BlockDeletingTask.call(BlockDeletingService.java:172)
	at java.util.concurrent.FutureTask.run(FutureTask.java:266)
	at java.util.concurrent.Executors$RunnableAdapter.call(Executors.java:511)
	at java.util.concurrent.FutureTask.run(FutureTask.java:266)
	at java.util.concurrent.Executors$RunnableAdapter.call(Executors.java:511)
	at java.util.concurrent.FutureTask.run(FutureTask.java:266)
	at java.util.concurrent.ScheduledThreadPoolExecutor$ScheduledFutureTask.access$201(ScheduledThreadPoolExecutor.java:180)
	at java.util.concurrent.ScheduledThreadPoolExecutor$ScheduledFutureTask.run(ScheduledThreadPoolExecutor.java:293)
	... 3 more
2019-06-14 12:59:33,398 INFO  node.SCMNodeManager (SCMNodeManager.java:<init>(108)) - Entering startup safe mode.
2019-06-14 12:59:33,399 INFO  net.NodeSchemaLoader (NodeSchemaLoader.java:loadSchemaFromFile(125)) - Loading file from sun.misc.CompoundEnumeration@135ada8b
2019-06-14 12:59:33,400 INFO  net.NodeSchemaLoader (NodeSchemaLoader.java:loadSchema(171)) - Loading network topology layer schema file
2019-06-14 12:59:33,403 WARN  server.ServerUtils (ServerUtils.java:getScmDbDir(145)) - ozone.scm.db.dirs is not configured. We recommend adding this setting. Falling back to ozone.metadata.dirs instead.
2019-06-14 12:59:33,419 INFO  pipeline.SCMPipelineManager (SCMPipelineManager.java:initializePipelineState(126)) - No pipeline exists in current db
2019-06-14 12:59:33,419 WARN  server.ServerUtils (ServerUtils.java:getScmDbDir(145)) - ozone.scm.db.dirs is not configured. We recommend adding this setting. Falling back to ozone.metadata.dirs instead.
2019-06-14 12:59:33,434 WARN  events.EventQueue (EventQueue.java:fireEvent(175)) - No event handler registered for event TypedEvent{payloadType=SafeModeStatus, name='SafeModeStatus'}
2019-06-14 12:59:33,435 INFO  ipc.CallQueueManager (CallQueueManager.java:<init>(84)) - Using callQueue: class java.util.concurrent.LinkedBlockingQueue, queueCapacity: 2000, scheduler: class org.apache.hadoop.ipc.DefaultRpcScheduler, ipcBackoff: false.
2019-06-14 12:59:33,436 INFO  ipc.Server (Server.java:run(1074)) - Starting Socket Reader #1 for port 36307
2019-06-14 12:59:33,443 INFO  ipc.CallQueueManager (CallQueueManager.java:<init>(84)) - Using callQueue: class java.util.concurrent.LinkedBlockingQueue, queueCapacity: 2000, scheduler: class org.apache.hadoop.ipc.DefaultRpcScheduler, ipcBackoff: false.
2019-06-14 12:59:33,444 INFO  ipc.Server (Server.java:run(1074)) - Starting Socket Reader #1 for port 34831
2019-06-14 12:59:33,445 INFO  ipc.CallQueueManager (CallQueueManager.java:<init>(84)) - Using callQueue: class java.util.concurrent.LinkedBlockingQueue, queueCapacity: 2000, scheduler: class org.apache.hadoop.ipc.DefaultRpcScheduler, ipcBackoff: false.
2019-06-14 12:59:33,446 INFO  ipc.Server (Server.java:run(1074)) - Starting Socket Reader #1 for port 45105
2019-06-14 12:59:33,450 INFO  hdfs.DFSUtil (DFSUtil.java:httpServerTemplateForNNAndJN(1641)) - Starting Web-server for scm at: http://0.0.0.0:0
2019-06-14 12:59:33,451 INFO  server.AuthenticationFilter (AuthenticationFilter.java:constructSecretProvider(240)) - Unable to initialize FileSignerSecretProvider, falling back to use random secrets.
2019-06-14 12:59:33,452 WARN  http.HttpRequestLog (HttpRequestLog.java:getRequestLog(97)) - Jetty request log can only be enabled using Log4j
2019-06-14 12:59:33,454 INFO  http.HttpServer2 (HttpServer2.java:addGlobalFilter(975)) - Added global filter 'safety' (class=org.apache.hadoop.http.HttpServer2$QuotingInputFilter)
2019-06-14 12:59:33,455 INFO  http.HttpServer2 (HttpServer2.java:addFilter(948)) - Added filter static_user_filter (class=org.apache.hadoop.http.lib.StaticUserWebFilter$StaticUserFilter) to context scm
2019-06-14 12:59:33,455 INFO  http.HttpServer2 (HttpServer2.java:addFilter(958)) - Added filter static_user_filter (class=org.apache.hadoop.http.lib.StaticUserWebFilter$StaticUserFilter) to context logs
2019-06-14 12:59:33,455 INFO  http.HttpServer2 (HttpServer2.java:addFilter(958)) - Added filter static_user_filter (class=org.apache.hadoop.http.lib.StaticUserWebFilter$StaticUserFilter) to context static
2019-06-14 12:59:33,461 INFO  server.StorageContainerManager (StorageContainerManager.java:start(752)) - StorageContainerLocationProtocol RPC server is listening at /0.0.0.0:45105
2019-06-14 12:59:33,461 INFO  impl.MetricsSystemImpl (MetricsSystemImpl.java:init(158)) - StorageContainerManager metrics system started (again)
2019-06-14 12:59:33,461 INFO  server.SCMClientProtocolServer (SCMClientProtocolServer.java:start(149)) - RPC server for Client  is listening at /0.0.0.0:45105
2019-06-14 12:59:33,462 INFO  ipc.Server (Server.java:run(1314)) - IPC Server Responder: starting
2019-06-14 12:59:33,466 INFO  ipc.Server (Server.java:run(1153)) - IPC Server listener on 45105: starting
2019-06-14 12:59:33,468 INFO  server.StorageContainerManager (StorageContainerManager.java:start(761)) - ScmBlockLocationProtocol RPC server is listening at /0.0.0.0:34831
2019-06-14 12:59:33,468 INFO  server.SCMBlockProtocolServer (SCMBlockProtocolServer.java:start(137)) - RPC server for Block Protocol is listening at /0.0.0.0:34831
2019-06-14 12:59:33,468 INFO  ipc.Server (Server.java:run(1314)) - IPC Server Responder: starting
2019-06-14 12:59:33,468 INFO  ipc.Server (Server.java:run(1153)) - IPC Server listener on 34831: starting
2019-06-14 12:59:33,470 INFO  server.StorageContainerManager (StorageContainerManager.java:start(765)) - ScmDatanodeProtocl RPC server is listening at /0.0.0.0:36307
2019-06-14 12:59:33,470 INFO  server.SCMDatanodeProtocolServer (SCMDatanodeProtocolServer.java:start(191)) - RPC server for DataNodes is listening at /0.0.0.0:36307
2019-06-14 12:59:33,471 INFO  ipc.Server (Server.java:run(1314)) - IPC Server Responder: starting
2019-06-14 12:59:33,471 INFO  ipc.Server (Server.java:run(1153)) - IPC Server listener on 36307: starting
2019-06-14 12:59:33,480 INFO  http.HttpServer2 (HttpServer2.java:bindListener(1191)) - Jetty bound to port 35637
2019-06-14 12:59:33,480 INFO  server.Server (Server.java:doStart(351)) - jetty-9.3.24.v20180605, build timestamp: 2018-06-05T17:11:56Z, git hash: 84205aa28f11a4f31f2a3b86d1bba2cc8ab69827
2019-06-14 12:59:33,482 INFO  handler.ContextHandler (ContextHandler.java:doStart(781)) - Started o.e.j.s.ServletContextHandler@50ed35ec{/logs,file:///opt/src/hadoop-ozone/integration-test/target/log,AVAILABLE}
2019-06-14 12:59:33,483 INFO  handler.ContextHandler (ContextHandler.java:doStart(781)) - Started o.e.j.s.ServletContextHandler@76a953a4{/static,file:///opt/src/hadoop-ozone/integration-test/target/test-classes/webapps/static,AVAILABLE}
2019-06-14 12:59:33,487 INFO  handler.ContextHandler (ContextHandler.java:doStart(781)) - Started o.e.j.w.WebAppContext@3fe49900{/,file:///opt/src/hadoop-ozone/integration-test/target/test-classes/webapps/scm/,AVAILABLE}{/scm}
2019-06-14 12:59:33,488 INFO  server.AbstractConnector (AbstractConnector.java:doStart(278)) - Started ServerConnector@18583b74{HTTP/1.1,[http/1.1]}{0.0.0.0:35637}
2019-06-14 12:59:33,488 INFO  server.Server (Server.java:doStart(419)) - Started @12077ms
2019-06-14 12:59:33,489 INFO  server.BaseHttpServer (BaseHttpServer.java:updateConnectorAddress(207)) - HTTP server of SCM is listening at http://0.0.0.0:35637
2019-06-14 12:59:33,489 WARN  scm.ScmUtils (ScmUtils.java:getDBPath(63)) - ozone.om.db.dirs is not configured. We recommend adding this setting. Falling back to ozone.metadata.dirs instead.
2019-06-14 12:59:33,490 INFO  util.JvmPauseMonitor (JvmPauseMonitor.java:run(188)) - Starting JVM pause monitor
2019-06-14 12:59:33,492 WARN  scm.ScmUtils (ScmUtils.java:getDBPath(63)) - ozone.om.db.dirs is not configured. We recommend adding this setting. Falling back to ozone.metadata.dirs instead.
2019-06-14 12:59:33,492 INFO  om.OzoneManager (OzoneManager.java:setOMNodeDetails(519)) - OM Service ID is not set. Setting it to the default ID: omServiceIdDefault
2019-06-14 12:59:33,492 INFO  om.OzoneManager (OzoneManager.java:setOMNodeDetails(525)) - OM Node ID is not set. Setting it to the OmStorage's OmID: 3e49df0b-2d64-46a8-8eea-108f6fecf1ee
2019-06-14 12:59:33,493 WARN  scm.HddsServerUtil (HddsServerUtil.java:getDefaultRatisDirectory(354)) - Storage directory for Ratis is not configured. It is a good idea to map this to an SSD disk. Falling back to ozone.metadata.dirs
2019-06-14 12:59:33,493 WARN  scm.HddsServerUtil (HddsServerUtil.java:getDefaultRatisDirectory(354)) - Storage directory for Ratis is not configured. It is a good idea to map this to an SSD disk. Falling back to ozone.metadata.dirs
2019-06-14 12:59:33,493 INFO  om.OzoneManager (OzoneManager.java:loadOMHAConfigs(476)) - Found matching OM address with OMServiceId: null, OMNodeId: null, RPC Address: localhost:0 and Ratis port: 9872
2019-06-14 12:59:33,497 WARN  scm.ScmUtils (ScmUtils.java:getDBPath(63)) - ozone.om.db.dirs is not configured. We recommend adding this setting. Falling back to ozone.metadata.dirs instead.
2019-06-14 12:59:33,497 INFO  db.DBStoreBuilder (DBStoreBuilder.java:addTable(110)) - using custom profile for table: userTable
2019-06-14 12:59:33,497 INFO  db.DBStoreBuilder (DBStoreBuilder.java:processTables(161)) - Using default column profile:DBProfile.DISK for Table:userTable
2019-06-14 12:59:33,497 INFO  db.DBStoreBuilder (DBStoreBuilder.java:addTable(110)) - using custom profile for table: volumeTable
2019-06-14 12:59:33,497 INFO  db.DBStoreBuilder (DBStoreBuilder.java:processTables(161)) - Using default column profile:DBProfile.DISK for Table:volumeTable
2019-06-14 12:59:33,497 INFO  db.DBStoreBuilder (DBStoreBuilder.java:addTable(110)) - using custom profile for table: bucketTable
2019-06-14 12:59:33,498 INFO  db.DBStoreBuilder (DBStoreBuilder.java:processTables(161)) - Using default column profile:DBProfile.DISK for Table:bucketTable
2019-06-14 12:59:33,498 INFO  db.DBStoreBuilder (DBStoreBuilder.java:addTable(110)) - using custom profile for table: keyTable
2019-06-14 12:59:33,498 INFO  db.DBStoreBuilder (DBStoreBuilder.java:processTables(161)) - Using default column profile:DBProfile.DISK for Table:keyTable
2019-06-14 12:59:33,498 INFO  db.DBStoreBuilder (DBStoreBuilder.java:addTable(110)) - using custom profile for table: deletedTable
2019-06-14 12:59:33,498 INFO  db.DBStoreBuilder (DBStoreBuilder.java:processTables(161)) - Using default column profile:DBProfile.DISK for Table:deletedTable
2019-06-14 12:59:33,498 INFO  db.DBStoreBuilder (DBStoreBuilder.java:addTable(110)) - using custom profile for table: openKeyTable
2019-06-14 12:59:33,498 INFO  db.DBStoreBuilder (DBStoreBuilder.java:processTables(161)) - Using default column profile:DBProfile.DISK for Table:openKeyTable
2019-06-14 12:59:33,498 INFO  db.DBStoreBuilder (DBStoreBuilder.java:addTable(110)) - using custom profile for table: s3Table
2019-06-14 12:59:33,498 INFO  db.DBStoreBuilder (DBStoreBuilder.java:processTables(161)) - Using default column profile:DBProfile.DISK for Table:s3Table
2019-06-14 12:59:33,499 INFO  db.DBStoreBuilder (DBStoreBuilder.java:addTable(110)) - using custom profile for table: multipartInfoTable
2019-06-14 12:59:33,499 INFO  db.DBStoreBuilder (DBStoreBuilder.java:processTables(161)) - Using default column profile:DBProfile.DISK for Table:multipartInfoTable
2019-06-14 12:59:33,499 INFO  db.DBStoreBuilder (DBStoreBuilder.java:addTable(110)) - using custom profile for table: dTokenTable
2019-06-14 12:59:33,499 INFO  db.DBStoreBuilder (DBStoreBuilder.java:processTables(161)) - Using default column profile:DBProfile.DISK for Table:dTokenTable
2019-06-14 12:59:33,499 INFO  db.DBStoreBuilder (DBStoreBuilder.java:addTable(110)) - using custom profile for table: s3SecretTable
2019-06-14 12:59:33,499 INFO  db.DBStoreBuilder (DBStoreBuilder.java:processTables(161)) - Using default column profile:DBProfile.DISK for Table:s3SecretTable
2019-06-14 12:59:33,499 INFO  db.DBStoreBuilder (DBStoreBuilder.java:addTable(110)) - using custom profile for table: prefixTable
2019-06-14 12:59:33,499 INFO  db.DBStoreBuilder (DBStoreBuilder.java:processTables(161)) - Using default column profile:DBProfile.DISK for Table:prefixTable
2019-06-14 12:59:33,499 INFO  db.DBStoreBuilder (DBStoreBuilder.java:addTable(110)) - using custom profile for table: default
2019-06-14 12:59:33,500 INFO  db.DBStoreBuilder (DBStoreBuilder.java:processTables(167)) - Using default column profile:DBProfile.DISK for Table:default
2019-06-14 12:59:33,500 INFO  db.DBStoreBuilder (DBStoreBuilder.java:getDbProfile(198)) - Using default options. DBProfile.DISK
2019-06-14 12:59:33,639 INFO  ipc.CallQueueManager (CallQueueManager.java:<init>(84)) - Using callQueue: class java.util.concurrent.LinkedBlockingQueue, queueCapacity: 2000, scheduler: class org.apache.hadoop.ipc.DefaultRpcScheduler, ipcBackoff: false.
2019-06-14 12:59:33,640 INFO  ipc.Server (Server.java:run(1074)) - Starting Socket Reader #1 for port 41453
2019-06-14 12:59:33,650 WARN  scm.ScmUtils (ScmUtils.java:getDBPath(63)) - ozone.om.db.dirs is not configured. We recommend adding this setting. Falling back to ozone.metadata.dirs instead.
2019-06-14 12:59:33,650 INFO  om.OzoneManager (OzoneManager.java:start(1217)) - OzoneManager RPC server is listening at localhost/127.0.0.1:41453
2019-06-14 12:59:33,650 INFO  impl.MetricsSystemImpl (MetricsSystemImpl.java:init(158)) - OzoneManager metrics system started (again)
2019-06-14 12:59:33,651 INFO  ipc.Server (Server.java:run(1153)) - IPC Server listener on 41453: starting
2019-06-14 12:59:33,651 INFO  ipc.Server (Server.java:run(1314)) - IPC Server Responder: starting
2019-06-14 12:59:33,654 INFO  hdfs.DFSUtil (DFSUtil.java:httpServerTemplateForNNAndJN(1641)) - Starting Web-server for ozoneManager at: http://0.0.0.0:0
2019-06-14 12:59:33,655 INFO  server.AuthenticationFilter (AuthenticationFilter.java:constructSecretProvider(240)) - Unable to initialize FileSignerSecretProvider, falling back to use random secrets.
2019-06-14 12:59:33,655 WARN  http.HttpRequestLog (HttpRequestLog.java:getRequestLog(97)) - Jetty request log can only be enabled using Log4j
2019-06-14 12:59:33,656 INFO  http.HttpServer2 (HttpServer2.java:addGlobalFilter(975)) - Added global filter 'safety' (class=org.apache.hadoop.http.HttpServer2$QuotingInputFilter)
2019-06-14 12:59:33,657 INFO  http.HttpServer2 (HttpServer2.java:addFilter(948)) - Added filter static_user_filter (class=org.apache.hadoop.http.lib.StaticUserWebFilter$StaticUserFilter) to context ozoneManager
2019-06-14 12:59:33,657 INFO  http.HttpServer2 (HttpServer2.java:addFilter(958)) - Added filter static_user_filter (class=org.apache.hadoop.http.lib.StaticUserWebFilter$StaticUserFilter) to context static
2019-06-14 12:59:33,657 INFO  http.HttpServer2 (HttpServer2.java:addFilter(958)) - Added filter static_user_filter (class=org.apache.hadoop.http.lib.StaticUserWebFilter$StaticUserFilter) to context logs
2019-06-14 12:59:33,658 INFO  http.HttpServer2 (HttpServer2.java:bindListener(1191)) - Jetty bound to port 42227
2019-06-14 12:59:33,658 INFO  server.Server (Server.java:doStart(351)) - jetty-9.3.24.v20180605, build timestamp: 2018-06-05T17:11:56Z, git hash: 84205aa28f11a4f31f2a3b86d1bba2cc8ab69827
2019-06-14 12:59:33,659 INFO  handler.ContextHandler (ContextHandler.java:doStart(781)) - Started o.e.j.s.ServletContextHandler@4577a149{/logs,file:///opt/src/hadoop-ozone/integration-test/target/log,AVAILABLE}
2019-06-14 12:59:33,660 INFO  handler.ContextHandler (ContextHandler.java:doStart(781)) - Started o.e.j.s.ServletContextHandler@194e97d3{/static,file:///opt/src/hadoop-ozone/integration-test/target/test-classes/webapps/static,AVAILABLE}
2019-06-14 12:59:33,664 INFO  handler.ContextHandler (ContextHandler.java:doStart(781)) - Started o.e.j.w.WebAppContext@189c8e1{/,file:///opt/src/hadoop-ozone/integration-test/target/test-classes/webapps/ozoneManager/,AVAILABLE}{/ozoneManager}
2019-06-14 12:59:33,664 INFO  server.AbstractConnector (AbstractConnector.java:doStart(278)) - Started ServerConnector@78cd5d49{HTTP/1.1,[http/1.1]}{0.0.0.0:42227}
2019-06-14 12:59:33,664 INFO  server.Server (Server.java:doStart(419)) - Started @12254ms
2019-06-14 12:59:33,665 INFO  server.BaseHttpServer (BaseHttpServer.java:updateConnectorAddress(207)) - HTTP server of OZONEMANAGER is listening at http://0.0.0.0:42227
2019-06-14 12:59:33,668 INFO  impl.MetricsSystemImpl (MetricsSystemImpl.java:init(158)) - HddsDatanode metrics system started (again)
2019-06-14 12:59:33,668 INFO  ozone.HddsDatanodeService (HddsDatanodeService.java:start(185)) - HddsDatanodeService host:ozone-5z4sx-3769091767 ip:192.168.105.183
2019-06-14 12:59:33,673 INFO  volume.HddsVolume (HddsVolume.java:<init>(176)) - Creating Volume: /opt/src/hadoop-ozone/integration-test/target/test-dir/MiniOzoneClusterImpl-8c5fde74-8b92-44fb-8ce7-0a4679e426eb/datanode-0/data/containers/hdds of  storage type : DISK and capacity : 104021790720
2019-06-14 12:59:33,673 INFO  volume.VolumeSet (VolumeSet.java:initializeVolumeSet(170)) - Added Volume : /opt/src/hadoop-ozone/integration-test/target/test-dir/MiniOzoneClusterImpl-8c5fde74-8b92-44fb-8ce7-0a4679e426eb/datanode-0/data/containers/hdds to VolumeSet
2019-06-14 12:59:33,673 INFO  volume.ThrottledAsyncChecker (ThrottledAsyncChecker.java:schedule(140)) - Scheduling a check for org.apache.hadoop.ozone.container.common.volume.HddsVolume@6c3db8ec
2019-06-14 12:59:33,678 INFO  volume.HddsVolumeChecker (HddsVolumeChecker.java:checkAllVolumes(203)) - Scheduled health check for volume org.apache.hadoop.ozone.container.common.volume.HddsVolume@6c3db8ec
2019-06-14 12:59:33,690 INFO  ratis.XceiverServerRatis (XceiverServerRatis.java:newXceiverServerRatis(401)) - Found a free port for the server : 36639
2019-06-14 12:59:33,691 INFO  impl.RaftServerProxy (ConfUtils.java:logGet(43)) - raft.rpc.type = GRPC (default)
2019-06-14 12:59:33,691 INFO  grpc.GrpcConfigKeys$Server (ConfUtils.java:logGet(43)) - raft.grpc.server.port = 36639 (custom)
2019-06-14 12:59:33,691 INFO  server.GrpcService (ConfUtils.java:logGet(43)) - raft.grpc.message.size.max = 33570816 (custom)
2019-06-14 12:59:33,692 INFO  server.RaftServerConfigKeys (ConfUtils.java:logGet(43)) - raft.server.log.appender.buffer.byte-limit = 33554432 (custom)
2019-06-14 12:59:33,692 INFO  server.GrpcService (ConfUtils.java:logGet(43)) - raft.grpc.flow.control.window = 1MB (=1048576) (default)
2019-06-14 12:59:33,692 INFO  server.RaftServerConfigKeys (ConfUtils.java:logGet(43)) - raft.server.rpc.request.timeout = 3000ms (default)
2019-06-14 12:59:33,692 INFO  server.RaftServerConfigKeys (ConfUtils.java:logGet(43)) - raft.server.storage.dir = [/opt/src/hadoop-ozone/integration-test/target/test-dir/MiniOzoneClusterImpl-8c5fde74-8b92-44fb-8ce7-0a4679e426eb/datanode-0/data/ratis] (custom)
2019-06-14 12:59:33,692 INFO  server.XceiverServerGrpc (XceiverServerGrpc.java:<init>(97)) - Found a free port for the server : 38189
2019-06-14 12:59:33,693 INFO  replication.SimpleContainerDownloader (SimpleContainerDownloader.java:<init>(72)) - Starting container downloader service to copy containers to replicate.
2019-06-14 12:59:33,693 INFO  hdfs.DFSUtil (DFSUtil.java:httpServerTemplateForNNAndJN(1641)) - Starting Web-server for hddsDatanode at: http://0.0.0.0:0
2019-06-14 12:59:33,694 INFO  server.AuthenticationFilter (AuthenticationFilter.java:constructSecretProvider(240)) - Unable to initialize FileSignerSecretProvider, falling back to use random secrets.
2019-06-14 12:59:33,695 WARN  http.HttpRequestLog (HttpRequestLog.java:getRequestLog(97)) - Jetty request log can only be enabled using Log4j
2019-06-14 12:59:33,696 INFO  http.HttpServer2 (HttpServer2.java:addGlobalFilter(975)) - Added global filter 'safety' (class=org.apache.hadoop.http.HttpServer2$QuotingInputFilter)
2019-06-14 12:59:33,696 INFO  http.HttpServer2 (HttpServer2.java:addFilter(948)) - Added filter static_user_filter (class=org.apache.hadoop.http.lib.StaticUserWebFilter$StaticUserFilter) to context hddsDatanode
2019-06-14 12:59:33,697 INFO  http.HttpServer2 (HttpServer2.java:addFilter(958)) - Added filter static_user_filter (class=org.apache.hadoop.http.lib.StaticUserWebFilter$StaticUserFilter) to context logs
2019-06-14 12:59:33,697 INFO  http.HttpServer2 (HttpServer2.java:addFilter(958)) - Added filter static_user_filter (class=org.apache.hadoop.http.lib.StaticUserWebFilter$StaticUserFilter) to context static
2019-06-14 12:59:33,697 INFO  http.HttpServer2 (HttpServer2.java:bindListener(1191)) - Jetty bound to port 39885
2019-06-14 12:59:33,697 INFO  server.Server (Server.java:doStart(351)) - jetty-9.3.24.v20180605, build timestamp: 2018-06-05T17:11:56Z, git hash: 84205aa28f11a4f31f2a3b86d1bba2cc8ab69827
2019-06-14 12:59:33,699 INFO  handler.ContextHandler (ContextHandler.java:doStart(781)) - Started o.e.j.s.ServletContextHandler@45ec1ea{/logs,file:///opt/src/hadoop-ozone/integration-test/target/log,AVAILABLE}
2019-06-14 12:59:33,699 INFO  handler.ContextHandler (ContextHandler.java:doStart(781)) - Started o.e.j.s.ServletContextHandler@15608419{/static,jar:file:/root/.m2/repository/org/apache/hadoop/hadoop-hdds-container-service/0.5.0-SNAPSHOT/hadoop-hdds-container-service-0.5.0-SNAPSHOT.jar!/webapps/static,AVAILABLE}
2019-06-14 12:59:33,725 INFO  handler.ContextHandler (ContextHandler.java:doStart(781)) - Started o.e.j.w.WebAppContext@5234e33b{/,file:///tmp/jetty-0.0.0.0-39885-hddsDatanode-_-any-6569533279001019466.dir/webapp/,AVAILABLE}{/hddsDatanode}
2019-06-14 12:59:33,725 INFO  server.AbstractConnector (AbstractConnector.java:doStart(278)) - Started ServerConnector@826d798{HTTP/1.1,[http/1.1]}{0.0.0.0:39885}
2019-06-14 12:59:33,725 INFO  server.Server (Server.java:doStart(419)) - Started @12315ms
2019-06-14 12:59:33,758 INFO  server.BaseHttpServer (BaseHttpServer.java:updateConnectorAddress(207)) - HTTP server of HDDSDATANODE is listening at http://0.0.0.0:39885
2019-06-14 12:59:33,891 INFO  ozone.HddsDatanodeService (HddsDatanodeService.java:startPlugins(396)) - Started plug-in org.apache.hadoop.ozone.web.OzoneHddsDatanodeService@1122325
2019-06-14 12:59:33,892 INFO  ozone.MiniOzoneClusterImpl (MiniOzoneClusterImpl.java:lambda$waitForClusterToBeReady$0(142)) - Waiting for cluster to be ready. Got 0 of 1 DN Heartbeats.
2019-06-14 12:59:33,897 INFO  util.JvmPauseMonitor (JvmPauseMonitor.java:run(188)) - Starting JVM pause monitor
2019-06-14 12:59:33,899 INFO  datanode.InitDatanodeState (InitDatanodeState.java:persistContainerDatanodeDetails(140)) - DatanodeDetails is persisted to /opt/src/hadoop-ozone/integration-test/target/test-dir/MiniOzoneClusterImpl-8c5fde74-8b92-44fb-8ce7-0a4679e426eb/datanode-0/meta/datanode.id
2019-06-14 12:59:34,389 INFO  background.BlockDeletingService (BlockDeletingService.java:getTasks(123)) - Plan to choose 10 containers for block deletion, actually returns 5 valid containers.
2019-06-14 12:59:34,390 ERROR utils.ContainerCache (ContainerCache.java:getDB(137)) - Error opening DB. Container:1 ContainerPath:/opt/src/hadoop-ozone/integration-test/target/test-dir/MiniOzoneClusterImpl-43bfb4d4-2269-420d-a125-23ae713bb82d/datanode-0/data/containers/hdds/fcb9d5d5-7702-414d-85b0-d4d64dd4d07a/current/containerDir0/1/metadata/1-dn-container.db
java.io.IOException: Failed init RocksDB, db path : /opt/src/hadoop-ozone/integration-test/target/test-dir/MiniOzoneClusterImpl-43bfb4d4-2269-420d-a125-23ae713bb82d/datanode-0/data/containers/hdds/fcb9d5d5-7702-414d-85b0-d4d64dd4d07a/current/containerDir0/1/metadata/1-dn-container.db
	at org.apache.hadoop.utils.RocksDBStore.<init>(RocksDBStore.java:87)
	at org.apache.hadoop.utils.MetadataStoreBuilder.build(MetadataStoreBuilder.java:137)
	at org.apache.hadoop.ozone.container.common.utils.ContainerCache.getDB(ContainerCache.java:129)
	at org.apache.hadoop.ozone.container.keyvalue.helpers.BlockUtils.getDB(BlockUtils.java:77)
	at org.apache.hadoop.ozone.container.keyvalue.statemachine.background.BlockDeletingService$BlockDeletingTask.call(BlockDeletingService.java:188)
	at org.apache.hadoop.ozone.container.keyvalue.statemachine.background.BlockDeletingService$BlockDeletingTask.call(BlockDeletingService.java:172)
	at java.util.concurrent.FutureTask.run(FutureTask.java:266)
	at java.util.concurrent.Executors$RunnableAdapter.call(Executors.java:511)
	at java.util.concurrent.FutureTask.run(FutureTask.java:266)
	at java.util.concurrent.Executors$RunnableAdapter.call(Executors.java:511)
	at java.util.concurrent.FutureTask.run(FutureTask.java:266)
	at java.util.concurrent.ScheduledThreadPoolExecutor$ScheduledFutureTask.access$201(ScheduledThreadPoolExecutor.java:180)
	at java.util.concurrent.ScheduledThreadPoolExecutor$ScheduledFutureTask.run(ScheduledThreadPoolExecutor.java:293)
	at java.util.concurrent.ThreadPoolExecutor.runWorker(ThreadPoolExecutor.java:1149)
	at java.util.concurrent.ThreadPoolExecutor$Worker.run(ThreadPoolExecutor.java:624)
	at java.lang.Thread.run(Thread.java:748)
Caused by: org.rocksdb.RocksDBException: While mkdir if missing: /opt/src/hadoop-ozone/integration-test/target/test-dir/MiniOzoneClusterImpl-43bfb4d4-2269-420d-a125-23ae713bb82d/datanode-0/data/containers/hdds/fcb9d5d5-7702-414d-85b0-d4d64dd4d07a/current/containerDir0/1/metadata/1-dn-container.db: No such file or directory
	at org.rocksdb.RocksDB.open(Native Method)
	at org.rocksdb.RocksDB.open(RocksDB.java:231)
	at org.apache.hadoop.utils.RocksDBStore.<init>(RocksDBStore.java:71)
	... 15 more
2019-06-14 12:59:34,391 ERROR utils.ContainerCache (ContainerCache.java:getDB(137)) - Error opening DB. Container:5 ContainerPath:/opt/src/hadoop-ozone/integration-test/target/test-dir/MiniOzoneClusterImpl-43bfb4d4-2269-420d-a125-23ae713bb82d/datanode-0/data/containers/hdds/fcb9d5d5-7702-414d-85b0-d4d64dd4d07a/current/containerDir0/5/metadata/5-dn-container.db
java.io.IOException: Failed init RocksDB, db path : /opt/src/hadoop-ozone/integration-test/target/test-dir/MiniOzoneClusterImpl-43bfb4d4-2269-420d-a125-23ae713bb82d/datanode-0/data/containers/hdds/fcb9d5d5-7702-414d-85b0-d4d64dd4d07a/current/containerDir0/5/metadata/5-dn-container.db
	at org.apache.hadoop.utils.RocksDBStore.<init>(RocksDBStore.java:87)
	at org.apache.hadoop.utils.MetadataStoreBuilder.build(MetadataStoreBuilder.java:137)
	at org.apache.hadoop.ozone.container.common.utils.ContainerCache.getDB(ContainerCache.java:129)
	at org.apache.hadoop.ozone.container.keyvalue.helpers.BlockUtils.getDB(BlockUtils.java:77)
	at org.apache.hadoop.ozone.container.keyvalue.statemachine.background.BlockDeletingService$BlockDeletingTask.call(BlockDeletingService.java:188)
	at org.apache.hadoop.ozone.container.keyvalue.statemachine.background.BlockDeletingService$BlockDeletingTask.call(BlockDeletingService.java:172)
	at java.util.concurrent.FutureTask.run(FutureTask.java:266)
	at java.util.concurrent.Executors$RunnableAdapter.call(Executors.java:511)
	at java.util.concurrent.FutureTask.run(FutureTask.java:266)
	at java.util.concurrent.Executors$RunnableAdapter.call(Executors.java:511)
	at java.util.concurrent.FutureTask.run(FutureTask.java:266)
	at java.util.concurrent.ScheduledThreadPoolExecutor$ScheduledFutureTask.access$201(ScheduledThreadPoolExecutor.java:180)
	at java.util.concurrent.ScheduledThreadPoolExecutor$ScheduledFutureTask.run(ScheduledThreadPoolExecutor.java:293)
	at java.util.concurrent.ThreadPoolExecutor.runWorker(ThreadPoolExecutor.java:1149)
	at java.util.concurrent.ThreadPoolExecutor$Worker.run(ThreadPoolExecutor.java:624)
	at java.lang.Thread.run(Thread.java:748)
Caused by: org.rocksdb.RocksDBException: While mkdir if missing: /opt/src/hadoop-ozone/integration-test/target/test-dir/MiniOzoneClusterImpl-43bfb4d4-2269-420d-a125-23ae713bb82d/datanode-0/data/containers/hdds/fcb9d5d5-7702-414d-85b0-d4d64dd4d07a/current/containerDir0/5/metadata/5-dn-container.db: No such file or directory
	at org.rocksdb.RocksDB.open(Native Method)
	at org.rocksdb.RocksDB.open(RocksDB.java:231)
	at org.apache.hadoop.utils.RocksDBStore.<init>(RocksDBStore.java:71)
	... 15 more
2019-06-14 12:59:34,391 WARN  utils.BackgroundService (BackgroundService.java:lambda$run$0(135)) - Background task fails to execute, retrying in next interval
java.util.concurrent.ExecutionException: org.apache.hadoop.hdds.scm.container.common.helpers.StorageContainerException: Error opening DB. Container:5 ContainerPath:/opt/src/hadoop-ozone/integration-test/target/test-dir/MiniOzoneClusterImpl-43bfb4d4-2269-420d-a125-23ae713bb82d/datanode-0/data/containers/hdds/fcb9d5d5-7702-414d-85b0-d4d64dd4d07a/current/containerDir0/5/metadata/5-dn-container.db
	at java.util.concurrent.FutureTask.report(FutureTask.java:122)
	at java.util.concurrent.FutureTask.get(FutureTask.java:206)
	at org.apache.hadoop.utils.BackgroundService$PeriodicalTask.lambda$run$0(BackgroundService.java:129)
	at java.util.stream.ForEachOps$ForEachOp$OfRef.accept(ForEachOps.java:184)
	at java.util.ArrayList$ArrayListSpliterator.forEachRemaining(ArrayList.java:1382)
	at java.util.stream.AbstractPipeline.copyInto(AbstractPipeline.java:482)
	at java.util.stream.ForEachOps$ForEachTask.compute(ForEachOps.java:291)
	at java.util.concurrent.CountedCompleter.exec(CountedCompleter.java:731)
	at java.util.concurrent.ForkJoinTask.doExec(ForkJoinTask.java:289)
	at java.util.concurrent.ForkJoinPool$WorkQueue.runTask(ForkJoinPool.java:1056)
	at java.util.concurrent.ForkJoinPool.runWorker(ForkJoinPool.java:1692)
	at java.util.concurrent.ForkJoinWorkerThread.run(ForkJoinWorkerThread.java:157)
Caused by: org.apache.hadoop.hdds.scm.container.common.helpers.StorageContainerException: Error opening DB. Container:5 ContainerPath:/opt/src/hadoop-ozone/integration-test/target/test-dir/MiniOzoneClusterImpl-43bfb4d4-2269-420d-a125-23ae713bb82d/datanode-0/data/containers/hdds/fcb9d5d5-7702-414d-85b0-d4d64dd4d07a/current/containerDir0/5/metadata/5-dn-container.db
	at org.apache.hadoop.ozone.container.keyvalue.helpers.BlockUtils.getDB(BlockUtils.java:84)
	at org.apache.hadoop.ozone.container.keyvalue.statemachine.background.BlockDeletingService$BlockDeletingTask.call(BlockDeletingService.java:188)
	at org.apache.hadoop.ozone.container.keyvalue.statemachine.background.BlockDeletingService$BlockDeletingTask.call(BlockDeletingService.java:172)
	at java.util.concurrent.FutureTask.run(FutureTask.java:266)
	at java.util.concurrent.Executors$RunnableAdapter.call(Executors.java:511)
	at java.util.concurrent.FutureTask.run(FutureTask.java:266)
	at java.util.concurrent.Executors$RunnableAdapter.call(Executors.java:511)
	at java.util.concurrent.FutureTask.run(FutureTask.java:266)
	at java.util.concurrent.ScheduledThreadPoolExecutor$ScheduledFutureTask.access$201(ScheduledThreadPoolExecutor.java:180)
	at java.util.concurrent.ScheduledThreadPoolExecutor$ScheduledFutureTask.run(ScheduledThreadPoolExecutor.java:293)
	at java.util.concurrent.ThreadPoolExecutor.runWorker(ThreadPoolExecutor.java:1149)
	at java.util.concurrent.ThreadPoolExecutor$Worker.run(ThreadPoolExecutor.java:624)
	at java.lang.Thread.run(Thread.java:748)
2019-06-14 12:59:34,392 WARN  utils.BackgroundService (BackgroundService.java:lambda$run$0(135)) - Background task fails to execute, retrying in next interval
java.util.concurrent.ExecutionException: org.apache.hadoop.hdds.scm.container.common.helpers.StorageContainerException: Error opening DB. Container:1 ContainerPath:/opt/src/hadoop-ozone/integration-test/target/test-dir/MiniOzoneClusterImpl-43bfb4d4-2269-420d-a125-23ae713bb82d/datanode-0/data/containers/hdds/fcb9d5d5-7702-414d-85b0-d4d64dd4d07a/current/containerDir0/1/metadata/1-dn-container.db
	at java.util.concurrent.FutureTask.report(FutureTask.java:122)
	at java.util.concurrent.FutureTask.get(FutureTask.java:206)
	at org.apache.hadoop.utils.BackgroundService$PeriodicalTask.lambda$run$0(BackgroundService.java:129)
	at java.util.stream.ForEachOps$ForEachOp$OfRef.accept(ForEachOps.java:184)
	at java.util.ArrayList$ArrayListSpliterator.forEachRemaining(ArrayList.java:1382)
	at java.util.stream.AbstractPipeline.copyInto(AbstractPipeline.java:482)
	at java.util.stream.ForEachOps$ForEachTask.compute(ForEachOps.java:291)
	at java.util.concurrent.CountedCompleter.exec(CountedCompleter.java:731)
	at java.util.concurrent.ForkJoinTask.doExec(ForkJoinTask.java:289)
	at java.util.concurrent.ForkJoinPool$WorkQueue.execLocalTasks(ForkJoinPool.java:1040)
	at java.util.concurrent.ForkJoinPool$WorkQueue.runTask(ForkJoinPool.java:1058)
	at java.util.concurrent.ForkJoinPool.runWorker(ForkJoinPool.java:1692)
	at java.util.concurrent.ForkJoinWorkerThread.run(ForkJoinWorkerThread.java:157)
Caused by: org.apache.hadoop.hdds.scm.container.common.helpers.StorageContainerException: Error opening DB. Container:1 ContainerPath:/opt/src/hadoop-ozone/integration-test/target/test-dir/MiniOzoneClusterImpl-43bfb4d4-2269-420d-a125-23ae713bb82d/datanode-0/data/containers/hdds/fcb9d5d5-7702-414d-85b0-d4d64dd4d07a/current/containerDir0/1/metadata/1-dn-container.db
	at org.apache.hadoop.ozone.container.keyvalue.helpers.BlockUtils.getDB(BlockUtils.java:84)
	at org.apache.hadoop.ozone.container.keyvalue.statemachine.background.BlockDeletingService$BlockDeletingTask.call(BlockDeletingService.java:188)
	at org.apache.hadoop.ozone.container.keyvalue.statemachine.background.BlockDeletingService$BlockDeletingTask.call(BlockDeletingService.java:172)
	at java.util.concurrent.FutureTask.run(FutureTask.java:266)
	at java.util.concurrent.Executors$RunnableAdapter.call(Executors.java:511)
	at java.util.concurrent.FutureTask.run(FutureTask.java:266)
	at java.util.concurrent.Executors$RunnableAdapter.call(Executors.java:511)
	at java.util.concurrent.FutureTask.run(FutureTask.java:266)
	at java.util.concurrent.ScheduledThreadPoolExecutor$ScheduledFutureTask.access$201(ScheduledThreadPoolExecutor.java:180)
	at java.util.concurrent.ScheduledThreadPoolExecutor$ScheduledFutureTask.run(ScheduledThreadPoolExecutor.java:293)
	at java.util.concurrent.ThreadPoolExecutor.runWorker(ThreadPoolExecutor.java:1149)
	at java.util.concurrent.ThreadPoolExecutor$Worker.run(ThreadPoolExecutor.java:624)
	at java.lang.Thread.run(Thread.java:748)
2019-06-14 12:59:34,391 ERROR utils.ContainerCache (ContainerCache.java:getDB(137)) - Error opening DB. Container:4 ContainerPath:/opt/src/hadoop-ozone/integration-test/target/test-dir/MiniOzoneClusterImpl-43bfb4d4-2269-420d-a125-23ae713bb82d/datanode-0/data/containers/hdds/fcb9d5d5-7702-414d-85b0-d4d64dd4d07a/current/containerDir0/4/metadata/4-dn-container.db
java.io.IOException: Failed init RocksDB, db path : /opt/src/hadoop-ozone/integration-test/target/test-dir/MiniOzoneClusterImpl-43bfb4d4-2269-420d-a125-23ae713bb82d/datanode-0/data/containers/hdds/fcb9d5d5-7702-414d-85b0-d4d64dd4d07a/current/containerDir0/4/metadata/4-dn-container.db
	at org.apache.hadoop.utils.RocksDBStore.<init>(RocksDBStore.java:87)
	at org.apache.hadoop.utils.MetadataStoreBuilder.build(MetadataStoreBuilder.java:137)
	at org.apache.hadoop.ozone.container.common.utils.ContainerCache.getDB(ContainerCache.java:129)
	at org.apache.hadoop.ozone.container.keyvalue.helpers.BlockUtils.getDB(BlockUtils.java:77)
	at org.apache.hadoop.ozone.container.keyvalue.statemachine.background.BlockDeletingService$BlockDeletingTask.call(BlockDeletingService.java:188)
	at org.apache.hadoop.ozone.container.keyvalue.statemachine.background.BlockDeletingService$BlockDeletingTask.call(BlockDeletingService.java:172)
	at java.util.concurrent.FutureTask.run(FutureTask.java:266)
	at java.util.concurrent.Executors$RunnableAdapter.call(Executors.java:511)
	at java.util.concurrent.FutureTask.run(FutureTask.java:266)
	at java.util.concurrent.Executors$RunnableAdapter.call(Executors.java:511)
	at java.util.concurrent.FutureTask.run(FutureTask.java:266)
	at java.util.concurrent.ScheduledThreadPoolExecutor$ScheduledFutureTask.access$201(ScheduledThreadPoolExecutor.java:180)
	at java.util.concurrent.ScheduledThreadPoolExecutor$ScheduledFutureTask.run(ScheduledThreadPoolExecutor.java:293)
	at java.util.concurrent.ThreadPoolExecutor.runWorker(ThreadPoolExecutor.java:1149)
	at java.util.concurrent.ThreadPoolExecutor$Worker.run(ThreadPoolExecutor.java:624)
	at java.lang.Thread.run(Thread.java:748)
Caused by: org.rocksdb.RocksDBException: While mkdir if missing: /opt/src/hadoop-ozone/integration-test/target/test-dir/MiniOzoneClusterImpl-43bfb4d4-2269-420d-a125-23ae713bb82d/datanode-0/data/containers/hdds/fcb9d5d5-7702-414d-85b0-d4d64dd4d07a/current/containerDir0/4/metadata/4-dn-container.db: No such file or directory
	at org.rocksdb.RocksDB.open(Native Method)
	at org.rocksdb.RocksDB.open(RocksDB.java:231)
	at org.apache.hadoop.utils.RocksDBStore.<init>(RocksDBStore.java:71)
	... 15 more
2019-06-14 12:59:34,393 WARN  utils.BackgroundService (BackgroundService.java:lambda$run$0(135)) - Background task fails to execute, retrying in next interval
java.util.concurrent.ExecutionException: org.apache.hadoop.hdds.scm.container.common.helpers.StorageContainerException: Error opening DB. Container:4 ContainerPath:/opt/src/hadoop-ozone/integration-test/target/test-dir/MiniOzoneClusterImpl-43bfb4d4-2269-420d-a125-23ae713bb82d/datanode-0/data/containers/hdds/fcb9d5d5-7702-414d-85b0-d4d64dd4d07a/current/containerDir0/4/metadata/4-dn-container.db
	at java.util.concurrent.FutureTask.report(FutureTask.java:122)
	at java.util.concurrent.FutureTask.get(FutureTask.java:206)
	at org.apache.hadoop.utils.BackgroundService$PeriodicalTask.lambda$run$0(BackgroundService.java:129)
	at java.util.stream.ForEachOps$ForEachOp$OfRef.accept(ForEachOps.java:184)
	at java.util.ArrayList$ArrayListSpliterator.forEachRemaining(ArrayList.java:1382)
	at java.util.stream.AbstractPipeline.copyInto(AbstractPipeline.java:482)
	at java.util.stream.ForEachOps$ForEachTask.compute(ForEachOps.java:291)
	at java.util.concurrent.CountedCompleter.exec(CountedCompleter.java:731)
	at java.util.concurrent.ForkJoinTask.doExec(ForkJoinTask.java:289)
	at java.util.concurrent.ForkJoinTask.doInvoke(ForkJoinTask.java:401)
	at java.util.concurrent.ForkJoinTask.invoke(ForkJoinTask.java:734)
	at java.util.stream.ForEachOps$ForEachOp.evaluateParallel(ForEachOps.java:160)
	at java.util.stream.ForEachOps$ForEachOp$OfRef.evaluateParallel(ForEachOps.java:174)
	at java.util.stream.AbstractPipeline.evaluate(AbstractPipeline.java:233)
	at java.util.stream.ReferencePipeline.forEach(ReferencePipeline.java:418)
	at java.util.stream.ReferencePipeline$Head.forEach(ReferencePipeline.java:583)
	at org.apache.hadoop.utils.BackgroundService$PeriodicalTask.run(BackgroundService.java:125)
	at java.util.concurrent.Executors$RunnableAdapter.call(Executors.java:511)
	at java.util.concurrent.FutureTask.runAndReset(FutureTask.java:308)
	at java.util.concurrent.ScheduledThreadPoolExecutor$ScheduledFutureTask.access$301(ScheduledThreadPoolExecutor.java:180)
	at java.util.concurrent.ScheduledThreadPoolExecutor$ScheduledFutureTask.run(ScheduledThreadPoolExecutor.java:294)
	at java.util.concurrent.ThreadPoolExecutor.runWorker(ThreadPoolExecutor.java:1149)
	at java.util.concurrent.ThreadPoolExecutor$Worker.run(ThreadPoolExecutor.java:624)
	at java.lang.Thread.run(Thread.java:748)
Caused by: org.apache.hadoop.hdds.scm.container.common.helpers.StorageContainerException: Error opening DB. Container:4 ContainerPath:/opt/src/hadoop-ozone/integration-test/target/test-dir/MiniOzoneClusterImpl-43bfb4d4-2269-420d-a125-23ae713bb82d/datanode-0/data/containers/hdds/fcb9d5d5-7702-414d-85b0-d4d64dd4d07a/current/containerDir0/4/metadata/4-dn-container.db
	at org.apache.hadoop.ozone.container.keyvalue.helpers.BlockUtils.getDB(BlockUtils.java:84)
	at org.apache.hadoop.ozone.container.keyvalue.statemachine.background.BlockDeletingService$BlockDeletingTask.call(BlockDeletingService.java:188)
	at org.apache.hadoop.ozone.container.keyvalue.statemachine.background.BlockDeletingService$BlockDeletingTask.call(BlockDeletingService.java:172)
	at java.util.concurrent.FutureTask.run(FutureTask.java:266)
	at java.util.concurrent.Executors$RunnableAdapter.call(Executors.java:511)
	at java.util.concurrent.FutureTask.run(FutureTask.java:266)
	at java.util.concurrent.Executors$RunnableAdapter.call(Executors.java:511)
	at java.util.concurrent.FutureTask.run(FutureTask.java:266)
	at java.util.concurrent.ScheduledThreadPoolExecutor$ScheduledFutureTask.access$201(ScheduledThreadPoolExecutor.java:180)
	at java.util.concurrent.ScheduledThreadPoolExecutor$ScheduledFutureTask.run(ScheduledThreadPoolExecutor.java:293)
	... 3 more
2019-06-14 12:59:34,393 ERROR utils.ContainerCache (ContainerCache.java:getDB(137)) - Error opening DB. Container:3 ContainerPath:/opt/src/hadoop-ozone/integration-test/target/test-dir/MiniOzoneClusterImpl-43bfb4d4-2269-420d-a125-23ae713bb82d/datanode-0/data/containers/hdds/fcb9d5d5-7702-414d-85b0-d4d64dd4d07a/current/containerDir0/3/metadata/3-dn-container.db
java.io.IOException: Failed init RocksDB, db path : /opt/src/hadoop-ozone/integration-test/target/test-dir/MiniOzoneClusterImpl-43bfb4d4-2269-420d-a125-23ae713bb82d/datanode-0/data/containers/hdds/fcb9d5d5-7702-414d-85b0-d4d64dd4d07a/current/containerDir0/3/metadata/3-dn-container.db
	at org.apache.hadoop.utils.RocksDBStore.<init>(RocksDBStore.java:87)
	at org.apache.hadoop.utils.MetadataStoreBuilder.build(MetadataStoreBuilder.java:137)
	at org.apache.hadoop.ozone.container.common.utils.ContainerCache.getDB(ContainerCache.java:129)
	at org.apache.hadoop.ozone.container.keyvalue.helpers.BlockUtils.getDB(BlockUtils.java:77)
	at org.apache.hadoop.ozone.container.keyvalue.statemachine.background.BlockDeletingService$BlockDeletingTask.call(BlockDeletingService.java:188)
	at org.apache.hadoop.ozone.container.keyvalue.statemachine.background.BlockDeletingService$BlockDeletingTask.call(BlockDeletingService.java:172)
	at java.util.concurrent.FutureTask.run(FutureTask.java:266)
	at java.util.concurrent.Executors$RunnableAdapter.call(Executors.java:511)
	at java.util.concurrent.FutureTask.run(FutureTask.java:266)
	at java.util.concurrent.Executors$RunnableAdapter.call(Executors.java:511)
	at java.util.concurrent.FutureTask.run(FutureTask.java:266)
	at java.util.concurrent.ScheduledThreadPoolExecutor$ScheduledFutureTask.access$201(ScheduledThreadPoolExecutor.java:180)
	at java.util.concurrent.ScheduledThreadPoolExecutor$ScheduledFutureTask.run(ScheduledThreadPoolExecutor.java:293)
	at java.util.concurrent.ThreadPoolExecutor.runWorker(ThreadPoolExecutor.java:1149)
	at java.util.concurrent.ThreadPoolExecutor$Worker.run(ThreadPoolExecutor.java:624)
	at java.lang.Thread.run(Thread.java:748)
Caused by: org.rocksdb.RocksDBException: While mkdir if missing: /opt/src/hadoop-ozone/integration-test/target/test-dir/MiniOzoneClusterImpl-43bfb4d4-2269-420d-a125-23ae713bb82d/datanode-0/data/containers/hdds/fcb9d5d5-7702-414d-85b0-d4d64dd4d07a/current/containerDir0/3/metadata/3-dn-container.db: No such file or directory
	at org.rocksdb.RocksDB.open(Native Method)
	at org.rocksdb.RocksDB.open(RocksDB.java:231)
	at org.apache.hadoop.utils.RocksDBStore.<init>(RocksDBStore.java:71)
	... 15 more
2019-06-14 12:59:34,394 WARN  utils.BackgroundService (BackgroundService.java:lambda$run$0(135)) - Background task fails to execute, retrying in next interval
java.util.concurrent.ExecutionException: org.apache.hadoop.hdds.scm.container.common.helpers.StorageContainerException: Error opening DB. Container:3 ContainerPath:/opt/src/hadoop-ozone/integration-test/target/test-dir/MiniOzoneClusterImpl-43bfb4d4-2269-420d-a125-23ae713bb82d/datanode-0/data/containers/hdds/fcb9d5d5-7702-414d-85b0-d4d64dd4d07a/current/containerDir0/3/metadata/3-dn-container.db
	at java.util.concurrent.FutureTask.report(FutureTask.java:122)
	at java.util.concurrent.FutureTask.get(FutureTask.java:206)
	at org.apache.hadoop.utils.BackgroundService$PeriodicalTask.lambda$run$0(BackgroundService.java:129)
	at java.util.stream.ForEachOps$ForEachOp$OfRef.accept(ForEachOps.java:184)
	at java.util.ArrayList$ArrayListSpliterator.forEachRemaining(ArrayList.java:1382)
	at java.util.stream.AbstractPipeline.copyInto(AbstractPipeline.java:482)
	at java.util.stream.ForEachOps$ForEachTask.compute(ForEachOps.java:291)
	at java.util.concurrent.CountedCompleter.exec(CountedCompleter.java:731)
	at java.util.concurrent.ForkJoinTask.doExec(ForkJoinTask.java:289)
	at java.util.concurrent.ForkJoinPool$WorkQueue.pollAndExecCC(ForkJoinPool.java:1190)
	at java.util.concurrent.ForkJoinPool.helpComplete(ForkJoinPool.java:1879)
	at java.util.concurrent.ForkJoinPool.externalHelpComplete(ForkJoinPool.java:2467)
	at java.util.concurrent.ForkJoinTask.externalAwaitDone(ForkJoinTask.java:324)
	at java.util.concurrent.ForkJoinTask.doInvoke(ForkJoinTask.java:405)
	at java.util.concurrent.ForkJoinTask.invoke(ForkJoinTask.java:734)
	at java.util.stream.ForEachOps$ForEachOp.evaluateParallel(ForEachOps.java:160)
	at java.util.stream.ForEachOps$ForEachOp$OfRef.evaluateParallel(ForEachOps.java:174)
	at java.util.stream.AbstractPipeline.evaluate(AbstractPipeline.java:233)
	at java.util.stream.ReferencePipeline.forEach(ReferencePipeline.java:418)
	at java.util.stream.ReferencePipeline$Head.forEach(ReferencePipeline.java:583)
	at org.apache.hadoop.utils.BackgroundService$PeriodicalTask.run(BackgroundService.java:125)
	at java.util.concurrent.Executors$RunnableAdapter.call(Executors.java:511)
	at java.util.concurrent.FutureTask.runAndReset(FutureTask.java:308)
	at java.util.concurrent.ScheduledThreadPoolExecutor$ScheduledFutureTask.access$301(ScheduledThreadPoolExecutor.java:180)
	at java.util.concurrent.ScheduledThreadPoolExecutor$ScheduledFutureTask.run(ScheduledThreadPoolExecutor.java:294)
	at java.util.concurrent.ThreadPoolExecutor.runWorker(ThreadPoolExecutor.java:1149)
	at java.util.concurrent.ThreadPoolExecutor$Worker.run(ThreadPoolExecutor.java:624)
	at java.lang.Thread.run(Thread.java:748)
Caused by: org.apache.hadoop.hdds.scm.container.common.helpers.StorageContainerException: Error opening DB. Container:3 ContainerPath:/opt/src/hadoop-ozone/integration-test/target/test-dir/MiniOzoneClusterImpl-43bfb4d4-2269-420d-a125-23ae713bb82d/datanode-0/data/containers/hdds/fcb9d5d5-7702-414d-85b0-d4d64dd4d07a/current/containerDir0/3/metadata/3-dn-container.db
	at org.apache.hadoop.ozone.container.keyvalue.helpers.BlockUtils.getDB(BlockUtils.java:84)
	at org.apache.hadoop.ozone.container.keyvalue.statemachine.background.BlockDeletingService$BlockDeletingTask.call(BlockDeletingService.java:188)
	at org.apache.hadoop.ozone.container.keyvalue.statemachine.background.BlockDeletingService$BlockDeletingTask.call(BlockDeletingService.java:172)
	at java.util.concurrent.FutureTask.run(FutureTask.java:266)
	at java.util.concurrent.Executors$RunnableAdapter.call(Executors.java:511)
	at java.util.concurrent.FutureTask.run(FutureTask.java:266)
	at java.util.concurrent.Executors$RunnableAdapter.call(Executors.java:511)
	at java.util.concurrent.FutureTask.run(FutureTask.java:266)
	at java.util.concurrent.ScheduledThreadPoolExecutor$ScheduledFutureTask.access$201(ScheduledThreadPoolExecutor.java:180)
	at java.util.concurrent.ScheduledThreadPoolExecutor$ScheduledFutureTask.run(ScheduledThreadPoolExecutor.java:293)
	... 3 more
2019-06-14 12:59:34,394 ERROR utils.ContainerCache (ContainerCache.java:getDB(137)) - Error opening DB. Container:2 ContainerPath:/opt/src/hadoop-ozone/integration-test/target/test-dir/MiniOzoneClusterImpl-43bfb4d4-2269-420d-a125-23ae713bb82d/datanode-0/data/containers/hdds/fcb9d5d5-7702-414d-85b0-d4d64dd4d07a/current/containerDir0/2/metadata/2-dn-container.db
java.io.IOException: Failed init RocksDB, db path : /opt/src/hadoop-ozone/integration-test/target/test-dir/MiniOzoneClusterImpl-43bfb4d4-2269-420d-a125-23ae713bb82d/datanode-0/data/containers/hdds/fcb9d5d5-7702-414d-85b0-d4d64dd4d07a/current/containerDir0/2/metadata/2-dn-container.db
	at org.apache.hadoop.utils.RocksDBStore.<init>(RocksDBStore.java:87)
	at org.apache.hadoop.utils.MetadataStoreBuilder.build(MetadataStoreBuilder.java:137)
	at org.apache.hadoop.ozone.container.common.utils.ContainerCache.getDB(ContainerCache.java:129)
	at org.apache.hadoop.ozone.container.keyvalue.helpers.BlockUtils.getDB(BlockUtils.java:77)
	at org.apache.hadoop.ozone.container.keyvalue.statemachine.background.BlockDeletingService$BlockDeletingTask.call(BlockDeletingService.java:188)
	at org.apache.hadoop.ozone.container.keyvalue.statemachine.background.BlockDeletingService$BlockDeletingTask.call(BlockDeletingService.java:172)
	at java.util.concurrent.FutureTask.run(FutureTask.java:266)
	at java.util.concurrent.Executors$RunnableAdapter.call(Executors.java:511)
	at java.util.concurrent.FutureTask.run(FutureTask.java:266)
	at java.util.concurrent.Executors$RunnableAdapter.call(Executors.java:511)
	at java.util.concurrent.FutureTask.run(FutureTask.java:266)
	at java.util.concurrent.ScheduledThreadPoolExecutor$ScheduledFutureTask.access$201(ScheduledThreadPoolExecutor.java:180)
	at java.util.concurrent.ScheduledThreadPoolExecutor$ScheduledFutureTask.run(ScheduledThreadPoolExecutor.java:293)
	at java.util.concurrent.ThreadPoolExecutor.runWorker(ThreadPoolExecutor.java:1149)
	at java.util.concurrent.ThreadPoolExecutor$Worker.run(ThreadPoolExecutor.java:624)
	at java.lang.Thread.run(Thread.java:748)
Caused by: org.rocksdb.RocksDBException: While mkdir if missing: /opt/src/hadoop-ozone/integration-test/target/test-dir/MiniOzoneClusterImpl-43bfb4d4-2269-420d-a125-23ae713bb82d/datanode-0/data/containers/hdds/fcb9d5d5-7702-414d-85b0-d4d64dd4d07a/current/containerDir0/2/metadata/2-dn-container.db: No such file or directory
	at org.rocksdb.RocksDB.open(Native Method)
	at org.rocksdb.RocksDB.open(RocksDB.java:231)
	at org.apache.hadoop.utils.RocksDBStore.<init>(RocksDBStore.java:71)
	... 15 more
2019-06-14 12:59:34,395 WARN  utils.BackgroundService (BackgroundService.java:lambda$run$0(135)) - Background task fails to execute, retrying in next interval
java.util.concurrent.ExecutionException: org.apache.hadoop.hdds.scm.container.common.helpers.StorageContainerException: Error opening DB. Container:2 ContainerPath:/opt/src/hadoop-ozone/integration-test/target/test-dir/MiniOzoneClusterImpl-43bfb4d4-2269-420d-a125-23ae713bb82d/datanode-0/data/containers/hdds/fcb9d5d5-7702-414d-85b0-d4d64dd4d07a/current/containerDir0/2/metadata/2-dn-container.db
	at java.util.concurrent.FutureTask.report(FutureTask.java:122)
	at java.util.concurrent.FutureTask.get(FutureTask.java:206)
	at org.apache.hadoop.utils.BackgroundService$PeriodicalTask.lambda$run$0(BackgroundService.java:129)
	at java.util.stream.ForEachOps$ForEachOp$OfRef.accept(ForEachOps.java:184)
	at java.util.ArrayList$ArrayListSpliterator.forEachRemaining(ArrayList.java:1382)
	at java.util.stream.AbstractPipeline.copyInto(AbstractPipeline.java:482)
	at java.util.stream.ForEachOps$ForEachTask.compute(ForEachOps.java:291)
	at java.util.concurrent.CountedCompleter.exec(CountedCompleter.java:731)
	at java.util.concurrent.ForkJoinTask.doExec(ForkJoinTask.java:289)
	at java.util.concurrent.ForkJoinPool$WorkQueue.runTask(ForkJoinPool.java:1056)
	at java.util.concurrent.ForkJoinPool.runWorker(ForkJoinPool.java:1692)
	at java.util.concurrent.ForkJoinWorkerThread.run(ForkJoinWorkerThread.java:157)
Caused by: org.apache.hadoop.hdds.scm.container.common.helpers.StorageContainerException: Error opening DB. Container:2 ContainerPath:/opt/src/hadoop-ozone/integration-test/target/test-dir/MiniOzoneClusterImpl-43bfb4d4-2269-420d-a125-23ae713bb82d/datanode-0/data/containers/hdds/fcb9d5d5-7702-414d-85b0-d4d64dd4d07a/current/containerDir0/2/metadata/2-dn-container.db
	at org.apache.hadoop.ozone.container.keyvalue.helpers.BlockUtils.getDB(BlockUtils.java:84)
	at org.apache.hadoop.ozone.container.keyvalue.statemachine.background.BlockDeletingService$BlockDeletingTask.call(BlockDeletingService.java:188)
	at org.apache.hadoop.ozone.container.keyvalue.statemachine.background.BlockDeletingService$BlockDeletingTask.call(BlockDeletingService.java:172)
	at java.util.concurrent.FutureTask.run(FutureTask.java:266)
	at java.util.concurrent.Executors$RunnableAdapter.call(Executors.java:511)
	at java.util.concurrent.FutureTask.run(FutureTask.java:266)
	at java.util.concurrent.Executors$RunnableAdapter.call(Executors.java:511)
	at java.util.concurrent.FutureTask.run(FutureTask.java:266)
	at java.util.concurrent.ScheduledThreadPoolExecutor$ScheduledFutureTask.access$201(ScheduledThreadPoolExecutor.java:180)
	at java.util.concurrent.ScheduledThreadPoolExecutor$ScheduledFutureTask.run(ScheduledThreadPoolExecutor.java:293)
	at java.util.concurrent.ThreadPoolExecutor.runWorker(ThreadPoolExecutor.java:1149)
	at java.util.concurrent.ThreadPoolExecutor$Worker.run(ThreadPoolExecutor.java:624)
	at java.lang.Thread.run(Thread.java:748)
2019-06-14 12:59:34,892 INFO  ozone.MiniOzoneClusterImpl (MiniOzoneClusterImpl.java:lambda$waitForClusterToBeReady$0(142)) - Waiting for cluster to be ready. Got 0 of 1 DN Heartbeats.
2019-06-14 12:59:35,396 INFO  background.BlockDeletingService (BlockDeletingService.java:getTasks(123)) - Plan to choose 10 containers for block deletion, actually returns 5 valid containers.
2019-06-14 12:59:35,396 ERROR utils.ContainerCache (ContainerCache.java:getDB(137)) - Error opening DB. Container:1 ContainerPath:/opt/src/hadoop-ozone/integration-test/target/test-dir/MiniOzoneClusterImpl-43bfb4d4-2269-420d-a125-23ae713bb82d/datanode-0/data/containers/hdds/fcb9d5d5-7702-414d-85b0-d4d64dd4d07a/current/containerDir0/1/metadata/1-dn-container.db
java.io.IOException: Failed init RocksDB, db path : /opt/src/hadoop-ozone/integration-test/target/test-dir/MiniOzoneClusterImpl-43bfb4d4-2269-420d-a125-23ae713bb82d/datanode-0/data/containers/hdds/fcb9d5d5-7702-414d-85b0-d4d64dd4d07a/current/containerDir0/1/metadata/1-dn-container.db
	at org.apache.hadoop.utils.RocksDBStore.<init>(RocksDBStore.java:87)
	at org.apache.hadoop.utils.MetadataStoreBuilder.build(MetadataStoreBuilder.java:137)
	at org.apache.hadoop.ozone.container.common.utils.ContainerCache.getDB(ContainerCache.java:129)
	at org.apache.hadoop.ozone.container.keyvalue.helpers.BlockUtils.getDB(BlockUtils.java:77)
	at org.apache.hadoop.ozone.container.keyvalue.statemachine.background.BlockDeletingService$BlockDeletingTask.call(BlockDeletingService.java:188)
	at org.apache.hadoop.ozone.container.keyvalue.statemachine.background.BlockDeletingService$BlockDeletingTask.call(BlockDeletingService.java:172)
	at java.util.concurrent.FutureTask.run(FutureTask.java:266)
	at java.util.concurrent.Executors$RunnableAdapter.call(Executors.java:511)
	at java.util.concurrent.FutureTask.run(FutureTask.java:266)
	at java.util.concurrent.Executors$RunnableAdapter.call(Executors.java:511)
	at java.util.concurrent.FutureTask.run(FutureTask.java:266)
	at java.util.concurrent.ScheduledThreadPoolExecutor$ScheduledFutureTask.access$201(ScheduledThreadPoolExecutor.java:180)
	at java.util.concurrent.ScheduledThreadPoolExecutor$ScheduledFutureTask.run(ScheduledThreadPoolExecutor.java:293)
	at java.util.concurrent.ThreadPoolExecutor.runWorker(ThreadPoolExecutor.java:1149)
	at java.util.concurrent.ThreadPoolExecutor$Worker.run(ThreadPoolExecutor.java:624)
	at java.lang.Thread.run(Thread.java:748)
Caused by: org.rocksdb.RocksDBException: While mkdir if missing: /opt/src/hadoop-ozone/integration-test/target/test-dir/MiniOzoneClusterImpl-43bfb4d4-2269-420d-a125-23ae713bb82d/datanode-0/data/containers/hdds/fcb9d5d5-7702-414d-85b0-d4d64dd4d07a/current/containerDir0/1/metadata/1-dn-container.db: No such file or directory
	at org.rocksdb.RocksDB.open(Native Method)
	at org.rocksdb.RocksDB.open(RocksDB.java:231)
	at org.apache.hadoop.utils.RocksDBStore.<init>(RocksDBStore.java:71)
	... 15 more
2019-06-14 12:59:35,397 ERROR utils.ContainerCache (ContainerCache.java:getDB(137)) - Error opening DB. Container:5 ContainerPath:/opt/src/hadoop-ozone/integration-test/target/test-dir/MiniOzoneClusterImpl-43bfb4d4-2269-420d-a125-23ae713bb82d/datanode-0/data/containers/hdds/fcb9d5d5-7702-414d-85b0-d4d64dd4d07a/current/containerDir0/5/metadata/5-dn-container.db
java.io.IOException: Failed init RocksDB, db path : /opt/src/hadoop-ozone/integration-test/target/test-dir/MiniOzoneClusterImpl-43bfb4d4-2269-420d-a125-23ae713bb82d/datanode-0/data/containers/hdds/fcb9d5d5-7702-414d-85b0-d4d64dd4d07a/current/containerDir0/5/metadata/5-dn-container.db
	at org.apache.hadoop.utils.RocksDBStore.<init>(RocksDBStore.java:87)
	at org.apache.hadoop.utils.MetadataStoreBuilder.build(MetadataStoreBuilder.java:137)
	at org.apache.hadoop.ozone.container.common.utils.ContainerCache.getDB(ContainerCache.java:129)
	at org.apache.hadoop.ozone.container.keyvalue.helpers.BlockUtils.getDB(BlockUtils.java:77)
	at org.apache.hadoop.ozone.container.keyvalue.statemachine.background.BlockDeletingService$BlockDeletingTask.call(BlockDeletingService.java:188)
	at org.apache.hadoop.ozone.container.keyvalue.statemachine.background.BlockDeletingService$BlockDeletingTask.call(BlockDeletingService.java:172)
	at java.util.concurrent.FutureTask.run(FutureTask.java:266)
	at java.util.concurrent.Executors$RunnableAdapter.call(Executors.java:511)
	at java.util.concurrent.FutureTask.run(FutureTask.java:266)
	at java.util.concurrent.Executors$RunnableAdapter.call(Executors.java:511)
	at java.util.concurrent.FutureTask.run(FutureTask.java:266)
	at java.util.concurrent.ScheduledThreadPoolExecutor$ScheduledFutureTask.access$201(ScheduledThreadPoolExecutor.java:180)
	at java.util.concurrent.ScheduledThreadPoolExecutor$ScheduledFutureTask.run(ScheduledThreadPoolExecutor.java:293)
	at java.util.concurrent.ThreadPoolExecutor.runWorker(ThreadPoolExecutor.java:1149)
	at java.util.concurrent.ThreadPoolExecutor$Worker.run(ThreadPoolExecutor.java:624)
	at java.lang.Thread.run(Thread.java:748)
Caused by: org.rocksdb.RocksDBException: While mkdir if missing: /opt/src/hadoop-ozone/integration-test/target/test-dir/MiniOzoneClusterImpl-43bfb4d4-2269-420d-a125-23ae713bb82d/datanode-0/data/containers/hdds/fcb9d5d5-7702-414d-85b0-d4d64dd4d07a/current/containerDir0/5/metadata/5-dn-container.db: No such file or directory
	at org.rocksdb.RocksDB.open(Native Method)
	at org.rocksdb.RocksDB.open(RocksDB.java:231)
	at org.apache.hadoop.utils.RocksDBStore.<init>(RocksDBStore.java:71)
	... 15 more
2019-06-14 12:59:35,397 WARN  utils.BackgroundService (BackgroundService.java:lambda$run$0(135)) - Background task fails to execute, retrying in next interval
java.util.concurrent.ExecutionException: org.apache.hadoop.hdds.scm.container.common.helpers.StorageContainerException: Error opening DB. Container:5 ContainerPath:/opt/src/hadoop-ozone/integration-test/target/test-dir/MiniOzoneClusterImpl-43bfb4d4-2269-420d-a125-23ae713bb82d/datanode-0/data/containers/hdds/fcb9d5d5-7702-414d-85b0-d4d64dd4d07a/current/containerDir0/5/metadata/5-dn-container.db
	at java.util.concurrent.FutureTask.report(FutureTask.java:122)
	at java.util.concurrent.FutureTask.get(FutureTask.java:206)
	at org.apache.hadoop.utils.BackgroundService$PeriodicalTask.lambda$run$0(BackgroundService.java:129)
	at java.util.stream.ForEachOps$ForEachOp$OfRef.accept(ForEachOps.java:184)
	at java.util.ArrayList$ArrayListSpliterator.forEachRemaining(ArrayList.java:1382)
	at java.util.stream.AbstractPipeline.copyInto(AbstractPipeline.java:482)
	at java.util.stream.ForEachOps$ForEachTask.compute(ForEachOps.java:291)
	at java.util.concurrent.CountedCompleter.exec(CountedCompleter.java:731)
	at java.util.concurrent.ForkJoinTask.doExec(ForkJoinTask.java:289)
	at java.util.concurrent.ForkJoinPool$WorkQueue.runTask(ForkJoinPool.java:1056)
	at java.util.concurrent.ForkJoinPool.runWorker(ForkJoinPool.java:1692)
	at java.util.concurrent.ForkJoinWorkerThread.run(ForkJoinWorkerThread.java:157)
Caused by: org.apache.hadoop.hdds.scm.container.common.helpers.StorageContainerException: Error opening DB. Container:5 ContainerPath:/opt/src/hadoop-ozone/integration-test/target/test-dir/MiniOzoneClusterImpl-43bfb4d4-2269-420d-a125-23ae713bb82d/datanode-0/data/containers/hdds/fcb9d5d5-7702-414d-85b0-d4d64dd4d07a/current/containerDir0/5/metadata/5-dn-container.db
	at org.apache.hadoop.ozone.container.keyvalue.helpers.BlockUtils.getDB(BlockUtils.java:84)
	at org.apache.hadoop.ozone.container.keyvalue.statemachine.background.BlockDeletingService$BlockDeletingTask.call(BlockDeletingService.java:188)
	at org.apache.hadoop.ozone.container.keyvalue.statemachine.background.BlockDeletingService$BlockDeletingTask.call(BlockDeletingService.java:172)
	at java.util.concurrent.FutureTask.run(FutureTask.java:266)
	at java.util.concurrent.Executors$RunnableAdapter.call(Executors.java:511)
	at java.util.concurrent.FutureTask.run(FutureTask.java:266)
	at java.util.concurrent.Executors$RunnableAdapter.call(Executors.java:511)
	at java.util.concurrent.FutureTask.run(FutureTask.java:266)
	at java.util.concurrent.ScheduledThreadPoolExecutor$ScheduledFutureTask.access$201(ScheduledThreadPoolExecutor.java:180)
	at java.util.concurrent.ScheduledThreadPoolExecutor$ScheduledFutureTask.run(ScheduledThreadPoolExecutor.java:293)
	at java.util.concurrent.ThreadPoolExecutor.runWorker(ThreadPoolExecutor.java:1149)
	at java.util.concurrent.ThreadPoolExecutor$Worker.run(ThreadPoolExecutor.java:624)
	at java.lang.Thread.run(Thread.java:748)
2019-06-14 12:59:35,397 ERROR utils.ContainerCache (ContainerCache.java:getDB(137)) - Error opening DB. Container:4 ContainerPath:/opt/src/hadoop-ozone/integration-test/target/test-dir/MiniOzoneClusterImpl-43bfb4d4-2269-420d-a125-23ae713bb82d/datanode-0/data/containers/hdds/fcb9d5d5-7702-414d-85b0-d4d64dd4d07a/current/containerDir0/4/metadata/4-dn-container.db
java.io.IOException: Failed init RocksDB, db path : /opt/src/hadoop-ozone/integration-test/target/test-dir/MiniOzoneClusterImpl-43bfb4d4-2269-420d-a125-23ae713bb82d/datanode-0/data/containers/hdds/fcb9d5d5-7702-414d-85b0-d4d64dd4d07a/current/containerDir0/4/metadata/4-dn-container.db
	at org.apache.hadoop.utils.RocksDBStore.<init>(RocksDBStore.java:87)
	at org.apache.hadoop.utils.MetadataStoreBuilder.build(MetadataStoreBuilder.java:137)
	at org.apache.hadoop.ozone.container.common.utils.ContainerCache.getDB(ContainerCache.java:129)
	at org.apache.hadoop.ozone.container.keyvalue.helpers.BlockUtils.getDB(BlockUtils.java:77)
	at org.apache.hadoop.ozone.container.keyvalue.statemachine.background.BlockDeletingService$BlockDeletingTask.call(BlockDeletingService.java:188)
	at org.apache.hadoop.ozone.container.keyvalue.statemachine.background.BlockDeletingService$BlockDeletingTask.call(BlockDeletingService.java:172)
	at java.util.concurrent.FutureTask.run(FutureTask.java:266)
	at java.util.concurrent.Executors$RunnableAdapter.call(Executors.java:511)
	at java.util.concurrent.FutureTask.run(FutureTask.java:266)
	at java.util.concurrent.Executors$RunnableAdapter.call(Executors.java:511)
	at java.util.concurrent.FutureTask.run(FutureTask.java:266)
	at java.util.concurrent.ScheduledThreadPoolExecutor$ScheduledFutureTask.access$201(ScheduledThreadPoolExecutor.java:180)
	at java.util.concurrent.ScheduledThreadPoolExecutor$ScheduledFutureTask.run(ScheduledThreadPoolExecutor.java:293)
	at java.util.concurrent.ThreadPoolExecutor.runWorker(ThreadPoolExecutor.java:1149)
	at java.util.concurrent.ThreadPoolExecutor$Worker.run(ThreadPoolExecutor.java:624)
	at java.lang.Thread.run(Thread.java:748)
Caused by: org.rocksdb.RocksDBException: While mkdir if missing: /opt/src/hadoop-ozone/integration-test/target/test-dir/MiniOzoneClusterImpl-43bfb4d4-2269-420d-a125-23ae713bb82d/datanode-0/data/containers/hdds/fcb9d5d5-7702-414d-85b0-d4d64dd4d07a/current/containerDir0/4/metadata/4-dn-container.db: No such file or directory
	at org.rocksdb.RocksDB.open(Native Method)
	at org.rocksdb.RocksDB.open(RocksDB.java:231)
	at org.apache.hadoop.utils.RocksDBStore.<init>(RocksDBStore.java:71)
	... 15 more
2019-06-14 12:59:35,399 WARN  utils.BackgroundService (BackgroundService.java:lambda$run$0(135)) - Background task fails to execute, retrying in next interval
java.util.concurrent.ExecutionException: org.apache.hadoop.hdds.scm.container.common.helpers.StorageContainerException: Error opening DB. Container:1 ContainerPath:/opt/src/hadoop-ozone/integration-test/target/test-dir/MiniOzoneClusterImpl-43bfb4d4-2269-420d-a125-23ae713bb82d/datanode-0/data/containers/hdds/fcb9d5d5-7702-414d-85b0-d4d64dd4d07a/current/containerDir0/1/metadata/1-dn-container.db
	at java.util.concurrent.FutureTask.report(FutureTask.java:122)
	at java.util.concurrent.FutureTask.get(FutureTask.java:206)
	at org.apache.hadoop.utils.BackgroundService$PeriodicalTask.lambda$run$0(BackgroundService.java:129)
	at java.util.stream.ForEachOps$ForEachOp$OfRef.accept(ForEachOps.java:184)
	at java.util.ArrayList$ArrayListSpliterator.forEachRemaining(ArrayList.java:1382)
	at java.util.stream.AbstractPipeline.copyInto(AbstractPipeline.java:482)
	at java.util.stream.ForEachOps$ForEachTask.compute(ForEachOps.java:291)
	at java.util.concurrent.CountedCompleter.exec(CountedCompleter.java:731)
	at java.util.concurrent.ForkJoinTask.doExec(ForkJoinTask.java:289)
	at java.util.concurrent.ForkJoinPool$WorkQueue.execLocalTasks(ForkJoinPool.java:1040)
	at java.util.concurrent.ForkJoinPool$WorkQueue.runTask(ForkJoinPool.java:1058)
	at java.util.concurrent.ForkJoinPool.runWorker(ForkJoinPool.java:1692)
	at java.util.concurrent.ForkJoinWorkerThread.run(ForkJoinWorkerThread.java:157)
Caused by: org.apache.hadoop.hdds.scm.container.common.helpers.StorageContainerException: Error opening DB. Container:1 ContainerPath:/opt/src/hadoop-ozone/integration-test/target/test-dir/MiniOzoneClusterImpl-43bfb4d4-2269-420d-a125-23ae713bb82d/datanode-0/data/containers/hdds/fcb9d5d5-7702-414d-85b0-d4d64dd4d07a/current/containerDir0/1/metadata/1-dn-container.db
	at org.apache.hadoop.ozone.container.keyvalue.helpers.BlockUtils.getDB(BlockUtils.java:84)
	at org.apache.hadoop.ozone.container.keyvalue.statemachine.background.BlockDeletingService$BlockDeletingTask.call(BlockDeletingService.java:188)
	at org.apache.hadoop.ozone.container.keyvalue.statemachine.background.BlockDeletingService$BlockDeletingTask.call(BlockDeletingService.java:172)
	at java.util.concurrent.FutureTask.run(FutureTask.java:266)
	at java.util.concurrent.Executors$RunnableAdapter.call(Executors.java:511)
	at java.util.concurrent.FutureTask.run(FutureTask.java:266)
	at java.util.concurrent.Executors$RunnableAdapter.call(Executors.java:511)
	at java.util.concurrent.FutureTask.run(FutureTask.java:266)
	at java.util.concurrent.ScheduledThreadPoolExecutor$ScheduledFutureTask.access$201(ScheduledThreadPoolExecutor.java:180)
	at java.util.concurrent.ScheduledThreadPoolExecutor$ScheduledFutureTask.run(ScheduledThreadPoolExecutor.java:293)
	at java.util.concurrent.ThreadPoolExecutor.runWorker(ThreadPoolExecutor.java:1149)
	at java.util.concurrent.ThreadPoolExecutor$Worker.run(ThreadPoolExecutor.java:624)
	at java.lang.Thread.run(Thread.java:748)
2019-06-14 12:59:35,400 ERROR utils.ContainerCache (ContainerCache.java:getDB(137)) - Error opening DB. Container:3 ContainerPath:/opt/src/hadoop-ozone/integration-test/target/test-dir/MiniOzoneClusterImpl-43bfb4d4-2269-420d-a125-23ae713bb82d/datanode-0/data/containers/hdds/fcb9d5d5-7702-414d-85b0-d4d64dd4d07a/current/containerDir0/3/metadata/3-dn-container.db
java.io.IOException: Failed init RocksDB, db path : /opt/src/hadoop-ozone/integration-test/target/test-dir/MiniOzoneClusterImpl-43bfb4d4-2269-420d-a125-23ae713bb82d/datanode-0/data/containers/hdds/fcb9d5d5-7702-414d-85b0-d4d64dd4d07a/current/containerDir0/3/metadata/3-dn-container.db
	at org.apache.hadoop.utils.RocksDBStore.<init>(RocksDBStore.java:87)
	at org.apache.hadoop.utils.MetadataStoreBuilder.build(MetadataStoreBuilder.java:137)
	at org.apache.hadoop.ozone.container.common.utils.ContainerCache.getDB(ContainerCache.java:129)
	at org.apache.hadoop.ozone.container.keyvalue.helpers.BlockUtils.getDB(BlockUtils.java:77)
	at org.apache.hadoop.ozone.container.keyvalue.statemachine.background.BlockDeletingService$BlockDeletingTask.call(BlockDeletingService.java:188)
	at org.apache.hadoop.ozone.container.keyvalue.statemachine.background.BlockDeletingService$BlockDeletingTask.call(BlockDeletingService.java:172)
	at java.util.concurrent.FutureTask.run(FutureTask.java:266)
	at java.util.concurrent.Executors$RunnableAdapter.call(Executors.java:511)
	at java.util.concurrent.FutureTask.run(FutureTask.java:266)
	at java.util.concurrent.Executors$RunnableAdapter.call(Executors.java:511)
	at java.util.concurrent.FutureTask.run(FutureTask.java:266)
	at java.util.concurrent.ScheduledThreadPoolExecutor$ScheduledFutureTask.access$201(ScheduledThreadPoolExecutor.java:180)
	at java.util.concurrent.ScheduledThreadPoolExecutor$ScheduledFutureTask.run(ScheduledThreadPoolExecutor.java:293)
	at java.util.concurrent.ThreadPoolExecutor.runWorker(ThreadPoolExecutor.java:1149)
	at java.util.concurrent.ThreadPoolExecutor$Worker.run(ThreadPoolExecutor.java:624)
	at java.lang.Thread.run(Thread.java:748)
Caused by: org.rocksdb.RocksDBException: While mkdir if missing: /opt/src/hadoop-ozone/integration-test/target/test-dir/MiniOzoneClusterImpl-43bfb4d4-2269-420d-a125-23ae713bb82d/datanode-0/data/containers/hdds/fcb9d5d5-7702-414d-85b0-d4d64dd4d07a/current/containerDir0/3/metadata/3-dn-container.db: No such file or directory
	at org.rocksdb.RocksDB.open(Native Method)
	at org.rocksdb.RocksDB.open(RocksDB.java:231)
	at org.apache.hadoop.utils.RocksDBStore.<init>(RocksDBStore.java:71)
	... 15 more
2019-06-14 12:59:35,399 WARN  utils.BackgroundService (BackgroundService.java:lambda$run$0(135)) - Background task fails to execute, retrying in next interval
java.util.concurrent.ExecutionException: org.apache.hadoop.hdds.scm.container.common.helpers.StorageContainerException: Error opening DB. Container:4 ContainerPath:/opt/src/hadoop-ozone/integration-test/target/test-dir/MiniOzoneClusterImpl-43bfb4d4-2269-420d-a125-23ae713bb82d/datanode-0/data/containers/hdds/fcb9d5d5-7702-414d-85b0-d4d64dd4d07a/current/containerDir0/4/metadata/4-dn-container.db
	at java.util.concurrent.FutureTask.report(FutureTask.java:122)
	at java.util.concurrent.FutureTask.get(FutureTask.java:206)
	at org.apache.hadoop.utils.BackgroundService$PeriodicalTask.lambda$run$0(BackgroundService.java:129)
	at java.util.stream.ForEachOps$ForEachOp$OfRef.accept(ForEachOps.java:184)
	at java.util.ArrayList$ArrayListSpliterator.forEachRemaining(ArrayList.java:1382)
	at java.util.stream.AbstractPipeline.copyInto(AbstractPipeline.java:482)
	at java.util.stream.ForEachOps$ForEachTask.compute(ForEachOps.java:291)
	at java.util.concurrent.CountedCompleter.exec(CountedCompleter.java:731)
	at java.util.concurrent.ForkJoinTask.doExec(ForkJoinTask.java:289)
	at java.util.concurrent.ForkJoinTask.doInvoke(ForkJoinTask.java:401)
	at java.util.concurrent.ForkJoinTask.invoke(ForkJoinTask.java:734)
	at java.util.stream.ForEachOps$ForEachOp.evaluateParallel(ForEachOps.java:160)
	at java.util.stream.ForEachOps$ForEachOp$OfRef.evaluateParallel(ForEachOps.java:174)
	at java.util.stream.AbstractPipeline.evaluate(AbstractPipeline.java:233)
	at java.util.stream.ReferencePipeline.forEach(ReferencePipeline.java:418)
	at java.util.stream.ReferencePipeline$Head.forEach(ReferencePipeline.java:583)
	at org.apache.hadoop.utils.BackgroundService$PeriodicalTask.run(BackgroundService.java:125)
	at java.util.concurrent.Executors$RunnableAdapter.call(Executors.java:511)
	at java.util.concurrent.FutureTask.runAndReset(FutureTask.java:308)
	at java.util.concurrent.ScheduledThreadPoolExecutor$ScheduledFutureTask.access$301(ScheduledThreadPoolExecutor.java:180)
	at java.util.concurrent.ScheduledThreadPoolExecutor$ScheduledFutureTask.run(ScheduledThreadPoolExecutor.java:294)
	at java.util.concurrent.ThreadPoolExecutor.runWorker(ThreadPoolExecutor.java:1149)
	at java.util.concurrent.ThreadPoolExecutor$Worker.run(ThreadPoolExecutor.java:624)
	at java.lang.Thread.run(Thread.java:748)
Caused by: org.apache.hadoop.hdds.scm.container.common.helpers.StorageContainerException: Error opening DB. Container:4 ContainerPath:/opt/src/hadoop-ozone/integration-test/target/test-dir/MiniOzoneClusterImpl-43bfb4d4-2269-420d-a125-23ae713bb82d/datanode-0/data/containers/hdds/fcb9d5d5-7702-414d-85b0-d4d64dd4d07a/current/containerDir0/4/metadata/4-dn-container.db
	at org.apache.hadoop.ozone.container.keyvalue.helpers.BlockUtils.getDB(BlockUtils.java:84)
	at org.apache.hadoop.ozone.container.keyvalue.statemachine.background.BlockDeletingService$BlockDeletingTask.call(BlockDeletingService.java:188)
	at org.apache.hadoop.ozone.container.keyvalue.statemachine.background.BlockDeletingService$BlockDeletingTask.call(BlockDeletingService.java:172)
	at java.util.concurrent.FutureTask.run(FutureTask.java:266)
	at java.util.concurrent.Executors$RunnableAdapter.call(Executors.java:511)
	at java.util.concurrent.FutureTask.run(FutureTask.java:266)
	at java.util.concurrent.Executors$RunnableAdapter.call(Executors.java:511)
	at java.util.concurrent.FutureTask.run(FutureTask.java:266)
	at java.util.concurrent.ScheduledThreadPoolExecutor$ScheduledFutureTask.access$201(ScheduledThreadPoolExecutor.java:180)
	at java.util.concurrent.ScheduledThreadPoolExecutor$ScheduledFutureTask.run(ScheduledThreadPoolExecutor.java:293)
	... 3 more
2019-06-14 12:59:35,401 WARN  utils.BackgroundService (BackgroundService.java:lambda$run$0(135)) - Background task fails to execute, retrying in next interval
java.util.concurrent.ExecutionException: org.apache.hadoop.hdds.scm.container.common.helpers.StorageContainerException: Error opening DB. Container:3 ContainerPath:/opt/src/hadoop-ozone/integration-test/target/test-dir/MiniOzoneClusterImpl-43bfb4d4-2269-420d-a125-23ae713bb82d/datanode-0/data/containers/hdds/fcb9d5d5-7702-414d-85b0-d4d64dd4d07a/current/containerDir0/3/metadata/3-dn-container.db
	at java.util.concurrent.FutureTask.report(FutureTask.java:122)
	at java.util.concurrent.FutureTask.get(FutureTask.java:206)
	at org.apache.hadoop.utils.BackgroundService$PeriodicalTask.lambda$run$0(BackgroundService.java:129)
	at java.util.stream.ForEachOps$ForEachOp$OfRef.accept(ForEachOps.java:184)
	at java.util.ArrayList$ArrayListSpliterator.forEachRemaining(ArrayList.java:1382)
	at java.util.stream.AbstractPipeline.copyInto(AbstractPipeline.java:482)
	at java.util.stream.ForEachOps$ForEachTask.compute(ForEachOps.java:291)
	at java.util.concurrent.CountedCompleter.exec(CountedCompleter.java:731)
	at java.util.concurrent.ForkJoinTask.doExec(ForkJoinTask.java:289)
	at java.util.concurrent.ForkJoinPool$WorkQueue.pollAndExecCC(ForkJoinPool.java:1190)
	at java.util.concurrent.ForkJoinPool.helpComplete(ForkJoinPool.java:1879)
	at java.util.concurrent.ForkJoinPool.externalHelpComplete(ForkJoinPool.java:2467)
	at java.util.concurrent.ForkJoinTask.externalAwaitDone(ForkJoinTask.java:324)
	at java.util.concurrent.ForkJoinTask.doInvoke(ForkJoinTask.java:405)
	at java.util.concurrent.ForkJoinTask.invoke(ForkJoinTask.java:734)
	at java.util.stream.ForEachOps$ForEachOp.evaluateParallel(ForEachOps.java:160)
	at java.util.stream.ForEachOps$ForEachOp$OfRef.evaluateParallel(ForEachOps.java:174)
	at java.util.stream.AbstractPipeline.evaluate(AbstractPipeline.java:233)
	at java.util.stream.ReferencePipeline.forEach(ReferencePipeline.java:418)
	at java.util.stream.ReferencePipeline$Head.forEach(ReferencePipeline.java:583)
	at org.apache.hadoop.utils.BackgroundService$PeriodicalTask.run(BackgroundService.java:125)
	at java.util.concurrent.Executors$RunnableAdapter.call(Executors.java:511)
	at java.util.concurrent.FutureTask.runAndReset(FutureTask.java:308)
	at java.util.concurrent.ScheduledThreadPoolExecutor$ScheduledFutureTask.access$301(ScheduledThreadPoolExecutor.java:180)
	at java.util.concurrent.ScheduledThreadPoolExecutor$ScheduledFutureTask.run(ScheduledThreadPoolExecutor.java:294)
	at java.util.concurrent.ThreadPoolExecutor.runWorker(ThreadPoolExecutor.java:1149)
	at java.util.concurrent.ThreadPoolExecutor$Worker.run(ThreadPoolExecutor.java:624)
	at java.lang.Thread.run(Thread.java:748)
Caused by: org.apache.hadoop.hdds.scm.container.common.helpers.StorageContainerException: Error opening DB. Container:3 ContainerPath:/opt/src/hadoop-ozone/integration-test/target/test-dir/MiniOzoneClusterImpl-43bfb4d4-2269-420d-a125-23ae713bb82d/datanode-0/data/containers/hdds/fcb9d5d5-7702-414d-85b0-d4d64dd4d07a/current/containerDir0/3/metadata/3-dn-container.db
	at org.apache.hadoop.ozone.container.keyvalue.helpers.BlockUtils.getDB(BlockUtils.java:84)
	at org.apache.hadoop.ozone.container.keyvalue.statemachine.background.BlockDeletingService$BlockDeletingTask.call(BlockDeletingService.java:188)
	at org.apache.hadoop.ozone.container.keyvalue.statemachine.background.BlockDeletingService$BlockDeletingTask.call(BlockDeletingService.java:172)
	at java.util.concurrent.FutureTask.run(FutureTask.java:266)
	at java.util.concurrent.Executors$RunnableAdapter.call(Executors.java:511)
	at java.util.concurrent.FutureTask.run(FutureTask.java:266)
	at java.util.concurrent.Executors$RunnableAdapter.call(Executors.java:511)
	at java.util.concurrent.FutureTask.run(FutureTask.java:266)
	at java.util.concurrent.ScheduledThreadPoolExecutor$ScheduledFutureTask.access$201(ScheduledThreadPoolExecutor.java:180)
	at java.util.concurrent.ScheduledThreadPoolExecutor$ScheduledFutureTask.run(ScheduledThreadPoolExecutor.java:293)
	... 3 more
2019-06-14 12:59:35,400 ERROR utils.ContainerCache (ContainerCache.java:getDB(137)) - Error opening DB. Container:2 ContainerPath:/opt/src/hadoop-ozone/integration-test/target/test-dir/MiniOzoneClusterImpl-43bfb4d4-2269-420d-a125-23ae713bb82d/datanode-0/data/containers/hdds/fcb9d5d5-7702-414d-85b0-d4d64dd4d07a/current/containerDir0/2/metadata/2-dn-container.db
java.io.IOException: Failed init RocksDB, db path : /opt/src/hadoop-ozone/integration-test/target/test-dir/MiniOzoneClusterImpl-43bfb4d4-2269-420d-a125-23ae713bb82d/datanode-0/data/containers/hdds/fcb9d5d5-7702-414d-85b0-d4d64dd4d07a/current/containerDir0/2/metadata/2-dn-container.db
	at org.apache.hadoop.utils.RocksDBStore.<init>(RocksDBStore.java:87)
	at org.apache.hadoop.utils.MetadataStoreBuilder.build(MetadataStoreBuilder.java:137)
	at org.apache.hadoop.ozone.container.common.utils.ContainerCache.getDB(ContainerCache.java:129)
	at org.apache.hadoop.ozone.container.keyvalue.helpers.BlockUtils.getDB(BlockUtils.java:77)
	at org.apache.hadoop.ozone.container.keyvalue.statemachine.background.BlockDeletingService$BlockDeletingTask.call(BlockDeletingService.java:188)
	at org.apache.hadoop.ozone.container.keyvalue.statemachine.background.BlockDeletingService$BlockDeletingTask.call(BlockDeletingService.java:172)
	at java.util.concurrent.FutureTask.run(FutureTask.java:266)
	at java.util.concurrent.Executors$RunnableAdapter.call(Executors.java:511)
	at java.util.concurrent.FutureTask.run(FutureTask.java:266)
	at java.util.concurrent.Executors$RunnableAdapter.call(Executors.java:511)
	at java.util.concurrent.FutureTask.run(FutureTask.java:266)
	at java.util.concurrent.ScheduledThreadPoolExecutor$ScheduledFutureTask.access$201(ScheduledThreadPoolExecutor.java:180)
	at java.util.concurrent.ScheduledThreadPoolExecutor$ScheduledFutureTask.run(ScheduledThreadPoolExecutor.java:293)
	at java.util.concurrent.ThreadPoolExecutor.runWorker(ThreadPoolExecutor.java:1149)
	at java.util.concurrent.ThreadPoolExecutor$Worker.run(ThreadPoolExecutor.java:624)
	at java.lang.Thread.run(Thread.java:748)
Caused by: org.rocksdb.RocksDBException: While mkdir if missing: /opt/src/hadoop-ozone/integration-test/target/test-dir/MiniOzoneClusterImpl-43bfb4d4-2269-420d-a125-23ae713bb82d/datanode-0/data/containers/hdds/fcb9d5d5-7702-414d-85b0-d4d64dd4d07a/current/containerDir0/2/metadata/2-dn-container.db: No such file or directory
	at org.rocksdb.RocksDB.open(Native Method)
	at org.rocksdb.RocksDB.open(RocksDB.java:231)
	at org.apache.hadoop.utils.RocksDBStore.<init>(RocksDBStore.java:71)
	... 15 more
2019-06-14 12:59:35,402 WARN  utils.BackgroundService (BackgroundService.java:lambda$run$0(135)) - Background task fails to execute, retrying in next interval
java.util.concurrent.ExecutionException: org.apache.hadoop.hdds.scm.container.common.helpers.StorageContainerException: Error opening DB. Container:2 ContainerPath:/opt/src/hadoop-ozone/integration-test/target/test-dir/MiniOzoneClusterImpl-43bfb4d4-2269-420d-a125-23ae713bb82d/datanode-0/data/containers/hdds/fcb9d5d5-7702-414d-85b0-d4d64dd4d07a/current/containerDir0/2/metadata/2-dn-container.db
	at java.util.concurrent.FutureTask.report(FutureTask.java:122)
	at java.util.concurrent.FutureTask.get(FutureTask.java:206)
	at org.apache.hadoop.utils.BackgroundService$PeriodicalTask.lambda$run$0(BackgroundService.java:129)
	at java.util.stream.ForEachOps$ForEachOp$OfRef.accept(ForEachOps.java:184)
	at java.util.ArrayList$ArrayListSpliterator.forEachRemaining(ArrayList.java:1382)
	at java.util.stream.AbstractPipeline.copyInto(AbstractPipeline.java:482)
	at java.util.stream.ForEachOps$ForEachTask.compute(ForEachOps.java:291)
	at java.util.concurrent.CountedCompleter.exec(CountedCompleter.java:731)
	at java.util.concurrent.ForkJoinTask.doExec(ForkJoinTask.java:289)
	at java.util.concurrent.ForkJoinPool$WorkQueue.runTask(ForkJoinPool.java:1056)
	at java.util.concurrent.ForkJoinPool.runWorker(ForkJoinPool.java:1692)
	at java.util.concurrent.ForkJoinWorkerThread.run(ForkJoinWorkerThread.java:157)
Caused by: org.apache.hadoop.hdds.scm.container.common.helpers.StorageContainerException: Error opening DB. Container:2 ContainerPath:/opt/src/hadoop-ozone/integration-test/target/test-dir/MiniOzoneClusterImpl-43bfb4d4-2269-420d-a125-23ae713bb82d/datanode-0/data/containers/hdds/fcb9d5d5-7702-414d-85b0-d4d64dd4d07a/current/containerDir0/2/metadata/2-dn-container.db
	at org.apache.hadoop.ozone.container.keyvalue.helpers.BlockUtils.getDB(BlockUtils.java:84)
	at org.apache.hadoop.ozone.container.keyvalue.statemachine.background.BlockDeletingService$BlockDeletingTask.call(BlockDeletingService.java:188)
	at org.apache.hadoop.ozone.container.keyvalue.statemachine.background.BlockDeletingService$BlockDeletingTask.call(BlockDeletingService.java:172)
	at java.util.concurrent.FutureTask.run(FutureTask.java:266)
	at java.util.concurrent.Executors$RunnableAdapter.call(Executors.java:511)
	at java.util.concurrent.FutureTask.run(FutureTask.java:266)
	at java.util.concurrent.Executors$RunnableAdapter.call(Executors.java:511)
	at java.util.concurrent.FutureTask.run(FutureTask.java:266)
	at java.util.concurrent.ScheduledThreadPoolExecutor$ScheduledFutureTask.access$201(ScheduledThreadPoolExecutor.java:180)
	at java.util.concurrent.ScheduledThreadPoolExecutor$ScheduledFutureTask.run(ScheduledThreadPoolExecutor.java:293)
	at java.util.concurrent.ThreadPoolExecutor.runWorker(ThreadPoolExecutor.java:1149)
	at java.util.concurrent.ThreadPoolExecutor$Worker.run(ThreadPoolExecutor.java:624)
	at java.lang.Thread.run(Thread.java:748)
2019-06-14 12:59:35,893 INFO  ozone.MiniOzoneClusterImpl (MiniOzoneClusterImpl.java:lambda$waitForClusterToBeReady$0(142)) - Waiting for cluster to be ready. Got 0 of 1 DN Heartbeats.
2019-06-14 12:59:35,903 INFO  ozoneimpl.OzoneContainer (OzoneContainer.java:start(186)) - Attempting to start container services.
2019-06-14 12:59:35,903 INFO  ozoneimpl.OzoneContainer (OzoneContainer.java:startContainerScrub(160)) - Background container scrubber has been disabled by hdds.containerscrub.enabled
2019-06-14 12:59:35,903 INFO  ratis.XceiverServerRatis (XceiverServerRatis.java:start(418)) - Starting XceiverServerRatis 46a077f4-9a78-48da-a085-de8f6fe8131f at port 36639
2019-06-14 12:59:35,908 INFO  impl.RaftServerProxy (RaftServerProxy.java:lambda$start$3(299)) - 46a077f4-9a78-48da-a085-de8f6fe8131f: start RPC server
2019-06-14 12:59:35,909 INFO  server.GrpcService (GrpcService.java:startImpl(148)) - 46a077f4-9a78-48da-a085-de8f6fe8131f: GrpcService started, listening on 0.0.0.0/0.0.0.0:36639
2019-06-14 12:59:36,403 INFO  background.BlockDeletingService (BlockDeletingService.java:getTasks(123)) - Plan to choose 10 containers for block deletion, actually returns 5 valid containers.
2019-06-14 12:59:36,403 ERROR utils.ContainerCache (ContainerCache.java:getDB(137)) - Error opening DB. Container:1 ContainerPath:/opt/src/hadoop-ozone/integration-test/target/test-dir/MiniOzoneClusterImpl-43bfb4d4-2269-420d-a125-23ae713bb82d/datanode-0/data/containers/hdds/fcb9d5d5-7702-414d-85b0-d4d64dd4d07a/current/containerDir0/1/metadata/1-dn-container.db
java.io.IOException: Failed init RocksDB, db path : /opt/src/hadoop-ozone/integration-test/target/test-dir/MiniOzoneClusterImpl-43bfb4d4-2269-420d-a125-23ae713bb82d/datanode-0/data/containers/hdds/fcb9d5d5-7702-414d-85b0-d4d64dd4d07a/current/containerDir0/1/metadata/1-dn-container.db
	at org.apache.hadoop.utils.RocksDBStore.<init>(RocksDBStore.java:87)
	at org.apache.hadoop.utils.MetadataStoreBuilder.build(MetadataStoreBuilder.java:137)
	at org.apache.hadoop.ozone.container.common.utils.ContainerCache.getDB(ContainerCache.java:129)
	at org.apache.hadoop.ozone.container.keyvalue.helpers.BlockUtils.getDB(BlockUtils.java:77)
	at org.apache.hadoop.ozone.container.keyvalue.statemachine.background.BlockDeletingService$BlockDeletingTask.call(BlockDeletingService.java:188)
	at org.apache.hadoop.ozone.container.keyvalue.statemachine.background.BlockDeletingService$BlockDeletingTask.call(BlockDeletingService.java:172)
	at java.util.concurrent.FutureTask.run(FutureTask.java:266)
	at java.util.concurrent.Executors$RunnableAdapter.call(Executors.java:511)
	at java.util.concurrent.FutureTask.run(FutureTask.java:266)
	at java.util.concurrent.Executors$RunnableAdapter.call(Executors.java:511)
	at java.util.concurrent.FutureTask.run(FutureTask.java:266)
	at java.util.concurrent.ScheduledThreadPoolExecutor$ScheduledFutureTask.access$201(ScheduledThreadPoolExecutor.java:180)
	at java.util.concurrent.ScheduledThreadPoolExecutor$ScheduledFutureTask.run(ScheduledThreadPoolExecutor.java:293)
	at java.util.concurrent.ThreadPoolExecutor.runWorker(ThreadPoolExecutor.java:1149)
	at java.util.concurrent.ThreadPoolExecutor$Worker.run(ThreadPoolExecutor.java:624)
	at java.lang.Thread.run(Thread.java:748)
Caused by: org.rocksdb.RocksDBException: While mkdir if missing: /opt/src/hadoop-ozone/integration-test/target/test-dir/MiniOzoneClusterImpl-43bfb4d4-2269-420d-a125-23ae713bb82d/datanode-0/data/containers/hdds/fcb9d5d5-7702-414d-85b0-d4d64dd4d07a/current/containerDir0/1/metadata/1-dn-container.db: No such file or directory
	at org.rocksdb.RocksDB.open(Native Method)
	at org.rocksdb.RocksDB.open(RocksDB.java:231)
	at org.apache.hadoop.utils.RocksDBStore.<init>(RocksDBStore.java:71)
	... 15 more
2019-06-14 12:59:36,404 ERROR utils.ContainerCache (ContainerCache.java:getDB(137)) - Error opening DB. Container:5 ContainerPath:/opt/src/hadoop-ozone/integration-test/target/test-dir/MiniOzoneClusterImpl-43bfb4d4-2269-420d-a125-23ae713bb82d/datanode-0/data/containers/hdds/fcb9d5d5-7702-414d-85b0-d4d64dd4d07a/current/containerDir0/5/metadata/5-dn-container.db
java.io.IOException: Failed init RocksDB, db path : /opt/src/hadoop-ozone/integration-test/target/test-dir/MiniOzoneClusterImpl-43bfb4d4-2269-420d-a125-23ae713bb82d/datanode-0/data/containers/hdds/fcb9d5d5-7702-414d-85b0-d4d64dd4d07a/current/containerDir0/5/metadata/5-dn-container.db
	at org.apache.hadoop.utils.RocksDBStore.<init>(RocksDBStore.java:87)
	at org.apache.hadoop.utils.MetadataStoreBuilder.build(MetadataStoreBuilder.java:137)
	at org.apache.hadoop.ozone.container.common.utils.ContainerCache.getDB(ContainerCache.java:129)
	at org.apache.hadoop.ozone.container.keyvalue.helpers.BlockUtils.getDB(BlockUtils.java:77)
	at org.apache.hadoop.ozone.container.keyvalue.statemachine.background.BlockDeletingService$BlockDeletingTask.call(BlockDeletingService.java:188)
	at org.apache.hadoop.ozone.container.keyvalue.statemachine.background.BlockDeletingService$BlockDeletingTask.call(BlockDeletingService.java:172)
	at java.util.concurrent.FutureTask.run(FutureTask.java:266)
	at java.util.concurrent.Executors$RunnableAdapter.call(Executors.java:511)
	at java.util.concurrent.FutureTask.run(FutureTask.java:266)
	at java.util.concurrent.Executors$RunnableAdapter.call(Executors.java:511)
	at java.util.concurrent.FutureTask.run(FutureTask.java:266)
	at java.util.concurrent.ScheduledThreadPoolExecutor$ScheduledFutureTask.access$201(ScheduledThreadPoolExecutor.java:180)
	at java.util.concurrent.ScheduledThreadPoolExecutor$ScheduledFutureTask.run(ScheduledThreadPoolExecutor.java:293)
	at java.util.concurrent.ThreadPoolExecutor.runWorker(ThreadPoolExecutor.java:1149)
	at java.util.concurrent.ThreadPoolExecutor$Worker.run(ThreadPoolExecutor.java:624)
	at java.lang.Thread.run(Thread.java:748)
Caused by: org.rocksdb.RocksDBException: While mkdir if missing: /opt/src/hadoop-ozone/integration-test/target/test-dir/MiniOzoneClusterImpl-43bfb4d4-2269-420d-a125-23ae713bb82d/datanode-0/data/containers/hdds/fcb9d5d5-7702-414d-85b0-d4d64dd4d07a/current/containerDir0/5/metadata/5-dn-container.db: No such file or directory
	at org.rocksdb.RocksDB.open(Native Method)
	at org.rocksdb.RocksDB.open(RocksDB.java:231)
	at org.apache.hadoop.utils.RocksDBStore.<init>(RocksDBStore.java:71)
	... 15 more
2019-06-14 12:59:36,404 WARN  utils.BackgroundService (BackgroundService.java:lambda$run$0(135)) - Background task fails to execute, retrying in next interval
java.util.concurrent.ExecutionException: org.apache.hadoop.hdds.scm.container.common.helpers.StorageContainerException: Error opening DB. Container:5 ContainerPath:/opt/src/hadoop-ozone/integration-test/target/test-dir/MiniOzoneClusterImpl-43bfb4d4-2269-420d-a125-23ae713bb82d/datanode-0/data/containers/hdds/fcb9d5d5-7702-414d-85b0-d4d64dd4d07a/current/containerDir0/5/metadata/5-dn-container.db
	at java.util.concurrent.FutureTask.report(FutureTask.java:122)
	at java.util.concurrent.FutureTask.get(FutureTask.java:206)
	at org.apache.hadoop.utils.BackgroundService$PeriodicalTask.lambda$run$0(BackgroundService.java:129)
	at java.util.stream.ForEachOps$ForEachOp$OfRef.accept(ForEachOps.java:184)
	at java.util.ArrayList$ArrayListSpliterator.forEachRemaining(ArrayList.java:1382)
	at java.util.stream.AbstractPipeline.copyInto(AbstractPipeline.java:482)
	at java.util.stream.ForEachOps$ForEachTask.compute(ForEachOps.java:291)
	at java.util.concurrent.CountedCompleter.exec(CountedCompleter.java:731)
	at java.util.concurrent.ForkJoinTask.doExec(ForkJoinTask.java:289)
	at java.util.concurrent.ForkJoinPool$WorkQueue.runTask(ForkJoinPool.java:1056)
	at java.util.concurrent.ForkJoinPool.runWorker(ForkJoinPool.java:1692)
	at java.util.concurrent.ForkJoinWorkerThread.run(ForkJoinWorkerThread.java:157)
Caused by: org.apache.hadoop.hdds.scm.container.common.helpers.StorageContainerException: Error opening DB. Container:5 ContainerPath:/opt/src/hadoop-ozone/integration-test/target/test-dir/MiniOzoneClusterImpl-43bfb4d4-2269-420d-a125-23ae713bb82d/datanode-0/data/containers/hdds/fcb9d5d5-7702-414d-85b0-d4d64dd4d07a/current/containerDir0/5/metadata/5-dn-container.db
	at org.apache.hadoop.ozone.container.keyvalue.helpers.BlockUtils.getDB(BlockUtils.java:84)
	at org.apache.hadoop.ozone.container.keyvalue.statemachine.background.BlockDeletingService$BlockDeletingTask.call(BlockDeletingService.java:188)
	at org.apache.hadoop.ozone.container.keyvalue.statemachine.background.BlockDeletingService$BlockDeletingTask.call(BlockDeletingService.java:172)
	at java.util.concurrent.FutureTask.run(FutureTask.java:266)
	at java.util.concurrent.Executors$RunnableAdapter.call(Executors.java:511)
	at java.util.concurrent.FutureTask.run(FutureTask.java:266)
	at java.util.concurrent.Executors$RunnableAdapter.call(Executors.java:511)
	at java.util.concurrent.FutureTask.run(FutureTask.java:266)
	at java.util.concurrent.ScheduledThreadPoolExecutor$ScheduledFutureTask.access$201(ScheduledThreadPoolExecutor.java:180)
	at java.util.concurrent.ScheduledThreadPoolExecutor$ScheduledFutureTask.run(ScheduledThreadPoolExecutor.java:293)
	at java.util.concurrent.ThreadPoolExecutor.runWorker(ThreadPoolExecutor.java:1149)
	at java.util.concurrent.ThreadPoolExecutor$Worker.run(ThreadPoolExecutor.java:624)
	at java.lang.Thread.run(Thread.java:748)
2019-06-14 12:59:36,404 ERROR utils.ContainerCache (ContainerCache.java:getDB(137)) - Error opening DB. Container:4 ContainerPath:/opt/src/hadoop-ozone/integration-test/target/test-dir/MiniOzoneClusterImpl-43bfb4d4-2269-420d-a125-23ae713bb82d/datanode-0/data/containers/hdds/fcb9d5d5-7702-414d-85b0-d4d64dd4d07a/current/containerDir0/4/metadata/4-dn-container.db
java.io.IOException: Failed init RocksDB, db path : /opt/src/hadoop-ozone/integration-test/target/test-dir/MiniOzoneClusterImpl-43bfb4d4-2269-420d-a125-23ae713bb82d/datanode-0/data/containers/hdds/fcb9d5d5-7702-414d-85b0-d4d64dd4d07a/current/containerDir0/4/metadata/4-dn-container.db
	at org.apache.hadoop.utils.RocksDBStore.<init>(RocksDBStore.java:87)
	at org.apache.hadoop.utils.MetadataStoreBuilder.build(MetadataStoreBuilder.java:137)
	at org.apache.hadoop.ozone.container.common.utils.ContainerCache.getDB(ContainerCache.java:129)
	at org.apache.hadoop.ozone.container.keyvalue.helpers.BlockUtils.getDB(BlockUtils.java:77)
	at org.apache.hadoop.ozone.container.keyvalue.statemachine.background.BlockDeletingService$BlockDeletingTask.call(BlockDeletingService.java:188)
	at org.apache.hadoop.ozone.container.keyvalue.statemachine.background.BlockDeletingService$BlockDeletingTask.call(BlockDeletingService.java:172)
	at java.util.concurrent.FutureTask.run(FutureTask.java:266)
	at java.util.concurrent.Executors$RunnableAdapter.call(Executors.java:511)
	at java.util.concurrent.FutureTask.run(FutureTask.java:266)
	at java.util.concurrent.Executors$RunnableAdapter.call(Executors.java:511)
	at java.util.concurrent.FutureTask.run(FutureTask.java:266)
	at java.util.concurrent.ScheduledThreadPoolExecutor$ScheduledFutureTask.access$201(ScheduledThreadPoolExecutor.java:180)
	at java.util.concurrent.ScheduledThreadPoolExecutor$ScheduledFutureTask.run(ScheduledThreadPoolExecutor.java:293)
	at java.util.concurrent.ThreadPoolExecutor.runWorker(ThreadPoolExecutor.java:1149)
	at java.util.concurrent.ThreadPoolExecutor$Worker.run(ThreadPoolExecutor.java:624)
	at java.lang.Thread.run(Thread.java:748)
Caused by: org.rocksdb.RocksDBException: While mkdir if missing: /opt/src/hadoop-ozone/integration-test/target/test-dir/MiniOzoneClusterImpl-43bfb4d4-2269-420d-a125-23ae713bb82d/datanode-0/data/containers/hdds/fcb9d5d5-7702-414d-85b0-d4d64dd4d07a/current/containerDir0/4/metadata/4-dn-container.db: No such file or directory
	at org.rocksdb.RocksDB.open(Native Method)
	at org.rocksdb.RocksDB.open(RocksDB.java:231)
	at org.apache.hadoop.utils.RocksDBStore.<init>(RocksDBStore.java:71)
	... 15 more
2019-06-14 12:59:36,405 WARN  utils.BackgroundService (BackgroundService.java:lambda$run$0(135)) - Background task fails to execute, retrying in next interval
java.util.concurrent.ExecutionException: org.apache.hadoop.hdds.scm.container.common.helpers.StorageContainerException: Error opening DB. Container:1 ContainerPath:/opt/src/hadoop-ozone/integration-test/target/test-dir/MiniOzoneClusterImpl-43bfb4d4-2269-420d-a125-23ae713bb82d/datanode-0/data/containers/hdds/fcb9d5d5-7702-414d-85b0-d4d64dd4d07a/current/containerDir0/1/metadata/1-dn-container.db
	at java.util.concurrent.FutureTask.report(FutureTask.java:122)
	at java.util.concurrent.FutureTask.get(FutureTask.java:206)
	at org.apache.hadoop.utils.BackgroundService$PeriodicalTask.lambda$run$0(BackgroundService.java:129)
	at java.util.stream.ForEachOps$ForEachOp$OfRef.accept(ForEachOps.java:184)
	at java.util.ArrayList$ArrayListSpliterator.forEachRemaining(ArrayList.java:1382)
	at java.util.stream.AbstractPipeline.copyInto(AbstractPipeline.java:482)
	at java.util.stream.ForEachOps$ForEachTask.compute(ForEachOps.java:291)
	at java.util.concurrent.CountedCompleter.exec(CountedCompleter.java:731)
	at java.util.concurrent.ForkJoinTask.doExec(ForkJoinTask.java:289)
	at java.util.concurrent.ForkJoinPool$WorkQueue.execLocalTasks(ForkJoinPool.java:1040)
	at java.util.concurrent.ForkJoinPool$WorkQueue.runTask(ForkJoinPool.java:1058)
	at java.util.concurrent.ForkJoinPool.runWorker(ForkJoinPool.java:1692)
	at java.util.concurrent.ForkJoinWorkerThread.run(ForkJoinWorkerThread.java:157)
Caused by: org.apache.hadoop.hdds.scm.container.common.helpers.StorageContainerException: Error opening DB. Container:1 ContainerPath:/opt/src/hadoop-ozone/integration-test/target/test-dir/MiniOzoneClusterImpl-43bfb4d4-2269-420d-a125-23ae713bb82d/datanode-0/data/containers/hdds/fcb9d5d5-7702-414d-85b0-d4d64dd4d07a/current/containerDir0/1/metadata/1-dn-container.db
	at org.apache.hadoop.ozone.container.keyvalue.helpers.BlockUtils.getDB(BlockUtils.java:84)
	at org.apache.hadoop.ozone.container.keyvalue.statemachine.background.BlockDeletingService$BlockDeletingTask.call(BlockDeletingService.java:188)
	at org.apache.hadoop.ozone.container.keyvalue.statemachine.background.BlockDeletingService$BlockDeletingTask.call(BlockDeletingService.java:172)
	at java.util.concurrent.FutureTask.run(FutureTask.java:266)
	at java.util.concurrent.Executors$RunnableAdapter.call(Executors.java:511)
	at java.util.concurrent.FutureTask.run(FutureTask.java:266)
	at java.util.concurrent.Executors$RunnableAdapter.call(Executors.java:511)
	at java.util.concurrent.FutureTask.run(FutureTask.java:266)
	at java.util.concurrent.ScheduledThreadPoolExecutor$ScheduledFutureTask.access$201(ScheduledThreadPoolExecutor.java:180)
	at java.util.concurrent.ScheduledThreadPoolExecutor$ScheduledFutureTask.run(ScheduledThreadPoolExecutor.java:293)
	at java.util.concurrent.ThreadPoolExecutor.runWorker(ThreadPoolExecutor.java:1149)
	at java.util.concurrent.ThreadPoolExecutor$Worker.run(ThreadPoolExecutor.java:624)
	at java.lang.Thread.run(Thread.java:748)
2019-06-14 12:59:36,406 ERROR utils.ContainerCache (ContainerCache.java:getDB(137)) - Error opening DB. Container:3 ContainerPath:/opt/src/hadoop-ozone/integration-test/target/test-dir/MiniOzoneClusterImpl-43bfb4d4-2269-420d-a125-23ae713bb82d/datanode-0/data/containers/hdds/fcb9d5d5-7702-414d-85b0-d4d64dd4d07a/current/containerDir0/3/metadata/3-dn-container.db
java.io.IOException: Failed init RocksDB, db path : /opt/src/hadoop-ozone/integration-test/target/test-dir/MiniOzoneClusterImpl-43bfb4d4-2269-420d-a125-23ae713bb82d/datanode-0/data/containers/hdds/fcb9d5d5-7702-414d-85b0-d4d64dd4d07a/current/containerDir0/3/metadata/3-dn-container.db
	at org.apache.hadoop.utils.RocksDBStore.<init>(RocksDBStore.java:87)
	at org.apache.hadoop.utils.MetadataStoreBuilder.build(MetadataStoreBuilder.java:137)
	at org.apache.hadoop.ozone.container.common.utils.ContainerCache.getDB(ContainerCache.java:129)
	at org.apache.hadoop.ozone.container.keyvalue.helpers.BlockUtils.getDB(BlockUtils.java:77)
	at org.apache.hadoop.ozone.container.keyvalue.statemachine.background.BlockDeletingService$BlockDeletingTask.call(BlockDeletingService.java:188)
	at org.apache.hadoop.ozone.container.keyvalue.statemachine.background.BlockDeletingService$BlockDeletingTask.call(BlockDeletingService.java:172)
	at java.util.concurrent.FutureTask.run(FutureTask.java:266)
	at java.util.concurrent.Executors$RunnableAdapter.call(Executors.java:511)
	at java.util.concurrent.FutureTask.run(FutureTask.java:266)
	at java.util.concurrent.Executors$RunnableAdapter.call(Executors.java:511)
	at java.util.concurrent.FutureTask.run(FutureTask.java:266)
	at java.util.concurrent.ScheduledThreadPoolExecutor$ScheduledFutureTask.access$201(ScheduledThreadPoolExecutor.java:180)
	at java.util.concurrent.ScheduledThreadPoolExecutor$ScheduledFutureTask.run(ScheduledThreadPoolExecutor.java:293)
	at java.util.concurrent.ThreadPoolExecutor.runWorker(ThreadPoolExecutor.java:1149)
	at java.util.concurrent.ThreadPoolExecutor$Worker.run(ThreadPoolExecutor.java:624)
	at java.lang.Thread.run(Thread.java:748)
Caused by: org.rocksdb.RocksDBException: While mkdir if missing: /opt/src/hadoop-ozone/integration-test/target/test-dir/MiniOzoneClusterImpl-43bfb4d4-2269-420d-a125-23ae713bb82d/datanode-0/data/containers/hdds/fcb9d5d5-7702-414d-85b0-d4d64dd4d07a/current/containerDir0/3/metadata/3-dn-container.db: No such file or directory
	at org.rocksdb.RocksDB.open(Native Method)
	at org.rocksdb.RocksDB.open(RocksDB.java:231)
	at org.apache.hadoop.utils.RocksDBStore.<init>(RocksDBStore.java:71)
	... 15 more
2019-06-14 12:59:36,405 WARN  utils.BackgroundService (BackgroundService.java:lambda$run$0(135)) - Background task fails to execute, retrying in next interval
java.util.concurrent.ExecutionException: org.apache.hadoop.hdds.scm.container.common.helpers.StorageContainerException: Error opening DB. Container:4 ContainerPath:/opt/src/hadoop-ozone/integration-test/target/test-dir/MiniOzoneClusterImpl-43bfb4d4-2269-420d-a125-23ae713bb82d/datanode-0/data/containers/hdds/fcb9d5d5-7702-414d-85b0-d4d64dd4d07a/current/containerDir0/4/metadata/4-dn-container.db
	at java.util.concurrent.FutureTask.report(FutureTask.java:122)
	at java.util.concurrent.FutureTask.get(FutureTask.java:206)
	at org.apache.hadoop.utils.BackgroundService$PeriodicalTask.lambda$run$0(BackgroundService.java:129)
	at java.util.stream.ForEachOps$ForEachOp$OfRef.accept(ForEachOps.java:184)
	at java.util.ArrayList$ArrayListSpliterator.forEachRemaining(ArrayList.java:1382)
	at java.util.stream.AbstractPipeline.copyInto(AbstractPipeline.java:482)
	at java.util.stream.ForEachOps$ForEachTask.compute(ForEachOps.java:291)
	at java.util.concurrent.CountedCompleter.exec(CountedCompleter.java:731)
	at java.util.concurrent.ForkJoinTask.doExec(ForkJoinTask.java:289)
	at java.util.concurrent.ForkJoinTask.doInvoke(ForkJoinTask.java:401)
	at java.util.concurrent.ForkJoinTask.invoke(ForkJoinTask.java:734)
	at java.util.stream.ForEachOps$ForEachOp.evaluateParallel(ForEachOps.java:160)
	at java.util.stream.ForEachOps$ForEachOp$OfRef.evaluateParallel(ForEachOps.java:174)
	at java.util.stream.AbstractPipeline.evaluate(AbstractPipeline.java:233)
	at java.util.stream.ReferencePipeline.forEach(ReferencePipeline.java:418)
	at java.util.stream.ReferencePipeline$Head.forEach(ReferencePipeline.java:583)
	at org.apache.hadoop.utils.BackgroundService$PeriodicalTask.run(BackgroundService.java:125)
	at java.util.concurrent.Executors$RunnableAdapter.call(Executors.java:511)
	at java.util.concurrent.FutureTask.runAndReset(FutureTask.java:308)
	at java.util.concurrent.ScheduledThreadPoolExecutor$ScheduledFutureTask.access$301(ScheduledThreadPoolExecutor.java:180)
	at java.util.concurrent.ScheduledThreadPoolExecutor$ScheduledFutureTask.run(ScheduledThreadPoolExecutor.java:294)
	at java.util.concurrent.ThreadPoolExecutor.runWorker(ThreadPoolExecutor.java:1149)
	at java.util.concurrent.ThreadPoolExecutor$Worker.run(ThreadPoolExecutor.java:624)
	at java.lang.Thread.run(Thread.java:748)
Caused by: org.apache.hadoop.hdds.scm.container.common.helpers.StorageContainerException: Error opening DB. Container:4 ContainerPath:/opt/src/hadoop-ozone/integration-test/target/test-dir/MiniOzoneClusterImpl-43bfb4d4-2269-420d-a125-23ae713bb82d/datanode-0/data/containers/hdds/fcb9d5d5-7702-414d-85b0-d4d64dd4d07a/current/containerDir0/4/metadata/4-dn-container.db
	at org.apache.hadoop.ozone.container.keyvalue.helpers.BlockUtils.getDB(BlockUtils.java:84)
	at org.apache.hadoop.ozone.container.keyvalue.statemachine.background.BlockDeletingService$BlockDeletingTask.call(BlockDeletingService.java:188)
	at org.apache.hadoop.ozone.container.keyvalue.statemachine.background.BlockDeletingService$BlockDeletingTask.call(BlockDeletingService.java:172)
	at java.util.concurrent.FutureTask.run(FutureTask.java:266)
	at java.util.concurrent.Executors$RunnableAdapter.call(Executors.java:511)
	at java.util.concurrent.FutureTask.run(FutureTask.java:266)
	at java.util.concurrent.Executors$RunnableAdapter.call(Executors.java:511)
	at java.util.concurrent.FutureTask.run(FutureTask.java:266)
	at java.util.concurrent.ScheduledThreadPoolExecutor$ScheduledFutureTask.access$201(ScheduledThreadPoolExecutor.java:180)
	at java.util.concurrent.ScheduledThreadPoolExecutor$ScheduledFutureTask.run(ScheduledThreadPoolExecutor.java:293)
	... 3 more
2019-06-14 12:59:36,407 ERROR utils.ContainerCache (ContainerCache.java:getDB(137)) - Error opening DB. Container:2 ContainerPath:/opt/src/hadoop-ozone/integration-test/target/test-dir/MiniOzoneClusterImpl-43bfb4d4-2269-420d-a125-23ae713bb82d/datanode-0/data/containers/hdds/fcb9d5d5-7702-414d-85b0-d4d64dd4d07a/current/containerDir0/2/metadata/2-dn-container.db
java.io.IOException: Failed init RocksDB, db path : /opt/src/hadoop-ozone/integration-test/target/test-dir/MiniOzoneClusterImpl-43bfb4d4-2269-420d-a125-23ae713bb82d/datanode-0/data/containers/hdds/fcb9d5d5-7702-414d-85b0-d4d64dd4d07a/current/containerDir0/2/metadata/2-dn-container.db
	at org.apache.hadoop.utils.RocksDBStore.<init>(RocksDBStore.java:87)
	at org.apache.hadoop.utils.MetadataStoreBuilder.build(MetadataStoreBuilder.java:137)
	at org.apache.hadoop.ozone.container.common.utils.ContainerCache.getDB(ContainerCache.java:129)
	at org.apache.hadoop.ozone.container.keyvalue.helpers.BlockUtils.getDB(BlockUtils.java:77)
	at org.apache.hadoop.ozone.container.keyvalue.statemachine.background.BlockDeletingService$BlockDeletingTask.call(BlockDeletingService.java:188)
	at org.apache.hadoop.ozone.container.keyvalue.statemachine.background.BlockDeletingService$BlockDeletingTask.call(BlockDeletingService.java:172)
	at java.util.concurrent.FutureTask.run(FutureTask.java:266)
	at java.util.concurrent.Executors$RunnableAdapter.call(Executors.java:511)
	at java.util.concurrent.FutureTask.run(FutureTask.java:266)
	at java.util.concurrent.Executors$RunnableAdapter.call(Executors.java:511)
	at java.util.concurrent.FutureTask.run(FutureTask.java:266)
	at java.util.concurrent.ScheduledThreadPoolExecutor$ScheduledFutureTask.access$201(ScheduledThreadPoolExecutor.java:180)
	at java.util.concurrent.ScheduledThreadPoolExecutor$ScheduledFutureTask.run(ScheduledThreadPoolExecutor.java:293)
	at java.util.concurrent.ThreadPoolExecutor.runWorker(ThreadPoolExecutor.java:1149)
	at java.util.concurrent.ThreadPoolExecutor$Worker.run(ThreadPoolExecutor.java:624)
	at java.lang.Thread.run(Thread.java:748)
Caused by: org.rocksdb.RocksDBException: While mkdir if missing: /opt/src/hadoop-ozone/integration-test/target/test-dir/MiniOzoneClusterImpl-43bfb4d4-2269-420d-a125-23ae713bb82d/datanode-0/data/containers/hdds/fcb9d5d5-7702-414d-85b0-d4d64dd4d07a/current/containerDir0/2/metadata/2-dn-container.db: No such file or directory
	at org.rocksdb.RocksDB.open(Native Method)
	at org.rocksdb.RocksDB.open(RocksDB.java:231)
	at org.apache.hadoop.utils.RocksDBStore.<init>(RocksDBStore.java:71)
	... 15 more
2019-06-14 12:59:36,407 WARN  utils.BackgroundService (BackgroundService.java:lambda$run$0(135)) - Background task fails to execute, retrying in next interval
java.util.concurrent.ExecutionException: org.apache.hadoop.hdds.scm.container.common.helpers.StorageContainerException: Error opening DB. Container:3 ContainerPath:/opt/src/hadoop-ozone/integration-test/target/test-dir/MiniOzoneClusterImpl-43bfb4d4-2269-420d-a125-23ae713bb82d/datanode-0/data/containers/hdds/fcb9d5d5-7702-414d-85b0-d4d64dd4d07a/current/containerDir0/3/metadata/3-dn-container.db
	at java.util.concurrent.FutureTask.report(FutureTask.java:122)
	at java.util.concurrent.FutureTask.get(FutureTask.java:206)
	at org.apache.hadoop.utils.BackgroundService$PeriodicalTask.lambda$run$0(BackgroundService.java:129)
	at java.util.stream.ForEachOps$ForEachOp$OfRef.accept(ForEachOps.java:184)
	at java.util.ArrayList$ArrayListSpliterator.forEachRemaining(ArrayList.java:1382)
	at java.util.stream.AbstractPipeline.copyInto(AbstractPipeline.java:482)
	at java.util.stream.ForEachOps$ForEachTask.compute(ForEachOps.java:291)
	at java.util.concurrent.CountedCompleter.exec(CountedCompleter.java:731)
	at java.util.concurrent.ForkJoinTask.doExec(ForkJoinTask.java:289)
	at java.util.concurrent.ForkJoinPool$WorkQueue.pollAndExecCC(ForkJoinPool.java:1190)
	at java.util.concurrent.ForkJoinPool.helpComplete(ForkJoinPool.java:1879)
	at java.util.concurrent.ForkJoinPool.externalHelpComplete(ForkJoinPool.java:2467)
	at java.util.concurrent.ForkJoinTask.externalAwaitDone(ForkJoinTask.java:324)
	at java.util.concurrent.ForkJoinTask.doInvoke(ForkJoinTask.java:405)
	at java.util.concurrent.ForkJoinTask.invoke(ForkJoinTask.java:734)
	at java.util.stream.ForEachOps$ForEachOp.evaluateParallel(ForEachOps.java:160)
	at java.util.stream.ForEachOps$ForEachOp$OfRef.evaluateParallel(ForEachOps.java:174)
	at java.util.stream.AbstractPipeline.evaluate(AbstractPipeline.java:233)
	at java.util.stream.ReferencePipeline.forEach(ReferencePipeline.java:418)
	at java.util.stream.ReferencePipeline$Head.forEach(ReferencePipeline.java:583)
	at org.apache.hadoop.utils.BackgroundService$PeriodicalTask.run(BackgroundService.java:125)
	at java.util.concurrent.Executors$RunnableAdapter.call(Executors.java:511)
	at java.util.concurrent.FutureTask.runAndReset(FutureTask.java:308)
	at java.util.concurrent.ScheduledThreadPoolExecutor$ScheduledFutureTask.access$301(ScheduledThreadPoolExecutor.java:180)
	at java.util.concurrent.ScheduledThreadPoolExecutor$ScheduledFutureTask.run(ScheduledThreadPoolExecutor.java:294)
	at java.util.concurrent.ThreadPoolExecutor.runWorker(ThreadPoolExecutor.java:1149)
	at java.util.concurrent.ThreadPoolExecutor$Worker.run(ThreadPoolExecutor.java:624)
	at java.lang.Thread.run(Thread.java:748)
Caused by: org.apache.hadoop.hdds.scm.container.common.helpers.StorageContainerException: Error opening DB. Container:3 ContainerPath:/opt/src/hadoop-ozone/integration-test/target/test-dir/MiniOzoneClusterImpl-43bfb4d4-2269-420d-a125-23ae713bb82d/datanode-0/data/containers/hdds/fcb9d5d5-7702-414d-85b0-d4d64dd4d07a/current/containerDir0/3/metadata/3-dn-container.db
	at org.apache.hadoop.ozone.container.keyvalue.helpers.BlockUtils.getDB(BlockUtils.java:84)
	at org.apache.hadoop.ozone.container.keyvalue.statemachine.background.BlockDeletingService$BlockDeletingTask.call(BlockDeletingService.java:188)
	at org.apache.hadoop.ozone.container.keyvalue.statemachine.background.BlockDeletingService$BlockDeletingTask.call(BlockDeletingService.java:172)
	at java.util.concurrent.FutureTask.run(FutureTask.java:266)
	at java.util.concurrent.Executors$RunnableAdapter.call(Executors.java:511)
	at java.util.concurrent.FutureTask.run(FutureTask.java:266)
	at java.util.concurrent.Executors$RunnableAdapter.call(Executors.java:511)
	at java.util.concurrent.FutureTask.run(FutureTask.java:266)
	at java.util.concurrent.ScheduledThreadPoolExecutor$ScheduledFutureTask.access$201(ScheduledThreadPoolExecutor.java:180)
	at java.util.concurrent.ScheduledThreadPoolExecutor$ScheduledFutureTask.run(ScheduledThreadPoolExecutor.java:293)
	... 3 more
2019-06-14 12:59:36,410 WARN  utils.BackgroundService (BackgroundService.java:lambda$run$0(135)) - Background task fails to execute, retrying in next interval
java.util.concurrent.ExecutionException: org.apache.hadoop.hdds.scm.container.common.helpers.StorageContainerException: Error opening DB. Container:2 ContainerPath:/opt/src/hadoop-ozone/integration-test/target/test-dir/MiniOzoneClusterImpl-43bfb4d4-2269-420d-a125-23ae713bb82d/datanode-0/data/containers/hdds/fcb9d5d5-7702-414d-85b0-d4d64dd4d07a/current/containerDir0/2/metadata/2-dn-container.db
	at java.util.concurrent.FutureTask.report(FutureTask.java:122)
	at java.util.concurrent.FutureTask.get(FutureTask.java:206)
	at org.apache.hadoop.utils.BackgroundService$PeriodicalTask.lambda$run$0(BackgroundService.java:129)
	at java.util.stream.ForEachOps$ForEachOp$OfRef.accept(ForEachOps.java:184)
	at java.util.ArrayList$ArrayListSpliterator.forEachRemaining(ArrayList.java:1382)
	at java.util.stream.AbstractPipeline.copyInto(AbstractPipeline.java:482)
	at java.util.stream.ForEachOps$ForEachTask.compute(ForEachOps.java:291)
	at java.util.concurrent.CountedCompleter.exec(CountedCompleter.java:731)
	at java.util.concurrent.ForkJoinTask.doExec(ForkJoinTask.java:289)
	at java.util.concurrent.ForkJoinPool$WorkQueue.runTask(ForkJoinPool.java:1056)
	at java.util.concurrent.ForkJoinPool.runWorker(ForkJoinPool.java:1692)
	at java.util.concurrent.ForkJoinWorkerThread.run(ForkJoinWorkerThread.java:157)
Caused by: org.apache.hadoop.hdds.scm.container.common.helpers.StorageContainerException: Error opening DB. Container:2 ContainerPath:/opt/src/hadoop-ozone/integration-test/target/test-dir/MiniOzoneClusterImpl-43bfb4d4-2269-420d-a125-23ae713bb82d/datanode-0/data/containers/hdds/fcb9d5d5-7702-414d-85b0-d4d64dd4d07a/current/containerDir0/2/metadata/2-dn-container.db
	at org.apache.hadoop.ozone.container.keyvalue.helpers.BlockUtils.getDB(BlockUtils.java:84)
	at org.apache.hadoop.ozone.container.keyvalue.statemachine.background.BlockDeletingService$BlockDeletingTask.call(BlockDeletingService.java:188)
	at org.apache.hadoop.ozone.container.keyvalue.statemachine.background.BlockDeletingService$BlockDeletingTask.call(BlockDeletingService.java:172)
	at java.util.concurrent.FutureTask.run(FutureTask.java:266)
	at java.util.concurrent.Executors$RunnableAdapter.call(Executors.java:511)
	at java.util.concurrent.FutureTask.run(FutureTask.java:266)
	at java.util.concurrent.Executors$RunnableAdapter.call(Executors.java:511)
	at java.util.concurrent.FutureTask.run(FutureTask.java:266)
	at java.util.concurrent.ScheduledThreadPoolExecutor$ScheduledFutureTask.access$201(ScheduledThreadPoolExecutor.java:180)
	at java.util.concurrent.ScheduledThreadPoolExecutor$ScheduledFutureTask.run(ScheduledThreadPoolExecutor.java:293)
	at java.util.concurrent.ThreadPoolExecutor.runWorker(ThreadPoolExecutor.java:1149)
	at java.util.concurrent.ThreadPoolExecutor$Worker.run(ThreadPoolExecutor.java:624)
	at java.lang.Thread.run(Thread.java:748)
2019-06-14 12:59:36,893 INFO  ozone.MiniOzoneClusterImpl (MiniOzoneClusterImpl.java:lambda$waitForClusterToBeReady$0(142)) - Waiting for cluster to be ready. Got 0 of 1 DN Heartbeats.
2019-06-14 12:59:37,413 INFO  background.BlockDeletingService (BlockDeletingService.java:getTasks(123)) - Plan to choose 10 containers for block deletion, actually returns 5 valid containers.
2019-06-14 12:59:37,414 ERROR utils.ContainerCache (ContainerCache.java:getDB(137)) - Error opening DB. Container:1 ContainerPath:/opt/src/hadoop-ozone/integration-test/target/test-dir/MiniOzoneClusterImpl-43bfb4d4-2269-420d-a125-23ae713bb82d/datanode-0/data/containers/hdds/fcb9d5d5-7702-414d-85b0-d4d64dd4d07a/current/containerDir0/1/metadata/1-dn-container.db
java.io.IOException: Failed init RocksDB, db path : /opt/src/hadoop-ozone/integration-test/target/test-dir/MiniOzoneClusterImpl-43bfb4d4-2269-420d-a125-23ae713bb82d/datanode-0/data/containers/hdds/fcb9d5d5-7702-414d-85b0-d4d64dd4d07a/current/containerDir0/1/metadata/1-dn-container.db
	at org.apache.hadoop.utils.RocksDBStore.<init>(RocksDBStore.java:87)
	at org.apache.hadoop.utils.MetadataStoreBuilder.build(MetadataStoreBuilder.java:137)
	at org.apache.hadoop.ozone.container.common.utils.ContainerCache.getDB(ContainerCache.java:129)
	at org.apache.hadoop.ozone.container.keyvalue.helpers.BlockUtils.getDB(BlockUtils.java:77)
	at org.apache.hadoop.ozone.container.keyvalue.statemachine.background.BlockDeletingService$BlockDeletingTask.call(BlockDeletingService.java:188)
	at org.apache.hadoop.ozone.container.keyvalue.statemachine.background.BlockDeletingService$BlockDeletingTask.call(BlockDeletingService.java:172)
	at java.util.concurrent.FutureTask.run(FutureTask.java:266)
	at java.util.concurrent.Executors$RunnableAdapter.call(Executors.java:511)
	at java.util.concurrent.FutureTask.run(FutureTask.java:266)
	at java.util.concurrent.Executors$RunnableAdapter.call(Executors.java:511)
	at java.util.concurrent.FutureTask.run(FutureTask.java:266)
	at java.util.concurrent.ScheduledThreadPoolExecutor$ScheduledFutureTask.access$201(ScheduledThreadPoolExecutor.java:180)
	at java.util.concurrent.ScheduledThreadPoolExecutor$ScheduledFutureTask.run(ScheduledThreadPoolExecutor.java:293)
	at java.util.concurrent.ThreadPoolExecutor.runWorker(ThreadPoolExecutor.java:1149)
	at java.util.concurrent.ThreadPoolExecutor$Worker.run(ThreadPoolExecutor.java:624)
	at java.lang.Thread.run(Thread.java:748)
Caused by: org.rocksdb.RocksDBException: While mkdir if missing: /opt/src/hadoop-ozone/integration-test/target/test-dir/MiniOzoneClusterImpl-43bfb4d4-2269-420d-a125-23ae713bb82d/datanode-0/data/containers/hdds/fcb9d5d5-7702-414d-85b0-d4d64dd4d07a/current/containerDir0/1/metadata/1-dn-container.db: No such file or directory
	at org.rocksdb.RocksDB.open(Native Method)
	at org.rocksdb.RocksDB.open(RocksDB.java:231)
	at org.apache.hadoop.utils.RocksDBStore.<init>(RocksDBStore.java:71)
	... 15 more
2019-06-14 12:59:37,414 ERROR utils.ContainerCache (ContainerCache.java:getDB(137)) - Error opening DB. Container:5 ContainerPath:/opt/src/hadoop-ozone/integration-test/target/test-dir/MiniOzoneClusterImpl-43bfb4d4-2269-420d-a125-23ae713bb82d/datanode-0/data/containers/hdds/fcb9d5d5-7702-414d-85b0-d4d64dd4d07a/current/containerDir0/5/metadata/5-dn-container.db
java.io.IOException: Failed init RocksDB, db path : /opt/src/hadoop-ozone/integration-test/target/test-dir/MiniOzoneClusterImpl-43bfb4d4-2269-420d-a125-23ae713bb82d/datanode-0/data/containers/hdds/fcb9d5d5-7702-414d-85b0-d4d64dd4d07a/current/containerDir0/5/metadata/5-dn-container.db
	at org.apache.hadoop.utils.RocksDBStore.<init>(RocksDBStore.java:87)
	at org.apache.hadoop.utils.MetadataStoreBuilder.build(MetadataStoreBuilder.java:137)
	at org.apache.hadoop.ozone.container.common.utils.ContainerCache.getDB(ContainerCache.java:129)
	at org.apache.hadoop.ozone.container.keyvalue.helpers.BlockUtils.getDB(BlockUtils.java:77)
	at org.apache.hadoop.ozone.container.keyvalue.statemachine.background.BlockDeletingService$BlockDeletingTask.call(BlockDeletingService.java:188)
	at org.apache.hadoop.ozone.container.keyvalue.statemachine.background.BlockDeletingService$BlockDeletingTask.call(BlockDeletingService.java:172)
	at java.util.concurrent.FutureTask.run(FutureTask.java:266)
	at java.util.concurrent.Executors$RunnableAdapter.call(Executors.java:511)
	at java.util.concurrent.FutureTask.run(FutureTask.java:266)
	at java.util.concurrent.Executors$RunnableAdapter.call(Executors.java:511)
	at java.util.concurrent.FutureTask.run(FutureTask.java:266)
	at java.util.concurrent.ScheduledThreadPoolExecutor$ScheduledFutureTask.access$201(ScheduledThreadPoolExecutor.java:180)
	at java.util.concurrent.ScheduledThreadPoolExecutor$ScheduledFutureTask.run(ScheduledThreadPoolExecutor.java:293)
	at java.util.concurrent.ThreadPoolExecutor.runWorker(ThreadPoolExecutor.java:1149)
	at java.util.concurrent.ThreadPoolExecutor$Worker.run(ThreadPoolExecutor.java:624)
	at java.lang.Thread.run(Thread.java:748)
Caused by: org.rocksdb.RocksDBException: While mkdir if missing: /opt/src/hadoop-ozone/integration-test/target/test-dir/MiniOzoneClusterImpl-43bfb4d4-2269-420d-a125-23ae713bb82d/datanode-0/data/containers/hdds/fcb9d5d5-7702-414d-85b0-d4d64dd4d07a/current/containerDir0/5/metadata/5-dn-container.db: No such file or directory
	at org.rocksdb.RocksDB.open(Native Method)
	at org.rocksdb.RocksDB.open(RocksDB.java:231)
	at org.apache.hadoop.utils.RocksDBStore.<init>(RocksDBStore.java:71)
	... 15 more
2019-06-14 12:59:37,415 WARN  utils.BackgroundService (BackgroundService.java:lambda$run$0(135)) - Background task fails to execute, retrying in next interval
java.util.concurrent.ExecutionException: org.apache.hadoop.hdds.scm.container.common.helpers.StorageContainerException: Error opening DB. Container:5 ContainerPath:/opt/src/hadoop-ozone/integration-test/target/test-dir/MiniOzoneClusterImpl-43bfb4d4-2269-420d-a125-23ae713bb82d/datanode-0/data/containers/hdds/fcb9d5d5-7702-414d-85b0-d4d64dd4d07a/current/containerDir0/5/metadata/5-dn-container.db
	at java.util.concurrent.FutureTask.report(FutureTask.java:122)
	at java.util.concurrent.FutureTask.get(FutureTask.java:206)
	at org.apache.hadoop.utils.BackgroundService$PeriodicalTask.lambda$run$0(BackgroundService.java:129)
	at java.util.stream.ForEachOps$ForEachOp$OfRef.accept(ForEachOps.java:184)
	at java.util.ArrayList$ArrayListSpliterator.forEachRemaining(ArrayList.java:1382)
	at java.util.stream.AbstractPipeline.copyInto(AbstractPipeline.java:482)
	at java.util.stream.ForEachOps$ForEachTask.compute(ForEachOps.java:291)
	at java.util.concurrent.CountedCompleter.exec(CountedCompleter.java:731)
	at java.util.concurrent.ForkJoinTask.doExec(ForkJoinTask.java:289)
	at java.util.concurrent.ForkJoinPool$WorkQueue.runTask(ForkJoinPool.java:1056)
	at java.util.concurrent.ForkJoinPool.runWorker(ForkJoinPool.java:1692)
	at java.util.concurrent.ForkJoinWorkerThread.run(ForkJoinWorkerThread.java:157)
Caused by: org.apache.hadoop.hdds.scm.container.common.helpers.StorageContainerException: Error opening DB. Container:5 ContainerPath:/opt/src/hadoop-ozone/integration-test/target/test-dir/MiniOzoneClusterImpl-43bfb4d4-2269-420d-a125-23ae713bb82d/datanode-0/data/containers/hdds/fcb9d5d5-7702-414d-85b0-d4d64dd4d07a/current/containerDir0/5/metadata/5-dn-container.db
	at org.apache.hadoop.ozone.container.keyvalue.helpers.BlockUtils.getDB(BlockUtils.java:84)
	at org.apache.hadoop.ozone.container.keyvalue.statemachine.background.BlockDeletingService$BlockDeletingTask.call(BlockDeletingService.java:188)
	at org.apache.hadoop.ozone.container.keyvalue.statemachine.background.BlockDeletingService$BlockDeletingTask.call(BlockDeletingService.java:172)
	at java.util.concurrent.FutureTask.run(FutureTask.java:266)
	at java.util.concurrent.Executors$RunnableAdapter.call(Executors.java:511)
	at java.util.concurrent.FutureTask.run(FutureTask.java:266)
	at java.util.concurrent.Executors$RunnableAdapter.call(Executors.java:511)
	at java.util.concurrent.FutureTask.run(FutureTask.java:266)
	at java.util.concurrent.ScheduledThreadPoolExecutor$ScheduledFutureTask.access$201(ScheduledThreadPoolExecutor.java:180)
	at java.util.concurrent.ScheduledThreadPoolExecutor$ScheduledFutureTask.run(ScheduledThreadPoolExecutor.java:293)
	at java.util.concurrent.ThreadPoolExecutor.runWorker(ThreadPoolExecutor.java:1149)
	at java.util.concurrent.ThreadPoolExecutor$Worker.run(ThreadPoolExecutor.java:624)
	at java.lang.Thread.run(Thread.java:748)
2019-06-14 12:59:37,415 ERROR utils.ContainerCache (ContainerCache.java:getDB(137)) - Error opening DB. Container:4 ContainerPath:/opt/src/hadoop-ozone/integration-test/target/test-dir/MiniOzoneClusterImpl-43bfb4d4-2269-420d-a125-23ae713bb82d/datanode-0/data/containers/hdds/fcb9d5d5-7702-414d-85b0-d4d64dd4d07a/current/containerDir0/4/metadata/4-dn-container.db
java.io.IOException: Failed init RocksDB, db path : /opt/src/hadoop-ozone/integration-test/target/test-dir/MiniOzoneClusterImpl-43bfb4d4-2269-420d-a125-23ae713bb82d/datanode-0/data/containers/hdds/fcb9d5d5-7702-414d-85b0-d4d64dd4d07a/current/containerDir0/4/metadata/4-dn-container.db
	at org.apache.hadoop.utils.RocksDBStore.<init>(RocksDBStore.java:87)
	at org.apache.hadoop.utils.MetadataStoreBuilder.build(MetadataStoreBuilder.java:137)
	at org.apache.hadoop.ozone.container.common.utils.ContainerCache.getDB(ContainerCache.java:129)
	at org.apache.hadoop.ozone.container.keyvalue.helpers.BlockUtils.getDB(BlockUtils.java:77)
	at org.apache.hadoop.ozone.container.keyvalue.statemachine.background.BlockDeletingService$BlockDeletingTask.call(BlockDeletingService.java:188)
	at org.apache.hadoop.ozone.container.keyvalue.statemachine.background.BlockDeletingService$BlockDeletingTask.call(BlockDeletingService.java:172)
	at java.util.concurrent.FutureTask.run(FutureTask.java:266)
	at java.util.concurrent.Executors$RunnableAdapter.call(Executors.java:511)
	at java.util.concurrent.FutureTask.run(FutureTask.java:266)
	at java.util.concurrent.Executors$RunnableAdapter.call(Executors.java:511)
	at java.util.concurrent.FutureTask.run(FutureTask.java:266)
	at java.util.concurrent.ScheduledThreadPoolExecutor$ScheduledFutureTask.access$201(ScheduledThreadPoolExecutor.java:180)
	at java.util.concurrent.ScheduledThreadPoolExecutor$ScheduledFutureTask.run(ScheduledThreadPoolExecutor.java:293)
	at java.util.concurrent.ThreadPoolExecutor.runWorker(ThreadPoolExecutor.java:1149)
	at java.util.concurrent.ThreadPoolExecutor$Worker.run(ThreadPoolExecutor.java:624)
	at java.lang.Thread.run(Thread.java:748)
Caused by: org.rocksdb.RocksDBException: While mkdir if missing: /opt/src/hadoop-ozone/integration-test/target/test-dir/MiniOzoneClusterImpl-43bfb4d4-2269-420d-a125-23ae713bb82d/datanode-0/data/containers/hdds/fcb9d5d5-7702-414d-85b0-d4d64dd4d07a/current/containerDir0/4/metadata/4-dn-container.db: No such file or directory
	at org.rocksdb.RocksDB.open(Native Method)
	at org.rocksdb.RocksDB.open(RocksDB.java:231)
	at org.apache.hadoop.utils.RocksDBStore.<init>(RocksDBStore.java:71)
	... 15 more
2019-06-14 12:59:37,416 WARN  utils.BackgroundService (BackgroundService.java:lambda$run$0(135)) - Background task fails to execute, retrying in next interval
java.util.concurrent.ExecutionException: org.apache.hadoop.hdds.scm.container.common.helpers.StorageContainerException: Error opening DB. Container:1 ContainerPath:/opt/src/hadoop-ozone/integration-test/target/test-dir/MiniOzoneClusterImpl-43bfb4d4-2269-420d-a125-23ae713bb82d/datanode-0/data/containers/hdds/fcb9d5d5-7702-414d-85b0-d4d64dd4d07a/current/containerDir0/1/metadata/1-dn-container.db
	at java.util.concurrent.FutureTask.report(FutureTask.java:122)
	at java.util.concurrent.FutureTask.get(FutureTask.java:206)
	at org.apache.hadoop.utils.BackgroundService$PeriodicalTask.lambda$run$0(BackgroundService.java:129)
	at java.util.stream.ForEachOps$ForEachOp$OfRef.accept(ForEachOps.java:184)
	at java.util.ArrayList$ArrayListSpliterator.forEachRemaining(ArrayList.java:1382)
	at java.util.stream.AbstractPipeline.copyInto(AbstractPipeline.java:482)
	at java.util.stream.ForEachOps$ForEachTask.compute(ForEachOps.java:291)
	at java.util.concurrent.CountedCompleter.exec(CountedCompleter.java:731)
	at java.util.concurrent.ForkJoinTask.doExec(ForkJoinTask.java:289)
	at java.util.concurrent.ForkJoinPool$WorkQueue.execLocalTasks(ForkJoinPool.java:1040)
	at java.util.concurrent.ForkJoinPool$WorkQueue.runTask(ForkJoinPool.java:1058)
	at java.util.concurrent.ForkJoinPool.runWorker(ForkJoinPool.java:1692)
	at java.util.concurrent.ForkJoinWorkerThread.run(ForkJoinWorkerThread.java:157)
Caused by: org.apache.hadoop.hdds.scm.container.common.helpers.StorageContainerException: Error opening DB. Container:1 ContainerPath:/opt/src/hadoop-ozone/integration-test/target/test-dir/MiniOzoneClusterImpl-43bfb4d4-2269-420d-a125-23ae713bb82d/datanode-0/data/containers/hdds/fcb9d5d5-7702-414d-85b0-d4d64dd4d07a/current/containerDir0/1/metadata/1-dn-container.db
	at org.apache.hadoop.ozone.container.keyvalue.helpers.BlockUtils.getDB(BlockUtils.java:84)
	at org.apache.hadoop.ozone.container.keyvalue.statemachine.background.BlockDeletingService$BlockDeletingTask.call(BlockDeletingService.java:188)
	at org.apache.hadoop.ozone.container.keyvalue.statemachine.background.BlockDeletingService$BlockDeletingTask.call(BlockDeletingService.java:172)
	at java.util.concurrent.FutureTask.run(FutureTask.java:266)
	at java.util.concurrent.Executors$RunnableAdapter.call(Executors.java:511)
	at java.util.concurrent.FutureTask.run(FutureTask.java:266)
	at java.util.concurrent.Executors$RunnableAdapter.call(Executors.java:511)
	at java.util.concurrent.FutureTask.run(FutureTask.java:266)
	at java.util.concurrent.ScheduledThreadPoolExecutor$ScheduledFutureTask.access$201(ScheduledThreadPoolExecutor.java:180)
	at java.util.concurrent.ScheduledThreadPoolExecutor$ScheduledFutureTask.run(ScheduledThreadPoolExecutor.java:293)
	at java.util.concurrent.ThreadPoolExecutor.runWorker(ThreadPoolExecutor.java:1149)
	at java.util.concurrent.ThreadPoolExecutor$Worker.run(ThreadPoolExecutor.java:624)
	at java.lang.Thread.run(Thread.java:748)
2019-06-14 12:59:37,417 ERROR utils.ContainerCache (ContainerCache.java:getDB(137)) - Error opening DB. Container:3 ContainerPath:/opt/src/hadoop-ozone/integration-test/target/test-dir/MiniOzoneClusterImpl-43bfb4d4-2269-420d-a125-23ae713bb82d/datanode-0/data/containers/hdds/fcb9d5d5-7702-414d-85b0-d4d64dd4d07a/current/containerDir0/3/metadata/3-dn-container.db
java.io.IOException: Failed init RocksDB, db path : /opt/src/hadoop-ozone/integration-test/target/test-dir/MiniOzoneClusterImpl-43bfb4d4-2269-420d-a125-23ae713bb82d/datanode-0/data/containers/hdds/fcb9d5d5-7702-414d-85b0-d4d64dd4d07a/current/containerDir0/3/metadata/3-dn-container.db
	at org.apache.hadoop.utils.RocksDBStore.<init>(RocksDBStore.java:87)
	at org.apache.hadoop.utils.MetadataStoreBuilder.build(MetadataStoreBuilder.java:137)
	at org.apache.hadoop.ozone.container.common.utils.ContainerCache.getDB(ContainerCache.java:129)
	at org.apache.hadoop.ozone.container.keyvalue.helpers.BlockUtils.getDB(BlockUtils.java:77)
	at org.apache.hadoop.ozone.container.keyvalue.statemachine.background.BlockDeletingService$BlockDeletingTask.call(BlockDeletingService.java:188)
	at org.apache.hadoop.ozone.container.keyvalue.statemachine.background.BlockDeletingService$BlockDeletingTask.call(BlockDeletingService.java:172)
	at java.util.concurrent.FutureTask.run(FutureTask.java:266)
	at java.util.concurrent.Executors$RunnableAdapter.call(Executors.java:511)
	at java.util.concurrent.FutureTask.run(FutureTask.java:266)
	at java.util.concurrent.Executors$RunnableAdapter.call(Executors.java:511)
	at java.util.concurrent.FutureTask.run(FutureTask.java:266)
	at java.util.concurrent.ScheduledThreadPoolExecutor$ScheduledFutureTask.access$201(ScheduledThreadPoolExecutor.java:180)
	at java.util.concurrent.ScheduledThreadPoolExecutor$ScheduledFutureTask.run(ScheduledThreadPoolExecutor.java:293)
	at java.util.concurrent.ThreadPoolExecutor.runWorker(ThreadPoolExecutor.java:1149)
	at java.util.concurrent.ThreadPoolExecutor$Worker.run(ThreadPoolExecutor.java:624)
	at java.lang.Thread.run(Thread.java:748)
Caused by: org.rocksdb.RocksDBException: While mkdir if missing: /opt/src/hadoop-ozone/integration-test/target/test-dir/MiniOzoneClusterImpl-43bfb4d4-2269-420d-a125-23ae713bb82d/datanode-0/data/containers/hdds/fcb9d5d5-7702-414d-85b0-d4d64dd4d07a/current/containerDir0/3/metadata/3-dn-container.db: No such file or directory
	at org.rocksdb.RocksDB.open(Native Method)
	at org.rocksdb.RocksDB.open(RocksDB.java:231)
	at org.apache.hadoop.utils.RocksDBStore.<init>(RocksDBStore.java:71)
	... 15 more
2019-06-14 12:59:37,416 WARN  utils.BackgroundService (BackgroundService.java:lambda$run$0(135)) - Background task fails to execute, retrying in next interval
java.util.concurrent.ExecutionException: org.apache.hadoop.hdds.scm.container.common.helpers.StorageContainerException: Error opening DB. Container:4 ContainerPath:/opt/src/hadoop-ozone/integration-test/target/test-dir/MiniOzoneClusterImpl-43bfb4d4-2269-420d-a125-23ae713bb82d/datanode-0/data/containers/hdds/fcb9d5d5-7702-414d-85b0-d4d64dd4d07a/current/containerDir0/4/metadata/4-dn-container.db
	at java.util.concurrent.FutureTask.report(FutureTask.java:122)
	at java.util.concurrent.FutureTask.get(FutureTask.java:206)
	at org.apache.hadoop.utils.BackgroundService$PeriodicalTask.lambda$run$0(BackgroundService.java:129)
	at java.util.stream.ForEachOps$ForEachOp$OfRef.accept(ForEachOps.java:184)
	at java.util.ArrayList$ArrayListSpliterator.forEachRemaining(ArrayList.java:1382)
	at java.util.stream.AbstractPipeline.copyInto(AbstractPipeline.java:482)
	at java.util.stream.ForEachOps$ForEachTask.compute(ForEachOps.java:291)
	at java.util.concurrent.CountedCompleter.exec(CountedCompleter.java:731)
	at java.util.concurrent.ForkJoinTask.doExec(ForkJoinTask.java:289)
	at java.util.concurrent.ForkJoinTask.doInvoke(ForkJoinTask.java:401)
	at java.util.concurrent.ForkJoinTask.invoke(ForkJoinTask.java:734)
	at java.util.stream.ForEachOps$ForEachOp.evaluateParallel(ForEachOps.java:160)
	at java.util.stream.ForEachOps$ForEachOp$OfRef.evaluateParallel(ForEachOps.java:174)
	at java.util.stream.AbstractPipeline.evaluate(AbstractPipeline.java:233)
	at java.util.stream.ReferencePipeline.forEach(ReferencePipeline.java:418)
	at java.util.stream.ReferencePipeline$Head.forEach(ReferencePipeline.java:583)
	at org.apache.hadoop.utils.BackgroundService$PeriodicalTask.run(BackgroundService.java:125)
	at java.util.concurrent.Executors$RunnableAdapter.call(Executors.java:511)
	at java.util.concurrent.FutureTask.runAndReset(FutureTask.java:308)
	at java.util.concurrent.ScheduledThreadPoolExecutor$ScheduledFutureTask.access$301(ScheduledThreadPoolExecutor.java:180)
	at java.util.concurrent.ScheduledThreadPoolExecutor$ScheduledFutureTask.run(ScheduledThreadPoolExecutor.java:294)
	at java.util.concurrent.ThreadPoolExecutor.runWorker(ThreadPoolExecutor.java:1149)
	at java.util.concurrent.ThreadPoolExecutor$Worker.run(ThreadPoolExecutor.java:624)
	at java.lang.Thread.run(Thread.java:748)
Caused by: org.apache.hadoop.hdds.scm.container.common.helpers.StorageContainerException: Error opening DB. Container:4 ContainerPath:/opt/src/hadoop-ozone/integration-test/target/test-dir/MiniOzoneClusterImpl-43bfb4d4-2269-420d-a125-23ae713bb82d/datanode-0/data/containers/hdds/fcb9d5d5-7702-414d-85b0-d4d64dd4d07a/current/containerDir0/4/metadata/4-dn-container.db
	at org.apache.hadoop.ozone.container.keyvalue.helpers.BlockUtils.getDB(BlockUtils.java:84)
	at org.apache.hadoop.ozone.container.keyvalue.statemachine.background.BlockDeletingService$BlockDeletingTask.call(BlockDeletingService.java:188)
	at org.apache.hadoop.ozone.container.keyvalue.statemachine.background.BlockDeletingService$BlockDeletingTask.call(BlockDeletingService.java:172)
	at java.util.concurrent.FutureTask.run(FutureTask.java:266)
	at java.util.concurrent.Executors$RunnableAdapter.call(Executors.java:511)
	at java.util.concurrent.FutureTask.run(FutureTask.java:266)
	at java.util.concurrent.Executors$RunnableAdapter.call(Executors.java:511)
	at java.util.concurrent.FutureTask.run(FutureTask.java:266)
	at java.util.concurrent.ScheduledThreadPoolExecutor$ScheduledFutureTask.access$201(ScheduledThreadPoolExecutor.java:180)
	at java.util.concurrent.ScheduledThreadPoolExecutor$ScheduledFutureTask.run(ScheduledThreadPoolExecutor.java:293)
	... 3 more
2019-06-14 12:59:37,417 ERROR utils.ContainerCache (ContainerCache.java:getDB(137)) - Error opening DB. Container:2 ContainerPath:/opt/src/hadoop-ozone/integration-test/target/test-dir/MiniOzoneClusterImpl-43bfb4d4-2269-420d-a125-23ae713bb82d/datanode-0/data/containers/hdds/fcb9d5d5-7702-414d-85b0-d4d64dd4d07a/current/containerDir0/2/metadata/2-dn-container.db
java.io.IOException: Failed init RocksDB, db path : /opt/src/hadoop-ozone/integration-test/target/test-dir/MiniOzoneClusterImpl-43bfb4d4-2269-420d-a125-23ae713bb82d/datanode-0/data/containers/hdds/fcb9d5d5-7702-414d-85b0-d4d64dd4d07a/current/containerDir0/2/metadata/2-dn-container.db
	at org.apache.hadoop.utils.RocksDBStore.<init>(RocksDBStore.java:87)
	at org.apache.hadoop.utils.MetadataStoreBuilder.build(MetadataStoreBuilder.java:137)
	at org.apache.hadoop.ozone.container.common.utils.ContainerCache.getDB(ContainerCache.java:129)
	at org.apache.hadoop.ozone.container.keyvalue.helpers.BlockUtils.getDB(BlockUtils.java:77)
	at org.apache.hadoop.ozone.container.keyvalue.statemachine.background.BlockDeletingService$BlockDeletingTask.call(BlockDeletingService.java:188)
	at org.apache.hadoop.ozone.container.keyvalue.statemachine.background.BlockDeletingService$BlockDeletingTask.call(BlockDeletingService.java:172)
	at java.util.concurrent.FutureTask.run(FutureTask.java:266)
	at java.util.concurrent.Executors$RunnableAdapter.call(Executors.java:511)
	at java.util.concurrent.FutureTask.run(FutureTask.java:266)
	at java.util.concurrent.Executors$RunnableAdapter.call(Executors.java:511)
	at java.util.concurrent.FutureTask.run(FutureTask.java:266)
	at java.util.concurrent.ScheduledThreadPoolExecutor$ScheduledFutureTask.access$201(ScheduledThreadPoolExecutor.java:180)
	at java.util.concurrent.ScheduledThreadPoolExecutor$ScheduledFutureTask.run(ScheduledThreadPoolExecutor.java:293)
	at java.util.concurrent.ThreadPoolExecutor.runWorker(ThreadPoolExecutor.java:1149)
	at java.util.concurrent.ThreadPoolExecutor$Worker.run(ThreadPoolExecutor.java:624)
	at java.lang.Thread.run(Thread.java:748)
Caused by: org.rocksdb.RocksDBException: While mkdir if missing: /opt/src/hadoop-ozone/integration-test/target/test-dir/MiniOzoneClusterImpl-43bfb4d4-2269-420d-a125-23ae713bb82d/datanode-0/data/containers/hdds/fcb9d5d5-7702-414d-85b0-d4d64dd4d07a/current/containerDir0/2/metadata/2-dn-container.db: No such file or directory
	at org.rocksdb.RocksDB.open(Native Method)
	at org.rocksdb.RocksDB.open(RocksDB.java:231)
	at org.apache.hadoop.utils.RocksDBStore.<init>(RocksDBStore.java:71)
	... 15 more
2019-06-14 12:59:37,418 WARN  utils.BackgroundService (BackgroundService.java:lambda$run$0(135)) - Background task fails to execute, retrying in next interval
java.util.concurrent.ExecutionException: org.apache.hadoop.hdds.scm.container.common.helpers.StorageContainerException: Error opening DB. Container:3 ContainerPath:/opt/src/hadoop-ozone/integration-test/target/test-dir/MiniOzoneClusterImpl-43bfb4d4-2269-420d-a125-23ae713bb82d/datanode-0/data/containers/hdds/fcb9d5d5-7702-414d-85b0-d4d64dd4d07a/current/containerDir0/3/metadata/3-dn-container.db
	at java.util.concurrent.FutureTask.report(FutureTask.java:122)
	at java.util.concurrent.FutureTask.get(FutureTask.java:206)
	at org.apache.hadoop.utils.BackgroundService$PeriodicalTask.lambda$run$0(BackgroundService.java:129)
	at java.util.stream.ForEachOps$ForEachOp$OfRef.accept(ForEachOps.java:184)
	at java.util.ArrayList$ArrayListSpliterator.forEachRemaining(ArrayList.java:1382)
	at java.util.stream.AbstractPipeline.copyInto(AbstractPipeline.java:482)
	at java.util.stream.ForEachOps$ForEachTask.compute(ForEachOps.java:291)
	at java.util.concurrent.CountedCompleter.exec(CountedCompleter.java:731)
	at java.util.concurrent.ForkJoinTask.doExec(ForkJoinTask.java:289)
	at java.util.concurrent.ForkJoinPool$WorkQueue.pollAndExecCC(ForkJoinPool.java:1190)
	at java.util.concurrent.ForkJoinPool.helpComplete(ForkJoinPool.java:1879)
	at java.util.concurrent.ForkJoinPool.externalHelpComplete(ForkJoinPool.java:2467)
	at java.util.concurrent.ForkJoinTask.externalAwaitDone(ForkJoinTask.java:324)
	at java.util.concurrent.ForkJoinTask.doInvoke(ForkJoinTask.java:405)
	at java.util.concurrent.ForkJoinTask.invoke(ForkJoinTask.java:734)
	at java.util.stream.ForEachOps$ForEachOp.evaluateParallel(ForEachOps.java:160)
	at java.util.stream.ForEachOps$ForEachOp$OfRef.evaluateParallel(ForEachOps.java:174)
	at java.util.stream.AbstractPipeline.evaluate(AbstractPipeline.java:233)
	at java.util.stream.ReferencePipeline.forEach(ReferencePipeline.java:418)
	at java.util.stream.ReferencePipeline$Head.forEach(ReferencePipeline.java:583)
	at org.apache.hadoop.utils.BackgroundService$PeriodicalTask.run(BackgroundService.java:125)
	at java.util.concurrent.Executors$RunnableAdapter.call(Executors.java:511)
	at java.util.concurrent.FutureTask.runAndReset(FutureTask.java:308)
	at java.util.concurrent.ScheduledThreadPoolExecutor$ScheduledFutureTask.access$301(ScheduledThreadPoolExecutor.java:180)
	at java.util.concurrent.ScheduledThreadPoolExecutor$ScheduledFutureTask.run(ScheduledThreadPoolExecutor.java:294)
	at java.util.concurrent.ThreadPoolExecutor.runWorker(ThreadPoolExecutor.java:1149)
	at java.util.concurrent.ThreadPoolExecutor$Worker.run(ThreadPoolExecutor.java:624)
	at java.lang.Thread.run(Thread.java:748)
Caused by: org.apache.hadoop.hdds.scm.container.common.helpers.StorageContainerException: Error opening DB. Container:3 ContainerPath:/opt/src/hadoop-ozone/integration-test/target/test-dir/MiniOzoneClusterImpl-43bfb4d4-2269-420d-a125-23ae713bb82d/datanode-0/data/containers/hdds/fcb9d5d5-7702-414d-85b0-d4d64dd4d07a/current/containerDir0/3/metadata/3-dn-container.db
	at org.apache.hadoop.ozone.container.keyvalue.helpers.BlockUtils.getDB(BlockUtils.java:84)
	at org.apache.hadoop.ozone.container.keyvalue.statemachine.background.BlockDeletingService$BlockDeletingTask.call(BlockDeletingService.java:188)
	at org.apache.hadoop.ozone.container.keyvalue.statemachine.background.BlockDeletingService$BlockDeletingTask.call(BlockDeletingService.java:172)
	at java.util.concurrent.FutureTask.run(FutureTask.java:266)
	at java.util.concurrent.Executors$RunnableAdapter.call(Executors.java:511)
	at java.util.concurrent.FutureTask.run(FutureTask.java:266)
	at java.util.concurrent.Executors$RunnableAdapter.call(Executors.java:511)
	at java.util.concurrent.FutureTask.run(FutureTask.java:266)
	at java.util.concurrent.ScheduledThreadPoolExecutor$ScheduledFutureTask.access$201(ScheduledThreadPoolExecutor.java:180)
	at java.util.concurrent.ScheduledThreadPoolExecutor$ScheduledFutureTask.run(ScheduledThreadPoolExecutor.java:293)
	... 3 more
2019-06-14 12:59:37,418 WARN  utils.BackgroundService (BackgroundService.java:lambda$run$0(135)) - Background task fails to execute, retrying in next interval
java.util.concurrent.ExecutionException: org.apache.hadoop.hdds.scm.container.common.helpers.StorageContainerException: Error opening DB. Container:2 ContainerPath:/opt/src/hadoop-ozone/integration-test/target/test-dir/MiniOzoneClusterImpl-43bfb4d4-2269-420d-a125-23ae713bb82d/datanode-0/data/containers/hdds/fcb9d5d5-7702-414d-85b0-d4d64dd4d07a/current/containerDir0/2/metadata/2-dn-container.db
	at java.util.concurrent.FutureTask.report(FutureTask.java:122)
	at java.util.concurrent.FutureTask.get(FutureTask.java:206)
	at org.apache.hadoop.utils.BackgroundService$PeriodicalTask.lambda$run$0(BackgroundService.java:129)
	at java.util.stream.ForEachOps$ForEachOp$OfRef.accept(ForEachOps.java:184)
	at java.util.ArrayList$ArrayListSpliterator.forEachRemaining(ArrayList.java:1382)
	at java.util.stream.AbstractPipeline.copyInto(AbstractPipeline.java:482)
	at java.util.stream.ForEachOps$ForEachTask.compute(ForEachOps.java:291)
	at java.util.concurrent.CountedCompleter.exec(CountedCompleter.java:731)
	at java.util.concurrent.ForkJoinTask.doExec(ForkJoinTask.java:289)
	at java.util.concurrent.ForkJoinPool$WorkQueue.runTask(ForkJoinPool.java:1056)
	at java.util.concurrent.ForkJoinPool.runWorker(ForkJoinPool.java:1692)
	at java.util.concurrent.ForkJoinWorkerThread.run(ForkJoinWorkerThread.java:157)
Caused by: org.apache.hadoop.hdds.scm.container.common.helpers.StorageContainerException: Error opening DB. Container:2 ContainerPath:/opt/src/hadoop-ozone/integration-test/target/test-dir/MiniOzoneClusterImpl-43bfb4d4-2269-420d-a125-23ae713bb82d/datanode-0/data/containers/hdds/fcb9d5d5-7702-414d-85b0-d4d64dd4d07a/current/containerDir0/2/metadata/2-dn-container.db
	at org.apache.hadoop.ozone.container.keyvalue.helpers.BlockUtils.getDB(BlockUtils.java:84)
	at org.apache.hadoop.ozone.container.keyvalue.statemachine.background.BlockDeletingService$BlockDeletingTask.call(BlockDeletingService.java:188)
	at org.apache.hadoop.ozone.container.keyvalue.statemachine.background.BlockDeletingService$BlockDeletingTask.call(BlockDeletingService.java:172)
	at java.util.concurrent.FutureTask.run(FutureTask.java:266)
	at java.util.concurrent.Executors$RunnableAdapter.call(Executors.java:511)
	at java.util.concurrent.FutureTask.run(FutureTask.java:266)
	at java.util.concurrent.Executors$RunnableAdapter.call(Executors.java:511)
	at java.util.concurrent.FutureTask.run(FutureTask.java:266)
	at java.util.concurrent.ScheduledThreadPoolExecutor$ScheduledFutureTask.access$201(ScheduledThreadPoolExecutor.java:180)
	at java.util.concurrent.ScheduledThreadPoolExecutor$ScheduledFutureTask.run(ScheduledThreadPoolExecutor.java:293)
	at java.util.concurrent.ThreadPoolExecutor.runWorker(ThreadPoolExecutor.java:1149)
	at java.util.concurrent.ThreadPoolExecutor$Worker.run(ThreadPoolExecutor.java:624)
	at java.lang.Thread.run(Thread.java:748)
2019-06-14 12:59:37,894 INFO  ozone.MiniOzoneClusterImpl (MiniOzoneClusterImpl.java:lambda$waitForClusterToBeReady$0(142)) - Waiting for cluster to be ready. Got 0 of 1 DN Heartbeats.
2019-06-14 12:59:37,900 INFO  node.SCMNodeManager (SCMNodeManager.java:register(234)) - Registered Data node : 46a077f4-9a78-48da-a085-de8f6fe8131f{ip: 192.168.105.183, host: ozone-5z4sx-3769091767, networkLocation: /default-rack, certSerialId: null}
2019-06-14 12:59:37,902 INFO  safemode.SCMSafeModeManager (DataNodeSafeModeRule.java:process(71)) - SCM in safe mode. 1 DataNodes registered, 1 required.
2019-06-14 12:59:37,902 INFO  safemode.SCMSafeModeManager (SCMSafeModeManager.java:validateSafeModeExitRules(177)) - ScmSafeModeManager, all rules are successfully validated
2019-06-14 12:59:37,902 INFO  safemode.SCMSafeModeManager (SCMSafeModeManager.java:exitSafeMode(193)) - SCM exiting safe mode.
2019-06-14 12:59:37,911 INFO  impl.RaftServerProxy (RaftServerProxy.java:addNew(89)) - 46a077f4-9a78-48da-a085-de8f6fe8131f: addNew group-909E8A080833:[46a077f4-9a78-48da-a085-de8f6fe8131f:192.168.105.183:36639] returns group-909E8A080833:java.util.concurrent.CompletableFuture@15770139[Not completed]
2019-06-14 12:59:37,912 INFO  impl.RaftServerImpl (RaftServerImpl.java:<init>(91)) - 46a077f4-9a78-48da-a085-de8f6fe8131f: new RaftServerImpl for group-909E8A080833:[46a077f4-9a78-48da-a085-de8f6fe8131f:192.168.105.183:36639] with ContainerStateMachine:uninitialized
2019-06-14 12:59:37,912 INFO  server.RaftServerConfigKeys (ConfUtils.java:logGet(43)) - raft.server.rpc.timeout.min = 1s (custom)
2019-06-14 12:59:37,912 INFO  server.RaftServerConfigKeys (ConfUtils.java:logGet(43)) - raft.server.rpc.timeout.max = 1200ms (custom)
2019-06-14 12:59:37,912 INFO  server.RaftServerConfigKeys (ConfUtils.java:logGet(43)) - raft.server.rpcslowness.timeout = 120s (custom)
2019-06-14 12:59:37,912 INFO  server.RaftServerConfigKeys (ConfUtils.java:logGet(43)) - raft.server.log.appender.install.snapshot.enabled = true (default)
2019-06-14 12:59:37,912 INFO  impl.RaftServerImpl (ServerState.java:<init>(101)) - 46a077f4-9a78-48da-a085-de8f6fe8131f:group-909E8A080833 ConfigurationManager, init=-1: [46a077f4-9a78-48da-a085-de8f6fe8131f:192.168.105.183:36639], old=null, confs=<EMPTY_MAP>
2019-06-14 12:59:37,912 INFO  server.RaftServerConfigKeys (ConfUtils.java:logGet(43)) - raft.server.storage.dir = [/opt/src/hadoop-ozone/integration-test/target/test-dir/MiniOzoneClusterImpl-8c5fde74-8b92-44fb-8ce7-0a4679e426eb/datanode-0/data/ratis] (custom)
2019-06-14 12:59:37,913 INFO  storage.RaftStorageDirectory (RaftStorageDirectory.java:analyzeStorage(246)) - The storage directory /opt/src/hadoop-ozone/integration-test/target/test-dir/MiniOzoneClusterImpl-8c5fde74-8b92-44fb-8ce7-0a4679e426eb/datanode-0/data/ratis/b3b9cc01-632a-4a0e-8eaa-909e8a080833 does not exist. Creating ...
2019-06-14 12:59:37,915 INFO  storage.RaftStorageDirectory (RaftStorageDirectory.java:tryLock(328)) - Lock on /opt/src/hadoop-ozone/integration-test/target/test-dir/MiniOzoneClusterImpl-8c5fde74-8b92-44fb-8ce7-0a4679e426eb/datanode-0/data/ratis/b3b9cc01-632a-4a0e-8eaa-909e8a080833/in_use.lock acquired by nodename 28356@ozone-5z4sx-3769091767
2019-06-14 12:59:37,917 INFO  storage.RaftStorage (RaftStorage.java:format(75)) - Storage directory /opt/src/hadoop-ozone/integration-test/target/test-dir/MiniOzoneClusterImpl-8c5fde74-8b92-44fb-8ce7-0a4679e426eb/datanode-0/data/ratis/b3b9cc01-632a-4a0e-8eaa-909e8a080833 has been successfully formatted.
2019-06-14 12:59:37,917 INFO  ratis.ContainerStateMachine (ContainerStateMachine.java:loadSnapshot(199)) - The snapshot info is null.Setting the last applied index to:(t:0, i:~)
2019-06-14 12:59:37,918 INFO  server.RaftServerConfigKeys (ConfUtils.java:logGet(43)) - raft.server.leader.election.timeout = 120s (custom)
2019-06-14 12:59:37,918 INFO  server.RaftServerConfigKeys (ConfUtils.java:logGet(43)) - raft.server.log.use.memory = false (default)
2019-06-14 12:59:37,918 INFO  server.RaftServerConfigKeys (ConfUtils.java:logGet(43)) - raft.server.log.appender.buffer.byte-limit = 33554432 (custom)
2019-06-14 12:59:37,918 INFO  server.RaftServerConfigKeys (ConfUtils.java:logGet(43)) - raft.server.log.segment.size.max = 16384 (custom)
2019-06-14 12:59:37,918 INFO  server.RaftServerConfigKeys (ConfUtils.java:logGet(43)) - raft.server.log.segment.cache.num.max = 2 (custom)
2019-06-14 12:59:37,918 INFO  storage.RaftLogWorker (RaftLogWorker.java:<init>(123)) - new 46a077f4-9a78-48da-a085-de8f6fe8131f-RaftLogWorker for Storage Directory /opt/src/hadoop-ozone/integration-test/target/test-dir/MiniOzoneClusterImpl-8c5fde74-8b92-44fb-8ce7-0a4679e426eb/datanode-0/data/ratis/b3b9cc01-632a-4a0e-8eaa-909e8a080833
2019-06-14 12:59:37,919 INFO  server.RaftServerConfigKeys (ConfUtils.java:logGet(43)) - raft.server.log.queue.byte-limit = 2147483647 (custom)
2019-06-14 12:59:37,919 INFO  server.RaftServerConfigKeys (ConfUtils.java:logGet(43)) - raft.server.log.queue.element-limit = 1024 (custom)
2019-06-14 12:59:37,919 INFO  server.RaftServerConfigKeys (ConfUtils.java:logGet(43)) - raft.server.log.segment.size.max = 16384 (custom)
2019-06-14 12:59:37,919 INFO  server.RaftServerConfigKeys (ConfUtils.java:logGet(43)) - raft.server.log.preallocated.size = 16384 (custom)
2019-06-14 12:59:37,919 INFO  server.RaftServerConfigKeys (ConfUtils.java:logGet(43)) - raft.server.log.write.buffer.size = 33554432 (custom)
2019-06-14 12:59:37,919 INFO  server.RaftServerConfigKeys (ConfUtils.java:logGet(43)) - raft.server.log.force.sync.num = 128 (default)
2019-06-14 12:59:37,919 INFO  server.RaftServerConfigKeys (ConfUtils.java:logGet(43)) - raft.server.log.statemachine.data.sync = true (default)
2019-06-14 12:59:37,919 INFO  server.RaftServerConfigKeys (ConfUtils.java:logGet(43)) - raft.server.log.statemachine.data.sync.timeout = 10s (default)
2019-06-14 12:59:37,919 INFO  server.RaftServerConfigKeys (ConfUtils.java:logGet(43)) - raft.server.log.statemachine.data.sync.timeout.retry = -1 (default)
2019-06-14 12:59:37,920 INFO  server.RaftServerConfigKeys (ConfUtils.java:logGet(43)) - raft.server.log.statemachine.data.caching.enabled = true (custom)
2019-06-14 12:59:37,920 INFO  server.RaftServerConfigKeys (ConfUtils.java:logGet(43)) - raft.server.snapshot.auto.trigger.enabled = true (custom)
2019-06-14 12:59:37,920 INFO  server.RaftServerConfigKeys (ConfUtils.java:logGet(43)) - raft.server.snapshot.auto.trigger.threshold = 10000 (custom)
2019-06-14 12:59:37,920 INFO  server.RaftServerConfigKeys (ConfUtils.java:logGet(43)) - raft.server.retrycache.expirytime = 600000ms (custom)
2019-06-14 12:59:37,920 INFO  impl.RaftServerImpl (RaftServerImpl.java:start(173)) - 46a077f4-9a78-48da-a085-de8f6fe8131f: start group-909E8A080833
2019-06-14 12:59:37,920 INFO  impl.RaftServerImpl (RaftServerImpl.java:setRole(164)) - 46a077f4-9a78-48da-a085-de8f6fe8131f:group-909E8A080833 changes role from null to FOLLOWER at term 0 for startAsFollower
2019-06-14 12:59:37,920 INFO  impl.RoleInfo (RoleInfo.java:updateAndGet(143)) - 46a077f4-9a78-48da-a085-de8f6fe8131f: start FollowerState
2019-06-14 12:59:37,921 INFO  util.JmxRegister (JmxRegister.java:tryRegister(44)) - Successfully registered JMX Bean with object name Ratis:service=RaftServer,group=group-909E8A080833,id=46a077f4-9a78-48da-a085-de8f6fe8131f
2019-06-14 12:59:37,925 INFO  pipeline.PipelineStateManager (PipelineStateManager.java:addPipeline(56)) - Created pipeline Pipeline[ Id: b3b9cc01-632a-4a0e-8eaa-909e8a080833, Nodes: 46a077f4-9a78-48da-a085-de8f6fe8131f{ip: 192.168.105.183, host: ozone-5z4sx-3769091767, networkLocation: /default-rack, certSerialId: null}, Type:RATIS, Factor:ONE, State:OPEN]
2019-06-14 12:59:38,420 INFO  background.BlockDeletingService (BlockDeletingService.java:getTasks(123)) - Plan to choose 10 containers for block deletion, actually returns 5 valid containers.
2019-06-14 12:59:38,420 ERROR utils.ContainerCache (ContainerCache.java:getDB(137)) - Error opening DB. Container:1 ContainerPath:/opt/src/hadoop-ozone/integration-test/target/test-dir/MiniOzoneClusterImpl-43bfb4d4-2269-420d-a125-23ae713bb82d/datanode-0/data/containers/hdds/fcb9d5d5-7702-414d-85b0-d4d64dd4d07a/current/containerDir0/1/metadata/1-dn-container.db
java.io.IOException: Failed init RocksDB, db path : /opt/src/hadoop-ozone/integration-test/target/test-dir/MiniOzoneClusterImpl-43bfb4d4-2269-420d-a125-23ae713bb82d/datanode-0/data/containers/hdds/fcb9d5d5-7702-414d-85b0-d4d64dd4d07a/current/containerDir0/1/metadata/1-dn-container.db
	at org.apache.hadoop.utils.RocksDBStore.<init>(RocksDBStore.java:87)
	at org.apache.hadoop.utils.MetadataStoreBuilder.build(MetadataStoreBuilder.java:137)
	at org.apache.hadoop.ozone.container.common.utils.ContainerCache.getDB(ContainerCache.java:129)
	at org.apache.hadoop.ozone.container.keyvalue.helpers.BlockUtils.getDB(BlockUtils.java:77)
	at org.apache.hadoop.ozone.container.keyvalue.statemachine.background.BlockDeletingService$BlockDeletingTask.call(BlockDeletingService.java:188)
	at org.apache.hadoop.ozone.container.keyvalue.statemachine.background.BlockDeletingService$BlockDeletingTask.call(BlockDeletingService.java:172)
	at java.util.concurrent.FutureTask.run(FutureTask.java:266)
	at java.util.concurrent.Executors$RunnableAdapter.call(Executors.java:511)
	at java.util.concurrent.FutureTask.run(FutureTask.java:266)
	at java.util.concurrent.Executors$RunnableAdapter.call(Executors.java:511)
	at java.util.concurrent.FutureTask.run(FutureTask.java:266)
	at java.util.concurrent.ScheduledThreadPoolExecutor$ScheduledFutureTask.access$201(ScheduledThreadPoolExecutor.java:180)
	at java.util.concurrent.ScheduledThreadPoolExecutor$ScheduledFutureTask.run(ScheduledThreadPoolExecutor.java:293)
	at java.util.concurrent.ThreadPoolExecutor.runWorker(ThreadPoolExecutor.java:1149)
	at java.util.concurrent.ThreadPoolExecutor$Worker.run(ThreadPoolExecutor.java:624)
	at java.lang.Thread.run(Thread.java:748)
Caused by: org.rocksdb.RocksDBException: While mkdir if missing: /opt/src/hadoop-ozone/integration-test/target/test-dir/MiniOzoneClusterImpl-43bfb4d4-2269-420d-a125-23ae713bb82d/datanode-0/data/containers/hdds/fcb9d5d5-7702-414d-85b0-d4d64dd4d07a/current/containerDir0/1/metadata/1-dn-container.db: No such file or directory
	at org.rocksdb.RocksDB.open(Native Method)
	at org.rocksdb.RocksDB.open(RocksDB.java:231)
	at org.apache.hadoop.utils.RocksDBStore.<init>(RocksDBStore.java:71)
	... 15 more
2019-06-14 12:59:38,421 ERROR utils.ContainerCache (ContainerCache.java:getDB(137)) - Error opening DB. Container:5 ContainerPath:/opt/src/hadoop-ozone/integration-test/target/test-dir/MiniOzoneClusterImpl-43bfb4d4-2269-420d-a125-23ae713bb82d/datanode-0/data/containers/hdds/fcb9d5d5-7702-414d-85b0-d4d64dd4d07a/current/containerDir0/5/metadata/5-dn-container.db
java.io.IOException: Failed init RocksDB, db path : /opt/src/hadoop-ozone/integration-test/target/test-dir/MiniOzoneClusterImpl-43bfb4d4-2269-420d-a125-23ae713bb82d/datanode-0/data/containers/hdds/fcb9d5d5-7702-414d-85b0-d4d64dd4d07a/current/containerDir0/5/metadata/5-dn-container.db
	at org.apache.hadoop.utils.RocksDBStore.<init>(RocksDBStore.java:87)
	at org.apache.hadoop.utils.MetadataStoreBuilder.build(MetadataStoreBuilder.java:137)
	at org.apache.hadoop.ozone.container.common.utils.ContainerCache.getDB(ContainerCache.java:129)
	at org.apache.hadoop.ozone.container.keyvalue.helpers.BlockUtils.getDB(BlockUtils.java:77)
	at org.apache.hadoop.ozone.container.keyvalue.statemachine.background.BlockDeletingService$BlockDeletingTask.call(BlockDeletingService.java:188)
	at org.apache.hadoop.ozone.container.keyvalue.statemachine.background.BlockDeletingService$BlockDeletingTask.call(BlockDeletingService.java:172)
	at java.util.concurrent.FutureTask.run(FutureTask.java:266)
	at java.util.concurrent.Executors$RunnableAdapter.call(Executors.java:511)
	at java.util.concurrent.FutureTask.run(FutureTask.java:266)
	at java.util.concurrent.Executors$RunnableAdapter.call(Executors.java:511)
	at java.util.concurrent.FutureTask.run(FutureTask.java:266)
	at java.util.concurrent.ScheduledThreadPoolExecutor$ScheduledFutureTask.access$201(ScheduledThreadPoolExecutor.java:180)
	at java.util.concurrent.ScheduledThreadPoolExecutor$ScheduledFutureTask.run(ScheduledThreadPoolExecutor.java:293)
	at java.util.concurrent.ThreadPoolExecutor.runWorker(ThreadPoolExecutor.java:1149)
	at java.util.concurrent.ThreadPoolExecutor$Worker.run(ThreadPoolExecutor.java:624)
	at java.lang.Thread.run(Thread.java:748)
Caused by: org.rocksdb.RocksDBException: While mkdir if missing: /opt/src/hadoop-ozone/integration-test/target/test-dir/MiniOzoneClusterImpl-43bfb4d4-2269-420d-a125-23ae713bb82d/datanode-0/data/containers/hdds/fcb9d5d5-7702-414d-85b0-d4d64dd4d07a/current/containerDir0/5/metadata/5-dn-container.db: No such file or directory
	at org.rocksdb.RocksDB.open(Native Method)
	at org.rocksdb.RocksDB.open(RocksDB.java:231)
	at org.apache.hadoop.utils.RocksDBStore.<init>(RocksDBStore.java:71)
	... 15 more
2019-06-14 12:59:38,421 WARN  utils.BackgroundService (BackgroundService.java:lambda$run$0(135)) - Background task fails to execute, retrying in next interval
java.util.concurrent.ExecutionException: org.apache.hadoop.hdds.scm.container.common.helpers.StorageContainerException: Error opening DB. Container:5 ContainerPath:/opt/src/hadoop-ozone/integration-test/target/test-dir/MiniOzoneClusterImpl-43bfb4d4-2269-420d-a125-23ae713bb82d/datanode-0/data/containers/hdds/fcb9d5d5-7702-414d-85b0-d4d64dd4d07a/current/containerDir0/5/metadata/5-dn-container.db
	at java.util.concurrent.FutureTask.report(FutureTask.java:122)
	at java.util.concurrent.FutureTask.get(FutureTask.java:206)
	at org.apache.hadoop.utils.BackgroundService$PeriodicalTask.lambda$run$0(BackgroundService.java:129)
	at java.util.stream.ForEachOps$ForEachOp$OfRef.accept(ForEachOps.java:184)
	at java.util.ArrayList$ArrayListSpliterator.forEachRemaining(ArrayList.java:1382)
	at java.util.stream.AbstractPipeline.copyInto(AbstractPipeline.java:482)
	at java.util.stream.ForEachOps$ForEachTask.compute(ForEachOps.java:291)
	at java.util.concurrent.CountedCompleter.exec(CountedCompleter.java:731)
	at java.util.concurrent.ForkJoinTask.doExec(ForkJoinTask.java:289)
	at java.util.concurrent.ForkJoinPool$WorkQueue.runTask(ForkJoinPool.java:1056)
	at java.util.concurrent.ForkJoinPool.runWorker(ForkJoinPool.java:1692)
	at java.util.concurrent.ForkJoinWorkerThread.run(ForkJoinWorkerThread.java:157)
Caused by: org.apache.hadoop.hdds.scm.container.common.helpers.StorageContainerException: Error opening DB. Container:5 ContainerPath:/opt/src/hadoop-ozone/integration-test/target/test-dir/MiniOzoneClusterImpl-43bfb4d4-2269-420d-a125-23ae713bb82d/datanode-0/data/containers/hdds/fcb9d5d5-7702-414d-85b0-d4d64dd4d07a/current/containerDir0/5/metadata/5-dn-container.db
	at org.apache.hadoop.ozone.container.keyvalue.helpers.BlockUtils.getDB(BlockUtils.java:84)
	at org.apache.hadoop.ozone.container.keyvalue.statemachine.background.BlockDeletingService$BlockDeletingTask.call(BlockDeletingService.java:188)
	at org.apache.hadoop.ozone.container.keyvalue.statemachine.background.BlockDeletingService$BlockDeletingTask.call(BlockDeletingService.java:172)
	at java.util.concurrent.FutureTask.run(FutureTask.java:266)
	at java.util.concurrent.Executors$RunnableAdapter.call(Executors.java:511)
	at java.util.concurrent.FutureTask.run(FutureTask.java:266)
	at java.util.concurrent.Executors$RunnableAdapter.call(Executors.java:511)
	at java.util.concurrent.FutureTask.run(FutureTask.java:266)
	at java.util.concurrent.ScheduledThreadPoolExecutor$ScheduledFutureTask.access$201(ScheduledThreadPoolExecutor.java:180)
	at java.util.concurrent.ScheduledThreadPoolExecutor$ScheduledFutureTask.run(ScheduledThreadPoolExecutor.java:293)
	at java.util.concurrent.ThreadPoolExecutor.runWorker(ThreadPoolExecutor.java:1149)
	at java.util.concurrent.ThreadPoolExecutor$Worker.run(ThreadPoolExecutor.java:624)
	at java.lang.Thread.run(Thread.java:748)
2019-06-14 12:59:38,422 ERROR utils.ContainerCache (ContainerCache.java:getDB(137)) - Error opening DB. Container:4 ContainerPath:/opt/src/hadoop-ozone/integration-test/target/test-dir/MiniOzoneClusterImpl-43bfb4d4-2269-420d-a125-23ae713bb82d/datanode-0/data/containers/hdds/fcb9d5d5-7702-414d-85b0-d4d64dd4d07a/current/containerDir0/4/metadata/4-dn-container.db
java.io.IOException: Failed init RocksDB, db path : /opt/src/hadoop-ozone/integration-test/target/test-dir/MiniOzoneClusterImpl-43bfb4d4-2269-420d-a125-23ae713bb82d/datanode-0/data/containers/hdds/fcb9d5d5-7702-414d-85b0-d4d64dd4d07a/current/containerDir0/4/metadata/4-dn-container.db
	at org.apache.hadoop.utils.RocksDBStore.<init>(RocksDBStore.java:87)
	at org.apache.hadoop.utils.MetadataStoreBuilder.build(MetadataStoreBuilder.java:137)
	at org.apache.hadoop.ozone.container.common.utils.ContainerCache.getDB(ContainerCache.java:129)
	at org.apache.hadoop.ozone.container.keyvalue.helpers.BlockUtils.getDB(BlockUtils.java:77)
	at org.apache.hadoop.ozone.container.keyvalue.statemachine.background.BlockDeletingService$BlockDeletingTask.call(BlockDeletingService.java:188)
	at org.apache.hadoop.ozone.container.keyvalue.statemachine.background.BlockDeletingService$BlockDeletingTask.call(BlockDeletingService.java:172)
	at java.util.concurrent.FutureTask.run(FutureTask.java:266)
	at java.util.concurrent.Executors$RunnableAdapter.call(Executors.java:511)
	at java.util.concurrent.FutureTask.run(FutureTask.java:266)
	at java.util.concurrent.Executors$RunnableAdapter.call(Executors.java:511)
	at java.util.concurrent.FutureTask.run(FutureTask.java:266)
	at java.util.concurrent.ScheduledThreadPoolExecutor$ScheduledFutureTask.access$201(ScheduledThreadPoolExecutor.java:180)
	at java.util.concurrent.ScheduledThreadPoolExecutor$ScheduledFutureTask.run(ScheduledThreadPoolExecutor.java:293)
	at java.util.concurrent.ThreadPoolExecutor.runWorker(ThreadPoolExecutor.java:1149)
	at java.util.concurrent.ThreadPoolExecutor$Worker.run(ThreadPoolExecutor.java:624)
	at java.lang.Thread.run(Thread.java:748)
Caused by: org.rocksdb.RocksDBException: While mkdir if missing: /opt/src/hadoop-ozone/integration-test/target/test-dir/MiniOzoneClusterImpl-43bfb4d4-2269-420d-a125-23ae713bb82d/datanode-0/data/containers/hdds/fcb9d5d5-7702-414d-85b0-d4d64dd4d07a/current/containerDir0/4/metadata/4-dn-container.db: No such file or directory
	at org.rocksdb.RocksDB.open(Native Method)
	at org.rocksdb.RocksDB.open(RocksDB.java:231)
	at org.apache.hadoop.utils.RocksDBStore.<init>(RocksDBStore.java:71)
	... 15 more
2019-06-14 12:59:38,422 WARN  utils.BackgroundService (BackgroundService.java:lambda$run$0(135)) - Background task fails to execute, retrying in next interval
java.util.concurrent.ExecutionException: org.apache.hadoop.hdds.scm.container.common.helpers.StorageContainerException: Error opening DB. Container:1 ContainerPath:/opt/src/hadoop-ozone/integration-test/target/test-dir/MiniOzoneClusterImpl-43bfb4d4-2269-420d-a125-23ae713bb82d/datanode-0/data/containers/hdds/fcb9d5d5-7702-414d-85b0-d4d64dd4d07a/current/containerDir0/1/metadata/1-dn-container.db
	at java.util.concurrent.FutureTask.report(FutureTask.java:122)
	at java.util.concurrent.FutureTask.get(FutureTask.java:206)
	at org.apache.hadoop.utils.BackgroundService$PeriodicalTask.lambda$run$0(BackgroundService.java:129)
	at java.util.stream.ForEachOps$ForEachOp$OfRef.accept(ForEachOps.java:184)
	at java.util.ArrayList$ArrayListSpliterator.forEachRemaining(ArrayList.java:1382)
	at java.util.stream.AbstractPipeline.copyInto(AbstractPipeline.java:482)
	at java.util.stream.ForEachOps$ForEachTask.compute(ForEachOps.java:291)
	at java.util.concurrent.CountedCompleter.exec(CountedCompleter.java:731)
	at java.util.concurrent.ForkJoinTask.doExec(ForkJoinTask.java:289)
	at java.util.concurrent.ForkJoinPool$WorkQueue.execLocalTasks(ForkJoinPool.java:1040)
	at java.util.concurrent.ForkJoinPool$WorkQueue.runTask(ForkJoinPool.java:1058)
	at java.util.concurrent.ForkJoinPool.runWorker(ForkJoinPool.java:1692)
	at java.util.concurrent.ForkJoinWorkerThread.run(ForkJoinWorkerThread.java:157)
Caused by: org.apache.hadoop.hdds.scm.container.common.helpers.StorageContainerException: Error opening DB. Container:1 ContainerPath:/opt/src/hadoop-ozone/integration-test/target/test-dir/MiniOzoneClusterImpl-43bfb4d4-2269-420d-a125-23ae713bb82d/datanode-0/data/containers/hdds/fcb9d5d5-7702-414d-85b0-d4d64dd4d07a/current/containerDir0/1/metadata/1-dn-container.db
	at org.apache.hadoop.ozone.container.keyvalue.helpers.BlockUtils.getDB(BlockUtils.java:84)
	at org.apache.hadoop.ozone.container.keyvalue.statemachine.background.BlockDeletingService$BlockDeletingTask.call(BlockDeletingService.java:188)
	at org.apache.hadoop.ozone.container.keyvalue.statemachine.background.BlockDeletingService$BlockDeletingTask.call(BlockDeletingService.java:172)
	at java.util.concurrent.FutureTask.run(FutureTask.java:266)
	at java.util.concurrent.Executors$RunnableAdapter.call(Executors.java:511)
	at java.util.concurrent.FutureTask.run(FutureTask.java:266)
	at java.util.concurrent.Executors$RunnableAdapter.call(Executors.java:511)
	at java.util.concurrent.FutureTask.run(FutureTask.java:266)
	at java.util.concurrent.ScheduledThreadPoolExecutor$ScheduledFutureTask.access$201(ScheduledThreadPoolExecutor.java:180)
	at java.util.concurrent.ScheduledThreadPoolExecutor$ScheduledFutureTask.run(ScheduledThreadPoolExecutor.java:293)
	at java.util.concurrent.ThreadPoolExecutor.runWorker(ThreadPoolExecutor.java:1149)
	at java.util.concurrent.ThreadPoolExecutor$Worker.run(ThreadPoolExecutor.java:624)
	at java.lang.Thread.run(Thread.java:748)
2019-06-14 12:59:38,423 ERROR utils.ContainerCache (ContainerCache.java:getDB(137)) - Error opening DB. Container:3 ContainerPath:/opt/src/hadoop-ozone/integration-test/target/test-dir/MiniOzoneClusterImpl-43bfb4d4-2269-420d-a125-23ae713bb82d/datanode-0/data/containers/hdds/fcb9d5d5-7702-414d-85b0-d4d64dd4d07a/current/containerDir0/3/metadata/3-dn-container.db
java.io.IOException: Failed init RocksDB, db path : /opt/src/hadoop-ozone/integration-test/target/test-dir/MiniOzoneClusterImpl-43bfb4d4-2269-420d-a125-23ae713bb82d/datanode-0/data/containers/hdds/fcb9d5d5-7702-414d-85b0-d4d64dd4d07a/current/containerDir0/3/metadata/3-dn-container.db
	at org.apache.hadoop.utils.RocksDBStore.<init>(RocksDBStore.java:87)
	at org.apache.hadoop.utils.MetadataStoreBuilder.build(MetadataStoreBuilder.java:137)
	at org.apache.hadoop.ozone.container.common.utils.ContainerCache.getDB(ContainerCache.java:129)
	at org.apache.hadoop.ozone.container.keyvalue.helpers.BlockUtils.getDB(BlockUtils.java:77)
	at org.apache.hadoop.ozone.container.keyvalue.statemachine.background.BlockDeletingService$BlockDeletingTask.call(BlockDeletingService.java:188)
	at org.apache.hadoop.ozone.container.keyvalue.statemachine.background.BlockDeletingService$BlockDeletingTask.call(BlockDeletingService.java:172)
	at java.util.concurrent.FutureTask.run(FutureTask.java:266)
	at java.util.concurrent.Executors$RunnableAdapter.call(Executors.java:511)
	at java.util.concurrent.FutureTask.run(FutureTask.java:266)
	at java.util.concurrent.Executors$RunnableAdapter.call(Executors.java:511)
	at java.util.concurrent.FutureTask.run(FutureTask.java:266)
	at java.util.concurrent.ScheduledThreadPoolExecutor$ScheduledFutureTask.access$201(ScheduledThreadPoolExecutor.java:180)
	at java.util.concurrent.ScheduledThreadPoolExecutor$ScheduledFutureTask.run(ScheduledThreadPoolExecutor.java:293)
	at java.util.concurrent.ThreadPoolExecutor.runWorker(ThreadPoolExecutor.java:1149)
	at java.util.concurrent.ThreadPoolExecutor$Worker.run(ThreadPoolExecutor.java:624)
	at java.lang.Thread.run(Thread.java:748)
Caused by: org.rocksdb.RocksDBException: While mkdir if missing: /opt/src/hadoop-ozone/integration-test/target/test-dir/MiniOzoneClusterImpl-43bfb4d4-2269-420d-a125-23ae713bb82d/datanode-0/data/containers/hdds/fcb9d5d5-7702-414d-85b0-d4d64dd4d07a/current/containerDir0/3/metadata/3-dn-container.db: No such file or directory
	at org.rocksdb.RocksDB.open(Native Method)
	at org.rocksdb.RocksDB.open(RocksDB.java:231)
	at org.apache.hadoop.utils.RocksDBStore.<init>(RocksDBStore.java:71)
	... 15 more
2019-06-14 12:59:38,423 WARN  utils.BackgroundService (BackgroundService.java:lambda$run$0(135)) - Background task fails to execute, retrying in next interval
java.util.concurrent.ExecutionException: org.apache.hadoop.hdds.scm.container.common.helpers.StorageContainerException: Error opening DB. Container:4 ContainerPath:/opt/src/hadoop-ozone/integration-test/target/test-dir/MiniOzoneClusterImpl-43bfb4d4-2269-420d-a125-23ae713bb82d/datanode-0/data/containers/hdds/fcb9d5d5-7702-414d-85b0-d4d64dd4d07a/current/containerDir0/4/metadata/4-dn-container.db
	at java.util.concurrent.FutureTask.report(FutureTask.java:122)
	at java.util.concurrent.FutureTask.get(FutureTask.java:206)
	at org.apache.hadoop.utils.BackgroundService$PeriodicalTask.lambda$run$0(BackgroundService.java:129)
	at java.util.stream.ForEachOps$ForEachOp$OfRef.accept(ForEachOps.java:184)
	at java.util.ArrayList$ArrayListSpliterator.forEachRemaining(ArrayList.java:1382)
	at java.util.stream.AbstractPipeline.copyInto(AbstractPipeline.java:482)
	at java.util.stream.ForEachOps$ForEachTask.compute(ForEachOps.java:291)
	at java.util.concurrent.CountedCompleter.exec(CountedCompleter.java:731)
	at java.util.concurrent.ForkJoinTask.doExec(ForkJoinTask.java:289)
	at java.util.concurrent.ForkJoinTask.doInvoke(ForkJoinTask.java:401)
	at java.util.concurrent.ForkJoinTask.invoke(ForkJoinTask.java:734)
	at java.util.stream.ForEachOps$ForEachOp.evaluateParallel(ForEachOps.java:160)
	at java.util.stream.ForEachOps$ForEachOp$OfRef.evaluateParallel(ForEachOps.java:174)
	at java.util.stream.AbstractPipeline.evaluate(AbstractPipeline.java:233)
	at java.util.stream.ReferencePipeline.forEach(ReferencePipeline.java:418)
	at java.util.stream.ReferencePipeline$Head.forEach(ReferencePipeline.java:583)
	at org.apache.hadoop.utils.BackgroundService$PeriodicalTask.run(BackgroundService.java:125)
	at java.util.concurrent.Executors$RunnableAdapter.call(Executors.java:511)
	at java.util.concurrent.FutureTask.runAndReset(FutureTask.java:308)
	at java.util.concurrent.ScheduledThreadPoolExecutor$ScheduledFutureTask.access$301(ScheduledThreadPoolExecutor.java:180)
	at java.util.concurrent.ScheduledThreadPoolExecutor$ScheduledFutureTask.run(ScheduledThreadPoolExecutor.java:294)
	at java.util.concurrent.ThreadPoolExecutor.runWorker(ThreadPoolExecutor.java:1149)
	at java.util.concurrent.ThreadPoolExecutor$Worker.run(ThreadPoolExecutor.java:624)
	at java.lang.Thread.run(Thread.java:748)
Caused by: org.apache.hadoop.hdds.scm.container.common.helpers.StorageContainerException: Error opening DB. Container:4 ContainerPath:/opt/src/hadoop-ozone/integration-test/target/test-dir/MiniOzoneClusterImpl-43bfb4d4-2269-420d-a125-23ae713bb82d/datanode-0/data/containers/hdds/fcb9d5d5-7702-414d-85b0-d4d64dd4d07a/current/containerDir0/4/metadata/4-dn-container.db
	at org.apache.hadoop.ozone.container.keyvalue.helpers.BlockUtils.getDB(BlockUtils.java:84)
	at org.apache.hadoop.ozone.container.keyvalue.statemachine.background.BlockDeletingService$BlockDeletingTask.call(BlockDeletingService.java:188)
	at org.apache.hadoop.ozone.container.keyvalue.statemachine.background.BlockDeletingService$BlockDeletingTask.call(BlockDeletingService.java:172)
	at java.util.concurrent.FutureTask.run(FutureTask.java:266)
	at java.util.concurrent.Executors$RunnableAdapter.call(Executors.java:511)
	at java.util.concurrent.FutureTask.run(FutureTask.java:266)
	at java.util.concurrent.Executors$RunnableAdapter.call(Executors.java:511)
	at java.util.concurrent.FutureTask.run(FutureTask.java:266)
	at java.util.concurrent.ScheduledThreadPoolExecutor$ScheduledFutureTask.access$201(ScheduledThreadPoolExecutor.java:180)
	at java.util.concurrent.ScheduledThreadPoolExecutor$ScheduledFutureTask.run(ScheduledThreadPoolExecutor.java:293)
	... 3 more
2019-06-14 12:59:38,424 ERROR utils.ContainerCache (ContainerCache.java:getDB(137)) - Error opening DB. Container:2 ContainerPath:/opt/src/hadoop-ozone/integration-test/target/test-dir/MiniOzoneClusterImpl-43bfb4d4-2269-420d-a125-23ae713bb82d/datanode-0/data/containers/hdds/fcb9d5d5-7702-414d-85b0-d4d64dd4d07a/current/containerDir0/2/metadata/2-dn-container.db
java.io.IOException: Failed init RocksDB, db path : /opt/src/hadoop-ozone/integration-test/target/test-dir/MiniOzoneClusterImpl-43bfb4d4-2269-420d-a125-23ae713bb82d/datanode-0/data/containers/hdds/fcb9d5d5-7702-414d-85b0-d4d64dd4d07a/current/containerDir0/2/metadata/2-dn-container.db
	at org.apache.hadoop.utils.RocksDBStore.<init>(RocksDBStore.java:87)
	at org.apache.hadoop.utils.MetadataStoreBuilder.build(MetadataStoreBuilder.java:137)
	at org.apache.hadoop.ozone.container.common.utils.ContainerCache.getDB(ContainerCache.java:129)
	at org.apache.hadoop.ozone.container.keyvalue.helpers.BlockUtils.getDB(BlockUtils.java:77)
	at org.apache.hadoop.ozone.container.keyvalue.statemachine.background.BlockDeletingService$BlockDeletingTask.call(BlockDeletingService.java:188)
	at org.apache.hadoop.ozone.container.keyvalue.statemachine.background.BlockDeletingService$BlockDeletingTask.call(BlockDeletingService.java:172)
	at java.util.concurrent.FutureTask.run(FutureTask.java:266)
	at java.util.concurrent.Executors$RunnableAdapter.call(Executors.java:511)
	at java.util.concurrent.FutureTask.run(FutureTask.java:266)
	at java.util.concurrent.Executors$RunnableAdapter.call(Executors.java:511)
	at java.util.concurrent.FutureTask.run(FutureTask.java:266)
	at java.util.concurrent.ScheduledThreadPoolExecutor$ScheduledFutureTask.access$201(ScheduledThreadPoolExecutor.java:180)
	at java.util.concurrent.ScheduledThreadPoolExecutor$ScheduledFutureTask.run(ScheduledThreadPoolExecutor.java:293)
	at java.util.concurrent.ThreadPoolExecutor.runWorker(ThreadPoolExecutor.java:1149)
	at java.util.concurrent.ThreadPoolExecutor$Worker.run(ThreadPoolExecutor.java:624)
	at java.lang.Thread.run(Thread.java:748)
Caused by: org.rocksdb.RocksDBException: While mkdir if missing: /opt/src/hadoop-ozone/integration-test/target/test-dir/MiniOzoneClusterImpl-43bfb4d4-2269-420d-a125-23ae713bb82d/datanode-0/data/containers/hdds/fcb9d5d5-7702-414d-85b0-d4d64dd4d07a/current/containerDir0/2/metadata/2-dn-container.db: No such file or directory
	at org.rocksdb.RocksDB.open(Native Method)
	at org.rocksdb.RocksDB.open(RocksDB.java:231)
	at org.apache.hadoop.utils.RocksDBStore.<init>(RocksDBStore.java:71)
	... 15 more
2019-06-14 12:59:38,424 WARN  utils.BackgroundService (BackgroundService.java:lambda$run$0(135)) - Background task fails to execute, retrying in next interval
java.util.concurrent.ExecutionException: org.apache.hadoop.hdds.scm.container.common.helpers.StorageContainerException: Error opening DB. Container:3 ContainerPath:/opt/src/hadoop-ozone/integration-test/target/test-dir/MiniOzoneClusterImpl-43bfb4d4-2269-420d-a125-23ae713bb82d/datanode-0/data/containers/hdds/fcb9d5d5-7702-414d-85b0-d4d64dd4d07a/current/containerDir0/3/metadata/3-dn-container.db
	at java.util.concurrent.FutureTask.report(FutureTask.java:122)
	at java.util.concurrent.FutureTask.get(FutureTask.java:206)
	at org.apache.hadoop.utils.BackgroundService$PeriodicalTask.lambda$run$0(BackgroundService.java:129)
	at java.util.stream.ForEachOps$ForEachOp$OfRef.accept(ForEachOps.java:184)
	at java.util.ArrayList$ArrayListSpliterator.forEachRemaining(ArrayList.java:1382)
	at java.util.stream.AbstractPipeline.copyInto(AbstractPipeline.java:482)
	at java.util.stream.ForEachOps$ForEachTask.compute(ForEachOps.java:291)
	at java.util.concurrent.CountedCompleter.exec(CountedCompleter.java:731)
	at java.util.concurrent.ForkJoinTask.doExec(ForkJoinTask.java:289)
	at java.util.concurrent.ForkJoinPool$WorkQueue.pollAndExecCC(ForkJoinPool.java:1190)
	at java.util.concurrent.ForkJoinPool.helpComplete(ForkJoinPool.java:1879)
	at java.util.concurrent.ForkJoinPool.externalHelpComplete(ForkJoinPool.java:2467)
	at java.util.concurrent.ForkJoinTask.externalAwaitDone(ForkJoinTask.java:324)
	at java.util.concurrent.ForkJoinTask.doInvoke(ForkJoinTask.java:405)
	at java.util.concurrent.ForkJoinTask.invoke(ForkJoinTask.java:734)
	at java.util.stream.ForEachOps$ForEachOp.evaluateParallel(ForEachOps.java:160)
	at java.util.stream.ForEachOps$ForEachOp$OfRef.evaluateParallel(ForEachOps.java:174)
	at java.util.stream.AbstractPipeline.evaluate(AbstractPipeline.java:233)
	at java.util.stream.ReferencePipeline.forEach(ReferencePipeline.java:418)
	at java.util.stream.ReferencePipeline$Head.forEach(ReferencePipeline.java:583)
	at org.apache.hadoop.utils.BackgroundService$PeriodicalTask.run(BackgroundService.java:125)
	at java.util.concurrent.Executors$RunnableAdapter.call(Executors.java:511)
	at java.util.concurrent.FutureTask.runAndReset(FutureTask.java:308)
	at java.util.concurrent.ScheduledThreadPoolExecutor$ScheduledFutureTask.access$301(ScheduledThreadPoolExecutor.java:180)
	at java.util.concurrent.ScheduledThreadPoolExecutor$ScheduledFutureTask.run(ScheduledThreadPoolExecutor.java:294)
	at java.util.concurrent.ThreadPoolExecutor.runWorker(ThreadPoolExecutor.java:1149)
	at java.util.concurrent.ThreadPoolExecutor$Worker.run(ThreadPoolExecutor.java:624)
	at java.lang.Thread.run(Thread.java:748)
Caused by: org.apache.hadoop.hdds.scm.container.common.helpers.StorageContainerException: Error opening DB. Container:3 ContainerPath:/opt/src/hadoop-ozone/integration-test/target/test-dir/MiniOzoneClusterImpl-43bfb4d4-2269-420d-a125-23ae713bb82d/datanode-0/data/containers/hdds/fcb9d5d5-7702-414d-85b0-d4d64dd4d07a/current/containerDir0/3/metadata/3-dn-container.db
	at org.apache.hadoop.ozone.container.keyvalue.helpers.BlockUtils.getDB(BlockUtils.java:84)
	at org.apache.hadoop.ozone.container.keyvalue.statemachine.background.BlockDeletingService$BlockDeletingTask.call(BlockDeletingService.java:188)
	at org.apache.hadoop.ozone.container.keyvalue.statemachine.background.BlockDeletingService$BlockDeletingTask.call(BlockDeletingService.java:172)
	at java.util.concurrent.FutureTask.run(FutureTask.java:266)
	at java.util.concurrent.Executors$RunnableAdapter.call(Executors.java:511)
	at java.util.concurrent.FutureTask.run(FutureTask.java:266)
	at java.util.concurrent.Executors$RunnableAdapter.call(Executors.java:511)
	at java.util.concurrent.FutureTask.run(FutureTask.java:266)
	at java.util.concurrent.ScheduledThreadPoolExecutor$ScheduledFutureTask.access$201(ScheduledThreadPoolExecutor.java:180)
	at java.util.concurrent.ScheduledThreadPoolExecutor$ScheduledFutureTask.run(ScheduledThreadPoolExecutor.java:293)
	... 3 more
2019-06-14 12:59:38,425 WARN  utils.BackgroundService (BackgroundService.java:lambda$run$0(135)) - Background task fails to execute, retrying in next interval
java.util.concurrent.ExecutionException: org.apache.hadoop.hdds.scm.container.common.helpers.StorageContainerException: Error opening DB. Container:2 ContainerPath:/opt/src/hadoop-ozone/integration-test/target/test-dir/MiniOzoneClusterImpl-43bfb4d4-2269-420d-a125-23ae713bb82d/datanode-0/data/containers/hdds/fcb9d5d5-7702-414d-85b0-d4d64dd4d07a/current/containerDir0/2/metadata/2-dn-container.db
	at java.util.concurrent.FutureTask.report(FutureTask.java:122)
	at java.util.concurrent.FutureTask.get(FutureTask.java:206)
	at org.apache.hadoop.utils.BackgroundService$PeriodicalTask.lambda$run$0(BackgroundService.java:129)
	at java.util.stream.ForEachOps$ForEachOp$OfRef.accept(ForEachOps.java:184)
	at java.util.ArrayList$ArrayListSpliterator.forEachRemaining(ArrayList.java:1382)
	at java.util.stream.AbstractPipeline.copyInto(AbstractPipeline.java:482)
	at java.util.stream.ForEachOps$ForEachTask.compute(ForEachOps.java:291)
	at java.util.concurrent.CountedCompleter.exec(CountedCompleter.java:731)
	at java.util.concurrent.ForkJoinTask.doExec(ForkJoinTask.java:289)
	at java.util.concurrent.ForkJoinPool$WorkQueue.runTask(ForkJoinPool.java:1056)
	at java.util.concurrent.ForkJoinPool.runWorker(ForkJoinPool.java:1692)
	at java.util.concurrent.ForkJoinWorkerThread.run(ForkJoinWorkerThread.java:157)
Caused by: org.apache.hadoop.hdds.scm.container.common.helpers.StorageContainerException: Error opening DB. Container:2 ContainerPath:/opt/src/hadoop-ozone/integration-test/target/test-dir/MiniOzoneClusterImpl-43bfb4d4-2269-420d-a125-23ae713bb82d/datanode-0/data/containers/hdds/fcb9d5d5-7702-414d-85b0-d4d64dd4d07a/current/containerDir0/2/metadata/2-dn-container.db
	at org.apache.hadoop.ozone.container.keyvalue.helpers.BlockUtils.getDB(BlockUtils.java:84)
	at org.apache.hadoop.ozone.container.keyvalue.statemachine.background.BlockDeletingService$BlockDeletingTask.call(BlockDeletingService.java:188)
	at org.apache.hadoop.ozone.container.keyvalue.statemachine.background.BlockDeletingService$BlockDeletingTask.call(BlockDeletingService.java:172)
	at java.util.concurrent.FutureTask.run(FutureTask.java:266)
	at java.util.concurrent.Executors$RunnableAdapter.call(Executors.java:511)
	at java.util.concurrent.FutureTask.run(FutureTask.java:266)
	at java.util.concurrent.Executors$RunnableAdapter.call(Executors.java:511)
	at java.util.concurrent.FutureTask.run(FutureTask.java:266)
	at java.util.concurrent.ScheduledThreadPoolExecutor$ScheduledFutureTask.access$201(ScheduledThreadPoolExecutor.java:180)
	at java.util.concurrent.ScheduledThreadPoolExecutor$ScheduledFutureTask.run(ScheduledThreadPoolExecutor.java:293)
	at java.util.concurrent.ThreadPoolExecutor.runWorker(ThreadPoolExecutor.java:1149)
	at java.util.concurrent.ThreadPoolExecutor$Worker.run(ThreadPoolExecutor.java:624)
	at java.lang.Thread.run(Thread.java:748)
2019-06-14 12:59:38,894 INFO  ozone.MiniOzoneClusterImpl (MiniOzoneClusterImpl.java:lambda$waitForClusterToBeReady$0(142)) - Cluster is ready. Got 1 of 1 DN Heartbeats.
2019-06-14 12:59:39,003 INFO  pipeline.PipelineStateManager (PipelineStateManager.java:addPipeline(56)) - Created pipeline Pipeline[ Id: 673fe69c-eb03-48c6-9c2e-41dcd82a4636, Nodes: 46a077f4-9a78-48da-a085-de8f6fe8131f{ip: 192.168.105.183, host: ozone-5z4sx-3769091767, networkLocation: /default-rack, certSerialId: null}, Type:STAND_ALONE, Factor:ONE, State:OPEN]
2019-06-14 12:59:39,060 INFO  impl.FollowerState (FollowerState.java:run(101)) - 46a077f4-9a78-48da-a085-de8f6fe8131f:group-909E8A080833 changes to CANDIDATE, lastRpcTime:1139, electionTimeout:1139ms
2019-06-14 12:59:39,060 INFO  impl.RoleInfo (RoleInfo.java:shutdownFollowerState(121)) - 46a077f4-9a78-48da-a085-de8f6fe8131f: shutdown FollowerState
2019-06-14 12:59:39,060 INFO  impl.RaftServerImpl (RaftServerImpl.java:setRole(164)) - 46a077f4-9a78-48da-a085-de8f6fe8131f:group-909E8A080833 changes role from FOLLOWER to CANDIDATE at term 0 for changeToCandidate
2019-06-14 12:59:39,060 INFO  impl.RoleInfo (RoleInfo.java:updateAndGet(143)) - 46a077f4-9a78-48da-a085-de8f6fe8131f: start LeaderElection
2019-06-14 12:59:39,064 INFO  impl.LeaderElection (LeaderElection.java:askForVotes(181)) - 46a077f4-9a78-48da-a085-de8f6fe8131f:group-909E8A080833:LeaderElection2: begin an election at term 1 for -1: [46a077f4-9a78-48da-a085-de8f6fe8131f:192.168.105.183:36639], old=null
2019-06-14 12:59:39,064 INFO  impl.RoleInfo (RoleInfo.java:shutdownLeaderElection(134)) - 46a077f4-9a78-48da-a085-de8f6fe8131f: shutdown LeaderElection
2019-06-14 12:59:39,065 INFO  impl.RaftServerImpl (RaftServerImpl.java:setRole(164)) - 46a077f4-9a78-48da-a085-de8f6fe8131f:group-909E8A080833 changes role from CANDIDATE to LEADER at term 1 for changeToLeader
2019-06-14 12:59:39,065 INFO  impl.RaftServerImpl (ServerState.java:setLeader(263)) - 46a077f4-9a78-48da-a085-de8f6fe8131f:group-909E8A080833 change Leader from null to 46a077f4-9a78-48da-a085-de8f6fe8131f at term 1 for becomeLeader, leader elected after 1146ms
2019-06-14 12:59:39,065 INFO  server.RaftServerConfigKeys (ConfUtils.java:logGet(43)) - raft.server.staging.catchup.gap = 1000 (default)
2019-06-14 12:59:39,065 INFO  server.RaftServerConfigKeys (ConfUtils.java:logGet(43)) - raft.server.rpc.sleep.time = 25ms (default)
2019-06-14 12:59:39,065 INFO  server.RaftServerConfigKeys (ConfUtils.java:logGet(43)) - raft.server.watch.timeout = 10s (default)
2019-06-14 12:59:39,065 INFO  server.RaftServerConfigKeys (ConfUtils.java:logGet(43)) - raft.server.watch.timeout.denomination = 1s (default)
2019-06-14 12:59:39,065 INFO  impl.RoleInfo (RoleInfo.java:updateAndGet(143)) - 46a077f4-9a78-48da-a085-de8f6fe8131f: start LeaderState
2019-06-14 12:59:39,066 INFO  storage.RaftLogWorker (RaftLogWorker.java:startLogSegment(298)) - 46a077f4-9a78-48da-a085-de8f6fe8131f-RaftLogWorker: Starting segment from index:0
2019-06-14 12:59:39,066 INFO  impl.RaftServerImpl (ServerState.java:setRaftConf(361)) - 46a077f4-9a78-48da-a085-de8f6fe8131f:group-909E8A080833 set configuration 0: [46a077f4-9a78-48da-a085-de8f6fe8131f:192.168.105.183:36639], old=null at 0
2019-06-14 12:59:39,112 INFO  storage.RaftLogWorker (RaftLogWorker.java:execute(469)) - 46a077f4-9a78-48da-a085-de8f6fe8131f-RaftLogWorker: created new log segment /opt/src/hadoop-ozone/integration-test/target/test-dir/MiniOzoneClusterImpl-8c5fde74-8b92-44fb-8ce7-0a4679e426eb/datanode-0/data/ratis/b3b9cc01-632a-4a0e-8eaa-909e8a080833/current/log_inprogress_0
2019-06-14 12:59:39,299 INFO  keyvalue.KeyValueHandler (ContainerUtils.java:logAndReturnError(146)) - Operation: CreateContainer : Trace ID: 9163d141949cceff:9163d141949cceff:0:0 : Message: Container creation failed, due to disk out of space : Result: DISK_OUT_OF_SPACE
12:59:39.301 [grpc-default-executor-0] ERROR DNAudit - user=null | ip=null | op=WRITE_CHUNK {blockData=conID: 6 locID: 102270053859459093 bcsId: 0} | ret=FAILURE
org.apache.hadoop.hdds.scm.container.common.helpers.StorageContainerException: ContainerID 6 creation failed
	at org.apache.hadoop.ozone.container.common.impl.HddsDispatcher.dispatchRequest(HddsDispatcher.java:227) [hadoop-hdds-container-service-0.5.0-SNAPSHOT.jar:?]
	at org.apache.hadoop.ozone.container.common.impl.HddsDispatcher.dispatch(HddsDispatcher.java:148) [hadoop-hdds-container-service-0.5.0-SNAPSHOT.jar:?]
	at org.apache.hadoop.ozone.container.common.transport.server.GrpcXceiverService$1.onNext(GrpcXceiverService.java:73) [hadoop-hdds-container-service-0.5.0-SNAPSHOT.jar:?]
	at org.apache.hadoop.ozone.container.common.transport.server.GrpcXceiverService$1.onNext(GrpcXceiverService.java:61) [hadoop-hdds-container-service-0.5.0-SNAPSHOT.jar:?]
	at org.apache.ratis.thirdparty.io.grpc.stub.ServerCalls$StreamingServerCallHandler$StreamingServerCallListener.onMessage(ServerCalls.java:248) [ratis-thirdparty-misc-0.2.0.jar:0.2.0]
	at org.apache.ratis.thirdparty.io.grpc.ForwardingServerCallListener.onMessage(ForwardingServerCallListener.java:33) [ratis-thirdparty-misc-0.2.0.jar:0.2.0]
	at org.apache.ratis.thirdparty.io.grpc.Contexts$ContextualizedServerCallListener.onMessage(Contexts.java:76) [ratis-thirdparty-misc-0.2.0.jar:0.2.0]
	at org.apache.ratis.thirdparty.io.grpc.ForwardingServerCallListener.onMessage(ForwardingServerCallListener.java:33) [ratis-thirdparty-misc-0.2.0.jar:0.2.0]
	at org.apache.hadoop.hdds.tracing.GrpcServerInterceptor$1.onMessage(GrpcServerInterceptor.java:46) [hadoop-hdds-common-0.5.0-SNAPSHOT.jar:?]
	at org.apache.ratis.thirdparty.io.grpc.internal.ServerCallImpl$ServerStreamListenerImpl.messagesAvailable(ServerCallImpl.java:263) [ratis-thirdparty-misc-0.2.0.jar:0.2.0]
	at org.apache.ratis.thirdparty.io.grpc.internal.ServerImpl$JumpToApplicationThreadServerStreamListener$1MessagesAvailable.runInContext(ServerImpl.java:686) [ratis-thirdparty-misc-0.2.0.jar:0.2.0]
	at org.apache.ratis.thirdparty.io.grpc.internal.ContextRunnable.run(ContextRunnable.java:37) [ratis-thirdparty-misc-0.2.0.jar:0.2.0]
	at org.apache.ratis.thirdparty.io.grpc.internal.SerializingExecutor.run(SerializingExecutor.java:123) [ratis-thirdparty-misc-0.2.0.jar:0.2.0]
	at java.util.concurrent.ThreadPoolExecutor.runWorker(ThreadPoolExecutor.java:1149) [?:1.8.0_212]
	at java.util.concurrent.ThreadPoolExecutor$Worker.run(ThreadPoolExecutor.java:624) [?:1.8.0_212]
	at java.lang.Thread.run(Thread.java:748) [?:1.8.0_212]
2019-06-14 12:59:39,307 INFO  impl.HddsDispatcher (ContainerUtils.java:logAndReturnError(146)) - Operation: WriteChunk : Trace ID: 9163d141949cceff:9163d141949cceff:0:0 : Message: ContainerID 6 creation failed : Result: DISK_OUT_OF_SPACE
2019-06-14 12:59:39,309 ERROR storage.BlockOutputStream (BlockOutputStream.java:validateResponse(538)) - Unexpected Storage Container Exception: 
org.apache.hadoop.hdds.scm.container.common.helpers.StorageContainerException: ContainerID 6 creation failed
	at org.apache.hadoop.hdds.scm.storage.ContainerProtocolCalls.validateContainerResponse(ContainerProtocolCalls.java:536)
	at org.apache.hadoop.hdds.scm.storage.BlockOutputStream.validateResponse(BlockOutputStream.java:536)
	at org.apache.hadoop.hdds.scm.storage.BlockOutputStream.lambda$writeChunkToContainer$2(BlockOutputStream.java:614)
	at java.util.concurrent.CompletableFuture.uniApply(CompletableFuture.java:602)
	at java.util.concurrent.CompletableFuture$UniApply.tryFire(CompletableFuture.java:577)
	at java.util.concurrent.CompletableFuture$Completion.run(CompletableFuture.java:442)
	at java.util.concurrent.ThreadPoolExecutor.runWorker(ThreadPoolExecutor.java:1149)
	at java.util.concurrent.ThreadPoolExecutor$Worker.run(ThreadPoolExecutor.java:624)
	at java.lang.Thread.run(Thread.java:748)
12:59:39.311 [grpc-default-executor-2] ERROR DNAudit - user=null | ip=null | op=PUT_BLOCK {blockData=[blockId=conID: 6 locID: 102270053859459093 bcsId: 0,size=5]} | ret=FAILURE
org.apache.hadoop.hdds.scm.container.common.helpers.StorageContainerException: ContainerID 6 does not exist
	at org.apache.hadoop.ozone.container.common.impl.HddsDispatcher.dispatchRequest(HddsDispatcher.java:242) [hadoop-hdds-container-service-0.5.0-SNAPSHOT.jar:?]
	at org.apache.hadoop.ozone.container.common.impl.HddsDispatcher.dispatch(HddsDispatcher.java:148) [hadoop-hdds-container-service-0.5.0-SNAPSHOT.jar:?]
	at org.apache.hadoop.ozone.container.common.transport.server.GrpcXceiverService$1.onNext(GrpcXceiverService.java:73) [hadoop-hdds-container-service-0.5.0-SNAPSHOT.jar:?]
	at org.apache.hadoop.ozone.container.common.transport.server.GrpcXceiverService$1.onNext(GrpcXceiverService.java:61) [hadoop-hdds-container-service-0.5.0-SNAPSHOT.jar:?]
	at org.apache.ratis.thirdparty.io.grpc.stub.ServerCalls$StreamingServerCallHandler$StreamingServerCallListener.onMessage(ServerCalls.java:248) [ratis-thirdparty-misc-0.2.0.jar:0.2.0]
	at org.apache.ratis.thirdparty.io.grpc.ForwardingServerCallListener.onMessage(ForwardingServerCallListener.java:33) [ratis-thirdparty-misc-0.2.0.jar:0.2.0]
	at org.apache.ratis.thirdparty.io.grpc.Contexts$ContextualizedServerCallListener.onMessage(Contexts.java:76) [ratis-thirdparty-misc-0.2.0.jar:0.2.0]
	at org.apache.ratis.thirdparty.io.grpc.ForwardingServerCallListener.onMessage(ForwardingServerCallListener.java:33) [ratis-thirdparty-misc-0.2.0.jar:0.2.0]
	at org.apache.hadoop.hdds.tracing.GrpcServerInterceptor$1.onMessage(GrpcServerInterceptor.java:46) [hadoop-hdds-common-0.5.0-SNAPSHOT.jar:?]
	at org.apache.ratis.thirdparty.io.grpc.internal.ServerCallImpl$ServerStreamListenerImpl.messagesAvailable(ServerCallImpl.java:263) [ratis-thirdparty-misc-0.2.0.jar:0.2.0]
	at org.apache.ratis.thirdparty.io.grpc.internal.ServerImpl$JumpToApplicationThreadServerStreamListener$1MessagesAvailable.runInContext(ServerImpl.java:686) [ratis-thirdparty-misc-0.2.0.jar:0.2.0]
	at org.apache.ratis.thirdparty.io.grpc.internal.ContextRunnable.run(ContextRunnable.java:37) [ratis-thirdparty-misc-0.2.0.jar:0.2.0]
	at org.apache.ratis.thirdparty.io.grpc.internal.SerializingExecutor.run(SerializingExecutor.java:123) [ratis-thirdparty-misc-0.2.0.jar:0.2.0]
	at java.util.concurrent.ThreadPoolExecutor.runWorker(ThreadPoolExecutor.java:1149) [?:1.8.0_212]
	at java.util.concurrent.ThreadPoolExecutor$Worker.run(ThreadPoolExecutor.java:624) [?:1.8.0_212]
	at java.lang.Thread.run(Thread.java:748) [?:1.8.0_212]
2019-06-14 12:59:39,312 INFO  impl.HddsDispatcher (ContainerUtils.java:logAndReturnError(146)) - Operation: PutBlock : Trace ID: 30e39f2cde9790bd:30e39f2cde9790bd:0:0 : Message: ContainerID 6 does not exist : Result: CONTAINER_NOT_FOUND
]]></system-out>
    <system-err><![CDATA[Jun 14, 2019 12:59:33 PM com.sun.jersey.server.impl.application.WebApplicationImpl _initiate
INFO: Initiating Jersey application, version 'Jersey: 1.19 02/11/2015 03:25 AM'
Jun 14, 2019 12:59:37 PM org.apache.ratis.thirdparty.io.grpc.internal.ManagedChannelOrphanWrapper$ManagedChannelReference cleanQueue
SEVERE: *~*~*~ Channel ManagedChannelImpl{logId=12, target=192.168.105.183:37699} was not shutdown properly!!! ~*~*~*
    Make sure to call shutdown()/shutdownNow() and wait until awaitTermination() returns true.
java.lang.RuntimeException: ManagedChannel allocation site
	at org.apache.ratis.thirdparty.io.grpc.internal.ManagedChannelOrphanWrapper$ManagedChannelReference.<init>(ManagedChannelOrphanWrapper.java:103)
	at org.apache.ratis.thirdparty.io.grpc.internal.ManagedChannelOrphanWrapper.<init>(ManagedChannelOrphanWrapper.java:53)
	at org.apache.ratis.thirdparty.io.grpc.internal.ManagedChannelOrphanWrapper.<init>(ManagedChannelOrphanWrapper.java:44)
	at org.apache.ratis.thirdparty.io.grpc.internal.AbstractManagedChannelImplBuilder.build(AbstractManagedChannelImplBuilder.java:411)
	at org.apache.hadoop.hdds.scm.XceiverClientGrpc.connectToDatanode(XceiverClientGrpc.java:163)
	at org.apache.hadoop.hdds.scm.XceiverClientGrpc.reconnect(XceiverClientGrpc.java:398)
	at org.apache.hadoop.hdds.scm.XceiverClientGrpc.sendCommandAsync(XceiverClientGrpc.java:349)
	at org.apache.hadoop.hdds.scm.XceiverClientGrpc.sendCommandAsync(XceiverClientGrpc.java:324)
	at org.apache.hadoop.hdds.scm.storage.ContainerProtocolCalls.writeChunkAsync(ContainerProtocolCalls.java:310)
	at org.apache.hadoop.hdds.scm.storage.BlockOutputStream.writeChunkToContainer(BlockOutputStream.java:609)
	at org.apache.hadoop.hdds.scm.storage.BlockOutputStream.writeChunk(BlockOutputStream.java:466)
	at org.apache.hadoop.hdds.scm.storage.BlockOutputStream.handleFlush(BlockOutputStream.java:477)
	at org.apache.hadoop.hdds.scm.storage.BlockOutputStream.close(BlockOutputStream.java:500)
	at org.apache.hadoop.ozone.client.io.BlockOutputStreamEntry.close(BlockOutputStreamEntry.java:143)
	at org.apache.hadoop.ozone.client.io.KeyOutputStream.handleFlushOrClose(KeyOutputStream.java:434)
	at org.apache.hadoop.ozone.client.io.KeyOutputStream.close(KeyOutputStream.java:472)
	at org.apache.hadoop.ozone.client.io.OzoneOutputStream.close(OzoneOutputStream.java:60)
	at org.apache.hadoop.ozone.TestStorageContainerManagerHelper.createKeys(TestStorageContainerManagerHelper.java:102)
	at org.apache.hadoop.ozone.TestStorageContainerManager.testBlockDeletionTransactions(TestStorageContainerManager.java:244)
	at sun.reflect.NativeMethodAccessorImpl.invoke0(Native Method)
	at sun.reflect.NativeMethodAccessorImpl.invoke(NativeMethodAccessorImpl.java:62)
	at sun.reflect.DelegatingMethodAccessorImpl.invoke(DelegatingMethodAccessorImpl.java:43)
	at java.lang.reflect.Method.invoke(Method.java:498)
	at org.junit.runners.model.FrameworkMethod$1.runReflectiveCall(FrameworkMethod.java:47)
	at org.junit.internal.runners.model.ReflectiveCallable.run(ReflectiveCallable.java:12)
	at org.junit.runners.model.FrameworkMethod.invokeExplosively(FrameworkMethod.java:44)
	at org.junit.internal.runners.statements.InvokeMethod.evaluate(InvokeMethod.java:17)
	at org.junit.internal.runners.statements.FailOnTimeout$StatementThread.run(FailOnTimeout.java:74)

Jun 14, 2019 12:59:38 PM com.sun.jersey.server.impl.application.WebApplicationImpl _initiate
INFO: Initiating Jersey application, version 'Jersey: 1.19 02/11/2015 03:25 AM'
]]></system-err>
  </testcase>
  <testcase name="testSCMReinitialization" classname="org.apache.hadoop.ozone.TestStorageContainerManager" time="5.58"/>
  <testcase name="testCloseContainerCommandOnRestart" classname="org.apache.hadoop.ozone.TestStorageContainerManager" time="5.784">
    <error message="Unexpected Storage Container Exception: org.apache.hadoop.hdds.scm.container.common.helpers.StorageContainerException: ContainerID 6 creation failed" type="java.io.IOException">java.io.IOException: Unexpected Storage Container Exception: org.apache.hadoop.hdds.scm.container.common.helpers.StorageContainerException: ContainerID 6 creation failed
	at org.apache.hadoop.hdds.scm.storage.BlockOutputStream.setIoException(BlockOutputStream.java:548)
	at org.apache.hadoop.hdds.scm.storage.BlockOutputStream.validateResponse(BlockOutputStream.java:539)
	at org.apache.hadoop.hdds.scm.storage.BlockOutputStream.lambda$writeChunkToContainer$2(BlockOutputStream.java:614)
	at java.util.concurrent.CompletableFuture.uniApply(CompletableFuture.java:602)
	at java.util.concurrent.CompletableFuture$UniApply.tryFire(CompletableFuture.java:577)
	at java.util.concurrent.CompletableFuture$Completion.run(CompletableFuture.java:442)
	at java.util.concurrent.ThreadPoolExecutor.runWorker(ThreadPoolExecutor.java:1149)
	at java.util.concurrent.ThreadPoolExecutor$Worker.run(ThreadPoolExecutor.java:624)
	at java.lang.Thread.run(Thread.java:748)
Caused by: org.apache.hadoop.hdds.scm.container.common.helpers.StorageContainerException: ContainerID 6 creation failed
	at org.apache.hadoop.hdds.scm.storage.ContainerProtocolCalls.validateContainerResponse(ContainerProtocolCalls.java:536)
	at org.apache.hadoop.hdds.scm.storage.BlockOutputStream.validateResponse(BlockOutputStream.java:536)
	... 7 more
</error>
    <system-out><![CDATA[2019-06-14 12:59:44,909 WARN  server.ServerUtils (ServerUtils.java:getScmDbDir(145)) - ozone.scm.db.dirs is not configured. We recommend adding this setting. Falling back to ozone.metadata.dirs instead.
2019-06-14 12:59:44,913 WARN  server.ServerUtils (ServerUtils.java:getScmDbDir(145)) - ozone.scm.db.dirs is not configured. We recommend adding this setting. Falling back to ozone.metadata.dirs instead.
2019-06-14 12:59:44,913 WARN  server.ServerUtils (ServerUtils.java:getScmDbDir(145)) - ozone.scm.db.dirs is not configured. We recommend adding this setting. Falling back to ozone.metadata.dirs instead.
2019-06-14 12:59:44,914 INFO  db.DBStoreBuilder (DBStoreBuilder.java:addTable(110)) - using custom profile for table: deletedBlocks
2019-06-14 12:59:44,914 INFO  db.DBStoreBuilder (DBStoreBuilder.java:processTables(161)) - Using default column profile:DBProfile.DISK for Table:deletedBlocks
2019-06-14 12:59:44,914 INFO  db.DBStoreBuilder (DBStoreBuilder.java:addTable(110)) - using custom profile for table: validCerts
2019-06-14 12:59:44,914 INFO  db.DBStoreBuilder (DBStoreBuilder.java:processTables(161)) - Using default column profile:DBProfile.DISK for Table:validCerts
2019-06-14 12:59:44,914 INFO  db.DBStoreBuilder (DBStoreBuilder.java:addTable(110)) - using custom profile for table: revokedCerts
2019-06-14 12:59:44,914 INFO  db.DBStoreBuilder (DBStoreBuilder.java:processTables(161)) - Using default column profile:DBProfile.DISK for Table:revokedCerts
2019-06-14 12:59:44,914 INFO  db.DBStoreBuilder (DBStoreBuilder.java:addTable(110)) - using custom profile for table: default
2019-06-14 12:59:44,914 INFO  db.DBStoreBuilder (DBStoreBuilder.java:processTables(167)) - Using default column profile:DBProfile.DISK for Table:default
2019-06-14 12:59:44,914 INFO  db.DBStoreBuilder (DBStoreBuilder.java:getDbProfile(198)) - Using default options. DBProfile.DISK
2019-06-14 12:59:44,954 INFO  node.SCMNodeManager (SCMNodeManager.java:<init>(108)) - Entering startup safe mode.
2019-06-14 12:59:44,955 INFO  net.NodeSchemaLoader (NodeSchemaLoader.java:loadSchemaFromFile(125)) - Loading file from sun.misc.CompoundEnumeration@244e7b31
2019-06-14 12:59:44,955 INFO  net.NodeSchemaLoader (NodeSchemaLoader.java:loadSchema(171)) - Loading network topology layer schema file
2019-06-14 12:59:44,958 WARN  server.ServerUtils (ServerUtils.java:getScmDbDir(145)) - ozone.scm.db.dirs is not configured. We recommend adding this setting. Falling back to ozone.metadata.dirs instead.
2019-06-14 12:59:44,970 INFO  pipeline.SCMPipelineManager (SCMPipelineManager.java:initializePipelineState(126)) - No pipeline exists in current db
2019-06-14 12:59:44,970 WARN  server.ServerUtils (ServerUtils.java:getScmDbDir(145)) - ozone.scm.db.dirs is not configured. We recommend adding this setting. Falling back to ozone.metadata.dirs instead.
2019-06-14 12:59:44,984 WARN  events.EventQueue (EventQueue.java:fireEvent(175)) - No event handler registered for event TypedEvent{payloadType=SafeModeStatus, name='SafeModeStatus'}
2019-06-14 12:59:44,985 INFO  ipc.CallQueueManager (CallQueueManager.java:<init>(84)) - Using callQueue: class java.util.concurrent.LinkedBlockingQueue, queueCapacity: 2000, scheduler: class org.apache.hadoop.ipc.DefaultRpcScheduler, ipcBackoff: false.
2019-06-14 12:59:44,986 INFO  ipc.Server (Server.java:run(1074)) - Starting Socket Reader #1 for port 44897
2019-06-14 12:59:44,988 INFO  ipc.CallQueueManager (CallQueueManager.java:<init>(84)) - Using callQueue: class java.util.concurrent.LinkedBlockingQueue, queueCapacity: 2000, scheduler: class org.apache.hadoop.ipc.DefaultRpcScheduler, ipcBackoff: false.
2019-06-14 12:59:44,988 INFO  ipc.Server (Server.java:run(1074)) - Starting Socket Reader #1 for port 35585
2019-06-14 12:59:44,990 INFO  ipc.CallQueueManager (CallQueueManager.java:<init>(84)) - Using callQueue: class java.util.concurrent.LinkedBlockingQueue, queueCapacity: 2000, scheduler: class org.apache.hadoop.ipc.DefaultRpcScheduler, ipcBackoff: false.
2019-06-14 12:59:44,991 INFO  ipc.Server (Server.java:run(1074)) - Starting Socket Reader #1 for port 38545
2019-06-14 12:59:44,996 INFO  hdfs.DFSUtil (DFSUtil.java:httpServerTemplateForNNAndJN(1641)) - Starting Web-server for scm at: http://0.0.0.0:0
2019-06-14 12:59:44,997 INFO  server.AuthenticationFilter (AuthenticationFilter.java:constructSecretProvider(240)) - Unable to initialize FileSignerSecretProvider, falling back to use random secrets.
2019-06-14 12:59:44,998 WARN  http.HttpRequestLog (HttpRequestLog.java:getRequestLog(97)) - Jetty request log can only be enabled using Log4j
2019-06-14 12:59:44,999 INFO  http.HttpServer2 (HttpServer2.java:addGlobalFilter(975)) - Added global filter 'safety' (class=org.apache.hadoop.http.HttpServer2$QuotingInputFilter)
2019-06-14 12:59:45,000 INFO  http.HttpServer2 (HttpServer2.java:addFilter(948)) - Added filter static_user_filter (class=org.apache.hadoop.http.lib.StaticUserWebFilter$StaticUserFilter) to context scm
2019-06-14 12:59:45,000 INFO  http.HttpServer2 (HttpServer2.java:addFilter(958)) - Added filter static_user_filter (class=org.apache.hadoop.http.lib.StaticUserWebFilter$StaticUserFilter) to context static
2019-06-14 12:59:45,000 INFO  http.HttpServer2 (HttpServer2.java:addFilter(958)) - Added filter static_user_filter (class=org.apache.hadoop.http.lib.StaticUserWebFilter$StaticUserFilter) to context logs
2019-06-14 12:59:45,005 INFO  server.StorageContainerManager (StorageContainerManager.java:start(752)) - StorageContainerLocationProtocol RPC server is listening at /0.0.0.0:38545
2019-06-14 12:59:45,005 INFO  impl.MetricsSystemImpl (MetricsSystemImpl.java:init(158)) - StorageContainerManager metrics system started (again)
2019-06-14 12:59:45,005 INFO  server.SCMClientProtocolServer (SCMClientProtocolServer.java:start(149)) - RPC server for Client  is listening at /0.0.0.0:38545
2019-06-14 12:59:45,005 INFO  ipc.Server (Server.java:run(1314)) - IPC Server Responder: starting
2019-06-14 12:59:45,005 INFO  ipc.Server (Server.java:run(1153)) - IPC Server listener on 38545: starting
2019-06-14 12:59:45,008 INFO  server.StorageContainerManager (StorageContainerManager.java:start(761)) - ScmBlockLocationProtocol RPC server is listening at /0.0.0.0:35585
2019-06-14 12:59:45,008 INFO  server.SCMBlockProtocolServer (SCMBlockProtocolServer.java:start(137)) - RPC server for Block Protocol is listening at /0.0.0.0:35585
2019-06-14 12:59:45,008 INFO  ipc.Server (Server.java:run(1314)) - IPC Server Responder: starting
2019-06-14 12:59:45,009 INFO  ipc.Server (Server.java:run(1153)) - IPC Server listener on 35585: starting
2019-06-14 12:59:45,011 INFO  server.StorageContainerManager (StorageContainerManager.java:start(765)) - ScmDatanodeProtocl RPC server is listening at /0.0.0.0:44897
2019-06-14 12:59:45,011 INFO  server.SCMDatanodeProtocolServer (SCMDatanodeProtocolServer.java:start(191)) - RPC server for DataNodes is listening at /0.0.0.0:44897
2019-06-14 12:59:45,012 INFO  ipc.Server (Server.java:run(1314)) - IPC Server Responder: starting
2019-06-14 12:59:45,014 INFO  ipc.Server (Server.java:run(1153)) - IPC Server listener on 44897: starting
2019-06-14 12:59:45,016 INFO  http.HttpServer2 (HttpServer2.java:bindListener(1191)) - Jetty bound to port 33127
2019-06-14 12:59:45,016 INFO  server.Server (Server.java:doStart(351)) - jetty-9.3.24.v20180605, build timestamp: 2018-06-05T17:11:56Z, git hash: 84205aa28f11a4f31f2a3b86d1bba2cc8ab69827
2019-06-14 12:59:45,019 INFO  handler.ContextHandler (ContextHandler.java:doStart(781)) - Started o.e.j.s.ServletContextHandler@eaed720{/logs,file:///opt/src/hadoop-ozone/integration-test/target/log,AVAILABLE}
2019-06-14 12:59:45,020 INFO  handler.ContextHandler (ContextHandler.java:doStart(781)) - Started o.e.j.s.ServletContextHandler@7d591229{/static,file:///opt/src/hadoop-ozone/integration-test/target/test-classes/webapps/static,AVAILABLE}
2019-06-14 12:59:45,022 INFO  handler.ContextHandler (ContextHandler.java:doStart(781)) - Started o.e.j.w.WebAppContext@3cdef09e{/,file:///opt/src/hadoop-ozone/integration-test/target/test-classes/webapps/scm/,AVAILABLE}{/scm}
2019-06-14 12:59:45,023 INFO  server.AbstractConnector (AbstractConnector.java:doStart(278)) - Started ServerConnector@42348074{HTTP/1.1,[http/1.1]}{0.0.0.0:33127}
2019-06-14 12:59:45,023 INFO  server.Server (Server.java:doStart(419)) - Started @23612ms
2019-06-14 12:59:45,026 INFO  server.BaseHttpServer (BaseHttpServer.java:updateConnectorAddress(207)) - HTTP server of SCM is listening at http://0.0.0.0:33127
2019-06-14 12:59:45,026 WARN  scm.ScmUtils (ScmUtils.java:getDBPath(63)) - ozone.om.db.dirs is not configured. We recommend adding this setting. Falling back to ozone.metadata.dirs instead.
2019-06-14 12:59:45,026 INFO  util.JvmPauseMonitor (JvmPauseMonitor.java:run(188)) - Starting JVM pause monitor
2019-06-14 12:59:45,030 WARN  scm.ScmUtils (ScmUtils.java:getDBPath(63)) - ozone.om.db.dirs is not configured. We recommend adding this setting. Falling back to ozone.metadata.dirs instead.
2019-06-14 12:59:45,030 INFO  om.OzoneManager (OzoneManager.java:setOMNodeDetails(519)) - OM Service ID is not set. Setting it to the default ID: omServiceIdDefault
2019-06-14 12:59:45,030 INFO  om.OzoneManager (OzoneManager.java:setOMNodeDetails(525)) - OM Node ID is not set. Setting it to the OmStorage's OmID: ee5f7483-69d7-4c37-8f26-36d4d2fb4b8a
2019-06-14 12:59:45,030 WARN  scm.HddsServerUtil (HddsServerUtil.java:getDefaultRatisDirectory(354)) - Storage directory for Ratis is not configured. It is a good idea to map this to an SSD disk. Falling back to ozone.metadata.dirs
2019-06-14 12:59:45,030 WARN  scm.HddsServerUtil (HddsServerUtil.java:getDefaultRatisDirectory(354)) - Storage directory for Ratis is not configured. It is a good idea to map this to an SSD disk. Falling back to ozone.metadata.dirs
2019-06-14 12:59:45,030 INFO  om.OzoneManager (OzoneManager.java:loadOMHAConfigs(476)) - Found matching OM address with OMServiceId: null, OMNodeId: null, RPC Address: localhost:0 and Ratis port: 9872
2019-06-14 12:59:45,035 WARN  scm.ScmUtils (ScmUtils.java:getDBPath(63)) - ozone.om.db.dirs is not configured. We recommend adding this setting. Falling back to ozone.metadata.dirs instead.
2019-06-14 12:59:45,035 INFO  db.DBStoreBuilder (DBStoreBuilder.java:addTable(110)) - using custom profile for table: userTable
2019-06-14 12:59:45,035 INFO  db.DBStoreBuilder (DBStoreBuilder.java:processTables(161)) - Using default column profile:DBProfile.DISK for Table:userTable
2019-06-14 12:59:45,035 INFO  db.DBStoreBuilder (DBStoreBuilder.java:addTable(110)) - using custom profile for table: volumeTable
2019-06-14 12:59:45,035 INFO  db.DBStoreBuilder (DBStoreBuilder.java:processTables(161)) - Using default column profile:DBProfile.DISK for Table:volumeTable
2019-06-14 12:59:45,036 INFO  db.DBStoreBuilder (DBStoreBuilder.java:addTable(110)) - using custom profile for table: bucketTable
2019-06-14 12:59:45,036 INFO  db.DBStoreBuilder (DBStoreBuilder.java:processTables(161)) - Using default column profile:DBProfile.DISK for Table:bucketTable
2019-06-14 12:59:45,036 INFO  db.DBStoreBuilder (DBStoreBuilder.java:addTable(110)) - using custom profile for table: keyTable
2019-06-14 12:59:45,036 INFO  db.DBStoreBuilder (DBStoreBuilder.java:processTables(161)) - Using default column profile:DBProfile.DISK for Table:keyTable
2019-06-14 12:59:45,036 INFO  db.DBStoreBuilder (DBStoreBuilder.java:addTable(110)) - using custom profile for table: deletedTable
2019-06-14 12:59:45,036 INFO  db.DBStoreBuilder (DBStoreBuilder.java:processTables(161)) - Using default column profile:DBProfile.DISK for Table:deletedTable
2019-06-14 12:59:45,036 INFO  db.DBStoreBuilder (DBStoreBuilder.java:addTable(110)) - using custom profile for table: openKeyTable
2019-06-14 12:59:45,036 INFO  db.DBStoreBuilder (DBStoreBuilder.java:processTables(161)) - Using default column profile:DBProfile.DISK for Table:openKeyTable
2019-06-14 12:59:45,036 INFO  db.DBStoreBuilder (DBStoreBuilder.java:addTable(110)) - using custom profile for table: s3Table
2019-06-14 12:59:45,036 INFO  db.DBStoreBuilder (DBStoreBuilder.java:processTables(161)) - Using default column profile:DBProfile.DISK for Table:s3Table
2019-06-14 12:59:45,037 INFO  db.DBStoreBuilder (DBStoreBuilder.java:addTable(110)) - using custom profile for table: multipartInfoTable
2019-06-14 12:59:45,037 INFO  db.DBStoreBuilder (DBStoreBuilder.java:processTables(161)) - Using default column profile:DBProfile.DISK for Table:multipartInfoTable
2019-06-14 12:59:45,037 INFO  db.DBStoreBuilder (DBStoreBuilder.java:addTable(110)) - using custom profile for table: dTokenTable
2019-06-14 12:59:45,037 INFO  db.DBStoreBuilder (DBStoreBuilder.java:processTables(161)) - Using default column profile:DBProfile.DISK for Table:dTokenTable
2019-06-14 12:59:45,037 INFO  db.DBStoreBuilder (DBStoreBuilder.java:addTable(110)) - using custom profile for table: s3SecretTable
2019-06-14 12:59:45,037 INFO  db.DBStoreBuilder (DBStoreBuilder.java:processTables(161)) - Using default column profile:DBProfile.DISK for Table:s3SecretTable
2019-06-14 12:59:45,037 INFO  db.DBStoreBuilder (DBStoreBuilder.java:addTable(110)) - using custom profile for table: prefixTable
2019-06-14 12:59:45,037 INFO  db.DBStoreBuilder (DBStoreBuilder.java:processTables(161)) - Using default column profile:DBProfile.DISK for Table:prefixTable
2019-06-14 12:59:45,037 INFO  db.DBStoreBuilder (DBStoreBuilder.java:addTable(110)) - using custom profile for table: default
2019-06-14 12:59:45,037 INFO  db.DBStoreBuilder (DBStoreBuilder.java:processTables(167)) - Using default column profile:DBProfile.DISK for Table:default
2019-06-14 12:59:45,037 INFO  db.DBStoreBuilder (DBStoreBuilder.java:getDbProfile(198)) - Using default options. DBProfile.DISK
2019-06-14 12:59:45,182 INFO  ipc.CallQueueManager (CallQueueManager.java:<init>(84)) - Using callQueue: class java.util.concurrent.LinkedBlockingQueue, queueCapacity: 2000, scheduler: class org.apache.hadoop.ipc.DefaultRpcScheduler, ipcBackoff: false.
2019-06-14 12:59:45,184 INFO  ipc.Server (Server.java:run(1074)) - Starting Socket Reader #1 for port 36433
2019-06-14 12:59:45,195 WARN  scm.ScmUtils (ScmUtils.java:getDBPath(63)) - ozone.om.db.dirs is not configured. We recommend adding this setting. Falling back to ozone.metadata.dirs instead.
2019-06-14 12:59:45,195 INFO  om.OzoneManager (OzoneManager.java:start(1217)) - OzoneManager RPC server is listening at localhost/127.0.0.1:36433
2019-06-14 12:59:45,195 INFO  impl.MetricsSystemImpl (MetricsSystemImpl.java:init(158)) - OzoneManager metrics system started (again)
2019-06-14 12:59:45,196 INFO  ipc.Server (Server.java:run(1314)) - IPC Server Responder: starting
2019-06-14 12:59:45,196 INFO  ipc.Server (Server.java:run(1153)) - IPC Server listener on 36433: starting
2019-06-14 12:59:45,199 INFO  hdfs.DFSUtil (DFSUtil.java:httpServerTemplateForNNAndJN(1641)) - Starting Web-server for ozoneManager at: http://0.0.0.0:0
2019-06-14 12:59:45,200 INFO  server.AuthenticationFilter (AuthenticationFilter.java:constructSecretProvider(240)) - Unable to initialize FileSignerSecretProvider, falling back to use random secrets.
2019-06-14 12:59:45,200 WARN  http.HttpRequestLog (HttpRequestLog.java:getRequestLog(97)) - Jetty request log can only be enabled using Log4j
2019-06-14 12:59:45,201 INFO  http.HttpServer2 (HttpServer2.java:addGlobalFilter(975)) - Added global filter 'safety' (class=org.apache.hadoop.http.HttpServer2$QuotingInputFilter)
2019-06-14 12:59:45,202 INFO  http.HttpServer2 (HttpServer2.java:addFilter(948)) - Added filter static_user_filter (class=org.apache.hadoop.http.lib.StaticUserWebFilter$StaticUserFilter) to context ozoneManager
2019-06-14 12:59:45,202 INFO  http.HttpServer2 (HttpServer2.java:addFilter(958)) - Added filter static_user_filter (class=org.apache.hadoop.http.lib.StaticUserWebFilter$StaticUserFilter) to context static
2019-06-14 12:59:45,202 INFO  http.HttpServer2 (HttpServer2.java:addFilter(958)) - Added filter static_user_filter (class=org.apache.hadoop.http.lib.StaticUserWebFilter$StaticUserFilter) to context logs
2019-06-14 12:59:45,202 INFO  http.HttpServer2 (HttpServer2.java:bindListener(1191)) - Jetty bound to port 33611
2019-06-14 12:59:45,202 INFO  server.Server (Server.java:doStart(351)) - jetty-9.3.24.v20180605, build timestamp: 2018-06-05T17:11:56Z, git hash: 84205aa28f11a4f31f2a3b86d1bba2cc8ab69827
2019-06-14 12:59:45,206 INFO  handler.ContextHandler (ContextHandler.java:doStart(781)) - Started o.e.j.s.ServletContextHandler@810f8ce{/logs,file:///opt/src/hadoop-ozone/integration-test/target/log,AVAILABLE}
2019-06-14 12:59:45,207 INFO  handler.ContextHandler (ContextHandler.java:doStart(781)) - Started o.e.j.s.ServletContextHandler@77083efb{/static,file:///opt/src/hadoop-ozone/integration-test/target/test-classes/webapps/static,AVAILABLE}
2019-06-14 12:59:45,209 INFO  handler.ContextHandler (ContextHandler.java:doStart(781)) - Started o.e.j.w.WebAppContext@5655e946{/,file:///opt/src/hadoop-ozone/integration-test/target/test-classes/webapps/ozoneManager/,AVAILABLE}{/ozoneManager}
2019-06-14 12:59:45,210 INFO  server.AbstractConnector (AbstractConnector.java:doStart(278)) - Started ServerConnector@2b94ee63{HTTP/1.1,[http/1.1]}{0.0.0.0:33611}
2019-06-14 12:59:45,210 INFO  server.Server (Server.java:doStart(419)) - Started @23800ms
2019-06-14 12:59:45,211 INFO  server.BaseHttpServer (BaseHttpServer.java:updateConnectorAddress(207)) - HTTP server of OZONEMANAGER is listening at http://0.0.0.0:33611
2019-06-14 12:59:45,213 INFO  impl.MetricsSystemImpl (MetricsSystemImpl.java:init(158)) - HddsDatanode metrics system started (again)
2019-06-14 12:59:45,213 INFO  ozone.HddsDatanodeService (HddsDatanodeService.java:start(185)) - HddsDatanodeService host:ozone-5z4sx-3769091767 ip:192.168.105.183
2019-06-14 12:59:45,221 INFO  volume.HddsVolume (HddsVolume.java:<init>(176)) - Creating Volume: /opt/src/hadoop-ozone/integration-test/target/test-dir/MiniOzoneClusterImpl-0985cc37-5ea6-4ebe-9f1d-59283efc4c70/datanode-0/data/containers/hdds of  storage type : DISK and capacity : 104021790720
2019-06-14 12:59:45,222 INFO  volume.VolumeSet (VolumeSet.java:initializeVolumeSet(170)) - Added Volume : /opt/src/hadoop-ozone/integration-test/target/test-dir/MiniOzoneClusterImpl-0985cc37-5ea6-4ebe-9f1d-59283efc4c70/datanode-0/data/containers/hdds to VolumeSet
2019-06-14 12:59:45,222 INFO  volume.ThrottledAsyncChecker (ThrottledAsyncChecker.java:schedule(140)) - Scheduling a check for org.apache.hadoop.ozone.container.common.volume.HddsVolume@42e8d66
2019-06-14 12:59:45,222 INFO  volume.HddsVolumeChecker (HddsVolumeChecker.java:checkAllVolumes(203)) - Scheduled health check for volume org.apache.hadoop.ozone.container.common.volume.HddsVolume@42e8d66
2019-06-14 12:59:45,234 INFO  ratis.XceiverServerRatis (XceiverServerRatis.java:newXceiverServerRatis(401)) - Found a free port for the server : 44905
2019-06-14 12:59:45,234 INFO  impl.RaftServerProxy (ConfUtils.java:logGet(43)) - raft.rpc.type = GRPC (default)
2019-06-14 12:59:45,235 INFO  grpc.GrpcConfigKeys$Server (ConfUtils.java:logGet(43)) - raft.grpc.server.port = 44905 (custom)
2019-06-14 12:59:45,235 INFO  server.GrpcService (ConfUtils.java:logGet(43)) - raft.grpc.message.size.max = 33570816 (custom)
2019-06-14 12:59:45,235 INFO  server.RaftServerConfigKeys (ConfUtils.java:logGet(43)) - raft.server.log.appender.buffer.byte-limit = 33554432 (custom)
2019-06-14 12:59:45,235 INFO  server.GrpcService (ConfUtils.java:logGet(43)) - raft.grpc.flow.control.window = 1MB (=1048576) (default)
2019-06-14 12:59:45,235 INFO  server.RaftServerConfigKeys (ConfUtils.java:logGet(43)) - raft.server.rpc.request.timeout = 3000ms (default)
2019-06-14 12:59:45,236 INFO  server.RaftServerConfigKeys (ConfUtils.java:logGet(43)) - raft.server.storage.dir = [/opt/src/hadoop-ozone/integration-test/target/test-dir/MiniOzoneClusterImpl-0985cc37-5ea6-4ebe-9f1d-59283efc4c70/datanode-0/data/ratis] (custom)
2019-06-14 12:59:45,236 INFO  server.XceiverServerGrpc (XceiverServerGrpc.java:<init>(97)) - Found a free port for the server : 33975
2019-06-14 12:59:45,236 INFO  replication.SimpleContainerDownloader (SimpleContainerDownloader.java:<init>(72)) - Starting container downloader service to copy containers to replicate.
2019-06-14 12:59:45,237 INFO  hdfs.DFSUtil (DFSUtil.java:httpServerTemplateForNNAndJN(1641)) - Starting Web-server for hddsDatanode at: http://0.0.0.0:0
2019-06-14 12:59:45,238 INFO  server.AuthenticationFilter (AuthenticationFilter.java:constructSecretProvider(240)) - Unable to initialize FileSignerSecretProvider, falling back to use random secrets.
2019-06-14 12:59:45,238 WARN  http.HttpRequestLog (HttpRequestLog.java:getRequestLog(97)) - Jetty request log can only be enabled using Log4j
2019-06-14 12:59:45,239 INFO  http.HttpServer2 (HttpServer2.java:addGlobalFilter(975)) - Added global filter 'safety' (class=org.apache.hadoop.http.HttpServer2$QuotingInputFilter)
2019-06-14 12:59:45,240 INFO  http.HttpServer2 (HttpServer2.java:addFilter(948)) - Added filter static_user_filter (class=org.apache.hadoop.http.lib.StaticUserWebFilter$StaticUserFilter) to context hddsDatanode
2019-06-14 12:59:45,240 INFO  http.HttpServer2 (HttpServer2.java:addFilter(958)) - Added filter static_user_filter (class=org.apache.hadoop.http.lib.StaticUserWebFilter$StaticUserFilter) to context logs
2019-06-14 12:59:45,240 INFO  http.HttpServer2 (HttpServer2.java:addFilter(958)) - Added filter static_user_filter (class=org.apache.hadoop.http.lib.StaticUserWebFilter$StaticUserFilter) to context static
2019-06-14 12:59:45,240 INFO  http.HttpServer2 (HttpServer2.java:bindListener(1191)) - Jetty bound to port 46685
2019-06-14 12:59:45,240 INFO  server.Server (Server.java:doStart(351)) - jetty-9.3.24.v20180605, build timestamp: 2018-06-05T17:11:56Z, git hash: 84205aa28f11a4f31f2a3b86d1bba2cc8ab69827
2019-06-14 12:59:45,242 INFO  handler.ContextHandler (ContextHandler.java:doStart(781)) - Started o.e.j.s.ServletContextHandler@36a20c30{/logs,file:///opt/src/hadoop-ozone/integration-test/target/log,AVAILABLE}
2019-06-14 12:59:45,242 INFO  handler.ContextHandler (ContextHandler.java:doStart(781)) - Started o.e.j.s.ServletContextHandler@49e08bd6{/static,jar:file:/root/.m2/repository/org/apache/hadoop/hadoop-hdds-container-service/0.5.0-SNAPSHOT/hadoop-hdds-container-service-0.5.0-SNAPSHOT.jar!/webapps/static,AVAILABLE}
2019-06-14 12:59:45,264 INFO  handler.ContextHandler (ContextHandler.java:doStart(781)) - Started o.e.j.w.WebAppContext@8458ae9{/,file:///tmp/jetty-0.0.0.0-46685-hddsDatanode-_-any-4366601064496250143.dir/webapp/,AVAILABLE}{/hddsDatanode}
2019-06-14 12:59:45,264 INFO  server.AbstractConnector (AbstractConnector.java:doStart(278)) - Started ServerConnector@442e0ab0{HTTP/1.1,[http/1.1]}{0.0.0.0:46685}
2019-06-14 12:59:45,265 INFO  server.Server (Server.java:doStart(419)) - Started @23855ms
2019-06-14 12:59:45,266 INFO  server.BaseHttpServer (BaseHttpServer.java:updateConnectorAddress(207)) - HTTP server of HDDSDATANODE is listening at http://0.0.0.0:46685
2019-06-14 12:59:45,350 INFO  ozone.HddsDatanodeService (HddsDatanodeService.java:startPlugins(396)) - Started plug-in org.apache.hadoop.ozone.web.OzoneHddsDatanodeService@75bf738d
2019-06-14 12:59:45,350 INFO  ozone.MiniOzoneClusterImpl (MiniOzoneClusterImpl.java:lambda$waitForClusterToBeReady$0(142)) - Waiting for cluster to be ready. Got 0 of 1 DN Heartbeats.
2019-06-14 12:59:45,353 INFO  util.JvmPauseMonitor (JvmPauseMonitor.java:run(188)) - Starting JVM pause monitor
2019-06-14 12:59:45,355 INFO  datanode.InitDatanodeState (InitDatanodeState.java:persistContainerDatanodeDetails(140)) - DatanodeDetails is persisted to /opt/src/hadoop-ozone/integration-test/target/test-dir/MiniOzoneClusterImpl-0985cc37-5ea6-4ebe-9f1d-59283efc4c70/datanode-0/meta/datanode.id
2019-06-14 12:59:45,465 INFO  background.BlockDeletingService (BlockDeletingService.java:getTasks(123)) - Plan to choose 10 containers for block deletion, actually returns 5 valid containers.
2019-06-14 12:59:45,466 ERROR utils.ContainerCache (ContainerCache.java:getDB(137)) - Error opening DB. Container:1 ContainerPath:/opt/src/hadoop-ozone/integration-test/target/test-dir/MiniOzoneClusterImpl-43bfb4d4-2269-420d-a125-23ae713bb82d/datanode-0/data/containers/hdds/fcb9d5d5-7702-414d-85b0-d4d64dd4d07a/current/containerDir0/1/metadata/1-dn-container.db
java.io.IOException: Failed init RocksDB, db path : /opt/src/hadoop-ozone/integration-test/target/test-dir/MiniOzoneClusterImpl-43bfb4d4-2269-420d-a125-23ae713bb82d/datanode-0/data/containers/hdds/fcb9d5d5-7702-414d-85b0-d4d64dd4d07a/current/containerDir0/1/metadata/1-dn-container.db
	at org.apache.hadoop.utils.RocksDBStore.<init>(RocksDBStore.java:87)
	at org.apache.hadoop.utils.MetadataStoreBuilder.build(MetadataStoreBuilder.java:137)
	at org.apache.hadoop.ozone.container.common.utils.ContainerCache.getDB(ContainerCache.java:129)
	at org.apache.hadoop.ozone.container.keyvalue.helpers.BlockUtils.getDB(BlockUtils.java:77)
	at org.apache.hadoop.ozone.container.keyvalue.statemachine.background.BlockDeletingService$BlockDeletingTask.call(BlockDeletingService.java:188)
	at org.apache.hadoop.ozone.container.keyvalue.statemachine.background.BlockDeletingService$BlockDeletingTask.call(BlockDeletingService.java:172)
	at java.util.concurrent.FutureTask.run(FutureTask.java:266)
	at java.util.concurrent.Executors$RunnableAdapter.call(Executors.java:511)
	at java.util.concurrent.FutureTask.run(FutureTask.java:266)
	at java.util.concurrent.Executors$RunnableAdapter.call(Executors.java:511)
	at java.util.concurrent.FutureTask.run(FutureTask.java:266)
	at java.util.concurrent.ScheduledThreadPoolExecutor$ScheduledFutureTask.access$201(ScheduledThreadPoolExecutor.java:180)
	at java.util.concurrent.ScheduledThreadPoolExecutor$ScheduledFutureTask.run(ScheduledThreadPoolExecutor.java:293)
	at java.util.concurrent.ThreadPoolExecutor.runWorker(ThreadPoolExecutor.java:1149)
	at java.util.concurrent.ThreadPoolExecutor$Worker.run(ThreadPoolExecutor.java:624)
	at java.lang.Thread.run(Thread.java:748)
Caused by: org.rocksdb.RocksDBException: While mkdir if missing: /opt/src/hadoop-ozone/integration-test/target/test-dir/MiniOzoneClusterImpl-43bfb4d4-2269-420d-a125-23ae713bb82d/datanode-0/data/containers/hdds/fcb9d5d5-7702-414d-85b0-d4d64dd4d07a/current/containerDir0/1/metadata/1-dn-container.db: No such file or directory
	at org.rocksdb.RocksDB.open(Native Method)
	at org.rocksdb.RocksDB.open(RocksDB.java:231)
	at org.apache.hadoop.utils.RocksDBStore.<init>(RocksDBStore.java:71)
	... 15 more
2019-06-14 12:59:45,466 ERROR utils.ContainerCache (ContainerCache.java:getDB(137)) - Error opening DB. Container:5 ContainerPath:/opt/src/hadoop-ozone/integration-test/target/test-dir/MiniOzoneClusterImpl-43bfb4d4-2269-420d-a125-23ae713bb82d/datanode-0/data/containers/hdds/fcb9d5d5-7702-414d-85b0-d4d64dd4d07a/current/containerDir0/5/metadata/5-dn-container.db
java.io.IOException: Failed init RocksDB, db path : /opt/src/hadoop-ozone/integration-test/target/test-dir/MiniOzoneClusterImpl-43bfb4d4-2269-420d-a125-23ae713bb82d/datanode-0/data/containers/hdds/fcb9d5d5-7702-414d-85b0-d4d64dd4d07a/current/containerDir0/5/metadata/5-dn-container.db
	at org.apache.hadoop.utils.RocksDBStore.<init>(RocksDBStore.java:87)
	at org.apache.hadoop.utils.MetadataStoreBuilder.build(MetadataStoreBuilder.java:137)
	at org.apache.hadoop.ozone.container.common.utils.ContainerCache.getDB(ContainerCache.java:129)
	at org.apache.hadoop.ozone.container.keyvalue.helpers.BlockUtils.getDB(BlockUtils.java:77)
	at org.apache.hadoop.ozone.container.keyvalue.statemachine.background.BlockDeletingService$BlockDeletingTask.call(BlockDeletingService.java:188)
	at org.apache.hadoop.ozone.container.keyvalue.statemachine.background.BlockDeletingService$BlockDeletingTask.call(BlockDeletingService.java:172)
	at java.util.concurrent.FutureTask.run(FutureTask.java:266)
	at java.util.concurrent.Executors$RunnableAdapter.call(Executors.java:511)
	at java.util.concurrent.FutureTask.run(FutureTask.java:266)
	at java.util.concurrent.Executors$RunnableAdapter.call(Executors.java:511)
	at java.util.concurrent.FutureTask.run(FutureTask.java:266)
	at java.util.concurrent.ScheduledThreadPoolExecutor$ScheduledFutureTask.access$201(ScheduledThreadPoolExecutor.java:180)
	at java.util.concurrent.ScheduledThreadPoolExecutor$ScheduledFutureTask.run(ScheduledThreadPoolExecutor.java:293)
	at java.util.concurrent.ThreadPoolExecutor.runWorker(ThreadPoolExecutor.java:1149)
	at java.util.concurrent.ThreadPoolExecutor$Worker.run(ThreadPoolExecutor.java:624)
	at java.lang.Thread.run(Thread.java:748)
Caused by: org.rocksdb.RocksDBException: While mkdir if missing: /opt/src/hadoop-ozone/integration-test/target/test-dir/MiniOzoneClusterImpl-43bfb4d4-2269-420d-a125-23ae713bb82d/datanode-0/data/containers/hdds/fcb9d5d5-7702-414d-85b0-d4d64dd4d07a/current/containerDir0/5/metadata/5-dn-container.db: No such file or directory
	at org.rocksdb.RocksDB.open(Native Method)
	at org.rocksdb.RocksDB.open(RocksDB.java:231)
	at org.apache.hadoop.utils.RocksDBStore.<init>(RocksDBStore.java:71)
	... 15 more
2019-06-14 12:59:45,466 WARN  utils.BackgroundService (BackgroundService.java:lambda$run$0(135)) - Background task fails to execute, retrying in next interval
java.util.concurrent.ExecutionException: org.apache.hadoop.hdds.scm.container.common.helpers.StorageContainerException: Error opening DB. Container:5 ContainerPath:/opt/src/hadoop-ozone/integration-test/target/test-dir/MiniOzoneClusterImpl-43bfb4d4-2269-420d-a125-23ae713bb82d/datanode-0/data/containers/hdds/fcb9d5d5-7702-414d-85b0-d4d64dd4d07a/current/containerDir0/5/metadata/5-dn-container.db
	at java.util.concurrent.FutureTask.report(FutureTask.java:122)
	at java.util.concurrent.FutureTask.get(FutureTask.java:206)
	at org.apache.hadoop.utils.BackgroundService$PeriodicalTask.lambda$run$0(BackgroundService.java:129)
	at java.util.stream.ForEachOps$ForEachOp$OfRef.accept(ForEachOps.java:184)
	at java.util.ArrayList$ArrayListSpliterator.forEachRemaining(ArrayList.java:1382)
	at java.util.stream.AbstractPipeline.copyInto(AbstractPipeline.java:482)
	at java.util.stream.ForEachOps$ForEachTask.compute(ForEachOps.java:291)
	at java.util.concurrent.CountedCompleter.exec(CountedCompleter.java:731)
	at java.util.concurrent.ForkJoinTask.doExec(ForkJoinTask.java:289)
	at java.util.concurrent.ForkJoinPool$WorkQueue.runTask(ForkJoinPool.java:1056)
	at java.util.concurrent.ForkJoinPool.runWorker(ForkJoinPool.java:1692)
	at java.util.concurrent.ForkJoinWorkerThread.run(ForkJoinWorkerThread.java:157)
Caused by: org.apache.hadoop.hdds.scm.container.common.helpers.StorageContainerException: Error opening DB. Container:5 ContainerPath:/opt/src/hadoop-ozone/integration-test/target/test-dir/MiniOzoneClusterImpl-43bfb4d4-2269-420d-a125-23ae713bb82d/datanode-0/data/containers/hdds/fcb9d5d5-7702-414d-85b0-d4d64dd4d07a/current/containerDir0/5/metadata/5-dn-container.db
	at org.apache.hadoop.ozone.container.keyvalue.helpers.BlockUtils.getDB(BlockUtils.java:84)
	at org.apache.hadoop.ozone.container.keyvalue.statemachine.background.BlockDeletingService$BlockDeletingTask.call(BlockDeletingService.java:188)
	at org.apache.hadoop.ozone.container.keyvalue.statemachine.background.BlockDeletingService$BlockDeletingTask.call(BlockDeletingService.java:172)
	at java.util.concurrent.FutureTask.run(FutureTask.java:266)
	at java.util.concurrent.Executors$RunnableAdapter.call(Executors.java:511)
	at java.util.concurrent.FutureTask.run(FutureTask.java:266)
	at java.util.concurrent.Executors$RunnableAdapter.call(Executors.java:511)
	at java.util.concurrent.FutureTask.run(FutureTask.java:266)
	at java.util.concurrent.ScheduledThreadPoolExecutor$ScheduledFutureTask.access$201(ScheduledThreadPoolExecutor.java:180)
	at java.util.concurrent.ScheduledThreadPoolExecutor$ScheduledFutureTask.run(ScheduledThreadPoolExecutor.java:293)
	at java.util.concurrent.ThreadPoolExecutor.runWorker(ThreadPoolExecutor.java:1149)
	at java.util.concurrent.ThreadPoolExecutor$Worker.run(ThreadPoolExecutor.java:624)
	at java.lang.Thread.run(Thread.java:748)
2019-06-14 12:59:45,467 ERROR utils.ContainerCache (ContainerCache.java:getDB(137)) - Error opening DB. Container:4 ContainerPath:/opt/src/hadoop-ozone/integration-test/target/test-dir/MiniOzoneClusterImpl-43bfb4d4-2269-420d-a125-23ae713bb82d/datanode-0/data/containers/hdds/fcb9d5d5-7702-414d-85b0-d4d64dd4d07a/current/containerDir0/4/metadata/4-dn-container.db
java.io.IOException: Failed init RocksDB, db path : /opt/src/hadoop-ozone/integration-test/target/test-dir/MiniOzoneClusterImpl-43bfb4d4-2269-420d-a125-23ae713bb82d/datanode-0/data/containers/hdds/fcb9d5d5-7702-414d-85b0-d4d64dd4d07a/current/containerDir0/4/metadata/4-dn-container.db
	at org.apache.hadoop.utils.RocksDBStore.<init>(RocksDBStore.java:87)
	at org.apache.hadoop.utils.MetadataStoreBuilder.build(MetadataStoreBuilder.java:137)
	at org.apache.hadoop.ozone.container.common.utils.ContainerCache.getDB(ContainerCache.java:129)
	at org.apache.hadoop.ozone.container.keyvalue.helpers.BlockUtils.getDB(BlockUtils.java:77)
	at org.apache.hadoop.ozone.container.keyvalue.statemachine.background.BlockDeletingService$BlockDeletingTask.call(BlockDeletingService.java:188)
	at org.apache.hadoop.ozone.container.keyvalue.statemachine.background.BlockDeletingService$BlockDeletingTask.call(BlockDeletingService.java:172)
	at java.util.concurrent.FutureTask.run(FutureTask.java:266)
	at java.util.concurrent.Executors$RunnableAdapter.call(Executors.java:511)
	at java.util.concurrent.FutureTask.run(FutureTask.java:266)
	at java.util.concurrent.Executors$RunnableAdapter.call(Executors.java:511)
	at java.util.concurrent.FutureTask.run(FutureTask.java:266)
	at java.util.concurrent.ScheduledThreadPoolExecutor$ScheduledFutureTask.access$201(ScheduledThreadPoolExecutor.java:180)
	at java.util.concurrent.ScheduledThreadPoolExecutor$ScheduledFutureTask.run(ScheduledThreadPoolExecutor.java:293)
	at java.util.concurrent.ThreadPoolExecutor.runWorker(ThreadPoolExecutor.java:1149)
	at java.util.concurrent.ThreadPoolExecutor$Worker.run(ThreadPoolExecutor.java:624)
	at java.lang.Thread.run(Thread.java:748)
Caused by: org.rocksdb.RocksDBException: While mkdir if missing: /opt/src/hadoop-ozone/integration-test/target/test-dir/MiniOzoneClusterImpl-43bfb4d4-2269-420d-a125-23ae713bb82d/datanode-0/data/containers/hdds/fcb9d5d5-7702-414d-85b0-d4d64dd4d07a/current/containerDir0/4/metadata/4-dn-container.db: No such file or directory
	at org.rocksdb.RocksDB.open(Native Method)
	at org.rocksdb.RocksDB.open(RocksDB.java:231)
	at org.apache.hadoop.utils.RocksDBStore.<init>(RocksDBStore.java:71)
	... 15 more
2019-06-14 12:59:45,467 WARN  utils.BackgroundService (BackgroundService.java:lambda$run$0(135)) - Background task fails to execute, retrying in next interval
java.util.concurrent.ExecutionException: org.apache.hadoop.hdds.scm.container.common.helpers.StorageContainerException: Error opening DB. Container:1 ContainerPath:/opt/src/hadoop-ozone/integration-test/target/test-dir/MiniOzoneClusterImpl-43bfb4d4-2269-420d-a125-23ae713bb82d/datanode-0/data/containers/hdds/fcb9d5d5-7702-414d-85b0-d4d64dd4d07a/current/containerDir0/1/metadata/1-dn-container.db
	at java.util.concurrent.FutureTask.report(FutureTask.java:122)
	at java.util.concurrent.FutureTask.get(FutureTask.java:206)
	at org.apache.hadoop.utils.BackgroundService$PeriodicalTask.lambda$run$0(BackgroundService.java:129)
	at java.util.stream.ForEachOps$ForEachOp$OfRef.accept(ForEachOps.java:184)
	at java.util.ArrayList$ArrayListSpliterator.forEachRemaining(ArrayList.java:1382)
	at java.util.stream.AbstractPipeline.copyInto(AbstractPipeline.java:482)
	at java.util.stream.ForEachOps$ForEachTask.compute(ForEachOps.java:291)
	at java.util.concurrent.CountedCompleter.exec(CountedCompleter.java:731)
	at java.util.concurrent.ForkJoinTask.doExec(ForkJoinTask.java:289)
	at java.util.concurrent.ForkJoinPool$WorkQueue.execLocalTasks(ForkJoinPool.java:1040)
	at java.util.concurrent.ForkJoinPool$WorkQueue.runTask(ForkJoinPool.java:1058)
	at java.util.concurrent.ForkJoinPool.runWorker(ForkJoinPool.java:1692)
	at java.util.concurrent.ForkJoinWorkerThread.run(ForkJoinWorkerThread.java:157)
Caused by: org.apache.hadoop.hdds.scm.container.common.helpers.StorageContainerException: Error opening DB. Container:1 ContainerPath:/opt/src/hadoop-ozone/integration-test/target/test-dir/MiniOzoneClusterImpl-43bfb4d4-2269-420d-a125-23ae713bb82d/datanode-0/data/containers/hdds/fcb9d5d5-7702-414d-85b0-d4d64dd4d07a/current/containerDir0/1/metadata/1-dn-container.db
	at org.apache.hadoop.ozone.container.keyvalue.helpers.BlockUtils.getDB(BlockUtils.java:84)
	at org.apache.hadoop.ozone.container.keyvalue.statemachine.background.BlockDeletingService$BlockDeletingTask.call(BlockDeletingService.java:188)
	at org.apache.hadoop.ozone.container.keyvalue.statemachine.background.BlockDeletingService$BlockDeletingTask.call(BlockDeletingService.java:172)
	at java.util.concurrent.FutureTask.run(FutureTask.java:266)
	at java.util.concurrent.Executors$RunnableAdapter.call(Executors.java:511)
	at java.util.concurrent.FutureTask.run(FutureTask.java:266)
	at java.util.concurrent.Executors$RunnableAdapter.call(Executors.java:511)
	at java.util.concurrent.FutureTask.run(FutureTask.java:266)
	at java.util.concurrent.ScheduledThreadPoolExecutor$ScheduledFutureTask.access$201(ScheduledThreadPoolExecutor.java:180)
	at java.util.concurrent.ScheduledThreadPoolExecutor$ScheduledFutureTask.run(ScheduledThreadPoolExecutor.java:293)
	at java.util.concurrent.ThreadPoolExecutor.runWorker(ThreadPoolExecutor.java:1149)
	at java.util.concurrent.ThreadPoolExecutor$Worker.run(ThreadPoolExecutor.java:624)
	at java.lang.Thread.run(Thread.java:748)
2019-06-14 12:59:45,467 WARN  utils.BackgroundService (BackgroundService.java:lambda$run$0(135)) - Background task fails to execute, retrying in next interval
java.util.concurrent.ExecutionException: org.apache.hadoop.hdds.scm.container.common.helpers.StorageContainerException: Error opening DB. Container:4 ContainerPath:/opt/src/hadoop-ozone/integration-test/target/test-dir/MiniOzoneClusterImpl-43bfb4d4-2269-420d-a125-23ae713bb82d/datanode-0/data/containers/hdds/fcb9d5d5-7702-414d-85b0-d4d64dd4d07a/current/containerDir0/4/metadata/4-dn-container.db
	at java.util.concurrent.FutureTask.report(FutureTask.java:122)
	at java.util.concurrent.FutureTask.get(FutureTask.java:206)
	at org.apache.hadoop.utils.BackgroundService$PeriodicalTask.lambda$run$0(BackgroundService.java:129)
	at java.util.stream.ForEachOps$ForEachOp$OfRef.accept(ForEachOps.java:184)
	at java.util.ArrayList$ArrayListSpliterator.forEachRemaining(ArrayList.java:1382)
	at java.util.stream.AbstractPipeline.copyInto(AbstractPipeline.java:482)
	at java.util.stream.ForEachOps$ForEachTask.compute(ForEachOps.java:291)
	at java.util.concurrent.CountedCompleter.exec(CountedCompleter.java:731)
	at java.util.concurrent.ForkJoinTask.doExec(ForkJoinTask.java:289)
	at java.util.concurrent.ForkJoinTask.doInvoke(ForkJoinTask.java:401)
	at java.util.concurrent.ForkJoinTask.invoke(ForkJoinTask.java:734)
	at java.util.stream.ForEachOps$ForEachOp.evaluateParallel(ForEachOps.java:160)
	at java.util.stream.ForEachOps$ForEachOp$OfRef.evaluateParallel(ForEachOps.java:174)
	at java.util.stream.AbstractPipeline.evaluate(AbstractPipeline.java:233)
	at java.util.stream.ReferencePipeline.forEach(ReferencePipeline.java:418)
	at java.util.stream.ReferencePipeline$Head.forEach(ReferencePipeline.java:583)
	at org.apache.hadoop.utils.BackgroundService$PeriodicalTask.run(BackgroundService.java:125)
	at java.util.concurrent.Executors$RunnableAdapter.call(Executors.java:511)
	at java.util.concurrent.FutureTask.runAndReset(FutureTask.java:308)
	at java.util.concurrent.ScheduledThreadPoolExecutor$ScheduledFutureTask.access$301(ScheduledThreadPoolExecutor.java:180)
	at java.util.concurrent.ScheduledThreadPoolExecutor$ScheduledFutureTask.run(ScheduledThreadPoolExecutor.java:294)
	at java.util.concurrent.ThreadPoolExecutor.runWorker(ThreadPoolExecutor.java:1149)
	at java.util.concurrent.ThreadPoolExecutor$Worker.run(ThreadPoolExecutor.java:624)
	at java.lang.Thread.run(Thread.java:748)
Caused by: org.apache.hadoop.hdds.scm.container.common.helpers.StorageContainerException: Error opening DB. Container:4 ContainerPath:/opt/src/hadoop-ozone/integration-test/target/test-dir/MiniOzoneClusterImpl-43bfb4d4-2269-420d-a125-23ae713bb82d/datanode-0/data/containers/hdds/fcb9d5d5-7702-414d-85b0-d4d64dd4d07a/current/containerDir0/4/metadata/4-dn-container.db
	at org.apache.hadoop.ozone.container.keyvalue.helpers.BlockUtils.getDB(BlockUtils.java:84)
	at org.apache.hadoop.ozone.container.keyvalue.statemachine.background.BlockDeletingService$BlockDeletingTask.call(BlockDeletingService.java:188)
	at org.apache.hadoop.ozone.container.keyvalue.statemachine.background.BlockDeletingService$BlockDeletingTask.call(BlockDeletingService.java:172)
	at java.util.concurrent.FutureTask.run(FutureTask.java:266)
	at java.util.concurrent.Executors$RunnableAdapter.call(Executors.java:511)
	at java.util.concurrent.FutureTask.run(FutureTask.java:266)
	at java.util.concurrent.Executors$RunnableAdapter.call(Executors.java:511)
	at java.util.concurrent.FutureTask.run(FutureTask.java:266)
	at java.util.concurrent.ScheduledThreadPoolExecutor$ScheduledFutureTask.access$201(ScheduledThreadPoolExecutor.java:180)
	at java.util.concurrent.ScheduledThreadPoolExecutor$ScheduledFutureTask.run(ScheduledThreadPoolExecutor.java:293)
	... 3 more
2019-06-14 12:59:45,467 ERROR utils.ContainerCache (ContainerCache.java:getDB(137)) - Error opening DB. Container:3 ContainerPath:/opt/src/hadoop-ozone/integration-test/target/test-dir/MiniOzoneClusterImpl-43bfb4d4-2269-420d-a125-23ae713bb82d/datanode-0/data/containers/hdds/fcb9d5d5-7702-414d-85b0-d4d64dd4d07a/current/containerDir0/3/metadata/3-dn-container.db
java.io.IOException: Failed init RocksDB, db path : /opt/src/hadoop-ozone/integration-test/target/test-dir/MiniOzoneClusterImpl-43bfb4d4-2269-420d-a125-23ae713bb82d/datanode-0/data/containers/hdds/fcb9d5d5-7702-414d-85b0-d4d64dd4d07a/current/containerDir0/3/metadata/3-dn-container.db
	at org.apache.hadoop.utils.RocksDBStore.<init>(RocksDBStore.java:87)
	at org.apache.hadoop.utils.MetadataStoreBuilder.build(MetadataStoreBuilder.java:137)
	at org.apache.hadoop.ozone.container.common.utils.ContainerCache.getDB(ContainerCache.java:129)
	at org.apache.hadoop.ozone.container.keyvalue.helpers.BlockUtils.getDB(BlockUtils.java:77)
	at org.apache.hadoop.ozone.container.keyvalue.statemachine.background.BlockDeletingService$BlockDeletingTask.call(BlockDeletingService.java:188)
	at org.apache.hadoop.ozone.container.keyvalue.statemachine.background.BlockDeletingService$BlockDeletingTask.call(BlockDeletingService.java:172)
	at java.util.concurrent.FutureTask.run(FutureTask.java:266)
	at java.util.concurrent.Executors$RunnableAdapter.call(Executors.java:511)
	at java.util.concurrent.FutureTask.run(FutureTask.java:266)
	at java.util.concurrent.Executors$RunnableAdapter.call(Executors.java:511)
	at java.util.concurrent.FutureTask.run(FutureTask.java:266)
	at java.util.concurrent.ScheduledThreadPoolExecutor$ScheduledFutureTask.access$201(ScheduledThreadPoolExecutor.java:180)
	at java.util.concurrent.ScheduledThreadPoolExecutor$ScheduledFutureTask.run(ScheduledThreadPoolExecutor.java:293)
	at java.util.concurrent.ThreadPoolExecutor.runWorker(ThreadPoolExecutor.java:1149)
	at java.util.concurrent.ThreadPoolExecutor$Worker.run(ThreadPoolExecutor.java:624)
	at java.lang.Thread.run(Thread.java:748)
Caused by: org.rocksdb.RocksDBException: While mkdir if missing: /opt/src/hadoop-ozone/integration-test/target/test-dir/MiniOzoneClusterImpl-43bfb4d4-2269-420d-a125-23ae713bb82d/datanode-0/data/containers/hdds/fcb9d5d5-7702-414d-85b0-d4d64dd4d07a/current/containerDir0/3/metadata/3-dn-container.db: No such file or directory
	at org.rocksdb.RocksDB.open(Native Method)
	at org.rocksdb.RocksDB.open(RocksDB.java:231)
	at org.apache.hadoop.utils.RocksDBStore.<init>(RocksDBStore.java:71)
	... 15 more
2019-06-14 12:59:45,468 ERROR utils.ContainerCache (ContainerCache.java:getDB(137)) - Error opening DB. Container:2 ContainerPath:/opt/src/hadoop-ozone/integration-test/target/test-dir/MiniOzoneClusterImpl-43bfb4d4-2269-420d-a125-23ae713bb82d/datanode-0/data/containers/hdds/fcb9d5d5-7702-414d-85b0-d4d64dd4d07a/current/containerDir0/2/metadata/2-dn-container.db
java.io.IOException: Failed init RocksDB, db path : /opt/src/hadoop-ozone/integration-test/target/test-dir/MiniOzoneClusterImpl-43bfb4d4-2269-420d-a125-23ae713bb82d/datanode-0/data/containers/hdds/fcb9d5d5-7702-414d-85b0-d4d64dd4d07a/current/containerDir0/2/metadata/2-dn-container.db
	at org.apache.hadoop.utils.RocksDBStore.<init>(RocksDBStore.java:87)
	at org.apache.hadoop.utils.MetadataStoreBuilder.build(MetadataStoreBuilder.java:137)
	at org.apache.hadoop.ozone.container.common.utils.ContainerCache.getDB(ContainerCache.java:129)
	at org.apache.hadoop.ozone.container.keyvalue.helpers.BlockUtils.getDB(BlockUtils.java:77)
	at org.apache.hadoop.ozone.container.keyvalue.statemachine.background.BlockDeletingService$BlockDeletingTask.call(BlockDeletingService.java:188)
	at org.apache.hadoop.ozone.container.keyvalue.statemachine.background.BlockDeletingService$BlockDeletingTask.call(BlockDeletingService.java:172)
	at java.util.concurrent.FutureTask.run(FutureTask.java:266)
	at java.util.concurrent.Executors$RunnableAdapter.call(Executors.java:511)
	at java.util.concurrent.FutureTask.run(FutureTask.java:266)
	at java.util.concurrent.Executors$RunnableAdapter.call(Executors.java:511)
	at java.util.concurrent.FutureTask.run(FutureTask.java:266)
	at java.util.concurrent.ScheduledThreadPoolExecutor$ScheduledFutureTask.access$201(ScheduledThreadPoolExecutor.java:180)
	at java.util.concurrent.ScheduledThreadPoolExecutor$ScheduledFutureTask.run(ScheduledThreadPoolExecutor.java:293)
	at java.util.concurrent.ThreadPoolExecutor.runWorker(ThreadPoolExecutor.java:1149)
	at java.util.concurrent.ThreadPoolExecutor$Worker.run(ThreadPoolExecutor.java:624)
	at java.lang.Thread.run(Thread.java:748)
Caused by: org.rocksdb.RocksDBException: While mkdir if missing: /opt/src/hadoop-ozone/integration-test/target/test-dir/MiniOzoneClusterImpl-43bfb4d4-2269-420d-a125-23ae713bb82d/datanode-0/data/containers/hdds/fcb9d5d5-7702-414d-85b0-d4d64dd4d07a/current/containerDir0/2/metadata/2-dn-container.db: No such file or directory
	at org.rocksdb.RocksDB.open(Native Method)
	at org.rocksdb.RocksDB.open(RocksDB.java:231)
	at org.apache.hadoop.utils.RocksDBStore.<init>(RocksDBStore.java:71)
	... 15 more
2019-06-14 12:59:45,468 WARN  utils.BackgroundService (BackgroundService.java:lambda$run$0(135)) - Background task fails to execute, retrying in next interval
java.util.concurrent.ExecutionException: org.apache.hadoop.hdds.scm.container.common.helpers.StorageContainerException: Error opening DB. Container:2 ContainerPath:/opt/src/hadoop-ozone/integration-test/target/test-dir/MiniOzoneClusterImpl-43bfb4d4-2269-420d-a125-23ae713bb82d/datanode-0/data/containers/hdds/fcb9d5d5-7702-414d-85b0-d4d64dd4d07a/current/containerDir0/2/metadata/2-dn-container.db
	at java.util.concurrent.FutureTask.report(FutureTask.java:122)
	at java.util.concurrent.FutureTask.get(FutureTask.java:206)
	at org.apache.hadoop.utils.BackgroundService$PeriodicalTask.lambda$run$0(BackgroundService.java:129)
	at java.util.stream.ForEachOps$ForEachOp$OfRef.accept(ForEachOps.java:184)
	at java.util.ArrayList$ArrayListSpliterator.forEachRemaining(ArrayList.java:1382)
	at java.util.stream.AbstractPipeline.copyInto(AbstractPipeline.java:482)
	at java.util.stream.ForEachOps$ForEachTask.compute(ForEachOps.java:291)
	at java.util.concurrent.CountedCompleter.exec(CountedCompleter.java:731)
	at java.util.concurrent.ForkJoinTask.doExec(ForkJoinTask.java:289)
	at java.util.concurrent.ForkJoinPool$WorkQueue.runTask(ForkJoinPool.java:1056)
	at java.util.concurrent.ForkJoinPool.runWorker(ForkJoinPool.java:1692)
	at java.util.concurrent.ForkJoinWorkerThread.run(ForkJoinWorkerThread.java:157)
Caused by: org.apache.hadoop.hdds.scm.container.common.helpers.StorageContainerException: Error opening DB. Container:2 ContainerPath:/opt/src/hadoop-ozone/integration-test/target/test-dir/MiniOzoneClusterImpl-43bfb4d4-2269-420d-a125-23ae713bb82d/datanode-0/data/containers/hdds/fcb9d5d5-7702-414d-85b0-d4d64dd4d07a/current/containerDir0/2/metadata/2-dn-container.db
	at org.apache.hadoop.ozone.container.keyvalue.helpers.BlockUtils.getDB(BlockUtils.java:84)
	at org.apache.hadoop.ozone.container.keyvalue.statemachine.background.BlockDeletingService$BlockDeletingTask.call(BlockDeletingService.java:188)
	at org.apache.hadoop.ozone.container.keyvalue.statemachine.background.BlockDeletingService$BlockDeletingTask.call(BlockDeletingService.java:172)
	at java.util.concurrent.FutureTask.run(FutureTask.java:266)
	at java.util.concurrent.Executors$RunnableAdapter.call(Executors.java:511)
	at java.util.concurrent.FutureTask.run(FutureTask.java:266)
	at java.util.concurrent.Executors$RunnableAdapter.call(Executors.java:511)
	at java.util.concurrent.FutureTask.run(FutureTask.java:266)
	at java.util.concurrent.ScheduledThreadPoolExecutor$ScheduledFutureTask.access$201(ScheduledThreadPoolExecutor.java:180)
	at java.util.concurrent.ScheduledThreadPoolExecutor$ScheduledFutureTask.run(ScheduledThreadPoolExecutor.java:293)
	at java.util.concurrent.ThreadPoolExecutor.runWorker(ThreadPoolExecutor.java:1149)
	at java.util.concurrent.ThreadPoolExecutor$Worker.run(ThreadPoolExecutor.java:624)
	at java.lang.Thread.run(Thread.java:748)
2019-06-14 12:59:45,468 WARN  utils.BackgroundService (BackgroundService.java:lambda$run$0(135)) - Background task fails to execute, retrying in next interval
java.util.concurrent.ExecutionException: org.apache.hadoop.hdds.scm.container.common.helpers.StorageContainerException: Error opening DB. Container:3 ContainerPath:/opt/src/hadoop-ozone/integration-test/target/test-dir/MiniOzoneClusterImpl-43bfb4d4-2269-420d-a125-23ae713bb82d/datanode-0/data/containers/hdds/fcb9d5d5-7702-414d-85b0-d4d64dd4d07a/current/containerDir0/3/metadata/3-dn-container.db
	at java.util.concurrent.FutureTask.report(FutureTask.java:122)
	at java.util.concurrent.FutureTask.get(FutureTask.java:206)
	at org.apache.hadoop.utils.BackgroundService$PeriodicalTask.lambda$run$0(BackgroundService.java:129)
	at java.util.stream.ForEachOps$ForEachOp$OfRef.accept(ForEachOps.java:184)
	at java.util.ArrayList$ArrayListSpliterator.forEachRemaining(ArrayList.java:1382)
	at java.util.stream.AbstractPipeline.copyInto(AbstractPipeline.java:482)
	at java.util.stream.ForEachOps$ForEachTask.compute(ForEachOps.java:291)
	at java.util.concurrent.CountedCompleter.exec(CountedCompleter.java:731)
	at java.util.concurrent.ForkJoinTask.doExec(ForkJoinTask.java:289)
	at java.util.concurrent.ForkJoinPool$WorkQueue.pollAndExecCC(ForkJoinPool.java:1190)
	at java.util.concurrent.ForkJoinPool.helpComplete(ForkJoinPool.java:1879)
	at java.util.concurrent.ForkJoinPool.externalHelpComplete(ForkJoinPool.java:2467)
	at java.util.concurrent.ForkJoinTask.externalAwaitDone(ForkJoinTask.java:324)
	at java.util.concurrent.ForkJoinTask.doInvoke(ForkJoinTask.java:405)
	at java.util.concurrent.ForkJoinTask.invoke(ForkJoinTask.java:734)
	at java.util.stream.ForEachOps$ForEachOp.evaluateParallel(ForEachOps.java:160)
	at java.util.stream.ForEachOps$ForEachOp$OfRef.evaluateParallel(ForEachOps.java:174)
	at java.util.stream.AbstractPipeline.evaluate(AbstractPipeline.java:233)
	at java.util.stream.ReferencePipeline.forEach(ReferencePipeline.java:418)
	at java.util.stream.ReferencePipeline$Head.forEach(ReferencePipeline.java:583)
	at org.apache.hadoop.utils.BackgroundService$PeriodicalTask.run(BackgroundService.java:125)
	at java.util.concurrent.Executors$RunnableAdapter.call(Executors.java:511)
	at java.util.concurrent.FutureTask.runAndReset(FutureTask.java:308)
	at java.util.concurrent.ScheduledThreadPoolExecutor$ScheduledFutureTask.access$301(ScheduledThreadPoolExecutor.java:180)
	at java.util.concurrent.ScheduledThreadPoolExecutor$ScheduledFutureTask.run(ScheduledThreadPoolExecutor.java:294)
	at java.util.concurrent.ThreadPoolExecutor.runWorker(ThreadPoolExecutor.java:1149)
	at java.util.concurrent.ThreadPoolExecutor$Worker.run(ThreadPoolExecutor.java:624)
	at java.lang.Thread.run(Thread.java:748)
Caused by: org.apache.hadoop.hdds.scm.container.common.helpers.StorageContainerException: Error opening DB. Container:3 ContainerPath:/opt/src/hadoop-ozone/integration-test/target/test-dir/MiniOzoneClusterImpl-43bfb4d4-2269-420d-a125-23ae713bb82d/datanode-0/data/containers/hdds/fcb9d5d5-7702-414d-85b0-d4d64dd4d07a/current/containerDir0/3/metadata/3-dn-container.db
	at org.apache.hadoop.ozone.container.keyvalue.helpers.BlockUtils.getDB(BlockUtils.java:84)
	at org.apache.hadoop.ozone.container.keyvalue.statemachine.background.BlockDeletingService$BlockDeletingTask.call(BlockDeletingService.java:188)
	at org.apache.hadoop.ozone.container.keyvalue.statemachine.background.BlockDeletingService$BlockDeletingTask.call(BlockDeletingService.java:172)
	at java.util.concurrent.FutureTask.run(FutureTask.java:266)
	at java.util.concurrent.Executors$RunnableAdapter.call(Executors.java:511)
	at java.util.concurrent.FutureTask.run(FutureTask.java:266)
	at java.util.concurrent.Executors$RunnableAdapter.call(Executors.java:511)
	at java.util.concurrent.FutureTask.run(FutureTask.java:266)
	at java.util.concurrent.ScheduledThreadPoolExecutor$ScheduledFutureTask.access$201(ScheduledThreadPoolExecutor.java:180)
	at java.util.concurrent.ScheduledThreadPoolExecutor$ScheduledFutureTask.run(ScheduledThreadPoolExecutor.java:293)
	... 3 more
2019-06-14 12:59:46,351 INFO  ozone.MiniOzoneClusterImpl (MiniOzoneClusterImpl.java:lambda$waitForClusterToBeReady$0(142)) - Waiting for cluster to be ready. Got 0 of 1 DN Heartbeats.
2019-06-14 12:59:46,469 INFO  background.BlockDeletingService (BlockDeletingService.java:getTasks(123)) - Plan to choose 10 containers for block deletion, actually returns 5 valid containers.
2019-06-14 12:59:46,469 ERROR utils.ContainerCache (ContainerCache.java:getDB(137)) - Error opening DB. Container:1 ContainerPath:/opt/src/hadoop-ozone/integration-test/target/test-dir/MiniOzoneClusterImpl-43bfb4d4-2269-420d-a125-23ae713bb82d/datanode-0/data/containers/hdds/fcb9d5d5-7702-414d-85b0-d4d64dd4d07a/current/containerDir0/1/metadata/1-dn-container.db
java.io.IOException: Failed init RocksDB, db path : /opt/src/hadoop-ozone/integration-test/target/test-dir/MiniOzoneClusterImpl-43bfb4d4-2269-420d-a125-23ae713bb82d/datanode-0/data/containers/hdds/fcb9d5d5-7702-414d-85b0-d4d64dd4d07a/current/containerDir0/1/metadata/1-dn-container.db
	at org.apache.hadoop.utils.RocksDBStore.<init>(RocksDBStore.java:87)
	at org.apache.hadoop.utils.MetadataStoreBuilder.build(MetadataStoreBuilder.java:137)
	at org.apache.hadoop.ozone.container.common.utils.ContainerCache.getDB(ContainerCache.java:129)
	at org.apache.hadoop.ozone.container.keyvalue.helpers.BlockUtils.getDB(BlockUtils.java:77)
	at org.apache.hadoop.ozone.container.keyvalue.statemachine.background.BlockDeletingService$BlockDeletingTask.call(BlockDeletingService.java:188)
	at org.apache.hadoop.ozone.container.keyvalue.statemachine.background.BlockDeletingService$BlockDeletingTask.call(BlockDeletingService.java:172)
	at java.util.concurrent.FutureTask.run(FutureTask.java:266)
	at java.util.concurrent.Executors$RunnableAdapter.call(Executors.java:511)
	at java.util.concurrent.FutureTask.run(FutureTask.java:266)
	at java.util.concurrent.Executors$RunnableAdapter.call(Executors.java:511)
	at java.util.concurrent.FutureTask.run(FutureTask.java:266)
	at java.util.concurrent.ScheduledThreadPoolExecutor$ScheduledFutureTask.access$201(ScheduledThreadPoolExecutor.java:180)
	at java.util.concurrent.ScheduledThreadPoolExecutor$ScheduledFutureTask.run(ScheduledThreadPoolExecutor.java:293)
	at java.util.concurrent.ThreadPoolExecutor.runWorker(ThreadPoolExecutor.java:1149)
	at java.util.concurrent.ThreadPoolExecutor$Worker.run(ThreadPoolExecutor.java:624)
	at java.lang.Thread.run(Thread.java:748)
Caused by: org.rocksdb.RocksDBException: While mkdir if missing: /opt/src/hadoop-ozone/integration-test/target/test-dir/MiniOzoneClusterImpl-43bfb4d4-2269-420d-a125-23ae713bb82d/datanode-0/data/containers/hdds/fcb9d5d5-7702-414d-85b0-d4d64dd4d07a/current/containerDir0/1/metadata/1-dn-container.db: No such file or directory
	at org.rocksdb.RocksDB.open(Native Method)
	at org.rocksdb.RocksDB.open(RocksDB.java:231)
	at org.apache.hadoop.utils.RocksDBStore.<init>(RocksDBStore.java:71)
	... 15 more
2019-06-14 12:59:46,470 ERROR utils.ContainerCache (ContainerCache.java:getDB(137)) - Error opening DB. Container:5 ContainerPath:/opt/src/hadoop-ozone/integration-test/target/test-dir/MiniOzoneClusterImpl-43bfb4d4-2269-420d-a125-23ae713bb82d/datanode-0/data/containers/hdds/fcb9d5d5-7702-414d-85b0-d4d64dd4d07a/current/containerDir0/5/metadata/5-dn-container.db
java.io.IOException: Failed init RocksDB, db path : /opt/src/hadoop-ozone/integration-test/target/test-dir/MiniOzoneClusterImpl-43bfb4d4-2269-420d-a125-23ae713bb82d/datanode-0/data/containers/hdds/fcb9d5d5-7702-414d-85b0-d4d64dd4d07a/current/containerDir0/5/metadata/5-dn-container.db
	at org.apache.hadoop.utils.RocksDBStore.<init>(RocksDBStore.java:87)
	at org.apache.hadoop.utils.MetadataStoreBuilder.build(MetadataStoreBuilder.java:137)
	at org.apache.hadoop.ozone.container.common.utils.ContainerCache.getDB(ContainerCache.java:129)
	at org.apache.hadoop.ozone.container.keyvalue.helpers.BlockUtils.getDB(BlockUtils.java:77)
	at org.apache.hadoop.ozone.container.keyvalue.statemachine.background.BlockDeletingService$BlockDeletingTask.call(BlockDeletingService.java:188)
	at org.apache.hadoop.ozone.container.keyvalue.statemachine.background.BlockDeletingService$BlockDeletingTask.call(BlockDeletingService.java:172)
	at java.util.concurrent.FutureTask.run(FutureTask.java:266)
	at java.util.concurrent.Executors$RunnableAdapter.call(Executors.java:511)
	at java.util.concurrent.FutureTask.run(FutureTask.java:266)
	at java.util.concurrent.Executors$RunnableAdapter.call(Executors.java:511)
	at java.util.concurrent.FutureTask.run(FutureTask.java:266)
	at java.util.concurrent.ScheduledThreadPoolExecutor$ScheduledFutureTask.access$201(ScheduledThreadPoolExecutor.java:180)
	at java.util.concurrent.ScheduledThreadPoolExecutor$ScheduledFutureTask.run(ScheduledThreadPoolExecutor.java:293)
	at java.util.concurrent.ThreadPoolExecutor.runWorker(ThreadPoolExecutor.java:1149)
	at java.util.concurrent.ThreadPoolExecutor$Worker.run(ThreadPoolExecutor.java:624)
	at java.lang.Thread.run(Thread.java:748)
Caused by: org.rocksdb.RocksDBException: While mkdir if missing: /opt/src/hadoop-ozone/integration-test/target/test-dir/MiniOzoneClusterImpl-43bfb4d4-2269-420d-a125-23ae713bb82d/datanode-0/data/containers/hdds/fcb9d5d5-7702-414d-85b0-d4d64dd4d07a/current/containerDir0/5/metadata/5-dn-container.db: No such file or directory
	at org.rocksdb.RocksDB.open(Native Method)
	at org.rocksdb.RocksDB.open(RocksDB.java:231)
	at org.apache.hadoop.utils.RocksDBStore.<init>(RocksDBStore.java:71)
	... 15 more
2019-06-14 12:59:46,470 WARN  utils.BackgroundService (BackgroundService.java:lambda$run$0(135)) - Background task fails to execute, retrying in next interval
java.util.concurrent.ExecutionException: org.apache.hadoop.hdds.scm.container.common.helpers.StorageContainerException: Error opening DB. Container:5 ContainerPath:/opt/src/hadoop-ozone/integration-test/target/test-dir/MiniOzoneClusterImpl-43bfb4d4-2269-420d-a125-23ae713bb82d/datanode-0/data/containers/hdds/fcb9d5d5-7702-414d-85b0-d4d64dd4d07a/current/containerDir0/5/metadata/5-dn-container.db
	at java.util.concurrent.FutureTask.report(FutureTask.java:122)
	at java.util.concurrent.FutureTask.get(FutureTask.java:206)
	at org.apache.hadoop.utils.BackgroundService$PeriodicalTask.lambda$run$0(BackgroundService.java:129)
	at java.util.stream.ForEachOps$ForEachOp$OfRef.accept(ForEachOps.java:184)
	at java.util.ArrayList$ArrayListSpliterator.forEachRemaining(ArrayList.java:1382)
	at java.util.stream.AbstractPipeline.copyInto(AbstractPipeline.java:482)
	at java.util.stream.ForEachOps$ForEachTask.compute(ForEachOps.java:291)
	at java.util.concurrent.CountedCompleter.exec(CountedCompleter.java:731)
	at java.util.concurrent.ForkJoinTask.doExec(ForkJoinTask.java:289)
	at java.util.concurrent.ForkJoinPool$WorkQueue.runTask(ForkJoinPool.java:1056)
	at java.util.concurrent.ForkJoinPool.runWorker(ForkJoinPool.java:1692)
	at java.util.concurrent.ForkJoinWorkerThread.run(ForkJoinWorkerThread.java:157)
Caused by: org.apache.hadoop.hdds.scm.container.common.helpers.StorageContainerException: Error opening DB. Container:5 ContainerPath:/opt/src/hadoop-ozone/integration-test/target/test-dir/MiniOzoneClusterImpl-43bfb4d4-2269-420d-a125-23ae713bb82d/datanode-0/data/containers/hdds/fcb9d5d5-7702-414d-85b0-d4d64dd4d07a/current/containerDir0/5/metadata/5-dn-container.db
	at org.apache.hadoop.ozone.container.keyvalue.helpers.BlockUtils.getDB(BlockUtils.java:84)
	at org.apache.hadoop.ozone.container.keyvalue.statemachine.background.BlockDeletingService$BlockDeletingTask.call(BlockDeletingService.java:188)
	at org.apache.hadoop.ozone.container.keyvalue.statemachine.background.BlockDeletingService$BlockDeletingTask.call(BlockDeletingService.java:172)
	at java.util.concurrent.FutureTask.run(FutureTask.java:266)
	at java.util.concurrent.Executors$RunnableAdapter.call(Executors.java:511)
	at java.util.concurrent.FutureTask.run(FutureTask.java:266)
	at java.util.concurrent.Executors$RunnableAdapter.call(Executors.java:511)
	at java.util.concurrent.FutureTask.run(FutureTask.java:266)
	at java.util.concurrent.ScheduledThreadPoolExecutor$ScheduledFutureTask.access$201(ScheduledThreadPoolExecutor.java:180)
	at java.util.concurrent.ScheduledThreadPoolExecutor$ScheduledFutureTask.run(ScheduledThreadPoolExecutor.java:293)
	at java.util.concurrent.ThreadPoolExecutor.runWorker(ThreadPoolExecutor.java:1149)
	at java.util.concurrent.ThreadPoolExecutor$Worker.run(ThreadPoolExecutor.java:624)
	at java.lang.Thread.run(Thread.java:748)
2019-06-14 12:59:46,470 ERROR utils.ContainerCache (ContainerCache.java:getDB(137)) - Error opening DB. Container:4 ContainerPath:/opt/src/hadoop-ozone/integration-test/target/test-dir/MiniOzoneClusterImpl-43bfb4d4-2269-420d-a125-23ae713bb82d/datanode-0/data/containers/hdds/fcb9d5d5-7702-414d-85b0-d4d64dd4d07a/current/containerDir0/4/metadata/4-dn-container.db
java.io.IOException: Failed init RocksDB, db path : /opt/src/hadoop-ozone/integration-test/target/test-dir/MiniOzoneClusterImpl-43bfb4d4-2269-420d-a125-23ae713bb82d/datanode-0/data/containers/hdds/fcb9d5d5-7702-414d-85b0-d4d64dd4d07a/current/containerDir0/4/metadata/4-dn-container.db
	at org.apache.hadoop.utils.RocksDBStore.<init>(RocksDBStore.java:87)
	at org.apache.hadoop.utils.MetadataStoreBuilder.build(MetadataStoreBuilder.java:137)
	at org.apache.hadoop.ozone.container.common.utils.ContainerCache.getDB(ContainerCache.java:129)
	at org.apache.hadoop.ozone.container.keyvalue.helpers.BlockUtils.getDB(BlockUtils.java:77)
	at org.apache.hadoop.ozone.container.keyvalue.statemachine.background.BlockDeletingService$BlockDeletingTask.call(BlockDeletingService.java:188)
	at org.apache.hadoop.ozone.container.keyvalue.statemachine.background.BlockDeletingService$BlockDeletingTask.call(BlockDeletingService.java:172)
	at java.util.concurrent.FutureTask.run(FutureTask.java:266)
	at java.util.concurrent.Executors$RunnableAdapter.call(Executors.java:511)
	at java.util.concurrent.FutureTask.run(FutureTask.java:266)
	at java.util.concurrent.Executors$RunnableAdapter.call(Executors.java:511)
	at java.util.concurrent.FutureTask.run(FutureTask.java:266)
	at java.util.concurrent.ScheduledThreadPoolExecutor$ScheduledFutureTask.access$201(ScheduledThreadPoolExecutor.java:180)
	at java.util.concurrent.ScheduledThreadPoolExecutor$ScheduledFutureTask.run(ScheduledThreadPoolExecutor.java:293)
	at java.util.concurrent.ThreadPoolExecutor.runWorker(ThreadPoolExecutor.java:1149)
	at java.util.concurrent.ThreadPoolExecutor$Worker.run(ThreadPoolExecutor.java:624)
	at java.lang.Thread.run(Thread.java:748)
Caused by: org.rocksdb.RocksDBException: While mkdir if missing: /opt/src/hadoop-ozone/integration-test/target/test-dir/MiniOzoneClusterImpl-43bfb4d4-2269-420d-a125-23ae713bb82d/datanode-0/data/containers/hdds/fcb9d5d5-7702-414d-85b0-d4d64dd4d07a/current/containerDir0/4/metadata/4-dn-container.db: No such file or directory
	at org.rocksdb.RocksDB.open(Native Method)
	at org.rocksdb.RocksDB.open(RocksDB.java:231)
	at org.apache.hadoop.utils.RocksDBStore.<init>(RocksDBStore.java:71)
	... 15 more
2019-06-14 12:59:46,471 WARN  utils.BackgroundService (BackgroundService.java:lambda$run$0(135)) - Background task fails to execute, retrying in next interval
java.util.concurrent.ExecutionException: org.apache.hadoop.hdds.scm.container.common.helpers.StorageContainerException: Error opening DB. Container:1 ContainerPath:/opt/src/hadoop-ozone/integration-test/target/test-dir/MiniOzoneClusterImpl-43bfb4d4-2269-420d-a125-23ae713bb82d/datanode-0/data/containers/hdds/fcb9d5d5-7702-414d-85b0-d4d64dd4d07a/current/containerDir0/1/metadata/1-dn-container.db
	at java.util.concurrent.FutureTask.report(FutureTask.java:122)
	at java.util.concurrent.FutureTask.get(FutureTask.java:206)
	at org.apache.hadoop.utils.BackgroundService$PeriodicalTask.lambda$run$0(BackgroundService.java:129)
	at java.util.stream.ForEachOps$ForEachOp$OfRef.accept(ForEachOps.java:184)
	at java.util.ArrayList$ArrayListSpliterator.forEachRemaining(ArrayList.java:1382)
	at java.util.stream.AbstractPipeline.copyInto(AbstractPipeline.java:482)
	at java.util.stream.ForEachOps$ForEachTask.compute(ForEachOps.java:291)
	at java.util.concurrent.CountedCompleter.exec(CountedCompleter.java:731)
	at java.util.concurrent.ForkJoinTask.doExec(ForkJoinTask.java:289)
	at java.util.concurrent.ForkJoinPool$WorkQueue.execLocalTasks(ForkJoinPool.java:1040)
	at java.util.concurrent.ForkJoinPool$WorkQueue.runTask(ForkJoinPool.java:1058)
	at java.util.concurrent.ForkJoinPool.runWorker(ForkJoinPool.java:1692)
	at java.util.concurrent.ForkJoinWorkerThread.run(ForkJoinWorkerThread.java:157)
Caused by: org.apache.hadoop.hdds.scm.container.common.helpers.StorageContainerException: Error opening DB. Container:1 ContainerPath:/opt/src/hadoop-ozone/integration-test/target/test-dir/MiniOzoneClusterImpl-43bfb4d4-2269-420d-a125-23ae713bb82d/datanode-0/data/containers/hdds/fcb9d5d5-7702-414d-85b0-d4d64dd4d07a/current/containerDir0/1/metadata/1-dn-container.db
	at org.apache.hadoop.ozone.container.keyvalue.helpers.BlockUtils.getDB(BlockUtils.java:84)
	at org.apache.hadoop.ozone.container.keyvalue.statemachine.background.BlockDeletingService$BlockDeletingTask.call(BlockDeletingService.java:188)
	at org.apache.hadoop.ozone.container.keyvalue.statemachine.background.BlockDeletingService$BlockDeletingTask.call(BlockDeletingService.java:172)
	at java.util.concurrent.FutureTask.run(FutureTask.java:266)
	at java.util.concurrent.Executors$RunnableAdapter.call(Executors.java:511)
	at java.util.concurrent.FutureTask.run(FutureTask.java:266)
	at java.util.concurrent.Executors$RunnableAdapter.call(Executors.java:511)
	at java.util.concurrent.FutureTask.run(FutureTask.java:266)
	at java.util.concurrent.ScheduledThreadPoolExecutor$ScheduledFutureTask.access$201(ScheduledThreadPoolExecutor.java:180)
	at java.util.concurrent.ScheduledThreadPoolExecutor$ScheduledFutureTask.run(ScheduledThreadPoolExecutor.java:293)
	at java.util.concurrent.ThreadPoolExecutor.runWorker(ThreadPoolExecutor.java:1149)
	at java.util.concurrent.ThreadPoolExecutor$Worker.run(ThreadPoolExecutor.java:624)
	at java.lang.Thread.run(Thread.java:748)
2019-06-14 12:59:46,471 WARN  utils.BackgroundService (BackgroundService.java:lambda$run$0(135)) - Background task fails to execute, retrying in next interval
java.util.concurrent.ExecutionException: org.apache.hadoop.hdds.scm.container.common.helpers.StorageContainerException: Error opening DB. Container:4 ContainerPath:/opt/src/hadoop-ozone/integration-test/target/test-dir/MiniOzoneClusterImpl-43bfb4d4-2269-420d-a125-23ae713bb82d/datanode-0/data/containers/hdds/fcb9d5d5-7702-414d-85b0-d4d64dd4d07a/current/containerDir0/4/metadata/4-dn-container.db
	at java.util.concurrent.FutureTask.report(FutureTask.java:122)
	at java.util.concurrent.FutureTask.get(FutureTask.java:206)
	at org.apache.hadoop.utils.BackgroundService$PeriodicalTask.lambda$run$0(BackgroundService.java:129)
	at java.util.stream.ForEachOps$ForEachOp$OfRef.accept(ForEachOps.java:184)
	at java.util.ArrayList$ArrayListSpliterator.forEachRemaining(ArrayList.java:1382)
	at java.util.stream.AbstractPipeline.copyInto(AbstractPipeline.java:482)
	at java.util.stream.ForEachOps$ForEachTask.compute(ForEachOps.java:291)
	at java.util.concurrent.CountedCompleter.exec(CountedCompleter.java:731)
	at java.util.concurrent.ForkJoinTask.doExec(ForkJoinTask.java:289)
	at java.util.concurrent.ForkJoinTask.doInvoke(ForkJoinTask.java:401)
	at java.util.concurrent.ForkJoinTask.invoke(ForkJoinTask.java:734)
	at java.util.stream.ForEachOps$ForEachOp.evaluateParallel(ForEachOps.java:160)
	at java.util.stream.ForEachOps$ForEachOp$OfRef.evaluateParallel(ForEachOps.java:174)
	at java.util.stream.AbstractPipeline.evaluate(AbstractPipeline.java:233)
	at java.util.stream.ReferencePipeline.forEach(ReferencePipeline.java:418)
	at java.util.stream.ReferencePipeline$Head.forEach(ReferencePipeline.java:583)
	at org.apache.hadoop.utils.BackgroundService$PeriodicalTask.run(BackgroundService.java:125)
	at java.util.concurrent.Executors$RunnableAdapter.call(Executors.java:511)
	at java.util.concurrent.FutureTask.runAndReset(FutureTask.java:308)
	at java.util.concurrent.ScheduledThreadPoolExecutor$ScheduledFutureTask.access$301(ScheduledThreadPoolExecutor.java:180)
	at java.util.concurrent.ScheduledThreadPoolExecutor$ScheduledFutureTask.run(ScheduledThreadPoolExecutor.java:294)
	at java.util.concurrent.ThreadPoolExecutor.runWorker(ThreadPoolExecutor.java:1149)
	at java.util.concurrent.ThreadPoolExecutor$Worker.run(ThreadPoolExecutor.java:624)
	at java.lang.Thread.run(Thread.java:748)
Caused by: org.apache.hadoop.hdds.scm.container.common.helpers.StorageContainerException: Error opening DB. Container:4 ContainerPath:/opt/src/hadoop-ozone/integration-test/target/test-dir/MiniOzoneClusterImpl-43bfb4d4-2269-420d-a125-23ae713bb82d/datanode-0/data/containers/hdds/fcb9d5d5-7702-414d-85b0-d4d64dd4d07a/current/containerDir0/4/metadata/4-dn-container.db
	at org.apache.hadoop.ozone.container.keyvalue.helpers.BlockUtils.getDB(BlockUtils.java:84)
	at org.apache.hadoop.ozone.container.keyvalue.statemachine.background.BlockDeletingService$BlockDeletingTask.call(BlockDeletingService.java:188)
	at org.apache.hadoop.ozone.container.keyvalue.statemachine.background.BlockDeletingService$BlockDeletingTask.call(BlockDeletingService.java:172)
	at java.util.concurrent.FutureTask.run(FutureTask.java:266)
	at java.util.concurrent.Executors$RunnableAdapter.call(Executors.java:511)
	at java.util.concurrent.FutureTask.run(FutureTask.java:266)
	at java.util.concurrent.Executors$RunnableAdapter.call(Executors.java:511)
	at java.util.concurrent.FutureTask.run(FutureTask.java:266)
	at java.util.concurrent.ScheduledThreadPoolExecutor$ScheduledFutureTask.access$201(ScheduledThreadPoolExecutor.java:180)
	at java.util.concurrent.ScheduledThreadPoolExecutor$ScheduledFutureTask.run(ScheduledThreadPoolExecutor.java:293)
	... 3 more
2019-06-14 12:59:46,471 ERROR utils.ContainerCache (ContainerCache.java:getDB(137)) - Error opening DB. Container:2 ContainerPath:/opt/src/hadoop-ozone/integration-test/target/test-dir/MiniOzoneClusterImpl-43bfb4d4-2269-420d-a125-23ae713bb82d/datanode-0/data/containers/hdds/fcb9d5d5-7702-414d-85b0-d4d64dd4d07a/current/containerDir0/2/metadata/2-dn-container.db
java.io.IOException: Failed init RocksDB, db path : /opt/src/hadoop-ozone/integration-test/target/test-dir/MiniOzoneClusterImpl-43bfb4d4-2269-420d-a125-23ae713bb82d/datanode-0/data/containers/hdds/fcb9d5d5-7702-414d-85b0-d4d64dd4d07a/current/containerDir0/2/metadata/2-dn-container.db
	at org.apache.hadoop.utils.RocksDBStore.<init>(RocksDBStore.java:87)
	at org.apache.hadoop.utils.MetadataStoreBuilder.build(MetadataStoreBuilder.java:137)
	at org.apache.hadoop.ozone.container.common.utils.ContainerCache.getDB(ContainerCache.java:129)
	at org.apache.hadoop.ozone.container.keyvalue.helpers.BlockUtils.getDB(BlockUtils.java:77)
	at org.apache.hadoop.ozone.container.keyvalue.statemachine.background.BlockDeletingService$BlockDeletingTask.call(BlockDeletingService.java:188)
	at org.apache.hadoop.ozone.container.keyvalue.statemachine.background.BlockDeletingService$BlockDeletingTask.call(BlockDeletingService.java:172)
	at java.util.concurrent.FutureTask.run(FutureTask.java:266)
	at java.util.concurrent.Executors$RunnableAdapter.call(Executors.java:511)
	at java.util.concurrent.FutureTask.run(FutureTask.java:266)
	at java.util.concurrent.Executors$RunnableAdapter.call(Executors.java:511)
	at java.util.concurrent.FutureTask.run(FutureTask.java:266)
	at java.util.concurrent.ScheduledThreadPoolExecutor$ScheduledFutureTask.access$201(ScheduledThreadPoolExecutor.java:180)
	at java.util.concurrent.ScheduledThreadPoolExecutor$ScheduledFutureTask.run(ScheduledThreadPoolExecutor.java:293)
	at java.util.concurrent.ThreadPoolExecutor.runWorker(ThreadPoolExecutor.java:1149)
	at java.util.concurrent.ThreadPoolExecutor$Worker.run(ThreadPoolExecutor.java:624)
	at java.lang.Thread.run(Thread.java:748)
Caused by: org.rocksdb.RocksDBException: While mkdir if missing: /opt/src/hadoop-ozone/integration-test/target/test-dir/MiniOzoneClusterImpl-43bfb4d4-2269-420d-a125-23ae713bb82d/datanode-0/data/containers/hdds/fcb9d5d5-7702-414d-85b0-d4d64dd4d07a/current/containerDir0/2/metadata/2-dn-container.db: No such file or directory
	at org.rocksdb.RocksDB.open(Native Method)
	at org.rocksdb.RocksDB.open(RocksDB.java:231)
	at org.apache.hadoop.utils.RocksDBStore.<init>(RocksDBStore.java:71)
	... 15 more
2019-06-14 12:59:46,471 WARN  utils.BackgroundService (BackgroundService.java:lambda$run$0(135)) - Background task fails to execute, retrying in next interval
java.util.concurrent.ExecutionException: org.apache.hadoop.hdds.scm.container.common.helpers.StorageContainerException: Error opening DB. Container:2 ContainerPath:/opt/src/hadoop-ozone/integration-test/target/test-dir/MiniOzoneClusterImpl-43bfb4d4-2269-420d-a125-23ae713bb82d/datanode-0/data/containers/hdds/fcb9d5d5-7702-414d-85b0-d4d64dd4d07a/current/containerDir0/2/metadata/2-dn-container.db
	at java.util.concurrent.FutureTask.report(FutureTask.java:122)
	at java.util.concurrent.FutureTask.get(FutureTask.java:206)
	at org.apache.hadoop.utils.BackgroundService$PeriodicalTask.lambda$run$0(BackgroundService.java:129)
	at java.util.stream.ForEachOps$ForEachOp$OfRef.accept(ForEachOps.java:184)
	at java.util.ArrayList$ArrayListSpliterator.forEachRemaining(ArrayList.java:1382)
	at java.util.stream.AbstractPipeline.copyInto(AbstractPipeline.java:482)
	at java.util.stream.ForEachOps$ForEachTask.compute(ForEachOps.java:291)
	at java.util.concurrent.CountedCompleter.exec(CountedCompleter.java:731)
	at java.util.concurrent.ForkJoinTask.doExec(ForkJoinTask.java:289)
	at java.util.concurrent.ForkJoinPool$WorkQueue.runTask(ForkJoinPool.java:1056)
	at java.util.concurrent.ForkJoinPool.runWorker(ForkJoinPool.java:1692)
	at java.util.concurrent.ForkJoinWorkerThread.run(ForkJoinWorkerThread.java:157)
Caused by: org.apache.hadoop.hdds.scm.container.common.helpers.StorageContainerException: Error opening DB. Container:2 ContainerPath:/opt/src/hadoop-ozone/integration-test/target/test-dir/MiniOzoneClusterImpl-43bfb4d4-2269-420d-a125-23ae713bb82d/datanode-0/data/containers/hdds/fcb9d5d5-7702-414d-85b0-d4d64dd4d07a/current/containerDir0/2/metadata/2-dn-container.db
	at org.apache.hadoop.ozone.container.keyvalue.helpers.BlockUtils.getDB(BlockUtils.java:84)
	at org.apache.hadoop.ozone.container.keyvalue.statemachine.background.BlockDeletingService$BlockDeletingTask.call(BlockDeletingService.java:188)
	at org.apache.hadoop.ozone.container.keyvalue.statemachine.background.BlockDeletingService$BlockDeletingTask.call(BlockDeletingService.java:172)
	at java.util.concurrent.FutureTask.run(FutureTask.java:266)
	at java.util.concurrent.Executors$RunnableAdapter.call(Executors.java:511)
	at java.util.concurrent.FutureTask.run(FutureTask.java:266)
	at java.util.concurrent.Executors$RunnableAdapter.call(Executors.java:511)
	at java.util.concurrent.FutureTask.run(FutureTask.java:266)
	at java.util.concurrent.ScheduledThreadPoolExecutor$ScheduledFutureTask.access$201(ScheduledThreadPoolExecutor.java:180)
	at java.util.concurrent.ScheduledThreadPoolExecutor$ScheduledFutureTask.run(ScheduledThreadPoolExecutor.java:293)
	at java.util.concurrent.ThreadPoolExecutor.runWorker(ThreadPoolExecutor.java:1149)
	at java.util.concurrent.ThreadPoolExecutor$Worker.run(ThreadPoolExecutor.java:624)
	at java.lang.Thread.run(Thread.java:748)
2019-06-14 12:59:46,472 ERROR utils.ContainerCache (ContainerCache.java:getDB(137)) - Error opening DB. Container:3 ContainerPath:/opt/src/hadoop-ozone/integration-test/target/test-dir/MiniOzoneClusterImpl-43bfb4d4-2269-420d-a125-23ae713bb82d/datanode-0/data/containers/hdds/fcb9d5d5-7702-414d-85b0-d4d64dd4d07a/current/containerDir0/3/metadata/3-dn-container.db
java.io.IOException: Failed init RocksDB, db path : /opt/src/hadoop-ozone/integration-test/target/test-dir/MiniOzoneClusterImpl-43bfb4d4-2269-420d-a125-23ae713bb82d/datanode-0/data/containers/hdds/fcb9d5d5-7702-414d-85b0-d4d64dd4d07a/current/containerDir0/3/metadata/3-dn-container.db
	at org.apache.hadoop.utils.RocksDBStore.<init>(RocksDBStore.java:87)
	at org.apache.hadoop.utils.MetadataStoreBuilder.build(MetadataStoreBuilder.java:137)
	at org.apache.hadoop.ozone.container.common.utils.ContainerCache.getDB(ContainerCache.java:129)
	at org.apache.hadoop.ozone.container.keyvalue.helpers.BlockUtils.getDB(BlockUtils.java:77)
	at org.apache.hadoop.ozone.container.keyvalue.statemachine.background.BlockDeletingService$BlockDeletingTask.call(BlockDeletingService.java:188)
	at org.apache.hadoop.ozone.container.keyvalue.statemachine.background.BlockDeletingService$BlockDeletingTask.call(BlockDeletingService.java:172)
	at java.util.concurrent.FutureTask.run(FutureTask.java:266)
	at java.util.concurrent.Executors$RunnableAdapter.call(Executors.java:511)
	at java.util.concurrent.FutureTask.run(FutureTask.java:266)
	at java.util.concurrent.Executors$RunnableAdapter.call(Executors.java:511)
	at java.util.concurrent.FutureTask.run(FutureTask.java:266)
	at java.util.concurrent.ScheduledThreadPoolExecutor$ScheduledFutureTask.access$201(ScheduledThreadPoolExecutor.java:180)
	at java.util.concurrent.ScheduledThreadPoolExecutor$ScheduledFutureTask.run(ScheduledThreadPoolExecutor.java:293)
	at java.util.concurrent.ThreadPoolExecutor.runWorker(ThreadPoolExecutor.java:1149)
	at java.util.concurrent.ThreadPoolExecutor$Worker.run(ThreadPoolExecutor.java:624)
	at java.lang.Thread.run(Thread.java:748)
Caused by: org.rocksdb.RocksDBException: While mkdir if missing: /opt/src/hadoop-ozone/integration-test/target/test-dir/MiniOzoneClusterImpl-43bfb4d4-2269-420d-a125-23ae713bb82d/datanode-0/data/containers/hdds/fcb9d5d5-7702-414d-85b0-d4d64dd4d07a/current/containerDir0/3/metadata/3-dn-container.db: No such file or directory
	at org.rocksdb.RocksDB.open(Native Method)
	at org.rocksdb.RocksDB.open(RocksDB.java:231)
	at org.apache.hadoop.utils.RocksDBStore.<init>(RocksDBStore.java:71)
	... 15 more
2019-06-14 12:59:46,472 WARN  utils.BackgroundService (BackgroundService.java:lambda$run$0(135)) - Background task fails to execute, retrying in next interval
java.util.concurrent.ExecutionException: org.apache.hadoop.hdds.scm.container.common.helpers.StorageContainerException: Error opening DB. Container:3 ContainerPath:/opt/src/hadoop-ozone/integration-test/target/test-dir/MiniOzoneClusterImpl-43bfb4d4-2269-420d-a125-23ae713bb82d/datanode-0/data/containers/hdds/fcb9d5d5-7702-414d-85b0-d4d64dd4d07a/current/containerDir0/3/metadata/3-dn-container.db
	at java.util.concurrent.FutureTask.report(FutureTask.java:122)
	at java.util.concurrent.FutureTask.get(FutureTask.java:206)
	at org.apache.hadoop.utils.BackgroundService$PeriodicalTask.lambda$run$0(BackgroundService.java:129)
	at java.util.stream.ForEachOps$ForEachOp$OfRef.accept(ForEachOps.java:184)
	at java.util.ArrayList$ArrayListSpliterator.forEachRemaining(ArrayList.java:1382)
	at java.util.stream.AbstractPipeline.copyInto(AbstractPipeline.java:482)
	at java.util.stream.ForEachOps$ForEachTask.compute(ForEachOps.java:291)
	at java.util.concurrent.CountedCompleter.exec(CountedCompleter.java:731)
	at java.util.concurrent.ForkJoinTask.doExec(ForkJoinTask.java:289)
	at java.util.concurrent.ForkJoinPool$WorkQueue.pollAndExecCC(ForkJoinPool.java:1190)
	at java.util.concurrent.ForkJoinPool.helpComplete(ForkJoinPool.java:1879)
	at java.util.concurrent.ForkJoinPool.externalHelpComplete(ForkJoinPool.java:2467)
	at java.util.concurrent.ForkJoinTask.externalAwaitDone(ForkJoinTask.java:324)
	at java.util.concurrent.ForkJoinTask.doInvoke(ForkJoinTask.java:405)
	at java.util.concurrent.ForkJoinTask.invoke(ForkJoinTask.java:734)
	at java.util.stream.ForEachOps$ForEachOp.evaluateParallel(ForEachOps.java:160)
	at java.util.stream.ForEachOps$ForEachOp$OfRef.evaluateParallel(ForEachOps.java:174)
	at java.util.stream.AbstractPipeline.evaluate(AbstractPipeline.java:233)
	at java.util.stream.ReferencePipeline.forEach(ReferencePipeline.java:418)
	at java.util.stream.ReferencePipeline$Head.forEach(ReferencePipeline.java:583)
	at org.apache.hadoop.utils.BackgroundService$PeriodicalTask.run(BackgroundService.java:125)
	at java.util.concurrent.Executors$RunnableAdapter.call(Executors.java:511)
	at java.util.concurrent.FutureTask.runAndReset(FutureTask.java:308)
	at java.util.concurrent.ScheduledThreadPoolExecutor$ScheduledFutureTask.access$301(ScheduledThreadPoolExecutor.java:180)
	at java.util.concurrent.ScheduledThreadPoolExecutor$ScheduledFutureTask.run(ScheduledThreadPoolExecutor.java:294)
	at java.util.concurrent.ThreadPoolExecutor.runWorker(ThreadPoolExecutor.java:1149)
	at java.util.concurrent.ThreadPoolExecutor$Worker.run(ThreadPoolExecutor.java:624)
	at java.lang.Thread.run(Thread.java:748)
Caused by: org.apache.hadoop.hdds.scm.container.common.helpers.StorageContainerException: Error opening DB. Container:3 ContainerPath:/opt/src/hadoop-ozone/integration-test/target/test-dir/MiniOzoneClusterImpl-43bfb4d4-2269-420d-a125-23ae713bb82d/datanode-0/data/containers/hdds/fcb9d5d5-7702-414d-85b0-d4d64dd4d07a/current/containerDir0/3/metadata/3-dn-container.db
	at org.apache.hadoop.ozone.container.keyvalue.helpers.BlockUtils.getDB(BlockUtils.java:84)
	at org.apache.hadoop.ozone.container.keyvalue.statemachine.background.BlockDeletingService$BlockDeletingTask.call(BlockDeletingService.java:188)
	at org.apache.hadoop.ozone.container.keyvalue.statemachine.background.BlockDeletingService$BlockDeletingTask.call(BlockDeletingService.java:172)
	at java.util.concurrent.FutureTask.run(FutureTask.java:266)
	at java.util.concurrent.Executors$RunnableAdapter.call(Executors.java:511)
	at java.util.concurrent.FutureTask.run(FutureTask.java:266)
	at java.util.concurrent.Executors$RunnableAdapter.call(Executors.java:511)
	at java.util.concurrent.FutureTask.run(FutureTask.java:266)
	at java.util.concurrent.ScheduledThreadPoolExecutor$ScheduledFutureTask.access$201(ScheduledThreadPoolExecutor.java:180)
	at java.util.concurrent.ScheduledThreadPoolExecutor$ScheduledFutureTask.run(ScheduledThreadPoolExecutor.java:293)
	... 3 more
2019-06-14 12:59:47,352 INFO  ozone.MiniOzoneClusterImpl (MiniOzoneClusterImpl.java:lambda$waitForClusterToBeReady$0(142)) - Waiting for cluster to be ready. Got 0 of 1 DN Heartbeats.
2019-06-14 12:59:47,359 INFO  ozoneimpl.OzoneContainer (OzoneContainer.java:start(186)) - Attempting to start container services.
2019-06-14 12:59:47,361 INFO  ozoneimpl.OzoneContainer (OzoneContainer.java:startContainerScrub(160)) - Background container scrubber has been disabled by hdds.containerscrub.enabled
2019-06-14 12:59:47,362 INFO  ratis.XceiverServerRatis (XceiverServerRatis.java:start(418)) - Starting XceiverServerRatis a35df0c7-3247-46b8-87d1-e5b5a3d505e0 at port 44905
2019-06-14 12:59:47,369 INFO  impl.RaftServerProxy (RaftServerProxy.java:lambda$start$3(299)) - a35df0c7-3247-46b8-87d1-e5b5a3d505e0: start RPC server
2019-06-14 12:59:47,370 INFO  server.GrpcService (GrpcService.java:startImpl(148)) - a35df0c7-3247-46b8-87d1-e5b5a3d505e0: GrpcService started, listening on 0.0.0.0/0.0.0.0:44905
2019-06-14 12:59:47,472 INFO  background.BlockDeletingService (BlockDeletingService.java:getTasks(123)) - Plan to choose 10 containers for block deletion, actually returns 5 valid containers.
2019-06-14 12:59:47,473 ERROR utils.ContainerCache (ContainerCache.java:getDB(137)) - Error opening DB. Container:1 ContainerPath:/opt/src/hadoop-ozone/integration-test/target/test-dir/MiniOzoneClusterImpl-43bfb4d4-2269-420d-a125-23ae713bb82d/datanode-0/data/containers/hdds/fcb9d5d5-7702-414d-85b0-d4d64dd4d07a/current/containerDir0/1/metadata/1-dn-container.db
java.io.IOException: Failed init RocksDB, db path : /opt/src/hadoop-ozone/integration-test/target/test-dir/MiniOzoneClusterImpl-43bfb4d4-2269-420d-a125-23ae713bb82d/datanode-0/data/containers/hdds/fcb9d5d5-7702-414d-85b0-d4d64dd4d07a/current/containerDir0/1/metadata/1-dn-container.db
	at org.apache.hadoop.utils.RocksDBStore.<init>(RocksDBStore.java:87)
	at org.apache.hadoop.utils.MetadataStoreBuilder.build(MetadataStoreBuilder.java:137)
	at org.apache.hadoop.ozone.container.common.utils.ContainerCache.getDB(ContainerCache.java:129)
	at org.apache.hadoop.ozone.container.keyvalue.helpers.BlockUtils.getDB(BlockUtils.java:77)
	at org.apache.hadoop.ozone.container.keyvalue.statemachine.background.BlockDeletingService$BlockDeletingTask.call(BlockDeletingService.java:188)
	at org.apache.hadoop.ozone.container.keyvalue.statemachine.background.BlockDeletingService$BlockDeletingTask.call(BlockDeletingService.java:172)
	at java.util.concurrent.FutureTask.run(FutureTask.java:266)
	at java.util.concurrent.Executors$RunnableAdapter.call(Executors.java:511)
	at java.util.concurrent.FutureTask.run(FutureTask.java:266)
	at java.util.concurrent.Executors$RunnableAdapter.call(Executors.java:511)
	at java.util.concurrent.FutureTask.run(FutureTask.java:266)
	at java.util.concurrent.ScheduledThreadPoolExecutor$ScheduledFutureTask.access$201(ScheduledThreadPoolExecutor.java:180)
	at java.util.concurrent.ScheduledThreadPoolExecutor$ScheduledFutureTask.run(ScheduledThreadPoolExecutor.java:293)
	at java.util.concurrent.ThreadPoolExecutor.runWorker(ThreadPoolExecutor.java:1149)
	at java.util.concurrent.ThreadPoolExecutor$Worker.run(ThreadPoolExecutor.java:624)
	at java.lang.Thread.run(Thread.java:748)
Caused by: org.rocksdb.RocksDBException: While mkdir if missing: /opt/src/hadoop-ozone/integration-test/target/test-dir/MiniOzoneClusterImpl-43bfb4d4-2269-420d-a125-23ae713bb82d/datanode-0/data/containers/hdds/fcb9d5d5-7702-414d-85b0-d4d64dd4d07a/current/containerDir0/1/metadata/1-dn-container.db: No such file or directory
	at org.rocksdb.RocksDB.open(Native Method)
	at org.rocksdb.RocksDB.open(RocksDB.java:231)
	at org.apache.hadoop.utils.RocksDBStore.<init>(RocksDBStore.java:71)
	... 15 more
2019-06-14 12:59:47,473 ERROR utils.ContainerCache (ContainerCache.java:getDB(137)) - Error opening DB. Container:5 ContainerPath:/opt/src/hadoop-ozone/integration-test/target/test-dir/MiniOzoneClusterImpl-43bfb4d4-2269-420d-a125-23ae713bb82d/datanode-0/data/containers/hdds/fcb9d5d5-7702-414d-85b0-d4d64dd4d07a/current/containerDir0/5/metadata/5-dn-container.db
java.io.IOException: Failed init RocksDB, db path : /opt/src/hadoop-ozone/integration-test/target/test-dir/MiniOzoneClusterImpl-43bfb4d4-2269-420d-a125-23ae713bb82d/datanode-0/data/containers/hdds/fcb9d5d5-7702-414d-85b0-d4d64dd4d07a/current/containerDir0/5/metadata/5-dn-container.db
	at org.apache.hadoop.utils.RocksDBStore.<init>(RocksDBStore.java:87)
	at org.apache.hadoop.utils.MetadataStoreBuilder.build(MetadataStoreBuilder.java:137)
	at org.apache.hadoop.ozone.container.common.utils.ContainerCache.getDB(ContainerCache.java:129)
	at org.apache.hadoop.ozone.container.keyvalue.helpers.BlockUtils.getDB(BlockUtils.java:77)
	at org.apache.hadoop.ozone.container.keyvalue.statemachine.background.BlockDeletingService$BlockDeletingTask.call(BlockDeletingService.java:188)
	at org.apache.hadoop.ozone.container.keyvalue.statemachine.background.BlockDeletingService$BlockDeletingTask.call(BlockDeletingService.java:172)
	at java.util.concurrent.FutureTask.run(FutureTask.java:266)
	at java.util.concurrent.Executors$RunnableAdapter.call(Executors.java:511)
	at java.util.concurrent.FutureTask.run(FutureTask.java:266)
	at java.util.concurrent.Executors$RunnableAdapter.call(Executors.java:511)
	at java.util.concurrent.FutureTask.run(FutureTask.java:266)
	at java.util.concurrent.ScheduledThreadPoolExecutor$ScheduledFutureTask.access$201(ScheduledThreadPoolExecutor.java:180)
	at java.util.concurrent.ScheduledThreadPoolExecutor$ScheduledFutureTask.run(ScheduledThreadPoolExecutor.java:293)
	at java.util.concurrent.ThreadPoolExecutor.runWorker(ThreadPoolExecutor.java:1149)
	at java.util.concurrent.ThreadPoolExecutor$Worker.run(ThreadPoolExecutor.java:624)
	at java.lang.Thread.run(Thread.java:748)
Caused by: org.rocksdb.RocksDBException: While mkdir if missing: /opt/src/hadoop-ozone/integration-test/target/test-dir/MiniOzoneClusterImpl-43bfb4d4-2269-420d-a125-23ae713bb82d/datanode-0/data/containers/hdds/fcb9d5d5-7702-414d-85b0-d4d64dd4d07a/current/containerDir0/5/metadata/5-dn-container.db: No such file or directory
	at org.rocksdb.RocksDB.open(Native Method)
	at org.rocksdb.RocksDB.open(RocksDB.java:231)
	at org.apache.hadoop.utils.RocksDBStore.<init>(RocksDBStore.java:71)
	... 15 more
2019-06-14 12:59:47,474 WARN  utils.BackgroundService (BackgroundService.java:lambda$run$0(135)) - Background task fails to execute, retrying in next interval
java.util.concurrent.ExecutionException: org.apache.hadoop.hdds.scm.container.common.helpers.StorageContainerException: Error opening DB. Container:5 ContainerPath:/opt/src/hadoop-ozone/integration-test/target/test-dir/MiniOzoneClusterImpl-43bfb4d4-2269-420d-a125-23ae713bb82d/datanode-0/data/containers/hdds/fcb9d5d5-7702-414d-85b0-d4d64dd4d07a/current/containerDir0/5/metadata/5-dn-container.db
	at java.util.concurrent.FutureTask.report(FutureTask.java:122)
	at java.util.concurrent.FutureTask.get(FutureTask.java:206)
	at org.apache.hadoop.utils.BackgroundService$PeriodicalTask.lambda$run$0(BackgroundService.java:129)
	at java.util.stream.ForEachOps$ForEachOp$OfRef.accept(ForEachOps.java:184)
	at java.util.ArrayList$ArrayListSpliterator.forEachRemaining(ArrayList.java:1382)
	at java.util.stream.AbstractPipeline.copyInto(AbstractPipeline.java:482)
	at java.util.stream.ForEachOps$ForEachTask.compute(ForEachOps.java:291)
	at java.util.concurrent.CountedCompleter.exec(CountedCompleter.java:731)
	at java.util.concurrent.ForkJoinTask.doExec(ForkJoinTask.java:289)
	at java.util.concurrent.ForkJoinPool$WorkQueue.runTask(ForkJoinPool.java:1056)
	at java.util.concurrent.ForkJoinPool.runWorker(ForkJoinPool.java:1692)
	at java.util.concurrent.ForkJoinWorkerThread.run(ForkJoinWorkerThread.java:157)
Caused by: org.apache.hadoop.hdds.scm.container.common.helpers.StorageContainerException: Error opening DB. Container:5 ContainerPath:/opt/src/hadoop-ozone/integration-test/target/test-dir/MiniOzoneClusterImpl-43bfb4d4-2269-420d-a125-23ae713bb82d/datanode-0/data/containers/hdds/fcb9d5d5-7702-414d-85b0-d4d64dd4d07a/current/containerDir0/5/metadata/5-dn-container.db
	at org.apache.hadoop.ozone.container.keyvalue.helpers.BlockUtils.getDB(BlockUtils.java:84)
	at org.apache.hadoop.ozone.container.keyvalue.statemachine.background.BlockDeletingService$BlockDeletingTask.call(BlockDeletingService.java:188)
	at org.apache.hadoop.ozone.container.keyvalue.statemachine.background.BlockDeletingService$BlockDeletingTask.call(BlockDeletingService.java:172)
	at java.util.concurrent.FutureTask.run(FutureTask.java:266)
	at java.util.concurrent.Executors$RunnableAdapter.call(Executors.java:511)
	at java.util.concurrent.FutureTask.run(FutureTask.java:266)
	at java.util.concurrent.Executors$RunnableAdapter.call(Executors.java:511)
	at java.util.concurrent.FutureTask.run(FutureTask.java:266)
	at java.util.concurrent.ScheduledThreadPoolExecutor$ScheduledFutureTask.access$201(ScheduledThreadPoolExecutor.java:180)
	at java.util.concurrent.ScheduledThreadPoolExecutor$ScheduledFutureTask.run(ScheduledThreadPoolExecutor.java:293)
	at java.util.concurrent.ThreadPoolExecutor.runWorker(ThreadPoolExecutor.java:1149)
	at java.util.concurrent.ThreadPoolExecutor$Worker.run(ThreadPoolExecutor.java:624)
	at java.lang.Thread.run(Thread.java:748)
2019-06-14 12:59:47,474 ERROR utils.ContainerCache (ContainerCache.java:getDB(137)) - Error opening DB. Container:4 ContainerPath:/opt/src/hadoop-ozone/integration-test/target/test-dir/MiniOzoneClusterImpl-43bfb4d4-2269-420d-a125-23ae713bb82d/datanode-0/data/containers/hdds/fcb9d5d5-7702-414d-85b0-d4d64dd4d07a/current/containerDir0/4/metadata/4-dn-container.db
java.io.IOException: Failed init RocksDB, db path : /opt/src/hadoop-ozone/integration-test/target/test-dir/MiniOzoneClusterImpl-43bfb4d4-2269-420d-a125-23ae713bb82d/datanode-0/data/containers/hdds/fcb9d5d5-7702-414d-85b0-d4d64dd4d07a/current/containerDir0/4/metadata/4-dn-container.db
	at org.apache.hadoop.utils.RocksDBStore.<init>(RocksDBStore.java:87)
	at org.apache.hadoop.utils.MetadataStoreBuilder.build(MetadataStoreBuilder.java:137)
	at org.apache.hadoop.ozone.container.common.utils.ContainerCache.getDB(ContainerCache.java:129)
	at org.apache.hadoop.ozone.container.keyvalue.helpers.BlockUtils.getDB(BlockUtils.java:77)
	at org.apache.hadoop.ozone.container.keyvalue.statemachine.background.BlockDeletingService$BlockDeletingTask.call(BlockDeletingService.java:188)
	at org.apache.hadoop.ozone.container.keyvalue.statemachine.background.BlockDeletingService$BlockDeletingTask.call(BlockDeletingService.java:172)
	at java.util.concurrent.FutureTask.run(FutureTask.java:266)
	at java.util.concurrent.Executors$RunnableAdapter.call(Executors.java:511)
	at java.util.concurrent.FutureTask.run(FutureTask.java:266)
	at java.util.concurrent.Executors$RunnableAdapter.call(Executors.java:511)
	at java.util.concurrent.FutureTask.run(FutureTask.java:266)
	at java.util.concurrent.ScheduledThreadPoolExecutor$ScheduledFutureTask.access$201(ScheduledThreadPoolExecutor.java:180)
	at java.util.concurrent.ScheduledThreadPoolExecutor$ScheduledFutureTask.run(ScheduledThreadPoolExecutor.java:293)
	at java.util.concurrent.ThreadPoolExecutor.runWorker(ThreadPoolExecutor.java:1149)
	at java.util.concurrent.ThreadPoolExecutor$Worker.run(ThreadPoolExecutor.java:624)
	at java.lang.Thread.run(Thread.java:748)
Caused by: org.rocksdb.RocksDBException: While mkdir if missing: /opt/src/hadoop-ozone/integration-test/target/test-dir/MiniOzoneClusterImpl-43bfb4d4-2269-420d-a125-23ae713bb82d/datanode-0/data/containers/hdds/fcb9d5d5-7702-414d-85b0-d4d64dd4d07a/current/containerDir0/4/metadata/4-dn-container.db: No such file or directory
	at org.rocksdb.RocksDB.open(Native Method)
	at org.rocksdb.RocksDB.open(RocksDB.java:231)
	at org.apache.hadoop.utils.RocksDBStore.<init>(RocksDBStore.java:71)
	... 15 more
2019-06-14 12:59:47,474 WARN  utils.BackgroundService (BackgroundService.java:lambda$run$0(135)) - Background task fails to execute, retrying in next interval
java.util.concurrent.ExecutionException: org.apache.hadoop.hdds.scm.container.common.helpers.StorageContainerException: Error opening DB. Container:1 ContainerPath:/opt/src/hadoop-ozone/integration-test/target/test-dir/MiniOzoneClusterImpl-43bfb4d4-2269-420d-a125-23ae713bb82d/datanode-0/data/containers/hdds/fcb9d5d5-7702-414d-85b0-d4d64dd4d07a/current/containerDir0/1/metadata/1-dn-container.db
	at java.util.concurrent.FutureTask.report(FutureTask.java:122)
	at java.util.concurrent.FutureTask.get(FutureTask.java:206)
	at org.apache.hadoop.utils.BackgroundService$PeriodicalTask.lambda$run$0(BackgroundService.java:129)
	at java.util.stream.ForEachOps$ForEachOp$OfRef.accept(ForEachOps.java:184)
	at java.util.ArrayList$ArrayListSpliterator.forEachRemaining(ArrayList.java:1382)
	at java.util.stream.AbstractPipeline.copyInto(AbstractPipeline.java:482)
	at java.util.stream.ForEachOps$ForEachTask.compute(ForEachOps.java:291)
	at java.util.concurrent.CountedCompleter.exec(CountedCompleter.java:731)
	at java.util.concurrent.ForkJoinTask.doExec(ForkJoinTask.java:289)
	at java.util.concurrent.ForkJoinPool$WorkQueue.execLocalTasks(ForkJoinPool.java:1040)
	at java.util.concurrent.ForkJoinPool$WorkQueue.runTask(ForkJoinPool.java:1058)
	at java.util.concurrent.ForkJoinPool.runWorker(ForkJoinPool.java:1692)
	at java.util.concurrent.ForkJoinWorkerThread.run(ForkJoinWorkerThread.java:157)
Caused by: org.apache.hadoop.hdds.scm.container.common.helpers.StorageContainerException: Error opening DB. Container:1 ContainerPath:/opt/src/hadoop-ozone/integration-test/target/test-dir/MiniOzoneClusterImpl-43bfb4d4-2269-420d-a125-23ae713bb82d/datanode-0/data/containers/hdds/fcb9d5d5-7702-414d-85b0-d4d64dd4d07a/current/containerDir0/1/metadata/1-dn-container.db
	at org.apache.hadoop.ozone.container.keyvalue.helpers.BlockUtils.getDB(BlockUtils.java:84)
	at org.apache.hadoop.ozone.container.keyvalue.statemachine.background.BlockDeletingService$BlockDeletingTask.call(BlockDeletingService.java:188)
	at org.apache.hadoop.ozone.container.keyvalue.statemachine.background.BlockDeletingService$BlockDeletingTask.call(BlockDeletingService.java:172)
	at java.util.concurrent.FutureTask.run(FutureTask.java:266)
	at java.util.concurrent.Executors$RunnableAdapter.call(Executors.java:511)
	at java.util.concurrent.FutureTask.run(FutureTask.java:266)
	at java.util.concurrent.Executors$RunnableAdapter.call(Executors.java:511)
	at java.util.concurrent.FutureTask.run(FutureTask.java:266)
	at java.util.concurrent.ScheduledThreadPoolExecutor$ScheduledFutureTask.access$201(ScheduledThreadPoolExecutor.java:180)
	at java.util.concurrent.ScheduledThreadPoolExecutor$ScheduledFutureTask.run(ScheduledThreadPoolExecutor.java:293)
	at java.util.concurrent.ThreadPoolExecutor.runWorker(ThreadPoolExecutor.java:1149)
	at java.util.concurrent.ThreadPoolExecutor$Worker.run(ThreadPoolExecutor.java:624)
	at java.lang.Thread.run(Thread.java:748)
2019-06-14 12:59:47,474 ERROR utils.ContainerCache (ContainerCache.java:getDB(137)) - Error opening DB. Container:3 ContainerPath:/opt/src/hadoop-ozone/integration-test/target/test-dir/MiniOzoneClusterImpl-43bfb4d4-2269-420d-a125-23ae713bb82d/datanode-0/data/containers/hdds/fcb9d5d5-7702-414d-85b0-d4d64dd4d07a/current/containerDir0/3/metadata/3-dn-container.db
java.io.IOException: Failed init RocksDB, db path : /opt/src/hadoop-ozone/integration-test/target/test-dir/MiniOzoneClusterImpl-43bfb4d4-2269-420d-a125-23ae713bb82d/datanode-0/data/containers/hdds/fcb9d5d5-7702-414d-85b0-d4d64dd4d07a/current/containerDir0/3/metadata/3-dn-container.db
	at org.apache.hadoop.utils.RocksDBStore.<init>(RocksDBStore.java:87)
	at org.apache.hadoop.utils.MetadataStoreBuilder.build(MetadataStoreBuilder.java:137)
	at org.apache.hadoop.ozone.container.common.utils.ContainerCache.getDB(ContainerCache.java:129)
	at org.apache.hadoop.ozone.container.keyvalue.helpers.BlockUtils.getDB(BlockUtils.java:77)
	at org.apache.hadoop.ozone.container.keyvalue.statemachine.background.BlockDeletingService$BlockDeletingTask.call(BlockDeletingService.java:188)
	at org.apache.hadoop.ozone.container.keyvalue.statemachine.background.BlockDeletingService$BlockDeletingTask.call(BlockDeletingService.java:172)
	at java.util.concurrent.FutureTask.run(FutureTask.java:266)
	at java.util.concurrent.Executors$RunnableAdapter.call(Executors.java:511)
	at java.util.concurrent.FutureTask.run(FutureTask.java:266)
	at java.util.concurrent.Executors$RunnableAdapter.call(Executors.java:511)
	at java.util.concurrent.FutureTask.run(FutureTask.java:266)
	at java.util.concurrent.ScheduledThreadPoolExecutor$ScheduledFutureTask.access$201(ScheduledThreadPoolExecutor.java:180)
	at java.util.concurrent.ScheduledThreadPoolExecutor$ScheduledFutureTask.run(ScheduledThreadPoolExecutor.java:293)
	at java.util.concurrent.ThreadPoolExecutor.runWorker(ThreadPoolExecutor.java:1149)
	at java.util.concurrent.ThreadPoolExecutor$Worker.run(ThreadPoolExecutor.java:624)
	at java.lang.Thread.run(Thread.java:748)
Caused by: org.rocksdb.RocksDBException: While mkdir if missing: /opt/src/hadoop-ozone/integration-test/target/test-dir/MiniOzoneClusterImpl-43bfb4d4-2269-420d-a125-23ae713bb82d/datanode-0/data/containers/hdds/fcb9d5d5-7702-414d-85b0-d4d64dd4d07a/current/containerDir0/3/metadata/3-dn-container.db: No such file or directory
	at org.rocksdb.RocksDB.open(Native Method)
	at org.rocksdb.RocksDB.open(RocksDB.java:231)
	at org.apache.hadoop.utils.RocksDBStore.<init>(RocksDBStore.java:71)
	... 15 more
2019-06-14 12:59:47,474 WARN  utils.BackgroundService (BackgroundService.java:lambda$run$0(135)) - Background task fails to execute, retrying in next interval
java.util.concurrent.ExecutionException: org.apache.hadoop.hdds.scm.container.common.helpers.StorageContainerException: Error opening DB. Container:4 ContainerPath:/opt/src/hadoop-ozone/integration-test/target/test-dir/MiniOzoneClusterImpl-43bfb4d4-2269-420d-a125-23ae713bb82d/datanode-0/data/containers/hdds/fcb9d5d5-7702-414d-85b0-d4d64dd4d07a/current/containerDir0/4/metadata/4-dn-container.db
	at java.util.concurrent.FutureTask.report(FutureTask.java:122)
	at java.util.concurrent.FutureTask.get(FutureTask.java:206)
	at org.apache.hadoop.utils.BackgroundService$PeriodicalTask.lambda$run$0(BackgroundService.java:129)
	at java.util.stream.ForEachOps$ForEachOp$OfRef.accept(ForEachOps.java:184)
	at java.util.ArrayList$ArrayListSpliterator.forEachRemaining(ArrayList.java:1382)
	at java.util.stream.AbstractPipeline.copyInto(AbstractPipeline.java:482)
	at java.util.stream.ForEachOps$ForEachTask.compute(ForEachOps.java:291)
	at java.util.concurrent.CountedCompleter.exec(CountedCompleter.java:731)
	at java.util.concurrent.ForkJoinTask.doExec(ForkJoinTask.java:289)
	at java.util.concurrent.ForkJoinTask.doInvoke(ForkJoinTask.java:401)
	at java.util.concurrent.ForkJoinTask.invoke(ForkJoinTask.java:734)
	at java.util.stream.ForEachOps$ForEachOp.evaluateParallel(ForEachOps.java:160)
	at java.util.stream.ForEachOps$ForEachOp$OfRef.evaluateParallel(ForEachOps.java:174)
	at java.util.stream.AbstractPipeline.evaluate(AbstractPipeline.java:233)
	at java.util.stream.ReferencePipeline.forEach(ReferencePipeline.java:418)
	at java.util.stream.ReferencePipeline$Head.forEach(ReferencePipeline.java:583)
	at org.apache.hadoop.utils.BackgroundService$PeriodicalTask.run(BackgroundService.java:125)
	at java.util.concurrent.Executors$RunnableAdapter.call(Executors.java:511)
	at java.util.concurrent.FutureTask.runAndReset(FutureTask.java:308)
	at java.util.concurrent.ScheduledThreadPoolExecutor$ScheduledFutureTask.access$301(ScheduledThreadPoolExecutor.java:180)
	at java.util.concurrent.ScheduledThreadPoolExecutor$ScheduledFutureTask.run(ScheduledThreadPoolExecutor.java:294)
	at java.util.concurrent.ThreadPoolExecutor.runWorker(ThreadPoolExecutor.java:1149)
	at java.util.concurrent.ThreadPoolExecutor$Worker.run(ThreadPoolExecutor.java:624)
	at java.lang.Thread.run(Thread.java:748)
Caused by: org.apache.hadoop.hdds.scm.container.common.helpers.StorageContainerException: Error opening DB. Container:4 ContainerPath:/opt/src/hadoop-ozone/integration-test/target/test-dir/MiniOzoneClusterImpl-43bfb4d4-2269-420d-a125-23ae713bb82d/datanode-0/data/containers/hdds/fcb9d5d5-7702-414d-85b0-d4d64dd4d07a/current/containerDir0/4/metadata/4-dn-container.db
	at org.apache.hadoop.ozone.container.keyvalue.helpers.BlockUtils.getDB(BlockUtils.java:84)
	at org.apache.hadoop.ozone.container.keyvalue.statemachine.background.BlockDeletingService$BlockDeletingTask.call(BlockDeletingService.java:188)
	at org.apache.hadoop.ozone.container.keyvalue.statemachine.background.BlockDeletingService$BlockDeletingTask.call(BlockDeletingService.java:172)
	at java.util.concurrent.FutureTask.run(FutureTask.java:266)
	at java.util.concurrent.Executors$RunnableAdapter.call(Executors.java:511)
	at java.util.concurrent.FutureTask.run(FutureTask.java:266)
	at java.util.concurrent.Executors$RunnableAdapter.call(Executors.java:511)
	at java.util.concurrent.FutureTask.run(FutureTask.java:266)
	at java.util.concurrent.ScheduledThreadPoolExecutor$ScheduledFutureTask.access$201(ScheduledThreadPoolExecutor.java:180)
	at java.util.concurrent.ScheduledThreadPoolExecutor$ScheduledFutureTask.run(ScheduledThreadPoolExecutor.java:293)
	... 3 more
2019-06-14 12:59:47,475 ERROR utils.ContainerCache (ContainerCache.java:getDB(137)) - Error opening DB. Container:2 ContainerPath:/opt/src/hadoop-ozone/integration-test/target/test-dir/MiniOzoneClusterImpl-43bfb4d4-2269-420d-a125-23ae713bb82d/datanode-0/data/containers/hdds/fcb9d5d5-7702-414d-85b0-d4d64dd4d07a/current/containerDir0/2/metadata/2-dn-container.db
java.io.IOException: Failed init RocksDB, db path : /opt/src/hadoop-ozone/integration-test/target/test-dir/MiniOzoneClusterImpl-43bfb4d4-2269-420d-a125-23ae713bb82d/datanode-0/data/containers/hdds/fcb9d5d5-7702-414d-85b0-d4d64dd4d07a/current/containerDir0/2/metadata/2-dn-container.db
	at org.apache.hadoop.utils.RocksDBStore.<init>(RocksDBStore.java:87)
	at org.apache.hadoop.utils.MetadataStoreBuilder.build(MetadataStoreBuilder.java:137)
	at org.apache.hadoop.ozone.container.common.utils.ContainerCache.getDB(ContainerCache.java:129)
	at org.apache.hadoop.ozone.container.keyvalue.helpers.BlockUtils.getDB(BlockUtils.java:77)
	at org.apache.hadoop.ozone.container.keyvalue.statemachine.background.BlockDeletingService$BlockDeletingTask.call(BlockDeletingService.java:188)
	at org.apache.hadoop.ozone.container.keyvalue.statemachine.background.BlockDeletingService$BlockDeletingTask.call(BlockDeletingService.java:172)
	at java.util.concurrent.FutureTask.run(FutureTask.java:266)
	at java.util.concurrent.Executors$RunnableAdapter.call(Executors.java:511)
	at java.util.concurrent.FutureTask.run(FutureTask.java:266)
	at java.util.concurrent.Executors$RunnableAdapter.call(Executors.java:511)
	at java.util.concurrent.FutureTask.run(FutureTask.java:266)
	at java.util.concurrent.ScheduledThreadPoolExecutor$ScheduledFutureTask.access$201(ScheduledThreadPoolExecutor.java:180)
	at java.util.concurrent.ScheduledThreadPoolExecutor$ScheduledFutureTask.run(ScheduledThreadPoolExecutor.java:293)
	at java.util.concurrent.ThreadPoolExecutor.runWorker(ThreadPoolExecutor.java:1149)
	at java.util.concurrent.ThreadPoolExecutor$Worker.run(ThreadPoolExecutor.java:624)
	at java.lang.Thread.run(Thread.java:748)
Caused by: org.rocksdb.RocksDBException: While mkdir if missing: /opt/src/hadoop-ozone/integration-test/target/test-dir/MiniOzoneClusterImpl-43bfb4d4-2269-420d-a125-23ae713bb82d/datanode-0/data/containers/hdds/fcb9d5d5-7702-414d-85b0-d4d64dd4d07a/current/containerDir0/2/metadata/2-dn-container.db: No such file or directory
	at org.rocksdb.RocksDB.open(Native Method)
	at org.rocksdb.RocksDB.open(RocksDB.java:231)
	at org.apache.hadoop.utils.RocksDBStore.<init>(RocksDBStore.java:71)
	... 15 more
2019-06-14 12:59:47,475 WARN  utils.BackgroundService (BackgroundService.java:lambda$run$0(135)) - Background task fails to execute, retrying in next interval
java.util.concurrent.ExecutionException: org.apache.hadoop.hdds.scm.container.common.helpers.StorageContainerException: Error opening DB. Container:3 ContainerPath:/opt/src/hadoop-ozone/integration-test/target/test-dir/MiniOzoneClusterImpl-43bfb4d4-2269-420d-a125-23ae713bb82d/datanode-0/data/containers/hdds/fcb9d5d5-7702-414d-85b0-d4d64dd4d07a/current/containerDir0/3/metadata/3-dn-container.db
	at java.util.concurrent.FutureTask.report(FutureTask.java:122)
	at java.util.concurrent.FutureTask.get(FutureTask.java:206)
	at org.apache.hadoop.utils.BackgroundService$PeriodicalTask.lambda$run$0(BackgroundService.java:129)
	at java.util.stream.ForEachOps$ForEachOp$OfRef.accept(ForEachOps.java:184)
	at java.util.ArrayList$ArrayListSpliterator.forEachRemaining(ArrayList.java:1382)
	at java.util.stream.AbstractPipeline.copyInto(AbstractPipeline.java:482)
	at java.util.stream.ForEachOps$ForEachTask.compute(ForEachOps.java:291)
	at java.util.concurrent.CountedCompleter.exec(CountedCompleter.java:731)
	at java.util.concurrent.ForkJoinTask.doExec(ForkJoinTask.java:289)
	at java.util.concurrent.ForkJoinPool$WorkQueue.pollAndExecCC(ForkJoinPool.java:1190)
	at java.util.concurrent.ForkJoinPool.helpComplete(ForkJoinPool.java:1879)
	at java.util.concurrent.ForkJoinPool.externalHelpComplete(ForkJoinPool.java:2467)
	at java.util.concurrent.ForkJoinTask.externalAwaitDone(ForkJoinTask.java:324)
	at java.util.concurrent.ForkJoinTask.doInvoke(ForkJoinTask.java:405)
	at java.util.concurrent.ForkJoinTask.invoke(ForkJoinTask.java:734)
	at java.util.stream.ForEachOps$ForEachOp.evaluateParallel(ForEachOps.java:160)
	at java.util.stream.ForEachOps$ForEachOp$OfRef.evaluateParallel(ForEachOps.java:174)
	at java.util.stream.AbstractPipeline.evaluate(AbstractPipeline.java:233)
	at java.util.stream.ReferencePipeline.forEach(ReferencePipeline.java:418)
	at java.util.stream.ReferencePipeline$Head.forEach(ReferencePipeline.java:583)
	at org.apache.hadoop.utils.BackgroundService$PeriodicalTask.run(BackgroundService.java:125)
	at java.util.concurrent.Executors$RunnableAdapter.call(Executors.java:511)
	at java.util.concurrent.FutureTask.runAndReset(FutureTask.java:308)
	at java.util.concurrent.ScheduledThreadPoolExecutor$ScheduledFutureTask.access$301(ScheduledThreadPoolExecutor.java:180)
	at java.util.concurrent.ScheduledThreadPoolExecutor$ScheduledFutureTask.run(ScheduledThreadPoolExecutor.java:294)
	at java.util.concurrent.ThreadPoolExecutor.runWorker(ThreadPoolExecutor.java:1149)
	at java.util.concurrent.ThreadPoolExecutor$Worker.run(ThreadPoolExecutor.java:624)
	at java.lang.Thread.run(Thread.java:748)
Caused by: org.apache.hadoop.hdds.scm.container.common.helpers.StorageContainerException: Error opening DB. Container:3 ContainerPath:/opt/src/hadoop-ozone/integration-test/target/test-dir/MiniOzoneClusterImpl-43bfb4d4-2269-420d-a125-23ae713bb82d/datanode-0/data/containers/hdds/fcb9d5d5-7702-414d-85b0-d4d64dd4d07a/current/containerDir0/3/metadata/3-dn-container.db
	at org.apache.hadoop.ozone.container.keyvalue.helpers.BlockUtils.getDB(BlockUtils.java:84)
	at org.apache.hadoop.ozone.container.keyvalue.statemachine.background.BlockDeletingService$BlockDeletingTask.call(BlockDeletingService.java:188)
	at org.apache.hadoop.ozone.container.keyvalue.statemachine.background.BlockDeletingService$BlockDeletingTask.call(BlockDeletingService.java:172)
	at java.util.concurrent.FutureTask.run(FutureTask.java:266)
	at java.util.concurrent.Executors$RunnableAdapter.call(Executors.java:511)
	at java.util.concurrent.FutureTask.run(FutureTask.java:266)
	at java.util.concurrent.Executors$RunnableAdapter.call(Executors.java:511)
	at java.util.concurrent.FutureTask.run(FutureTask.java:266)
	at java.util.concurrent.ScheduledThreadPoolExecutor$ScheduledFutureTask.access$201(ScheduledThreadPoolExecutor.java:180)
	at java.util.concurrent.ScheduledThreadPoolExecutor$ScheduledFutureTask.run(ScheduledThreadPoolExecutor.java:293)
	... 3 more
2019-06-14 12:59:47,475 WARN  utils.BackgroundService (BackgroundService.java:lambda$run$0(135)) - Background task fails to execute, retrying in next interval
java.util.concurrent.ExecutionException: org.apache.hadoop.hdds.scm.container.common.helpers.StorageContainerException: Error opening DB. Container:2 ContainerPath:/opt/src/hadoop-ozone/integration-test/target/test-dir/MiniOzoneClusterImpl-43bfb4d4-2269-420d-a125-23ae713bb82d/datanode-0/data/containers/hdds/fcb9d5d5-7702-414d-85b0-d4d64dd4d07a/current/containerDir0/2/metadata/2-dn-container.db
	at java.util.concurrent.FutureTask.report(FutureTask.java:122)
	at java.util.concurrent.FutureTask.get(FutureTask.java:206)
	at org.apache.hadoop.utils.BackgroundService$PeriodicalTask.lambda$run$0(BackgroundService.java:129)
	at java.util.stream.ForEachOps$ForEachOp$OfRef.accept(ForEachOps.java:184)
	at java.util.ArrayList$ArrayListSpliterator.forEachRemaining(ArrayList.java:1382)
	at java.util.stream.AbstractPipeline.copyInto(AbstractPipeline.java:482)
	at java.util.stream.ForEachOps$ForEachTask.compute(ForEachOps.java:291)
	at java.util.concurrent.CountedCompleter.exec(CountedCompleter.java:731)
	at java.util.concurrent.ForkJoinTask.doExec(ForkJoinTask.java:289)
	at java.util.concurrent.ForkJoinPool$WorkQueue.runTask(ForkJoinPool.java:1056)
	at java.util.concurrent.ForkJoinPool.runWorker(ForkJoinPool.java:1692)
	at java.util.concurrent.ForkJoinWorkerThread.run(ForkJoinWorkerThread.java:157)
Caused by: org.apache.hadoop.hdds.scm.container.common.helpers.StorageContainerException: Error opening DB. Container:2 ContainerPath:/opt/src/hadoop-ozone/integration-test/target/test-dir/MiniOzoneClusterImpl-43bfb4d4-2269-420d-a125-23ae713bb82d/datanode-0/data/containers/hdds/fcb9d5d5-7702-414d-85b0-d4d64dd4d07a/current/containerDir0/2/metadata/2-dn-container.db
	at org.apache.hadoop.ozone.container.keyvalue.helpers.BlockUtils.getDB(BlockUtils.java:84)
	at org.apache.hadoop.ozone.container.keyvalue.statemachine.background.BlockDeletingService$BlockDeletingTask.call(BlockDeletingService.java:188)
	at org.apache.hadoop.ozone.container.keyvalue.statemachine.background.BlockDeletingService$BlockDeletingTask.call(BlockDeletingService.java:172)
	at java.util.concurrent.FutureTask.run(FutureTask.java:266)
	at java.util.concurrent.Executors$RunnableAdapter.call(Executors.java:511)
	at java.util.concurrent.FutureTask.run(FutureTask.java:266)
	at java.util.concurrent.Executors$RunnableAdapter.call(Executors.java:511)
	at java.util.concurrent.FutureTask.run(FutureTask.java:266)
	at java.util.concurrent.ScheduledThreadPoolExecutor$ScheduledFutureTask.access$201(ScheduledThreadPoolExecutor.java:180)
	at java.util.concurrent.ScheduledThreadPoolExecutor$ScheduledFutureTask.run(ScheduledThreadPoolExecutor.java:293)
	at java.util.concurrent.ThreadPoolExecutor.runWorker(ThreadPoolExecutor.java:1149)
	at java.util.concurrent.ThreadPoolExecutor$Worker.run(ThreadPoolExecutor.java:624)
	at java.lang.Thread.run(Thread.java:748)
2019-06-14 12:59:48,352 INFO  ozone.MiniOzoneClusterImpl (MiniOzoneClusterImpl.java:lambda$waitForClusterToBeReady$0(142)) - Waiting for cluster to be ready. Got 0 of 1 DN Heartbeats.
2019-06-14 12:59:48,476 INFO  background.BlockDeletingService (BlockDeletingService.java:getTasks(123)) - Plan to choose 10 containers for block deletion, actually returns 5 valid containers.
2019-06-14 12:59:48,476 ERROR utils.ContainerCache (ContainerCache.java:getDB(137)) - Error opening DB. Container:1 ContainerPath:/opt/src/hadoop-ozone/integration-test/target/test-dir/MiniOzoneClusterImpl-43bfb4d4-2269-420d-a125-23ae713bb82d/datanode-0/data/containers/hdds/fcb9d5d5-7702-414d-85b0-d4d64dd4d07a/current/containerDir0/1/metadata/1-dn-container.db
java.io.IOException: Failed init RocksDB, db path : /opt/src/hadoop-ozone/integration-test/target/test-dir/MiniOzoneClusterImpl-43bfb4d4-2269-420d-a125-23ae713bb82d/datanode-0/data/containers/hdds/fcb9d5d5-7702-414d-85b0-d4d64dd4d07a/current/containerDir0/1/metadata/1-dn-container.db
	at org.apache.hadoop.utils.RocksDBStore.<init>(RocksDBStore.java:87)
	at org.apache.hadoop.utils.MetadataStoreBuilder.build(MetadataStoreBuilder.java:137)
	at org.apache.hadoop.ozone.container.common.utils.ContainerCache.getDB(ContainerCache.java:129)
	at org.apache.hadoop.ozone.container.keyvalue.helpers.BlockUtils.getDB(BlockUtils.java:77)
	at org.apache.hadoop.ozone.container.keyvalue.statemachine.background.BlockDeletingService$BlockDeletingTask.call(BlockDeletingService.java:188)
	at org.apache.hadoop.ozone.container.keyvalue.statemachine.background.BlockDeletingService$BlockDeletingTask.call(BlockDeletingService.java:172)
	at java.util.concurrent.FutureTask.run(FutureTask.java:266)
	at java.util.concurrent.Executors$RunnableAdapter.call(Executors.java:511)
	at java.util.concurrent.FutureTask.run(FutureTask.java:266)
	at java.util.concurrent.Executors$RunnableAdapter.call(Executors.java:511)
	at java.util.concurrent.FutureTask.run(FutureTask.java:266)
	at java.util.concurrent.ScheduledThreadPoolExecutor$ScheduledFutureTask.access$201(ScheduledThreadPoolExecutor.java:180)
	at java.util.concurrent.ScheduledThreadPoolExecutor$ScheduledFutureTask.run(ScheduledThreadPoolExecutor.java:293)
	at java.util.concurrent.ThreadPoolExecutor.runWorker(ThreadPoolExecutor.java:1149)
	at java.util.concurrent.ThreadPoolExecutor$Worker.run(ThreadPoolExecutor.java:624)
	at java.lang.Thread.run(Thread.java:748)
Caused by: org.rocksdb.RocksDBException: While mkdir if missing: /opt/src/hadoop-ozone/integration-test/target/test-dir/MiniOzoneClusterImpl-43bfb4d4-2269-420d-a125-23ae713bb82d/datanode-0/data/containers/hdds/fcb9d5d5-7702-414d-85b0-d4d64dd4d07a/current/containerDir0/1/metadata/1-dn-container.db: No such file or directory
	at org.rocksdb.RocksDB.open(Native Method)
	at org.rocksdb.RocksDB.open(RocksDB.java:231)
	at org.apache.hadoop.utils.RocksDBStore.<init>(RocksDBStore.java:71)
	... 15 more
2019-06-14 12:59:48,476 ERROR utils.ContainerCache (ContainerCache.java:getDB(137)) - Error opening DB. Container:5 ContainerPath:/opt/src/hadoop-ozone/integration-test/target/test-dir/MiniOzoneClusterImpl-43bfb4d4-2269-420d-a125-23ae713bb82d/datanode-0/data/containers/hdds/fcb9d5d5-7702-414d-85b0-d4d64dd4d07a/current/containerDir0/5/metadata/5-dn-container.db
java.io.IOException: Failed init RocksDB, db path : /opt/src/hadoop-ozone/integration-test/target/test-dir/MiniOzoneClusterImpl-43bfb4d4-2269-420d-a125-23ae713bb82d/datanode-0/data/containers/hdds/fcb9d5d5-7702-414d-85b0-d4d64dd4d07a/current/containerDir0/5/metadata/5-dn-container.db
	at org.apache.hadoop.utils.RocksDBStore.<init>(RocksDBStore.java:87)
	at org.apache.hadoop.utils.MetadataStoreBuilder.build(MetadataStoreBuilder.java:137)
	at org.apache.hadoop.ozone.container.common.utils.ContainerCache.getDB(ContainerCache.java:129)
	at org.apache.hadoop.ozone.container.keyvalue.helpers.BlockUtils.getDB(BlockUtils.java:77)
	at org.apache.hadoop.ozone.container.keyvalue.statemachine.background.BlockDeletingService$BlockDeletingTask.call(BlockDeletingService.java:188)
	at org.apache.hadoop.ozone.container.keyvalue.statemachine.background.BlockDeletingService$BlockDeletingTask.call(BlockDeletingService.java:172)
	at java.util.concurrent.FutureTask.run(FutureTask.java:266)
	at java.util.concurrent.Executors$RunnableAdapter.call(Executors.java:511)
	at java.util.concurrent.FutureTask.run(FutureTask.java:266)
	at java.util.concurrent.Executors$RunnableAdapter.call(Executors.java:511)
	at java.util.concurrent.FutureTask.run(FutureTask.java:266)
	at java.util.concurrent.ScheduledThreadPoolExecutor$ScheduledFutureTask.access$201(ScheduledThreadPoolExecutor.java:180)
	at java.util.concurrent.ScheduledThreadPoolExecutor$ScheduledFutureTask.run(ScheduledThreadPoolExecutor.java:293)
	at java.util.concurrent.ThreadPoolExecutor.runWorker(ThreadPoolExecutor.java:1149)
	at java.util.concurrent.ThreadPoolExecutor$Worker.run(ThreadPoolExecutor.java:624)
	at java.lang.Thread.run(Thread.java:748)
Caused by: org.rocksdb.RocksDBException: While mkdir if missing: /opt/src/hadoop-ozone/integration-test/target/test-dir/MiniOzoneClusterImpl-43bfb4d4-2269-420d-a125-23ae713bb82d/datanode-0/data/containers/hdds/fcb9d5d5-7702-414d-85b0-d4d64dd4d07a/current/containerDir0/5/metadata/5-dn-container.db: No such file or directory
	at org.rocksdb.RocksDB.open(Native Method)
	at org.rocksdb.RocksDB.open(RocksDB.java:231)
	at org.apache.hadoop.utils.RocksDBStore.<init>(RocksDBStore.java:71)
	... 15 more
2019-06-14 12:59:48,477 WARN  utils.BackgroundService (BackgroundService.java:lambda$run$0(135)) - Background task fails to execute, retrying in next interval
java.util.concurrent.ExecutionException: org.apache.hadoop.hdds.scm.container.common.helpers.StorageContainerException: Error opening DB. Container:5 ContainerPath:/opt/src/hadoop-ozone/integration-test/target/test-dir/MiniOzoneClusterImpl-43bfb4d4-2269-420d-a125-23ae713bb82d/datanode-0/data/containers/hdds/fcb9d5d5-7702-414d-85b0-d4d64dd4d07a/current/containerDir0/5/metadata/5-dn-container.db
	at java.util.concurrent.FutureTask.report(FutureTask.java:122)
	at java.util.concurrent.FutureTask.get(FutureTask.java:206)
	at org.apache.hadoop.utils.BackgroundService$PeriodicalTask.lambda$run$0(BackgroundService.java:129)
	at java.util.stream.ForEachOps$ForEachOp$OfRef.accept(ForEachOps.java:184)
	at java.util.ArrayList$ArrayListSpliterator.forEachRemaining(ArrayList.java:1382)
	at java.util.stream.AbstractPipeline.copyInto(AbstractPipeline.java:482)
	at java.util.stream.ForEachOps$ForEachTask.compute(ForEachOps.java:291)
	at java.util.concurrent.CountedCompleter.exec(CountedCompleter.java:731)
	at java.util.concurrent.ForkJoinTask.doExec(ForkJoinTask.java:289)
	at java.util.concurrent.ForkJoinPool$WorkQueue.runTask(ForkJoinPool.java:1056)
	at java.util.concurrent.ForkJoinPool.runWorker(ForkJoinPool.java:1692)
	at java.util.concurrent.ForkJoinWorkerThread.run(ForkJoinWorkerThread.java:157)
Caused by: org.apache.hadoop.hdds.scm.container.common.helpers.StorageContainerException: Error opening DB. Container:5 ContainerPath:/opt/src/hadoop-ozone/integration-test/target/test-dir/MiniOzoneClusterImpl-43bfb4d4-2269-420d-a125-23ae713bb82d/datanode-0/data/containers/hdds/fcb9d5d5-7702-414d-85b0-d4d64dd4d07a/current/containerDir0/5/metadata/5-dn-container.db
	at org.apache.hadoop.ozone.container.keyvalue.helpers.BlockUtils.getDB(BlockUtils.java:84)
	at org.apache.hadoop.ozone.container.keyvalue.statemachine.background.BlockDeletingService$BlockDeletingTask.call(BlockDeletingService.java:188)
	at org.apache.hadoop.ozone.container.keyvalue.statemachine.background.BlockDeletingService$BlockDeletingTask.call(BlockDeletingService.java:172)
	at java.util.concurrent.FutureTask.run(FutureTask.java:266)
	at java.util.concurrent.Executors$RunnableAdapter.call(Executors.java:511)
	at java.util.concurrent.FutureTask.run(FutureTask.java:266)
	at java.util.concurrent.Executors$RunnableAdapter.call(Executors.java:511)
	at java.util.concurrent.FutureTask.run(FutureTask.java:266)
	at java.util.concurrent.ScheduledThreadPoolExecutor$ScheduledFutureTask.access$201(ScheduledThreadPoolExecutor.java:180)
	at java.util.concurrent.ScheduledThreadPoolExecutor$ScheduledFutureTask.run(ScheduledThreadPoolExecutor.java:293)
	at java.util.concurrent.ThreadPoolExecutor.runWorker(ThreadPoolExecutor.java:1149)
	at java.util.concurrent.ThreadPoolExecutor$Worker.run(ThreadPoolExecutor.java:624)
	at java.lang.Thread.run(Thread.java:748)
2019-06-14 12:59:48,477 ERROR utils.ContainerCache (ContainerCache.java:getDB(137)) - Error opening DB. Container:4 ContainerPath:/opt/src/hadoop-ozone/integration-test/target/test-dir/MiniOzoneClusterImpl-43bfb4d4-2269-420d-a125-23ae713bb82d/datanode-0/data/containers/hdds/fcb9d5d5-7702-414d-85b0-d4d64dd4d07a/current/containerDir0/4/metadata/4-dn-container.db
java.io.IOException: Failed init RocksDB, db path : /opt/src/hadoop-ozone/integration-test/target/test-dir/MiniOzoneClusterImpl-43bfb4d4-2269-420d-a125-23ae713bb82d/datanode-0/data/containers/hdds/fcb9d5d5-7702-414d-85b0-d4d64dd4d07a/current/containerDir0/4/metadata/4-dn-container.db
	at org.apache.hadoop.utils.RocksDBStore.<init>(RocksDBStore.java:87)
	at org.apache.hadoop.utils.MetadataStoreBuilder.build(MetadataStoreBuilder.java:137)
	at org.apache.hadoop.ozone.container.common.utils.ContainerCache.getDB(ContainerCache.java:129)
	at org.apache.hadoop.ozone.container.keyvalue.helpers.BlockUtils.getDB(BlockUtils.java:77)
	at org.apache.hadoop.ozone.container.keyvalue.statemachine.background.BlockDeletingService$BlockDeletingTask.call(BlockDeletingService.java:188)
	at org.apache.hadoop.ozone.container.keyvalue.statemachine.background.BlockDeletingService$BlockDeletingTask.call(BlockDeletingService.java:172)
	at java.util.concurrent.FutureTask.run(FutureTask.java:266)
	at java.util.concurrent.Executors$RunnableAdapter.call(Executors.java:511)
	at java.util.concurrent.FutureTask.run(FutureTask.java:266)
	at java.util.concurrent.Executors$RunnableAdapter.call(Executors.java:511)
	at java.util.concurrent.FutureTask.run(FutureTask.java:266)
	at java.util.concurrent.ScheduledThreadPoolExecutor$ScheduledFutureTask.access$201(ScheduledThreadPoolExecutor.java:180)
	at java.util.concurrent.ScheduledThreadPoolExecutor$ScheduledFutureTask.run(ScheduledThreadPoolExecutor.java:293)
	at java.util.concurrent.ThreadPoolExecutor.runWorker(ThreadPoolExecutor.java:1149)
	at java.util.concurrent.ThreadPoolExecutor$Worker.run(ThreadPoolExecutor.java:624)
	at java.lang.Thread.run(Thread.java:748)
Caused by: org.rocksdb.RocksDBException: While mkdir if missing: /opt/src/hadoop-ozone/integration-test/target/test-dir/MiniOzoneClusterImpl-43bfb4d4-2269-420d-a125-23ae713bb82d/datanode-0/data/containers/hdds/fcb9d5d5-7702-414d-85b0-d4d64dd4d07a/current/containerDir0/4/metadata/4-dn-container.db: No such file or directory
	at org.rocksdb.RocksDB.open(Native Method)
	at org.rocksdb.RocksDB.open(RocksDB.java:231)
	at org.apache.hadoop.utils.RocksDBStore.<init>(RocksDBStore.java:71)
	... 15 more
2019-06-14 12:59:48,477 WARN  utils.BackgroundService (BackgroundService.java:lambda$run$0(135)) - Background task fails to execute, retrying in next interval
java.util.concurrent.ExecutionException: org.apache.hadoop.hdds.scm.container.common.helpers.StorageContainerException: Error opening DB. Container:1 ContainerPath:/opt/src/hadoop-ozone/integration-test/target/test-dir/MiniOzoneClusterImpl-43bfb4d4-2269-420d-a125-23ae713bb82d/datanode-0/data/containers/hdds/fcb9d5d5-7702-414d-85b0-d4d64dd4d07a/current/containerDir0/1/metadata/1-dn-container.db
	at java.util.concurrent.FutureTask.report(FutureTask.java:122)
	at java.util.concurrent.FutureTask.get(FutureTask.java:206)
	at org.apache.hadoop.utils.BackgroundService$PeriodicalTask.lambda$run$0(BackgroundService.java:129)
	at java.util.stream.ForEachOps$ForEachOp$OfRef.accept(ForEachOps.java:184)
	at java.util.ArrayList$ArrayListSpliterator.forEachRemaining(ArrayList.java:1382)
	at java.util.stream.AbstractPipeline.copyInto(AbstractPipeline.java:482)
	at java.util.stream.ForEachOps$ForEachTask.compute(ForEachOps.java:291)
	at java.util.concurrent.CountedCompleter.exec(CountedCompleter.java:731)
	at java.util.concurrent.ForkJoinTask.doExec(ForkJoinTask.java:289)
	at java.util.concurrent.ForkJoinPool$WorkQueue.execLocalTasks(ForkJoinPool.java:1040)
	at java.util.concurrent.ForkJoinPool$WorkQueue.runTask(ForkJoinPool.java:1058)
	at java.util.concurrent.ForkJoinPool.runWorker(ForkJoinPool.java:1692)
	at java.util.concurrent.ForkJoinWorkerThread.run(ForkJoinWorkerThread.java:157)
Caused by: org.apache.hadoop.hdds.scm.container.common.helpers.StorageContainerException: Error opening DB. Container:1 ContainerPath:/opt/src/hadoop-ozone/integration-test/target/test-dir/MiniOzoneClusterImpl-43bfb4d4-2269-420d-a125-23ae713bb82d/datanode-0/data/containers/hdds/fcb9d5d5-7702-414d-85b0-d4d64dd4d07a/current/containerDir0/1/metadata/1-dn-container.db
	at org.apache.hadoop.ozone.container.keyvalue.helpers.BlockUtils.getDB(BlockUtils.java:84)
	at org.apache.hadoop.ozone.container.keyvalue.statemachine.background.BlockDeletingService$BlockDeletingTask.call(BlockDeletingService.java:188)
	at org.apache.hadoop.ozone.container.keyvalue.statemachine.background.BlockDeletingService$BlockDeletingTask.call(BlockDeletingService.java:172)
	at java.util.concurrent.FutureTask.run(FutureTask.java:266)
	at java.util.concurrent.Executors$RunnableAdapter.call(Executors.java:511)
	at java.util.concurrent.FutureTask.run(FutureTask.java:266)
	at java.util.concurrent.Executors$RunnableAdapter.call(Executors.java:511)
	at java.util.concurrent.FutureTask.run(FutureTask.java:266)
	at java.util.concurrent.ScheduledThreadPoolExecutor$ScheduledFutureTask.access$201(ScheduledThreadPoolExecutor.java:180)
	at java.util.concurrent.ScheduledThreadPoolExecutor$ScheduledFutureTask.run(ScheduledThreadPoolExecutor.java:293)
	at java.util.concurrent.ThreadPoolExecutor.runWorker(ThreadPoolExecutor.java:1149)
	at java.util.concurrent.ThreadPoolExecutor$Worker.run(ThreadPoolExecutor.java:624)
	at java.lang.Thread.run(Thread.java:748)
2019-06-14 12:59:48,477 ERROR utils.ContainerCache (ContainerCache.java:getDB(137)) - Error opening DB. Container:3 ContainerPath:/opt/src/hadoop-ozone/integration-test/target/test-dir/MiniOzoneClusterImpl-43bfb4d4-2269-420d-a125-23ae713bb82d/datanode-0/data/containers/hdds/fcb9d5d5-7702-414d-85b0-d4d64dd4d07a/current/containerDir0/3/metadata/3-dn-container.db
java.io.IOException: Failed init RocksDB, db path : /opt/src/hadoop-ozone/integration-test/target/test-dir/MiniOzoneClusterImpl-43bfb4d4-2269-420d-a125-23ae713bb82d/datanode-0/data/containers/hdds/fcb9d5d5-7702-414d-85b0-d4d64dd4d07a/current/containerDir0/3/metadata/3-dn-container.db
	at org.apache.hadoop.utils.RocksDBStore.<init>(RocksDBStore.java:87)
	at org.apache.hadoop.utils.MetadataStoreBuilder.build(MetadataStoreBuilder.java:137)
	at org.apache.hadoop.ozone.container.common.utils.ContainerCache.getDB(ContainerCache.java:129)
	at org.apache.hadoop.ozone.container.keyvalue.helpers.BlockUtils.getDB(BlockUtils.java:77)
	at org.apache.hadoop.ozone.container.keyvalue.statemachine.background.BlockDeletingService$BlockDeletingTask.call(BlockDeletingService.java:188)
	at org.apache.hadoop.ozone.container.keyvalue.statemachine.background.BlockDeletingService$BlockDeletingTask.call(BlockDeletingService.java:172)
	at java.util.concurrent.FutureTask.run(FutureTask.java:266)
	at java.util.concurrent.Executors$RunnableAdapter.call(Executors.java:511)
	at java.util.concurrent.FutureTask.run(FutureTask.java:266)
	at java.util.concurrent.Executors$RunnableAdapter.call(Executors.java:511)
	at java.util.concurrent.FutureTask.run(FutureTask.java:266)
	at java.util.concurrent.ScheduledThreadPoolExecutor$ScheduledFutureTask.access$201(ScheduledThreadPoolExecutor.java:180)
	at java.util.concurrent.ScheduledThreadPoolExecutor$ScheduledFutureTask.run(ScheduledThreadPoolExecutor.java:293)
	at java.util.concurrent.ThreadPoolExecutor.runWorker(ThreadPoolExecutor.java:1149)
	at java.util.concurrent.ThreadPoolExecutor$Worker.run(ThreadPoolExecutor.java:624)
	at java.lang.Thread.run(Thread.java:748)
Caused by: org.rocksdb.RocksDBException: While mkdir if missing: /opt/src/hadoop-ozone/integration-test/target/test-dir/MiniOzoneClusterImpl-43bfb4d4-2269-420d-a125-23ae713bb82d/datanode-0/data/containers/hdds/fcb9d5d5-7702-414d-85b0-d4d64dd4d07a/current/containerDir0/3/metadata/3-dn-container.db: No such file or directory
	at org.rocksdb.RocksDB.open(Native Method)
	at org.rocksdb.RocksDB.open(RocksDB.java:231)
	at org.apache.hadoop.utils.RocksDBStore.<init>(RocksDBStore.java:71)
	... 15 more
2019-06-14 12:59:48,477 WARN  utils.BackgroundService (BackgroundService.java:lambda$run$0(135)) - Background task fails to execute, retrying in next interval
java.util.concurrent.ExecutionException: org.apache.hadoop.hdds.scm.container.common.helpers.StorageContainerException: Error opening DB. Container:4 ContainerPath:/opt/src/hadoop-ozone/integration-test/target/test-dir/MiniOzoneClusterImpl-43bfb4d4-2269-420d-a125-23ae713bb82d/datanode-0/data/containers/hdds/fcb9d5d5-7702-414d-85b0-d4d64dd4d07a/current/containerDir0/4/metadata/4-dn-container.db
	at java.util.concurrent.FutureTask.report(FutureTask.java:122)
	at java.util.concurrent.FutureTask.get(FutureTask.java:206)
	at org.apache.hadoop.utils.BackgroundService$PeriodicalTask.lambda$run$0(BackgroundService.java:129)
	at java.util.stream.ForEachOps$ForEachOp$OfRef.accept(ForEachOps.java:184)
	at java.util.ArrayList$ArrayListSpliterator.forEachRemaining(ArrayList.java:1382)
	at java.util.stream.AbstractPipeline.copyInto(AbstractPipeline.java:482)
	at java.util.stream.ForEachOps$ForEachTask.compute(ForEachOps.java:291)
	at java.util.concurrent.CountedCompleter.exec(CountedCompleter.java:731)
	at java.util.concurrent.ForkJoinTask.doExec(ForkJoinTask.java:289)
	at java.util.concurrent.ForkJoinTask.doInvoke(ForkJoinTask.java:401)
	at java.util.concurrent.ForkJoinTask.invoke(ForkJoinTask.java:734)
	at java.util.stream.ForEachOps$ForEachOp.evaluateParallel(ForEachOps.java:160)
	at java.util.stream.ForEachOps$ForEachOp$OfRef.evaluateParallel(ForEachOps.java:174)
	at java.util.stream.AbstractPipeline.evaluate(AbstractPipeline.java:233)
	at java.util.stream.ReferencePipeline.forEach(ReferencePipeline.java:418)
	at java.util.stream.ReferencePipeline$Head.forEach(ReferencePipeline.java:583)
	at org.apache.hadoop.utils.BackgroundService$PeriodicalTask.run(BackgroundService.java:125)
	at java.util.concurrent.Executors$RunnableAdapter.call(Executors.java:511)
	at java.util.concurrent.FutureTask.runAndReset(FutureTask.java:308)
	at java.util.concurrent.ScheduledThreadPoolExecutor$ScheduledFutureTask.access$301(ScheduledThreadPoolExecutor.java:180)
	at java.util.concurrent.ScheduledThreadPoolExecutor$ScheduledFutureTask.run(ScheduledThreadPoolExecutor.java:294)
	at java.util.concurrent.ThreadPoolExecutor.runWorker(ThreadPoolExecutor.java:1149)
	at java.util.concurrent.ThreadPoolExecutor$Worker.run(ThreadPoolExecutor.java:624)
	at java.lang.Thread.run(Thread.java:748)
Caused by: org.apache.hadoop.hdds.scm.container.common.helpers.StorageContainerException: Error opening DB. Container:4 ContainerPath:/opt/src/hadoop-ozone/integration-test/target/test-dir/MiniOzoneClusterImpl-43bfb4d4-2269-420d-a125-23ae713bb82d/datanode-0/data/containers/hdds/fcb9d5d5-7702-414d-85b0-d4d64dd4d07a/current/containerDir0/4/metadata/4-dn-container.db
	at org.apache.hadoop.ozone.container.keyvalue.helpers.BlockUtils.getDB(BlockUtils.java:84)
	at org.apache.hadoop.ozone.container.keyvalue.statemachine.background.BlockDeletingService$BlockDeletingTask.call(BlockDeletingService.java:188)
	at org.apache.hadoop.ozone.container.keyvalue.statemachine.background.BlockDeletingService$BlockDeletingTask.call(BlockDeletingService.java:172)
	at java.util.concurrent.FutureTask.run(FutureTask.java:266)
	at java.util.concurrent.Executors$RunnableAdapter.call(Executors.java:511)
	at java.util.concurrent.FutureTask.run(FutureTask.java:266)
	at java.util.concurrent.Executors$RunnableAdapter.call(Executors.java:511)
	at java.util.concurrent.FutureTask.run(FutureTask.java:266)
	at java.util.concurrent.ScheduledThreadPoolExecutor$ScheduledFutureTask.access$201(ScheduledThreadPoolExecutor.java:180)
	at java.util.concurrent.ScheduledThreadPoolExecutor$ScheduledFutureTask.run(ScheduledThreadPoolExecutor.java:293)
	... 3 more
2019-06-14 12:59:48,478 ERROR utils.ContainerCache (ContainerCache.java:getDB(137)) - Error opening DB. Container:2 ContainerPath:/opt/src/hadoop-ozone/integration-test/target/test-dir/MiniOzoneClusterImpl-43bfb4d4-2269-420d-a125-23ae713bb82d/datanode-0/data/containers/hdds/fcb9d5d5-7702-414d-85b0-d4d64dd4d07a/current/containerDir0/2/metadata/2-dn-container.db
java.io.IOException: Failed init RocksDB, db path : /opt/src/hadoop-ozone/integration-test/target/test-dir/MiniOzoneClusterImpl-43bfb4d4-2269-420d-a125-23ae713bb82d/datanode-0/data/containers/hdds/fcb9d5d5-7702-414d-85b0-d4d64dd4d07a/current/containerDir0/2/metadata/2-dn-container.db
	at org.apache.hadoop.utils.RocksDBStore.<init>(RocksDBStore.java:87)
	at org.apache.hadoop.utils.MetadataStoreBuilder.build(MetadataStoreBuilder.java:137)
	at org.apache.hadoop.ozone.container.common.utils.ContainerCache.getDB(ContainerCache.java:129)
	at org.apache.hadoop.ozone.container.keyvalue.helpers.BlockUtils.getDB(BlockUtils.java:77)
	at org.apache.hadoop.ozone.container.keyvalue.statemachine.background.BlockDeletingService$BlockDeletingTask.call(BlockDeletingService.java:188)
	at org.apache.hadoop.ozone.container.keyvalue.statemachine.background.BlockDeletingService$BlockDeletingTask.call(BlockDeletingService.java:172)
	at java.util.concurrent.FutureTask.run(FutureTask.java:266)
	at java.util.concurrent.Executors$RunnableAdapter.call(Executors.java:511)
	at java.util.concurrent.FutureTask.run(FutureTask.java:266)
	at java.util.concurrent.Executors$RunnableAdapter.call(Executors.java:511)
	at java.util.concurrent.FutureTask.run(FutureTask.java:266)
	at java.util.concurrent.ScheduledThreadPoolExecutor$ScheduledFutureTask.access$201(ScheduledThreadPoolExecutor.java:180)
	at java.util.concurrent.ScheduledThreadPoolExecutor$ScheduledFutureTask.run(ScheduledThreadPoolExecutor.java:293)
	at java.util.concurrent.ThreadPoolExecutor.runWorker(ThreadPoolExecutor.java:1149)
	at java.util.concurrent.ThreadPoolExecutor$Worker.run(ThreadPoolExecutor.java:624)
	at java.lang.Thread.run(Thread.java:748)
Caused by: org.rocksdb.RocksDBException: While mkdir if missing: /opt/src/hadoop-ozone/integration-test/target/test-dir/MiniOzoneClusterImpl-43bfb4d4-2269-420d-a125-23ae713bb82d/datanode-0/data/containers/hdds/fcb9d5d5-7702-414d-85b0-d4d64dd4d07a/current/containerDir0/2/metadata/2-dn-container.db: No such file or directory
	at org.rocksdb.RocksDB.open(Native Method)
	at org.rocksdb.RocksDB.open(RocksDB.java:231)
	at org.apache.hadoop.utils.RocksDBStore.<init>(RocksDBStore.java:71)
	... 15 more
2019-06-14 12:59:48,478 WARN  utils.BackgroundService (BackgroundService.java:lambda$run$0(135)) - Background task fails to execute, retrying in next interval
java.util.concurrent.ExecutionException: org.apache.hadoop.hdds.scm.container.common.helpers.StorageContainerException: Error opening DB. Container:3 ContainerPath:/opt/src/hadoop-ozone/integration-test/target/test-dir/MiniOzoneClusterImpl-43bfb4d4-2269-420d-a125-23ae713bb82d/datanode-0/data/containers/hdds/fcb9d5d5-7702-414d-85b0-d4d64dd4d07a/current/containerDir0/3/metadata/3-dn-container.db
	at java.util.concurrent.FutureTask.report(FutureTask.java:122)
	at java.util.concurrent.FutureTask.get(FutureTask.java:206)
	at org.apache.hadoop.utils.BackgroundService$PeriodicalTask.lambda$run$0(BackgroundService.java:129)
	at java.util.stream.ForEachOps$ForEachOp$OfRef.accept(ForEachOps.java:184)
	at java.util.ArrayList$ArrayListSpliterator.forEachRemaining(ArrayList.java:1382)
	at java.util.stream.AbstractPipeline.copyInto(AbstractPipeline.java:482)
	at java.util.stream.ForEachOps$ForEachTask.compute(ForEachOps.java:291)
	at java.util.concurrent.CountedCompleter.exec(CountedCompleter.java:731)
	at java.util.concurrent.ForkJoinTask.doExec(ForkJoinTask.java:289)
	at java.util.concurrent.ForkJoinPool$WorkQueue.pollAndExecCC(ForkJoinPool.java:1190)
	at java.util.concurrent.ForkJoinPool.helpComplete(ForkJoinPool.java:1879)
	at java.util.concurrent.ForkJoinPool.externalHelpComplete(ForkJoinPool.java:2467)
	at java.util.concurrent.ForkJoinTask.externalAwaitDone(ForkJoinTask.java:324)
	at java.util.concurrent.ForkJoinTask.doInvoke(ForkJoinTask.java:405)
	at java.util.concurrent.ForkJoinTask.invoke(ForkJoinTask.java:734)
	at java.util.stream.ForEachOps$ForEachOp.evaluateParallel(ForEachOps.java:160)
	at java.util.stream.ForEachOps$ForEachOp$OfRef.evaluateParallel(ForEachOps.java:174)
	at java.util.stream.AbstractPipeline.evaluate(AbstractPipeline.java:233)
	at java.util.stream.ReferencePipeline.forEach(ReferencePipeline.java:418)
	at java.util.stream.ReferencePipeline$Head.forEach(ReferencePipeline.java:583)
	at org.apache.hadoop.utils.BackgroundService$PeriodicalTask.run(BackgroundService.java:125)
	at java.util.concurrent.Executors$RunnableAdapter.call(Executors.java:511)
	at java.util.concurrent.FutureTask.runAndReset(FutureTask.java:308)
	at java.util.concurrent.ScheduledThreadPoolExecutor$ScheduledFutureTask.access$301(ScheduledThreadPoolExecutor.java:180)
	at java.util.concurrent.ScheduledThreadPoolExecutor$ScheduledFutureTask.run(ScheduledThreadPoolExecutor.java:294)
	at java.util.concurrent.ThreadPoolExecutor.runWorker(ThreadPoolExecutor.java:1149)
	at java.util.concurrent.ThreadPoolExecutor$Worker.run(ThreadPoolExecutor.java:624)
	at java.lang.Thread.run(Thread.java:748)
Caused by: org.apache.hadoop.hdds.scm.container.common.helpers.StorageContainerException: Error opening DB. Container:3 ContainerPath:/opt/src/hadoop-ozone/integration-test/target/test-dir/MiniOzoneClusterImpl-43bfb4d4-2269-420d-a125-23ae713bb82d/datanode-0/data/containers/hdds/fcb9d5d5-7702-414d-85b0-d4d64dd4d07a/current/containerDir0/3/metadata/3-dn-container.db
	at org.apache.hadoop.ozone.container.keyvalue.helpers.BlockUtils.getDB(BlockUtils.java:84)
	at org.apache.hadoop.ozone.container.keyvalue.statemachine.background.BlockDeletingService$BlockDeletingTask.call(BlockDeletingService.java:188)
	at org.apache.hadoop.ozone.container.keyvalue.statemachine.background.BlockDeletingService$BlockDeletingTask.call(BlockDeletingService.java:172)
	at java.util.concurrent.FutureTask.run(FutureTask.java:266)
	at java.util.concurrent.Executors$RunnableAdapter.call(Executors.java:511)
	at java.util.concurrent.FutureTask.run(FutureTask.java:266)
	at java.util.concurrent.Executors$RunnableAdapter.call(Executors.java:511)
	at java.util.concurrent.FutureTask.run(FutureTask.java:266)
	at java.util.concurrent.ScheduledThreadPoolExecutor$ScheduledFutureTask.access$201(ScheduledThreadPoolExecutor.java:180)
	at java.util.concurrent.ScheduledThreadPoolExecutor$ScheduledFutureTask.run(ScheduledThreadPoolExecutor.java:293)
	... 3 more
2019-06-14 12:59:48,478 WARN  utils.BackgroundService (BackgroundService.java:lambda$run$0(135)) - Background task fails to execute, retrying in next interval
java.util.concurrent.ExecutionException: org.apache.hadoop.hdds.scm.container.common.helpers.StorageContainerException: Error opening DB. Container:2 ContainerPath:/opt/src/hadoop-ozone/integration-test/target/test-dir/MiniOzoneClusterImpl-43bfb4d4-2269-420d-a125-23ae713bb82d/datanode-0/data/containers/hdds/fcb9d5d5-7702-414d-85b0-d4d64dd4d07a/current/containerDir0/2/metadata/2-dn-container.db
	at java.util.concurrent.FutureTask.report(FutureTask.java:122)
	at java.util.concurrent.FutureTask.get(FutureTask.java:206)
	at org.apache.hadoop.utils.BackgroundService$PeriodicalTask.lambda$run$0(BackgroundService.java:129)
	at java.util.stream.ForEachOps$ForEachOp$OfRef.accept(ForEachOps.java:184)
	at java.util.ArrayList$ArrayListSpliterator.forEachRemaining(ArrayList.java:1382)
	at java.util.stream.AbstractPipeline.copyInto(AbstractPipeline.java:482)
	at java.util.stream.ForEachOps$ForEachTask.compute(ForEachOps.java:291)
	at java.util.concurrent.CountedCompleter.exec(CountedCompleter.java:731)
	at java.util.concurrent.ForkJoinTask.doExec(ForkJoinTask.java:289)
	at java.util.concurrent.ForkJoinPool$WorkQueue.runTask(ForkJoinPool.java:1056)
	at java.util.concurrent.ForkJoinPool.runWorker(ForkJoinPool.java:1692)
	at java.util.concurrent.ForkJoinWorkerThread.run(ForkJoinWorkerThread.java:157)
Caused by: org.apache.hadoop.hdds.scm.container.common.helpers.StorageContainerException: Error opening DB. Container:2 ContainerPath:/opt/src/hadoop-ozone/integration-test/target/test-dir/MiniOzoneClusterImpl-43bfb4d4-2269-420d-a125-23ae713bb82d/datanode-0/data/containers/hdds/fcb9d5d5-7702-414d-85b0-d4d64dd4d07a/current/containerDir0/2/metadata/2-dn-container.db
	at org.apache.hadoop.ozone.container.keyvalue.helpers.BlockUtils.getDB(BlockUtils.java:84)
	at org.apache.hadoop.ozone.container.keyvalue.statemachine.background.BlockDeletingService$BlockDeletingTask.call(BlockDeletingService.java:188)
	at org.apache.hadoop.ozone.container.keyvalue.statemachine.background.BlockDeletingService$BlockDeletingTask.call(BlockDeletingService.java:172)
	at java.util.concurrent.FutureTask.run(FutureTask.java:266)
	at java.util.concurrent.Executors$RunnableAdapter.call(Executors.java:511)
	at java.util.concurrent.FutureTask.run(FutureTask.java:266)
	at java.util.concurrent.Executors$RunnableAdapter.call(Executors.java:511)
	at java.util.concurrent.FutureTask.run(FutureTask.java:266)
	at java.util.concurrent.ScheduledThreadPoolExecutor$ScheduledFutureTask.access$201(ScheduledThreadPoolExecutor.java:180)
	at java.util.concurrent.ScheduledThreadPoolExecutor$ScheduledFutureTask.run(ScheduledThreadPoolExecutor.java:293)
	at java.util.concurrent.ThreadPoolExecutor.runWorker(ThreadPoolExecutor.java:1149)
	at java.util.concurrent.ThreadPoolExecutor$Worker.run(ThreadPoolExecutor.java:624)
	at java.lang.Thread.run(Thread.java:748)
2019-06-14 12:59:49,352 INFO  ozone.MiniOzoneClusterImpl (MiniOzoneClusterImpl.java:lambda$waitForClusterToBeReady$0(142)) - Waiting for cluster to be ready. Got 0 of 1 DN Heartbeats.
2019-06-14 12:59:49,356 INFO  node.SCMNodeManager (SCMNodeManager.java:register(234)) - Registered Data node : a35df0c7-3247-46b8-87d1-e5b5a3d505e0{ip: 192.168.105.183, host: ozone-5z4sx-3769091767, networkLocation: /default-rack, certSerialId: null}
2019-06-14 12:59:49,358 INFO  safemode.SCMSafeModeManager (DataNodeSafeModeRule.java:process(71)) - SCM in safe mode. 1 DataNodes registered, 1 required.
2019-06-14 12:59:49,358 INFO  safemode.SCMSafeModeManager (SCMSafeModeManager.java:validateSafeModeExitRules(177)) - ScmSafeModeManager, all rules are successfully validated
2019-06-14 12:59:49,361 INFO  safemode.SCMSafeModeManager (SCMSafeModeManager.java:exitSafeMode(193)) - SCM exiting safe mode.
2019-06-14 12:59:49,373 INFO  impl.RaftServerProxy (RaftServerProxy.java:addNew(89)) - a35df0c7-3247-46b8-87d1-e5b5a3d505e0: addNew group-FAD3C00575A0:[a35df0c7-3247-46b8-87d1-e5b5a3d505e0:192.168.105.183:44905] returns group-FAD3C00575A0:java.util.concurrent.CompletableFuture@148ab5f5[Not completed]
2019-06-14 12:59:49,378 INFO  impl.RaftServerImpl (RaftServerImpl.java:<init>(91)) - a35df0c7-3247-46b8-87d1-e5b5a3d505e0: new RaftServerImpl for group-FAD3C00575A0:[a35df0c7-3247-46b8-87d1-e5b5a3d505e0:192.168.105.183:44905] with ContainerStateMachine:uninitialized
2019-06-14 12:59:49,378 INFO  server.RaftServerConfigKeys (ConfUtils.java:logGet(43)) - raft.server.rpc.timeout.min = 1s (custom)
2019-06-14 12:59:49,378 INFO  server.RaftServerConfigKeys (ConfUtils.java:logGet(43)) - raft.server.rpc.timeout.max = 1200ms (custom)
2019-06-14 12:59:49,379 INFO  server.RaftServerConfigKeys (ConfUtils.java:logGet(43)) - raft.server.rpcslowness.timeout = 120s (custom)
2019-06-14 12:59:49,379 INFO  server.RaftServerConfigKeys (ConfUtils.java:logGet(43)) - raft.server.log.appender.install.snapshot.enabled = true (default)
2019-06-14 12:59:49,379 INFO  impl.RaftServerImpl (ServerState.java:<init>(101)) - a35df0c7-3247-46b8-87d1-e5b5a3d505e0:group-FAD3C00575A0 ConfigurationManager, init=-1: [a35df0c7-3247-46b8-87d1-e5b5a3d505e0:192.168.105.183:44905], old=null, confs=<EMPTY_MAP>
2019-06-14 12:59:49,379 INFO  server.RaftServerConfigKeys (ConfUtils.java:logGet(43)) - raft.server.storage.dir = [/opt/src/hadoop-ozone/integration-test/target/test-dir/MiniOzoneClusterImpl-0985cc37-5ea6-4ebe-9f1d-59283efc4c70/datanode-0/data/ratis] (custom)
2019-06-14 12:59:49,379 INFO  storage.RaftStorageDirectory (RaftStorageDirectory.java:analyzeStorage(246)) - The storage directory /opt/src/hadoop-ozone/integration-test/target/test-dir/MiniOzoneClusterImpl-0985cc37-5ea6-4ebe-9f1d-59283efc4c70/datanode-0/data/ratis/dfcccf47-9939-4059-bff0-fad3c00575a0 does not exist. Creating ...
2019-06-14 12:59:49,381 INFO  storage.RaftStorageDirectory (RaftStorageDirectory.java:tryLock(328)) - Lock on /opt/src/hadoop-ozone/integration-test/target/test-dir/MiniOzoneClusterImpl-0985cc37-5ea6-4ebe-9f1d-59283efc4c70/datanode-0/data/ratis/dfcccf47-9939-4059-bff0-fad3c00575a0/in_use.lock acquired by nodename 28356@ozone-5z4sx-3769091767
2019-06-14 12:59:49,383 INFO  storage.RaftStorage (RaftStorage.java:format(75)) - Storage directory /opt/src/hadoop-ozone/integration-test/target/test-dir/MiniOzoneClusterImpl-0985cc37-5ea6-4ebe-9f1d-59283efc4c70/datanode-0/data/ratis/dfcccf47-9939-4059-bff0-fad3c00575a0 has been successfully formatted.
2019-06-14 12:59:49,384 INFO  ratis.ContainerStateMachine (ContainerStateMachine.java:loadSnapshot(199)) - The snapshot info is null.Setting the last applied index to:(t:0, i:~)
2019-06-14 12:59:49,384 INFO  server.RaftServerConfigKeys (ConfUtils.java:logGet(43)) - raft.server.leader.election.timeout = 120s (custom)
2019-06-14 12:59:49,384 INFO  server.RaftServerConfigKeys (ConfUtils.java:logGet(43)) - raft.server.log.use.memory = false (default)
2019-06-14 12:59:49,384 INFO  server.RaftServerConfigKeys (ConfUtils.java:logGet(43)) - raft.server.log.appender.buffer.byte-limit = 33554432 (custom)
2019-06-14 12:59:49,384 INFO  server.RaftServerConfigKeys (ConfUtils.java:logGet(43)) - raft.server.log.segment.size.max = 16384 (custom)
2019-06-14 12:59:49,384 INFO  server.RaftServerConfigKeys (ConfUtils.java:logGet(43)) - raft.server.log.segment.cache.num.max = 2 (custom)
2019-06-14 12:59:49,384 INFO  storage.RaftLogWorker (RaftLogWorker.java:<init>(123)) - new a35df0c7-3247-46b8-87d1-e5b5a3d505e0-RaftLogWorker for Storage Directory /opt/src/hadoop-ozone/integration-test/target/test-dir/MiniOzoneClusterImpl-0985cc37-5ea6-4ebe-9f1d-59283efc4c70/datanode-0/data/ratis/dfcccf47-9939-4059-bff0-fad3c00575a0
2019-06-14 12:59:49,384 INFO  server.RaftServerConfigKeys (ConfUtils.java:logGet(43)) - raft.server.log.queue.byte-limit = 2147483647 (custom)
2019-06-14 12:59:49,384 INFO  server.RaftServerConfigKeys (ConfUtils.java:logGet(43)) - raft.server.log.queue.element-limit = 1024 (custom)
2019-06-14 12:59:49,384 INFO  server.RaftServerConfigKeys (ConfUtils.java:logGet(43)) - raft.server.log.segment.size.max = 16384 (custom)
2019-06-14 12:59:49,384 INFO  server.RaftServerConfigKeys (ConfUtils.java:logGet(43)) - raft.server.log.preallocated.size = 16384 (custom)
2019-06-14 12:59:49,384 INFO  server.RaftServerConfigKeys (ConfUtils.java:logGet(43)) - raft.server.log.write.buffer.size = 33554432 (custom)
2019-06-14 12:59:49,384 INFO  server.RaftServerConfigKeys (ConfUtils.java:logGet(43)) - raft.server.log.force.sync.num = 128 (default)
2019-06-14 12:59:49,385 INFO  server.RaftServerConfigKeys (ConfUtils.java:logGet(43)) - raft.server.log.statemachine.data.sync = true (default)
2019-06-14 12:59:49,385 INFO  server.RaftServerConfigKeys (ConfUtils.java:logGet(43)) - raft.server.log.statemachine.data.sync.timeout = 10s (default)
2019-06-14 12:59:49,385 INFO  server.RaftServerConfigKeys (ConfUtils.java:logGet(43)) - raft.server.log.statemachine.data.sync.timeout.retry = -1 (default)
2019-06-14 12:59:49,385 INFO  server.RaftServerConfigKeys (ConfUtils.java:logGet(43)) - raft.server.log.statemachine.data.caching.enabled = true (custom)
2019-06-14 12:59:49,385 INFO  server.RaftServerConfigKeys (ConfUtils.java:logGet(43)) - raft.server.snapshot.auto.trigger.enabled = true (custom)
2019-06-14 12:59:49,385 INFO  server.RaftServerConfigKeys (ConfUtils.java:logGet(43)) - raft.server.snapshot.auto.trigger.threshold = 10000 (custom)
2019-06-14 12:59:49,385 INFO  server.RaftServerConfigKeys (ConfUtils.java:logGet(43)) - raft.server.retrycache.expirytime = 600000ms (custom)
2019-06-14 12:59:49,385 INFO  impl.RaftServerImpl (RaftServerImpl.java:start(173)) - a35df0c7-3247-46b8-87d1-e5b5a3d505e0: start group-FAD3C00575A0
2019-06-14 12:59:49,385 INFO  impl.RaftServerImpl (RaftServerImpl.java:setRole(164)) - a35df0c7-3247-46b8-87d1-e5b5a3d505e0:group-FAD3C00575A0 changes role from null to FOLLOWER at term 0 for startAsFollower
2019-06-14 12:59:49,386 INFO  impl.RoleInfo (RoleInfo.java:updateAndGet(143)) - a35df0c7-3247-46b8-87d1-e5b5a3d505e0: start FollowerState
2019-06-14 12:59:49,386 INFO  util.JmxRegister (JmxRegister.java:tryRegister(44)) - Successfully registered JMX Bean with object name Ratis:service=RaftServer,group=group-FAD3C00575A0,id=a35df0c7-3247-46b8-87d1-e5b5a3d505e0
2019-06-14 12:59:49,390 INFO  pipeline.PipelineStateManager (PipelineStateManager.java:addPipeline(56)) - Created pipeline Pipeline[ Id: dfcccf47-9939-4059-bff0-fad3c00575a0, Nodes: a35df0c7-3247-46b8-87d1-e5b5a3d505e0{ip: 192.168.105.183, host: ozone-5z4sx-3769091767, networkLocation: /default-rack, certSerialId: null}, Type:RATIS, Factor:ONE, State:OPEN]
2019-06-14 12:59:49,479 INFO  background.BlockDeletingService (BlockDeletingService.java:getTasks(123)) - Plan to choose 10 containers for block deletion, actually returns 5 valid containers.
2019-06-14 12:59:49,479 ERROR utils.ContainerCache (ContainerCache.java:getDB(137)) - Error opening DB. Container:1 ContainerPath:/opt/src/hadoop-ozone/integration-test/target/test-dir/MiniOzoneClusterImpl-43bfb4d4-2269-420d-a125-23ae713bb82d/datanode-0/data/containers/hdds/fcb9d5d5-7702-414d-85b0-d4d64dd4d07a/current/containerDir0/1/metadata/1-dn-container.db
java.io.IOException: Failed init RocksDB, db path : /opt/src/hadoop-ozone/integration-test/target/test-dir/MiniOzoneClusterImpl-43bfb4d4-2269-420d-a125-23ae713bb82d/datanode-0/data/containers/hdds/fcb9d5d5-7702-414d-85b0-d4d64dd4d07a/current/containerDir0/1/metadata/1-dn-container.db
	at org.apache.hadoop.utils.RocksDBStore.<init>(RocksDBStore.java:87)
	at org.apache.hadoop.utils.MetadataStoreBuilder.build(MetadataStoreBuilder.java:137)
	at org.apache.hadoop.ozone.container.common.utils.ContainerCache.getDB(ContainerCache.java:129)
	at org.apache.hadoop.ozone.container.keyvalue.helpers.BlockUtils.getDB(BlockUtils.java:77)
	at org.apache.hadoop.ozone.container.keyvalue.statemachine.background.BlockDeletingService$BlockDeletingTask.call(BlockDeletingService.java:188)
	at org.apache.hadoop.ozone.container.keyvalue.statemachine.background.BlockDeletingService$BlockDeletingTask.call(BlockDeletingService.java:172)
	at java.util.concurrent.FutureTask.run(FutureTask.java:266)
	at java.util.concurrent.Executors$RunnableAdapter.call(Executors.java:511)
	at java.util.concurrent.FutureTask.run(FutureTask.java:266)
	at java.util.concurrent.Executors$RunnableAdapter.call(Executors.java:511)
	at java.util.concurrent.FutureTask.run(FutureTask.java:266)
	at java.util.concurrent.ScheduledThreadPoolExecutor$ScheduledFutureTask.access$201(ScheduledThreadPoolExecutor.java:180)
	at java.util.concurrent.ScheduledThreadPoolExecutor$ScheduledFutureTask.run(ScheduledThreadPoolExecutor.java:293)
	at java.util.concurrent.ThreadPoolExecutor.runWorker(ThreadPoolExecutor.java:1149)
	at java.util.concurrent.ThreadPoolExecutor$Worker.run(ThreadPoolExecutor.java:624)
	at java.lang.Thread.run(Thread.java:748)
Caused by: org.rocksdb.RocksDBException: While mkdir if missing: /opt/src/hadoop-ozone/integration-test/target/test-dir/MiniOzoneClusterImpl-43bfb4d4-2269-420d-a125-23ae713bb82d/datanode-0/data/containers/hdds/fcb9d5d5-7702-414d-85b0-d4d64dd4d07a/current/containerDir0/1/metadata/1-dn-container.db: No such file or directory
	at org.rocksdb.RocksDB.open(Native Method)
	at org.rocksdb.RocksDB.open(RocksDB.java:231)
	at org.apache.hadoop.utils.RocksDBStore.<init>(RocksDBStore.java:71)
	... 15 more
2019-06-14 12:59:49,480 ERROR utils.ContainerCache (ContainerCache.java:getDB(137)) - Error opening DB. Container:5 ContainerPath:/opt/src/hadoop-ozone/integration-test/target/test-dir/MiniOzoneClusterImpl-43bfb4d4-2269-420d-a125-23ae713bb82d/datanode-0/data/containers/hdds/fcb9d5d5-7702-414d-85b0-d4d64dd4d07a/current/containerDir0/5/metadata/5-dn-container.db
java.io.IOException: Failed init RocksDB, db path : /opt/src/hadoop-ozone/integration-test/target/test-dir/MiniOzoneClusterImpl-43bfb4d4-2269-420d-a125-23ae713bb82d/datanode-0/data/containers/hdds/fcb9d5d5-7702-414d-85b0-d4d64dd4d07a/current/containerDir0/5/metadata/5-dn-container.db
	at org.apache.hadoop.utils.RocksDBStore.<init>(RocksDBStore.java:87)
	at org.apache.hadoop.utils.MetadataStoreBuilder.build(MetadataStoreBuilder.java:137)
	at org.apache.hadoop.ozone.container.common.utils.ContainerCache.getDB(ContainerCache.java:129)
	at org.apache.hadoop.ozone.container.keyvalue.helpers.BlockUtils.getDB(BlockUtils.java:77)
	at org.apache.hadoop.ozone.container.keyvalue.statemachine.background.BlockDeletingService$BlockDeletingTask.call(BlockDeletingService.java:188)
	at org.apache.hadoop.ozone.container.keyvalue.statemachine.background.BlockDeletingService$BlockDeletingTask.call(BlockDeletingService.java:172)
	at java.util.concurrent.FutureTask.run(FutureTask.java:266)
	at java.util.concurrent.Executors$RunnableAdapter.call(Executors.java:511)
	at java.util.concurrent.FutureTask.run(FutureTask.java:266)
	at java.util.concurrent.Executors$RunnableAdapter.call(Executors.java:511)
	at java.util.concurrent.FutureTask.run(FutureTask.java:266)
	at java.util.concurrent.ScheduledThreadPoolExecutor$ScheduledFutureTask.access$201(ScheduledThreadPoolExecutor.java:180)
	at java.util.concurrent.ScheduledThreadPoolExecutor$ScheduledFutureTask.run(ScheduledThreadPoolExecutor.java:293)
	at java.util.concurrent.ThreadPoolExecutor.runWorker(ThreadPoolExecutor.java:1149)
	at java.util.concurrent.ThreadPoolExecutor$Worker.run(ThreadPoolExecutor.java:624)
	at java.lang.Thread.run(Thread.java:748)
Caused by: org.rocksdb.RocksDBException: While mkdir if missing: /opt/src/hadoop-ozone/integration-test/target/test-dir/MiniOzoneClusterImpl-43bfb4d4-2269-420d-a125-23ae713bb82d/datanode-0/data/containers/hdds/fcb9d5d5-7702-414d-85b0-d4d64dd4d07a/current/containerDir0/5/metadata/5-dn-container.db: No such file or directory
	at org.rocksdb.RocksDB.open(Native Method)
	at org.rocksdb.RocksDB.open(RocksDB.java:231)
	at org.apache.hadoop.utils.RocksDBStore.<init>(RocksDBStore.java:71)
	... 15 more
2019-06-14 12:59:49,480 WARN  utils.BackgroundService (BackgroundService.java:lambda$run$0(135)) - Background task fails to execute, retrying in next interval
java.util.concurrent.ExecutionException: org.apache.hadoop.hdds.scm.container.common.helpers.StorageContainerException: Error opening DB. Container:5 ContainerPath:/opt/src/hadoop-ozone/integration-test/target/test-dir/MiniOzoneClusterImpl-43bfb4d4-2269-420d-a125-23ae713bb82d/datanode-0/data/containers/hdds/fcb9d5d5-7702-414d-85b0-d4d64dd4d07a/current/containerDir0/5/metadata/5-dn-container.db
	at java.util.concurrent.FutureTask.report(FutureTask.java:122)
	at java.util.concurrent.FutureTask.get(FutureTask.java:206)
	at org.apache.hadoop.utils.BackgroundService$PeriodicalTask.lambda$run$0(BackgroundService.java:129)
	at java.util.stream.ForEachOps$ForEachOp$OfRef.accept(ForEachOps.java:184)
	at java.util.ArrayList$ArrayListSpliterator.forEachRemaining(ArrayList.java:1382)
	at java.util.stream.AbstractPipeline.copyInto(AbstractPipeline.java:482)
	at java.util.stream.ForEachOps$ForEachTask.compute(ForEachOps.java:291)
	at java.util.concurrent.CountedCompleter.exec(CountedCompleter.java:731)
	at java.util.concurrent.ForkJoinTask.doExec(ForkJoinTask.java:289)
	at java.util.concurrent.ForkJoinPool$WorkQueue.runTask(ForkJoinPool.java:1056)
	at java.util.concurrent.ForkJoinPool.runWorker(ForkJoinPool.java:1692)
	at java.util.concurrent.ForkJoinWorkerThread.run(ForkJoinWorkerThread.java:157)
Caused by: org.apache.hadoop.hdds.scm.container.common.helpers.StorageContainerException: Error opening DB. Container:5 ContainerPath:/opt/src/hadoop-ozone/integration-test/target/test-dir/MiniOzoneClusterImpl-43bfb4d4-2269-420d-a125-23ae713bb82d/datanode-0/data/containers/hdds/fcb9d5d5-7702-414d-85b0-d4d64dd4d07a/current/containerDir0/5/metadata/5-dn-container.db
	at org.apache.hadoop.ozone.container.keyvalue.helpers.BlockUtils.getDB(BlockUtils.java:84)
	at org.apache.hadoop.ozone.container.keyvalue.statemachine.background.BlockDeletingService$BlockDeletingTask.call(BlockDeletingService.java:188)
	at org.apache.hadoop.ozone.container.keyvalue.statemachine.background.BlockDeletingService$BlockDeletingTask.call(BlockDeletingService.java:172)
	at java.util.concurrent.FutureTask.run(FutureTask.java:266)
	at java.util.concurrent.Executors$RunnableAdapter.call(Executors.java:511)
	at java.util.concurrent.FutureTask.run(FutureTask.java:266)
	at java.util.concurrent.Executors$RunnableAdapter.call(Executors.java:511)
	at java.util.concurrent.FutureTask.run(FutureTask.java:266)
	at java.util.concurrent.ScheduledThreadPoolExecutor$ScheduledFutureTask.access$201(ScheduledThreadPoolExecutor.java:180)
	at java.util.concurrent.ScheduledThreadPoolExecutor$ScheduledFutureTask.run(ScheduledThreadPoolExecutor.java:293)
	at java.util.concurrent.ThreadPoolExecutor.runWorker(ThreadPoolExecutor.java:1149)
	at java.util.concurrent.ThreadPoolExecutor$Worker.run(ThreadPoolExecutor.java:624)
	at java.lang.Thread.run(Thread.java:748)
2019-06-14 12:59:49,480 ERROR utils.ContainerCache (ContainerCache.java:getDB(137)) - Error opening DB. Container:4 ContainerPath:/opt/src/hadoop-ozone/integration-test/target/test-dir/MiniOzoneClusterImpl-43bfb4d4-2269-420d-a125-23ae713bb82d/datanode-0/data/containers/hdds/fcb9d5d5-7702-414d-85b0-d4d64dd4d07a/current/containerDir0/4/metadata/4-dn-container.db
java.io.IOException: Failed init RocksDB, db path : /opt/src/hadoop-ozone/integration-test/target/test-dir/MiniOzoneClusterImpl-43bfb4d4-2269-420d-a125-23ae713bb82d/datanode-0/data/containers/hdds/fcb9d5d5-7702-414d-85b0-d4d64dd4d07a/current/containerDir0/4/metadata/4-dn-container.db
	at org.apache.hadoop.utils.RocksDBStore.<init>(RocksDBStore.java:87)
	at org.apache.hadoop.utils.MetadataStoreBuilder.build(MetadataStoreBuilder.java:137)
	at org.apache.hadoop.ozone.container.common.utils.ContainerCache.getDB(ContainerCache.java:129)
	at org.apache.hadoop.ozone.container.keyvalue.helpers.BlockUtils.getDB(BlockUtils.java:77)
	at org.apache.hadoop.ozone.container.keyvalue.statemachine.background.BlockDeletingService$BlockDeletingTask.call(BlockDeletingService.java:188)
	at org.apache.hadoop.ozone.container.keyvalue.statemachine.background.BlockDeletingService$BlockDeletingTask.call(BlockDeletingService.java:172)
	at java.util.concurrent.FutureTask.run(FutureTask.java:266)
	at java.util.concurrent.Executors$RunnableAdapter.call(Executors.java:511)
	at java.util.concurrent.FutureTask.run(FutureTask.java:266)
	at java.util.concurrent.Executors$RunnableAdapter.call(Executors.java:511)
	at java.util.concurrent.FutureTask.run(FutureTask.java:266)
	at java.util.concurrent.ScheduledThreadPoolExecutor$ScheduledFutureTask.access$201(ScheduledThreadPoolExecutor.java:180)
	at java.util.concurrent.ScheduledThreadPoolExecutor$ScheduledFutureTask.run(ScheduledThreadPoolExecutor.java:293)
	at java.util.concurrent.ThreadPoolExecutor.runWorker(ThreadPoolExecutor.java:1149)
	at java.util.concurrent.ThreadPoolExecutor$Worker.run(ThreadPoolExecutor.java:624)
	at java.lang.Thread.run(Thread.java:748)
Caused by: org.rocksdb.RocksDBException: While mkdir if missing: /opt/src/hadoop-ozone/integration-test/target/test-dir/MiniOzoneClusterImpl-43bfb4d4-2269-420d-a125-23ae713bb82d/datanode-0/data/containers/hdds/fcb9d5d5-7702-414d-85b0-d4d64dd4d07a/current/containerDir0/4/metadata/4-dn-container.db: No such file or directory
	at org.rocksdb.RocksDB.open(Native Method)
	at org.rocksdb.RocksDB.open(RocksDB.java:231)
	at org.apache.hadoop.utils.RocksDBStore.<init>(RocksDBStore.java:71)
	... 15 more
2019-06-14 12:59:49,481 WARN  utils.BackgroundService (BackgroundService.java:lambda$run$0(135)) - Background task fails to execute, retrying in next interval
java.util.concurrent.ExecutionException: org.apache.hadoop.hdds.scm.container.common.helpers.StorageContainerException: Error opening DB. Container:1 ContainerPath:/opt/src/hadoop-ozone/integration-test/target/test-dir/MiniOzoneClusterImpl-43bfb4d4-2269-420d-a125-23ae713bb82d/datanode-0/data/containers/hdds/fcb9d5d5-7702-414d-85b0-d4d64dd4d07a/current/containerDir0/1/metadata/1-dn-container.db
	at java.util.concurrent.FutureTask.report(FutureTask.java:122)
	at java.util.concurrent.FutureTask.get(FutureTask.java:206)
	at org.apache.hadoop.utils.BackgroundService$PeriodicalTask.lambda$run$0(BackgroundService.java:129)
	at java.util.stream.ForEachOps$ForEachOp$OfRef.accept(ForEachOps.java:184)
	at java.util.ArrayList$ArrayListSpliterator.forEachRemaining(ArrayList.java:1382)
	at java.util.stream.AbstractPipeline.copyInto(AbstractPipeline.java:482)
	at java.util.stream.ForEachOps$ForEachTask.compute(ForEachOps.java:291)
	at java.util.concurrent.CountedCompleter.exec(CountedCompleter.java:731)
	at java.util.concurrent.ForkJoinTask.doExec(ForkJoinTask.java:289)
	at java.util.concurrent.ForkJoinPool$WorkQueue.execLocalTasks(ForkJoinPool.java:1040)
	at java.util.concurrent.ForkJoinPool$WorkQueue.runTask(ForkJoinPool.java:1058)
	at java.util.concurrent.ForkJoinPool.runWorker(ForkJoinPool.java:1692)
	at java.util.concurrent.ForkJoinWorkerThread.run(ForkJoinWorkerThread.java:157)
Caused by: org.apache.hadoop.hdds.scm.container.common.helpers.StorageContainerException: Error opening DB. Container:1 ContainerPath:/opt/src/hadoop-ozone/integration-test/target/test-dir/MiniOzoneClusterImpl-43bfb4d4-2269-420d-a125-23ae713bb82d/datanode-0/data/containers/hdds/fcb9d5d5-7702-414d-85b0-d4d64dd4d07a/current/containerDir0/1/metadata/1-dn-container.db
	at org.apache.hadoop.ozone.container.keyvalue.helpers.BlockUtils.getDB(BlockUtils.java:84)
	at org.apache.hadoop.ozone.container.keyvalue.statemachine.background.BlockDeletingService$BlockDeletingTask.call(BlockDeletingService.java:188)
	at org.apache.hadoop.ozone.container.keyvalue.statemachine.background.BlockDeletingService$BlockDeletingTask.call(BlockDeletingService.java:172)
	at java.util.concurrent.FutureTask.run(FutureTask.java:266)
	at java.util.concurrent.Executors$RunnableAdapter.call(Executors.java:511)
	at java.util.concurrent.FutureTask.run(FutureTask.java:266)
	at java.util.concurrent.Executors$RunnableAdapter.call(Executors.java:511)
	at java.util.concurrent.FutureTask.run(FutureTask.java:266)
	at java.util.concurrent.ScheduledThreadPoolExecutor$ScheduledFutureTask.access$201(ScheduledThreadPoolExecutor.java:180)
	at java.util.concurrent.ScheduledThreadPoolExecutor$ScheduledFutureTask.run(ScheduledThreadPoolExecutor.java:293)
	at java.util.concurrent.ThreadPoolExecutor.runWorker(ThreadPoolExecutor.java:1149)
	at java.util.concurrent.ThreadPoolExecutor$Worker.run(ThreadPoolExecutor.java:624)
	at java.lang.Thread.run(Thread.java:748)
2019-06-14 12:59:49,481 WARN  utils.BackgroundService (BackgroundService.java:lambda$run$0(135)) - Background task fails to execute, retrying in next interval
java.util.concurrent.ExecutionException: org.apache.hadoop.hdds.scm.container.common.helpers.StorageContainerException: Error opening DB. Container:4 ContainerPath:/opt/src/hadoop-ozone/integration-test/target/test-dir/MiniOzoneClusterImpl-43bfb4d4-2269-420d-a125-23ae713bb82d/datanode-0/data/containers/hdds/fcb9d5d5-7702-414d-85b0-d4d64dd4d07a/current/containerDir0/4/metadata/4-dn-container.db
	at java.util.concurrent.FutureTask.report(FutureTask.java:122)
	at java.util.concurrent.FutureTask.get(FutureTask.java:206)
	at org.apache.hadoop.utils.BackgroundService$PeriodicalTask.lambda$run$0(BackgroundService.java:129)
	at java.util.stream.ForEachOps$ForEachOp$OfRef.accept(ForEachOps.java:184)
	at java.util.ArrayList$ArrayListSpliterator.forEachRemaining(ArrayList.java:1382)
	at java.util.stream.AbstractPipeline.copyInto(AbstractPipeline.java:482)
	at java.util.stream.ForEachOps$ForEachTask.compute(ForEachOps.java:291)
	at java.util.concurrent.CountedCompleter.exec(CountedCompleter.java:731)
	at java.util.concurrent.ForkJoinTask.doExec(ForkJoinTask.java:289)
	at java.util.concurrent.ForkJoinTask.doInvoke(ForkJoinTask.java:401)
	at java.util.concurrent.ForkJoinTask.invoke(ForkJoinTask.java:734)
	at java.util.stream.ForEachOps$ForEachOp.evaluateParallel(ForEachOps.java:160)
	at java.util.stream.ForEachOps$ForEachOp$OfRef.evaluateParallel(ForEachOps.java:174)
	at java.util.stream.AbstractPipeline.evaluate(AbstractPipeline.java:233)
	at java.util.stream.ReferencePipeline.forEach(ReferencePipeline.java:418)
	at java.util.stream.ReferencePipeline$Head.forEach(ReferencePipeline.java:583)
	at org.apache.hadoop.utils.BackgroundService$PeriodicalTask.run(BackgroundService.java:125)
	at java.util.concurrent.Executors$RunnableAdapter.call(Executors.java:511)
	at java.util.concurrent.FutureTask.runAndReset(FutureTask.java:308)
	at java.util.concurrent.ScheduledThreadPoolExecutor$ScheduledFutureTask.access$301(ScheduledThreadPoolExecutor.java:180)
	at java.util.concurrent.ScheduledThreadPoolExecutor$ScheduledFutureTask.run(ScheduledThreadPoolExecutor.java:294)
	at java.util.concurrent.ThreadPoolExecutor.runWorker(ThreadPoolExecutor.java:1149)
	at java.util.concurrent.ThreadPoolExecutor$Worker.run(ThreadPoolExecutor.java:624)
	at java.lang.Thread.run(Thread.java:748)
Caused by: org.apache.hadoop.hdds.scm.container.common.helpers.StorageContainerException: Error opening DB. Container:4 ContainerPath:/opt/src/hadoop-ozone/integration-test/target/test-dir/MiniOzoneClusterImpl-43bfb4d4-2269-420d-a125-23ae713bb82d/datanode-0/data/containers/hdds/fcb9d5d5-7702-414d-85b0-d4d64dd4d07a/current/containerDir0/4/metadata/4-dn-container.db
	at org.apache.hadoop.ozone.container.keyvalue.helpers.BlockUtils.getDB(BlockUtils.java:84)
	at org.apache.hadoop.ozone.container.keyvalue.statemachine.background.BlockDeletingService$BlockDeletingTask.call(BlockDeletingService.java:188)
	at org.apache.hadoop.ozone.container.keyvalue.statemachine.background.BlockDeletingService$BlockDeletingTask.call(BlockDeletingService.java:172)
	at java.util.concurrent.FutureTask.run(FutureTask.java:266)
	at java.util.concurrent.Executors$RunnableAdapter.call(Executors.java:511)
	at java.util.concurrent.FutureTask.run(FutureTask.java:266)
	at java.util.concurrent.Executors$RunnableAdapter.call(Executors.java:511)
	at java.util.concurrent.FutureTask.run(FutureTask.java:266)
	at java.util.concurrent.ScheduledThreadPoolExecutor$ScheduledFutureTask.access$201(ScheduledThreadPoolExecutor.java:180)
	at java.util.concurrent.ScheduledThreadPoolExecutor$ScheduledFutureTask.run(ScheduledThreadPoolExecutor.java:293)
	... 3 more
2019-06-14 12:59:49,481 ERROR utils.ContainerCache (ContainerCache.java:getDB(137)) - Error opening DB. Container:3 ContainerPath:/opt/src/hadoop-ozone/integration-test/target/test-dir/MiniOzoneClusterImpl-43bfb4d4-2269-420d-a125-23ae713bb82d/datanode-0/data/containers/hdds/fcb9d5d5-7702-414d-85b0-d4d64dd4d07a/current/containerDir0/3/metadata/3-dn-container.db
java.io.IOException: Failed init RocksDB, db path : /opt/src/hadoop-ozone/integration-test/target/test-dir/MiniOzoneClusterImpl-43bfb4d4-2269-420d-a125-23ae713bb82d/datanode-0/data/containers/hdds/fcb9d5d5-7702-414d-85b0-d4d64dd4d07a/current/containerDir0/3/metadata/3-dn-container.db
	at org.apache.hadoop.utils.RocksDBStore.<init>(RocksDBStore.java:87)
	at org.apache.hadoop.utils.MetadataStoreBuilder.build(MetadataStoreBuilder.java:137)
	at org.apache.hadoop.ozone.container.common.utils.ContainerCache.getDB(ContainerCache.java:129)
	at org.apache.hadoop.ozone.container.keyvalue.helpers.BlockUtils.getDB(BlockUtils.java:77)
	at org.apache.hadoop.ozone.container.keyvalue.statemachine.background.BlockDeletingService$BlockDeletingTask.call(BlockDeletingService.java:188)
	at org.apache.hadoop.ozone.container.keyvalue.statemachine.background.BlockDeletingService$BlockDeletingTask.call(BlockDeletingService.java:172)
	at java.util.concurrent.FutureTask.run(FutureTask.java:266)
	at java.util.concurrent.Executors$RunnableAdapter.call(Executors.java:511)
	at java.util.concurrent.FutureTask.run(FutureTask.java:266)
	at java.util.concurrent.Executors$RunnableAdapter.call(Executors.java:511)
	at java.util.concurrent.FutureTask.run(FutureTask.java:266)
	at java.util.concurrent.ScheduledThreadPoolExecutor$ScheduledFutureTask.access$201(ScheduledThreadPoolExecutor.java:180)
	at java.util.concurrent.ScheduledThreadPoolExecutor$ScheduledFutureTask.run(ScheduledThreadPoolExecutor.java:293)
	at java.util.concurrent.ThreadPoolExecutor.runWorker(ThreadPoolExecutor.java:1149)
	at java.util.concurrent.ThreadPoolExecutor$Worker.run(ThreadPoolExecutor.java:624)
	at java.lang.Thread.run(Thread.java:748)
Caused by: org.rocksdb.RocksDBException: While mkdir if missing: /opt/src/hadoop-ozone/integration-test/target/test-dir/MiniOzoneClusterImpl-43bfb4d4-2269-420d-a125-23ae713bb82d/datanode-0/data/containers/hdds/fcb9d5d5-7702-414d-85b0-d4d64dd4d07a/current/containerDir0/3/metadata/3-dn-container.db: No such file or directory
	at org.rocksdb.RocksDB.open(Native Method)
	at org.rocksdb.RocksDB.open(RocksDB.java:231)
	at org.apache.hadoop.utils.RocksDBStore.<init>(RocksDBStore.java:71)
	... 15 more
2019-06-14 12:59:49,482 WARN  utils.BackgroundService (BackgroundService.java:lambda$run$0(135)) - Background task fails to execute, retrying in next interval
java.util.concurrent.ExecutionException: org.apache.hadoop.hdds.scm.container.common.helpers.StorageContainerException: Error opening DB. Container:3 ContainerPath:/opt/src/hadoop-ozone/integration-test/target/test-dir/MiniOzoneClusterImpl-43bfb4d4-2269-420d-a125-23ae713bb82d/datanode-0/data/containers/hdds/fcb9d5d5-7702-414d-85b0-d4d64dd4d07a/current/containerDir0/3/metadata/3-dn-container.db
	at java.util.concurrent.FutureTask.report(FutureTask.java:122)
	at java.util.concurrent.FutureTask.get(FutureTask.java:206)
	at org.apache.hadoop.utils.BackgroundService$PeriodicalTask.lambda$run$0(BackgroundService.java:129)
	at java.util.stream.ForEachOps$ForEachOp$OfRef.accept(ForEachOps.java:184)
	at java.util.ArrayList$ArrayListSpliterator.forEachRemaining(ArrayList.java:1382)
	at java.util.stream.AbstractPipeline.copyInto(AbstractPipeline.java:482)
	at java.util.stream.ForEachOps$ForEachTask.compute(ForEachOps.java:291)
	at java.util.concurrent.CountedCompleter.exec(CountedCompleter.java:731)
	at java.util.concurrent.ForkJoinTask.doExec(ForkJoinTask.java:289)
	at java.util.concurrent.ForkJoinPool$WorkQueue.pollAndExecCC(ForkJoinPool.java:1190)
	at java.util.concurrent.ForkJoinPool.helpComplete(ForkJoinPool.java:1879)
	at java.util.concurrent.ForkJoinPool.externalHelpComplete(ForkJoinPool.java:2467)
	at java.util.concurrent.ForkJoinTask.externalAwaitDone(ForkJoinTask.java:324)
	at java.util.concurrent.ForkJoinTask.doInvoke(ForkJoinTask.java:405)
	at java.util.concurrent.ForkJoinTask.invoke(ForkJoinTask.java:734)
	at java.util.stream.ForEachOps$ForEachOp.evaluateParallel(ForEachOps.java:160)
	at java.util.stream.ForEachOps$ForEachOp$OfRef.evaluateParallel(ForEachOps.java:174)
	at java.util.stream.AbstractPipeline.evaluate(AbstractPipeline.java:233)
	at java.util.stream.ReferencePipeline.forEach(ReferencePipeline.java:418)
	at java.util.stream.ReferencePipeline$Head.forEach(ReferencePipeline.java:583)
	at org.apache.hadoop.utils.BackgroundService$PeriodicalTask.run(BackgroundService.java:125)
	at java.util.concurrent.Executors$RunnableAdapter.call(Executors.java:511)
	at java.util.concurrent.FutureTask.runAndReset(FutureTask.java:308)
	at java.util.concurrent.ScheduledThreadPoolExecutor$ScheduledFutureTask.access$301(ScheduledThreadPoolExecutor.java:180)
	at java.util.concurrent.ScheduledThreadPoolExecutor$ScheduledFutureTask.run(ScheduledThreadPoolExecutor.java:294)
	at java.util.concurrent.ThreadPoolExecutor.runWorker(ThreadPoolExecutor.java:1149)
	at java.util.concurrent.ThreadPoolExecutor$Worker.run(ThreadPoolExecutor.java:624)
	at java.lang.Thread.run(Thread.java:748)
Caused by: org.apache.hadoop.hdds.scm.container.common.helpers.StorageContainerException: Error opening DB. Container:3 ContainerPath:/opt/src/hadoop-ozone/integration-test/target/test-dir/MiniOzoneClusterImpl-43bfb4d4-2269-420d-a125-23ae713bb82d/datanode-0/data/containers/hdds/fcb9d5d5-7702-414d-85b0-d4d64dd4d07a/current/containerDir0/3/metadata/3-dn-container.db
	at org.apache.hadoop.ozone.container.keyvalue.helpers.BlockUtils.getDB(BlockUtils.java:84)
	at org.apache.hadoop.ozone.container.keyvalue.statemachine.background.BlockDeletingService$BlockDeletingTask.call(BlockDeletingService.java:188)
	at org.apache.hadoop.ozone.container.keyvalue.statemachine.background.BlockDeletingService$BlockDeletingTask.call(BlockDeletingService.java:172)
	at java.util.concurrent.FutureTask.run(FutureTask.java:266)
	at java.util.concurrent.Executors$RunnableAdapter.call(Executors.java:511)
	at java.util.concurrent.FutureTask.run(FutureTask.java:266)
	at java.util.concurrent.Executors$RunnableAdapter.call(Executors.java:511)
	at java.util.concurrent.FutureTask.run(FutureTask.java:266)
	at java.util.concurrent.ScheduledThreadPoolExecutor$ScheduledFutureTask.access$201(ScheduledThreadPoolExecutor.java:180)
	at java.util.concurrent.ScheduledThreadPoolExecutor$ScheduledFutureTask.run(ScheduledThreadPoolExecutor.java:293)
	... 3 more
2019-06-14 12:59:49,482 ERROR utils.ContainerCache (ContainerCache.java:getDB(137)) - Error opening DB. Container:2 ContainerPath:/opt/src/hadoop-ozone/integration-test/target/test-dir/MiniOzoneClusterImpl-43bfb4d4-2269-420d-a125-23ae713bb82d/datanode-0/data/containers/hdds/fcb9d5d5-7702-414d-85b0-d4d64dd4d07a/current/containerDir0/2/metadata/2-dn-container.db
java.io.IOException: Failed init RocksDB, db path : /opt/src/hadoop-ozone/integration-test/target/test-dir/MiniOzoneClusterImpl-43bfb4d4-2269-420d-a125-23ae713bb82d/datanode-0/data/containers/hdds/fcb9d5d5-7702-414d-85b0-d4d64dd4d07a/current/containerDir0/2/metadata/2-dn-container.db
	at org.apache.hadoop.utils.RocksDBStore.<init>(RocksDBStore.java:87)
	at org.apache.hadoop.utils.MetadataStoreBuilder.build(MetadataStoreBuilder.java:137)
	at org.apache.hadoop.ozone.container.common.utils.ContainerCache.getDB(ContainerCache.java:129)
	at org.apache.hadoop.ozone.container.keyvalue.helpers.BlockUtils.getDB(BlockUtils.java:77)
	at org.apache.hadoop.ozone.container.keyvalue.statemachine.background.BlockDeletingService$BlockDeletingTask.call(BlockDeletingService.java:188)
	at org.apache.hadoop.ozone.container.keyvalue.statemachine.background.BlockDeletingService$BlockDeletingTask.call(BlockDeletingService.java:172)
	at java.util.concurrent.FutureTask.run(FutureTask.java:266)
	at java.util.concurrent.Executors$RunnableAdapter.call(Executors.java:511)
	at java.util.concurrent.FutureTask.run(FutureTask.java:266)
	at java.util.concurrent.Executors$RunnableAdapter.call(Executors.java:511)
	at java.util.concurrent.FutureTask.run(FutureTask.java:266)
	at java.util.concurrent.ScheduledThreadPoolExecutor$ScheduledFutureTask.access$201(ScheduledThreadPoolExecutor.java:180)
	at java.util.concurrent.ScheduledThreadPoolExecutor$ScheduledFutureTask.run(ScheduledThreadPoolExecutor.java:293)
	at java.util.concurrent.ThreadPoolExecutor.runWorker(ThreadPoolExecutor.java:1149)
	at java.util.concurrent.ThreadPoolExecutor$Worker.run(ThreadPoolExecutor.java:624)
	at java.lang.Thread.run(Thread.java:748)
Caused by: org.rocksdb.RocksDBException: While mkdir if missing: /opt/src/hadoop-ozone/integration-test/target/test-dir/MiniOzoneClusterImpl-43bfb4d4-2269-420d-a125-23ae713bb82d/datanode-0/data/containers/hdds/fcb9d5d5-7702-414d-85b0-d4d64dd4d07a/current/containerDir0/2/metadata/2-dn-container.db: No such file or directory
	at org.rocksdb.RocksDB.open(Native Method)
	at org.rocksdb.RocksDB.open(RocksDB.java:231)
	at org.apache.hadoop.utils.RocksDBStore.<init>(RocksDBStore.java:71)
	... 15 more
2019-06-14 12:59:49,482 WARN  utils.BackgroundService (BackgroundService.java:lambda$run$0(135)) - Background task fails to execute, retrying in next interval
java.util.concurrent.ExecutionException: org.apache.hadoop.hdds.scm.container.common.helpers.StorageContainerException: Error opening DB. Container:2 ContainerPath:/opt/src/hadoop-ozone/integration-test/target/test-dir/MiniOzoneClusterImpl-43bfb4d4-2269-420d-a125-23ae713bb82d/datanode-0/data/containers/hdds/fcb9d5d5-7702-414d-85b0-d4d64dd4d07a/current/containerDir0/2/metadata/2-dn-container.db
	at java.util.concurrent.FutureTask.report(FutureTask.java:122)
	at java.util.concurrent.FutureTask.get(FutureTask.java:206)
	at org.apache.hadoop.utils.BackgroundService$PeriodicalTask.lambda$run$0(BackgroundService.java:129)
	at java.util.stream.ForEachOps$ForEachOp$OfRef.accept(ForEachOps.java:184)
	at java.util.ArrayList$ArrayListSpliterator.forEachRemaining(ArrayList.java:1382)
	at java.util.stream.AbstractPipeline.copyInto(AbstractPipeline.java:482)
	at java.util.stream.ForEachOps$ForEachTask.compute(ForEachOps.java:291)
	at java.util.concurrent.CountedCompleter.exec(CountedCompleter.java:731)
	at java.util.concurrent.ForkJoinTask.doExec(ForkJoinTask.java:289)
	at java.util.concurrent.ForkJoinPool$WorkQueue.runTask(ForkJoinPool.java:1056)
	at java.util.concurrent.ForkJoinPool.runWorker(ForkJoinPool.java:1692)
	at java.util.concurrent.ForkJoinWorkerThread.run(ForkJoinWorkerThread.java:157)
Caused by: org.apache.hadoop.hdds.scm.container.common.helpers.StorageContainerException: Error opening DB. Container:2 ContainerPath:/opt/src/hadoop-ozone/integration-test/target/test-dir/MiniOzoneClusterImpl-43bfb4d4-2269-420d-a125-23ae713bb82d/datanode-0/data/containers/hdds/fcb9d5d5-7702-414d-85b0-d4d64dd4d07a/current/containerDir0/2/metadata/2-dn-container.db
	at org.apache.hadoop.ozone.container.keyvalue.helpers.BlockUtils.getDB(BlockUtils.java:84)
	at org.apache.hadoop.ozone.container.keyvalue.statemachine.background.BlockDeletingService$BlockDeletingTask.call(BlockDeletingService.java:188)
	at org.apache.hadoop.ozone.container.keyvalue.statemachine.background.BlockDeletingService$BlockDeletingTask.call(BlockDeletingService.java:172)
	at java.util.concurrent.FutureTask.run(FutureTask.java:266)
	at java.util.concurrent.Executors$RunnableAdapter.call(Executors.java:511)
	at java.util.concurrent.FutureTask.run(FutureTask.java:266)
	at java.util.concurrent.Executors$RunnableAdapter.call(Executors.java:511)
	at java.util.concurrent.FutureTask.run(FutureTask.java:266)
	at java.util.concurrent.ScheduledThreadPoolExecutor$ScheduledFutureTask.access$201(ScheduledThreadPoolExecutor.java:180)
	at java.util.concurrent.ScheduledThreadPoolExecutor$ScheduledFutureTask.run(ScheduledThreadPoolExecutor.java:293)
	at java.util.concurrent.ThreadPoolExecutor.runWorker(ThreadPoolExecutor.java:1149)
	at java.util.concurrent.ThreadPoolExecutor$Worker.run(ThreadPoolExecutor.java:624)
	at java.lang.Thread.run(Thread.java:748)
2019-06-14 12:59:50,352 INFO  ozone.MiniOzoneClusterImpl (MiniOzoneClusterImpl.java:lambda$waitForClusterToBeReady$0(142)) - Cluster is ready. Got 1 of 1 DN Heartbeats.
2019-06-14 12:59:50,452 INFO  pipeline.PipelineStateManager (PipelineStateManager.java:addPipeline(56)) - Created pipeline Pipeline[ Id: 3a638ac8-4b9e-45aa-9163-f067a847adbe, Nodes: a35df0c7-3247-46b8-87d1-e5b5a3d505e0{ip: 192.168.105.183, host: ozone-5z4sx-3769091767, networkLocation: /default-rack, certSerialId: null}, Type:STAND_ALONE, Factor:ONE, State:OPEN]
2019-06-14 12:59:50,483 INFO  background.BlockDeletingService (BlockDeletingService.java:getTasks(123)) - Plan to choose 10 containers for block deletion, actually returns 5 valid containers.
2019-06-14 12:59:50,484 ERROR utils.ContainerCache (ContainerCache.java:getDB(137)) - Error opening DB. Container:1 ContainerPath:/opt/src/hadoop-ozone/integration-test/target/test-dir/MiniOzoneClusterImpl-43bfb4d4-2269-420d-a125-23ae713bb82d/datanode-0/data/containers/hdds/fcb9d5d5-7702-414d-85b0-d4d64dd4d07a/current/containerDir0/1/metadata/1-dn-container.db
java.io.IOException: Failed init RocksDB, db path : /opt/src/hadoop-ozone/integration-test/target/test-dir/MiniOzoneClusterImpl-43bfb4d4-2269-420d-a125-23ae713bb82d/datanode-0/data/containers/hdds/fcb9d5d5-7702-414d-85b0-d4d64dd4d07a/current/containerDir0/1/metadata/1-dn-container.db
	at org.apache.hadoop.utils.RocksDBStore.<init>(RocksDBStore.java:87)
	at org.apache.hadoop.utils.MetadataStoreBuilder.build(MetadataStoreBuilder.java:137)
	at org.apache.hadoop.ozone.container.common.utils.ContainerCache.getDB(ContainerCache.java:129)
	at org.apache.hadoop.ozone.container.keyvalue.helpers.BlockUtils.getDB(BlockUtils.java:77)
	at org.apache.hadoop.ozone.container.keyvalue.statemachine.background.BlockDeletingService$BlockDeletingTask.call(BlockDeletingService.java:188)
	at org.apache.hadoop.ozone.container.keyvalue.statemachine.background.BlockDeletingService$BlockDeletingTask.call(BlockDeletingService.java:172)
	at java.util.concurrent.FutureTask.run(FutureTask.java:266)
	at java.util.concurrent.Executors$RunnableAdapter.call(Executors.java:511)
	at java.util.concurrent.FutureTask.run(FutureTask.java:266)
	at java.util.concurrent.Executors$RunnableAdapter.call(Executors.java:511)
	at java.util.concurrent.FutureTask.run(FutureTask.java:266)
	at java.util.concurrent.ScheduledThreadPoolExecutor$ScheduledFutureTask.access$201(ScheduledThreadPoolExecutor.java:180)
	at java.util.concurrent.ScheduledThreadPoolExecutor$ScheduledFutureTask.run(ScheduledThreadPoolExecutor.java:293)
	at java.util.concurrent.ThreadPoolExecutor.runWorker(ThreadPoolExecutor.java:1149)
	at java.util.concurrent.ThreadPoolExecutor$Worker.run(ThreadPoolExecutor.java:624)
	at java.lang.Thread.run(Thread.java:748)
Caused by: org.rocksdb.RocksDBException: While mkdir if missing: /opt/src/hadoop-ozone/integration-test/target/test-dir/MiniOzoneClusterImpl-43bfb4d4-2269-420d-a125-23ae713bb82d/datanode-0/data/containers/hdds/fcb9d5d5-7702-414d-85b0-d4d64dd4d07a/current/containerDir0/1/metadata/1-dn-container.db: No such file or directory
	at org.rocksdb.RocksDB.open(Native Method)
	at org.rocksdb.RocksDB.open(RocksDB.java:231)
	at org.apache.hadoop.utils.RocksDBStore.<init>(RocksDBStore.java:71)
	... 15 more
2019-06-14 12:59:50,485 ERROR utils.ContainerCache (ContainerCache.java:getDB(137)) - Error opening DB. Container:5 ContainerPath:/opt/src/hadoop-ozone/integration-test/target/test-dir/MiniOzoneClusterImpl-43bfb4d4-2269-420d-a125-23ae713bb82d/datanode-0/data/containers/hdds/fcb9d5d5-7702-414d-85b0-d4d64dd4d07a/current/containerDir0/5/metadata/5-dn-container.db
java.io.IOException: Failed init RocksDB, db path : /opt/src/hadoop-ozone/integration-test/target/test-dir/MiniOzoneClusterImpl-43bfb4d4-2269-420d-a125-23ae713bb82d/datanode-0/data/containers/hdds/fcb9d5d5-7702-414d-85b0-d4d64dd4d07a/current/containerDir0/5/metadata/5-dn-container.db
	at org.apache.hadoop.utils.RocksDBStore.<init>(RocksDBStore.java:87)
	at org.apache.hadoop.utils.MetadataStoreBuilder.build(MetadataStoreBuilder.java:137)
	at org.apache.hadoop.ozone.container.common.utils.ContainerCache.getDB(ContainerCache.java:129)
	at org.apache.hadoop.ozone.container.keyvalue.helpers.BlockUtils.getDB(BlockUtils.java:77)
	at org.apache.hadoop.ozone.container.keyvalue.statemachine.background.BlockDeletingService$BlockDeletingTask.call(BlockDeletingService.java:188)
	at org.apache.hadoop.ozone.container.keyvalue.statemachine.background.BlockDeletingService$BlockDeletingTask.call(BlockDeletingService.java:172)
	at java.util.concurrent.FutureTask.run(FutureTask.java:266)
	at java.util.concurrent.Executors$RunnableAdapter.call(Executors.java:511)
	at java.util.concurrent.FutureTask.run(FutureTask.java:266)
	at java.util.concurrent.Executors$RunnableAdapter.call(Executors.java:511)
	at java.util.concurrent.FutureTask.run(FutureTask.java:266)
	at java.util.concurrent.ScheduledThreadPoolExecutor$ScheduledFutureTask.access$201(ScheduledThreadPoolExecutor.java:180)
	at java.util.concurrent.ScheduledThreadPoolExecutor$ScheduledFutureTask.run(ScheduledThreadPoolExecutor.java:293)
	at java.util.concurrent.ThreadPoolExecutor.runWorker(ThreadPoolExecutor.java:1149)
	at java.util.concurrent.ThreadPoolExecutor$Worker.run(ThreadPoolExecutor.java:624)
	at java.lang.Thread.run(Thread.java:748)
Caused by: org.rocksdb.RocksDBException: While mkdir if missing: /opt/src/hadoop-ozone/integration-test/target/test-dir/MiniOzoneClusterImpl-43bfb4d4-2269-420d-a125-23ae713bb82d/datanode-0/data/containers/hdds/fcb9d5d5-7702-414d-85b0-d4d64dd4d07a/current/containerDir0/5/metadata/5-dn-container.db: No such file or directory
	at org.rocksdb.RocksDB.open(Native Method)
	at org.rocksdb.RocksDB.open(RocksDB.java:231)
	at org.apache.hadoop.utils.RocksDBStore.<init>(RocksDBStore.java:71)
	... 15 more
2019-06-14 12:59:50,485 ERROR utils.ContainerCache (ContainerCache.java:getDB(137)) - Error opening DB. Container:4 ContainerPath:/opt/src/hadoop-ozone/integration-test/target/test-dir/MiniOzoneClusterImpl-43bfb4d4-2269-420d-a125-23ae713bb82d/datanode-0/data/containers/hdds/fcb9d5d5-7702-414d-85b0-d4d64dd4d07a/current/containerDir0/4/metadata/4-dn-container.db
java.io.IOException: Failed init RocksDB, db path : /opt/src/hadoop-ozone/integration-test/target/test-dir/MiniOzoneClusterImpl-43bfb4d4-2269-420d-a125-23ae713bb82d/datanode-0/data/containers/hdds/fcb9d5d5-7702-414d-85b0-d4d64dd4d07a/current/containerDir0/4/metadata/4-dn-container.db
	at org.apache.hadoop.utils.RocksDBStore.<init>(RocksDBStore.java:87)
	at org.apache.hadoop.utils.MetadataStoreBuilder.build(MetadataStoreBuilder.java:137)
	at org.apache.hadoop.ozone.container.common.utils.ContainerCache.getDB(ContainerCache.java:129)
	at org.apache.hadoop.ozone.container.keyvalue.helpers.BlockUtils.getDB(BlockUtils.java:77)
	at org.apache.hadoop.ozone.container.keyvalue.statemachine.background.BlockDeletingService$BlockDeletingTask.call(BlockDeletingService.java:188)
	at org.apache.hadoop.ozone.container.keyvalue.statemachine.background.BlockDeletingService$BlockDeletingTask.call(BlockDeletingService.java:172)
	at java.util.concurrent.FutureTask.run(FutureTask.java:266)
	at java.util.concurrent.Executors$RunnableAdapter.call(Executors.java:511)
	at java.util.concurrent.FutureTask.run(FutureTask.java:266)
	at java.util.concurrent.Executors$RunnableAdapter.call(Executors.java:511)
	at java.util.concurrent.FutureTask.run(FutureTask.java:266)
	at java.util.concurrent.ScheduledThreadPoolExecutor$ScheduledFutureTask.access$201(ScheduledThreadPoolExecutor.java:180)
	at java.util.concurrent.ScheduledThreadPoolExecutor$ScheduledFutureTask.run(ScheduledThreadPoolExecutor.java:293)
	at java.util.concurrent.ThreadPoolExecutor.runWorker(ThreadPoolExecutor.java:1149)
	at java.util.concurrent.ThreadPoolExecutor$Worker.run(ThreadPoolExecutor.java:624)
	at java.lang.Thread.run(Thread.java:748)
Caused by: org.rocksdb.RocksDBException: While mkdir if missing: /opt/src/hadoop-ozone/integration-test/target/test-dir/MiniOzoneClusterImpl-43bfb4d4-2269-420d-a125-23ae713bb82d/datanode-0/data/containers/hdds/fcb9d5d5-7702-414d-85b0-d4d64dd4d07a/current/containerDir0/4/metadata/4-dn-container.db: No such file or directory
	at org.rocksdb.RocksDB.open(Native Method)
	at org.rocksdb.RocksDB.open(RocksDB.java:231)
	at org.apache.hadoop.utils.RocksDBStore.<init>(RocksDBStore.java:71)
	... 15 more
2019-06-14 12:59:50,486 ERROR utils.ContainerCache (ContainerCache.java:getDB(137)) - Error opening DB. Container:3 ContainerPath:/opt/src/hadoop-ozone/integration-test/target/test-dir/MiniOzoneClusterImpl-43bfb4d4-2269-420d-a125-23ae713bb82d/datanode-0/data/containers/hdds/fcb9d5d5-7702-414d-85b0-d4d64dd4d07a/current/containerDir0/3/metadata/3-dn-container.db
java.io.IOException: Failed init RocksDB, db path : /opt/src/hadoop-ozone/integration-test/target/test-dir/MiniOzoneClusterImpl-43bfb4d4-2269-420d-a125-23ae713bb82d/datanode-0/data/containers/hdds/fcb9d5d5-7702-414d-85b0-d4d64dd4d07a/current/containerDir0/3/metadata/3-dn-container.db
	at org.apache.hadoop.utils.RocksDBStore.<init>(RocksDBStore.java:87)
	at org.apache.hadoop.utils.MetadataStoreBuilder.build(MetadataStoreBuilder.java:137)
	at org.apache.hadoop.ozone.container.common.utils.ContainerCache.getDB(ContainerCache.java:129)
	at org.apache.hadoop.ozone.container.keyvalue.helpers.BlockUtils.getDB(BlockUtils.java:77)
	at org.apache.hadoop.ozone.container.keyvalue.statemachine.background.BlockDeletingService$BlockDeletingTask.call(BlockDeletingService.java:188)
	at org.apache.hadoop.ozone.container.keyvalue.statemachine.background.BlockDeletingService$BlockDeletingTask.call(BlockDeletingService.java:172)
	at java.util.concurrent.FutureTask.run(FutureTask.java:266)
	at java.util.concurrent.Executors$RunnableAdapter.call(Executors.java:511)
	at java.util.concurrent.FutureTask.run(FutureTask.java:266)
	at java.util.concurrent.Executors$RunnableAdapter.call(Executors.java:511)
	at java.util.concurrent.FutureTask.run(FutureTask.java:266)
	at java.util.concurrent.ScheduledThreadPoolExecutor$ScheduledFutureTask.access$201(ScheduledThreadPoolExecutor.java:180)
	at java.util.concurrent.ScheduledThreadPoolExecutor$ScheduledFutureTask.run(ScheduledThreadPoolExecutor.java:293)
	at java.util.concurrent.ThreadPoolExecutor.runWorker(ThreadPoolExecutor.java:1149)
	at java.util.concurrent.ThreadPoolExecutor$Worker.run(ThreadPoolExecutor.java:624)
	at java.lang.Thread.run(Thread.java:748)
Caused by: org.rocksdb.RocksDBException: While mkdir if missing: /opt/src/hadoop-ozone/integration-test/target/test-dir/MiniOzoneClusterImpl-43bfb4d4-2269-420d-a125-23ae713bb82d/datanode-0/data/containers/hdds/fcb9d5d5-7702-414d-85b0-d4d64dd4d07a/current/containerDir0/3/metadata/3-dn-container.db: No such file or directory
	at org.rocksdb.RocksDB.open(Native Method)
	at org.rocksdb.RocksDB.open(RocksDB.java:231)
	at org.apache.hadoop.utils.RocksDBStore.<init>(RocksDBStore.java:71)
	... 15 more
2019-06-14 12:59:50,486 WARN  utils.BackgroundService (BackgroundService.java:lambda$run$0(135)) - Background task fails to execute, retrying in next interval
java.util.concurrent.ExecutionException: org.apache.hadoop.hdds.scm.container.common.helpers.StorageContainerException: Error opening DB. Container:5 ContainerPath:/opt/src/hadoop-ozone/integration-test/target/test-dir/MiniOzoneClusterImpl-43bfb4d4-2269-420d-a125-23ae713bb82d/datanode-0/data/containers/hdds/fcb9d5d5-7702-414d-85b0-d4d64dd4d07a/current/containerDir0/5/metadata/5-dn-container.db
	at java.util.concurrent.FutureTask.report(FutureTask.java:122)
	at java.util.concurrent.FutureTask.get(FutureTask.java:206)
	at org.apache.hadoop.utils.BackgroundService$PeriodicalTask.lambda$run$0(BackgroundService.java:129)
	at java.util.stream.ForEachOps$ForEachOp$OfRef.accept(ForEachOps.java:184)
	at java.util.ArrayList$ArrayListSpliterator.forEachRemaining(ArrayList.java:1382)
	at java.util.stream.AbstractPipeline.copyInto(AbstractPipeline.java:482)
	at java.util.stream.ForEachOps$ForEachTask.compute(ForEachOps.java:291)
	at java.util.concurrent.CountedCompleter.exec(CountedCompleter.java:731)
	at java.util.concurrent.ForkJoinTask.doExec(ForkJoinTask.java:289)
	at java.util.concurrent.ForkJoinPool$WorkQueue.runTask(ForkJoinPool.java:1056)
	at java.util.concurrent.ForkJoinPool.runWorker(ForkJoinPool.java:1692)
	at java.util.concurrent.ForkJoinWorkerThread.run(ForkJoinWorkerThread.java:157)
Caused by: org.apache.hadoop.hdds.scm.container.common.helpers.StorageContainerException: Error opening DB. Container:5 ContainerPath:/opt/src/hadoop-ozone/integration-test/target/test-dir/MiniOzoneClusterImpl-43bfb4d4-2269-420d-a125-23ae713bb82d/datanode-0/data/containers/hdds/fcb9d5d5-7702-414d-85b0-d4d64dd4d07a/current/containerDir0/5/metadata/5-dn-container.db
	at org.apache.hadoop.ozone.container.keyvalue.helpers.BlockUtils.getDB(BlockUtils.java:84)
	at org.apache.hadoop.ozone.container.keyvalue.statemachine.background.BlockDeletingService$BlockDeletingTask.call(BlockDeletingService.java:188)
	at org.apache.hadoop.ozone.container.keyvalue.statemachine.background.BlockDeletingService$BlockDeletingTask.call(BlockDeletingService.java:172)
	at java.util.concurrent.FutureTask.run(FutureTask.java:266)
	at java.util.concurrent.Executors$RunnableAdapter.call(Executors.java:511)
	at java.util.concurrent.FutureTask.run(FutureTask.java:266)
	at java.util.concurrent.Executors$RunnableAdapter.call(Executors.java:511)
	at java.util.concurrent.FutureTask.run(FutureTask.java:266)
	at java.util.concurrent.ScheduledThreadPoolExecutor$ScheduledFutureTask.access$201(ScheduledThreadPoolExecutor.java:180)
	at java.util.concurrent.ScheduledThreadPoolExecutor$ScheduledFutureTask.run(ScheduledThreadPoolExecutor.java:293)
	at java.util.concurrent.ThreadPoolExecutor.runWorker(ThreadPoolExecutor.java:1149)
	at java.util.concurrent.ThreadPoolExecutor$Worker.run(ThreadPoolExecutor.java:624)
	at java.lang.Thread.run(Thread.java:748)
2019-06-14 12:59:50,486 ERROR utils.ContainerCache (ContainerCache.java:getDB(137)) - Error opening DB. Container:2 ContainerPath:/opt/src/hadoop-ozone/integration-test/target/test-dir/MiniOzoneClusterImpl-43bfb4d4-2269-420d-a125-23ae713bb82d/datanode-0/data/containers/hdds/fcb9d5d5-7702-414d-85b0-d4d64dd4d07a/current/containerDir0/2/metadata/2-dn-container.db
java.io.IOException: Failed init RocksDB, db path : /opt/src/hadoop-ozone/integration-test/target/test-dir/MiniOzoneClusterImpl-43bfb4d4-2269-420d-a125-23ae713bb82d/datanode-0/data/containers/hdds/fcb9d5d5-7702-414d-85b0-d4d64dd4d07a/current/containerDir0/2/metadata/2-dn-container.db
	at org.apache.hadoop.utils.RocksDBStore.<init>(RocksDBStore.java:87)
	at org.apache.hadoop.utils.MetadataStoreBuilder.build(MetadataStoreBuilder.java:137)
	at org.apache.hadoop.ozone.container.common.utils.ContainerCache.getDB(ContainerCache.java:129)
	at org.apache.hadoop.ozone.container.keyvalue.helpers.BlockUtils.getDB(BlockUtils.java:77)
	at org.apache.hadoop.ozone.container.keyvalue.statemachine.background.BlockDeletingService$BlockDeletingTask.call(BlockDeletingService.java:188)
	at org.apache.hadoop.ozone.container.keyvalue.statemachine.background.BlockDeletingService$BlockDeletingTask.call(BlockDeletingService.java:172)
	at java.util.concurrent.FutureTask.run(FutureTask.java:266)
	at java.util.concurrent.Executors$RunnableAdapter.call(Executors.java:511)
	at java.util.concurrent.FutureTask.run(FutureTask.java:266)
	at java.util.concurrent.Executors$RunnableAdapter.call(Executors.java:511)
	at java.util.concurrent.FutureTask.run(FutureTask.java:266)
	at java.util.concurrent.ScheduledThreadPoolExecutor$ScheduledFutureTask.access$201(ScheduledThreadPoolExecutor.java:180)
	at java.util.concurrent.ScheduledThreadPoolExecutor$ScheduledFutureTask.run(ScheduledThreadPoolExecutor.java:293)
	at java.util.concurrent.ThreadPoolExecutor.runWorker(ThreadPoolExecutor.java:1149)
	at java.util.concurrent.ThreadPoolExecutor$Worker.run(ThreadPoolExecutor.java:624)
	at java.lang.Thread.run(Thread.java:748)
Caused by: org.rocksdb.RocksDBException: While mkdir if missing: /opt/src/hadoop-ozone/integration-test/target/test-dir/MiniOzoneClusterImpl-43bfb4d4-2269-420d-a125-23ae713bb82d/datanode-0/data/containers/hdds/fcb9d5d5-7702-414d-85b0-d4d64dd4d07a/current/containerDir0/2/metadata/2-dn-container.db: No such file or directory
	at org.rocksdb.RocksDB.open(Native Method)
	at org.rocksdb.RocksDB.open(RocksDB.java:231)
	at org.apache.hadoop.utils.RocksDBStore.<init>(RocksDBStore.java:71)
	... 15 more
2019-06-14 12:59:50,486 WARN  utils.BackgroundService (BackgroundService.java:lambda$run$0(135)) - Background task fails to execute, retrying in next interval
java.util.concurrent.ExecutionException: org.apache.hadoop.hdds.scm.container.common.helpers.StorageContainerException: Error opening DB. Container:1 ContainerPath:/opt/src/hadoop-ozone/integration-test/target/test-dir/MiniOzoneClusterImpl-43bfb4d4-2269-420d-a125-23ae713bb82d/datanode-0/data/containers/hdds/fcb9d5d5-7702-414d-85b0-d4d64dd4d07a/current/containerDir0/1/metadata/1-dn-container.db
	at java.util.concurrent.FutureTask.report(FutureTask.java:122)
	at java.util.concurrent.FutureTask.get(FutureTask.java:206)
	at org.apache.hadoop.utils.BackgroundService$PeriodicalTask.lambda$run$0(BackgroundService.java:129)
	at java.util.stream.ForEachOps$ForEachOp$OfRef.accept(ForEachOps.java:184)
	at java.util.ArrayList$ArrayListSpliterator.forEachRemaining(ArrayList.java:1382)
	at java.util.stream.AbstractPipeline.copyInto(AbstractPipeline.java:482)
	at java.util.stream.ForEachOps$ForEachTask.compute(ForEachOps.java:291)
	at java.util.concurrent.CountedCompleter.exec(CountedCompleter.java:731)
	at java.util.concurrent.ForkJoinTask.doExec(ForkJoinTask.java:289)
	at java.util.concurrent.ForkJoinPool$WorkQueue.execLocalTasks(ForkJoinPool.java:1040)
	at java.util.concurrent.ForkJoinPool$WorkQueue.runTask(ForkJoinPool.java:1058)
	at java.util.concurrent.ForkJoinPool.runWorker(ForkJoinPool.java:1692)
	at java.util.concurrent.ForkJoinWorkerThread.run(ForkJoinWorkerThread.java:157)
Caused by: org.apache.hadoop.hdds.scm.container.common.helpers.StorageContainerException: Error opening DB. Container:1 ContainerPath:/opt/src/hadoop-ozone/integration-test/target/test-dir/MiniOzoneClusterImpl-43bfb4d4-2269-420d-a125-23ae713bb82d/datanode-0/data/containers/hdds/fcb9d5d5-7702-414d-85b0-d4d64dd4d07a/current/containerDir0/1/metadata/1-dn-container.db
	at org.apache.hadoop.ozone.container.keyvalue.helpers.BlockUtils.getDB(BlockUtils.java:84)
	at org.apache.hadoop.ozone.container.keyvalue.statemachine.background.BlockDeletingService$BlockDeletingTask.call(BlockDeletingService.java:188)
	at org.apache.hadoop.ozone.container.keyvalue.statemachine.background.BlockDeletingService$BlockDeletingTask.call(BlockDeletingService.java:172)
	at java.util.concurrent.FutureTask.run(FutureTask.java:266)
	at java.util.concurrent.Executors$RunnableAdapter.call(Executors.java:511)
	at java.util.concurrent.FutureTask.run(FutureTask.java:266)
	at java.util.concurrent.Executors$RunnableAdapter.call(Executors.java:511)
	at java.util.concurrent.FutureTask.run(FutureTask.java:266)
	at java.util.concurrent.ScheduledThreadPoolExecutor$ScheduledFutureTask.access$201(ScheduledThreadPoolExecutor.java:180)
	at java.util.concurrent.ScheduledThreadPoolExecutor$ScheduledFutureTask.run(ScheduledThreadPoolExecutor.java:293)
	at java.util.concurrent.ThreadPoolExecutor.runWorker(ThreadPoolExecutor.java:1149)
	at java.util.concurrent.ThreadPoolExecutor$Worker.run(ThreadPoolExecutor.java:624)
	at java.lang.Thread.run(Thread.java:748)
2019-06-14 12:59:50,488 WARN  utils.BackgroundService (BackgroundService.java:lambda$run$0(135)) - Background task fails to execute, retrying in next interval
java.util.concurrent.ExecutionException: org.apache.hadoop.hdds.scm.container.common.helpers.StorageContainerException: Error opening DB. Container:2 ContainerPath:/opt/src/hadoop-ozone/integration-test/target/test-dir/MiniOzoneClusterImpl-43bfb4d4-2269-420d-a125-23ae713bb82d/datanode-0/data/containers/hdds/fcb9d5d5-7702-414d-85b0-d4d64dd4d07a/current/containerDir0/2/metadata/2-dn-container.db
	at java.util.concurrent.FutureTask.report(FutureTask.java:122)
	at java.util.concurrent.FutureTask.get(FutureTask.java:206)
	at org.apache.hadoop.utils.BackgroundService$PeriodicalTask.lambda$run$0(BackgroundService.java:129)
	at java.util.stream.ForEachOps$ForEachOp$OfRef.accept(ForEachOps.java:184)
	at java.util.ArrayList$ArrayListSpliterator.forEachRemaining(ArrayList.java:1382)
	at java.util.stream.AbstractPipeline.copyInto(AbstractPipeline.java:482)
	at java.util.stream.ForEachOps$ForEachTask.compute(ForEachOps.java:291)
	at java.util.concurrent.CountedCompleter.exec(CountedCompleter.java:731)
	at java.util.concurrent.ForkJoinTask.doExec(ForkJoinTask.java:289)
	at java.util.concurrent.ForkJoinPool$WorkQueue.runTask(ForkJoinPool.java:1056)
	at java.util.concurrent.ForkJoinPool.runWorker(ForkJoinPool.java:1692)
	at java.util.concurrent.ForkJoinWorkerThread.run(ForkJoinWorkerThread.java:157)
Caused by: org.apache.hadoop.hdds.scm.container.common.helpers.StorageContainerException: Error opening DB. Container:2 ContainerPath:/opt/src/hadoop-ozone/integration-test/target/test-dir/MiniOzoneClusterImpl-43bfb4d4-2269-420d-a125-23ae713bb82d/datanode-0/data/containers/hdds/fcb9d5d5-7702-414d-85b0-d4d64dd4d07a/current/containerDir0/2/metadata/2-dn-container.db
	at org.apache.hadoop.ozone.container.keyvalue.helpers.BlockUtils.getDB(BlockUtils.java:84)
	at org.apache.hadoop.ozone.container.keyvalue.statemachine.background.BlockDeletingService$BlockDeletingTask.call(BlockDeletingService.java:188)
	at org.apache.hadoop.ozone.container.keyvalue.statemachine.background.BlockDeletingService$BlockDeletingTask.call(BlockDeletingService.java:172)
	at java.util.concurrent.FutureTask.run(FutureTask.java:266)
	at java.util.concurrent.Executors$RunnableAdapter.call(Executors.java:511)
	at java.util.concurrent.FutureTask.run(FutureTask.java:266)
	at java.util.concurrent.Executors$RunnableAdapter.call(Executors.java:511)
	at java.util.concurrent.FutureTask.run(FutureTask.java:266)
	at java.util.concurrent.ScheduledThreadPoolExecutor$ScheduledFutureTask.access$201(ScheduledThreadPoolExecutor.java:180)
	at java.util.concurrent.ScheduledThreadPoolExecutor$ScheduledFutureTask.run(ScheduledThreadPoolExecutor.java:293)
	at java.util.concurrent.ThreadPoolExecutor.runWorker(ThreadPoolExecutor.java:1149)
	at java.util.concurrent.ThreadPoolExecutor$Worker.run(ThreadPoolExecutor.java:624)
	at java.lang.Thread.run(Thread.java:748)
2019-06-14 12:59:50,488 WARN  utils.BackgroundService (BackgroundService.java:lambda$run$0(135)) - Background task fails to execute, retrying in next interval
java.util.concurrent.ExecutionException: org.apache.hadoop.hdds.scm.container.common.helpers.StorageContainerException: Error opening DB. Container:3 ContainerPath:/opt/src/hadoop-ozone/integration-test/target/test-dir/MiniOzoneClusterImpl-43bfb4d4-2269-420d-a125-23ae713bb82d/datanode-0/data/containers/hdds/fcb9d5d5-7702-414d-85b0-d4d64dd4d07a/current/containerDir0/3/metadata/3-dn-container.db
	at java.util.concurrent.FutureTask.report(FutureTask.java:122)
	at java.util.concurrent.FutureTask.get(FutureTask.java:206)
	at org.apache.hadoop.utils.BackgroundService$PeriodicalTask.lambda$run$0(BackgroundService.java:129)
	at java.util.stream.ForEachOps$ForEachOp$OfRef.accept(ForEachOps.java:184)
	at java.util.ArrayList$ArrayListSpliterator.forEachRemaining(ArrayList.java:1382)
	at java.util.stream.AbstractPipeline.copyInto(AbstractPipeline.java:482)
	at java.util.stream.ForEachOps$ForEachTask.compute(ForEachOps.java:291)
	at java.util.concurrent.CountedCompleter.exec(CountedCompleter.java:731)
	at java.util.concurrent.ForkJoinTask.doExec(ForkJoinTask.java:289)
	at java.util.concurrent.ForkJoinPool$WorkQueue.execLocalTasks(ForkJoinPool.java:1040)
	at java.util.concurrent.ForkJoinPool$WorkQueue.runTask(ForkJoinPool.java:1058)
	at java.util.concurrent.ForkJoinPool.runWorker(ForkJoinPool.java:1692)
	at java.util.concurrent.ForkJoinWorkerThread.run(ForkJoinWorkerThread.java:157)
Caused by: org.apache.hadoop.hdds.scm.container.common.helpers.StorageContainerException: Error opening DB. Container:3 ContainerPath:/opt/src/hadoop-ozone/integration-test/target/test-dir/MiniOzoneClusterImpl-43bfb4d4-2269-420d-a125-23ae713bb82d/datanode-0/data/containers/hdds/fcb9d5d5-7702-414d-85b0-d4d64dd4d07a/current/containerDir0/3/metadata/3-dn-container.db
	at org.apache.hadoop.ozone.container.keyvalue.helpers.BlockUtils.getDB(BlockUtils.java:84)
	at org.apache.hadoop.ozone.container.keyvalue.statemachine.background.BlockDeletingService$BlockDeletingTask.call(BlockDeletingService.java:188)
	at org.apache.hadoop.ozone.container.keyvalue.statemachine.background.BlockDeletingService$BlockDeletingTask.call(BlockDeletingService.java:172)
	at java.util.concurrent.FutureTask.run(FutureTask.java:266)
	at java.util.concurrent.Executors$RunnableAdapter.call(Executors.java:511)
	at java.util.concurrent.FutureTask.run(FutureTask.java:266)
	at java.util.concurrent.Executors$RunnableAdapter.call(Executors.java:511)
	at java.util.concurrent.FutureTask.run(FutureTask.java:266)
	at java.util.concurrent.ScheduledThreadPoolExecutor$ScheduledFutureTask.access$201(ScheduledThreadPoolExecutor.java:180)
	at java.util.concurrent.ScheduledThreadPoolExecutor$ScheduledFutureTask.run(ScheduledThreadPoolExecutor.java:293)
	at java.util.concurrent.ThreadPoolExecutor.runWorker(ThreadPoolExecutor.java:1149)
	at java.util.concurrent.ThreadPoolExecutor$Worker.run(ThreadPoolExecutor.java:624)
	at java.lang.Thread.run(Thread.java:748)
2019-06-14 12:59:50,486 WARN  utils.BackgroundService (BackgroundService.java:lambda$run$0(135)) - Background task fails to execute, retrying in next interval
java.util.concurrent.ExecutionException: org.apache.hadoop.hdds.scm.container.common.helpers.StorageContainerException: Error opening DB. Container:4 ContainerPath:/opt/src/hadoop-ozone/integration-test/target/test-dir/MiniOzoneClusterImpl-43bfb4d4-2269-420d-a125-23ae713bb82d/datanode-0/data/containers/hdds/fcb9d5d5-7702-414d-85b0-d4d64dd4d07a/current/containerDir0/4/metadata/4-dn-container.db
	at java.util.concurrent.FutureTask.report(FutureTask.java:122)
	at java.util.concurrent.FutureTask.get(FutureTask.java:206)
	at org.apache.hadoop.utils.BackgroundService$PeriodicalTask.lambda$run$0(BackgroundService.java:129)
	at java.util.stream.ForEachOps$ForEachOp$OfRef.accept(ForEachOps.java:184)
	at java.util.ArrayList$ArrayListSpliterator.forEachRemaining(ArrayList.java:1382)
	at java.util.stream.AbstractPipeline.copyInto(AbstractPipeline.java:482)
	at java.util.stream.ForEachOps$ForEachTask.compute(ForEachOps.java:291)
	at java.util.concurrent.CountedCompleter.exec(CountedCompleter.java:731)
	at java.util.concurrent.ForkJoinTask.doExec(ForkJoinTask.java:289)
	at java.util.concurrent.ForkJoinTask.doInvoke(ForkJoinTask.java:401)
	at java.util.concurrent.ForkJoinTask.invoke(ForkJoinTask.java:734)
	at java.util.stream.ForEachOps$ForEachOp.evaluateParallel(ForEachOps.java:160)
	at java.util.stream.ForEachOps$ForEachOp$OfRef.evaluateParallel(ForEachOps.java:174)
	at java.util.stream.AbstractPipeline.evaluate(AbstractPipeline.java:233)
	at java.util.stream.ReferencePipeline.forEach(ReferencePipeline.java:418)
	at java.util.stream.ReferencePipeline$Head.forEach(ReferencePipeline.java:583)
	at org.apache.hadoop.utils.BackgroundService$PeriodicalTask.run(BackgroundService.java:125)
	at java.util.concurrent.Executors$RunnableAdapter.call(Executors.java:511)
	at java.util.concurrent.FutureTask.runAndReset(FutureTask.java:308)
	at java.util.concurrent.ScheduledThreadPoolExecutor$ScheduledFutureTask.access$301(ScheduledThreadPoolExecutor.java:180)
	at java.util.concurrent.ScheduledThreadPoolExecutor$ScheduledFutureTask.run(ScheduledThreadPoolExecutor.java:294)
	at java.util.concurrent.ThreadPoolExecutor.runWorker(ThreadPoolExecutor.java:1149)
	at java.util.concurrent.ThreadPoolExecutor$Worker.run(ThreadPoolExecutor.java:624)
	at java.lang.Thread.run(Thread.java:748)
Caused by: org.apache.hadoop.hdds.scm.container.common.helpers.StorageContainerException: Error opening DB. Container:4 ContainerPath:/opt/src/hadoop-ozone/integration-test/target/test-dir/MiniOzoneClusterImpl-43bfb4d4-2269-420d-a125-23ae713bb82d/datanode-0/data/containers/hdds/fcb9d5d5-7702-414d-85b0-d4d64dd4d07a/current/containerDir0/4/metadata/4-dn-container.db
	at org.apache.hadoop.ozone.container.keyvalue.helpers.BlockUtils.getDB(BlockUtils.java:84)
	at org.apache.hadoop.ozone.container.keyvalue.statemachine.background.BlockDeletingService$BlockDeletingTask.call(BlockDeletingService.java:188)
	at org.apache.hadoop.ozone.container.keyvalue.statemachine.background.BlockDeletingService$BlockDeletingTask.call(BlockDeletingService.java:172)
	at java.util.concurrent.FutureTask.run(FutureTask.java:266)
	at java.util.concurrent.Executors$RunnableAdapter.call(Executors.java:511)
	at java.util.concurrent.FutureTask.run(FutureTask.java:266)
	at java.util.concurrent.Executors$RunnableAdapter.call(Executors.java:511)
	at java.util.concurrent.FutureTask.run(FutureTask.java:266)
	at java.util.concurrent.ScheduledThreadPoolExecutor$ScheduledFutureTask.access$201(ScheduledThreadPoolExecutor.java:180)
	at java.util.concurrent.ScheduledThreadPoolExecutor$ScheduledFutureTask.run(ScheduledThreadPoolExecutor.java:293)
	... 3 more
2019-06-14 12:59:50,531 INFO  impl.FollowerState (FollowerState.java:run(101)) - a35df0c7-3247-46b8-87d1-e5b5a3d505e0:group-FAD3C00575A0 changes to CANDIDATE, lastRpcTime:1145, electionTimeout:1145ms
2019-06-14 12:59:50,531 INFO  impl.RoleInfo (RoleInfo.java:shutdownFollowerState(121)) - a35df0c7-3247-46b8-87d1-e5b5a3d505e0: shutdown FollowerState
2019-06-14 12:59:50,531 INFO  impl.RaftServerImpl (RaftServerImpl.java:setRole(164)) - a35df0c7-3247-46b8-87d1-e5b5a3d505e0:group-FAD3C00575A0 changes role from FOLLOWER to CANDIDATE at term 0 for changeToCandidate
2019-06-14 12:59:50,531 INFO  impl.RoleInfo (RoleInfo.java:updateAndGet(143)) - a35df0c7-3247-46b8-87d1-e5b5a3d505e0: start LeaderElection
2019-06-14 12:59:50,538 INFO  impl.LeaderElection (LeaderElection.java:askForVotes(181)) - a35df0c7-3247-46b8-87d1-e5b5a3d505e0:group-FAD3C00575A0:LeaderElection3: begin an election at term 1 for -1: [a35df0c7-3247-46b8-87d1-e5b5a3d505e0:192.168.105.183:44905], old=null
2019-06-14 12:59:50,538 INFO  impl.RoleInfo (RoleInfo.java:shutdownLeaderElection(134)) - a35df0c7-3247-46b8-87d1-e5b5a3d505e0: shutdown LeaderElection
2019-06-14 12:59:50,538 INFO  impl.RaftServerImpl (RaftServerImpl.java:setRole(164)) - a35df0c7-3247-46b8-87d1-e5b5a3d505e0:group-FAD3C00575A0 changes role from CANDIDATE to LEADER at term 1 for changeToLeader
2019-06-14 12:59:50,538 INFO  impl.RaftServerImpl (ServerState.java:setLeader(263)) - a35df0c7-3247-46b8-87d1-e5b5a3d505e0:group-FAD3C00575A0 change Leader from null to a35df0c7-3247-46b8-87d1-e5b5a3d505e0 at term 1 for becomeLeader, leader elected after 1154ms
2019-06-14 12:59:50,539 INFO  server.RaftServerConfigKeys (ConfUtils.java:logGet(43)) - raft.server.staging.catchup.gap = 1000 (default)
2019-06-14 12:59:50,539 INFO  server.RaftServerConfigKeys (ConfUtils.java:logGet(43)) - raft.server.rpc.sleep.time = 25ms (default)
2019-06-14 12:59:50,539 INFO  server.RaftServerConfigKeys (ConfUtils.java:logGet(43)) - raft.server.watch.timeout = 10s (default)
2019-06-14 12:59:50,539 INFO  server.RaftServerConfigKeys (ConfUtils.java:logGet(43)) - raft.server.watch.timeout.denomination = 1s (default)
2019-06-14 12:59:50,541 INFO  impl.RoleInfo (RoleInfo.java:updateAndGet(143)) - a35df0c7-3247-46b8-87d1-e5b5a3d505e0: start LeaderState
2019-06-14 12:59:50,541 INFO  storage.RaftLogWorker (RaftLogWorker.java:startLogSegment(298)) - a35df0c7-3247-46b8-87d1-e5b5a3d505e0-RaftLogWorker: Starting segment from index:0
2019-06-14 12:59:50,542 INFO  impl.RaftServerImpl (ServerState.java:setRaftConf(361)) - a35df0c7-3247-46b8-87d1-e5b5a3d505e0:group-FAD3C00575A0 set configuration 0: [a35df0c7-3247-46b8-87d1-e5b5a3d505e0:192.168.105.183:44905], old=null at 0
2019-06-14 12:59:50,579 INFO  storage.RaftLogWorker (RaftLogWorker.java:execute(469)) - a35df0c7-3247-46b8-87d1-e5b5a3d505e0-RaftLogWorker: created new log segment /opt/src/hadoop-ozone/integration-test/target/test-dir/MiniOzoneClusterImpl-0985cc37-5ea6-4ebe-9f1d-59283efc4c70/datanode-0/data/ratis/dfcccf47-9939-4059-bff0-fad3c00575a0/current/log_inprogress_0
2019-06-14 12:59:50,677 INFO  keyvalue.KeyValueHandler (ContainerUtils.java:logAndReturnError(146)) - Operation: CreateContainer : Trace ID: f834c14b2fd54317:f834c14b2fd54317:0:0 : Message: Container creation failed, due to disk out of space : Result: DISK_OUT_OF_SPACE
12:59:50.677 [grpc-default-executor-2] ERROR DNAudit - user=null | ip=null | op=WRITE_CHUNK {blockData=conID: 6 locID: 102270054608011297 bcsId: 0} | ret=FAILURE
org.apache.hadoop.hdds.scm.container.common.helpers.StorageContainerException: ContainerID 6 creation failed
	at org.apache.hadoop.ozone.container.common.impl.HddsDispatcher.dispatchRequest(HddsDispatcher.java:227) [hadoop-hdds-container-service-0.5.0-SNAPSHOT.jar:?]
	at org.apache.hadoop.ozone.container.common.impl.HddsDispatcher.dispatch(HddsDispatcher.java:148) [hadoop-hdds-container-service-0.5.0-SNAPSHOT.jar:?]
	at org.apache.hadoop.ozone.container.common.transport.server.GrpcXceiverService$1.onNext(GrpcXceiverService.java:73) [hadoop-hdds-container-service-0.5.0-SNAPSHOT.jar:?]
	at org.apache.hadoop.ozone.container.common.transport.server.GrpcXceiverService$1.onNext(GrpcXceiverService.java:61) [hadoop-hdds-container-service-0.5.0-SNAPSHOT.jar:?]
	at org.apache.ratis.thirdparty.io.grpc.stub.ServerCalls$StreamingServerCallHandler$StreamingServerCallListener.onMessage(ServerCalls.java:248) [ratis-thirdparty-misc-0.2.0.jar:0.2.0]
	at org.apache.ratis.thirdparty.io.grpc.ForwardingServerCallListener.onMessage(ForwardingServerCallListener.java:33) [ratis-thirdparty-misc-0.2.0.jar:0.2.0]
	at org.apache.ratis.thirdparty.io.grpc.Contexts$ContextualizedServerCallListener.onMessage(Contexts.java:76) [ratis-thirdparty-misc-0.2.0.jar:0.2.0]
	at org.apache.ratis.thirdparty.io.grpc.ForwardingServerCallListener.onMessage(ForwardingServerCallListener.java:33) [ratis-thirdparty-misc-0.2.0.jar:0.2.0]
	at org.apache.hadoop.hdds.tracing.GrpcServerInterceptor$1.onMessage(GrpcServerInterceptor.java:46) [hadoop-hdds-common-0.5.0-SNAPSHOT.jar:?]
	at org.apache.ratis.thirdparty.io.grpc.internal.ServerCallImpl$ServerStreamListenerImpl.messagesAvailable(ServerCallImpl.java:263) [ratis-thirdparty-misc-0.2.0.jar:0.2.0]
	at org.apache.ratis.thirdparty.io.grpc.internal.ServerImpl$JumpToApplicationThreadServerStreamListener$1MessagesAvailable.runInContext(ServerImpl.java:686) [ratis-thirdparty-misc-0.2.0.jar:0.2.0]
	at org.apache.ratis.thirdparty.io.grpc.internal.ContextRunnable.run(ContextRunnable.java:37) [ratis-thirdparty-misc-0.2.0.jar:0.2.0]
	at org.apache.ratis.thirdparty.io.grpc.internal.SerializingExecutor.run(SerializingExecutor.java:123) [ratis-thirdparty-misc-0.2.0.jar:0.2.0]
	at java.util.concurrent.ThreadPoolExecutor.runWorker(ThreadPoolExecutor.java:1149) [?:1.8.0_212]
	at java.util.concurrent.ThreadPoolExecutor$Worker.run(ThreadPoolExecutor.java:624) [?:1.8.0_212]
	at java.lang.Thread.run(Thread.java:748) [?:1.8.0_212]
2019-06-14 12:59:50,678 INFO  impl.HddsDispatcher (ContainerUtils.java:logAndReturnError(146)) - Operation: WriteChunk : Trace ID: f834c14b2fd54317:f834c14b2fd54317:0:0 : Message: ContainerID 6 creation failed : Result: DISK_OUT_OF_SPACE
2019-06-14 12:59:50,679 ERROR storage.BlockOutputStream (BlockOutputStream.java:validateResponse(538)) - Unexpected Storage Container Exception: 
org.apache.hadoop.hdds.scm.container.common.helpers.StorageContainerException: ContainerID 6 creation failed
	at org.apache.hadoop.hdds.scm.storage.ContainerProtocolCalls.validateContainerResponse(ContainerProtocolCalls.java:536)
	at org.apache.hadoop.hdds.scm.storage.BlockOutputStream.validateResponse(BlockOutputStream.java:536)
	at org.apache.hadoop.hdds.scm.storage.BlockOutputStream.lambda$writeChunkToContainer$2(BlockOutputStream.java:614)
	at java.util.concurrent.CompletableFuture.uniApply(CompletableFuture.java:602)
	at java.util.concurrent.CompletableFuture$UniApply.tryFire(CompletableFuture.java:577)
	at java.util.concurrent.CompletableFuture$Completion.run(CompletableFuture.java:442)
	at java.util.concurrent.ThreadPoolExecutor.runWorker(ThreadPoolExecutor.java:1149)
	at java.util.concurrent.ThreadPoolExecutor$Worker.run(ThreadPoolExecutor.java:624)
	at java.lang.Thread.run(Thread.java:748)
12:59:50.681 [grpc-default-executor-2] ERROR DNAudit - user=null | ip=null | op=PUT_BLOCK {blockData=[blockId=conID: 6 locID: 102270054608011297 bcsId: 0,size=5]} | ret=FAILURE
org.apache.hadoop.hdds.scm.container.common.helpers.StorageContainerException: ContainerID 6 does not exist
	at org.apache.hadoop.ozone.container.common.impl.HddsDispatcher.dispatchRequest(HddsDispatcher.java:242) [hadoop-hdds-container-service-0.5.0-SNAPSHOT.jar:?]
	at org.apache.hadoop.ozone.container.common.impl.HddsDispatcher.dispatch(HddsDispatcher.java:148) [hadoop-hdds-container-service-0.5.0-SNAPSHOT.jar:?]
	at org.apache.hadoop.ozone.container.common.transport.server.GrpcXceiverService$1.onNext(GrpcXceiverService.java:73) [hadoop-hdds-container-service-0.5.0-SNAPSHOT.jar:?]
	at org.apache.hadoop.ozone.container.common.transport.server.GrpcXceiverService$1.onNext(GrpcXceiverService.java:61) [hadoop-hdds-container-service-0.5.0-SNAPSHOT.jar:?]
	at org.apache.ratis.thirdparty.io.grpc.stub.ServerCalls$StreamingServerCallHandler$StreamingServerCallListener.onMessage(ServerCalls.java:248) [ratis-thirdparty-misc-0.2.0.jar:0.2.0]
	at org.apache.ratis.thirdparty.io.grpc.ForwardingServerCallListener.onMessage(ForwardingServerCallListener.java:33) [ratis-thirdparty-misc-0.2.0.jar:0.2.0]
	at org.apache.ratis.thirdparty.io.grpc.Contexts$ContextualizedServerCallListener.onMessage(Contexts.java:76) [ratis-thirdparty-misc-0.2.0.jar:0.2.0]
	at org.apache.ratis.thirdparty.io.grpc.ForwardingServerCallListener.onMessage(ForwardingServerCallListener.java:33) [ratis-thirdparty-misc-0.2.0.jar:0.2.0]
	at org.apache.hadoop.hdds.tracing.GrpcServerInterceptor$1.onMessage(GrpcServerInterceptor.java:46) [hadoop-hdds-common-0.5.0-SNAPSHOT.jar:?]
	at org.apache.ratis.thirdparty.io.grpc.internal.ServerCallImpl$ServerStreamListenerImpl.messagesAvailable(ServerCallImpl.java:263) [ratis-thirdparty-misc-0.2.0.jar:0.2.0]
	at org.apache.ratis.thirdparty.io.grpc.internal.ServerImpl$JumpToApplicationThreadServerStreamListener$1MessagesAvailable.runInContext(ServerImpl.java:686) [ratis-thirdparty-misc-0.2.0.jar:0.2.0]
	at org.apache.ratis.thirdparty.io.grpc.internal.ContextRunnable.run(ContextRunnable.java:37) [ratis-thirdparty-misc-0.2.0.jar:0.2.0]
	at org.apache.ratis.thirdparty.io.grpc.internal.SerializingExecutor.run(SerializingExecutor.java:123) [ratis-thirdparty-misc-0.2.0.jar:0.2.0]
	at java.util.concurrent.ThreadPoolExecutor.runWorker(ThreadPoolExecutor.java:1149) [?:1.8.0_212]
	at java.util.concurrent.ThreadPoolExecutor$Worker.run(ThreadPoolExecutor.java:624) [?:1.8.0_212]
	at java.lang.Thread.run(Thread.java:748) [?:1.8.0_212]
2019-06-14 12:59:50,681 INFO  impl.HddsDispatcher (ContainerUtils.java:logAndReturnError(146)) - Operation: PutBlock : Trace ID: 69784a89912234c4:69784a89912234c4:0:0 : Message: ContainerID 6 does not exist : Result: CONTAINER_NOT_FOUND
]]></system-out>
    <system-err><![CDATA[Jun 14, 2019 12:59:45 PM com.sun.jersey.server.impl.application.WebApplicationImpl _initiate
INFO: Initiating Jersey application, version 'Jersey: 1.19 02/11/2015 03:25 AM'
Jun 14, 2019 12:59:50 PM com.sun.jersey.server.impl.application.WebApplicationImpl _initiate
INFO: Initiating Jersey application, version 'Jersey: 1.19 02/11/2015 03:25 AM'
]]></system-err>
  </testcase>
  <testcase name="testRpcPermission" classname="org.apache.hadoop.ozone.TestStorageContainerManager" time="16.806"/>
  <testcase name="testSCMInitializationFailure" classname="org.apache.hadoop.ozone.TestStorageContainerManager" time="0.014"/>
  <testcase name="testSCMInitialization" classname="org.apache.hadoop.ozone.TestStorageContainerManager" time="0.012"/>
  <testcase name="testScmInfo" classname="org.apache.hadoop.ozone.TestStorageContainerManager" time="0.102"/>
</testsuite>