<?xml version="1.0" encoding="UTF-8"?>
<testsuite xmlns:xsi="http://www.w3.org/2001/XMLSchema-instance" xsi:noNamespaceSchemaLocation="https://maven.apache.org/surefire/maven-surefire-plugin/xsd/surefire-test-report.xsd" name="org.apache.hadoop.hdds.scm.pipeline.TestNodeFailure" time="10.076" tests="1" errors="0" skipped="1" failures="0">
  <properties>
    <property name="awt.toolkit" value="sun.awt.X11.XToolkit"/>
    <property name="file.encoding.pkg" value="sun.io"/>
    <property name="java.specification.version" value="1.8"/>
    <property name="sun.cpu.isalist" value=""/>
    <property name="sun.jnu.encoding" value="UTF-8"/>
    <property name="java.class.path" value="/opt/src/hadoop-ozone/integration-test/target/test-classes:/opt/src/hadoop-ozone/integration-test/target/classes:/root/.m2/repository/org/apache/hadoop/hadoop-ozone-common/0.5.0-SNAPSHOT/hadoop-ozone-common-0.5.0-SNAPSHOT.jar:/root/.m2/repository/org/apache/commons/commons-compress/1.4.1/commons-compress-1.4.1.jar:/root/.m2/repository/org/tukaani/xz/1.0/xz-1.0.jar:/root/.m2/repository/org/apache/hadoop/hadoop-common/3.2.0/hadoop-common-3.2.0.jar:/root/.m2/repository/org/apache/hadoop/hadoop-hdfs/3.2.0/hadoop-hdfs-3.2.0.jar:/root/.m2/repository/org/apache/hadoop/hadoop-hdfs-client/3.2.0/hadoop-hdfs-client-3.2.0.jar:/root/.m2/repository/com/fasterxml/jackson/core/jackson-annotations/2.9.5/jackson-annotations-2.9.5.jar:/root/.m2/repository/org/apache/hadoop/hadoop-hdds-common/0.5.0-SNAPSHOT/hadoop-hdds-common-0.5.0-SNAPSHOT.jar:/root/.m2/repository/javax/annotation/javax.annotation-api/1.2/javax.annotation-api-1.2.jar:/root/.m2/repository/org/apache/ratis/ratis-server/0.4.0-fe2b15d-SNAPSHOT/ratis-server-0.4.0-fe2b15d-SNAPSHOT.jar:/root/.m2/repository/org/apache/ratis/ratis-thirdparty-misc/0.2.0/ratis-thirdparty-misc-0.2.0.jar:/root/.m2/repository/org/apache/ratis/ratis-proto/0.4.0-fe2b15d-SNAPSHOT/ratis-proto-0.4.0-fe2b15d-SNAPSHOT.jar:/root/.m2/repository/org/apache/ratis/ratis-common/0.4.0-fe2b15d-SNAPSHOT/ratis-common-0.4.0-fe2b15d-SNAPSHOT.jar:/root/.m2/repository/org/apache/ratis/ratis-client/0.4.0-fe2b15d-SNAPSHOT/ratis-client-0.4.0-fe2b15d-SNAPSHOT.jar:/root/.m2/repository/org/apache/ratis/ratis-netty/0.4.0-fe2b15d-SNAPSHOT/ratis-netty-0.4.0-fe2b15d-SNAPSHOT.jar:/root/.m2/repository/org/apache/ratis/ratis-grpc/0.4.0-fe2b15d-SNAPSHOT/ratis-grpc-0.4.0-fe2b15d-SNAPSHOT.jar:/root/.m2/repository/org/rocksdb/rocksdbjni/5.14.2/rocksdbjni-5.14.2.jar:/root/.m2/repository/org/apache/logging/log4j/log4j-api/2.11.0/log4j-api-2.11.0.jar:/root/.m2/repository/org/apache/logging/log4j/log4j-core/2.11.0/log4j-core-2.11.0.jar:/root/.m2/repository/com/lmax/disruptor/3.4.2/disruptor-3.4.2.jar:/root/.m2/repository/org/apache/commons/commons-pool2/2.6.0/commons-pool2-2.6.0.jar:/root/.m2/repository/org/bouncycastle/bcpkix-jdk15on/1.60/bcpkix-jdk15on-1.60.jar:/root/.m2/repository/commons-validator/commons-validator/1.6/commons-validator-1.6.jar:/root/.m2/repository/commons-digester/commons-digester/1.8.1/commons-digester-1.8.1.jar:/root/.m2/repository/io/jaegertracing/jaeger-client/0.33.1/jaeger-client-0.33.1.jar:/root/.m2/repository/io/jaegertracing/jaeger-thrift/0.33.1/jaeger-thrift-0.33.1.jar:/root/.m2/repository/org/apache/thrift/libthrift/0.11.0/libthrift-0.11.0.jar:/root/.m2/repository/com/squareup/okhttp3/okhttp/3.9.0/okhttp-3.9.0.jar:/root/.m2/repository/com/squareup/okio/okio/1.13.0/okio-1.13.0.jar:/root/.m2/repository/io/jaegertracing/jaeger-core/0.33.1/jaeger-core-0.33.1.jar:/root/.m2/repository/io/jaegertracing/jaeger-tracerresolver/0.33.1/jaeger-tracerresolver-0.33.1.jar:/root/.m2/repository/io/opentracing/contrib/opentracing-tracerresolver/0.1.5/opentracing-tracerresolver-0.1.5.jar:/root/.m2/repository/io/opentracing/opentracing-util/0.31.0/opentracing-util-0.31.0.jar:/root/.m2/repository/io/opentracing/opentracing-api/0.31.0/opentracing-api-0.31.0.jar:/root/.m2/repository/io/opentracing/opentracing-noop/0.31.0/opentracing-noop-0.31.0.jar:/root/.m2/repository/org/apache/hadoop/hadoop-hdds-server-framework/0.5.0-SNAPSHOT/hadoop-hdds-server-framework-0.5.0-SNAPSHOT.jar:/root/.m2/repository/org/apache/hadoop/hadoop-hdds-server-scm/0.5.0-SNAPSHOT/hadoop-hdds-server-scm-0.5.0-SNAPSHOT.jar:/root/.m2/repository/org/apache/hadoop/hadoop-hdds-container-service/0.5.0-SNAPSHOT/hadoop-hdds-container-service-0.5.0-SNAPSHOT.jar:/root/.m2/repository/org/apache/hadoop/hadoop-hdds-client/0.5.0-SNAPSHOT/hadoop-hdds-client-0.5.0-SNAPSHOT.jar:/root/.m2/repository/org/apache/hadoop/hadoop-hdds-tools/0.5.0-SNAPSHOT/hadoop-hdds-tools-0.5.0-SNAPSHOT.jar:/root/.m2/repository/org/apache/hadoop/hadoop-ozone-ozone-manager/0.5.0-SNAPSHOT/hadoop-ozone-ozone-manager-0.5.0-SNAPSHOT.jar:/root/.m2/repository/org/apache/hadoop/hadoop-hdds-docs/0.5.0-SNAPSHOT/hadoop-hdds-docs-0.5.0-SNAPSHOT.jar:/root/.m2/repository/org/bouncycastle/bcprov-jdk15on/1.60/bcprov-jdk15on-1.60.jar:/root/.m2/repository/org/apache/hadoop/hadoop-minikdc/3.2.0/hadoop-minikdc-3.2.0.jar:/root/.m2/repository/commons-io/commons-io/2.5/commons-io-2.5.jar:/root/.m2/repository/org/apache/kerby/kerb-simplekdc/1.0.1/kerb-simplekdc-1.0.1.jar:/root/.m2/repository/org/apache/kerby/kerb-client/1.0.1/kerb-client-1.0.1.jar:/root/.m2/repository/org/apache/kerby/kerby-config/1.0.1/kerby-config-1.0.1.jar:/root/.m2/repository/org/apache/kerby/kerb-core/1.0.1/kerb-core-1.0.1.jar:/root/.m2/repository/org/apache/kerby/kerby-pkix/1.0.1/kerby-pkix-1.0.1.jar:/root/.m2/repository/org/apache/kerby/kerby-asn1/1.0.1/kerby-asn1-1.0.1.jar:/root/.m2/repository/org/apache/kerby/kerby-util/1.0.1/kerby-util-1.0.1.jar:/root/.m2/repository/org/apache/kerby/kerb-common/1.0.1/kerb-common-1.0.1.jar:/root/.m2/repository/org/apache/kerby/kerb-crypto/1.0.1/kerb-crypto-1.0.1.jar:/root/.m2/repository/org/apache/kerby/kerb-util/1.0.1/kerb-util-1.0.1.jar:/root/.m2/repository/org/apache/kerby/token-provider/1.0.1/token-provider-1.0.1.jar:/root/.m2/repository/org/apache/kerby/kerb-admin/1.0.1/kerb-admin-1.0.1.jar:/root/.m2/repository/org/apache/kerby/kerb-server/1.0.1/kerb-server-1.0.1.jar:/root/.m2/repository/org/apache/kerby/kerb-identity/1.0.1/kerb-identity-1.0.1.jar:/root/.m2/repository/org/apache/kerby/kerby-xdr/1.0.1/kerby-xdr-1.0.1.jar:/root/.m2/repository/org/slf4j/slf4j-log4j12/1.7.25/slf4j-log4j12-1.7.25.jar:/root/.m2/repository/org/apache/hadoop/hadoop-ozone-objectstore-service/0.5.0-SNAPSHOT/hadoop-ozone-objectstore-service-0.5.0-SNAPSHOT.jar:/root/.m2/repository/org/apache/hadoop/hadoop-ozone-s3gateway/0.5.0-SNAPSHOT/hadoop-ozone-s3gateway-0.5.0-SNAPSHOT.jar:/root/.m2/repository/org/jboss/weld/servlet/weld-servlet/2.4.7.Final/weld-servlet-2.4.7.Final.jar:/root/.m2/repository/org/glassfish/jersey/containers/jersey-container-servlet-core/2.27/jersey-container-servlet-core-2.27.jar:/root/.m2/repository/org/glassfish/hk2/external/javax.inject/2.5.0-b42/javax.inject-2.5.0-b42.jar:/root/.m2/repository/org/glassfish/jersey/core/jersey-common/2.27/jersey-common-2.27.jar:/root/.m2/repository/org/glassfish/hk2/osgi-resource-locator/1.0.1/osgi-resource-locator-1.0.1.jar:/root/.m2/repository/javax/ws/rs/javax.ws.rs-api/2.1/javax.ws.rs-api-2.1.jar:/root/.m2/repository/org/glassfish/jersey/ext/cdi/jersey-cdi1x/2.27/jersey-cdi1x-2.27.jar:/root/.m2/repository/org/glassfish/jersey/inject/jersey-hk2/2.27/jersey-hk2-2.27.jar:/root/.m2/repository/org/glassfish/hk2/hk2-locator/2.5.0-b42/hk2-locator-2.5.0-b42.jar:/root/.m2/repository/org/javassist/javassist/3.22.0-CR2/javassist-3.22.0-CR2.jar:/root/.m2/repository/org/glassfish/hk2/hk2-api/2.5.0/hk2-api-2.5.0.jar:/root/.m2/repository/org/glassfish/hk2/external/jakarta.inject/2.5.0/jakarta.inject-2.5.0.jar:/root/.m2/repository/org/glassfish/hk2/hk2-utils/2.5.0/hk2-utils-2.5.0.jar:/root/.m2/repository/jakarta/annotation/jakarta.annotation-api/1.3.4/jakarta.annotation-api-1.3.4.jar:/root/.m2/repository/org/glassfish/hk2/external/aopalliance-repackaged/2.5.0/aopalliance-repackaged-2.5.0.jar:/root/.m2/repository/com/fasterxml/jackson/dataformat/jackson-dataformat-xml/2.9.0/jackson-dataformat-xml-2.9.0.jar:/root/.m2/repository/com/fasterxml/jackson/core/jackson-core/2.9.5/jackson-core-2.9.5.jar:/root/.m2/repository/com/fasterxml/jackson/module/jackson-module-jaxb-annotations/2.9.5/jackson-module-jaxb-annotations-2.9.5.jar:/root/.m2/repository/javax/enterprise/cdi-api/1.2/cdi-api-1.2.jar:/root/.m2/repository/javax/el/javax.el-api/3.0.0/javax.el-api-3.0.0.jar:/root/.m2/repository/javax/interceptor/javax.interceptor-api/1.2/javax.interceptor-api-1.2.jar:/root/.m2/repository/javax/inject/javax.inject/1/javax.inject-1.jar:/root/.m2/repository/com/sun/xml/bind/jaxb-impl/2.3.0.1/jaxb-impl-2.3.0.1.jar:/root/.m2/repository/com/sun/xml/bind/jaxb-core/2.3.0.1/jaxb-core-2.3.0.1.jar:/root/.m2/repository/javax/xml/bind/jaxb-api/2.3.0/jaxb-api-2.3.0.jar:/root/.m2/repository/javax/activation/activation/1.1.1/activation-1.1.1.jar:/root/.m2/repository/org/apache/hadoop/hadoop-ozone-csi/0.5.0-SNAPSHOT/hadoop-ozone-csi-0.5.0-SNAPSHOT.jar:/root/.m2/repository/com/google/protobuf/protobuf-java-util/3.5.1/protobuf-java-util-3.5.1.jar:/root/.m2/repository/org/apache/hadoop/hadoop-hdds-config/0.5.0-SNAPSHOT/hadoop-hdds-config-0.5.0-SNAPSHOT.jar:/root/.m2/repository/com/google/guava/guava/11.0.2/guava-11.0.2.jar:/root/.m2/repository/com/google/protobuf/protobuf-java/2.5.0/protobuf-java-2.5.0.jar:/root/.m2/repository/io/grpc/grpc-netty/1.17.1/grpc-netty-1.17.1.jar:/root/.m2/repository/io/grpc/grpc-core/1.17.1/grpc-core-1.17.1.jar:/root/.m2/repository/io/grpc/grpc-context/1.17.1/grpc-context-1.17.1.jar:/root/.m2/repository/com/google/errorprone/error_prone_annotations/2.2.0/error_prone_annotations-2.2.0.jar:/root/.m2/repository/org/codehaus/mojo/animal-sniffer-annotations/1.17/animal-sniffer-annotations-1.17.jar:/root/.m2/repository/io/opencensus/opencensus-api/0.17.0/opencensus-api-0.17.0.jar:/root/.m2/repository/io/opencensus/opencensus-contrib-grpc-metrics/0.17.0/opencensus-contrib-grpc-metrics-0.17.0.jar:/root/.m2/repository/io/netty/netty-codec-http2/4.1.30.Final/netty-codec-http2-4.1.30.Final.jar:/root/.m2/repository/io/netty/netty-codec-http/4.1.30.Final/netty-codec-http-4.1.30.Final.jar:/root/.m2/repository/io/netty/netty-codec/4.1.30.Final/netty-codec-4.1.30.Final.jar:/root/.m2/repository/io/netty/netty-handler/4.1.30.Final/netty-handler-4.1.30.Final.jar:/root/.m2/repository/io/netty/netty-handler-proxy/4.1.30.Final/netty-handler-proxy-4.1.30.Final.jar:/root/.m2/repository/io/netty/netty-codec-socks/4.1.30.Final/netty-codec-socks-4.1.30.Final.jar:/root/.m2/repository/io/netty/netty-transport-native-epoll/4.1.30.Final/netty-transport-native-epoll-4.1.30.Final.jar:/root/.m2/repository/io/netty/netty-common/4.1.30.Final/netty-common-4.1.30.Final.jar:/root/.m2/repository/io/netty/netty-buffer/4.1.30.Final/netty-buffer-4.1.30.Final.jar:/root/.m2/repository/io/netty/netty-transport/4.1.30.Final/netty-transport-4.1.30.Final.jar:/root/.m2/repository/io/netty/netty-resolver/4.1.30.Final/netty-resolver-4.1.30.Final.jar:/root/.m2/repository/io/netty/netty-transport-native-unix-common/4.1.30.Final/netty-transport-native-unix-common-4.1.30.Final.jar:/root/.m2/repository/io/grpc/grpc-protobuf/1.17.1/grpc-protobuf-1.17.1.jar:/root/.m2/repository/com/google/api/grpc/proto-google-common-protos/1.0.0/proto-google-common-protos-1.0.0.jar:/root/.m2/repository/io/grpc/grpc-protobuf-lite/1.17.1/grpc-protobuf-lite-1.17.1.jar:/root/.m2/repository/io/grpc/grpc-stub/1.17.1/grpc-stub-1.17.1.jar:/root/.m2/repository/org/apache/hadoop/hadoop-ozone-recon/0.5.0-SNAPSHOT/hadoop-ozone-recon-0.5.0-SNAPSHOT.jar:/root/.m2/repository/org/apache/hadoop/hadoop-ozone-reconcodegen/0.5.0-SNAPSHOT/hadoop-ozone-reconcodegen-0.5.0-SNAPSHOT.jar:/root/.m2/repository/com/google/inject/extensions/guice-multibindings/4.0/guice-multibindings-4.0.jar:/root/.m2/repository/com/google/inject/guice/4.0/guice-4.0.jar:/root/.m2/repository/aopalliance/aopalliance/1.0/aopalliance-1.0.jar:/root/.m2/repository/com/google/inject/extensions/guice-servlet/4.0/guice-servlet-4.0.jar:/root/.m2/repository/org/glassfish/jersey/containers/jersey-container-servlet/2.27/jersey-container-servlet-2.27.jar:/root/.m2/repository/org/glassfish/hk2/guice-bridge/2.5.0/guice-bridge-2.5.0.jar:/root/.m2/repository/org/glassfish/jersey/core/jersey-server/2.27/jersey-server-2.27.jar:/root/.m2/repository/org/glassfish/jersey/core/jersey-client/2.27/jersey-client-2.27.jar:/root/.m2/repository/org/glassfish/jersey/media/jersey-media-jaxb/2.27/jersey-media-jaxb-2.27.jar:/root/.m2/repository/javax/validation/validation-api/1.1.0.Final/validation-api-1.1.0.Final.jar:/root/.m2/repository/org/glassfish/jersey/media/jersey-media-json-jackson/2.27/jersey-media-json-jackson-2.27.jar:/root/.m2/repository/org/glassfish/jersey/ext/jersey-entity-filtering/2.27/jersey-entity-filtering-2.27.jar:/root/.m2/repository/com/google/inject/extensions/guice-assistedinject/4.0/guice-assistedinject-4.0.jar:/root/.m2/repository/org/jooq/jooq/3.11.10/jooq-3.11.10.jar:/root/.m2/repository/org/jooq/jooq-meta/3.11.10/jooq-meta-3.11.10.jar:/root/.m2/repository/org/jooq/jooq-codegen/3.11.10/jooq-codegen-3.11.10.jar:/root/.m2/repository/com/jolbox/bonecp/0.8.0.RELEASE/bonecp-0.8.0.RELEASE.jar:/root/.m2/repository/org/xerial/sqlite-jdbc/3.25.2/sqlite-jdbc-3.25.2.jar:/root/.m2/repository/org/springframework/spring-jdbc/5.1.3.RELEASE/spring-jdbc-5.1.3.RELEASE.jar:/root/.m2/repository/org/springframework/spring-beans/5.1.3.RELEASE/spring-beans-5.1.3.RELEASE.jar:/root/.m2/repository/org/springframework/spring-core/5.1.3.RELEASE/spring-core-5.1.3.RELEASE.jar:/root/.m2/repository/org/springframework/spring-jcl/5.1.3.RELEASE/spring-jcl-5.1.3.RELEASE.jar:/root/.m2/repository/org/springframework/spring-tx/5.1.3.RELEASE/spring-tx-5.1.3.RELEASE.jar:/root/.m2/repository/org/apache/hadoop/hadoop-ozone-client/0.5.0-SNAPSHOT/hadoop-ozone-client-0.5.0-SNAPSHOT.jar:/root/.m2/repository/org/apache/hadoop/hadoop-ozone-ozone-manager/0.5.0-SNAPSHOT/hadoop-ozone-ozone-manager-0.5.0-SNAPSHOT-tests.jar:/root/.m2/repository/junit/junit/4.11/junit-4.11.jar:/root/.m2/repository/org/hamcrest/hamcrest-core/1.3/hamcrest-core-1.3.jar:/root/.m2/repository/org/openjdk/jmh/jmh-core/1.19/jmh-core-1.19.jar:/root/.m2/repository/net/sf/jopt-simple/jopt-simple/4.6/jopt-simple-4.6.jar:/root/.m2/repository/org/apache/commons/commons-math3/3.1.1/commons-math3-3.1.1.jar:/root/.m2/repository/org/openjdk/jmh/jmh-generator-annprocess/1.19/jmh-generator-annprocess-1.19.jar:/root/.m2/repository/org/mockito/mockito-all/1.8.5/mockito-all-1.8.5.jar:/root/.m2/repository/org/apache/hadoop/hadoop-kms/3.2.0/hadoop-kms-3.2.0.jar:/root/.m2/repository/org/apache/hadoop/hadoop-auth/3.2.0/hadoop-auth-3.2.0.jar:/root/.m2/repository/com/nimbusds/nimbus-jose-jwt/4.41.1/nimbus-jose-jwt-4.41.1.jar:/root/.m2/repository/com/github/stephenc/jcip/jcip-annotations/1.0-1/jcip-annotations-1.0-1.jar:/root/.m2/repository/net/minidev/json-smart/2.3/json-smart-2.3.jar:/root/.m2/repository/net/minidev/accessors-smart/1.2/accessors-smart-1.2.jar:/root/.m2/repository/org/ow2/asm/asm/5.0.4/asm-5.0.4.jar:/root/.m2/repository/org/apache/curator/curator-framework/2.12.0/curator-framework-2.12.0.jar:/root/.m2/repository/com/sun/jersey/jersey-core/1.19/jersey-core-1.19.jar:/root/.m2/repository/javax/ws/rs/jsr311-api/1.1.1/jsr311-api-1.1.1.jar:/root/.m2/repository/com/sun/jersey/jersey-server/1.19/jersey-server-1.19.jar:/root/.m2/repository/javax/servlet/javax.servlet-api/3.1.0/javax.servlet-api-3.1.0.jar:/root/.m2/repository/org/eclipse/jetty/jetty-server/9.3.24.v20180605/jetty-server-9.3.24.v20180605.jar:/root/.m2/repository/org/eclipse/jetty/jetty-http/9.3.24.v20180605/jetty-http-9.3.24.v20180605.jar:/root/.m2/repository/org/eclipse/jetty/jetty-io/9.3.24.v20180605/jetty-io-9.3.24.v20180605.jar:/root/.m2/repository/org/eclipse/jetty/jetty-webapp/9.3.24.v20180605/jetty-webapp-9.3.24.v20180605.jar:/root/.m2/repository/org/eclipse/jetty/jetty-xml/9.3.24.v20180605/jetty-xml-9.3.24.v20180605.jar:/root/.m2/repository/log4j/log4j/1.2.17/log4j-1.2.17.jar:/root/.m2/repository/org/slf4j/slf4j-api/1.7.25/slf4j-api-1.7.25.jar:/root/.m2/repository/org/slf4j/jul-to-slf4j/1.7.25/jul-to-slf4j-1.7.25.jar:/root/.m2/repository/org/eclipse/jetty/jetty-util/9.3.24.v20180605/jetty-util-9.3.24.v20180605.jar:/root/.m2/repository/io/dropwizard/metrics/metrics-core/3.2.4/metrics-core-3.2.4.jar:/root/.m2/repository/com/fasterxml/jackson/core/jackson-databind/2.9.5/jackson-databind-2.9.5.jar:/root/.m2/repository/org/apache/hadoop/hadoop-kms/3.2.0/hadoop-kms-3.2.0-tests.jar:/root/.m2/repository/org/apache/hadoop/hadoop-hdds-server-scm/0.5.0-SNAPSHOT/hadoop-hdds-server-scm-0.5.0-SNAPSHOT-tests.jar:/root/.m2/repository/org/hamcrest/hamcrest-all/1.3/hamcrest-all-1.3.jar:/root/.m2/repository/info/picocli/picocli/3.9.6/picocli-3.9.6.jar:/root/.m2/repository/org/apache/hadoop/hadoop-hdds-container-service/0.5.0-SNAPSHOT/hadoop-hdds-container-service-0.5.0-SNAPSHOT-tests.jar:/root/.m2/repository/org/yaml/snakeyaml/1.16/snakeyaml-1.16.jar:/root/.m2/repository/org/apache/hadoop/hadoop-common/3.2.0/hadoop-common-3.2.0-tests.jar:/root/.m2/repository/org/apache/hadoop/hadoop-annotations/3.2.0/hadoop-annotations-3.2.0.jar:/usr/lib/jvm/java-1.8-openjdk/jre/../lib/tools.jar:/root/.m2/repository/commons-cli/commons-cli/1.2/commons-cli-1.2.jar:/root/.m2/repository/org/apache/httpcomponents/httpclient/4.5.2/httpclient-4.5.2.jar:/root/.m2/repository/org/apache/httpcomponents/httpcore/4.4.4/httpcore-4.4.4.jar:/root/.m2/repository/commons-codec/commons-codec/1.11/commons-codec-1.11.jar:/root/.m2/repository/commons-net/commons-net/3.6/commons-net-3.6.jar:/root/.m2/repository/commons-collections/commons-collections/3.2.2/commons-collections-3.2.2.jar:/root/.m2/repository/org/eclipse/jetty/jetty-servlet/9.3.24.v20180605/jetty-servlet-9.3.24.v20180605.jar:/root/.m2/repository/org/eclipse/jetty/jetty-security/9.3.24.v20180605/jetty-security-9.3.24.v20180605.jar:/root/.m2/repository/javax/servlet/jsp/jsp-api/2.1/jsp-api-2.1.jar:/root/.m2/repository/com/sun/jersey/jersey-servlet/1.19/jersey-servlet-1.19.jar:/root/.m2/repository/com/sun/jersey/jersey-json/1.19/jersey-json-1.19.jar:/root/.m2/repository/org/codehaus/jettison/jettison/1.1/jettison-1.1.jar:/root/.m2/repository/org/codehaus/jackson/jackson-core-asl/1.9.13/jackson-core-asl-1.9.13.jar:/root/.m2/repository/org/codehaus/jackson/jackson-mapper-asl/1.9.13/jackson-mapper-asl-1.9.13.jar:/root/.m2/repository/org/codehaus/jackson/jackson-jaxrs/1.9.13/jackson-jaxrs-1.9.13.jar:/root/.m2/repository/org/codehaus/jackson/jackson-xc/1.9.13/jackson-xc-1.9.13.jar:/root/.m2/repository/commons-logging/commons-logging/1.1.3/commons-logging-1.1.3.jar:/root/.m2/repository/commons-beanutils/commons-beanutils/1.9.3/commons-beanutils-1.9.3.jar:/root/.m2/repository/org/apache/commons/commons-configuration2/2.1.1/commons-configuration2-2.1.1.jar:/root/.m2/repository/org/apache/commons/commons-lang3/3.7/commons-lang3-3.7.jar:/root/.m2/repository/org/apache/commons/commons-text/1.4/commons-text-1.4.jar:/root/.m2/repository/org/apache/avro/avro/1.7.7/avro-1.7.7.jar:/root/.m2/repository/com/thoughtworks/paranamer/paranamer/2.3/paranamer-2.3.jar:/root/.m2/repository/org/xerial/snappy/snappy-java/1.0.5/snappy-java-1.0.5.jar:/root/.m2/repository/com/google/re2j/re2j/1.1/re2j-1.1.jar:/root/.m2/repository/com/google/code/gson/gson/2.2.4/gson-2.2.4.jar:/root/.m2/repository/com/jcraft/jsch/0.1.54/jsch-0.1.54.jar:/root/.m2/repository/org/apache/curator/curator-client/2.12.0/curator-client-2.12.0.jar:/root/.m2/repository/org/apache/curator/curator-recipes/2.12.0/curator-recipes-2.12.0.jar:/root/.m2/repository/com/google/code/findbugs/jsr305/3.0.0/jsr305-3.0.0.jar:/root/.m2/repository/org/apache/htrace/htrace-core4/4.1.0-incubating/htrace-core4-4.1.0-incubating.jar:/root/.m2/repository/org/apache/zookeeper/zookeeper/3.4.13/zookeeper-3.4.13.jar:/root/.m2/repository/org/apache/yetus/audience-annotations/0.5.0/audience-annotations-0.5.0.jar:/root/.m2/repository/org/codehaus/woodstox/stax2-api/3.1.4/stax2-api-3.1.4.jar:/root/.m2/repository/com/fasterxml/woodstox/woodstox-core/5.0.3/woodstox-core-5.0.3.jar:/root/.m2/repository/dnsjava/dnsjava/2.1.7/dnsjava-2.1.7.jar:/root/.m2/repository/org/apache/hadoop/hadoop-hdfs/3.2.0/hadoop-hdfs-3.2.0-tests.jar:/root/.m2/repository/org/eclipse/jetty/jetty-util-ajax/9.3.24.v20180605/jetty-util-ajax-9.3.24.v20180605.jar:/root/.m2/repository/commons-daemon/commons-daemon/1.0.13/commons-daemon-1.0.13.jar:/root/.m2/repository/io/netty/netty/3.10.5.Final/netty-3.10.5.Final.jar:/root/.m2/repository/io/netty/netty-all/4.0.52.Final/netty-all-4.0.52.Final.jar:/root/.m2/repository/org/fusesource/leveldbjni/leveldbjni-all/1.8/leveldbjni-all-1.8.jar:"/>
    <property name="java.vm.vendor" value="IcedTea"/>
    <property name="sun.arch.data.model" value="64"/>
    <property name="test.build.dir" value="/opt/src/hadoop-ozone/integration-test/target/test-dir"/>
    <property name="test.cache.data" value=""/>
    <property name="java.vendor.url" value="https://icedtea.classpath.org"/>
    <property name="user.timezone" value=""/>
    <property name="java.vm.specification.version" value="1.8"/>
    <property name="os.name" value="Linux"/>
    <property name="test.build.data" value="/opt/src/hadoop-ozone/integration-test/target/test-dir"/>
    <property name="user.country" value="US"/>
    <property name="sun.java.launcher" value="SUN_STANDARD"/>
    <property name="sun.boot.library.path" value="/usr/lib/jvm/java-1.8-openjdk/jre/lib/amd64"/>
    <property name="sun.java.command" value="/opt/src/hadoop-ozone/integration-test/target/surefire/surefirebooter9049224735459520855.jar /opt/src/hadoop-ozone/integration-test/target/surefire 2019-06-12T23-50-48_832-jvmRun1 surefire639917418365500975tmp surefire_88860886010065231862tmp"/>
    <property name="surefire.test.class.path" value="/opt/src/hadoop-ozone/integration-test/target/test-classes:/opt/src/hadoop-ozone/integration-test/target/classes:/root/.m2/repository/org/apache/hadoop/hadoop-ozone-common/0.5.0-SNAPSHOT/hadoop-ozone-common-0.5.0-SNAPSHOT.jar:/root/.m2/repository/org/apache/commons/commons-compress/1.4.1/commons-compress-1.4.1.jar:/root/.m2/repository/org/tukaani/xz/1.0/xz-1.0.jar:/root/.m2/repository/org/apache/hadoop/hadoop-common/3.2.0/hadoop-common-3.2.0.jar:/root/.m2/repository/org/apache/hadoop/hadoop-hdfs/3.2.0/hadoop-hdfs-3.2.0.jar:/root/.m2/repository/org/apache/hadoop/hadoop-hdfs-client/3.2.0/hadoop-hdfs-client-3.2.0.jar:/root/.m2/repository/com/fasterxml/jackson/core/jackson-annotations/2.9.5/jackson-annotations-2.9.5.jar:/root/.m2/repository/org/apache/hadoop/hadoop-hdds-common/0.5.0-SNAPSHOT/hadoop-hdds-common-0.5.0-SNAPSHOT.jar:/root/.m2/repository/javax/annotation/javax.annotation-api/1.2/javax.annotation-api-1.2.jar:/root/.m2/repository/org/apache/ratis/ratis-server/0.4.0-fe2b15d-SNAPSHOT/ratis-server-0.4.0-fe2b15d-SNAPSHOT.jar:/root/.m2/repository/org/apache/ratis/ratis-thirdparty-misc/0.2.0/ratis-thirdparty-misc-0.2.0.jar:/root/.m2/repository/org/apache/ratis/ratis-proto/0.4.0-fe2b15d-SNAPSHOT/ratis-proto-0.4.0-fe2b15d-SNAPSHOT.jar:/root/.m2/repository/org/apache/ratis/ratis-common/0.4.0-fe2b15d-SNAPSHOT/ratis-common-0.4.0-fe2b15d-SNAPSHOT.jar:/root/.m2/repository/org/apache/ratis/ratis-client/0.4.0-fe2b15d-SNAPSHOT/ratis-client-0.4.0-fe2b15d-SNAPSHOT.jar:/root/.m2/repository/org/apache/ratis/ratis-netty/0.4.0-fe2b15d-SNAPSHOT/ratis-netty-0.4.0-fe2b15d-SNAPSHOT.jar:/root/.m2/repository/org/apache/ratis/ratis-grpc/0.4.0-fe2b15d-SNAPSHOT/ratis-grpc-0.4.0-fe2b15d-SNAPSHOT.jar:/root/.m2/repository/org/rocksdb/rocksdbjni/5.14.2/rocksdbjni-5.14.2.jar:/root/.m2/repository/org/apache/logging/log4j/log4j-api/2.11.0/log4j-api-2.11.0.jar:/root/.m2/repository/org/apache/logging/log4j/log4j-core/2.11.0/log4j-core-2.11.0.jar:/root/.m2/repository/com/lmax/disruptor/3.4.2/disruptor-3.4.2.jar:/root/.m2/repository/org/apache/commons/commons-pool2/2.6.0/commons-pool2-2.6.0.jar:/root/.m2/repository/org/bouncycastle/bcpkix-jdk15on/1.60/bcpkix-jdk15on-1.60.jar:/root/.m2/repository/commons-validator/commons-validator/1.6/commons-validator-1.6.jar:/root/.m2/repository/commons-digester/commons-digester/1.8.1/commons-digester-1.8.1.jar:/root/.m2/repository/io/jaegertracing/jaeger-client/0.33.1/jaeger-client-0.33.1.jar:/root/.m2/repository/io/jaegertracing/jaeger-thrift/0.33.1/jaeger-thrift-0.33.1.jar:/root/.m2/repository/org/apache/thrift/libthrift/0.11.0/libthrift-0.11.0.jar:/root/.m2/repository/com/squareup/okhttp3/okhttp/3.9.0/okhttp-3.9.0.jar:/root/.m2/repository/com/squareup/okio/okio/1.13.0/okio-1.13.0.jar:/root/.m2/repository/io/jaegertracing/jaeger-core/0.33.1/jaeger-core-0.33.1.jar:/root/.m2/repository/io/jaegertracing/jaeger-tracerresolver/0.33.1/jaeger-tracerresolver-0.33.1.jar:/root/.m2/repository/io/opentracing/contrib/opentracing-tracerresolver/0.1.5/opentracing-tracerresolver-0.1.5.jar:/root/.m2/repository/io/opentracing/opentracing-util/0.31.0/opentracing-util-0.31.0.jar:/root/.m2/repository/io/opentracing/opentracing-api/0.31.0/opentracing-api-0.31.0.jar:/root/.m2/repository/io/opentracing/opentracing-noop/0.31.0/opentracing-noop-0.31.0.jar:/root/.m2/repository/org/apache/hadoop/hadoop-hdds-server-framework/0.5.0-SNAPSHOT/hadoop-hdds-server-framework-0.5.0-SNAPSHOT.jar:/root/.m2/repository/org/apache/hadoop/hadoop-hdds-server-scm/0.5.0-SNAPSHOT/hadoop-hdds-server-scm-0.5.0-SNAPSHOT.jar:/root/.m2/repository/org/apache/hadoop/hadoop-hdds-container-service/0.5.0-SNAPSHOT/hadoop-hdds-container-service-0.5.0-SNAPSHOT.jar:/root/.m2/repository/org/apache/hadoop/hadoop-hdds-client/0.5.0-SNAPSHOT/hadoop-hdds-client-0.5.0-SNAPSHOT.jar:/root/.m2/repository/org/apache/hadoop/hadoop-hdds-tools/0.5.0-SNAPSHOT/hadoop-hdds-tools-0.5.0-SNAPSHOT.jar:/root/.m2/repository/org/apache/hadoop/hadoop-ozone-ozone-manager/0.5.0-SNAPSHOT/hadoop-ozone-ozone-manager-0.5.0-SNAPSHOT.jar:/root/.m2/repository/org/apache/hadoop/hadoop-hdds-docs/0.5.0-SNAPSHOT/hadoop-hdds-docs-0.5.0-SNAPSHOT.jar:/root/.m2/repository/org/bouncycastle/bcprov-jdk15on/1.60/bcprov-jdk15on-1.60.jar:/root/.m2/repository/org/apache/hadoop/hadoop-minikdc/3.2.0/hadoop-minikdc-3.2.0.jar:/root/.m2/repository/commons-io/commons-io/2.5/commons-io-2.5.jar:/root/.m2/repository/org/apache/kerby/kerb-simplekdc/1.0.1/kerb-simplekdc-1.0.1.jar:/root/.m2/repository/org/apache/kerby/kerb-client/1.0.1/kerb-client-1.0.1.jar:/root/.m2/repository/org/apache/kerby/kerby-config/1.0.1/kerby-config-1.0.1.jar:/root/.m2/repository/org/apache/kerby/kerb-core/1.0.1/kerb-core-1.0.1.jar:/root/.m2/repository/org/apache/kerby/kerby-pkix/1.0.1/kerby-pkix-1.0.1.jar:/root/.m2/repository/org/apache/kerby/kerby-asn1/1.0.1/kerby-asn1-1.0.1.jar:/root/.m2/repository/org/apache/kerby/kerby-util/1.0.1/kerby-util-1.0.1.jar:/root/.m2/repository/org/apache/kerby/kerb-common/1.0.1/kerb-common-1.0.1.jar:/root/.m2/repository/org/apache/kerby/kerb-crypto/1.0.1/kerb-crypto-1.0.1.jar:/root/.m2/repository/org/apache/kerby/kerb-util/1.0.1/kerb-util-1.0.1.jar:/root/.m2/repository/org/apache/kerby/token-provider/1.0.1/token-provider-1.0.1.jar:/root/.m2/repository/org/apache/kerby/kerb-admin/1.0.1/kerb-admin-1.0.1.jar:/root/.m2/repository/org/apache/kerby/kerb-server/1.0.1/kerb-server-1.0.1.jar:/root/.m2/repository/org/apache/kerby/kerb-identity/1.0.1/kerb-identity-1.0.1.jar:/root/.m2/repository/org/apache/kerby/kerby-xdr/1.0.1/kerby-xdr-1.0.1.jar:/root/.m2/repository/org/slf4j/slf4j-log4j12/1.7.25/slf4j-log4j12-1.7.25.jar:/root/.m2/repository/org/apache/hadoop/hadoop-ozone-objectstore-service/0.5.0-SNAPSHOT/hadoop-ozone-objectstore-service-0.5.0-SNAPSHOT.jar:/root/.m2/repository/org/apache/hadoop/hadoop-ozone-s3gateway/0.5.0-SNAPSHOT/hadoop-ozone-s3gateway-0.5.0-SNAPSHOT.jar:/root/.m2/repository/org/jboss/weld/servlet/weld-servlet/2.4.7.Final/weld-servlet-2.4.7.Final.jar:/root/.m2/repository/org/glassfish/jersey/containers/jersey-container-servlet-core/2.27/jersey-container-servlet-core-2.27.jar:/root/.m2/repository/org/glassfish/hk2/external/javax.inject/2.5.0-b42/javax.inject-2.5.0-b42.jar:/root/.m2/repository/org/glassfish/jersey/core/jersey-common/2.27/jersey-common-2.27.jar:/root/.m2/repository/org/glassfish/hk2/osgi-resource-locator/1.0.1/osgi-resource-locator-1.0.1.jar:/root/.m2/repository/javax/ws/rs/javax.ws.rs-api/2.1/javax.ws.rs-api-2.1.jar:/root/.m2/repository/org/glassfish/jersey/ext/cdi/jersey-cdi1x/2.27/jersey-cdi1x-2.27.jar:/root/.m2/repository/org/glassfish/jersey/inject/jersey-hk2/2.27/jersey-hk2-2.27.jar:/root/.m2/repository/org/glassfish/hk2/hk2-locator/2.5.0-b42/hk2-locator-2.5.0-b42.jar:/root/.m2/repository/org/javassist/javassist/3.22.0-CR2/javassist-3.22.0-CR2.jar:/root/.m2/repository/org/glassfish/hk2/hk2-api/2.5.0/hk2-api-2.5.0.jar:/root/.m2/repository/org/glassfish/hk2/external/jakarta.inject/2.5.0/jakarta.inject-2.5.0.jar:/root/.m2/repository/org/glassfish/hk2/hk2-utils/2.5.0/hk2-utils-2.5.0.jar:/root/.m2/repository/jakarta/annotation/jakarta.annotation-api/1.3.4/jakarta.annotation-api-1.3.4.jar:/root/.m2/repository/org/glassfish/hk2/external/aopalliance-repackaged/2.5.0/aopalliance-repackaged-2.5.0.jar:/root/.m2/repository/com/fasterxml/jackson/dataformat/jackson-dataformat-xml/2.9.0/jackson-dataformat-xml-2.9.0.jar:/root/.m2/repository/com/fasterxml/jackson/core/jackson-core/2.9.5/jackson-core-2.9.5.jar:/root/.m2/repository/com/fasterxml/jackson/module/jackson-module-jaxb-annotations/2.9.5/jackson-module-jaxb-annotations-2.9.5.jar:/root/.m2/repository/javax/enterprise/cdi-api/1.2/cdi-api-1.2.jar:/root/.m2/repository/javax/el/javax.el-api/3.0.0/javax.el-api-3.0.0.jar:/root/.m2/repository/javax/interceptor/javax.interceptor-api/1.2/javax.interceptor-api-1.2.jar:/root/.m2/repository/javax/inject/javax.inject/1/javax.inject-1.jar:/root/.m2/repository/com/sun/xml/bind/jaxb-impl/2.3.0.1/jaxb-impl-2.3.0.1.jar:/root/.m2/repository/com/sun/xml/bind/jaxb-core/2.3.0.1/jaxb-core-2.3.0.1.jar:/root/.m2/repository/javax/xml/bind/jaxb-api/2.3.0/jaxb-api-2.3.0.jar:/root/.m2/repository/javax/activation/activation/1.1.1/activation-1.1.1.jar:/root/.m2/repository/org/apache/hadoop/hadoop-ozone-csi/0.5.0-SNAPSHOT/hadoop-ozone-csi-0.5.0-SNAPSHOT.jar:/root/.m2/repository/com/google/protobuf/protobuf-java-util/3.5.1/protobuf-java-util-3.5.1.jar:/root/.m2/repository/org/apache/hadoop/hadoop-hdds-config/0.5.0-SNAPSHOT/hadoop-hdds-config-0.5.0-SNAPSHOT.jar:/root/.m2/repository/com/google/guava/guava/11.0.2/guava-11.0.2.jar:/root/.m2/repository/com/google/protobuf/protobuf-java/2.5.0/protobuf-java-2.5.0.jar:/root/.m2/repository/io/grpc/grpc-netty/1.17.1/grpc-netty-1.17.1.jar:/root/.m2/repository/io/grpc/grpc-core/1.17.1/grpc-core-1.17.1.jar:/root/.m2/repository/io/grpc/grpc-context/1.17.1/grpc-context-1.17.1.jar:/root/.m2/repository/com/google/errorprone/error_prone_annotations/2.2.0/error_prone_annotations-2.2.0.jar:/root/.m2/repository/org/codehaus/mojo/animal-sniffer-annotations/1.17/animal-sniffer-annotations-1.17.jar:/root/.m2/repository/io/opencensus/opencensus-api/0.17.0/opencensus-api-0.17.0.jar:/root/.m2/repository/io/opencensus/opencensus-contrib-grpc-metrics/0.17.0/opencensus-contrib-grpc-metrics-0.17.0.jar:/root/.m2/repository/io/netty/netty-codec-http2/4.1.30.Final/netty-codec-http2-4.1.30.Final.jar:/root/.m2/repository/io/netty/netty-codec-http/4.1.30.Final/netty-codec-http-4.1.30.Final.jar:/root/.m2/repository/io/netty/netty-codec/4.1.30.Final/netty-codec-4.1.30.Final.jar:/root/.m2/repository/io/netty/netty-handler/4.1.30.Final/netty-handler-4.1.30.Final.jar:/root/.m2/repository/io/netty/netty-handler-proxy/4.1.30.Final/netty-handler-proxy-4.1.30.Final.jar:/root/.m2/repository/io/netty/netty-codec-socks/4.1.30.Final/netty-codec-socks-4.1.30.Final.jar:/root/.m2/repository/io/netty/netty-transport-native-epoll/4.1.30.Final/netty-transport-native-epoll-4.1.30.Final.jar:/root/.m2/repository/io/netty/netty-common/4.1.30.Final/netty-common-4.1.30.Final.jar:/root/.m2/repository/io/netty/netty-buffer/4.1.30.Final/netty-buffer-4.1.30.Final.jar:/root/.m2/repository/io/netty/netty-transport/4.1.30.Final/netty-transport-4.1.30.Final.jar:/root/.m2/repository/io/netty/netty-resolver/4.1.30.Final/netty-resolver-4.1.30.Final.jar:/root/.m2/repository/io/netty/netty-transport-native-unix-common/4.1.30.Final/netty-transport-native-unix-common-4.1.30.Final.jar:/root/.m2/repository/io/grpc/grpc-protobuf/1.17.1/grpc-protobuf-1.17.1.jar:/root/.m2/repository/com/google/api/grpc/proto-google-common-protos/1.0.0/proto-google-common-protos-1.0.0.jar:/root/.m2/repository/io/grpc/grpc-protobuf-lite/1.17.1/grpc-protobuf-lite-1.17.1.jar:/root/.m2/repository/io/grpc/grpc-stub/1.17.1/grpc-stub-1.17.1.jar:/root/.m2/repository/org/apache/hadoop/hadoop-ozone-recon/0.5.0-SNAPSHOT/hadoop-ozone-recon-0.5.0-SNAPSHOT.jar:/root/.m2/repository/org/apache/hadoop/hadoop-ozone-reconcodegen/0.5.0-SNAPSHOT/hadoop-ozone-reconcodegen-0.5.0-SNAPSHOT.jar:/root/.m2/repository/com/google/inject/extensions/guice-multibindings/4.0/guice-multibindings-4.0.jar:/root/.m2/repository/com/google/inject/guice/4.0/guice-4.0.jar:/root/.m2/repository/aopalliance/aopalliance/1.0/aopalliance-1.0.jar:/root/.m2/repository/com/google/inject/extensions/guice-servlet/4.0/guice-servlet-4.0.jar:/root/.m2/repository/org/glassfish/jersey/containers/jersey-container-servlet/2.27/jersey-container-servlet-2.27.jar:/root/.m2/repository/org/glassfish/hk2/guice-bridge/2.5.0/guice-bridge-2.5.0.jar:/root/.m2/repository/org/glassfish/jersey/core/jersey-server/2.27/jersey-server-2.27.jar:/root/.m2/repository/org/glassfish/jersey/core/jersey-client/2.27/jersey-client-2.27.jar:/root/.m2/repository/org/glassfish/jersey/media/jersey-media-jaxb/2.27/jersey-media-jaxb-2.27.jar:/root/.m2/repository/javax/validation/validation-api/1.1.0.Final/validation-api-1.1.0.Final.jar:/root/.m2/repository/org/glassfish/jersey/media/jersey-media-json-jackson/2.27/jersey-media-json-jackson-2.27.jar:/root/.m2/repository/org/glassfish/jersey/ext/jersey-entity-filtering/2.27/jersey-entity-filtering-2.27.jar:/root/.m2/repository/com/google/inject/extensions/guice-assistedinject/4.0/guice-assistedinject-4.0.jar:/root/.m2/repository/org/jooq/jooq/3.11.10/jooq-3.11.10.jar:/root/.m2/repository/org/jooq/jooq-meta/3.11.10/jooq-meta-3.11.10.jar:/root/.m2/repository/org/jooq/jooq-codegen/3.11.10/jooq-codegen-3.11.10.jar:/root/.m2/repository/com/jolbox/bonecp/0.8.0.RELEASE/bonecp-0.8.0.RELEASE.jar:/root/.m2/repository/org/xerial/sqlite-jdbc/3.25.2/sqlite-jdbc-3.25.2.jar:/root/.m2/repository/org/springframework/spring-jdbc/5.1.3.RELEASE/spring-jdbc-5.1.3.RELEASE.jar:/root/.m2/repository/org/springframework/spring-beans/5.1.3.RELEASE/spring-beans-5.1.3.RELEASE.jar:/root/.m2/repository/org/springframework/spring-core/5.1.3.RELEASE/spring-core-5.1.3.RELEASE.jar:/root/.m2/repository/org/springframework/spring-jcl/5.1.3.RELEASE/spring-jcl-5.1.3.RELEASE.jar:/root/.m2/repository/org/springframework/spring-tx/5.1.3.RELEASE/spring-tx-5.1.3.RELEASE.jar:/root/.m2/repository/org/apache/hadoop/hadoop-ozone-client/0.5.0-SNAPSHOT/hadoop-ozone-client-0.5.0-SNAPSHOT.jar:/root/.m2/repository/org/apache/hadoop/hadoop-ozone-ozone-manager/0.5.0-SNAPSHOT/hadoop-ozone-ozone-manager-0.5.0-SNAPSHOT-tests.jar:/root/.m2/repository/junit/junit/4.11/junit-4.11.jar:/root/.m2/repository/org/hamcrest/hamcrest-core/1.3/hamcrest-core-1.3.jar:/root/.m2/repository/org/openjdk/jmh/jmh-core/1.19/jmh-core-1.19.jar:/root/.m2/repository/net/sf/jopt-simple/jopt-simple/4.6/jopt-simple-4.6.jar:/root/.m2/repository/org/apache/commons/commons-math3/3.1.1/commons-math3-3.1.1.jar:/root/.m2/repository/org/openjdk/jmh/jmh-generator-annprocess/1.19/jmh-generator-annprocess-1.19.jar:/root/.m2/repository/org/mockito/mockito-all/1.8.5/mockito-all-1.8.5.jar:/root/.m2/repository/org/apache/hadoop/hadoop-kms/3.2.0/hadoop-kms-3.2.0.jar:/root/.m2/repository/org/apache/hadoop/hadoop-auth/3.2.0/hadoop-auth-3.2.0.jar:/root/.m2/repository/com/nimbusds/nimbus-jose-jwt/4.41.1/nimbus-jose-jwt-4.41.1.jar:/root/.m2/repository/com/github/stephenc/jcip/jcip-annotations/1.0-1/jcip-annotations-1.0-1.jar:/root/.m2/repository/net/minidev/json-smart/2.3/json-smart-2.3.jar:/root/.m2/repository/net/minidev/accessors-smart/1.2/accessors-smart-1.2.jar:/root/.m2/repository/org/ow2/asm/asm/5.0.4/asm-5.0.4.jar:/root/.m2/repository/org/apache/curator/curator-framework/2.12.0/curator-framework-2.12.0.jar:/root/.m2/repository/com/sun/jersey/jersey-core/1.19/jersey-core-1.19.jar:/root/.m2/repository/javax/ws/rs/jsr311-api/1.1.1/jsr311-api-1.1.1.jar:/root/.m2/repository/com/sun/jersey/jersey-server/1.19/jersey-server-1.19.jar:/root/.m2/repository/javax/servlet/javax.servlet-api/3.1.0/javax.servlet-api-3.1.0.jar:/root/.m2/repository/org/eclipse/jetty/jetty-server/9.3.24.v20180605/jetty-server-9.3.24.v20180605.jar:/root/.m2/repository/org/eclipse/jetty/jetty-http/9.3.24.v20180605/jetty-http-9.3.24.v20180605.jar:/root/.m2/repository/org/eclipse/jetty/jetty-io/9.3.24.v20180605/jetty-io-9.3.24.v20180605.jar:/root/.m2/repository/org/eclipse/jetty/jetty-webapp/9.3.24.v20180605/jetty-webapp-9.3.24.v20180605.jar:/root/.m2/repository/org/eclipse/jetty/jetty-xml/9.3.24.v20180605/jetty-xml-9.3.24.v20180605.jar:/root/.m2/repository/log4j/log4j/1.2.17/log4j-1.2.17.jar:/root/.m2/repository/org/slf4j/slf4j-api/1.7.25/slf4j-api-1.7.25.jar:/root/.m2/repository/org/slf4j/jul-to-slf4j/1.7.25/jul-to-slf4j-1.7.25.jar:/root/.m2/repository/org/eclipse/jetty/jetty-util/9.3.24.v20180605/jetty-util-9.3.24.v20180605.jar:/root/.m2/repository/io/dropwizard/metrics/metrics-core/3.2.4/metrics-core-3.2.4.jar:/root/.m2/repository/com/fasterxml/jackson/core/jackson-databind/2.9.5/jackson-databind-2.9.5.jar:/root/.m2/repository/org/apache/hadoop/hadoop-kms/3.2.0/hadoop-kms-3.2.0-tests.jar:/root/.m2/repository/org/apache/hadoop/hadoop-hdds-server-scm/0.5.0-SNAPSHOT/hadoop-hdds-server-scm-0.5.0-SNAPSHOT-tests.jar:/root/.m2/repository/org/hamcrest/hamcrest-all/1.3/hamcrest-all-1.3.jar:/root/.m2/repository/info/picocli/picocli/3.9.6/picocli-3.9.6.jar:/root/.m2/repository/org/apache/hadoop/hadoop-hdds-container-service/0.5.0-SNAPSHOT/hadoop-hdds-container-service-0.5.0-SNAPSHOT-tests.jar:/root/.m2/repository/org/yaml/snakeyaml/1.16/snakeyaml-1.16.jar:/root/.m2/repository/org/apache/hadoop/hadoop-common/3.2.0/hadoop-common-3.2.0-tests.jar:/root/.m2/repository/org/apache/hadoop/hadoop-annotations/3.2.0/hadoop-annotations-3.2.0.jar:/usr/lib/jvm/java-1.8-openjdk/jre/../lib/tools.jar:/root/.m2/repository/commons-cli/commons-cli/1.2/commons-cli-1.2.jar:/root/.m2/repository/org/apache/httpcomponents/httpclient/4.5.2/httpclient-4.5.2.jar:/root/.m2/repository/org/apache/httpcomponents/httpcore/4.4.4/httpcore-4.4.4.jar:/root/.m2/repository/commons-codec/commons-codec/1.11/commons-codec-1.11.jar:/root/.m2/repository/commons-net/commons-net/3.6/commons-net-3.6.jar:/root/.m2/repository/commons-collections/commons-collections/3.2.2/commons-collections-3.2.2.jar:/root/.m2/repository/org/eclipse/jetty/jetty-servlet/9.3.24.v20180605/jetty-servlet-9.3.24.v20180605.jar:/root/.m2/repository/org/eclipse/jetty/jetty-security/9.3.24.v20180605/jetty-security-9.3.24.v20180605.jar:/root/.m2/repository/javax/servlet/jsp/jsp-api/2.1/jsp-api-2.1.jar:/root/.m2/repository/com/sun/jersey/jersey-servlet/1.19/jersey-servlet-1.19.jar:/root/.m2/repository/com/sun/jersey/jersey-json/1.19/jersey-json-1.19.jar:/root/.m2/repository/org/codehaus/jettison/jettison/1.1/jettison-1.1.jar:/root/.m2/repository/org/codehaus/jackson/jackson-core-asl/1.9.13/jackson-core-asl-1.9.13.jar:/root/.m2/repository/org/codehaus/jackson/jackson-mapper-asl/1.9.13/jackson-mapper-asl-1.9.13.jar:/root/.m2/repository/org/codehaus/jackson/jackson-jaxrs/1.9.13/jackson-jaxrs-1.9.13.jar:/root/.m2/repository/org/codehaus/jackson/jackson-xc/1.9.13/jackson-xc-1.9.13.jar:/root/.m2/repository/commons-logging/commons-logging/1.1.3/commons-logging-1.1.3.jar:/root/.m2/repository/commons-beanutils/commons-beanutils/1.9.3/commons-beanutils-1.9.3.jar:/root/.m2/repository/org/apache/commons/commons-configuration2/2.1.1/commons-configuration2-2.1.1.jar:/root/.m2/repository/org/apache/commons/commons-lang3/3.7/commons-lang3-3.7.jar:/root/.m2/repository/org/apache/commons/commons-text/1.4/commons-text-1.4.jar:/root/.m2/repository/org/apache/avro/avro/1.7.7/avro-1.7.7.jar:/root/.m2/repository/com/thoughtworks/paranamer/paranamer/2.3/paranamer-2.3.jar:/root/.m2/repository/org/xerial/snappy/snappy-java/1.0.5/snappy-java-1.0.5.jar:/root/.m2/repository/com/google/re2j/re2j/1.1/re2j-1.1.jar:/root/.m2/repository/com/google/code/gson/gson/2.2.4/gson-2.2.4.jar:/root/.m2/repository/com/jcraft/jsch/0.1.54/jsch-0.1.54.jar:/root/.m2/repository/org/apache/curator/curator-client/2.12.0/curator-client-2.12.0.jar:/root/.m2/repository/org/apache/curator/curator-recipes/2.12.0/curator-recipes-2.12.0.jar:/root/.m2/repository/com/google/code/findbugs/jsr305/3.0.0/jsr305-3.0.0.jar:/root/.m2/repository/org/apache/htrace/htrace-core4/4.1.0-incubating/htrace-core4-4.1.0-incubating.jar:/root/.m2/repository/org/apache/zookeeper/zookeeper/3.4.13/zookeeper-3.4.13.jar:/root/.m2/repository/org/apache/yetus/audience-annotations/0.5.0/audience-annotations-0.5.0.jar:/root/.m2/repository/org/codehaus/woodstox/stax2-api/3.1.4/stax2-api-3.1.4.jar:/root/.m2/repository/com/fasterxml/woodstox/woodstox-core/5.0.3/woodstox-core-5.0.3.jar:/root/.m2/repository/dnsjava/dnsjava/2.1.7/dnsjava-2.1.7.jar:/root/.m2/repository/org/apache/hadoop/hadoop-hdfs/3.2.0/hadoop-hdfs-3.2.0-tests.jar:/root/.m2/repository/org/eclipse/jetty/jetty-util-ajax/9.3.24.v20180605/jetty-util-ajax-9.3.24.v20180605.jar:/root/.m2/repository/commons-daemon/commons-daemon/1.0.13/commons-daemon-1.0.13.jar:/root/.m2/repository/io/netty/netty/3.10.5.Final/netty-3.10.5.Final.jar:/root/.m2/repository/io/netty/netty-all/4.0.52.Final/netty-all-4.0.52.Final.jar:/root/.m2/repository/org/fusesource/leveldbjni/leveldbjni-all/1.8/leveldbjni-all-1.8.jar:"/>
    <property name="sun.cpu.endian" value="little"/>
    <property name="user.home" value="/root"/>
    <property name="user.language" value="en"/>
    <property name="java.specification.vendor" value="Oracle Corporation"/>
    <property name="java.home" value="/usr/lib/jvm/java-1.8-openjdk/jre"/>
    <property name="java.security.krb5.conf" value="/opt/src/hadoop-ozone/integration-test/target/test-classes/krb5.conf"/>
    <property name="basedir" value="/opt/src/hadoop-ozone/integration-test"/>
    <property name="file.separator" value="/"/>
    <property name="line.separator" value="&#10;"/>
    <property name="java.vm.specification.vendor" value="Oracle Corporation"/>
    <property name="java.specification.name" value="Java Platform API Specification"/>
    <property name="java.awt.graphicsenv" value="sun.awt.X11GraphicsEnvironment"/>
    <property name="surefire.real.class.path" value="/opt/src/hadoop-ozone/integration-test/target/surefire/surefirebooter9049224735459520855.jar"/>
    <property name="hadoop.log.dir" value="/opt/src/hadoop-ozone/integration-test/target/log"/>
    <property name="sun.boot.class.path" value="/usr/lib/jvm/java-1.8-openjdk/jre/lib/resources.jar:/usr/lib/jvm/java-1.8-openjdk/jre/lib/rt.jar:/usr/lib/jvm/java-1.8-openjdk/jre/lib/sunrsasign.jar:/usr/lib/jvm/java-1.8-openjdk/jre/lib/jsse.jar:/usr/lib/jvm/java-1.8-openjdk/jre/lib/jce.jar:/usr/lib/jvm/java-1.8-openjdk/jre/lib/charsets.jar:/usr/lib/jvm/java-1.8-openjdk/jre/lib/jfr.jar:/usr/lib/jvm/java-1.8-openjdk/jre/classes"/>
    <property name="sun.management.compiler" value="HotSpot 64-Bit Tiered Compilers"/>
    <property name="java.runtime.version" value="1.8.0_212-b04"/>
    <property name="java.net.preferIPv4Stack" value="true"/>
    <property name="user.name" value="root"/>
    <property name="path.separator" value=":"/>
    <property name="java.security.egd" value="file:///dev/urandom"/>
    <property name="os.version" value="4.15.0-1021-aws"/>
    <property name="java.endorsed.dirs" value="/usr/lib/jvm/java-1.8-openjdk/jre/lib/endorsed"/>
    <property name="java.runtime.name" value="OpenJDK Runtime Environment"/>
    <property name="file.encoding" value="UTF-8"/>
    <property name="java.vm.name" value="OpenJDK 64-Bit Server VM"/>
    <property name="test.build.webapps" value=""/>
    <property name="localRepository" value="/root/.m2/repository"/>
    <property name="java.vendor.url.bug" value="https://icedtea.classpath.org/bugzilla"/>
    <property name="java.io.tmpdir" value="/tmp"/>
    <property name="require.test.libhadoop" value=""/>
    <property name="java.version" value="1.8.0_212"/>
    <property name="user.dir" value="/opt/src/hadoop-ozone/integration-test"/>
    <property name="os.arch" value="amd64"/>
    <property name="java.vm.specification.name" value="Java Virtual Machine Specification"/>
    <property name="test.build.classes" value="/opt/src/hadoop-ozone/integration-test/target/test-classes"/>
    <property name="java.awt.printerjob" value="sun.print.PSPrinterJob"/>
    <property name="sun.os.patch.level" value="unknown"/>
    <property name="hadoop.tmp.dir" value="/opt/src/hadoop-ozone/integration-test/target/tmp"/>
    <property name="java.library.path" value="/usr/lib/jvm/java-1.8-openjdk/jre/lib/amd64/server:/usr/lib/jvm/java-1.8-openjdk/jre/lib/amd64:/usr/lib/jvm/java-1.8-openjdk/jre/../lib/amd64:/opt/src/hadoop-ozone/integration-test/target/native/target/usr/local/lib:/opt/src/hadoop-ozone/integration-test/../../hadoop-common-project/hadoop-common/target/native/target/usr/local/lib:/usr/java/packages/lib/amd64:/usr/lib64:/lib64:/lib:/usr/lib"/>
    <property name="java.vm.info" value="mixed mode"/>
    <property name="java.vendor" value="IcedTea"/>
    <property name="java.vm.version" value="25.212-b04"/>
    <property name="java.ext.dirs" value="/usr/lib/jvm/java-1.8-openjdk/jre/lib/ext:/usr/java/packages/lib/ext"/>
    <property name="sun.io.unicode.encoding" value="UnicodeLittle"/>
    <property name="java.class.version" value="52.0"/>
  </properties>
  <testcase name="testPipelineFail" classname="org.apache.hadoop.hdds.scm.pipeline.TestNodeFailure" time="0">
    <skipped/>
    <system-out><![CDATA[2019-06-12 23:54:42,748 WARN  server.ServerUtils (ServerUtils.java:getScmDbDir(145)) - ozone.scm.db.dirs is not configured. We recommend adding this setting. Falling back to ozone.metadata.dirs instead.
2019-06-12 23:54:42,809 WARN  server.ServerUtils (ServerUtils.java:getScmDbDir(145)) - ozone.scm.db.dirs is not configured. We recommend adding this setting. Falling back to ozone.metadata.dirs instead.
2019-06-12 23:54:42,811 WARN  server.ServerUtils (ServerUtils.java:getScmDbDir(145)) - ozone.scm.db.dirs is not configured. We recommend adding this setting. Falling back to ozone.metadata.dirs instead.
2019-06-12 23:54:42,824 INFO  util.log (Log.java:initialized(192)) - Logging initialized @664ms
2019-06-12 23:54:42,904 INFO  db.DBStoreBuilder (DBStoreBuilder.java:addTable(110)) - using custom profile for table: deletedBlocks
2019-06-12 23:54:42,905 INFO  db.DBStoreBuilder (DBStoreBuilder.java:processTables(161)) - Using default column profile:DBProfile.DISK for Table:deletedBlocks
2019-06-12 23:54:42,905 INFO  db.DBStoreBuilder (DBStoreBuilder.java:addTable(110)) - using custom profile for table: validCerts
2019-06-12 23:54:42,905 INFO  db.DBStoreBuilder (DBStoreBuilder.java:processTables(161)) - Using default column profile:DBProfile.DISK for Table:validCerts
2019-06-12 23:54:42,906 INFO  db.DBStoreBuilder (DBStoreBuilder.java:addTable(110)) - using custom profile for table: revokedCerts
2019-06-12 23:54:42,906 INFO  db.DBStoreBuilder (DBStoreBuilder.java:processTables(161)) - Using default column profile:DBProfile.DISK for Table:revokedCerts
2019-06-12 23:54:42,915 INFO  db.DBStoreBuilder (DBStoreBuilder.java:addTable(110)) - using custom profile for table: default
2019-06-12 23:54:42,915 INFO  db.DBStoreBuilder (DBStoreBuilder.java:processTables(167)) - Using default column profile:DBProfile.DISK for Table:default
2019-06-12 23:54:42,916 INFO  db.DBStoreBuilder (DBStoreBuilder.java:getDbProfile(198)) - Using default options. DBProfile.DISK
2019-06-12 23:54:42,979 INFO  node.SCMNodeManager (SCMNodeManager.java:<init>(108)) - Entering startup safe mode.
2019-06-12 23:54:43,027 INFO  net.NodeSchemaLoader (NodeSchemaLoader.java:loadSchemaFromFile(125)) - Loading file from sun.misc.CompoundEnumeration@443118b0
2019-06-12 23:54:43,028 INFO  net.NodeSchemaLoader (NodeSchemaLoader.java:loadSchema(171)) - Loading network topology layer schema file
2019-06-12 23:54:43,073 WARN  server.ServerUtils (ServerUtils.java:getScmDbDir(145)) - ozone.scm.db.dirs is not configured. We recommend adding this setting. Falling back to ozone.metadata.dirs instead.
2019-06-12 23:54:43,094 INFO  pipeline.SCMPipelineManager (SCMPipelineManager.java:initializePipelineState(126)) - No pipeline exists in current db
2019-06-12 23:54:43,096 WARN  server.ServerUtils (ServerUtils.java:getScmDbDir(145)) - ozone.scm.db.dirs is not configured. We recommend adding this setting. Falling back to ozone.metadata.dirs instead.
2019-06-12 23:54:43,149 WARN  events.EventQueue (EventQueue.java:fireEvent(175)) - No event handler registered for event TypedEvent{payloadType=SafeModeStatus, name='SafeModeStatus'}
2019-06-12 23:54:43,412 INFO  ipc.CallQueueManager (CallQueueManager.java:<init>(84)) - Using callQueue: class java.util.concurrent.LinkedBlockingQueue, queueCapacity: 2000, scheduler: class org.apache.hadoop.ipc.DefaultRpcScheduler, ipcBackoff: false.
2019-06-12 23:54:43,440 INFO  ipc.Server (Server.java:run(1074)) - Starting Socket Reader #1 for port 37223
2019-06-12 23:54:43,461 INFO  ipc.CallQueueManager (CallQueueManager.java:<init>(84)) - Using callQueue: class java.util.concurrent.LinkedBlockingQueue, queueCapacity: 2000, scheduler: class org.apache.hadoop.ipc.DefaultRpcScheduler, ipcBackoff: false.
2019-06-12 23:54:43,461 INFO  ipc.Server (Server.java:run(1074)) - Starting Socket Reader #1 for port 40949
2019-06-12 23:54:43,466 INFO  ipc.CallQueueManager (CallQueueManager.java:<init>(84)) - Using callQueue: class java.util.concurrent.LinkedBlockingQueue, queueCapacity: 2000, scheduler: class org.apache.hadoop.ipc.DefaultRpcScheduler, ipcBackoff: false.
2019-06-12 23:54:43,490 INFO  ipc.Server (Server.java:run(1074)) - Starting Socket Reader #1 for port 43069
2019-06-12 23:54:43,510 INFO  hdfs.DFSUtil (DFSUtil.java:httpServerTemplateForNNAndJN(1641)) - Starting Web-server for scm at: http://0.0.0.0:0
2019-06-12 23:54:43,638 INFO  server.AuthenticationFilter (AuthenticationFilter.java:constructSecretProvider(240)) - Unable to initialize FileSignerSecretProvider, falling back to use random secrets.
2019-06-12 23:54:43,644 WARN  http.HttpRequestLog (HttpRequestLog.java:getRequestLog(97)) - Jetty request log can only be enabled using Log4j
2019-06-12 23:54:43,650 INFO  http.HttpServer2 (HttpServer2.java:addGlobalFilter(975)) - Added global filter 'safety' (class=org.apache.hadoop.http.HttpServer2$QuotingInputFilter)
2019-06-12 23:54:43,651 INFO  http.HttpServer2 (HttpServer2.java:addFilter(948)) - Added filter static_user_filter (class=org.apache.hadoop.http.lib.StaticUserWebFilter$StaticUserFilter) to context scm
2019-06-12 23:54:43,652 INFO  http.HttpServer2 (HttpServer2.java:addFilter(958)) - Added filter static_user_filter (class=org.apache.hadoop.http.lib.StaticUserWebFilter$StaticUserFilter) to context logs
2019-06-12 23:54:43,652 INFO  http.HttpServer2 (HttpServer2.java:addFilter(958)) - Added filter static_user_filter (class=org.apache.hadoop.http.lib.StaticUserWebFilter$StaticUserFilter) to context static
2019-06-12 23:54:43,671 INFO  server.StorageContainerManager (StorageContainerManager.java:start(752)) - StorageContainerLocationProtocol RPC server is listening at /0.0.0.0:43069
2019-06-12 23:54:43,716 WARN  impl.MetricsConfig (MetricsConfig.java:loadFirst(134)) - Cannot locate configuration: tried hadoop-metrics2-storagecontainermanager.properties,hadoop-metrics2.properties
2019-06-12 23:54:43,725 INFO  impl.MetricsSystemImpl (MetricsSystemImpl.java:startTimer(374)) - Scheduled Metric snapshot period at 10 second(s).
2019-06-12 23:54:43,725 INFO  impl.MetricsSystemImpl (MetricsSystemImpl.java:start(191)) - StorageContainerManager metrics system started
2019-06-12 23:54:43,885 INFO  server.SCMClientProtocolServer (SCMClientProtocolServer.java:start(149)) - RPC server for Client  is listening at /0.0.0.0:43069
2019-06-12 23:54:43,885 INFO  ipc.Server (Server.java:run(1314)) - IPC Server Responder: starting
2019-06-12 23:54:43,885 INFO  ipc.Server (Server.java:run(1153)) - IPC Server listener on 43069: starting
2019-06-12 23:54:43,888 INFO  server.StorageContainerManager (StorageContainerManager.java:start(761)) - ScmBlockLocationProtocol RPC server is listening at /0.0.0.0:40949
2019-06-12 23:54:43,888 INFO  server.SCMBlockProtocolServer (SCMBlockProtocolServer.java:start(137)) - RPC server for Block Protocol is listening at /0.0.0.0:40949
2019-06-12 23:54:43,888 INFO  ipc.Server (Server.java:run(1314)) - IPC Server Responder: starting
2019-06-12 23:54:43,888 INFO  ipc.Server (Server.java:run(1153)) - IPC Server listener on 40949: starting
2019-06-12 23:54:43,901 INFO  server.StorageContainerManager (StorageContainerManager.java:start(765)) - ScmDatanodeProtocl RPC server is listening at /0.0.0.0:37223
2019-06-12 23:54:43,901 INFO  server.SCMDatanodeProtocolServer (SCMDatanodeProtocolServer.java:start(191)) - RPC server for DataNodes is listening at /0.0.0.0:37223
2019-06-12 23:54:43,902 INFO  ipc.Server (Server.java:run(1314)) - IPC Server Responder: starting
2019-06-12 23:54:43,902 INFO  ipc.Server (Server.java:run(1153)) - IPC Server listener on 37223: starting
2019-06-12 23:54:43,904 INFO  http.HttpServer2 (HttpServer2.java:bindListener(1191)) - Jetty bound to port 41755
2019-06-12 23:54:43,906 INFO  server.Server (Server.java:doStart(351)) - jetty-9.3.24.v20180605, build timestamp: 2018-06-05T17:11:56Z, git hash: 84205aa28f11a4f31f2a3b86d1bba2cc8ab69827
2019-06-12 23:54:43,936 INFO  handler.ContextHandler (ContextHandler.java:doStart(781)) - Started o.e.j.s.ServletContextHandler@2df6226d{/logs,file:///opt/src/hadoop-ozone/integration-test/target/log,AVAILABLE}
2019-06-12 23:54:43,937 INFO  handler.ContextHandler (ContextHandler.java:doStart(781)) - Started o.e.j.s.ServletContextHandler@4ff4357f{/static,file:///opt/src/hadoop-ozone/integration-test/target/test-classes/webapps/static,AVAILABLE}
2019-06-12 23:54:43,961 INFO  handler.ContextHandler (ContextHandler.java:doStart(781)) - Started o.e.j.w.WebAppContext@2484f433{/,file:///opt/src/hadoop-ozone/integration-test/target/test-classes/webapps/scm/,AVAILABLE}{/scm}
2019-06-12 23:54:43,965 INFO  server.AbstractConnector (AbstractConnector.java:doStart(278)) - Started ServerConnector@841e575{HTTP/1.1,[http/1.1]}{0.0.0.0:41755}
2019-06-12 23:54:43,965 INFO  server.Server (Server.java:doStart(419)) - Started @1805ms
2019-06-12 23:54:43,966 INFO  server.BaseHttpServer (BaseHttpServer.java:updateConnectorAddress(207)) - HTTP server of SCM is listening at http://0.0.0.0:41755
2019-06-12 23:54:43,974 INFO  util.JvmPauseMonitor (JvmPauseMonitor.java:run(188)) - Starting JVM pause monitor
2019-06-12 23:54:43,977 WARN  scm.ScmUtils (ScmUtils.java:getDBPath(63)) - ozone.om.db.dirs is not configured. We recommend adding this setting. Falling back to ozone.metadata.dirs instead.
2019-06-12 23:54:44,047 WARN  scm.ScmUtils (ScmUtils.java:getDBPath(63)) - ozone.om.db.dirs is not configured. We recommend adding this setting. Falling back to ozone.metadata.dirs instead.
2019-06-12 23:54:44,048 INFO  om.OzoneManager (OzoneManager.java:setOMNodeDetails(519)) - OM Service ID is not set. Setting it to the default ID: omServiceIdDefault
2019-06-12 23:54:44,048 INFO  om.OzoneManager (OzoneManager.java:setOMNodeDetails(525)) - OM Node ID is not set. Setting it to the OmStorage's OmID: cbc9f395-1d1c-4883-b2c5-323abf47e3c9
2019-06-12 23:54:44,049 WARN  scm.HddsServerUtil (HddsServerUtil.java:getDefaultRatisDirectory(354)) - Storage directory for Ratis is not configured. It is a good idea to map this to an SSD disk. Falling back to ozone.metadata.dirs
2019-06-12 23:54:44,050 WARN  scm.HddsServerUtil (HddsServerUtil.java:getDefaultRatisDirectory(354)) - Storage directory for Ratis is not configured. It is a good idea to map this to an SSD disk. Falling back to ozone.metadata.dirs
2019-06-12 23:54:44,050 INFO  om.OzoneManager (OzoneManager.java:loadOMHAConfigs(476)) - Found matching OM address with OMServiceId: null, OMNodeId: null, RPC Address: localhost:0 and Ratis port: 9872
2019-06-12 23:54:44,210 WARN  scm.ScmUtils (ScmUtils.java:getDBPath(63)) - ozone.om.db.dirs is not configured. We recommend adding this setting. Falling back to ozone.metadata.dirs instead.
2019-06-12 23:54:44,215 INFO  db.DBStoreBuilder (DBStoreBuilder.java:addTable(110)) - using custom profile for table: userTable
2019-06-12 23:54:44,215 INFO  db.DBStoreBuilder (DBStoreBuilder.java:processTables(161)) - Using default column profile:DBProfile.DISK for Table:userTable
2019-06-12 23:54:44,216 INFO  db.DBStoreBuilder (DBStoreBuilder.java:addTable(110)) - using custom profile for table: volumeTable
2019-06-12 23:54:44,216 INFO  db.DBStoreBuilder (DBStoreBuilder.java:processTables(161)) - Using default column profile:DBProfile.DISK for Table:volumeTable
2019-06-12 23:54:44,216 INFO  db.DBStoreBuilder (DBStoreBuilder.java:addTable(110)) - using custom profile for table: bucketTable
2019-06-12 23:54:44,216 INFO  db.DBStoreBuilder (DBStoreBuilder.java:processTables(161)) - Using default column profile:DBProfile.DISK for Table:bucketTable
2019-06-12 23:54:44,216 INFO  db.DBStoreBuilder (DBStoreBuilder.java:addTable(110)) - using custom profile for table: keyTable
2019-06-12 23:54:44,217 INFO  db.DBStoreBuilder (DBStoreBuilder.java:processTables(161)) - Using default column profile:DBProfile.DISK for Table:keyTable
2019-06-12 23:54:44,217 INFO  db.DBStoreBuilder (DBStoreBuilder.java:addTable(110)) - using custom profile for table: deletedTable
2019-06-12 23:54:44,217 INFO  db.DBStoreBuilder (DBStoreBuilder.java:processTables(161)) - Using default column profile:DBProfile.DISK for Table:deletedTable
2019-06-12 23:54:44,217 INFO  db.DBStoreBuilder (DBStoreBuilder.java:addTable(110)) - using custom profile for table: openKeyTable
2019-06-12 23:54:44,218 INFO  db.DBStoreBuilder (DBStoreBuilder.java:processTables(161)) - Using default column profile:DBProfile.DISK for Table:openKeyTable
2019-06-12 23:54:44,218 INFO  db.DBStoreBuilder (DBStoreBuilder.java:addTable(110)) - using custom profile for table: s3Table
2019-06-12 23:54:44,218 INFO  db.DBStoreBuilder (DBStoreBuilder.java:processTables(161)) - Using default column profile:DBProfile.DISK for Table:s3Table
2019-06-12 23:54:44,218 INFO  db.DBStoreBuilder (DBStoreBuilder.java:addTable(110)) - using custom profile for table: multipartInfoTable
2019-06-12 23:54:44,218 INFO  db.DBStoreBuilder (DBStoreBuilder.java:processTables(161)) - Using default column profile:DBProfile.DISK for Table:multipartInfoTable
2019-06-12 23:54:44,219 INFO  db.DBStoreBuilder (DBStoreBuilder.java:addTable(110)) - using custom profile for table: dTokenTable
2019-06-12 23:54:44,219 INFO  db.DBStoreBuilder (DBStoreBuilder.java:processTables(161)) - Using default column profile:DBProfile.DISK for Table:dTokenTable
2019-06-12 23:54:44,219 INFO  db.DBStoreBuilder (DBStoreBuilder.java:addTable(110)) - using custom profile for table: s3SecretTable
2019-06-12 23:54:44,219 INFO  db.DBStoreBuilder (DBStoreBuilder.java:processTables(161)) - Using default column profile:DBProfile.DISK for Table:s3SecretTable
2019-06-12 23:54:44,220 INFO  db.DBStoreBuilder (DBStoreBuilder.java:addTable(110)) - using custom profile for table: prefixTable
2019-06-12 23:54:44,220 INFO  db.DBStoreBuilder (DBStoreBuilder.java:processTables(161)) - Using default column profile:DBProfile.DISK for Table:prefixTable
2019-06-12 23:54:44,220 INFO  db.DBStoreBuilder (DBStoreBuilder.java:addTable(110)) - using custom profile for table: default
2019-06-12 23:54:44,220 INFO  db.DBStoreBuilder (DBStoreBuilder.java:processTables(167)) - Using default column profile:DBProfile.DISK for Table:default
2019-06-12 23:54:44,220 INFO  db.DBStoreBuilder (DBStoreBuilder.java:getDbProfile(198)) - Using default options. DBProfile.DISK
2019-06-12 23:54:44,646 INFO  ipc.CallQueueManager (CallQueueManager.java:<init>(84)) - Using callQueue: class java.util.concurrent.LinkedBlockingQueue, queueCapacity: 2000, scheduler: class org.apache.hadoop.ipc.DefaultRpcScheduler, ipcBackoff: false.
2019-06-12 23:54:44,646 INFO  ipc.Server (Server.java:run(1074)) - Starting Socket Reader #1 for port 33221
2019-06-12 23:54:44,665 WARN  scm.ScmUtils (ScmUtils.java:getDBPath(63)) - ozone.om.db.dirs is not configured. We recommend adding this setting. Falling back to ozone.metadata.dirs instead.
2019-06-12 23:54:44,665 INFO  om.OzoneManager (OzoneManager.java:start(1217)) - OzoneManager RPC server is listening at localhost/127.0.0.1:33221
2019-06-12 23:54:44,665 INFO  impl.MetricsSystemImpl (MetricsSystemImpl.java:init(158)) - OzoneManager metrics system started (again)
2019-06-12 23:54:44,670 INFO  ipc.Server (Server.java:run(1314)) - IPC Server Responder: starting
2019-06-12 23:54:44,672 INFO  ipc.Server (Server.java:run(1153)) - IPC Server listener on 33221: starting
2019-06-12 23:54:44,679 INFO  hdfs.DFSUtil (DFSUtil.java:httpServerTemplateForNNAndJN(1641)) - Starting Web-server for ozoneManager at: http://0.0.0.0:0
2019-06-12 23:54:44,680 INFO  server.AuthenticationFilter (AuthenticationFilter.java:constructSecretProvider(240)) - Unable to initialize FileSignerSecretProvider, falling back to use random secrets.
2019-06-12 23:54:44,680 WARN  http.HttpRequestLog (HttpRequestLog.java:getRequestLog(97)) - Jetty request log can only be enabled using Log4j
2019-06-12 23:54:44,682 INFO  http.HttpServer2 (HttpServer2.java:addGlobalFilter(975)) - Added global filter 'safety' (class=org.apache.hadoop.http.HttpServer2$QuotingInputFilter)
2019-06-12 23:54:44,683 INFO  http.HttpServer2 (HttpServer2.java:addFilter(948)) - Added filter static_user_filter (class=org.apache.hadoop.http.lib.StaticUserWebFilter$StaticUserFilter) to context ozoneManager
2019-06-12 23:54:44,683 INFO  http.HttpServer2 (HttpServer2.java:addFilter(958)) - Added filter static_user_filter (class=org.apache.hadoop.http.lib.StaticUserWebFilter$StaticUserFilter) to context logs
2019-06-12 23:54:44,683 INFO  http.HttpServer2 (HttpServer2.java:addFilter(958)) - Added filter static_user_filter (class=org.apache.hadoop.http.lib.StaticUserWebFilter$StaticUserFilter) to context static
2019-06-12 23:54:44,685 INFO  http.HttpServer2 (HttpServer2.java:bindListener(1191)) - Jetty bound to port 43943
2019-06-12 23:54:44,685 INFO  server.Server (Server.java:doStart(351)) - jetty-9.3.24.v20180605, build timestamp: 2018-06-05T17:11:56Z, git hash: 84205aa28f11a4f31f2a3b86d1bba2cc8ab69827
2019-06-12 23:54:44,686 INFO  handler.ContextHandler (ContextHandler.java:doStart(781)) - Started o.e.j.s.ServletContextHandler@7c2a69b4{/logs,file:///opt/src/hadoop-ozone/integration-test/target/log,AVAILABLE}
2019-06-12 23:54:44,687 INFO  handler.ContextHandler (ContextHandler.java:doStart(781)) - Started o.e.j.s.ServletContextHandler@648ee871{/static,file:///opt/src/hadoop-ozone/integration-test/target/test-classes/webapps/static,AVAILABLE}
2019-06-12 23:54:44,691 INFO  handler.ContextHandler (ContextHandler.java:doStart(781)) - Started o.e.j.w.WebAppContext@6f012914{/,file:///opt/src/hadoop-ozone/integration-test/target/test-classes/webapps/ozoneManager/,AVAILABLE}{/ozoneManager}
2019-06-12 23:54:44,692 INFO  server.AbstractConnector (AbstractConnector.java:doStart(278)) - Started ServerConnector@2635ef7d{HTTP/1.1,[http/1.1]}{0.0.0.0:43943}
2019-06-12 23:54:44,692 INFO  server.Server (Server.java:doStart(419)) - Started @2532ms
2019-06-12 23:54:44,693 INFO  server.BaseHttpServer (BaseHttpServer.java:updateConnectorAddress(207)) - HTTP server of OZONEMANAGER is listening at http://0.0.0.0:43943
2019-06-12 23:54:44,808 INFO  impl.MetricsSystemImpl (MetricsSystemImpl.java:init(158)) - HddsDatanode metrics system started (again)
2019-06-12 23:54:44,947 INFO  ozone.HddsDatanodeService (HddsDatanodeService.java:start(185)) - HddsDatanodeService host:ozone-b88sd-4274418788 ip:192.168.46.17
2019-06-12 23:54:44,968 INFO  volume.HddsVolume (HddsVolume.java:<init>(176)) - Creating Volume: /opt/src/hadoop-ozone/integration-test/target/test-dir/MiniOzoneClusterImpl-701e58de-ff42-4e97-96ef-cd4990301abd/datanode-0/data/containers/hdds of  storage type : DISK and capacity : 104021790720
2019-06-12 23:54:44,969 INFO  volume.VolumeSet (VolumeSet.java:initializeVolumeSet(170)) - Added Volume : /opt/src/hadoop-ozone/integration-test/target/test-dir/MiniOzoneClusterImpl-701e58de-ff42-4e97-96ef-cd4990301abd/datanode-0/data/containers/hdds to VolumeSet
2019-06-12 23:54:44,971 INFO  volume.ThrottledAsyncChecker (ThrottledAsyncChecker.java:schedule(140)) - Scheduling a check for org.apache.hadoop.ozone.container.common.volume.HddsVolume@6fd1660
2019-06-12 23:54:44,984 INFO  volume.HddsVolumeChecker (HddsVolumeChecker.java:checkAllVolumes(203)) - Scheduled health check for volume org.apache.hadoop.ozone.container.common.volume.HddsVolume@6fd1660
2019-06-12 23:54:45,021 INFO  ratis.XceiverServerRatis (XceiverServerRatis.java:newXceiverServerRatis(401)) - Found a free port for the server : 39769
2019-06-12 23:54:45,071 INFO  impl.RaftServerProxy (ConfUtils.java:logGet(43)) - raft.rpc.type = GRPC (default)
2019-06-12 23:54:45,079 INFO  grpc.GrpcConfigKeys$Server (ConfUtils.java:logGet(43)) - raft.grpc.server.port = 39769 (custom)
2019-06-12 23:54:45,080 INFO  server.GrpcService (ConfUtils.java:logGet(43)) - raft.grpc.message.size.max = 33570816 (custom)
2019-06-12 23:54:45,081 INFO  server.RaftServerConfigKeys (ConfUtils.java:logGet(43)) - raft.server.log.appender.buffer.byte-limit = 33554432 (custom)
2019-06-12 23:54:45,081 INFO  server.GrpcService (ConfUtils.java:logGet(43)) - raft.grpc.flow.control.window = 1MB (=1048576) (default)
2019-06-12 23:54:45,082 INFO  server.RaftServerConfigKeys (ConfUtils.java:logGet(43)) - raft.server.rpc.request.timeout = 3000ms (default)
2019-06-12 23:54:45,195 INFO  server.RaftServerConfigKeys (ConfUtils.java:logGet(43)) - raft.server.storage.dir = [/opt/src/hadoop-ozone/integration-test/target/test-dir/MiniOzoneClusterImpl-701e58de-ff42-4e97-96ef-cd4990301abd/datanode-0/data/ratis] (custom)
2019-06-12 23:54:45,200 INFO  server.XceiverServerGrpc (XceiverServerGrpc.java:<init>(97)) - Found a free port for the server : 46445
2019-06-12 23:54:45,221 INFO  replication.SimpleContainerDownloader (SimpleContainerDownloader.java:<init>(72)) - Starting container downloader service to copy containers to replicate.
2019-06-12 23:54:45,230 INFO  hdfs.DFSUtil (DFSUtil.java:httpServerTemplateForNNAndJN(1641)) - Starting Web-server for hddsDatanode at: http://0.0.0.0:0
2019-06-12 23:54:45,231 INFO  server.AuthenticationFilter (AuthenticationFilter.java:constructSecretProvider(240)) - Unable to initialize FileSignerSecretProvider, falling back to use random secrets.
2019-06-12 23:54:45,231 WARN  http.HttpRequestLog (HttpRequestLog.java:getRequestLog(97)) - Jetty request log can only be enabled using Log4j
2019-06-12 23:54:45,233 INFO  http.HttpServer2 (HttpServer2.java:addGlobalFilter(975)) - Added global filter 'safety' (class=org.apache.hadoop.http.HttpServer2$QuotingInputFilter)
2019-06-12 23:54:45,233 INFO  http.HttpServer2 (HttpServer2.java:addFilter(948)) - Added filter static_user_filter (class=org.apache.hadoop.http.lib.StaticUserWebFilter$StaticUserFilter) to context hddsDatanode
2019-06-12 23:54:45,234 INFO  http.HttpServer2 (HttpServer2.java:addFilter(958)) - Added filter static_user_filter (class=org.apache.hadoop.http.lib.StaticUserWebFilter$StaticUserFilter) to context logs
2019-06-12 23:54:45,234 INFO  http.HttpServer2 (HttpServer2.java:addFilter(958)) - Added filter static_user_filter (class=org.apache.hadoop.http.lib.StaticUserWebFilter$StaticUserFilter) to context static
2019-06-12 23:54:45,234 INFO  http.HttpServer2 (HttpServer2.java:bindListener(1191)) - Jetty bound to port 42617
2019-06-12 23:54:45,234 INFO  server.Server (Server.java:doStart(351)) - jetty-9.3.24.v20180605, build timestamp: 2018-06-05T17:11:56Z, git hash: 84205aa28f11a4f31f2a3b86d1bba2cc8ab69827
2019-06-12 23:54:45,236 INFO  handler.ContextHandler (ContextHandler.java:doStart(781)) - Started o.e.j.s.ServletContextHandler@6438a7fe{/logs,file:///opt/src/hadoop-ozone/integration-test/target/log,AVAILABLE}
2019-06-12 23:54:45,237 INFO  handler.ContextHandler (ContextHandler.java:doStart(781)) - Started o.e.j.s.ServletContextHandler@4f5f6e45{/static,jar:file:/root/.m2/repository/org/apache/hadoop/hadoop-hdds-container-service/0.5.0-SNAPSHOT/hadoop-hdds-container-service-0.5.0-SNAPSHOT.jar!/webapps/static,AVAILABLE}
2019-06-12 23:54:45,260 INFO  handler.ContextHandler (ContextHandler.java:doStart(781)) - Started o.e.j.w.WebAppContext@36c0d0bd{/,file:///tmp/jetty-0.0.0.0-42617-hddsDatanode-_-any-4178102275635642802.dir/webapp/,AVAILABLE}{/hddsDatanode}
2019-06-12 23:54:45,260 INFO  server.AbstractConnector (AbstractConnector.java:doStart(278)) - Started ServerConnector@5e1fc2aa{HTTP/1.1,[http/1.1]}{0.0.0.0:42617}
2019-06-12 23:54:45,260 INFO  server.Server (Server.java:doStart(419)) - Started @3100ms
2019-06-12 23:54:45,261 INFO  server.BaseHttpServer (BaseHttpServer.java:updateConnectorAddress(207)) - HTTP server of HDDSDATANODE is listening at http://0.0.0.0:42617
2019-06-12 23:54:46,074 INFO  ozone.HddsDatanodeService (HddsDatanodeService.java:startPlugins(396)) - Started plug-in org.apache.hadoop.ozone.web.OzoneHddsDatanodeService@1f992a3a
2019-06-12 23:54:46,075 INFO  impl.MetricsSystemImpl (MetricsSystemImpl.java:init(158)) - HddsDatanode metrics system started (again)
2019-06-12 23:54:46,076 INFO  ozone.HddsDatanodeService (HddsDatanodeService.java:start(185)) - HddsDatanodeService host:ozone-b88sd-4274418788 ip:192.168.46.17
2019-06-12 23:54:46,083 INFO  util.JvmPauseMonitor (JvmPauseMonitor.java:run(188)) - Starting JVM pause monitor
2019-06-12 23:54:46,086 INFO  volume.HddsVolume (HddsVolume.java:<init>(176)) - Creating Volume: /opt/src/hadoop-ozone/integration-test/target/test-dir/MiniOzoneClusterImpl-701e58de-ff42-4e97-96ef-cd4990301abd/datanode-1/data/containers/hdds of  storage type : DISK and capacity : 104021790720
2019-06-12 23:54:46,086 INFO  volume.VolumeSet (VolumeSet.java:initializeVolumeSet(170)) - Added Volume : /opt/src/hadoop-ozone/integration-test/target/test-dir/MiniOzoneClusterImpl-701e58de-ff42-4e97-96ef-cd4990301abd/datanode-1/data/containers/hdds to VolumeSet
2019-06-12 23:54:46,087 INFO  volume.ThrottledAsyncChecker (ThrottledAsyncChecker.java:schedule(140)) - Scheduling a check for org.apache.hadoop.ozone.container.common.volume.HddsVolume@78a8978a
2019-06-12 23:54:46,093 INFO  volume.HddsVolumeChecker (HddsVolumeChecker.java:checkAllVolumes(203)) - Scheduled health check for volume org.apache.hadoop.ozone.container.common.volume.HddsVolume@78a8978a
2019-06-12 23:54:46,110 INFO  ratis.XceiverServerRatis (XceiverServerRatis.java:newXceiverServerRatis(401)) - Found a free port for the server : 38649
2019-06-12 23:54:46,111 INFO  impl.RaftServerProxy (ConfUtils.java:logGet(43)) - raft.rpc.type = GRPC (default)
2019-06-12 23:54:46,111 INFO  grpc.GrpcConfigKeys$Server (ConfUtils.java:logGet(43)) - raft.grpc.server.port = 38649 (custom)
2019-06-12 23:54:46,112 INFO  server.GrpcService (ConfUtils.java:logGet(43)) - raft.grpc.message.size.max = 33570816 (custom)
2019-06-12 23:54:46,112 INFO  server.RaftServerConfigKeys (ConfUtils.java:logGet(43)) - raft.server.log.appender.buffer.byte-limit = 33554432 (custom)
2019-06-12 23:54:46,112 INFO  server.GrpcService (ConfUtils.java:logGet(43)) - raft.grpc.flow.control.window = 1MB (=1048576) (default)
2019-06-12 23:54:46,112 INFO  server.RaftServerConfigKeys (ConfUtils.java:logGet(43)) - raft.server.rpc.request.timeout = 3000ms (default)
2019-06-12 23:54:46,113 INFO  server.RaftServerConfigKeys (ConfUtils.java:logGet(43)) - raft.server.storage.dir = [/opt/src/hadoop-ozone/integration-test/target/test-dir/MiniOzoneClusterImpl-701e58de-ff42-4e97-96ef-cd4990301abd/datanode-1/data/ratis] (custom)
2019-06-12 23:54:46,113 INFO  server.XceiverServerGrpc (XceiverServerGrpc.java:<init>(97)) - Found a free port for the server : 43651
2019-06-12 23:54:46,114 INFO  replication.SimpleContainerDownloader (SimpleContainerDownloader.java:<init>(72)) - Starting container downloader service to copy containers to replicate.
2019-06-12 23:54:46,115 INFO  hdfs.DFSUtil (DFSUtil.java:httpServerTemplateForNNAndJN(1641)) - Starting Web-server for hddsDatanode at: http://0.0.0.0:0
2019-06-12 23:54:46,116 INFO  server.AuthenticationFilter (AuthenticationFilter.java:constructSecretProvider(240)) - Unable to initialize FileSignerSecretProvider, falling back to use random secrets.
2019-06-12 23:54:46,121 WARN  http.HttpRequestLog (HttpRequestLog.java:getRequestLog(97)) - Jetty request log can only be enabled using Log4j
2019-06-12 23:54:46,123 INFO  http.HttpServer2 (HttpServer2.java:addGlobalFilter(975)) - Added global filter 'safety' (class=org.apache.hadoop.http.HttpServer2$QuotingInputFilter)
2019-06-12 23:54:46,123 INFO  http.HttpServer2 (HttpServer2.java:addFilter(948)) - Added filter static_user_filter (class=org.apache.hadoop.http.lib.StaticUserWebFilter$StaticUserFilter) to context hddsDatanode
2019-06-12 23:54:46,123 INFO  http.HttpServer2 (HttpServer2.java:addFilter(958)) - Added filter static_user_filter (class=org.apache.hadoop.http.lib.StaticUserWebFilter$StaticUserFilter) to context logs
2019-06-12 23:54:46,124 INFO  http.HttpServer2 (HttpServer2.java:addFilter(958)) - Added filter static_user_filter (class=org.apache.hadoop.http.lib.StaticUserWebFilter$StaticUserFilter) to context static
2019-06-12 23:54:46,124 INFO  http.HttpServer2 (HttpServer2.java:bindListener(1191)) - Jetty bound to port 43011
2019-06-12 23:54:46,124 INFO  server.Server (Server.java:doStart(351)) - jetty-9.3.24.v20180605, build timestamp: 2018-06-05T17:11:56Z, git hash: 84205aa28f11a4f31f2a3b86d1bba2cc8ab69827
2019-06-12 23:54:46,134 INFO  handler.ContextHandler (ContextHandler.java:doStart(781)) - Started o.e.j.s.ServletContextHandler@2574a9e3{/logs,file:///opt/src/hadoop-ozone/integration-test/target/log,AVAILABLE}
2019-06-12 23:54:46,135 INFO  handler.ContextHandler (ContextHandler.java:doStart(781)) - Started o.e.j.s.ServletContextHandler@422ab737{/static,jar:file:/root/.m2/repository/org/apache/hadoop/hadoop-hdds-container-service/0.5.0-SNAPSHOT/hadoop-hdds-container-service-0.5.0-SNAPSHOT.jar!/webapps/static,AVAILABLE}
2019-06-12 23:54:46,164 INFO  datanode.InitDatanodeState (InitDatanodeState.java:persistContainerDatanodeDetails(140)) - DatanodeDetails is persisted to /opt/src/hadoop-ozone/integration-test/target/test-dir/MiniOzoneClusterImpl-701e58de-ff42-4e97-96ef-cd4990301abd/datanode-0/meta/datanode.id
2019-06-12 23:54:46,165 INFO  handler.ContextHandler (ContextHandler.java:doStart(781)) - Started o.e.j.w.WebAppContext@78da899f{/,file:///tmp/jetty-0.0.0.0-43011-hddsDatanode-_-any-626930664211444361.dir/webapp/,AVAILABLE}{/hddsDatanode}
2019-06-12 23:54:46,165 INFO  server.AbstractConnector (AbstractConnector.java:doStart(278)) - Started ServerConnector@e7b265e{HTTP/1.1,[http/1.1]}{0.0.0.0:43011}
2019-06-12 23:54:46,166 INFO  server.Server (Server.java:doStart(419)) - Started @4006ms
2019-06-12 23:54:46,166 INFO  server.BaseHttpServer (BaseHttpServer.java:updateConnectorAddress(207)) - HTTP server of HDDSDATANODE is listening at http://0.0.0.0:43011
2019-06-12 23:54:46,260 INFO  ozone.HddsDatanodeService (HddsDatanodeService.java:startPlugins(396)) - Started plug-in org.apache.hadoop.ozone.web.OzoneHddsDatanodeService@63fd4dda
2019-06-12 23:54:46,260 INFO  impl.MetricsSystemImpl (MetricsSystemImpl.java:init(158)) - HddsDatanode metrics system started (again)
2019-06-12 23:54:46,260 INFO  ozone.HddsDatanodeService (HddsDatanodeService.java:start(185)) - HddsDatanodeService host:ozone-b88sd-4274418788 ip:192.168.46.17
2019-06-12 23:54:46,262 INFO  util.JvmPauseMonitor (JvmPauseMonitor.java:run(188)) - Starting JVM pause monitor
2019-06-12 23:54:46,268 INFO  datanode.InitDatanodeState (InitDatanodeState.java:persistContainerDatanodeDetails(140)) - DatanodeDetails is persisted to /opt/src/hadoop-ozone/integration-test/target/test-dir/MiniOzoneClusterImpl-701e58de-ff42-4e97-96ef-cd4990301abd/datanode-1/meta/datanode.id
2019-06-12 23:54:46,270 INFO  volume.HddsVolume (HddsVolume.java:<init>(176)) - Creating Volume: /opt/src/hadoop-ozone/integration-test/target/test-dir/MiniOzoneClusterImpl-701e58de-ff42-4e97-96ef-cd4990301abd/datanode-2/data/containers/hdds of  storage type : DISK and capacity : 104021790720
2019-06-12 23:54:46,270 INFO  volume.VolumeSet (VolumeSet.java:initializeVolumeSet(170)) - Added Volume : /opt/src/hadoop-ozone/integration-test/target/test-dir/MiniOzoneClusterImpl-701e58de-ff42-4e97-96ef-cd4990301abd/datanode-2/data/containers/hdds to VolumeSet
2019-06-12 23:54:46,271 INFO  volume.ThrottledAsyncChecker (ThrottledAsyncChecker.java:schedule(140)) - Scheduling a check for org.apache.hadoop.ozone.container.common.volume.HddsVolume@4b56b031
2019-06-12 23:54:46,274 INFO  volume.HddsVolumeChecker (HddsVolumeChecker.java:checkAllVolumes(203)) - Scheduled health check for volume org.apache.hadoop.ozone.container.common.volume.HddsVolume@4b56b031
2019-06-12 23:54:46,283 INFO  ratis.XceiverServerRatis (XceiverServerRatis.java:newXceiverServerRatis(401)) - Found a free port for the server : 39049
2019-06-12 23:54:46,284 INFO  impl.RaftServerProxy (ConfUtils.java:logGet(43)) - raft.rpc.type = GRPC (default)
2019-06-12 23:54:46,284 INFO  grpc.GrpcConfigKeys$Server (ConfUtils.java:logGet(43)) - raft.grpc.server.port = 39049 (custom)
2019-06-12 23:54:46,284 INFO  server.GrpcService (ConfUtils.java:logGet(43)) - raft.grpc.message.size.max = 33570816 (custom)
2019-06-12 23:54:46,284 INFO  server.RaftServerConfigKeys (ConfUtils.java:logGet(43)) - raft.server.log.appender.buffer.byte-limit = 33554432 (custom)
2019-06-12 23:54:46,284 INFO  server.GrpcService (ConfUtils.java:logGet(43)) - raft.grpc.flow.control.window = 1MB (=1048576) (default)
2019-06-12 23:54:46,284 INFO  server.RaftServerConfigKeys (ConfUtils.java:logGet(43)) - raft.server.rpc.request.timeout = 3000ms (default)
2019-06-12 23:54:46,285 INFO  server.RaftServerConfigKeys (ConfUtils.java:logGet(43)) - raft.server.storage.dir = [/opt/src/hadoop-ozone/integration-test/target/test-dir/MiniOzoneClusterImpl-701e58de-ff42-4e97-96ef-cd4990301abd/datanode-2/data/ratis] (custom)
2019-06-12 23:54:46,285 INFO  server.XceiverServerGrpc (XceiverServerGrpc.java:<init>(97)) - Found a free port for the server : 34745
2019-06-12 23:54:46,286 INFO  replication.SimpleContainerDownloader (SimpleContainerDownloader.java:<init>(72)) - Starting container downloader service to copy containers to replicate.
2019-06-12 23:54:46,287 INFO  hdfs.DFSUtil (DFSUtil.java:httpServerTemplateForNNAndJN(1641)) - Starting Web-server for hddsDatanode at: http://0.0.0.0:0
2019-06-12 23:54:46,288 INFO  server.AuthenticationFilter (AuthenticationFilter.java:constructSecretProvider(240)) - Unable to initialize FileSignerSecretProvider, falling back to use random secrets.
2019-06-12 23:54:46,288 WARN  http.HttpRequestLog (HttpRequestLog.java:getRequestLog(97)) - Jetty request log can only be enabled using Log4j
2019-06-12 23:54:46,290 INFO  http.HttpServer2 (HttpServer2.java:addGlobalFilter(975)) - Added global filter 'safety' (class=org.apache.hadoop.http.HttpServer2$QuotingInputFilter)
2019-06-12 23:54:46,290 INFO  http.HttpServer2 (HttpServer2.java:addFilter(948)) - Added filter static_user_filter (class=org.apache.hadoop.http.lib.StaticUserWebFilter$StaticUserFilter) to context hddsDatanode
2019-06-12 23:54:46,290 INFO  http.HttpServer2 (HttpServer2.java:addFilter(958)) - Added filter static_user_filter (class=org.apache.hadoop.http.lib.StaticUserWebFilter$StaticUserFilter) to context logs
2019-06-12 23:54:46,290 INFO  http.HttpServer2 (HttpServer2.java:addFilter(958)) - Added filter static_user_filter (class=org.apache.hadoop.http.lib.StaticUserWebFilter$StaticUserFilter) to context static
2019-06-12 23:54:46,291 INFO  http.HttpServer2 (HttpServer2.java:bindListener(1191)) - Jetty bound to port 39183
2019-06-12 23:54:46,291 INFO  server.Server (Server.java:doStart(351)) - jetty-9.3.24.v20180605, build timestamp: 2018-06-05T17:11:56Z, git hash: 84205aa28f11a4f31f2a3b86d1bba2cc8ab69827
2019-06-12 23:54:46,293 INFO  handler.ContextHandler (ContextHandler.java:doStart(781)) - Started o.e.j.s.ServletContextHandler@2443abd6{/logs,file:///opt/src/hadoop-ozone/integration-test/target/log,AVAILABLE}
2019-06-12 23:54:46,293 INFO  handler.ContextHandler (ContextHandler.java:doStart(781)) - Started o.e.j.s.ServletContextHandler@bd3eff4{/static,jar:file:/root/.m2/repository/org/apache/hadoop/hadoop-hdds-container-service/0.5.0-SNAPSHOT/hadoop-hdds-container-service-0.5.0-SNAPSHOT.jar!/webapps/static,AVAILABLE}
2019-06-12 23:54:46,322 INFO  handler.ContextHandler (ContextHandler.java:doStart(781)) - Started o.e.j.w.WebAppContext@4e80a001{/,file:///tmp/jetty-0.0.0.0-39183-hddsDatanode-_-any-6710762597088432899.dir/webapp/,AVAILABLE}{/hddsDatanode}
2019-06-12 23:54:46,323 INFO  server.AbstractConnector (AbstractConnector.java:doStart(278)) - Started ServerConnector@624b523{HTTP/1.1,[http/1.1]}{0.0.0.0:39183}
2019-06-12 23:54:46,323 INFO  server.Server (Server.java:doStart(419)) - Started @4163ms
2019-06-12 23:54:46,324 INFO  server.BaseHttpServer (BaseHttpServer.java:updateConnectorAddress(207)) - HTTP server of HDDSDATANODE is listening at http://0.0.0.0:39183
2019-06-12 23:54:46,471 INFO  ozone.HddsDatanodeService (HddsDatanodeService.java:startPlugins(396)) - Started plug-in org.apache.hadoop.ozone.web.OzoneHddsDatanodeService@11c78080
2019-06-12 23:54:46,472 INFO  impl.MetricsSystemImpl (MetricsSystemImpl.java:init(158)) - HddsDatanode metrics system started (again)
2019-06-12 23:54:46,472 INFO  ozone.HddsDatanodeService (HddsDatanodeService.java:start(185)) - HddsDatanodeService host:ozone-b88sd-4274418788 ip:192.168.46.17
2019-06-12 23:54:46,482 INFO  util.JvmPauseMonitor (JvmPauseMonitor.java:run(188)) - Starting JVM pause monitor
2019-06-12 23:54:46,482 INFO  datanode.InitDatanodeState (InitDatanodeState.java:persistContainerDatanodeDetails(140)) - DatanodeDetails is persisted to /opt/src/hadoop-ozone/integration-test/target/test-dir/MiniOzoneClusterImpl-701e58de-ff42-4e97-96ef-cd4990301abd/datanode-2/meta/datanode.id
2019-06-12 23:54:46,485 INFO  volume.HddsVolume (HddsVolume.java:<init>(176)) - Creating Volume: /opt/src/hadoop-ozone/integration-test/target/test-dir/MiniOzoneClusterImpl-701e58de-ff42-4e97-96ef-cd4990301abd/datanode-3/data/containers/hdds of  storage type : DISK and capacity : 104021790720
2019-06-12 23:54:46,485 INFO  volume.VolumeSet (VolumeSet.java:initializeVolumeSet(170)) - Added Volume : /opt/src/hadoop-ozone/integration-test/target/test-dir/MiniOzoneClusterImpl-701e58de-ff42-4e97-96ef-cd4990301abd/datanode-3/data/containers/hdds to VolumeSet
2019-06-12 23:54:46,486 INFO  volume.ThrottledAsyncChecker (ThrottledAsyncChecker.java:schedule(140)) - Scheduling a check for org.apache.hadoop.ozone.container.common.volume.HddsVolume@7c11d32
2019-06-12 23:54:46,486 INFO  volume.HddsVolumeChecker (HddsVolumeChecker.java:checkAllVolumes(203)) - Scheduled health check for volume org.apache.hadoop.ozone.container.common.volume.HddsVolume@7c11d32
2019-06-12 23:54:46,499 INFO  ratis.XceiverServerRatis (XceiverServerRatis.java:newXceiverServerRatis(401)) - Found a free port for the server : 42097
2019-06-12 23:54:46,500 INFO  impl.RaftServerProxy (ConfUtils.java:logGet(43)) - raft.rpc.type = GRPC (default)
2019-06-12 23:54:46,500 INFO  grpc.GrpcConfigKeys$Server (ConfUtils.java:logGet(43)) - raft.grpc.server.port = 42097 (custom)
2019-06-12 23:54:46,500 INFO  server.GrpcService (ConfUtils.java:logGet(43)) - raft.grpc.message.size.max = 33570816 (custom)
2019-06-12 23:54:46,501 INFO  server.RaftServerConfigKeys (ConfUtils.java:logGet(43)) - raft.server.log.appender.buffer.byte-limit = 33554432 (custom)
2019-06-12 23:54:46,501 INFO  server.GrpcService (ConfUtils.java:logGet(43)) - raft.grpc.flow.control.window = 1MB (=1048576) (default)
2019-06-12 23:54:46,501 INFO  server.RaftServerConfigKeys (ConfUtils.java:logGet(43)) - raft.server.rpc.request.timeout = 3000ms (default)
2019-06-12 23:54:46,502 INFO  server.RaftServerConfigKeys (ConfUtils.java:logGet(43)) - raft.server.storage.dir = [/opt/src/hadoop-ozone/integration-test/target/test-dir/MiniOzoneClusterImpl-701e58de-ff42-4e97-96ef-cd4990301abd/datanode-3/data/ratis] (custom)
2019-06-12 23:54:46,502 INFO  server.XceiverServerGrpc (XceiverServerGrpc.java:<init>(97)) - Found a free port for the server : 44841
2019-06-12 23:54:46,503 INFO  replication.SimpleContainerDownloader (SimpleContainerDownloader.java:<init>(72)) - Starting container downloader service to copy containers to replicate.
2019-06-12 23:54:46,505 INFO  hdfs.DFSUtil (DFSUtil.java:httpServerTemplateForNNAndJN(1641)) - Starting Web-server for hddsDatanode at: http://0.0.0.0:0
2019-06-12 23:54:46,506 INFO  server.AuthenticationFilter (AuthenticationFilter.java:constructSecretProvider(240)) - Unable to initialize FileSignerSecretProvider, falling back to use random secrets.
2019-06-12 23:54:46,507 WARN  http.HttpRequestLog (HttpRequestLog.java:getRequestLog(97)) - Jetty request log can only be enabled using Log4j
2019-06-12 23:54:46,508 INFO  http.HttpServer2 (HttpServer2.java:addGlobalFilter(975)) - Added global filter 'safety' (class=org.apache.hadoop.http.HttpServer2$QuotingInputFilter)
2019-06-12 23:54:46,508 INFO  http.HttpServer2 (HttpServer2.java:addFilter(948)) - Added filter static_user_filter (class=org.apache.hadoop.http.lib.StaticUserWebFilter$StaticUserFilter) to context hddsDatanode
2019-06-12 23:54:46,508 INFO  http.HttpServer2 (HttpServer2.java:addFilter(958)) - Added filter static_user_filter (class=org.apache.hadoop.http.lib.StaticUserWebFilter$StaticUserFilter) to context logs
2019-06-12 23:54:46,509 INFO  http.HttpServer2 (HttpServer2.java:addFilter(958)) - Added filter static_user_filter (class=org.apache.hadoop.http.lib.StaticUserWebFilter$StaticUserFilter) to context static
2019-06-12 23:54:46,509 INFO  http.HttpServer2 (HttpServer2.java:bindListener(1191)) - Jetty bound to port 41151
2019-06-12 23:54:46,509 INFO  server.Server (Server.java:doStart(351)) - jetty-9.3.24.v20180605, build timestamp: 2018-06-05T17:11:56Z, git hash: 84205aa28f11a4f31f2a3b86d1bba2cc8ab69827
2019-06-12 23:54:46,511 INFO  handler.ContextHandler (ContextHandler.java:doStart(781)) - Started o.e.j.s.ServletContextHandler@25974207{/logs,file:///opt/src/hadoop-ozone/integration-test/target/log,AVAILABLE}
2019-06-12 23:54:46,518 INFO  handler.ContextHandler (ContextHandler.java:doStart(781)) - Started o.e.j.s.ServletContextHandler@195113de{/static,jar:file:/root/.m2/repository/org/apache/hadoop/hadoop-hdds-container-service/0.5.0-SNAPSHOT/hadoop-hdds-container-service-0.5.0-SNAPSHOT.jar!/webapps/static,AVAILABLE}
2019-06-12 23:54:46,540 INFO  handler.ContextHandler (ContextHandler.java:doStart(781)) - Started o.e.j.w.WebAppContext@74c9e11{/,file:///tmp/jetty-0.0.0.0-41151-hddsDatanode-_-any-5471580274088544823.dir/webapp/,AVAILABLE}{/hddsDatanode}
2019-06-12 23:54:46,540 INFO  server.AbstractConnector (AbstractConnector.java:doStart(278)) - Started ServerConnector@9fe720a{HTTP/1.1,[http/1.1]}{0.0.0.0:41151}
2019-06-12 23:54:46,541 INFO  server.Server (Server.java:doStart(419)) - Started @4381ms
2019-06-12 23:54:46,545 INFO  server.BaseHttpServer (BaseHttpServer.java:updateConnectorAddress(207)) - HTTP server of HDDSDATANODE is listening at http://0.0.0.0:41151
2019-06-12 23:54:46,638 INFO  ozone.HddsDatanodeService (HddsDatanodeService.java:startPlugins(396)) - Started plug-in org.apache.hadoop.ozone.web.OzoneHddsDatanodeService@76216830
2019-06-12 23:54:46,638 INFO  impl.MetricsSystemImpl (MetricsSystemImpl.java:init(158)) - HddsDatanode metrics system started (again)
2019-06-12 23:54:46,639 INFO  ozone.HddsDatanodeService (HddsDatanodeService.java:start(185)) - HddsDatanodeService host:ozone-b88sd-4274418788 ip:192.168.46.17
2019-06-12 23:54:46,645 INFO  util.JvmPauseMonitor (JvmPauseMonitor.java:run(188)) - Starting JVM pause monitor
2019-06-12 23:54:46,648 INFO  datanode.InitDatanodeState (InitDatanodeState.java:persistContainerDatanodeDetails(140)) - DatanodeDetails is persisted to /opt/src/hadoop-ozone/integration-test/target/test-dir/MiniOzoneClusterImpl-701e58de-ff42-4e97-96ef-cd4990301abd/datanode-3/meta/datanode.id
2019-06-12 23:54:46,651 INFO  volume.HddsVolume (HddsVolume.java:<init>(176)) - Creating Volume: /opt/src/hadoop-ozone/integration-test/target/test-dir/MiniOzoneClusterImpl-701e58de-ff42-4e97-96ef-cd4990301abd/datanode-4/data/containers/hdds of  storage type : DISK and capacity : 104021790720
2019-06-12 23:54:46,651 INFO  volume.VolumeSet (VolumeSet.java:initializeVolumeSet(170)) - Added Volume : /opt/src/hadoop-ozone/integration-test/target/test-dir/MiniOzoneClusterImpl-701e58de-ff42-4e97-96ef-cd4990301abd/datanode-4/data/containers/hdds to VolumeSet
2019-06-12 23:54:46,652 INFO  volume.ThrottledAsyncChecker (ThrottledAsyncChecker.java:schedule(140)) - Scheduling a check for org.apache.hadoop.ozone.container.common.volume.HddsVolume@391d1e33
2019-06-12 23:54:46,653 INFO  volume.HddsVolumeChecker (HddsVolumeChecker.java:checkAllVolumes(203)) - Scheduled health check for volume org.apache.hadoop.ozone.container.common.volume.HddsVolume@391d1e33
2019-06-12 23:54:46,662 INFO  ratis.XceiverServerRatis (XceiverServerRatis.java:newXceiverServerRatis(401)) - Found a free port for the server : 46317
2019-06-12 23:54:46,663 INFO  impl.RaftServerProxy (ConfUtils.java:logGet(43)) - raft.rpc.type = GRPC (default)
2019-06-12 23:54:46,664 INFO  grpc.GrpcConfigKeys$Server (ConfUtils.java:logGet(43)) - raft.grpc.server.port = 46317 (custom)
2019-06-12 23:54:46,664 INFO  server.GrpcService (ConfUtils.java:logGet(43)) - raft.grpc.message.size.max = 33570816 (custom)
2019-06-12 23:54:46,664 INFO  server.RaftServerConfigKeys (ConfUtils.java:logGet(43)) - raft.server.log.appender.buffer.byte-limit = 33554432 (custom)
2019-06-12 23:54:46,664 INFO  server.GrpcService (ConfUtils.java:logGet(43)) - raft.grpc.flow.control.window = 1MB (=1048576) (default)
2019-06-12 23:54:46,664 INFO  server.RaftServerConfigKeys (ConfUtils.java:logGet(43)) - raft.server.rpc.request.timeout = 3000ms (default)
2019-06-12 23:54:46,665 INFO  server.RaftServerConfigKeys (ConfUtils.java:logGet(43)) - raft.server.storage.dir = [/opt/src/hadoop-ozone/integration-test/target/test-dir/MiniOzoneClusterImpl-701e58de-ff42-4e97-96ef-cd4990301abd/datanode-4/data/ratis] (custom)
2019-06-12 23:54:46,665 INFO  server.XceiverServerGrpc (XceiverServerGrpc.java:<init>(97)) - Found a free port for the server : 42201
2019-06-12 23:54:46,666 INFO  replication.SimpleContainerDownloader (SimpleContainerDownloader.java:<init>(72)) - Starting container downloader service to copy containers to replicate.
2019-06-12 23:54:46,667 INFO  hdfs.DFSUtil (DFSUtil.java:httpServerTemplateForNNAndJN(1641)) - Starting Web-server for hddsDatanode at: http://0.0.0.0:0
2019-06-12 23:54:46,668 INFO  server.AuthenticationFilter (AuthenticationFilter.java:constructSecretProvider(240)) - Unable to initialize FileSignerSecretProvider, falling back to use random secrets.
2019-06-12 23:54:46,668 WARN  http.HttpRequestLog (HttpRequestLog.java:getRequestLog(97)) - Jetty request log can only be enabled using Log4j
2019-06-12 23:54:46,669 INFO  http.HttpServer2 (HttpServer2.java:addGlobalFilter(975)) - Added global filter 'safety' (class=org.apache.hadoop.http.HttpServer2$QuotingInputFilter)
2019-06-12 23:54:46,670 INFO  http.HttpServer2 (HttpServer2.java:addFilter(948)) - Added filter static_user_filter (class=org.apache.hadoop.http.lib.StaticUserWebFilter$StaticUserFilter) to context hddsDatanode
2019-06-12 23:54:46,670 INFO  http.HttpServer2 (HttpServer2.java:addFilter(958)) - Added filter static_user_filter (class=org.apache.hadoop.http.lib.StaticUserWebFilter$StaticUserFilter) to context static
2019-06-12 23:54:46,670 INFO  http.HttpServer2 (HttpServer2.java:addFilter(958)) - Added filter static_user_filter (class=org.apache.hadoop.http.lib.StaticUserWebFilter$StaticUserFilter) to context logs
2019-06-12 23:54:46,671 INFO  http.HttpServer2 (HttpServer2.java:bindListener(1191)) - Jetty bound to port 45147
2019-06-12 23:54:46,671 INFO  server.Server (Server.java:doStart(351)) - jetty-9.3.24.v20180605, build timestamp: 2018-06-05T17:11:56Z, git hash: 84205aa28f11a4f31f2a3b86d1bba2cc8ab69827
2019-06-12 23:54:46,674 INFO  handler.ContextHandler (ContextHandler.java:doStart(781)) - Started o.e.j.s.ServletContextHandler@6f38f084{/logs,file:///opt/src/hadoop-ozone/integration-test/target/log,AVAILABLE}
2019-06-12 23:54:46,674 INFO  handler.ContextHandler (ContextHandler.java:doStart(781)) - Started o.e.j.s.ServletContextHandler@372f0a99{/static,jar:file:/root/.m2/repository/org/apache/hadoop/hadoop-hdds-container-service/0.5.0-SNAPSHOT/hadoop-hdds-container-service-0.5.0-SNAPSHOT.jar!/webapps/static,AVAILABLE}
2019-06-12 23:54:46,694 INFO  handler.ContextHandler (ContextHandler.java:doStart(781)) - Started o.e.j.w.WebAppContext@6b2fdffc{/,file:///tmp/jetty-0.0.0.0-45147-hddsDatanode-_-any-9035429812202743725.dir/webapp/,AVAILABLE}{/hddsDatanode}
2019-06-12 23:54:46,695 INFO  server.AbstractConnector (AbstractConnector.java:doStart(278)) - Started ServerConnector@2ca3d826{HTTP/1.1,[http/1.1]}{0.0.0.0:45147}
2019-06-12 23:54:46,696 INFO  server.Server (Server.java:doStart(419)) - Started @4536ms
2019-06-12 23:54:46,725 INFO  server.BaseHttpServer (BaseHttpServer.java:updateConnectorAddress(207)) - HTTP server of HDDSDATANODE is listening at http://0.0.0.0:45147
2019-06-12 23:54:46,816 INFO  ozone.HddsDatanodeService (HddsDatanodeService.java:startPlugins(396)) - Started plug-in org.apache.hadoop.ozone.web.OzoneHddsDatanodeService@624b3544
2019-06-12 23:54:46,817 INFO  impl.MetricsSystemImpl (MetricsSystemImpl.java:init(158)) - HddsDatanode metrics system started (again)
2019-06-12 23:54:46,817 INFO  ozone.HddsDatanodeService (HddsDatanodeService.java:start(185)) - HddsDatanodeService host:ozone-b88sd-4274418788 ip:192.168.46.17
2019-06-12 23:54:46,840 INFO  util.JvmPauseMonitor (JvmPauseMonitor.java:run(188)) - Starting JVM pause monitor
2019-06-12 23:54:46,841 INFO  datanode.InitDatanodeState (InitDatanodeState.java:persistContainerDatanodeDetails(140)) - DatanodeDetails is persisted to /opt/src/hadoop-ozone/integration-test/target/test-dir/MiniOzoneClusterImpl-701e58de-ff42-4e97-96ef-cd4990301abd/datanode-4/meta/datanode.id
2019-06-12 23:54:46,842 INFO  volume.HddsVolume (HddsVolume.java:<init>(176)) - Creating Volume: /opt/src/hadoop-ozone/integration-test/target/test-dir/MiniOzoneClusterImpl-701e58de-ff42-4e97-96ef-cd4990301abd/datanode-5/data/containers/hdds of  storage type : DISK and capacity : 104021790720
2019-06-12 23:54:46,842 INFO  volume.VolumeSet (VolumeSet.java:initializeVolumeSet(170)) - Added Volume : /opt/src/hadoop-ozone/integration-test/target/test-dir/MiniOzoneClusterImpl-701e58de-ff42-4e97-96ef-cd4990301abd/datanode-5/data/containers/hdds to VolumeSet
2019-06-12 23:54:46,842 INFO  volume.ThrottledAsyncChecker (ThrottledAsyncChecker.java:schedule(140)) - Scheduling a check for org.apache.hadoop.ozone.container.common.volume.HddsVolume@55a0f011
2019-06-12 23:54:46,846 INFO  volume.HddsVolumeChecker (HddsVolumeChecker.java:checkAllVolumes(203)) - Scheduled health check for volume org.apache.hadoop.ozone.container.common.volume.HddsVolume@55a0f011
2019-06-12 23:54:46,856 INFO  ratis.XceiverServerRatis (XceiverServerRatis.java:newXceiverServerRatis(401)) - Found a free port for the server : 41889
2019-06-12 23:54:46,857 INFO  impl.RaftServerProxy (ConfUtils.java:logGet(43)) - raft.rpc.type = GRPC (default)
2019-06-12 23:54:46,857 INFO  grpc.GrpcConfigKeys$Server (ConfUtils.java:logGet(43)) - raft.grpc.server.port = 41889 (custom)
2019-06-12 23:54:46,858 INFO  server.GrpcService (ConfUtils.java:logGet(43)) - raft.grpc.message.size.max = 33570816 (custom)
2019-06-12 23:54:46,858 INFO  server.RaftServerConfigKeys (ConfUtils.java:logGet(43)) - raft.server.log.appender.buffer.byte-limit = 33554432 (custom)
2019-06-12 23:54:46,858 INFO  server.GrpcService (ConfUtils.java:logGet(43)) - raft.grpc.flow.control.window = 1MB (=1048576) (default)
2019-06-12 23:54:46,858 INFO  server.RaftServerConfigKeys (ConfUtils.java:logGet(43)) - raft.server.rpc.request.timeout = 3000ms (default)
2019-06-12 23:54:46,858 INFO  server.RaftServerConfigKeys (ConfUtils.java:logGet(43)) - raft.server.storage.dir = [/opt/src/hadoop-ozone/integration-test/target/test-dir/MiniOzoneClusterImpl-701e58de-ff42-4e97-96ef-cd4990301abd/datanode-5/data/ratis] (custom)
2019-06-12 23:54:46,859 INFO  server.XceiverServerGrpc (XceiverServerGrpc.java:<init>(97)) - Found a free port for the server : 42683
2019-06-12 23:54:46,859 INFO  replication.SimpleContainerDownloader (SimpleContainerDownloader.java:<init>(72)) - Starting container downloader service to copy containers to replicate.
2019-06-12 23:54:46,860 INFO  hdfs.DFSUtil (DFSUtil.java:httpServerTemplateForNNAndJN(1641)) - Starting Web-server for hddsDatanode at: http://0.0.0.0:0
2019-06-12 23:54:46,861 INFO  server.AuthenticationFilter (AuthenticationFilter.java:constructSecretProvider(240)) - Unable to initialize FileSignerSecretProvider, falling back to use random secrets.
2019-06-12 23:54:46,861 WARN  http.HttpRequestLog (HttpRequestLog.java:getRequestLog(97)) - Jetty request log can only be enabled using Log4j
2019-06-12 23:54:46,862 INFO  http.HttpServer2 (HttpServer2.java:addGlobalFilter(975)) - Added global filter 'safety' (class=org.apache.hadoop.http.HttpServer2$QuotingInputFilter)
2019-06-12 23:54:46,863 INFO  http.HttpServer2 (HttpServer2.java:addFilter(948)) - Added filter static_user_filter (class=org.apache.hadoop.http.lib.StaticUserWebFilter$StaticUserFilter) to context hddsDatanode
2019-06-12 23:54:46,863 INFO  http.HttpServer2 (HttpServer2.java:addFilter(958)) - Added filter static_user_filter (class=org.apache.hadoop.http.lib.StaticUserWebFilter$StaticUserFilter) to context logs
2019-06-12 23:54:46,863 INFO  http.HttpServer2 (HttpServer2.java:addFilter(958)) - Added filter static_user_filter (class=org.apache.hadoop.http.lib.StaticUserWebFilter$StaticUserFilter) to context static
2019-06-12 23:54:46,863 INFO  http.HttpServer2 (HttpServer2.java:bindListener(1191)) - Jetty bound to port 43435
2019-06-12 23:54:46,863 INFO  server.Server (Server.java:doStart(351)) - jetty-9.3.24.v20180605, build timestamp: 2018-06-05T17:11:56Z, git hash: 84205aa28f11a4f31f2a3b86d1bba2cc8ab69827
2019-06-12 23:54:46,865 INFO  handler.ContextHandler (ContextHandler.java:doStart(781)) - Started o.e.j.s.ServletContextHandler@23e61112{/logs,file:///opt/src/hadoop-ozone/integration-test/target/log,AVAILABLE}
2019-06-12 23:54:46,865 INFO  handler.ContextHandler (ContextHandler.java:doStart(781)) - Started o.e.j.s.ServletContextHandler@61b60600{/static,jar:file:/root/.m2/repository/org/apache/hadoop/hadoop-hdds-container-service/0.5.0-SNAPSHOT/hadoop-hdds-container-service-0.5.0-SNAPSHOT.jar!/webapps/static,AVAILABLE}
2019-06-12 23:54:46,886 INFO  handler.ContextHandler (ContextHandler.java:doStart(781)) - Started o.e.j.w.WebAppContext@245cb8df{/,file:///tmp/jetty-0.0.0.0-43435-hddsDatanode-_-any-703294821414157542.dir/webapp/,AVAILABLE}{/hddsDatanode}
2019-06-12 23:54:46,887 INFO  server.AbstractConnector (AbstractConnector.java:doStart(278)) - Started ServerConnector@26b3c9a2{HTTP/1.1,[http/1.1]}{0.0.0.0:43435}
2019-06-12 23:54:46,887 INFO  server.Server (Server.java:doStart(419)) - Started @4727ms
2019-06-12 23:54:46,887 INFO  server.BaseHttpServer (BaseHttpServer.java:updateConnectorAddress(207)) - HTTP server of HDDSDATANODE is listening at http://0.0.0.0:43435
2019-06-12 23:54:46,996 INFO  ozone.HddsDatanodeService (HddsDatanodeService.java:startPlugins(396)) - Started plug-in org.apache.hadoop.ozone.web.OzoneHddsDatanodeService@4662752a
2019-06-12 23:54:46,997 INFO  ozone.MiniOzoneClusterImpl (MiniOzoneClusterImpl.java:lambda$waitForClusterToBeReady$0(142)) - Waiting for cluster to be ready. Got 0 of 6 DN Heartbeats.
2019-06-12 23:54:46,998 INFO  util.JvmPauseMonitor (JvmPauseMonitor.java:run(188)) - Starting JVM pause monitor
2019-06-12 23:54:46,999 INFO  datanode.InitDatanodeState (InitDatanodeState.java:persistContainerDatanodeDetails(140)) - DatanodeDetails is persisted to /opt/src/hadoop-ozone/integration-test/target/test-dir/MiniOzoneClusterImpl-701e58de-ff42-4e97-96ef-cd4990301abd/datanode-5/meta/datanode.id
2019-06-12 23:54:47,997 INFO  ozone.MiniOzoneClusterImpl (MiniOzoneClusterImpl.java:lambda$waitForClusterToBeReady$0(142)) - Waiting for cluster to be ready. Got 0 of 6 DN Heartbeats.
2019-06-12 23:54:48,103 INFO  ozoneimpl.OzoneContainer (OzoneContainer.java:start(186)) - Attempting to start container services.
2019-06-12 23:54:48,104 INFO  ozoneimpl.OzoneContainer (OzoneContainer.java:startContainerScrub(160)) - Background container scrubber has been disabled by hdds.containerscrub.enabled
2019-06-12 23:54:48,104 INFO  ratis.XceiverServerRatis (XceiverServerRatis.java:start(418)) - Starting XceiverServerRatis a58efe25-d877-42a2-ad29-162ab7b450f1 at port 39769
2019-06-12 23:54:48,119 INFO  impl.RaftServerProxy (RaftServerProxy.java:lambda$start$3(299)) - a58efe25-d877-42a2-ad29-162ab7b450f1: start RPC server
2019-06-12 23:54:48,230 INFO  server.GrpcService (GrpcService.java:startImpl(148)) - a58efe25-d877-42a2-ad29-162ab7b450f1: GrpcService started, listening on 0.0.0.0/0.0.0.0:39769
2019-06-12 23:54:48,266 INFO  ozoneimpl.OzoneContainer (OzoneContainer.java:start(186)) - Attempting to start container services.
2019-06-12 23:54:48,266 INFO  ozoneimpl.OzoneContainer (OzoneContainer.java:startContainerScrub(160)) - Background container scrubber has been disabled by hdds.containerscrub.enabled
2019-06-12 23:54:48,266 INFO  ratis.XceiverServerRatis (XceiverServerRatis.java:start(418)) - Starting XceiverServerRatis d48a0c28-8460-4db7-9693-96e4ecbfcd06 at port 38649
2019-06-12 23:54:48,271 INFO  impl.RaftServerProxy (RaftServerProxy.java:lambda$start$3(299)) - d48a0c28-8460-4db7-9693-96e4ecbfcd06: start RPC server
2019-06-12 23:54:48,273 INFO  server.GrpcService (GrpcService.java:startImpl(148)) - d48a0c28-8460-4db7-9693-96e4ecbfcd06: GrpcService started, listening on 0.0.0.0/0.0.0.0:38649
2019-06-12 23:54:48,486 INFO  ozoneimpl.OzoneContainer (OzoneContainer.java:start(186)) - Attempting to start container services.
2019-06-12 23:54:48,487 INFO  ozoneimpl.OzoneContainer (OzoneContainer.java:startContainerScrub(160)) - Background container scrubber has been disabled by hdds.containerscrub.enabled
2019-06-12 23:54:48,487 INFO  ratis.XceiverServerRatis (XceiverServerRatis.java:start(418)) - Starting XceiverServerRatis d80589e6-df27-4df7-9203-795b6b14243e at port 39049
2019-06-12 23:54:48,492 INFO  impl.RaftServerProxy (RaftServerProxy.java:lambda$start$3(299)) - d80589e6-df27-4df7-9203-795b6b14243e: start RPC server
2019-06-12 23:54:48,493 INFO  server.GrpcService (GrpcService.java:startImpl(148)) - d80589e6-df27-4df7-9203-795b6b14243e: GrpcService started, listening on 0.0.0.0/0.0.0.0:39049
2019-06-12 23:54:48,650 INFO  ozoneimpl.OzoneContainer (OzoneContainer.java:start(186)) - Attempting to start container services.
2019-06-12 23:54:48,651 INFO  ozoneimpl.OzoneContainer (OzoneContainer.java:startContainerScrub(160)) - Background container scrubber has been disabled by hdds.containerscrub.enabled
2019-06-12 23:54:48,651 INFO  ratis.XceiverServerRatis (XceiverServerRatis.java:start(418)) - Starting XceiverServerRatis 0882b74f-52f4-4cd0-95ad-d8da82c7b56f at port 42097
2019-06-12 23:54:48,656 INFO  impl.RaftServerProxy (RaftServerProxy.java:lambda$start$3(299)) - 0882b74f-52f4-4cd0-95ad-d8da82c7b56f: start RPC server
2019-06-12 23:54:48,658 INFO  server.GrpcService (GrpcService.java:startImpl(148)) - 0882b74f-52f4-4cd0-95ad-d8da82c7b56f: GrpcService started, listening on 0.0.0.0/0.0.0.0:42097
2019-06-12 23:54:48,841 INFO  ozoneimpl.OzoneContainer (OzoneContainer.java:start(186)) - Attempting to start container services.
2019-06-12 23:54:48,843 INFO  ozoneimpl.OzoneContainer (OzoneContainer.java:startContainerScrub(160)) - Background container scrubber has been disabled by hdds.containerscrub.enabled
2019-06-12 23:54:48,843 INFO  ratis.XceiverServerRatis (XceiverServerRatis.java:start(418)) - Starting XceiverServerRatis 591dac61-d6d7-431e-bd8a-b834eb775455 at port 46317
2019-06-12 23:54:48,848 INFO  impl.RaftServerProxy (RaftServerProxy.java:lambda$start$3(299)) - 591dac61-d6d7-431e-bd8a-b834eb775455: start RPC server
2019-06-12 23:54:48,850 INFO  server.GrpcService (GrpcService.java:startImpl(148)) - 591dac61-d6d7-431e-bd8a-b834eb775455: GrpcService started, listening on 0.0.0.0/0.0.0.0:46317
2019-06-12 23:54:48,997 INFO  ozone.MiniOzoneClusterImpl (MiniOzoneClusterImpl.java:lambda$waitForClusterToBeReady$0(142)) - Waiting for cluster to be ready. Got 0 of 6 DN Heartbeats.
2019-06-12 23:54:49,002 INFO  ozoneimpl.OzoneContainer (OzoneContainer.java:start(186)) - Attempting to start container services.
2019-06-12 23:54:49,003 INFO  ozoneimpl.OzoneContainer (OzoneContainer.java:startContainerScrub(160)) - Background container scrubber has been disabled by hdds.containerscrub.enabled
2019-06-12 23:54:49,003 INFO  ratis.XceiverServerRatis (XceiverServerRatis.java:start(418)) - Starting XceiverServerRatis 388c1871-39ca-4642-ac4d-48081980aa12 at port 41889
2019-06-12 23:54:49,007 INFO  impl.RaftServerProxy (RaftServerProxy.java:lambda$start$3(299)) - 388c1871-39ca-4642-ac4d-48081980aa12: start RPC server
2019-06-12 23:54:49,009 INFO  server.GrpcService (GrpcService.java:startImpl(148)) - 388c1871-39ca-4642-ac4d-48081980aa12: GrpcService started, listening on 0.0.0.0/0.0.0.0:41889
2019-06-12 23:54:49,998 INFO  ozone.MiniOzoneClusterImpl (MiniOzoneClusterImpl.java:lambda$waitForClusterToBeReady$0(142)) - Waiting for cluster to be ready. Got 0 of 6 DN Heartbeats.
2019-06-12 23:54:50,103 INFO  node.SCMNodeManager (SCMNodeManager.java:register(234)) - Registered Data node : a58efe25-d877-42a2-ad29-162ab7b450f1{ip: 192.168.46.17, host: ozone-b88sd-4274418788, networkLocation: /default-rack, certSerialId: null}
2019-06-12 23:54:50,108 INFO  safemode.SCMSafeModeManager (DataNodeSafeModeRule.java:process(71)) - SCM in safe mode. 1 DataNodes registered, 1 required.
2019-06-12 23:54:50,108 INFO  safemode.SCMSafeModeManager (SCMSafeModeManager.java:validateSafeModeExitRules(177)) - ScmSafeModeManager, all rules are successfully validated
2019-06-12 23:54:50,108 INFO  safemode.SCMSafeModeManager (SCMSafeModeManager.java:exitSafeMode(193)) - SCM exiting safe mode.
2019-06-12 23:54:50,264 INFO  node.SCMNodeManager (SCMNodeManager.java:register(234)) - Registered Data node : d48a0c28-8460-4db7-9693-96e4ecbfcd06{ip: 192.168.46.17, host: ozone-b88sd-4274418788, networkLocation: /default-rack, certSerialId: null}
2019-06-12 23:54:50,420 INFO  impl.RaftServerProxy (RaftServerProxy.java:addNew(89)) - a58efe25-d877-42a2-ad29-162ab7b450f1: addNew group-10506091B294:[a58efe25-d877-42a2-ad29-162ab7b450f1:192.168.46.17:39769] returns group-10506091B294:java.util.concurrent.CompletableFuture@1b8f863e[Not completed]
2019-06-12 23:54:50,425 INFO  impl.RaftServerImpl (RaftServerImpl.java:<init>(91)) - a58efe25-d877-42a2-ad29-162ab7b450f1: new RaftServerImpl for group-10506091B294:[a58efe25-d877-42a2-ad29-162ab7b450f1:192.168.46.17:39769] with ContainerStateMachine:uninitialized
2019-06-12 23:54:50,426 INFO  server.RaftServerConfigKeys (ConfUtils.java:logGet(43)) - raft.server.rpc.timeout.min = 1s (custom)
2019-06-12 23:54:50,426 INFO  server.RaftServerConfigKeys (ConfUtils.java:logGet(43)) - raft.server.rpc.timeout.max = 1200ms (custom)
2019-06-12 23:54:50,426 INFO  server.RaftServerConfigKeys (ConfUtils.java:logGet(43)) - raft.server.rpcslowness.timeout = 10s (custom)
2019-06-12 23:54:50,427 INFO  server.RaftServerConfigKeys (ConfUtils.java:logGet(43)) - raft.server.log.appender.install.snapshot.enabled = true (default)
2019-06-12 23:54:50,433 INFO  impl.RaftServerImpl (ServerState.java:<init>(101)) - a58efe25-d877-42a2-ad29-162ab7b450f1:group-10506091B294 ConfigurationManager, init=-1: [a58efe25-d877-42a2-ad29-162ab7b450f1:192.168.46.17:39769], old=null, confs=<EMPTY_MAP>
2019-06-12 23:54:50,438 INFO  server.RaftServerConfigKeys (ConfUtils.java:logGet(43)) - raft.server.storage.dir = [/opt/src/hadoop-ozone/integration-test/target/test-dir/MiniOzoneClusterImpl-701e58de-ff42-4e97-96ef-cd4990301abd/datanode-0/data/ratis] (custom)
2019-06-12 23:54:50,443 INFO  storage.RaftStorageDirectory (RaftStorageDirectory.java:analyzeStorage(246)) - The storage directory /opt/src/hadoop-ozone/integration-test/target/test-dir/MiniOzoneClusterImpl-701e58de-ff42-4e97-96ef-cd4990301abd/datanode-0/data/ratis/68478ba5-50ad-4796-9076-10506091b294 does not exist. Creating ...
2019-06-12 23:54:50,448 INFO  storage.RaftStorageDirectory (RaftStorageDirectory.java:tryLock(328)) - Lock on /opt/src/hadoop-ozone/integration-test/target/test-dir/MiniOzoneClusterImpl-701e58de-ff42-4e97-96ef-cd4990301abd/datanode-0/data/ratis/68478ba5-50ad-4796-9076-10506091b294/in_use.lock acquired by nodename 10002@ozone-b88sd-4274418788
2019-06-12 23:54:50,451 INFO  storage.RaftStorage (RaftStorage.java:format(75)) - Storage directory /opt/src/hadoop-ozone/integration-test/target/test-dir/MiniOzoneClusterImpl-701e58de-ff42-4e97-96ef-cd4990301abd/datanode-0/data/ratis/68478ba5-50ad-4796-9076-10506091b294 has been successfully formatted.
2019-06-12 23:54:50,452 INFO  ratis.ContainerStateMachine (ContainerStateMachine.java:loadSnapshot(199)) - The snapshot info is null.Setting the last applied index to:(t:0, i:~)
2019-06-12 23:54:50,452 INFO  server.RaftServerConfigKeys (ConfUtils.java:logGet(43)) - raft.server.leader.election.timeout = 10s (custom)
2019-06-12 23:54:50,453 INFO  server.RaftServerConfigKeys (ConfUtils.java:logGet(43)) - raft.server.log.use.memory = false (default)
2019-06-12 23:54:50,455 INFO  server.RaftServerConfigKeys (ConfUtils.java:logGet(43)) - raft.server.log.appender.buffer.byte-limit = 33554432 (custom)
2019-06-12 23:54:50,457 INFO  server.RaftServerConfigKeys (ConfUtils.java:logGet(43)) - raft.server.log.segment.size.max = 16384 (custom)
2019-06-12 23:54:50,460 INFO  server.RaftServerConfigKeys (ConfUtils.java:logGet(43)) - raft.server.log.segment.cache.num.max = 2 (custom)
2019-06-12 23:54:50,577 INFO  storage.RaftLogWorker (RaftLogWorker.java:<init>(123)) - new a58efe25-d877-42a2-ad29-162ab7b450f1-RaftLogWorker for Storage Directory /opt/src/hadoop-ozone/integration-test/target/test-dir/MiniOzoneClusterImpl-701e58de-ff42-4e97-96ef-cd4990301abd/datanode-0/data/ratis/68478ba5-50ad-4796-9076-10506091b294
2019-06-12 23:54:50,577 INFO  node.SCMNodeManager (SCMNodeManager.java:register(234)) - Registered Data node : d80589e6-df27-4df7-9203-795b6b14243e{ip: 192.168.46.17, host: ozone-b88sd-4274418788, networkLocation: /default-rack, certSerialId: null}
2019-06-12 23:54:50,578 INFO  server.RaftServerConfigKeys (ConfUtils.java:logGet(43)) - raft.server.log.queue.byte-limit = 2147483647 (custom)
2019-06-12 23:54:50,578 INFO  server.RaftServerConfigKeys (ConfUtils.java:logGet(43)) - raft.server.log.queue.element-limit = 1024 (custom)
2019-06-12 23:54:50,580 INFO  server.RaftServerConfigKeys (ConfUtils.java:logGet(43)) - raft.server.log.segment.size.max = 16384 (custom)
2019-06-12 23:54:50,581 INFO  server.RaftServerConfigKeys (ConfUtils.java:logGet(43)) - raft.server.log.preallocated.size = 16384 (custom)
2019-06-12 23:54:50,581 INFO  server.RaftServerConfigKeys (ConfUtils.java:logGet(43)) - raft.server.log.write.buffer.size = 33554432 (custom)
2019-06-12 23:54:50,582 INFO  server.RaftServerConfigKeys (ConfUtils.java:logGet(43)) - raft.server.log.force.sync.num = 128 (default)
2019-06-12 23:54:50,583 INFO  server.RaftServerConfigKeys (ConfUtils.java:logGet(43)) - raft.server.log.statemachine.data.sync = true (default)
2019-06-12 23:54:50,583 INFO  server.RaftServerConfigKeys (ConfUtils.java:logGet(43)) - raft.server.log.statemachine.data.sync.timeout = 10s (default)
2019-06-12 23:54:50,583 INFO  server.RaftServerConfigKeys (ConfUtils.java:logGet(43)) - raft.server.log.statemachine.data.sync.timeout.retry = -1 (default)
2019-06-12 23:54:50,586 INFO  server.RaftServerConfigKeys (ConfUtils.java:logGet(43)) - raft.server.log.statemachine.data.caching.enabled = true (custom)
2019-06-12 23:54:50,592 INFO  server.RaftServerConfigKeys (ConfUtils.java:logGet(43)) - raft.server.snapshot.auto.trigger.enabled = true (custom)
2019-06-12 23:54:50,592 INFO  server.RaftServerConfigKeys (ConfUtils.java:logGet(43)) - raft.server.snapshot.auto.trigger.threshold = 10000 (custom)
2019-06-12 23:54:50,593 INFO  server.RaftServerConfigKeys (ConfUtils.java:logGet(43)) - raft.server.retrycache.expirytime = 600000ms (custom)
2019-06-12 23:54:50,613 INFO  impl.RaftServerImpl (RaftServerImpl.java:start(173)) - a58efe25-d877-42a2-ad29-162ab7b450f1: start group-10506091B294
2019-06-12 23:54:50,614 INFO  impl.RaftServerImpl (RaftServerImpl.java:setRole(164)) - a58efe25-d877-42a2-ad29-162ab7b450f1:group-10506091B294 changes role from null to FOLLOWER at term 0 for startAsFollower
2019-06-12 23:54:50,615 INFO  impl.RoleInfo (RoleInfo.java:updateAndGet(143)) - a58efe25-d877-42a2-ad29-162ab7b450f1: start FollowerState
2019-06-12 23:54:50,616 INFO  util.JmxRegister (JmxRegister.java:tryRegister(44)) - Successfully registered JMX Bean with object name Ratis:service=RaftServer,group=group-10506091B294,id=a58efe25-d877-42a2-ad29-162ab7b450f1
2019-06-12 23:54:50,648 INFO  node.SCMNodeManager (SCMNodeManager.java:register(234)) - Registered Data node : 0882b74f-52f4-4cd0-95ad-d8da82c7b56f{ip: 192.168.46.17, host: ozone-b88sd-4274418788, networkLocation: /default-rack, certSerialId: null}
2019-06-12 23:54:50,656 INFO  pipeline.PipelineStateManager (PipelineStateManager.java:addPipeline(56)) - Created pipeline Pipeline[ Id: 68478ba5-50ad-4796-9076-10506091b294, Nodes: a58efe25-d877-42a2-ad29-162ab7b450f1{ip: 192.168.46.17, host: ozone-b88sd-4274418788, networkLocation: /default-rack, certSerialId: null}, Type:RATIS, Factor:ONE, State:OPEN]
2019-06-12 23:54:50,672 INFO  impl.RaftServerProxy (RaftServerProxy.java:addNew(89)) - d80589e6-df27-4df7-9203-795b6b14243e: addNew group-E66E54270D8B:[d80589e6-df27-4df7-9203-795b6b14243e:192.168.46.17:39049] returns group-E66E54270D8B:java.util.concurrent.CompletableFuture@6f90a9cc[Not completed]
2019-06-12 23:54:50,673 INFO  impl.RaftServerImpl (RaftServerImpl.java:<init>(91)) - d80589e6-df27-4df7-9203-795b6b14243e: new RaftServerImpl for group-E66E54270D8B:[d80589e6-df27-4df7-9203-795b6b14243e:192.168.46.17:39049] with ContainerStateMachine:uninitialized
2019-06-12 23:54:50,675 INFO  server.RaftServerConfigKeys (ConfUtils.java:logGet(43)) - raft.server.rpc.timeout.min = 1s (custom)
2019-06-12 23:54:50,676 INFO  server.RaftServerConfigKeys (ConfUtils.java:logGet(43)) - raft.server.rpc.timeout.max = 1200ms (custom)
2019-06-12 23:54:50,676 INFO  server.RaftServerConfigKeys (ConfUtils.java:logGet(43)) - raft.server.rpcslowness.timeout = 10s (custom)
2019-06-12 23:54:50,676 INFO  server.RaftServerConfigKeys (ConfUtils.java:logGet(43)) - raft.server.log.appender.install.snapshot.enabled = true (default)
2019-06-12 23:54:50,676 INFO  impl.RaftServerImpl (ServerState.java:<init>(101)) - d80589e6-df27-4df7-9203-795b6b14243e:group-E66E54270D8B ConfigurationManager, init=-1: [d80589e6-df27-4df7-9203-795b6b14243e:192.168.46.17:39049], old=null, confs=<EMPTY_MAP>
2019-06-12 23:54:50,677 INFO  server.RaftServerConfigKeys (ConfUtils.java:logGet(43)) - raft.server.storage.dir = [/opt/src/hadoop-ozone/integration-test/target/test-dir/MiniOzoneClusterImpl-701e58de-ff42-4e97-96ef-cd4990301abd/datanode-2/data/ratis] (custom)
2019-06-12 23:54:50,677 INFO  storage.RaftStorageDirectory (RaftStorageDirectory.java:analyzeStorage(246)) - The storage directory /opt/src/hadoop-ozone/integration-test/target/test-dir/MiniOzoneClusterImpl-701e58de-ff42-4e97-96ef-cd4990301abd/datanode-2/data/ratis/3ff7abe3-58bb-4eb5-aba4-e66e54270d8b does not exist. Creating ...
2019-06-12 23:54:50,679 INFO  storage.RaftStorageDirectory (RaftStorageDirectory.java:tryLock(328)) - Lock on /opt/src/hadoop-ozone/integration-test/target/test-dir/MiniOzoneClusterImpl-701e58de-ff42-4e97-96ef-cd4990301abd/datanode-2/data/ratis/3ff7abe3-58bb-4eb5-aba4-e66e54270d8b/in_use.lock acquired by nodename 10002@ozone-b88sd-4274418788
2019-06-12 23:54:50,681 INFO  storage.RaftStorage (RaftStorage.java:format(75)) - Storage directory /opt/src/hadoop-ozone/integration-test/target/test-dir/MiniOzoneClusterImpl-701e58de-ff42-4e97-96ef-cd4990301abd/datanode-2/data/ratis/3ff7abe3-58bb-4eb5-aba4-e66e54270d8b has been successfully formatted.
2019-06-12 23:54:50,682 INFO  ratis.ContainerStateMachine (ContainerStateMachine.java:loadSnapshot(199)) - The snapshot info is null.Setting the last applied index to:(t:0, i:~)
2019-06-12 23:54:50,682 INFO  server.RaftServerConfigKeys (ConfUtils.java:logGet(43)) - raft.server.leader.election.timeout = 10s (custom)
2019-06-12 23:54:50,682 INFO  server.RaftServerConfigKeys (ConfUtils.java:logGet(43)) - raft.server.log.use.memory = false (default)
2019-06-12 23:54:50,682 INFO  server.RaftServerConfigKeys (ConfUtils.java:logGet(43)) - raft.server.log.appender.buffer.byte-limit = 33554432 (custom)
2019-06-12 23:54:50,682 INFO  server.RaftServerConfigKeys (ConfUtils.java:logGet(43)) - raft.server.log.segment.size.max = 16384 (custom)
2019-06-12 23:54:50,682 INFO  server.RaftServerConfigKeys (ConfUtils.java:logGet(43)) - raft.server.log.segment.cache.num.max = 2 (custom)
2019-06-12 23:54:50,682 INFO  storage.RaftLogWorker (RaftLogWorker.java:<init>(123)) - new d80589e6-df27-4df7-9203-795b6b14243e-RaftLogWorker for Storage Directory /opt/src/hadoop-ozone/integration-test/target/test-dir/MiniOzoneClusterImpl-701e58de-ff42-4e97-96ef-cd4990301abd/datanode-2/data/ratis/3ff7abe3-58bb-4eb5-aba4-e66e54270d8b
2019-06-12 23:54:50,683 INFO  server.RaftServerConfigKeys (ConfUtils.java:logGet(43)) - raft.server.log.queue.byte-limit = 2147483647 (custom)
2019-06-12 23:54:50,683 INFO  server.RaftServerConfigKeys (ConfUtils.java:logGet(43)) - raft.server.log.queue.element-limit = 1024 (custom)
2019-06-12 23:54:50,683 INFO  server.RaftServerConfigKeys (ConfUtils.java:logGet(43)) - raft.server.log.segment.size.max = 16384 (custom)
2019-06-12 23:54:50,684 INFO  server.RaftServerConfigKeys (ConfUtils.java:logGet(43)) - raft.server.log.preallocated.size = 16384 (custom)
2019-06-12 23:54:50,684 INFO  server.RaftServerConfigKeys (ConfUtils.java:logGet(43)) - raft.server.log.write.buffer.size = 33554432 (custom)
2019-06-12 23:54:50,684 INFO  server.RaftServerConfigKeys (ConfUtils.java:logGet(43)) - raft.server.log.force.sync.num = 128 (default)
2019-06-12 23:54:50,684 INFO  server.RaftServerConfigKeys (ConfUtils.java:logGet(43)) - raft.server.log.statemachine.data.sync = true (default)
2019-06-12 23:54:50,684 INFO  server.RaftServerConfigKeys (ConfUtils.java:logGet(43)) - raft.server.log.statemachine.data.sync.timeout = 10s (default)
2019-06-12 23:54:50,684 INFO  server.RaftServerConfigKeys (ConfUtils.java:logGet(43)) - raft.server.log.statemachine.data.sync.timeout.retry = -1 (default)
2019-06-12 23:54:50,684 INFO  server.RaftServerConfigKeys (ConfUtils.java:logGet(43)) - raft.server.log.statemachine.data.caching.enabled = true (custom)
2019-06-12 23:54:50,685 INFO  server.RaftServerConfigKeys (ConfUtils.java:logGet(43)) - raft.server.snapshot.auto.trigger.enabled = true (custom)
2019-06-12 23:54:50,685 INFO  server.RaftServerConfigKeys (ConfUtils.java:logGet(43)) - raft.server.snapshot.auto.trigger.threshold = 10000 (custom)
2019-06-12 23:54:50,685 INFO  server.RaftServerConfigKeys (ConfUtils.java:logGet(43)) - raft.server.retrycache.expirytime = 600000ms (custom)
2019-06-12 23:54:50,685 INFO  impl.RaftServerImpl (RaftServerImpl.java:start(173)) - d80589e6-df27-4df7-9203-795b6b14243e: start group-E66E54270D8B
2019-06-12 23:54:50,685 INFO  impl.RaftServerImpl (RaftServerImpl.java:setRole(164)) - d80589e6-df27-4df7-9203-795b6b14243e:group-E66E54270D8B changes role from null to FOLLOWER at term 0 for startAsFollower
2019-06-12 23:54:50,685 INFO  impl.RoleInfo (RoleInfo.java:updateAndGet(143)) - d80589e6-df27-4df7-9203-795b6b14243e: start FollowerState
2019-06-12 23:54:50,686 INFO  util.JmxRegister (JmxRegister.java:tryRegister(44)) - Successfully registered JMX Bean with object name Ratis:service=RaftServer,group=group-E66E54270D8B,id=d80589e6-df27-4df7-9203-795b6b14243e
2019-06-12 23:54:50,694 INFO  pipeline.PipelineStateManager (PipelineStateManager.java:addPipeline(56)) - Created pipeline Pipeline[ Id: 3ff7abe3-58bb-4eb5-aba4-e66e54270d8b, Nodes: d80589e6-df27-4df7-9203-795b6b14243e{ip: 192.168.46.17, host: ozone-b88sd-4274418788, networkLocation: /default-rack, certSerialId: null}, Type:RATIS, Factor:ONE, State:OPEN]
2019-06-12 23:54:50,708 INFO  impl.RaftServerProxy (RaftServerProxy.java:addNew(89)) - 0882b74f-52f4-4cd0-95ad-d8da82c7b56f: addNew group-9186F4DC8346:[0882b74f-52f4-4cd0-95ad-d8da82c7b56f:192.168.46.17:42097] returns group-9186F4DC8346:java.util.concurrent.CompletableFuture@44a51edc[Not completed]
2019-06-12 23:54:50,738 INFO  impl.RaftServerImpl (RaftServerImpl.java:<init>(91)) - 0882b74f-52f4-4cd0-95ad-d8da82c7b56f: new RaftServerImpl for group-9186F4DC8346:[0882b74f-52f4-4cd0-95ad-d8da82c7b56f:192.168.46.17:42097] with ContainerStateMachine:uninitialized
2019-06-12 23:54:50,738 INFO  server.RaftServerConfigKeys (ConfUtils.java:logGet(43)) - raft.server.rpc.timeout.min = 1s (custom)
2019-06-12 23:54:50,738 INFO  server.RaftServerConfigKeys (ConfUtils.java:logGet(43)) - raft.server.rpc.timeout.max = 1200ms (custom)
2019-06-12 23:54:50,738 INFO  server.RaftServerConfigKeys (ConfUtils.java:logGet(43)) - raft.server.rpcslowness.timeout = 10s (custom)
2019-06-12 23:54:50,739 INFO  server.RaftServerConfigKeys (ConfUtils.java:logGet(43)) - raft.server.log.appender.install.snapshot.enabled = true (default)
2019-06-12 23:54:50,739 INFO  impl.RaftServerImpl (ServerState.java:<init>(101)) - 0882b74f-52f4-4cd0-95ad-d8da82c7b56f:group-9186F4DC8346 ConfigurationManager, init=-1: [0882b74f-52f4-4cd0-95ad-d8da82c7b56f:192.168.46.17:42097], old=null, confs=<EMPTY_MAP>
2019-06-12 23:54:50,739 INFO  server.RaftServerConfigKeys (ConfUtils.java:logGet(43)) - raft.server.storage.dir = [/opt/src/hadoop-ozone/integration-test/target/test-dir/MiniOzoneClusterImpl-701e58de-ff42-4e97-96ef-cd4990301abd/datanode-3/data/ratis] (custom)
2019-06-12 23:54:50,739 INFO  storage.RaftStorageDirectory (RaftStorageDirectory.java:analyzeStorage(246)) - The storage directory /opt/src/hadoop-ozone/integration-test/target/test-dir/MiniOzoneClusterImpl-701e58de-ff42-4e97-96ef-cd4990301abd/datanode-3/data/ratis/1ff23e49-8ba4-4d85-8014-9186f4dc8346 does not exist. Creating ...
2019-06-12 23:54:50,742 INFO  storage.RaftStorageDirectory (RaftStorageDirectory.java:tryLock(328)) - Lock on /opt/src/hadoop-ozone/integration-test/target/test-dir/MiniOzoneClusterImpl-701e58de-ff42-4e97-96ef-cd4990301abd/datanode-3/data/ratis/1ff23e49-8ba4-4d85-8014-9186f4dc8346/in_use.lock acquired by nodename 10002@ozone-b88sd-4274418788
2019-06-12 23:54:50,744 INFO  storage.RaftStorage (RaftStorage.java:format(75)) - Storage directory /opt/src/hadoop-ozone/integration-test/target/test-dir/MiniOzoneClusterImpl-701e58de-ff42-4e97-96ef-cd4990301abd/datanode-3/data/ratis/1ff23e49-8ba4-4d85-8014-9186f4dc8346 has been successfully formatted.
2019-06-12 23:54:50,745 INFO  ratis.ContainerStateMachine (ContainerStateMachine.java:loadSnapshot(199)) - The snapshot info is null.Setting the last applied index to:(t:0, i:~)
2019-06-12 23:54:50,746 INFO  server.RaftServerConfigKeys (ConfUtils.java:logGet(43)) - raft.server.leader.election.timeout = 10s (custom)
2019-06-12 23:54:50,746 INFO  server.RaftServerConfigKeys (ConfUtils.java:logGet(43)) - raft.server.log.use.memory = false (default)
2019-06-12 23:54:50,746 INFO  server.RaftServerConfigKeys (ConfUtils.java:logGet(43)) - raft.server.log.appender.buffer.byte-limit = 33554432 (custom)
2019-06-12 23:54:50,746 INFO  server.RaftServerConfigKeys (ConfUtils.java:logGet(43)) - raft.server.log.segment.size.max = 16384 (custom)
2019-06-12 23:54:50,746 INFO  server.RaftServerConfigKeys (ConfUtils.java:logGet(43)) - raft.server.log.segment.cache.num.max = 2 (custom)
2019-06-12 23:54:50,746 INFO  storage.RaftLogWorker (RaftLogWorker.java:<init>(123)) - new 0882b74f-52f4-4cd0-95ad-d8da82c7b56f-RaftLogWorker for Storage Directory /opt/src/hadoop-ozone/integration-test/target/test-dir/MiniOzoneClusterImpl-701e58de-ff42-4e97-96ef-cd4990301abd/datanode-3/data/ratis/1ff23e49-8ba4-4d85-8014-9186f4dc8346
2019-06-12 23:54:50,746 INFO  server.RaftServerConfigKeys (ConfUtils.java:logGet(43)) - raft.server.log.queue.byte-limit = 2147483647 (custom)
2019-06-12 23:54:50,747 INFO  server.RaftServerConfigKeys (ConfUtils.java:logGet(43)) - raft.server.log.queue.element-limit = 1024 (custom)
2019-06-12 23:54:50,747 INFO  server.RaftServerConfigKeys (ConfUtils.java:logGet(43)) - raft.server.log.segment.size.max = 16384 (custom)
2019-06-12 23:54:50,747 INFO  server.RaftServerConfigKeys (ConfUtils.java:logGet(43)) - raft.server.log.preallocated.size = 16384 (custom)
2019-06-12 23:54:50,747 INFO  server.RaftServerConfigKeys (ConfUtils.java:logGet(43)) - raft.server.log.write.buffer.size = 33554432 (custom)
2019-06-12 23:54:50,747 INFO  server.RaftServerConfigKeys (ConfUtils.java:logGet(43)) - raft.server.log.force.sync.num = 128 (default)
2019-06-12 23:54:50,747 INFO  server.RaftServerConfigKeys (ConfUtils.java:logGet(43)) - raft.server.log.statemachine.data.sync = true (default)
2019-06-12 23:54:50,747 INFO  server.RaftServerConfigKeys (ConfUtils.java:logGet(43)) - raft.server.log.statemachine.data.sync.timeout = 10s (default)
2019-06-12 23:54:50,747 INFO  server.RaftServerConfigKeys (ConfUtils.java:logGet(43)) - raft.server.log.statemachine.data.sync.timeout.retry = -1 (default)
2019-06-12 23:54:50,748 INFO  server.RaftServerConfigKeys (ConfUtils.java:logGet(43)) - raft.server.log.statemachine.data.caching.enabled = true (custom)
2019-06-12 23:54:50,748 INFO  server.RaftServerConfigKeys (ConfUtils.java:logGet(43)) - raft.server.snapshot.auto.trigger.enabled = true (custom)
2019-06-12 23:54:50,748 INFO  server.RaftServerConfigKeys (ConfUtils.java:logGet(43)) - raft.server.snapshot.auto.trigger.threshold = 10000 (custom)
2019-06-12 23:54:50,748 INFO  server.RaftServerConfigKeys (ConfUtils.java:logGet(43)) - raft.server.retrycache.expirytime = 600000ms (custom)
2019-06-12 23:54:50,749 INFO  impl.RaftServerImpl (RaftServerImpl.java:start(173)) - 0882b74f-52f4-4cd0-95ad-d8da82c7b56f: start group-9186F4DC8346
2019-06-12 23:54:50,749 INFO  impl.RaftServerImpl (RaftServerImpl.java:setRole(164)) - 0882b74f-52f4-4cd0-95ad-d8da82c7b56f:group-9186F4DC8346 changes role from null to FOLLOWER at term 0 for startAsFollower
2019-06-12 23:54:50,749 INFO  impl.RoleInfo (RoleInfo.java:updateAndGet(143)) - 0882b74f-52f4-4cd0-95ad-d8da82c7b56f: start FollowerState
2019-06-12 23:54:50,749 INFO  util.JmxRegister (JmxRegister.java:tryRegister(44)) - Successfully registered JMX Bean with object name Ratis:service=RaftServer,group=group-9186F4DC8346,id=0882b74f-52f4-4cd0-95ad-d8da82c7b56f
2019-06-12 23:54:50,758 INFO  pipeline.PipelineStateManager (PipelineStateManager.java:addPipeline(56)) - Created pipeline Pipeline[ Id: 1ff23e49-8ba4-4d85-8014-9186f4dc8346, Nodes: 0882b74f-52f4-4cd0-95ad-d8da82c7b56f{ip: 192.168.46.17, host: ozone-b88sd-4274418788, networkLocation: /default-rack, certSerialId: null}, Type:RATIS, Factor:ONE, State:OPEN]
2019-06-12 23:54:50,772 INFO  impl.RaftServerProxy (RaftServerProxy.java:addNew(89)) - d48a0c28-8460-4db7-9693-96e4ecbfcd06: addNew group-2752851765EB:[d48a0c28-8460-4db7-9693-96e4ecbfcd06:192.168.46.17:38649] returns group-2752851765EB:java.util.concurrent.CompletableFuture@10140667[Not completed]
2019-06-12 23:54:50,775 INFO  impl.RaftServerImpl (RaftServerImpl.java:<init>(91)) - d48a0c28-8460-4db7-9693-96e4ecbfcd06: new RaftServerImpl for group-2752851765EB:[d48a0c28-8460-4db7-9693-96e4ecbfcd06:192.168.46.17:38649] with ContainerStateMachine:uninitialized
2019-06-12 23:54:50,776 INFO  server.RaftServerConfigKeys (ConfUtils.java:logGet(43)) - raft.server.rpc.timeout.min = 1s (custom)
2019-06-12 23:54:50,776 INFO  server.RaftServerConfigKeys (ConfUtils.java:logGet(43)) - raft.server.rpc.timeout.max = 1200ms (custom)
2019-06-12 23:54:50,776 INFO  server.RaftServerConfigKeys (ConfUtils.java:logGet(43)) - raft.server.rpcslowness.timeout = 10s (custom)
2019-06-12 23:54:50,776 INFO  server.RaftServerConfigKeys (ConfUtils.java:logGet(43)) - raft.server.log.appender.install.snapshot.enabled = true (default)
2019-06-12 23:54:50,776 INFO  impl.RaftServerImpl (ServerState.java:<init>(101)) - d48a0c28-8460-4db7-9693-96e4ecbfcd06:group-2752851765EB ConfigurationManager, init=-1: [d48a0c28-8460-4db7-9693-96e4ecbfcd06:192.168.46.17:38649], old=null, confs=<EMPTY_MAP>
2019-06-12 23:54:50,776 INFO  server.RaftServerConfigKeys (ConfUtils.java:logGet(43)) - raft.server.storage.dir = [/opt/src/hadoop-ozone/integration-test/target/test-dir/MiniOzoneClusterImpl-701e58de-ff42-4e97-96ef-cd4990301abd/datanode-1/data/ratis] (custom)
2019-06-12 23:54:50,777 INFO  storage.RaftStorageDirectory (RaftStorageDirectory.java:analyzeStorage(246)) - The storage directory /opt/src/hadoop-ozone/integration-test/target/test-dir/MiniOzoneClusterImpl-701e58de-ff42-4e97-96ef-cd4990301abd/datanode-1/data/ratis/5bfe96eb-4fce-477e-8662-2752851765eb does not exist. Creating ...
2019-06-12 23:54:50,778 INFO  storage.RaftStorageDirectory (RaftStorageDirectory.java:tryLock(328)) - Lock on /opt/src/hadoop-ozone/integration-test/target/test-dir/MiniOzoneClusterImpl-701e58de-ff42-4e97-96ef-cd4990301abd/datanode-1/data/ratis/5bfe96eb-4fce-477e-8662-2752851765eb/in_use.lock acquired by nodename 10002@ozone-b88sd-4274418788
2019-06-12 23:54:50,781 INFO  storage.RaftStorage (RaftStorage.java:format(75)) - Storage directory /opt/src/hadoop-ozone/integration-test/target/test-dir/MiniOzoneClusterImpl-701e58de-ff42-4e97-96ef-cd4990301abd/datanode-1/data/ratis/5bfe96eb-4fce-477e-8662-2752851765eb has been successfully formatted.
2019-06-12 23:54:50,781 INFO  ratis.ContainerStateMachine (ContainerStateMachine.java:loadSnapshot(199)) - The snapshot info is null.Setting the last applied index to:(t:0, i:~)
2019-06-12 23:54:50,781 INFO  server.RaftServerConfigKeys (ConfUtils.java:logGet(43)) - raft.server.leader.election.timeout = 10s (custom)
2019-06-12 23:54:50,781 INFO  server.RaftServerConfigKeys (ConfUtils.java:logGet(43)) - raft.server.log.use.memory = false (default)
2019-06-12 23:54:50,781 INFO  server.RaftServerConfigKeys (ConfUtils.java:logGet(43)) - raft.server.log.appender.buffer.byte-limit = 33554432 (custom)
2019-06-12 23:54:50,781 INFO  server.RaftServerConfigKeys (ConfUtils.java:logGet(43)) - raft.server.log.segment.size.max = 16384 (custom)
2019-06-12 23:54:50,781 INFO  server.RaftServerConfigKeys (ConfUtils.java:logGet(43)) - raft.server.log.segment.cache.num.max = 2 (custom)
2019-06-12 23:54:50,781 INFO  storage.RaftLogWorker (RaftLogWorker.java:<init>(123)) - new d48a0c28-8460-4db7-9693-96e4ecbfcd06-RaftLogWorker for Storage Directory /opt/src/hadoop-ozone/integration-test/target/test-dir/MiniOzoneClusterImpl-701e58de-ff42-4e97-96ef-cd4990301abd/datanode-1/data/ratis/5bfe96eb-4fce-477e-8662-2752851765eb
2019-06-12 23:54:50,782 INFO  server.RaftServerConfigKeys (ConfUtils.java:logGet(43)) - raft.server.log.queue.byte-limit = 2147483647 (custom)
2019-06-12 23:54:50,782 INFO  server.RaftServerConfigKeys (ConfUtils.java:logGet(43)) - raft.server.log.queue.element-limit = 1024 (custom)
2019-06-12 23:54:50,782 INFO  server.RaftServerConfigKeys (ConfUtils.java:logGet(43)) - raft.server.log.segment.size.max = 16384 (custom)
2019-06-12 23:54:50,782 INFO  server.RaftServerConfigKeys (ConfUtils.java:logGet(43)) - raft.server.log.preallocated.size = 16384 (custom)
2019-06-12 23:54:50,782 INFO  server.RaftServerConfigKeys (ConfUtils.java:logGet(43)) - raft.server.log.write.buffer.size = 33554432 (custom)
2019-06-12 23:54:50,782 INFO  server.RaftServerConfigKeys (ConfUtils.java:logGet(43)) - raft.server.log.force.sync.num = 128 (default)
2019-06-12 23:54:50,782 INFO  server.RaftServerConfigKeys (ConfUtils.java:logGet(43)) - raft.server.log.statemachine.data.sync = true (default)
2019-06-12 23:54:50,782 INFO  server.RaftServerConfigKeys (ConfUtils.java:logGet(43)) - raft.server.log.statemachine.data.sync.timeout = 10s (default)
2019-06-12 23:54:50,782 INFO  server.RaftServerConfigKeys (ConfUtils.java:logGet(43)) - raft.server.log.statemachine.data.sync.timeout.retry = -1 (default)
2019-06-12 23:54:50,783 INFO  server.RaftServerConfigKeys (ConfUtils.java:logGet(43)) - raft.server.log.statemachine.data.caching.enabled = true (custom)
2019-06-12 23:54:50,783 INFO  server.RaftServerConfigKeys (ConfUtils.java:logGet(43)) - raft.server.snapshot.auto.trigger.enabled = true (custom)
2019-06-12 23:54:50,783 INFO  server.RaftServerConfigKeys (ConfUtils.java:logGet(43)) - raft.server.snapshot.auto.trigger.threshold = 10000 (custom)
2019-06-12 23:54:50,783 INFO  server.RaftServerConfigKeys (ConfUtils.java:logGet(43)) - raft.server.retrycache.expirytime = 600000ms (custom)
2019-06-12 23:54:50,783 INFO  impl.RaftServerImpl (RaftServerImpl.java:start(173)) - d48a0c28-8460-4db7-9693-96e4ecbfcd06: start group-2752851765EB
2019-06-12 23:54:50,783 INFO  impl.RaftServerImpl (RaftServerImpl.java:setRole(164)) - d48a0c28-8460-4db7-9693-96e4ecbfcd06:group-2752851765EB changes role from null to FOLLOWER at term 0 for startAsFollower
2019-06-12 23:54:50,784 INFO  impl.RoleInfo (RoleInfo.java:updateAndGet(143)) - d48a0c28-8460-4db7-9693-96e4ecbfcd06: start FollowerState
2019-06-12 23:54:50,784 INFO  util.JmxRegister (JmxRegister.java:tryRegister(44)) - Successfully registered JMX Bean with object name Ratis:service=RaftServer,group=group-2752851765EB,id=d48a0c28-8460-4db7-9693-96e4ecbfcd06
2019-06-12 23:54:50,804 INFO  pipeline.PipelineStateManager (PipelineStateManager.java:addPipeline(56)) - Created pipeline Pipeline[ Id: 5bfe96eb-4fce-477e-8662-2752851765eb, Nodes: d48a0c28-8460-4db7-9693-96e4ecbfcd06{ip: 192.168.46.17, host: ozone-b88sd-4274418788, networkLocation: /default-rack, certSerialId: null}, Type:RATIS, Factor:ONE, State:OPEN]
2019-06-12 23:54:50,834 INFO  impl.RaftServerImpl (RaftServerImpl.java:<init>(91)) - d80589e6-df27-4df7-9203-795b6b14243e: new RaftServerImpl for group-B426838EA95A:[0882b74f-52f4-4cd0-95ad-d8da82c7b56f:192.168.46.17:42097, a58efe25-d877-42a2-ad29-162ab7b450f1:192.168.46.17:39769, d80589e6-df27-4df7-9203-795b6b14243e:192.168.46.17:39049] with ContainerStateMachine:uninitialized
2019-06-12 23:54:50,834 INFO  server.RaftServerConfigKeys (ConfUtils.java:logGet(43)) - raft.server.rpc.timeout.min = 1s (custom)
2019-06-12 23:54:50,835 INFO  server.RaftServerConfigKeys (ConfUtils.java:logGet(43)) - raft.server.rpc.timeout.max = 1200ms (custom)
2019-06-12 23:54:50,835 INFO  server.RaftServerConfigKeys (ConfUtils.java:logGet(43)) - raft.server.rpcslowness.timeout = 10s (custom)
2019-06-12 23:54:50,835 INFO  server.RaftServerConfigKeys (ConfUtils.java:logGet(43)) - raft.server.log.appender.install.snapshot.enabled = true (default)
2019-06-12 23:54:50,835 INFO  impl.RaftServerImpl (ServerState.java:<init>(101)) - d80589e6-df27-4df7-9203-795b6b14243e:group-B426838EA95A ConfigurationManager, init=-1: [0882b74f-52f4-4cd0-95ad-d8da82c7b56f:192.168.46.17:42097, a58efe25-d877-42a2-ad29-162ab7b450f1:192.168.46.17:39769, d80589e6-df27-4df7-9203-795b6b14243e:192.168.46.17:39049], old=null, confs=<EMPTY_MAP>
2019-06-12 23:54:50,835 INFO  server.RaftServerConfigKeys (ConfUtils.java:logGet(43)) - raft.server.storage.dir = [/opt/src/hadoop-ozone/integration-test/target/test-dir/MiniOzoneClusterImpl-701e58de-ff42-4e97-96ef-cd4990301abd/datanode-2/data/ratis] (custom)
2019-06-12 23:54:50,835 INFO  storage.RaftStorageDirectory (RaftStorageDirectory.java:analyzeStorage(246)) - The storage directory /opt/src/hadoop-ozone/integration-test/target/test-dir/MiniOzoneClusterImpl-701e58de-ff42-4e97-96ef-cd4990301abd/datanode-2/data/ratis/f649aa7a-3bef-4478-8a96-b426838ea95a does not exist. Creating ...
2019-06-12 23:54:50,836 INFO  impl.RaftServerProxy (RaftServerProxy.java:addNew(89)) - 0882b74f-52f4-4cd0-95ad-d8da82c7b56f: addNew group-B426838EA95A:[0882b74f-52f4-4cd0-95ad-d8da82c7b56f:192.168.46.17:42097, a58efe25-d877-42a2-ad29-162ab7b450f1:192.168.46.17:39769, d80589e6-df27-4df7-9203-795b6b14243e:192.168.46.17:39049] returns group-B426838EA95A:java.util.concurrent.CompletableFuture@118fada7[Not completed]
2019-06-12 23:54:50,836 INFO  impl.RaftServerProxy (RaftServerProxy.java:addNew(89)) - d80589e6-df27-4df7-9203-795b6b14243e: addNew group-B426838EA95A:[0882b74f-52f4-4cd0-95ad-d8da82c7b56f:192.168.46.17:42097, a58efe25-d877-42a2-ad29-162ab7b450f1:192.168.46.17:39769, d80589e6-df27-4df7-9203-795b6b14243e:192.168.46.17:39049] returns group-B426838EA95A:java.util.concurrent.CompletableFuture@3d12716b[Not completed]
2019-06-12 23:54:50,837 INFO  impl.RaftServerImpl (RaftServerImpl.java:<init>(91)) - 0882b74f-52f4-4cd0-95ad-d8da82c7b56f: new RaftServerImpl for group-B426838EA95A:[0882b74f-52f4-4cd0-95ad-d8da82c7b56f:192.168.46.17:42097, a58efe25-d877-42a2-ad29-162ab7b450f1:192.168.46.17:39769, d80589e6-df27-4df7-9203-795b6b14243e:192.168.46.17:39049] with ContainerStateMachine:uninitialized
2019-06-12 23:54:50,837 INFO  server.RaftServerConfigKeys (ConfUtils.java:logGet(43)) - raft.server.rpc.timeout.min = 1s (custom)
2019-06-12 23:54:50,837 INFO  server.RaftServerConfigKeys (ConfUtils.java:logGet(43)) - raft.server.rpc.timeout.max = 1200ms (custom)
2019-06-12 23:54:50,837 INFO  server.RaftServerConfigKeys (ConfUtils.java:logGet(43)) - raft.server.rpcslowness.timeout = 10s (custom)
2019-06-12 23:54:50,837 INFO  server.RaftServerConfigKeys (ConfUtils.java:logGet(43)) - raft.server.log.appender.install.snapshot.enabled = true (default)
2019-06-12 23:54:50,837 INFO  impl.RaftServerImpl (ServerState.java:<init>(101)) - 0882b74f-52f4-4cd0-95ad-d8da82c7b56f:group-B426838EA95A ConfigurationManager, init=-1: [0882b74f-52f4-4cd0-95ad-d8da82c7b56f:192.168.46.17:42097, a58efe25-d877-42a2-ad29-162ab7b450f1:192.168.46.17:39769, d80589e6-df27-4df7-9203-795b6b14243e:192.168.46.17:39049], old=null, confs=<EMPTY_MAP>
2019-06-12 23:54:50,837 INFO  server.RaftServerConfigKeys (ConfUtils.java:logGet(43)) - raft.server.storage.dir = [/opt/src/hadoop-ozone/integration-test/target/test-dir/MiniOzoneClusterImpl-701e58de-ff42-4e97-96ef-cd4990301abd/datanode-3/data/ratis] (custom)
2019-06-12 23:54:50,838 INFO  storage.RaftStorageDirectory (RaftStorageDirectory.java:analyzeStorage(246)) - The storage directory /opt/src/hadoop-ozone/integration-test/target/test-dir/MiniOzoneClusterImpl-701e58de-ff42-4e97-96ef-cd4990301abd/datanode-3/data/ratis/f649aa7a-3bef-4478-8a96-b426838ea95a does not exist. Creating ...
2019-06-12 23:54:50,839 INFO  storage.RaftStorageDirectory (RaftStorageDirectory.java:tryLock(328)) - Lock on /opt/src/hadoop-ozone/integration-test/target/test-dir/MiniOzoneClusterImpl-701e58de-ff42-4e97-96ef-cd4990301abd/datanode-2/data/ratis/f649aa7a-3bef-4478-8a96-b426838ea95a/in_use.lock acquired by nodename 10002@ozone-b88sd-4274418788
2019-06-12 23:54:50,839 INFO  impl.RaftServerProxy (RaftServerProxy.java:addNew(89)) - a58efe25-d877-42a2-ad29-162ab7b450f1: addNew group-B426838EA95A:[0882b74f-52f4-4cd0-95ad-d8da82c7b56f:192.168.46.17:42097, a58efe25-d877-42a2-ad29-162ab7b450f1:192.168.46.17:39769, d80589e6-df27-4df7-9203-795b6b14243e:192.168.46.17:39049] returns group-B426838EA95A:java.util.concurrent.CompletableFuture@392de211[Not completed]
2019-06-12 23:54:50,840 INFO  storage.RaftStorageDirectory (RaftStorageDirectory.java:tryLock(328)) - Lock on /opt/src/hadoop-ozone/integration-test/target/test-dir/MiniOzoneClusterImpl-701e58de-ff42-4e97-96ef-cd4990301abd/datanode-3/data/ratis/f649aa7a-3bef-4478-8a96-b426838ea95a/in_use.lock acquired by nodename 10002@ozone-b88sd-4274418788
2019-06-12 23:54:50,840 INFO  impl.RaftServerImpl (RaftServerImpl.java:<init>(91)) - a58efe25-d877-42a2-ad29-162ab7b450f1: new RaftServerImpl for group-B426838EA95A:[0882b74f-52f4-4cd0-95ad-d8da82c7b56f:192.168.46.17:42097, a58efe25-d877-42a2-ad29-162ab7b450f1:192.168.46.17:39769, d80589e6-df27-4df7-9203-795b6b14243e:192.168.46.17:39049] with ContainerStateMachine:uninitialized
2019-06-12 23:54:50,840 INFO  server.RaftServerConfigKeys (ConfUtils.java:logGet(43)) - raft.server.rpc.timeout.min = 1s (custom)
2019-06-12 23:54:50,840 INFO  server.RaftServerConfigKeys (ConfUtils.java:logGet(43)) - raft.server.rpc.timeout.max = 1200ms (custom)
2019-06-12 23:54:50,841 INFO  server.RaftServerConfigKeys (ConfUtils.java:logGet(43)) - raft.server.rpcslowness.timeout = 10s (custom)
2019-06-12 23:54:50,841 INFO  node.SCMNodeManager (SCMNodeManager.java:register(234)) - Registered Data node : 591dac61-d6d7-431e-bd8a-b834eb775455{ip: 192.168.46.17, host: ozone-b88sd-4274418788, networkLocation: /default-rack, certSerialId: null}
2019-06-12 23:54:50,841 INFO  server.RaftServerConfigKeys (ConfUtils.java:logGet(43)) - raft.server.log.appender.install.snapshot.enabled = true (default)
2019-06-12 23:54:50,841 INFO  impl.RaftServerImpl (ServerState.java:<init>(101)) - a58efe25-d877-42a2-ad29-162ab7b450f1:group-B426838EA95A ConfigurationManager, init=-1: [0882b74f-52f4-4cd0-95ad-d8da82c7b56f:192.168.46.17:42097, a58efe25-d877-42a2-ad29-162ab7b450f1:192.168.46.17:39769, d80589e6-df27-4df7-9203-795b6b14243e:192.168.46.17:39049], old=null, confs=<EMPTY_MAP>
2019-06-12 23:54:50,841 INFO  server.RaftServerConfigKeys (ConfUtils.java:logGet(43)) - raft.server.storage.dir = [/opt/src/hadoop-ozone/integration-test/target/test-dir/MiniOzoneClusterImpl-701e58de-ff42-4e97-96ef-cd4990301abd/datanode-0/data/ratis] (custom)
2019-06-12 23:54:50,841 INFO  storage.RaftStorageDirectory (RaftStorageDirectory.java:analyzeStorage(246)) - The storage directory /opt/src/hadoop-ozone/integration-test/target/test-dir/MiniOzoneClusterImpl-701e58de-ff42-4e97-96ef-cd4990301abd/datanode-0/data/ratis/f649aa7a-3bef-4478-8a96-b426838ea95a does not exist. Creating ...
2019-06-12 23:54:50,841 INFO  storage.RaftStorage (RaftStorage.java:format(75)) - Storage directory /opt/src/hadoop-ozone/integration-test/target/test-dir/MiniOzoneClusterImpl-701e58de-ff42-4e97-96ef-cd4990301abd/datanode-3/data/ratis/f649aa7a-3bef-4478-8a96-b426838ea95a has been successfully formatted.
2019-06-12 23:54:50,842 INFO  ratis.ContainerStateMachine (ContainerStateMachine.java:loadSnapshot(199)) - The snapshot info is null.Setting the last applied index to:(t:0, i:~)
2019-06-12 23:54:50,842 INFO  server.RaftServerConfigKeys (ConfUtils.java:logGet(43)) - raft.server.leader.election.timeout = 10s (custom)
2019-06-12 23:54:50,842 INFO  server.RaftServerConfigKeys (ConfUtils.java:logGet(43)) - raft.server.log.use.memory = false (default)
2019-06-12 23:54:50,842 INFO  server.RaftServerConfigKeys (ConfUtils.java:logGet(43)) - raft.server.log.appender.buffer.byte-limit = 33554432 (custom)
2019-06-12 23:54:50,841 INFO  storage.RaftStorage (RaftStorage.java:format(75)) - Storage directory /opt/src/hadoop-ozone/integration-test/target/test-dir/MiniOzoneClusterImpl-701e58de-ff42-4e97-96ef-cd4990301abd/datanode-2/data/ratis/f649aa7a-3bef-4478-8a96-b426838ea95a has been successfully formatted.
2019-06-12 23:54:50,842 INFO  server.RaftServerConfigKeys (ConfUtils.java:logGet(43)) - raft.server.log.segment.size.max = 16384 (custom)
2019-06-12 23:54:50,842 INFO  server.RaftServerConfigKeys (ConfUtils.java:logGet(43)) - raft.server.log.segment.cache.num.max = 2 (custom)
2019-06-12 23:54:50,842 INFO  storage.RaftLogWorker (RaftLogWorker.java:<init>(123)) - new 0882b74f-52f4-4cd0-95ad-d8da82c7b56f-RaftLogWorker for Storage Directory /opt/src/hadoop-ozone/integration-test/target/test-dir/MiniOzoneClusterImpl-701e58de-ff42-4e97-96ef-cd4990301abd/datanode-3/data/ratis/f649aa7a-3bef-4478-8a96-b426838ea95a
2019-06-12 23:54:50,843 INFO  server.RaftServerConfigKeys (ConfUtils.java:logGet(43)) - raft.server.log.queue.byte-limit = 2147483647 (custom)
2019-06-12 23:54:50,843 INFO  server.RaftServerConfigKeys (ConfUtils.java:logGet(43)) - raft.server.log.queue.element-limit = 1024 (custom)
2019-06-12 23:54:50,843 INFO  server.RaftServerConfigKeys (ConfUtils.java:logGet(43)) - raft.server.log.segment.size.max = 16384 (custom)
2019-06-12 23:54:50,843 INFO  server.RaftServerConfigKeys (ConfUtils.java:logGet(43)) - raft.server.log.preallocated.size = 16384 (custom)
2019-06-12 23:54:50,843 INFO  server.RaftServerConfigKeys (ConfUtils.java:logGet(43)) - raft.server.log.write.buffer.size = 33554432 (custom)
2019-06-12 23:54:50,843 INFO  server.RaftServerConfigKeys (ConfUtils.java:logGet(43)) - raft.server.log.force.sync.num = 128 (default)
2019-06-12 23:54:50,843 INFO  server.RaftServerConfigKeys (ConfUtils.java:logGet(43)) - raft.server.log.statemachine.data.sync = true (default)
2019-06-12 23:54:50,843 INFO  server.RaftServerConfigKeys (ConfUtils.java:logGet(43)) - raft.server.log.statemachine.data.sync.timeout = 10s (default)
2019-06-12 23:54:50,843 INFO  server.RaftServerConfigKeys (ConfUtils.java:logGet(43)) - raft.server.log.statemachine.data.sync.timeout.retry = -1 (default)
2019-06-12 23:54:50,843 INFO  server.RaftServerConfigKeys (ConfUtils.java:logGet(43)) - raft.server.log.statemachine.data.caching.enabled = true (custom)
2019-06-12 23:54:50,844 INFO  storage.RaftStorageDirectory (RaftStorageDirectory.java:tryLock(328)) - Lock on /opt/src/hadoop-ozone/integration-test/target/test-dir/MiniOzoneClusterImpl-701e58de-ff42-4e97-96ef-cd4990301abd/datanode-0/data/ratis/f649aa7a-3bef-4478-8a96-b426838ea95a/in_use.lock acquired by nodename 10002@ozone-b88sd-4274418788
2019-06-12 23:54:50,843 INFO  ratis.ContainerStateMachine (ContainerStateMachine.java:loadSnapshot(199)) - The snapshot info is null.Setting the last applied index to:(t:0, i:~)
2019-06-12 23:54:50,844 INFO  server.RaftServerConfigKeys (ConfUtils.java:logGet(43)) - raft.server.leader.election.timeout = 10s (custom)
2019-06-12 23:54:50,844 INFO  server.RaftServerConfigKeys (ConfUtils.java:logGet(43)) - raft.server.log.use.memory = false (default)
2019-06-12 23:54:50,844 INFO  server.RaftServerConfigKeys (ConfUtils.java:logGet(43)) - raft.server.log.appender.buffer.byte-limit = 33554432 (custom)
2019-06-12 23:54:50,844 INFO  server.RaftServerConfigKeys (ConfUtils.java:logGet(43)) - raft.server.log.segment.size.max = 16384 (custom)
2019-06-12 23:54:50,844 INFO  server.RaftServerConfigKeys (ConfUtils.java:logGet(43)) - raft.server.log.segment.cache.num.max = 2 (custom)
2019-06-12 23:54:50,844 INFO  storage.RaftLogWorker (RaftLogWorker.java:<init>(123)) - new d80589e6-df27-4df7-9203-795b6b14243e-RaftLogWorker for Storage Directory /opt/src/hadoop-ozone/integration-test/target/test-dir/MiniOzoneClusterImpl-701e58de-ff42-4e97-96ef-cd4990301abd/datanode-2/data/ratis/f649aa7a-3bef-4478-8a96-b426838ea95a
2019-06-12 23:54:50,844 INFO  server.RaftServerConfigKeys (ConfUtils.java:logGet(43)) - raft.server.log.queue.byte-limit = 2147483647 (custom)
2019-06-12 23:54:50,845 INFO  server.RaftServerConfigKeys (ConfUtils.java:logGet(43)) - raft.server.log.queue.element-limit = 1024 (custom)
2019-06-12 23:54:50,845 INFO  server.RaftServerConfigKeys (ConfUtils.java:logGet(43)) - raft.server.log.segment.size.max = 16384 (custom)
2019-06-12 23:54:50,845 INFO  server.RaftServerConfigKeys (ConfUtils.java:logGet(43)) - raft.server.log.preallocated.size = 16384 (custom)
2019-06-12 23:54:50,845 INFO  server.RaftServerConfigKeys (ConfUtils.java:logGet(43)) - raft.server.log.write.buffer.size = 33554432 (custom)
2019-06-12 23:54:50,845 INFO  server.RaftServerConfigKeys (ConfUtils.java:logGet(43)) - raft.server.log.force.sync.num = 128 (default)
2019-06-12 23:54:50,845 INFO  server.RaftServerConfigKeys (ConfUtils.java:logGet(43)) - raft.server.log.statemachine.data.sync = true (default)
2019-06-12 23:54:50,845 INFO  server.RaftServerConfigKeys (ConfUtils.java:logGet(43)) - raft.server.log.statemachine.data.sync.timeout = 10s (default)
2019-06-12 23:54:50,845 INFO  server.RaftServerConfigKeys (ConfUtils.java:logGet(43)) - raft.server.log.statemachine.data.sync.timeout.retry = -1 (default)
2019-06-12 23:54:50,845 INFO  server.RaftServerConfigKeys (ConfUtils.java:logGet(43)) - raft.server.log.statemachine.data.caching.enabled = true (custom)
2019-06-12 23:54:50,844 INFO  server.RaftServerConfigKeys (ConfUtils.java:logGet(43)) - raft.server.snapshot.auto.trigger.enabled = true (custom)
2019-06-12 23:54:50,845 INFO  server.RaftServerConfigKeys (ConfUtils.java:logGet(43)) - raft.server.snapshot.auto.trigger.threshold = 10000 (custom)
2019-06-12 23:54:50,846 INFO  server.RaftServerConfigKeys (ConfUtils.java:logGet(43)) - raft.server.snapshot.auto.trigger.enabled = true (custom)
2019-06-12 23:54:50,846 INFO  storage.RaftStorage (RaftStorage.java:format(75)) - Storage directory /opt/src/hadoop-ozone/integration-test/target/test-dir/MiniOzoneClusterImpl-701e58de-ff42-4e97-96ef-cd4990301abd/datanode-0/data/ratis/f649aa7a-3bef-4478-8a96-b426838ea95a has been successfully formatted.
2019-06-12 23:54:50,846 INFO  server.RaftServerConfigKeys (ConfUtils.java:logGet(43)) - raft.server.retrycache.expirytime = 600000ms (custom)
2019-06-12 23:54:50,846 INFO  impl.RaftServerImpl (RaftServerImpl.java:start(173)) - 0882b74f-52f4-4cd0-95ad-d8da82c7b56f: start group-B426838EA95A
2019-06-12 23:54:50,846 INFO  impl.RaftServerImpl (RaftServerImpl.java:setRole(164)) - 0882b74f-52f4-4cd0-95ad-d8da82c7b56f:group-B426838EA95A changes role from null to FOLLOWER at term 0 for startAsFollower
2019-06-12 23:54:50,846 INFO  impl.RoleInfo (RoleInfo.java:updateAndGet(143)) - 0882b74f-52f4-4cd0-95ad-d8da82c7b56f: start FollowerState
2019-06-12 23:54:50,846 INFO  ratis.ContainerStateMachine (ContainerStateMachine.java:loadSnapshot(199)) - The snapshot info is null.Setting the last applied index to:(t:0, i:~)
2019-06-12 23:54:50,846 INFO  server.RaftServerConfigKeys (ConfUtils.java:logGet(43)) - raft.server.leader.election.timeout = 10s (custom)
2019-06-12 23:54:50,846 INFO  server.RaftServerConfigKeys (ConfUtils.java:logGet(43)) - raft.server.log.use.memory = false (default)
2019-06-12 23:54:50,847 INFO  server.RaftServerConfigKeys (ConfUtils.java:logGet(43)) - raft.server.log.appender.buffer.byte-limit = 33554432 (custom)
2019-06-12 23:54:50,847 INFO  server.RaftServerConfigKeys (ConfUtils.java:logGet(43)) - raft.server.log.segment.size.max = 16384 (custom)
2019-06-12 23:54:50,847 INFO  server.RaftServerConfigKeys (ConfUtils.java:logGet(43)) - raft.server.log.segment.cache.num.max = 2 (custom)
2019-06-12 23:54:50,847 INFO  storage.RaftLogWorker (RaftLogWorker.java:<init>(123)) - new a58efe25-d877-42a2-ad29-162ab7b450f1-RaftLogWorker for Storage Directory /opt/src/hadoop-ozone/integration-test/target/test-dir/MiniOzoneClusterImpl-701e58de-ff42-4e97-96ef-cd4990301abd/datanode-0/data/ratis/f649aa7a-3bef-4478-8a96-b426838ea95a
2019-06-12 23:54:50,847 INFO  server.RaftServerConfigKeys (ConfUtils.java:logGet(43)) - raft.server.log.queue.byte-limit = 2147483647 (custom)
2019-06-12 23:54:50,847 INFO  server.RaftServerConfigKeys (ConfUtils.java:logGet(43)) - raft.server.log.queue.element-limit = 1024 (custom)
2019-06-12 23:54:50,847 INFO  server.RaftServerConfigKeys (ConfUtils.java:logGet(43)) - raft.server.log.segment.size.max = 16384 (custom)
2019-06-12 23:54:50,847 INFO  server.RaftServerConfigKeys (ConfUtils.java:logGet(43)) - raft.server.log.preallocated.size = 16384 (custom)
2019-06-12 23:54:50,847 INFO  server.RaftServerConfigKeys (ConfUtils.java:logGet(43)) - raft.server.log.write.buffer.size = 33554432 (custom)
2019-06-12 23:54:50,847 INFO  server.RaftServerConfigKeys (ConfUtils.java:logGet(43)) - raft.server.log.force.sync.num = 128 (default)
2019-06-12 23:54:50,847 INFO  server.RaftServerConfigKeys (ConfUtils.java:logGet(43)) - raft.server.log.statemachine.data.sync = true (default)
2019-06-12 23:54:50,847 INFO  server.RaftServerConfigKeys (ConfUtils.java:logGet(43)) - raft.server.log.statemachine.data.sync.timeout = 10s (default)
2019-06-12 23:54:50,847 INFO  server.RaftServerConfigKeys (ConfUtils.java:logGet(43)) - raft.server.log.statemachine.data.sync.timeout.retry = -1 (default)
2019-06-12 23:54:50,847 INFO  server.RaftServerConfigKeys (ConfUtils.java:logGet(43)) - raft.server.log.statemachine.data.caching.enabled = true (custom)
2019-06-12 23:54:50,846 INFO  server.RaftServerConfigKeys (ConfUtils.java:logGet(43)) - raft.server.snapshot.auto.trigger.threshold = 10000 (custom)
2019-06-12 23:54:50,848 INFO  server.RaftServerConfigKeys (ConfUtils.java:logGet(43)) - raft.server.snapshot.auto.trigger.enabled = true (custom)
2019-06-12 23:54:50,848 INFO  server.RaftServerConfigKeys (ConfUtils.java:logGet(43)) - raft.server.retrycache.expirytime = 600000ms (custom)
2019-06-12 23:54:50,846 INFO  util.JmxRegister (JmxRegister.java:tryRegister(44)) - Successfully registered JMX Bean with object name Ratis:service=RaftServer,group=group-B426838EA95A,id=0882b74f-52f4-4cd0-95ad-d8da82c7b56f
2019-06-12 23:54:50,848 INFO  impl.RaftServerImpl (RaftServerImpl.java:start(173)) - d80589e6-df27-4df7-9203-795b6b14243e: start group-B426838EA95A
2019-06-12 23:54:50,848 INFO  impl.RaftServerImpl (RaftServerImpl.java:setRole(164)) - d80589e6-df27-4df7-9203-795b6b14243e:group-B426838EA95A changes role from null to FOLLOWER at term 0 for startAsFollower
2019-06-12 23:54:50,848 INFO  impl.RoleInfo (RoleInfo.java:updateAndGet(143)) - d80589e6-df27-4df7-9203-795b6b14243e: start FollowerState
2019-06-12 23:54:50,848 INFO  server.RaftServerConfigKeys (ConfUtils.java:logGet(43)) - raft.server.snapshot.auto.trigger.threshold = 10000 (custom)
2019-06-12 23:54:50,848 INFO  server.RaftServerConfigKeys (ConfUtils.java:logGet(43)) - raft.server.retrycache.expirytime = 600000ms (custom)
2019-06-12 23:54:50,849 INFO  util.JmxRegister (JmxRegister.java:tryRegister(44)) - Successfully registered JMX Bean with object name Ratis:service=RaftServer,group=group-B426838EA95A,id=d80589e6-df27-4df7-9203-795b6b14243e
2019-06-12 23:54:50,849 INFO  impl.RaftServerImpl (RaftServerImpl.java:start(173)) - a58efe25-d877-42a2-ad29-162ab7b450f1: start group-B426838EA95A
2019-06-12 23:54:50,849 INFO  impl.RaftServerImpl (RaftServerImpl.java:setRole(164)) - a58efe25-d877-42a2-ad29-162ab7b450f1:group-B426838EA95A changes role from null to FOLLOWER at term 0 for startAsFollower
2019-06-12 23:54:50,849 INFO  impl.RoleInfo (RoleInfo.java:updateAndGet(143)) - a58efe25-d877-42a2-ad29-162ab7b450f1: start FollowerState
2019-06-12 23:54:50,852 INFO  util.JmxRegister (JmxRegister.java:tryRegister(44)) - Successfully registered JMX Bean with object name Ratis:service=RaftServer,group=group-B426838EA95A,id=a58efe25-d877-42a2-ad29-162ab7b450f1
2019-06-12 23:54:50,863 INFO  pipeline.PipelineStateManager (PipelineStateManager.java:addPipeline(56)) - Created pipeline Pipeline[ Id: f649aa7a-3bef-4478-8a96-b426838ea95a, Nodes: d80589e6-df27-4df7-9203-795b6b14243e{ip: 192.168.46.17, host: ozone-b88sd-4274418788, networkLocation: /default-rack, certSerialId: null}0882b74f-52f4-4cd0-95ad-d8da82c7b56f{ip: 192.168.46.17, host: ozone-b88sd-4274418788, networkLocation: /default-rack, certSerialId: null}a58efe25-d877-42a2-ad29-162ab7b450f1{ip: 192.168.46.17, host: ozone-b88sd-4274418788, networkLocation: /default-rack, certSerialId: null}, Type:RATIS, Factor:THREE, State:OPEN]
2019-06-12 23:54:50,882 INFO  impl.RaftServerProxy (RaftServerProxy.java:addNew(89)) - 591dac61-d6d7-431e-bd8a-b834eb775455: addNew group-78C89301DCD9:[591dac61-d6d7-431e-bd8a-b834eb775455:192.168.46.17:46317] returns group-78C89301DCD9:java.util.concurrent.CompletableFuture@4d99c712[Not completed]
2019-06-12 23:54:50,883 INFO  impl.RaftServerImpl (RaftServerImpl.java:<init>(91)) - 591dac61-d6d7-431e-bd8a-b834eb775455: new RaftServerImpl for group-78C89301DCD9:[591dac61-d6d7-431e-bd8a-b834eb775455:192.168.46.17:46317] with ContainerStateMachine:uninitialized
2019-06-12 23:54:50,884 INFO  server.RaftServerConfigKeys (ConfUtils.java:logGet(43)) - raft.server.rpc.timeout.min = 1s (custom)
2019-06-12 23:54:50,884 INFO  server.RaftServerConfigKeys (ConfUtils.java:logGet(43)) - raft.server.rpc.timeout.max = 1200ms (custom)
2019-06-12 23:54:50,884 INFO  server.RaftServerConfigKeys (ConfUtils.java:logGet(43)) - raft.server.rpcslowness.timeout = 10s (custom)
2019-06-12 23:54:50,884 INFO  server.RaftServerConfigKeys (ConfUtils.java:logGet(43)) - raft.server.log.appender.install.snapshot.enabled = true (default)
2019-06-12 23:54:50,884 INFO  impl.RaftServerImpl (ServerState.java:<init>(101)) - 591dac61-d6d7-431e-bd8a-b834eb775455:group-78C89301DCD9 ConfigurationManager, init=-1: [591dac61-d6d7-431e-bd8a-b834eb775455:192.168.46.17:46317], old=null, confs=<EMPTY_MAP>
2019-06-12 23:54:50,884 INFO  server.RaftServerConfigKeys (ConfUtils.java:logGet(43)) - raft.server.storage.dir = [/opt/src/hadoop-ozone/integration-test/target/test-dir/MiniOzoneClusterImpl-701e58de-ff42-4e97-96ef-cd4990301abd/datanode-4/data/ratis] (custom)
2019-06-12 23:54:50,885 INFO  storage.RaftStorageDirectory (RaftStorageDirectory.java:analyzeStorage(246)) - The storage directory /opt/src/hadoop-ozone/integration-test/target/test-dir/MiniOzoneClusterImpl-701e58de-ff42-4e97-96ef-cd4990301abd/datanode-4/data/ratis/4fc2abdf-ddf7-488e-85f7-78c89301dcd9 does not exist. Creating ...
2019-06-12 23:54:50,887 INFO  storage.RaftStorageDirectory (RaftStorageDirectory.java:tryLock(328)) - Lock on /opt/src/hadoop-ozone/integration-test/target/test-dir/MiniOzoneClusterImpl-701e58de-ff42-4e97-96ef-cd4990301abd/datanode-4/data/ratis/4fc2abdf-ddf7-488e-85f7-78c89301dcd9/in_use.lock acquired by nodename 10002@ozone-b88sd-4274418788
2019-06-12 23:54:50,889 INFO  storage.RaftStorage (RaftStorage.java:format(75)) - Storage directory /opt/src/hadoop-ozone/integration-test/target/test-dir/MiniOzoneClusterImpl-701e58de-ff42-4e97-96ef-cd4990301abd/datanode-4/data/ratis/4fc2abdf-ddf7-488e-85f7-78c89301dcd9 has been successfully formatted.
2019-06-12 23:54:50,889 INFO  ratis.ContainerStateMachine (ContainerStateMachine.java:loadSnapshot(199)) - The snapshot info is null.Setting the last applied index to:(t:0, i:~)
2019-06-12 23:54:50,889 INFO  server.RaftServerConfigKeys (ConfUtils.java:logGet(43)) - raft.server.leader.election.timeout = 10s (custom)
2019-06-12 23:54:50,889 INFO  server.RaftServerConfigKeys (ConfUtils.java:logGet(43)) - raft.server.log.use.memory = false (default)
2019-06-12 23:54:50,889 INFO  server.RaftServerConfigKeys (ConfUtils.java:logGet(43)) - raft.server.log.appender.buffer.byte-limit = 33554432 (custom)
2019-06-12 23:54:50,889 INFO  server.RaftServerConfigKeys (ConfUtils.java:logGet(43)) - raft.server.log.segment.size.max = 16384 (custom)
2019-06-12 23:54:50,889 INFO  server.RaftServerConfigKeys (ConfUtils.java:logGet(43)) - raft.server.log.segment.cache.num.max = 2 (custom)
2019-06-12 23:54:50,889 INFO  storage.RaftLogWorker (RaftLogWorker.java:<init>(123)) - new 591dac61-d6d7-431e-bd8a-b834eb775455-RaftLogWorker for Storage Directory /opt/src/hadoop-ozone/integration-test/target/test-dir/MiniOzoneClusterImpl-701e58de-ff42-4e97-96ef-cd4990301abd/datanode-4/data/ratis/4fc2abdf-ddf7-488e-85f7-78c89301dcd9
2019-06-12 23:54:50,890 INFO  server.RaftServerConfigKeys (ConfUtils.java:logGet(43)) - raft.server.log.queue.byte-limit = 2147483647 (custom)
2019-06-12 23:54:50,890 INFO  server.RaftServerConfigKeys (ConfUtils.java:logGet(43)) - raft.server.log.queue.element-limit = 1024 (custom)
2019-06-12 23:54:50,890 INFO  server.RaftServerConfigKeys (ConfUtils.java:logGet(43)) - raft.server.log.segment.size.max = 16384 (custom)
2019-06-12 23:54:50,890 INFO  server.RaftServerConfigKeys (ConfUtils.java:logGet(43)) - raft.server.log.preallocated.size = 16384 (custom)
2019-06-12 23:54:50,890 INFO  server.RaftServerConfigKeys (ConfUtils.java:logGet(43)) - raft.server.log.write.buffer.size = 33554432 (custom)
2019-06-12 23:54:50,890 INFO  server.RaftServerConfigKeys (ConfUtils.java:logGet(43)) - raft.server.log.force.sync.num = 128 (default)
2019-06-12 23:54:50,890 INFO  server.RaftServerConfigKeys (ConfUtils.java:logGet(43)) - raft.server.log.statemachine.data.sync = true (default)
2019-06-12 23:54:50,890 INFO  server.RaftServerConfigKeys (ConfUtils.java:logGet(43)) - raft.server.log.statemachine.data.sync.timeout = 10s (default)
2019-06-12 23:54:50,890 INFO  server.RaftServerConfigKeys (ConfUtils.java:logGet(43)) - raft.server.log.statemachine.data.sync.timeout.retry = -1 (default)
2019-06-12 23:54:50,891 INFO  server.RaftServerConfigKeys (ConfUtils.java:logGet(43)) - raft.server.log.statemachine.data.caching.enabled = true (custom)
2019-06-12 23:54:50,891 INFO  server.RaftServerConfigKeys (ConfUtils.java:logGet(43)) - raft.server.snapshot.auto.trigger.enabled = true (custom)
2019-06-12 23:54:50,891 INFO  server.RaftServerConfigKeys (ConfUtils.java:logGet(43)) - raft.server.snapshot.auto.trigger.threshold = 10000 (custom)
2019-06-12 23:54:50,891 INFO  server.RaftServerConfigKeys (ConfUtils.java:logGet(43)) - raft.server.retrycache.expirytime = 600000ms (custom)
2019-06-12 23:54:50,891 INFO  impl.RaftServerImpl (RaftServerImpl.java:start(173)) - 591dac61-d6d7-431e-bd8a-b834eb775455: start group-78C89301DCD9
2019-06-12 23:54:50,891 INFO  impl.RaftServerImpl (RaftServerImpl.java:setRole(164)) - 591dac61-d6d7-431e-bd8a-b834eb775455:group-78C89301DCD9 changes role from null to FOLLOWER at term 0 for startAsFollower
2019-06-12 23:54:50,892 INFO  impl.RoleInfo (RoleInfo.java:updateAndGet(143)) - 591dac61-d6d7-431e-bd8a-b834eb775455: start FollowerState
2019-06-12 23:54:50,892 INFO  util.JmxRegister (JmxRegister.java:tryRegister(44)) - Successfully registered JMX Bean with object name Ratis:service=RaftServer,group=group-78C89301DCD9,id=591dac61-d6d7-431e-bd8a-b834eb775455
2019-06-12 23:54:50,895 INFO  pipeline.PipelineStateManager (PipelineStateManager.java:addPipeline(56)) - Created pipeline Pipeline[ Id: 4fc2abdf-ddf7-488e-85f7-78c89301dcd9, Nodes: 591dac61-d6d7-431e-bd8a-b834eb775455{ip: 192.168.46.17, host: ozone-b88sd-4274418788, networkLocation: /default-rack, certSerialId: null}, Type:RATIS, Factor:ONE, State:OPEN]
2019-06-12 23:54:50,998 INFO  ozone.MiniOzoneClusterImpl (MiniOzoneClusterImpl.java:lambda$waitForClusterToBeReady$0(142)) - Waiting for cluster to be ready. Got 5 of 6 DN Heartbeats.
2019-06-12 23:54:51,001 INFO  node.SCMNodeManager (SCMNodeManager.java:register(234)) - Registered Data node : 388c1871-39ca-4642-ac4d-48081980aa12{ip: 192.168.46.17, host: ozone-b88sd-4274418788, networkLocation: /default-rack, certSerialId: null}
2019-06-12 23:54:51,013 INFO  impl.RaftServerProxy (RaftServerProxy.java:addNew(89)) - 388c1871-39ca-4642-ac4d-48081980aa12: addNew group-96A0F165FE7D:[388c1871-39ca-4642-ac4d-48081980aa12:192.168.46.17:41889] returns group-96A0F165FE7D:java.util.concurrent.CompletableFuture@ce7a379[Not completed]
2019-06-12 23:54:51,013 INFO  impl.RaftServerImpl (RaftServerImpl.java:<init>(91)) - 388c1871-39ca-4642-ac4d-48081980aa12: new RaftServerImpl for group-96A0F165FE7D:[388c1871-39ca-4642-ac4d-48081980aa12:192.168.46.17:41889] with ContainerStateMachine:uninitialized
2019-06-12 23:54:51,013 INFO  server.RaftServerConfigKeys (ConfUtils.java:logGet(43)) - raft.server.rpc.timeout.min = 1s (custom)
2019-06-12 23:54:51,013 INFO  server.RaftServerConfigKeys (ConfUtils.java:logGet(43)) - raft.server.rpc.timeout.max = 1200ms (custom)
2019-06-12 23:54:51,014 INFO  server.RaftServerConfigKeys (ConfUtils.java:logGet(43)) - raft.server.rpcslowness.timeout = 10s (custom)
2019-06-12 23:54:51,014 INFO  server.RaftServerConfigKeys (ConfUtils.java:logGet(43)) - raft.server.log.appender.install.snapshot.enabled = true (default)
2019-06-12 23:54:51,014 INFO  impl.RaftServerImpl (ServerState.java:<init>(101)) - 388c1871-39ca-4642-ac4d-48081980aa12:group-96A0F165FE7D ConfigurationManager, init=-1: [388c1871-39ca-4642-ac4d-48081980aa12:192.168.46.17:41889], old=null, confs=<EMPTY_MAP>
2019-06-12 23:54:51,014 INFO  server.RaftServerConfigKeys (ConfUtils.java:logGet(43)) - raft.server.storage.dir = [/opt/src/hadoop-ozone/integration-test/target/test-dir/MiniOzoneClusterImpl-701e58de-ff42-4e97-96ef-cd4990301abd/datanode-5/data/ratis] (custom)
2019-06-12 23:54:51,014 INFO  storage.RaftStorageDirectory (RaftStorageDirectory.java:analyzeStorage(246)) - The storage directory /opt/src/hadoop-ozone/integration-test/target/test-dir/MiniOzoneClusterImpl-701e58de-ff42-4e97-96ef-cd4990301abd/datanode-5/data/ratis/6d67586a-898d-4b77-9b2a-96a0f165fe7d does not exist. Creating ...
2019-06-12 23:54:51,016 INFO  storage.RaftStorageDirectory (RaftStorageDirectory.java:tryLock(328)) - Lock on /opt/src/hadoop-ozone/integration-test/target/test-dir/MiniOzoneClusterImpl-701e58de-ff42-4e97-96ef-cd4990301abd/datanode-5/data/ratis/6d67586a-898d-4b77-9b2a-96a0f165fe7d/in_use.lock acquired by nodename 10002@ozone-b88sd-4274418788
2019-06-12 23:54:51,018 INFO  storage.RaftStorage (RaftStorage.java:format(75)) - Storage directory /opt/src/hadoop-ozone/integration-test/target/test-dir/MiniOzoneClusterImpl-701e58de-ff42-4e97-96ef-cd4990301abd/datanode-5/data/ratis/6d67586a-898d-4b77-9b2a-96a0f165fe7d has been successfully formatted.
2019-06-12 23:54:51,018 INFO  ratis.ContainerStateMachine (ContainerStateMachine.java:loadSnapshot(199)) - The snapshot info is null.Setting the last applied index to:(t:0, i:~)
2019-06-12 23:54:51,018 INFO  server.RaftServerConfigKeys (ConfUtils.java:logGet(43)) - raft.server.leader.election.timeout = 10s (custom)
2019-06-12 23:54:51,018 INFO  server.RaftServerConfigKeys (ConfUtils.java:logGet(43)) - raft.server.log.use.memory = false (default)
2019-06-12 23:54:51,018 INFO  server.RaftServerConfigKeys (ConfUtils.java:logGet(43)) - raft.server.log.appender.buffer.byte-limit = 33554432 (custom)
2019-06-12 23:54:51,018 INFO  server.RaftServerConfigKeys (ConfUtils.java:logGet(43)) - raft.server.log.segment.size.max = 16384 (custom)
2019-06-12 23:54:51,018 INFO  server.RaftServerConfigKeys (ConfUtils.java:logGet(43)) - raft.server.log.segment.cache.num.max = 2 (custom)
2019-06-12 23:54:51,018 INFO  storage.RaftLogWorker (RaftLogWorker.java:<init>(123)) - new 388c1871-39ca-4642-ac4d-48081980aa12-RaftLogWorker for Storage Directory /opt/src/hadoop-ozone/integration-test/target/test-dir/MiniOzoneClusterImpl-701e58de-ff42-4e97-96ef-cd4990301abd/datanode-5/data/ratis/6d67586a-898d-4b77-9b2a-96a0f165fe7d
2019-06-12 23:54:51,018 INFO  server.RaftServerConfigKeys (ConfUtils.java:logGet(43)) - raft.server.log.queue.byte-limit = 2147483647 (custom)
2019-06-12 23:54:51,019 INFO  server.RaftServerConfigKeys (ConfUtils.java:logGet(43)) - raft.server.log.queue.element-limit = 1024 (custom)
2019-06-12 23:54:51,019 INFO  server.RaftServerConfigKeys (ConfUtils.java:logGet(43)) - raft.server.log.segment.size.max = 16384 (custom)
2019-06-12 23:54:51,019 INFO  server.RaftServerConfigKeys (ConfUtils.java:logGet(43)) - raft.server.log.preallocated.size = 16384 (custom)
2019-06-12 23:54:51,019 INFO  server.RaftServerConfigKeys (ConfUtils.java:logGet(43)) - raft.server.log.write.buffer.size = 33554432 (custom)
2019-06-12 23:54:51,019 INFO  server.RaftServerConfigKeys (ConfUtils.java:logGet(43)) - raft.server.log.force.sync.num = 128 (default)
2019-06-12 23:54:51,019 INFO  server.RaftServerConfigKeys (ConfUtils.java:logGet(43)) - raft.server.log.statemachine.data.sync = true (default)
2019-06-12 23:54:51,019 INFO  server.RaftServerConfigKeys (ConfUtils.java:logGet(43)) - raft.server.log.statemachine.data.sync.timeout = 10s (default)
2019-06-12 23:54:51,019 INFO  server.RaftServerConfigKeys (ConfUtils.java:logGet(43)) - raft.server.log.statemachine.data.sync.timeout.retry = -1 (default)
2019-06-12 23:54:51,019 INFO  server.RaftServerConfigKeys (ConfUtils.java:logGet(43)) - raft.server.log.statemachine.data.caching.enabled = true (custom)
2019-06-12 23:54:51,019 INFO  server.RaftServerConfigKeys (ConfUtils.java:logGet(43)) - raft.server.snapshot.auto.trigger.enabled = true (custom)
2019-06-12 23:54:51,020 INFO  server.RaftServerConfigKeys (ConfUtils.java:logGet(43)) - raft.server.snapshot.auto.trigger.threshold = 10000 (custom)
2019-06-12 23:54:51,020 INFO  server.RaftServerConfigKeys (ConfUtils.java:logGet(43)) - raft.server.retrycache.expirytime = 600000ms (custom)
2019-06-12 23:54:51,020 INFO  impl.RaftServerImpl (RaftServerImpl.java:start(173)) - 388c1871-39ca-4642-ac4d-48081980aa12: start group-96A0F165FE7D
2019-06-12 23:54:51,020 INFO  impl.RaftServerImpl (RaftServerImpl.java:setRole(164)) - 388c1871-39ca-4642-ac4d-48081980aa12:group-96A0F165FE7D changes role from null to FOLLOWER at term 0 for startAsFollower
2019-06-12 23:54:51,020 INFO  impl.RoleInfo (RoleInfo.java:updateAndGet(143)) - 388c1871-39ca-4642-ac4d-48081980aa12: start FollowerState
2019-06-12 23:54:51,020 INFO  util.JmxRegister (JmxRegister.java:tryRegister(44)) - Successfully registered JMX Bean with object name Ratis:service=RaftServer,group=group-96A0F165FE7D,id=388c1871-39ca-4642-ac4d-48081980aa12
2019-06-12 23:54:51,025 INFO  pipeline.PipelineStateManager (PipelineStateManager.java:addPipeline(56)) - Created pipeline Pipeline[ Id: 6d67586a-898d-4b77-9b2a-96a0f165fe7d, Nodes: 388c1871-39ca-4642-ac4d-48081980aa12{ip: 192.168.46.17, host: ozone-b88sd-4274418788, networkLocation: /default-rack, certSerialId: null}, Type:RATIS, Factor:ONE, State:OPEN]
2019-06-12 23:54:51,043 INFO  impl.RaftServerProxy (RaftServerProxy.java:addNew(89)) - 388c1871-39ca-4642-ac4d-48081980aa12: addNew group-A0EE00C965B0:[d48a0c28-8460-4db7-9693-96e4ecbfcd06:192.168.46.17:38649, 591dac61-d6d7-431e-bd8a-b834eb775455:192.168.46.17:46317, 388c1871-39ca-4642-ac4d-48081980aa12:192.168.46.17:41889] returns group-A0EE00C965B0:java.util.concurrent.CompletableFuture@184efca6[Not completed]
2019-06-12 23:54:51,043 INFO  impl.RaftServerProxy (RaftServerProxy.java:addNew(89)) - 591dac61-d6d7-431e-bd8a-b834eb775455: addNew group-A0EE00C965B0:[d48a0c28-8460-4db7-9693-96e4ecbfcd06:192.168.46.17:38649, 591dac61-d6d7-431e-bd8a-b834eb775455:192.168.46.17:46317, 388c1871-39ca-4642-ac4d-48081980aa12:192.168.46.17:41889] returns group-A0EE00C965B0:java.util.concurrent.CompletableFuture@5a16d4e6[Not completed]
2019-06-12 23:54:51,043 INFO  impl.RaftServerProxy (RaftServerProxy.java:addNew(89)) - d48a0c28-8460-4db7-9693-96e4ecbfcd06: addNew group-A0EE00C965B0:[d48a0c28-8460-4db7-9693-96e4ecbfcd06:192.168.46.17:38649, 591dac61-d6d7-431e-bd8a-b834eb775455:192.168.46.17:46317, 388c1871-39ca-4642-ac4d-48081980aa12:192.168.46.17:41889] returns group-A0EE00C965B0:java.util.concurrent.CompletableFuture@50b2a79c[Not completed]
2019-06-12 23:54:51,043 INFO  impl.RaftServerImpl (RaftServerImpl.java:<init>(91)) - d48a0c28-8460-4db7-9693-96e4ecbfcd06: new RaftServerImpl for group-A0EE00C965B0:[d48a0c28-8460-4db7-9693-96e4ecbfcd06:192.168.46.17:38649, 591dac61-d6d7-431e-bd8a-b834eb775455:192.168.46.17:46317, 388c1871-39ca-4642-ac4d-48081980aa12:192.168.46.17:41889] with ContainerStateMachine:uninitialized
2019-06-12 23:54:51,044 INFO  server.RaftServerConfigKeys (ConfUtils.java:logGet(43)) - raft.server.rpc.timeout.min = 1s (custom)
2019-06-12 23:54:51,044 INFO  server.RaftServerConfigKeys (ConfUtils.java:logGet(43)) - raft.server.rpc.timeout.max = 1200ms (custom)
2019-06-12 23:54:51,044 INFO  server.RaftServerConfigKeys (ConfUtils.java:logGet(43)) - raft.server.rpcslowness.timeout = 10s (custom)
2019-06-12 23:54:51,044 INFO  impl.RaftServerImpl (RaftServerImpl.java:<init>(91)) - 388c1871-39ca-4642-ac4d-48081980aa12: new RaftServerImpl for group-A0EE00C965B0:[d48a0c28-8460-4db7-9693-96e4ecbfcd06:192.168.46.17:38649, 591dac61-d6d7-431e-bd8a-b834eb775455:192.168.46.17:46317, 388c1871-39ca-4642-ac4d-48081980aa12:192.168.46.17:41889] with ContainerStateMachine:uninitialized
2019-06-12 23:54:51,044 INFO  server.RaftServerConfigKeys (ConfUtils.java:logGet(43)) - raft.server.log.appender.install.snapshot.enabled = true (default)
2019-06-12 23:54:51,044 INFO  impl.RaftServerImpl (ServerState.java:<init>(101)) - d48a0c28-8460-4db7-9693-96e4ecbfcd06:group-A0EE00C965B0 ConfigurationManager, init=-1: [d48a0c28-8460-4db7-9693-96e4ecbfcd06:192.168.46.17:38649, 591dac61-d6d7-431e-bd8a-b834eb775455:192.168.46.17:46317, 388c1871-39ca-4642-ac4d-48081980aa12:192.168.46.17:41889], old=null, confs=<EMPTY_MAP>
2019-06-12 23:54:51,044 INFO  server.RaftServerConfigKeys (ConfUtils.java:logGet(43)) - raft.server.rpc.timeout.min = 1s (custom)
2019-06-12 23:54:51,044 INFO  server.RaftServerConfigKeys (ConfUtils.java:logGet(43)) - raft.server.rpc.timeout.max = 1200ms (custom)
2019-06-12 23:54:51,044 INFO  impl.RaftServerImpl (RaftServerImpl.java:<init>(91)) - 591dac61-d6d7-431e-bd8a-b834eb775455: new RaftServerImpl for group-A0EE00C965B0:[d48a0c28-8460-4db7-9693-96e4ecbfcd06:192.168.46.17:38649, 591dac61-d6d7-431e-bd8a-b834eb775455:192.168.46.17:46317, 388c1871-39ca-4642-ac4d-48081980aa12:192.168.46.17:41889] with ContainerStateMachine:uninitialized
2019-06-12 23:54:51,044 INFO  server.RaftServerConfigKeys (ConfUtils.java:logGet(43)) - raft.server.rpcslowness.timeout = 10s (custom)
2019-06-12 23:54:51,044 INFO  server.RaftServerConfigKeys (ConfUtils.java:logGet(43)) - raft.server.rpc.timeout.min = 1s (custom)
2019-06-12 23:54:51,044 INFO  server.RaftServerConfigKeys (ConfUtils.java:logGet(43)) - raft.server.log.appender.install.snapshot.enabled = true (default)
2019-06-12 23:54:51,045 INFO  server.RaftServerConfigKeys (ConfUtils.java:logGet(43)) - raft.server.rpc.timeout.max = 1200ms (custom)
2019-06-12 23:54:51,045 INFO  server.RaftServerConfigKeys (ConfUtils.java:logGet(43)) - raft.server.storage.dir = [/opt/src/hadoop-ozone/integration-test/target/test-dir/MiniOzoneClusterImpl-701e58de-ff42-4e97-96ef-cd4990301abd/datanode-1/data/ratis] (custom)
2019-06-12 23:54:51,045 INFO  storage.RaftStorageDirectory (RaftStorageDirectory.java:analyzeStorage(246)) - The storage directory /opt/src/hadoop-ozone/integration-test/target/test-dir/MiniOzoneClusterImpl-701e58de-ff42-4e97-96ef-cd4990301abd/datanode-1/data/ratis/ba5816f0-e913-40e6-a0f4-a0ee00c965b0 does not exist. Creating ...
2019-06-12 23:54:51,045 INFO  impl.RaftServerImpl (ServerState.java:<init>(101)) - 388c1871-39ca-4642-ac4d-48081980aa12:group-A0EE00C965B0 ConfigurationManager, init=-1: [d48a0c28-8460-4db7-9693-96e4ecbfcd06:192.168.46.17:38649, 591dac61-d6d7-431e-bd8a-b834eb775455:192.168.46.17:46317, 388c1871-39ca-4642-ac4d-48081980aa12:192.168.46.17:41889], old=null, confs=<EMPTY_MAP>
2019-06-12 23:54:51,045 INFO  server.RaftServerConfigKeys (ConfUtils.java:logGet(43)) - raft.server.rpcslowness.timeout = 10s (custom)
2019-06-12 23:54:51,045 INFO  server.RaftServerConfigKeys (ConfUtils.java:logGet(43)) - raft.server.storage.dir = [/opt/src/hadoop-ozone/integration-test/target/test-dir/MiniOzoneClusterImpl-701e58de-ff42-4e97-96ef-cd4990301abd/datanode-5/data/ratis] (custom)
2019-06-12 23:54:51,045 INFO  server.RaftServerConfigKeys (ConfUtils.java:logGet(43)) - raft.server.log.appender.install.snapshot.enabled = true (default)
2019-06-12 23:54:51,046 INFO  impl.RaftServerImpl (ServerState.java:<init>(101)) - 591dac61-d6d7-431e-bd8a-b834eb775455:group-A0EE00C965B0 ConfigurationManager, init=-1: [d48a0c28-8460-4db7-9693-96e4ecbfcd06:192.168.46.17:38649, 591dac61-d6d7-431e-bd8a-b834eb775455:192.168.46.17:46317, 388c1871-39ca-4642-ac4d-48081980aa12:192.168.46.17:41889], old=null, confs=<EMPTY_MAP>
2019-06-12 23:54:51,046 INFO  storage.RaftStorageDirectory (RaftStorageDirectory.java:analyzeStorage(246)) - The storage directory /opt/src/hadoop-ozone/integration-test/target/test-dir/MiniOzoneClusterImpl-701e58de-ff42-4e97-96ef-cd4990301abd/datanode-5/data/ratis/ba5816f0-e913-40e6-a0f4-a0ee00c965b0 does not exist. Creating ...
2019-06-12 23:54:51,046 INFO  server.RaftServerConfigKeys (ConfUtils.java:logGet(43)) - raft.server.storage.dir = [/opt/src/hadoop-ozone/integration-test/target/test-dir/MiniOzoneClusterImpl-701e58de-ff42-4e97-96ef-cd4990301abd/datanode-4/data/ratis] (custom)
2019-06-12 23:54:51,046 INFO  storage.RaftStorageDirectory (RaftStorageDirectory.java:analyzeStorage(246)) - The storage directory /opt/src/hadoop-ozone/integration-test/target/test-dir/MiniOzoneClusterImpl-701e58de-ff42-4e97-96ef-cd4990301abd/datanode-4/data/ratis/ba5816f0-e913-40e6-a0f4-a0ee00c965b0 does not exist. Creating ...
2019-06-12 23:54:51,047 INFO  storage.RaftStorageDirectory (RaftStorageDirectory.java:tryLock(328)) - Lock on /opt/src/hadoop-ozone/integration-test/target/test-dir/MiniOzoneClusterImpl-701e58de-ff42-4e97-96ef-cd4990301abd/datanode-1/data/ratis/ba5816f0-e913-40e6-a0f4-a0ee00c965b0/in_use.lock acquired by nodename 10002@ozone-b88sd-4274418788
2019-06-12 23:54:51,048 INFO  storage.RaftStorageDirectory (RaftStorageDirectory.java:tryLock(328)) - Lock on /opt/src/hadoop-ozone/integration-test/target/test-dir/MiniOzoneClusterImpl-701e58de-ff42-4e97-96ef-cd4990301abd/datanode-5/data/ratis/ba5816f0-e913-40e6-a0f4-a0ee00c965b0/in_use.lock acquired by nodename 10002@ozone-b88sd-4274418788
2019-06-12 23:54:51,048 INFO  storage.RaftStorageDirectory (RaftStorageDirectory.java:tryLock(328)) - Lock on /opt/src/hadoop-ozone/integration-test/target/test-dir/MiniOzoneClusterImpl-701e58de-ff42-4e97-96ef-cd4990301abd/datanode-4/data/ratis/ba5816f0-e913-40e6-a0f4-a0ee00c965b0/in_use.lock acquired by nodename 10002@ozone-b88sd-4274418788
2019-06-12 23:54:51,050 INFO  storage.RaftStorage (RaftStorage.java:format(75)) - Storage directory /opt/src/hadoop-ozone/integration-test/target/test-dir/MiniOzoneClusterImpl-701e58de-ff42-4e97-96ef-cd4990301abd/datanode-1/data/ratis/ba5816f0-e913-40e6-a0f4-a0ee00c965b0 has been successfully formatted.
2019-06-12 23:54:51,050 INFO  ratis.ContainerStateMachine (ContainerStateMachine.java:loadSnapshot(199)) - The snapshot info is null.Setting the last applied index to:(t:0, i:~)
2019-06-12 23:54:51,050 INFO  server.RaftServerConfigKeys (ConfUtils.java:logGet(43)) - raft.server.leader.election.timeout = 10s (custom)
2019-06-12 23:54:51,051 INFO  server.RaftServerConfigKeys (ConfUtils.java:logGet(43)) - raft.server.log.use.memory = false (default)
2019-06-12 23:54:51,051 INFO  server.RaftServerConfigKeys (ConfUtils.java:logGet(43)) - raft.server.log.appender.buffer.byte-limit = 33554432 (custom)
2019-06-12 23:54:51,051 INFO  server.RaftServerConfigKeys (ConfUtils.java:logGet(43)) - raft.server.log.segment.size.max = 16384 (custom)
2019-06-12 23:54:51,051 INFO  server.RaftServerConfigKeys (ConfUtils.java:logGet(43)) - raft.server.log.segment.cache.num.max = 2 (custom)
2019-06-12 23:54:51,051 INFO  storage.RaftLogWorker (RaftLogWorker.java:<init>(123)) - new d48a0c28-8460-4db7-9693-96e4ecbfcd06-RaftLogWorker for Storage Directory /opt/src/hadoop-ozone/integration-test/target/test-dir/MiniOzoneClusterImpl-701e58de-ff42-4e97-96ef-cd4990301abd/datanode-1/data/ratis/ba5816f0-e913-40e6-a0f4-a0ee00c965b0
2019-06-12 23:54:51,051 INFO  server.RaftServerConfigKeys (ConfUtils.java:logGet(43)) - raft.server.log.queue.byte-limit = 2147483647 (custom)
2019-06-12 23:54:51,051 INFO  server.RaftServerConfigKeys (ConfUtils.java:logGet(43)) - raft.server.log.queue.element-limit = 1024 (custom)
2019-06-12 23:54:51,051 INFO  storage.RaftStorage (RaftStorage.java:format(75)) - Storage directory /opt/src/hadoop-ozone/integration-test/target/test-dir/MiniOzoneClusterImpl-701e58de-ff42-4e97-96ef-cd4990301abd/datanode-5/data/ratis/ba5816f0-e913-40e6-a0f4-a0ee00c965b0 has been successfully formatted.
2019-06-12 23:54:51,051 INFO  storage.RaftStorage (RaftStorage.java:format(75)) - Storage directory /opt/src/hadoop-ozone/integration-test/target/test-dir/MiniOzoneClusterImpl-701e58de-ff42-4e97-96ef-cd4990301abd/datanode-4/data/ratis/ba5816f0-e913-40e6-a0f4-a0ee00c965b0 has been successfully formatted.
2019-06-12 23:54:51,051 INFO  ratis.ContainerStateMachine (ContainerStateMachine.java:loadSnapshot(199)) - The snapshot info is null.Setting the last applied index to:(t:0, i:~)
2019-06-12 23:54:51,051 INFO  server.RaftServerConfigKeys (ConfUtils.java:logGet(43)) - raft.server.log.segment.size.max = 16384 (custom)
2019-06-12 23:54:51,051 INFO  server.RaftServerConfigKeys (ConfUtils.java:logGet(43)) - raft.server.leader.election.timeout = 10s (custom)
2019-06-12 23:54:51,051 INFO  ratis.ContainerStateMachine (ContainerStateMachine.java:loadSnapshot(199)) - The snapshot info is null.Setting the last applied index to:(t:0, i:~)
2019-06-12 23:54:51,052 INFO  server.RaftServerConfigKeys (ConfUtils.java:logGet(43)) - raft.server.log.use.memory = false (default)
2019-06-12 23:54:51,051 INFO  server.RaftServerConfigKeys (ConfUtils.java:logGet(43)) - raft.server.log.preallocated.size = 16384 (custom)
2019-06-12 23:54:51,052 INFO  server.RaftServerConfigKeys (ConfUtils.java:logGet(43)) - raft.server.log.appender.buffer.byte-limit = 33554432 (custom)
2019-06-12 23:54:51,052 INFO  server.RaftServerConfigKeys (ConfUtils.java:logGet(43)) - raft.server.leader.election.timeout = 10s (custom)
2019-06-12 23:54:51,052 INFO  server.RaftServerConfigKeys (ConfUtils.java:logGet(43)) - raft.server.log.segment.size.max = 16384 (custom)
2019-06-12 23:54:51,052 INFO  server.RaftServerConfigKeys (ConfUtils.java:logGet(43)) - raft.server.log.write.buffer.size = 33554432 (custom)
2019-06-12 23:54:51,052 INFO  server.RaftServerConfigKeys (ConfUtils.java:logGet(43)) - raft.server.log.force.sync.num = 128 (default)
2019-06-12 23:54:51,052 INFO  server.RaftServerConfigKeys (ConfUtils.java:logGet(43)) - raft.server.log.statemachine.data.sync = true (default)
2019-06-12 23:54:51,052 INFO  server.RaftServerConfigKeys (ConfUtils.java:logGet(43)) - raft.server.log.statemachine.data.sync.timeout = 10s (default)
2019-06-12 23:54:51,053 INFO  server.RaftServerConfigKeys (ConfUtils.java:logGet(43)) - raft.server.log.statemachine.data.sync.timeout.retry = -1 (default)
2019-06-12 23:54:51,053 INFO  server.RaftServerConfigKeys (ConfUtils.java:logGet(43)) - raft.server.log.statemachine.data.caching.enabled = true (custom)
2019-06-12 23:54:51,052 INFO  server.RaftServerConfigKeys (ConfUtils.java:logGet(43)) - raft.server.log.segment.cache.num.max = 2 (custom)
2019-06-12 23:54:51,052 INFO  server.RaftServerConfigKeys (ConfUtils.java:logGet(43)) - raft.server.log.use.memory = false (default)
2019-06-12 23:54:51,053 INFO  storage.RaftLogWorker (RaftLogWorker.java:<init>(123)) - new 388c1871-39ca-4642-ac4d-48081980aa12-RaftLogWorker for Storage Directory /opt/src/hadoop-ozone/integration-test/target/test-dir/MiniOzoneClusterImpl-701e58de-ff42-4e97-96ef-cd4990301abd/datanode-5/data/ratis/ba5816f0-e913-40e6-a0f4-a0ee00c965b0
2019-06-12 23:54:51,053 INFO  server.RaftServerConfigKeys (ConfUtils.java:logGet(43)) - raft.server.snapshot.auto.trigger.enabled = true (custom)
2019-06-12 23:54:51,053 INFO  server.RaftServerConfigKeys (ConfUtils.java:logGet(43)) - raft.server.log.queue.byte-limit = 2147483647 (custom)
2019-06-12 23:54:51,053 INFO  server.RaftServerConfigKeys (ConfUtils.java:logGet(43)) - raft.server.log.appender.buffer.byte-limit = 33554432 (custom)
2019-06-12 23:54:51,053 INFO  server.RaftServerConfigKeys (ConfUtils.java:logGet(43)) - raft.server.log.queue.element-limit = 1024 (custom)
2019-06-12 23:54:51,053 INFO  server.RaftServerConfigKeys (ConfUtils.java:logGet(43)) - raft.server.snapshot.auto.trigger.threshold = 10000 (custom)
2019-06-12 23:54:51,054 INFO  server.RaftServerConfigKeys (ConfUtils.java:logGet(43)) - raft.server.log.segment.size.max = 16384 (custom)
2019-06-12 23:54:51,054 INFO  server.RaftServerConfigKeys (ConfUtils.java:logGet(43)) - raft.server.log.preallocated.size = 16384 (custom)
2019-06-12 23:54:51,054 INFO  server.RaftServerConfigKeys (ConfUtils.java:logGet(43)) - raft.server.log.segment.size.max = 16384 (custom)
2019-06-12 23:54:51,054 INFO  server.RaftServerConfigKeys (ConfUtils.java:logGet(43)) - raft.server.log.write.buffer.size = 33554432 (custom)
2019-06-12 23:54:51,054 INFO  server.RaftServerConfigKeys (ConfUtils.java:logGet(43)) - raft.server.retrycache.expirytime = 600000ms (custom)
2019-06-12 23:54:51,054 INFO  server.RaftServerConfigKeys (ConfUtils.java:logGet(43)) - raft.server.log.segment.cache.num.max = 2 (custom)
2019-06-12 23:54:51,054 INFO  impl.RaftServerImpl (RaftServerImpl.java:start(173)) - d48a0c28-8460-4db7-9693-96e4ecbfcd06: start group-A0EE00C965B0
2019-06-12 23:54:51,054 INFO  storage.RaftLogWorker (RaftLogWorker.java:<init>(123)) - new 591dac61-d6d7-431e-bd8a-b834eb775455-RaftLogWorker for Storage Directory /opt/src/hadoop-ozone/integration-test/target/test-dir/MiniOzoneClusterImpl-701e58de-ff42-4e97-96ef-cd4990301abd/datanode-4/data/ratis/ba5816f0-e913-40e6-a0f4-a0ee00c965b0
2019-06-12 23:54:51,054 INFO  impl.RaftServerImpl (RaftServerImpl.java:setRole(164)) - d48a0c28-8460-4db7-9693-96e4ecbfcd06:group-A0EE00C965B0 changes role from null to FOLLOWER at term 0 for startAsFollower
2019-06-12 23:54:51,054 INFO  server.RaftServerConfigKeys (ConfUtils.java:logGet(43)) - raft.server.log.queue.byte-limit = 2147483647 (custom)
2019-06-12 23:54:51,055 INFO  server.RaftServerConfigKeys (ConfUtils.java:logGet(43)) - raft.server.log.force.sync.num = 128 (default)
2019-06-12 23:54:51,055 INFO  impl.RoleInfo (RoleInfo.java:updateAndGet(143)) - d48a0c28-8460-4db7-9693-96e4ecbfcd06: start FollowerState
2019-06-12 23:54:51,055 INFO  server.RaftServerConfigKeys (ConfUtils.java:logGet(43)) - raft.server.log.statemachine.data.sync = true (default)
2019-06-12 23:54:51,055 INFO  server.RaftServerConfigKeys (ConfUtils.java:logGet(43)) - raft.server.log.queue.element-limit = 1024 (custom)
2019-06-12 23:54:51,055 INFO  server.RaftServerConfigKeys (ConfUtils.java:logGet(43)) - raft.server.log.segment.size.max = 16384 (custom)
2019-06-12 23:54:51,055 INFO  server.RaftServerConfigKeys (ConfUtils.java:logGet(43)) - raft.server.log.preallocated.size = 16384 (custom)
2019-06-12 23:54:51,055 INFO  server.RaftServerConfigKeys (ConfUtils.java:logGet(43)) - raft.server.log.write.buffer.size = 33554432 (custom)
2019-06-12 23:54:51,055 INFO  server.RaftServerConfigKeys (ConfUtils.java:logGet(43)) - raft.server.log.force.sync.num = 128 (default)
2019-06-12 23:54:51,055 INFO  server.RaftServerConfigKeys (ConfUtils.java:logGet(43)) - raft.server.log.statemachine.data.sync = true (default)
2019-06-12 23:54:51,055 INFO  util.JmxRegister (JmxRegister.java:tryRegister(44)) - Successfully registered JMX Bean with object name Ratis:service=RaftServer,group=group-A0EE00C965B0,id=d48a0c28-8460-4db7-9693-96e4ecbfcd06
2019-06-12 23:54:51,055 INFO  server.RaftServerConfigKeys (ConfUtils.java:logGet(43)) - raft.server.log.statemachine.data.sync.timeout = 10s (default)
2019-06-12 23:54:51,055 INFO  server.RaftServerConfigKeys (ConfUtils.java:logGet(43)) - raft.server.log.statemachine.data.sync.timeout = 10s (default)
2019-06-12 23:54:51,056 INFO  server.RaftServerConfigKeys (ConfUtils.java:logGet(43)) - raft.server.log.statemachine.data.sync.timeout.retry = -1 (default)
2019-06-12 23:54:51,056 INFO  server.RaftServerConfigKeys (ConfUtils.java:logGet(43)) - raft.server.log.statemachine.data.sync.timeout.retry = -1 (default)
2019-06-12 23:54:51,057 INFO  server.RaftServerConfigKeys (ConfUtils.java:logGet(43)) - raft.server.log.statemachine.data.caching.enabled = true (custom)
2019-06-12 23:54:51,057 INFO  server.RaftServerConfigKeys (ConfUtils.java:logGet(43)) - raft.server.log.statemachine.data.caching.enabled = true (custom)
2019-06-12 23:54:51,061 INFO  server.RaftServerConfigKeys (ConfUtils.java:logGet(43)) - raft.server.snapshot.auto.trigger.enabled = true (custom)
2019-06-12 23:54:51,063 INFO  server.RaftServerConfigKeys (ConfUtils.java:logGet(43)) - raft.server.snapshot.auto.trigger.enabled = true (custom)
2019-06-12 23:54:51,063 INFO  server.RaftServerConfigKeys (ConfUtils.java:logGet(43)) - raft.server.snapshot.auto.trigger.threshold = 10000 (custom)
2019-06-12 23:54:51,065 INFO  server.RaftServerConfigKeys (ConfUtils.java:logGet(43)) - raft.server.retrycache.expirytime = 600000ms (custom)
2019-06-12 23:54:51,063 INFO  server.RaftServerConfigKeys (ConfUtils.java:logGet(43)) - raft.server.snapshot.auto.trigger.threshold = 10000 (custom)
2019-06-12 23:54:51,071 INFO  server.RaftServerConfigKeys (ConfUtils.java:logGet(43)) - raft.server.retrycache.expirytime = 600000ms (custom)
2019-06-12 23:54:51,072 INFO  impl.RaftServerImpl (RaftServerImpl.java:start(173)) - 388c1871-39ca-4642-ac4d-48081980aa12: start group-A0EE00C965B0
2019-06-12 23:54:51,072 INFO  impl.RaftServerImpl (RaftServerImpl.java:setRole(164)) - 388c1871-39ca-4642-ac4d-48081980aa12:group-A0EE00C965B0 changes role from null to FOLLOWER at term 0 for startAsFollower
2019-06-12 23:54:51,072 INFO  impl.RoleInfo (RoleInfo.java:updateAndGet(143)) - 388c1871-39ca-4642-ac4d-48081980aa12: start FollowerState
2019-06-12 23:54:51,072 INFO  util.JmxRegister (JmxRegister.java:tryRegister(44)) - Successfully registered JMX Bean with object name Ratis:service=RaftServer,group=group-A0EE00C965B0,id=388c1871-39ca-4642-ac4d-48081980aa12
2019-06-12 23:54:51,071 INFO  impl.RaftServerImpl (RaftServerImpl.java:start(173)) - 591dac61-d6d7-431e-bd8a-b834eb775455: start group-A0EE00C965B0
2019-06-12 23:54:51,072 INFO  impl.RaftServerImpl (RaftServerImpl.java:setRole(164)) - 591dac61-d6d7-431e-bd8a-b834eb775455:group-A0EE00C965B0 changes role from null to FOLLOWER at term 0 for startAsFollower
2019-06-12 23:54:51,073 INFO  impl.RoleInfo (RoleInfo.java:updateAndGet(143)) - 591dac61-d6d7-431e-bd8a-b834eb775455: start FollowerState
2019-06-12 23:54:51,073 INFO  util.JmxRegister (JmxRegister.java:tryRegister(44)) - Successfully registered JMX Bean with object name Ratis:service=RaftServer,group=group-A0EE00C965B0,id=591dac61-d6d7-431e-bd8a-b834eb775455
2019-06-12 23:54:51,080 INFO  pipeline.PipelineStateManager (PipelineStateManager.java:addPipeline(56)) - Created pipeline Pipeline[ Id: ba5816f0-e913-40e6-a0f4-a0ee00c965b0, Nodes: 388c1871-39ca-4642-ac4d-48081980aa12{ip: 192.168.46.17, host: ozone-b88sd-4274418788, networkLocation: /default-rack, certSerialId: null}591dac61-d6d7-431e-bd8a-b834eb775455{ip: 192.168.46.17, host: ozone-b88sd-4274418788, networkLocation: /default-rack, certSerialId: null}d48a0c28-8460-4db7-9693-96e4ecbfcd06{ip: 192.168.46.17, host: ozone-b88sd-4274418788, networkLocation: /default-rack, certSerialId: null}, Type:RATIS, Factor:THREE, State:OPEN]
2019-06-12 23:54:51,633 INFO  impl.FollowerState (FollowerState.java:run(101)) - a58efe25-d877-42a2-ad29-162ab7b450f1:group-10506091B294 changes to CANDIDATE, lastRpcTime:1018, electionTimeout:1018ms
2019-06-12 23:54:51,633 INFO  impl.RoleInfo (RoleInfo.java:shutdownFollowerState(121)) - a58efe25-d877-42a2-ad29-162ab7b450f1: shutdown FollowerState
2019-06-12 23:54:51,634 INFO  impl.RaftServerImpl (RaftServerImpl.java:setRole(164)) - a58efe25-d877-42a2-ad29-162ab7b450f1:group-10506091B294 changes role from FOLLOWER to CANDIDATE at term 0 for changeToCandidate
2019-06-12 23:54:51,635 INFO  impl.RoleInfo (RoleInfo.java:updateAndGet(143)) - a58efe25-d877-42a2-ad29-162ab7b450f1: start LeaderElection
2019-06-12 23:54:51,641 INFO  impl.LeaderElection (LeaderElection.java:askForVotes(181)) - a58efe25-d877-42a2-ad29-162ab7b450f1:group-10506091B294:LeaderElection1: begin an election at term 1 for -1: [a58efe25-d877-42a2-ad29-162ab7b450f1:192.168.46.17:39769], old=null
2019-06-12 23:54:51,643 INFO  impl.RoleInfo (RoleInfo.java:shutdownLeaderElection(134)) - a58efe25-d877-42a2-ad29-162ab7b450f1: shutdown LeaderElection
2019-06-12 23:54:51,643 INFO  impl.RaftServerImpl (RaftServerImpl.java:setRole(164)) - a58efe25-d877-42a2-ad29-162ab7b450f1:group-10506091B294 changes role from CANDIDATE to LEADER at term 1 for changeToLeader
2019-06-12 23:54:51,643 INFO  impl.RaftServerImpl (ServerState.java:setLeader(263)) - a58efe25-d877-42a2-ad29-162ab7b450f1:group-10506091B294 change Leader from null to a58efe25-d877-42a2-ad29-162ab7b450f1 at term 1 for becomeLeader, leader elected after 1191ms
2019-06-12 23:54:51,647 INFO  server.RaftServerConfigKeys (ConfUtils.java:logGet(43)) - raft.server.staging.catchup.gap = 1000 (default)
2019-06-12 23:54:51,647 INFO  server.RaftServerConfigKeys (ConfUtils.java:logGet(43)) - raft.server.rpc.sleep.time = 25ms (default)
2019-06-12 23:54:51,650 INFO  server.RaftServerConfigKeys (ConfUtils.java:logGet(43)) - raft.server.watch.timeout = 10s (default)
2019-06-12 23:54:51,650 INFO  server.RaftServerConfigKeys (ConfUtils.java:logGet(43)) - raft.server.watch.timeout.denomination = 1s (default)
2019-06-12 23:54:51,655 INFO  impl.RoleInfo (RoleInfo.java:updateAndGet(143)) - a58efe25-d877-42a2-ad29-162ab7b450f1: start LeaderState
2019-06-12 23:54:51,668 INFO  storage.RaftLogWorker (RaftLogWorker.java:startLogSegment(298)) - a58efe25-d877-42a2-ad29-162ab7b450f1-RaftLogWorker: Starting segment from index:0
2019-06-12 23:54:51,679 INFO  impl.RaftServerImpl (ServerState.java:setRaftConf(361)) - a58efe25-d877-42a2-ad29-162ab7b450f1:group-10506091B294 set configuration 0: [a58efe25-d877-42a2-ad29-162ab7b450f1:192.168.46.17:39769], old=null at 0
2019-06-12 23:54:51,761 INFO  impl.FollowerState (FollowerState.java:run(101)) - d80589e6-df27-4df7-9203-795b6b14243e:group-E66E54270D8B changes to CANDIDATE, lastRpcTime:1076, electionTimeout:1075ms
2019-06-12 23:54:51,763 INFO  impl.RoleInfo (RoleInfo.java:shutdownFollowerState(121)) - d80589e6-df27-4df7-9203-795b6b14243e: shutdown FollowerState
2019-06-12 23:54:51,763 INFO  impl.RaftServerImpl (RaftServerImpl.java:setRole(164)) - d80589e6-df27-4df7-9203-795b6b14243e:group-E66E54270D8B changes role from FOLLOWER to CANDIDATE at term 0 for changeToCandidate
2019-06-12 23:54:51,763 INFO  impl.RoleInfo (RoleInfo.java:updateAndGet(143)) - d80589e6-df27-4df7-9203-795b6b14243e: start LeaderElection
2019-06-12 23:54:51,768 INFO  impl.LeaderElection (LeaderElection.java:askForVotes(181)) - d80589e6-df27-4df7-9203-795b6b14243e:group-E66E54270D8B:LeaderElection2: begin an election at term 1 for -1: [d80589e6-df27-4df7-9203-795b6b14243e:192.168.46.17:39049], old=null
2019-06-12 23:54:51,768 INFO  impl.RoleInfo (RoleInfo.java:shutdownLeaderElection(134)) - d80589e6-df27-4df7-9203-795b6b14243e: shutdown LeaderElection
2019-06-12 23:54:51,769 INFO  impl.RaftServerImpl (RaftServerImpl.java:setRole(164)) - d80589e6-df27-4df7-9203-795b6b14243e:group-E66E54270D8B changes role from CANDIDATE to LEADER at term 1 for changeToLeader
2019-06-12 23:54:51,769 INFO  impl.RaftServerImpl (ServerState.java:setLeader(263)) - d80589e6-df27-4df7-9203-795b6b14243e:group-E66E54270D8B change Leader from null to d80589e6-df27-4df7-9203-795b6b14243e at term 1 for becomeLeader, leader elected after 1086ms
2019-06-12 23:54:51,769 INFO  server.RaftServerConfigKeys (ConfUtils.java:logGet(43)) - raft.server.staging.catchup.gap = 1000 (default)
2019-06-12 23:54:51,770 INFO  server.RaftServerConfigKeys (ConfUtils.java:logGet(43)) - raft.server.rpc.sleep.time = 25ms (default)
2019-06-12 23:54:51,770 INFO  server.RaftServerConfigKeys (ConfUtils.java:logGet(43)) - raft.server.watch.timeout = 10s (default)
2019-06-12 23:54:51,770 INFO  server.RaftServerConfigKeys (ConfUtils.java:logGet(43)) - raft.server.watch.timeout.denomination = 1s (default)
2019-06-12 23:54:51,770 INFO  impl.RoleInfo (RoleInfo.java:updateAndGet(143)) - d80589e6-df27-4df7-9203-795b6b14243e: start LeaderState
2019-06-12 23:54:51,770 INFO  storage.RaftLogWorker (RaftLogWorker.java:startLogSegment(298)) - d80589e6-df27-4df7-9203-795b6b14243e-RaftLogWorker: Starting segment from index:0
2019-06-12 23:54:51,773 INFO  impl.RaftServerImpl (ServerState.java:setRaftConf(361)) - d80589e6-df27-4df7-9203-795b6b14243e:group-E66E54270D8B set configuration 0: [d80589e6-df27-4df7-9203-795b6b14243e:192.168.46.17:39049], old=null at 0
2019-06-12 23:54:51,812 INFO  storage.RaftLogWorker (RaftLogWorker.java:execute(469)) - a58efe25-d877-42a2-ad29-162ab7b450f1-RaftLogWorker: created new log segment /opt/src/hadoop-ozone/integration-test/target/test-dir/MiniOzoneClusterImpl-701e58de-ff42-4e97-96ef-cd4990301abd/datanode-0/data/ratis/68478ba5-50ad-4796-9076-10506091b294/current/log_inprogress_0
2019-06-12 23:54:51,812 INFO  storage.RaftLogWorker (RaftLogWorker.java:execute(469)) - d80589e6-df27-4df7-9203-795b6b14243e-RaftLogWorker: created new log segment /opt/src/hadoop-ozone/integration-test/target/test-dir/MiniOzoneClusterImpl-701e58de-ff42-4e97-96ef-cd4990301abd/datanode-2/data/ratis/3ff7abe3-58bb-4eb5-aba4-e66e54270d8b/current/log_inprogress_0
2019-06-12 23:54:51,918 INFO  impl.FollowerState (FollowerState.java:run(101)) - d48a0c28-8460-4db7-9693-96e4ecbfcd06:group-2752851765EB changes to CANDIDATE, lastRpcTime:1134, electionTimeout:1134ms
2019-06-12 23:54:51,918 INFO  impl.RoleInfo (RoleInfo.java:shutdownFollowerState(121)) - d48a0c28-8460-4db7-9693-96e4ecbfcd06: shutdown FollowerState
2019-06-12 23:54:51,918 INFO  impl.RaftServerImpl (RaftServerImpl.java:setRole(164)) - d48a0c28-8460-4db7-9693-96e4ecbfcd06:group-2752851765EB changes role from FOLLOWER to CANDIDATE at term 0 for changeToCandidate
2019-06-12 23:54:51,918 INFO  impl.RoleInfo (RoleInfo.java:updateAndGet(143)) - d48a0c28-8460-4db7-9693-96e4ecbfcd06: start LeaderElection
2019-06-12 23:54:51,924 INFO  impl.LeaderElection (LeaderElection.java:askForVotes(181)) - d48a0c28-8460-4db7-9693-96e4ecbfcd06:group-2752851765EB:LeaderElection3: begin an election at term 1 for -1: [d48a0c28-8460-4db7-9693-96e4ecbfcd06:192.168.46.17:38649], old=null
2019-06-12 23:54:51,924 INFO  impl.RoleInfo (RoleInfo.java:shutdownLeaderElection(134)) - d48a0c28-8460-4db7-9693-96e4ecbfcd06: shutdown LeaderElection
2019-06-12 23:54:51,924 INFO  impl.RaftServerImpl (RaftServerImpl.java:setRole(164)) - d48a0c28-8460-4db7-9693-96e4ecbfcd06:group-2752851765EB changes role from CANDIDATE to LEADER at term 1 for changeToLeader
2019-06-12 23:54:51,924 INFO  impl.RaftServerImpl (ServerState.java:setLeader(263)) - d48a0c28-8460-4db7-9693-96e4ecbfcd06:group-2752851765EB change Leader from null to d48a0c28-8460-4db7-9693-96e4ecbfcd06 at term 1 for becomeLeader, leader elected after 1143ms
2019-06-12 23:54:51,924 INFO  server.RaftServerConfigKeys (ConfUtils.java:logGet(43)) - raft.server.staging.catchup.gap = 1000 (default)
2019-06-12 23:54:51,924 INFO  server.RaftServerConfigKeys (ConfUtils.java:logGet(43)) - raft.server.rpc.sleep.time = 25ms (default)
2019-06-12 23:54:51,924 INFO  server.RaftServerConfigKeys (ConfUtils.java:logGet(43)) - raft.server.watch.timeout = 10s (default)
2019-06-12 23:54:51,924 INFO  server.RaftServerConfigKeys (ConfUtils.java:logGet(43)) - raft.server.watch.timeout.denomination = 1s (default)
2019-06-12 23:54:51,925 INFO  impl.RoleInfo (RoleInfo.java:updateAndGet(143)) - d48a0c28-8460-4db7-9693-96e4ecbfcd06: start LeaderState
2019-06-12 23:54:51,925 INFO  storage.RaftLogWorker (RaftLogWorker.java:startLogSegment(298)) - d48a0c28-8460-4db7-9693-96e4ecbfcd06-RaftLogWorker: Starting segment from index:0
2019-06-12 23:54:51,925 INFO  impl.RaftServerImpl (ServerState.java:setRaftConf(361)) - d48a0c28-8460-4db7-9693-96e4ecbfcd06:group-2752851765EB set configuration 0: [d48a0c28-8460-4db7-9693-96e4ecbfcd06:192.168.46.17:38649], old=null at 0
2019-06-12 23:54:51,948 INFO  impl.FollowerState (FollowerState.java:run(101)) - 0882b74f-52f4-4cd0-95ad-d8da82c7b56f:group-9186F4DC8346 changes to CANDIDATE, lastRpcTime:1199, electionTimeout:1199ms
2019-06-12 23:54:51,948 INFO  impl.RoleInfo (RoleInfo.java:shutdownFollowerState(121)) - 0882b74f-52f4-4cd0-95ad-d8da82c7b56f: shutdown FollowerState
2019-06-12 23:54:51,948 INFO  impl.RaftServerImpl (RaftServerImpl.java:setRole(164)) - 0882b74f-52f4-4cd0-95ad-d8da82c7b56f:group-9186F4DC8346 changes role from FOLLOWER to CANDIDATE at term 0 for changeToCandidate
2019-06-12 23:54:51,949 INFO  impl.RoleInfo (RoleInfo.java:updateAndGet(143)) - 0882b74f-52f4-4cd0-95ad-d8da82c7b56f: start LeaderElection
2019-06-12 23:54:51,961 INFO  impl.FollowerState (FollowerState.java:run(101)) - 591dac61-d6d7-431e-bd8a-b834eb775455:group-78C89301DCD9 changes to CANDIDATE, lastRpcTime:1069, electionTimeout:1066ms
2019-06-12 23:54:51,961 INFO  impl.FollowerState (FollowerState.java:run(101)) - 0882b74f-52f4-4cd0-95ad-d8da82c7b56f:group-B426838EA95A changes to CANDIDATE, lastRpcTime:1114, electionTimeout:1111ms
2019-06-12 23:54:51,961 INFO  impl.RoleInfo (RoleInfo.java:shutdownFollowerState(121)) - 591dac61-d6d7-431e-bd8a-b834eb775455: shutdown FollowerState
2019-06-12 23:54:51,961 INFO  impl.RoleInfo (RoleInfo.java:shutdownFollowerState(121)) - 0882b74f-52f4-4cd0-95ad-d8da82c7b56f: shutdown FollowerState
2019-06-12 23:54:51,961 INFO  impl.RaftServerImpl (RaftServerImpl.java:setRole(164)) - 591dac61-d6d7-431e-bd8a-b834eb775455:group-78C89301DCD9 changes role from FOLLOWER to CANDIDATE at term 0 for changeToCandidate
2019-06-12 23:54:51,961 INFO  impl.RaftServerImpl (RaftServerImpl.java:setRole(164)) - 0882b74f-52f4-4cd0-95ad-d8da82c7b56f:group-B426838EA95A changes role from FOLLOWER to CANDIDATE at term 0 for changeToCandidate
2019-06-12 23:54:51,963 INFO  storage.RaftLogWorker (RaftLogWorker.java:execute(469)) - d48a0c28-8460-4db7-9693-96e4ecbfcd06-RaftLogWorker: created new log segment /opt/src/hadoop-ozone/integration-test/target/test-dir/MiniOzoneClusterImpl-701e58de-ff42-4e97-96ef-cd4990301abd/datanode-1/data/ratis/5bfe96eb-4fce-477e-8662-2752851765eb/current/log_inprogress_0
2019-06-12 23:54:51,963 INFO  impl.RoleInfo (RoleInfo.java:updateAndGet(143)) - 0882b74f-52f4-4cd0-95ad-d8da82c7b56f: start LeaderElection
2019-06-12 23:54:51,963 INFO  impl.RoleInfo (RoleInfo.java:updateAndGet(143)) - 591dac61-d6d7-431e-bd8a-b834eb775455: start LeaderElection
2019-06-12 23:54:51,968 INFO  impl.LeaderElection (LeaderElection.java:askForVotes(181)) - 0882b74f-52f4-4cd0-95ad-d8da82c7b56f:group-9186F4DC8346:LeaderElection4: begin an election at term 1 for -1: [0882b74f-52f4-4cd0-95ad-d8da82c7b56f:192.168.46.17:42097], old=null
2019-06-12 23:54:51,968 INFO  impl.RoleInfo (RoleInfo.java:shutdownLeaderElection(134)) - 0882b74f-52f4-4cd0-95ad-d8da82c7b56f: shutdown LeaderElection
2019-06-12 23:54:51,968 INFO  impl.RaftServerImpl (RaftServerImpl.java:setRole(164)) - 0882b74f-52f4-4cd0-95ad-d8da82c7b56f:group-9186F4DC8346 changes role from CANDIDATE to LEADER at term 1 for changeToLeader
2019-06-12 23:54:51,968 INFO  impl.RaftServerImpl (ServerState.java:setLeader(263)) - 0882b74f-52f4-4cd0-95ad-d8da82c7b56f:group-9186F4DC8346 change Leader from null to 0882b74f-52f4-4cd0-95ad-d8da82c7b56f at term 1 for becomeLeader, leader elected after 1222ms
2019-06-12 23:54:51,969 INFO  server.RaftServerConfigKeys (ConfUtils.java:logGet(43)) - raft.server.staging.catchup.gap = 1000 (default)
2019-06-12 23:54:51,969 INFO  server.RaftServerConfigKeys (ConfUtils.java:logGet(43)) - raft.server.rpc.sleep.time = 25ms (default)
2019-06-12 23:54:51,969 INFO  server.RaftServerConfigKeys (ConfUtils.java:logGet(43)) - raft.server.watch.timeout = 10s (default)
2019-06-12 23:54:51,969 INFO  server.RaftServerConfigKeys (ConfUtils.java:logGet(43)) - raft.server.watch.timeout.denomination = 1s (default)
2019-06-12 23:54:51,970 INFO  impl.RoleInfo (RoleInfo.java:updateAndGet(143)) - 0882b74f-52f4-4cd0-95ad-d8da82c7b56f: start LeaderState
2019-06-12 23:54:51,970 INFO  storage.RaftLogWorker (RaftLogWorker.java:startLogSegment(298)) - 0882b74f-52f4-4cd0-95ad-d8da82c7b56f-RaftLogWorker: Starting segment from index:0
2019-06-12 23:54:51,971 INFO  impl.LeaderElection (LeaderElection.java:askForVotes(181)) - 591dac61-d6d7-431e-bd8a-b834eb775455:group-78C89301DCD9:LeaderElection5: begin an election at term 1 for -1: [591dac61-d6d7-431e-bd8a-b834eb775455:192.168.46.17:46317], old=null
2019-06-12 23:54:51,971 INFO  impl.RoleInfo (RoleInfo.java:shutdownLeaderElection(134)) - 591dac61-d6d7-431e-bd8a-b834eb775455: shutdown LeaderElection
2019-06-12 23:54:51,971 INFO  impl.RaftServerImpl (RaftServerImpl.java:setRole(164)) - 591dac61-d6d7-431e-bd8a-b834eb775455:group-78C89301DCD9 changes role from CANDIDATE to LEADER at term 1 for changeToLeader
2019-06-12 23:54:51,971 INFO  impl.RaftServerImpl (ServerState.java:setLeader(263)) - 591dac61-d6d7-431e-bd8a-b834eb775455:group-78C89301DCD9 change Leader from null to 591dac61-d6d7-431e-bd8a-b834eb775455 at term 1 for becomeLeader, leader elected after 1082ms
2019-06-12 23:54:51,988 INFO  impl.RaftServerImpl (ServerState.java:setRaftConf(361)) - 0882b74f-52f4-4cd0-95ad-d8da82c7b56f:group-9186F4DC8346 set configuration 0: [0882b74f-52f4-4cd0-95ad-d8da82c7b56f:192.168.46.17:42097], old=null at 0
2019-06-12 23:54:51,988 INFO  server.RaftServerConfigKeys (ConfUtils.java:logGet(43)) - raft.server.staging.catchup.gap = 1000 (default)
2019-06-12 23:54:52,006 INFO  impl.LeaderElection (LeaderElection.java:askForVotes(181)) - 0882b74f-52f4-4cd0-95ad-d8da82c7b56f:group-B426838EA95A:LeaderElection6: begin an election at term 1 for -1: [0882b74f-52f4-4cd0-95ad-d8da82c7b56f:192.168.46.17:42097, a58efe25-d877-42a2-ad29-162ab7b450f1:192.168.46.17:39769, d80589e6-df27-4df7-9203-795b6b14243e:192.168.46.17:39049], old=null
2019-06-12 23:54:52,006 INFO  server.RaftServerConfigKeys (ConfUtils.java:logGet(43)) - raft.server.rpc.sleep.time = 25ms (default)
2019-06-12 23:54:52,006 INFO  impl.FollowerState (FollowerState.java:run(101)) - d80589e6-df27-4df7-9203-795b6b14243e:group-B426838EA95A changes to CANDIDATE, lastRpcTime:1157, electionTimeout:1149ms
2019-06-12 23:54:52,006 INFO  server.RaftServerConfigKeys (ConfUtils.java:logGet(43)) - raft.server.watch.timeout = 10s (default)
2019-06-12 23:54:52,006 INFO  ozone.MiniOzoneClusterImpl (MiniOzoneClusterImpl.java:lambda$waitForClusterToBeReady$0(142)) - Cluster is ready. Got 6 of 6 DN Heartbeats.
2019-06-12 23:54:52,007 INFO  server.RaftServerConfigKeys (ConfUtils.java:logGet(43)) - raft.server.watch.timeout.denomination = 1s (default)
2019-06-12 23:54:52,007 INFO  impl.RoleInfo (RoleInfo.java:updateAndGet(143)) - 591dac61-d6d7-431e-bd8a-b834eb775455: start LeaderState
2019-06-12 23:54:52,007 INFO  storage.RaftLogWorker (RaftLogWorker.java:startLogSegment(298)) - 591dac61-d6d7-431e-bd8a-b834eb775455-RaftLogWorker: Starting segment from index:0
2019-06-12 23:54:52,006 INFO  impl.RoleInfo (RoleInfo.java:shutdownFollowerState(121)) - d80589e6-df27-4df7-9203-795b6b14243e: shutdown FollowerState
2019-06-12 23:54:52,008 INFO  impl.RaftServerImpl (RaftServerImpl.java:setRole(164)) - d80589e6-df27-4df7-9203-795b6b14243e:group-B426838EA95A changes role from FOLLOWER to CANDIDATE at term 0 for changeToCandidate
2019-06-12 23:54:52,008 INFO  impl.RoleInfo (RoleInfo.java:updateAndGet(143)) - d80589e6-df27-4df7-9203-795b6b14243e: start LeaderElection
2019-06-12 23:54:52,010 INFO  storage.RaftLogWorker (RaftLogWorker.java:execute(469)) - 0882b74f-52f4-4cd0-95ad-d8da82c7b56f-RaftLogWorker: created new log segment /opt/src/hadoop-ozone/integration-test/target/test-dir/MiniOzoneClusterImpl-701e58de-ff42-4e97-96ef-cd4990301abd/datanode-3/data/ratis/1ff23e49-8ba4-4d85-8014-9186f4dc8346/current/log_inprogress_0
2019-06-12 23:54:52,026 INFO  impl.RaftServerImpl (ServerState.java:setRaftConf(361)) - 591dac61-d6d7-431e-bd8a-b834eb775455:group-78C89301DCD9 set configuration 0: [591dac61-d6d7-431e-bd8a-b834eb775455:192.168.46.17:46317], old=null at 0
2019-06-12 23:54:52,043 INFO  impl.FollowerState (FollowerState.java:run(101)) - a58efe25-d877-42a2-ad29-162ab7b450f1:group-B426838EA95A changes to CANDIDATE, lastRpcTime:1194, electionTimeout:1173ms
2019-06-12 23:54:52,043 INFO  impl.RoleInfo (RoleInfo.java:shutdownFollowerState(121)) - a58efe25-d877-42a2-ad29-162ab7b450f1: shutdown FollowerState
2019-06-12 23:54:52,043 INFO  impl.RaftServerImpl (RaftServerImpl.java:setRole(164)) - a58efe25-d877-42a2-ad29-162ab7b450f1:group-B426838EA95A changes role from FOLLOWER to CANDIDATE at term 0 for changeToCandidate
2019-06-12 23:54:52,047 INFO  impl.RoleInfo (RoleInfo.java:updateAndGet(143)) - a58efe25-d877-42a2-ad29-162ab7b450f1: start LeaderElection
2019-06-12 23:54:52,050 INFO  storage.RaftLogWorker (RaftLogWorker.java:execute(469)) - 591dac61-d6d7-431e-bd8a-b834eb775455-RaftLogWorker: created new log segment /opt/src/hadoop-ozone/integration-test/target/test-dir/MiniOzoneClusterImpl-701e58de-ff42-4e97-96ef-cd4990301abd/datanode-4/data/ratis/4fc2abdf-ddf7-488e-85f7-78c89301dcd9/current/log_inprogress_0
2019-06-12 23:54:52,050 INFO  impl.LeaderElection (LeaderElection.java:askForVotes(181)) - d80589e6-df27-4df7-9203-795b6b14243e:group-B426838EA95A:LeaderElection7: begin an election at term 1 for -1: [0882b74f-52f4-4cd0-95ad-d8da82c7b56f:192.168.46.17:42097, a58efe25-d877-42a2-ad29-162ab7b450f1:192.168.46.17:39769, d80589e6-df27-4df7-9203-795b6b14243e:192.168.46.17:39049], old=null
]]></system-out>
    <system-err><![CDATA[ERROR StatusLogger No Log4j 2 configuration file found. Using default configuration (logging only errors to the console), or user programmatically provided configurations. Set system property 'log4j2.debug' to show Log4j 2 internal initialization logging. See https://logging.apache.org/log4j/2.x/manual/configuration.html for instructions on how to configure Log4j 2
Jun 12, 2019 11:54:45 PM com.sun.jersey.server.impl.application.WebApplicationImpl _initiate
INFO: Initiating Jersey application, version 'Jersey: 1.19 02/11/2015 03:25 AM'
Jun 12, 2019 11:54:46 PM com.sun.jersey.server.impl.application.WebApplicationImpl _initiate
INFO: Initiating Jersey application, version 'Jersey: 1.19 02/11/2015 03:25 AM'
Jun 12, 2019 11:54:46 PM com.sun.jersey.server.impl.application.WebApplicationImpl _initiate
INFO: Initiating Jersey application, version 'Jersey: 1.19 02/11/2015 03:25 AM'
Jun 12, 2019 11:54:46 PM com.sun.jersey.server.impl.application.WebApplicationImpl _initiate
INFO: Initiating Jersey application, version 'Jersey: 1.19 02/11/2015 03:25 AM'
Jun 12, 2019 11:54:46 PM com.sun.jersey.server.impl.application.WebApplicationImpl _initiate
INFO: Initiating Jersey application, version 'Jersey: 1.19 02/11/2015 03:25 AM'
Jun 12, 2019 11:54:46 PM com.sun.jersey.server.impl.application.WebApplicationImpl _initiate
INFO: Initiating Jersey application, version 'Jersey: 1.19 02/11/2015 03:25 AM'
]]></system-err>
  </testcase>
</testsuite>