<?xml version="1.0" encoding="UTF-8"?>
<testsuite xmlns:xsi="http://www.w3.org/2001/XMLSchema-instance" xsi:noNamespaceSchemaLocation="https://maven.apache.org/surefire/maven-surefire-plugin/xsd/surefire-test-report.xsd" name="org.apache.hadoop.ozone.client.rpc.TestFailureHandlingByClient" time="122.965" tests="7" errors="0" skipped="0" failures="1">
  <properties>
    <property name="awt.toolkit" value="sun.awt.X11.XToolkit"/>
    <property name="file.encoding.pkg" value="sun.io"/>
    <property name="java.specification.version" value="1.8"/>
    <property name="sun.cpu.isalist" value=""/>
    <property name="sun.jnu.encoding" value="UTF-8"/>
    <property name="java.class.path" value="/opt/src/hadoop-ozone/integration-test/target/test-classes:/opt/src/hadoop-ozone/integration-test/target/classes:/root/.m2/repository/org/apache/hadoop/hadoop-ozone-common/0.5.0-SNAPSHOT/hadoop-ozone-common-0.5.0-SNAPSHOT.jar:/root/.m2/repository/org/apache/commons/commons-compress/1.4.1/commons-compress-1.4.1.jar:/root/.m2/repository/org/tukaani/xz/1.0/xz-1.0.jar:/root/.m2/repository/org/apache/hadoop/hadoop-common/3.2.0/hadoop-common-3.2.0.jar:/root/.m2/repository/org/apache/hadoop/hadoop-hdfs/3.2.0/hadoop-hdfs-3.2.0.jar:/root/.m2/repository/org/apache/hadoop/hadoop-hdfs-client/3.2.0/hadoop-hdfs-client-3.2.0.jar:/root/.m2/repository/com/fasterxml/jackson/core/jackson-annotations/2.9.5/jackson-annotations-2.9.5.jar:/root/.m2/repository/org/apache/hadoop/hadoop-hdds-common/0.5.0-SNAPSHOT/hadoop-hdds-common-0.5.0-SNAPSHOT.jar:/root/.m2/repository/javax/annotation/javax.annotation-api/1.2/javax.annotation-api-1.2.jar:/root/.m2/repository/org/apache/ratis/ratis-server/0.4.0-fe2b15d-SNAPSHOT/ratis-server-0.4.0-fe2b15d-SNAPSHOT.jar:/root/.m2/repository/org/apache/ratis/ratis-thirdparty-misc/0.2.0/ratis-thirdparty-misc-0.2.0.jar:/root/.m2/repository/org/apache/ratis/ratis-proto/0.4.0-fe2b15d-SNAPSHOT/ratis-proto-0.4.0-fe2b15d-SNAPSHOT.jar:/root/.m2/repository/org/apache/ratis/ratis-common/0.4.0-fe2b15d-SNAPSHOT/ratis-common-0.4.0-fe2b15d-SNAPSHOT.jar:/root/.m2/repository/org/apache/ratis/ratis-client/0.4.0-fe2b15d-SNAPSHOT/ratis-client-0.4.0-fe2b15d-SNAPSHOT.jar:/root/.m2/repository/org/apache/ratis/ratis-netty/0.4.0-fe2b15d-SNAPSHOT/ratis-netty-0.4.0-fe2b15d-SNAPSHOT.jar:/root/.m2/repository/org/apache/ratis/ratis-grpc/0.4.0-fe2b15d-SNAPSHOT/ratis-grpc-0.4.0-fe2b15d-SNAPSHOT.jar:/root/.m2/repository/org/rocksdb/rocksdbjni/5.14.2/rocksdbjni-5.14.2.jar:/root/.m2/repository/org/apache/logging/log4j/log4j-api/2.11.0/log4j-api-2.11.0.jar:/root/.m2/repository/org/apache/logging/log4j/log4j-core/2.11.0/log4j-core-2.11.0.jar:/root/.m2/repository/com/lmax/disruptor/3.4.2/disruptor-3.4.2.jar:/root/.m2/repository/org/apache/commons/commons-pool2/2.6.0/commons-pool2-2.6.0.jar:/root/.m2/repository/org/bouncycastle/bcpkix-jdk15on/1.60/bcpkix-jdk15on-1.60.jar:/root/.m2/repository/commons-validator/commons-validator/1.6/commons-validator-1.6.jar:/root/.m2/repository/commons-digester/commons-digester/1.8.1/commons-digester-1.8.1.jar:/root/.m2/repository/io/jaegertracing/jaeger-client/0.33.1/jaeger-client-0.33.1.jar:/root/.m2/repository/io/jaegertracing/jaeger-thrift/0.33.1/jaeger-thrift-0.33.1.jar:/root/.m2/repository/org/apache/thrift/libthrift/0.11.0/libthrift-0.11.0.jar:/root/.m2/repository/com/squareup/okhttp3/okhttp/3.9.0/okhttp-3.9.0.jar:/root/.m2/repository/com/squareup/okio/okio/1.13.0/okio-1.13.0.jar:/root/.m2/repository/io/jaegertracing/jaeger-core/0.33.1/jaeger-core-0.33.1.jar:/root/.m2/repository/io/jaegertracing/jaeger-tracerresolver/0.33.1/jaeger-tracerresolver-0.33.1.jar:/root/.m2/repository/io/opentracing/contrib/opentracing-tracerresolver/0.1.5/opentracing-tracerresolver-0.1.5.jar:/root/.m2/repository/io/opentracing/opentracing-util/0.31.0/opentracing-util-0.31.0.jar:/root/.m2/repository/io/opentracing/opentracing-api/0.31.0/opentracing-api-0.31.0.jar:/root/.m2/repository/io/opentracing/opentracing-noop/0.31.0/opentracing-noop-0.31.0.jar:/root/.m2/repository/org/apache/hadoop/hadoop-hdds-server-framework/0.5.0-SNAPSHOT/hadoop-hdds-server-framework-0.5.0-SNAPSHOT.jar:/root/.m2/repository/org/apache/hadoop/hadoop-hdds-server-scm/0.5.0-SNAPSHOT/hadoop-hdds-server-scm-0.5.0-SNAPSHOT.jar:/root/.m2/repository/org/apache/hadoop/hadoop-hdds-container-service/0.5.0-SNAPSHOT/hadoop-hdds-container-service-0.5.0-SNAPSHOT.jar:/root/.m2/repository/org/apache/hadoop/hadoop-hdds-client/0.5.0-SNAPSHOT/hadoop-hdds-client-0.5.0-SNAPSHOT.jar:/root/.m2/repository/org/apache/hadoop/hadoop-hdds-tools/0.5.0-SNAPSHOT/hadoop-hdds-tools-0.5.0-SNAPSHOT.jar:/root/.m2/repository/org/apache/hadoop/hadoop-ozone-ozone-manager/0.5.0-SNAPSHOT/hadoop-ozone-ozone-manager-0.5.0-SNAPSHOT.jar:/root/.m2/repository/org/apache/hadoop/hadoop-hdds-docs/0.5.0-SNAPSHOT/hadoop-hdds-docs-0.5.0-SNAPSHOT.jar:/root/.m2/repository/org/bouncycastle/bcprov-jdk15on/1.60/bcprov-jdk15on-1.60.jar:/root/.m2/repository/org/apache/hadoop/hadoop-minikdc/3.2.0/hadoop-minikdc-3.2.0.jar:/root/.m2/repository/commons-io/commons-io/2.5/commons-io-2.5.jar:/root/.m2/repository/org/apache/kerby/kerb-simplekdc/1.0.1/kerb-simplekdc-1.0.1.jar:/root/.m2/repository/org/apache/kerby/kerb-client/1.0.1/kerb-client-1.0.1.jar:/root/.m2/repository/org/apache/kerby/kerby-config/1.0.1/kerby-config-1.0.1.jar:/root/.m2/repository/org/apache/kerby/kerb-core/1.0.1/kerb-core-1.0.1.jar:/root/.m2/repository/org/apache/kerby/kerby-pkix/1.0.1/kerby-pkix-1.0.1.jar:/root/.m2/repository/org/apache/kerby/kerby-asn1/1.0.1/kerby-asn1-1.0.1.jar:/root/.m2/repository/org/apache/kerby/kerby-util/1.0.1/kerby-util-1.0.1.jar:/root/.m2/repository/org/apache/kerby/kerb-common/1.0.1/kerb-common-1.0.1.jar:/root/.m2/repository/org/apache/kerby/kerb-crypto/1.0.1/kerb-crypto-1.0.1.jar:/root/.m2/repository/org/apache/kerby/kerb-util/1.0.1/kerb-util-1.0.1.jar:/root/.m2/repository/org/apache/kerby/token-provider/1.0.1/token-provider-1.0.1.jar:/root/.m2/repository/org/apache/kerby/kerb-admin/1.0.1/kerb-admin-1.0.1.jar:/root/.m2/repository/org/apache/kerby/kerb-server/1.0.1/kerb-server-1.0.1.jar:/root/.m2/repository/org/apache/kerby/kerb-identity/1.0.1/kerb-identity-1.0.1.jar:/root/.m2/repository/org/apache/kerby/kerby-xdr/1.0.1/kerby-xdr-1.0.1.jar:/root/.m2/repository/org/slf4j/slf4j-log4j12/1.7.25/slf4j-log4j12-1.7.25.jar:/root/.m2/repository/org/apache/hadoop/hadoop-ozone-objectstore-service/0.5.0-SNAPSHOT/hadoop-ozone-objectstore-service-0.5.0-SNAPSHOT.jar:/root/.m2/repository/org/apache/hadoop/hadoop-ozone-s3gateway/0.5.0-SNAPSHOT/hadoop-ozone-s3gateway-0.5.0-SNAPSHOT.jar:/root/.m2/repository/org/jboss/weld/servlet/weld-servlet/2.4.7.Final/weld-servlet-2.4.7.Final.jar:/root/.m2/repository/org/glassfish/jersey/containers/jersey-container-servlet-core/2.27/jersey-container-servlet-core-2.27.jar:/root/.m2/repository/org/glassfish/hk2/external/javax.inject/2.5.0-b42/javax.inject-2.5.0-b42.jar:/root/.m2/repository/org/glassfish/jersey/core/jersey-common/2.27/jersey-common-2.27.jar:/root/.m2/repository/org/glassfish/hk2/osgi-resource-locator/1.0.1/osgi-resource-locator-1.0.1.jar:/root/.m2/repository/javax/ws/rs/javax.ws.rs-api/2.1/javax.ws.rs-api-2.1.jar:/root/.m2/repository/org/glassfish/jersey/ext/cdi/jersey-cdi1x/2.27/jersey-cdi1x-2.27.jar:/root/.m2/repository/org/glassfish/jersey/inject/jersey-hk2/2.27/jersey-hk2-2.27.jar:/root/.m2/repository/org/glassfish/hk2/hk2-locator/2.5.0-b42/hk2-locator-2.5.0-b42.jar:/root/.m2/repository/org/javassist/javassist/3.22.0-CR2/javassist-3.22.0-CR2.jar:/root/.m2/repository/org/glassfish/hk2/hk2-api/2.5.0/hk2-api-2.5.0.jar:/root/.m2/repository/org/glassfish/hk2/external/jakarta.inject/2.5.0/jakarta.inject-2.5.0.jar:/root/.m2/repository/org/glassfish/hk2/hk2-utils/2.5.0/hk2-utils-2.5.0.jar:/root/.m2/repository/jakarta/annotation/jakarta.annotation-api/1.3.4/jakarta.annotation-api-1.3.4.jar:/root/.m2/repository/org/glassfish/hk2/external/aopalliance-repackaged/2.5.0/aopalliance-repackaged-2.5.0.jar:/root/.m2/repository/com/fasterxml/jackson/dataformat/jackson-dataformat-xml/2.9.0/jackson-dataformat-xml-2.9.0.jar:/root/.m2/repository/com/fasterxml/jackson/core/jackson-core/2.9.5/jackson-core-2.9.5.jar:/root/.m2/repository/com/fasterxml/jackson/module/jackson-module-jaxb-annotations/2.9.5/jackson-module-jaxb-annotations-2.9.5.jar:/root/.m2/repository/javax/enterprise/cdi-api/1.2/cdi-api-1.2.jar:/root/.m2/repository/javax/el/javax.el-api/3.0.0/javax.el-api-3.0.0.jar:/root/.m2/repository/javax/interceptor/javax.interceptor-api/1.2/javax.interceptor-api-1.2.jar:/root/.m2/repository/javax/inject/javax.inject/1/javax.inject-1.jar:/root/.m2/repository/com/sun/xml/bind/jaxb-impl/2.3.0.1/jaxb-impl-2.3.0.1.jar:/root/.m2/repository/com/sun/xml/bind/jaxb-core/2.3.0.1/jaxb-core-2.3.0.1.jar:/root/.m2/repository/javax/xml/bind/jaxb-api/2.3.0/jaxb-api-2.3.0.jar:/root/.m2/repository/javax/activation/activation/1.1.1/activation-1.1.1.jar:/root/.m2/repository/org/apache/hadoop/hadoop-ozone-csi/0.5.0-SNAPSHOT/hadoop-ozone-csi-0.5.0-SNAPSHOT.jar:/root/.m2/repository/com/google/protobuf/protobuf-java-util/3.5.1/protobuf-java-util-3.5.1.jar:/root/.m2/repository/org/apache/hadoop/hadoop-hdds-config/0.5.0-SNAPSHOT/hadoop-hdds-config-0.5.0-SNAPSHOT.jar:/root/.m2/repository/com/google/guava/guava/11.0.2/guava-11.0.2.jar:/root/.m2/repository/com/google/protobuf/protobuf-java/2.5.0/protobuf-java-2.5.0.jar:/root/.m2/repository/io/grpc/grpc-netty/1.17.1/grpc-netty-1.17.1.jar:/root/.m2/repository/io/grpc/grpc-core/1.17.1/grpc-core-1.17.1.jar:/root/.m2/repository/io/grpc/grpc-context/1.17.1/grpc-context-1.17.1.jar:/root/.m2/repository/com/google/errorprone/error_prone_annotations/2.2.0/error_prone_annotations-2.2.0.jar:/root/.m2/repository/org/codehaus/mojo/animal-sniffer-annotations/1.17/animal-sniffer-annotations-1.17.jar:/root/.m2/repository/io/opencensus/opencensus-api/0.17.0/opencensus-api-0.17.0.jar:/root/.m2/repository/io/opencensus/opencensus-contrib-grpc-metrics/0.17.0/opencensus-contrib-grpc-metrics-0.17.0.jar:/root/.m2/repository/io/netty/netty-codec-http2/4.1.30.Final/netty-codec-http2-4.1.30.Final.jar:/root/.m2/repository/io/netty/netty-codec-http/4.1.30.Final/netty-codec-http-4.1.30.Final.jar:/root/.m2/repository/io/netty/netty-codec/4.1.30.Final/netty-codec-4.1.30.Final.jar:/root/.m2/repository/io/netty/netty-handler/4.1.30.Final/netty-handler-4.1.30.Final.jar:/root/.m2/repository/io/netty/netty-handler-proxy/4.1.30.Final/netty-handler-proxy-4.1.30.Final.jar:/root/.m2/repository/io/netty/netty-codec-socks/4.1.30.Final/netty-codec-socks-4.1.30.Final.jar:/root/.m2/repository/io/netty/netty-transport-native-epoll/4.1.30.Final/netty-transport-native-epoll-4.1.30.Final.jar:/root/.m2/repository/io/netty/netty-common/4.1.30.Final/netty-common-4.1.30.Final.jar:/root/.m2/repository/io/netty/netty-buffer/4.1.30.Final/netty-buffer-4.1.30.Final.jar:/root/.m2/repository/io/netty/netty-transport/4.1.30.Final/netty-transport-4.1.30.Final.jar:/root/.m2/repository/io/netty/netty-resolver/4.1.30.Final/netty-resolver-4.1.30.Final.jar:/root/.m2/repository/io/netty/netty-transport-native-unix-common/4.1.30.Final/netty-transport-native-unix-common-4.1.30.Final.jar:/root/.m2/repository/io/grpc/grpc-protobuf/1.17.1/grpc-protobuf-1.17.1.jar:/root/.m2/repository/com/google/api/grpc/proto-google-common-protos/1.0.0/proto-google-common-protos-1.0.0.jar:/root/.m2/repository/io/grpc/grpc-protobuf-lite/1.17.1/grpc-protobuf-lite-1.17.1.jar:/root/.m2/repository/io/grpc/grpc-stub/1.17.1/grpc-stub-1.17.1.jar:/root/.m2/repository/org/apache/hadoop/hadoop-ozone-recon/0.5.0-SNAPSHOT/hadoop-ozone-recon-0.5.0-SNAPSHOT.jar:/root/.m2/repository/org/apache/hadoop/hadoop-ozone-reconcodegen/0.5.0-SNAPSHOT/hadoop-ozone-reconcodegen-0.5.0-SNAPSHOT.jar:/root/.m2/repository/com/google/inject/extensions/guice-multibindings/4.0/guice-multibindings-4.0.jar:/root/.m2/repository/com/google/inject/guice/4.0/guice-4.0.jar:/root/.m2/repository/aopalliance/aopalliance/1.0/aopalliance-1.0.jar:/root/.m2/repository/com/google/inject/extensions/guice-servlet/4.0/guice-servlet-4.0.jar:/root/.m2/repository/org/glassfish/jersey/containers/jersey-container-servlet/2.27/jersey-container-servlet-2.27.jar:/root/.m2/repository/org/glassfish/hk2/guice-bridge/2.5.0/guice-bridge-2.5.0.jar:/root/.m2/repository/org/glassfish/jersey/core/jersey-server/2.27/jersey-server-2.27.jar:/root/.m2/repository/org/glassfish/jersey/core/jersey-client/2.27/jersey-client-2.27.jar:/root/.m2/repository/org/glassfish/jersey/media/jersey-media-jaxb/2.27/jersey-media-jaxb-2.27.jar:/root/.m2/repository/javax/validation/validation-api/1.1.0.Final/validation-api-1.1.0.Final.jar:/root/.m2/repository/org/glassfish/jersey/media/jersey-media-json-jackson/2.27/jersey-media-json-jackson-2.27.jar:/root/.m2/repository/org/glassfish/jersey/ext/jersey-entity-filtering/2.27/jersey-entity-filtering-2.27.jar:/root/.m2/repository/com/google/inject/extensions/guice-assistedinject/4.0/guice-assistedinject-4.0.jar:/root/.m2/repository/org/jooq/jooq/3.11.10/jooq-3.11.10.jar:/root/.m2/repository/org/jooq/jooq-meta/3.11.10/jooq-meta-3.11.10.jar:/root/.m2/repository/org/jooq/jooq-codegen/3.11.10/jooq-codegen-3.11.10.jar:/root/.m2/repository/com/jolbox/bonecp/0.8.0.RELEASE/bonecp-0.8.0.RELEASE.jar:/root/.m2/repository/org/xerial/sqlite-jdbc/3.25.2/sqlite-jdbc-3.25.2.jar:/root/.m2/repository/org/springframework/spring-jdbc/5.1.3.RELEASE/spring-jdbc-5.1.3.RELEASE.jar:/root/.m2/repository/org/springframework/spring-beans/5.1.3.RELEASE/spring-beans-5.1.3.RELEASE.jar:/root/.m2/repository/org/springframework/spring-core/5.1.3.RELEASE/spring-core-5.1.3.RELEASE.jar:/root/.m2/repository/org/springframework/spring-jcl/5.1.3.RELEASE/spring-jcl-5.1.3.RELEASE.jar:/root/.m2/repository/org/springframework/spring-tx/5.1.3.RELEASE/spring-tx-5.1.3.RELEASE.jar:/root/.m2/repository/org/apache/hadoop/hadoop-ozone-client/0.5.0-SNAPSHOT/hadoop-ozone-client-0.5.0-SNAPSHOT.jar:/root/.m2/repository/org/apache/hadoop/hadoop-ozone-ozone-manager/0.5.0-SNAPSHOT/hadoop-ozone-ozone-manager-0.5.0-SNAPSHOT-tests.jar:/root/.m2/repository/junit/junit/4.11/junit-4.11.jar:/root/.m2/repository/org/hamcrest/hamcrest-core/1.3/hamcrest-core-1.3.jar:/root/.m2/repository/org/openjdk/jmh/jmh-core/1.19/jmh-core-1.19.jar:/root/.m2/repository/net/sf/jopt-simple/jopt-simple/4.6/jopt-simple-4.6.jar:/root/.m2/repository/org/apache/commons/commons-math3/3.1.1/commons-math3-3.1.1.jar:/root/.m2/repository/org/openjdk/jmh/jmh-generator-annprocess/1.19/jmh-generator-annprocess-1.19.jar:/root/.m2/repository/org/mockito/mockito-all/1.8.5/mockito-all-1.8.5.jar:/root/.m2/repository/org/apache/hadoop/hadoop-kms/3.2.0/hadoop-kms-3.2.0.jar:/root/.m2/repository/org/apache/hadoop/hadoop-auth/3.2.0/hadoop-auth-3.2.0.jar:/root/.m2/repository/com/nimbusds/nimbus-jose-jwt/4.41.1/nimbus-jose-jwt-4.41.1.jar:/root/.m2/repository/com/github/stephenc/jcip/jcip-annotations/1.0-1/jcip-annotations-1.0-1.jar:/root/.m2/repository/net/minidev/json-smart/2.3/json-smart-2.3.jar:/root/.m2/repository/net/minidev/accessors-smart/1.2/accessors-smart-1.2.jar:/root/.m2/repository/org/ow2/asm/asm/5.0.4/asm-5.0.4.jar:/root/.m2/repository/org/apache/curator/curator-framework/2.12.0/curator-framework-2.12.0.jar:/root/.m2/repository/com/sun/jersey/jersey-core/1.19/jersey-core-1.19.jar:/root/.m2/repository/javax/ws/rs/jsr311-api/1.1.1/jsr311-api-1.1.1.jar:/root/.m2/repository/com/sun/jersey/jersey-server/1.19/jersey-server-1.19.jar:/root/.m2/repository/javax/servlet/javax.servlet-api/3.1.0/javax.servlet-api-3.1.0.jar:/root/.m2/repository/org/eclipse/jetty/jetty-server/9.3.24.v20180605/jetty-server-9.3.24.v20180605.jar:/root/.m2/repository/org/eclipse/jetty/jetty-http/9.3.24.v20180605/jetty-http-9.3.24.v20180605.jar:/root/.m2/repository/org/eclipse/jetty/jetty-io/9.3.24.v20180605/jetty-io-9.3.24.v20180605.jar:/root/.m2/repository/org/eclipse/jetty/jetty-webapp/9.3.24.v20180605/jetty-webapp-9.3.24.v20180605.jar:/root/.m2/repository/org/eclipse/jetty/jetty-xml/9.3.24.v20180605/jetty-xml-9.3.24.v20180605.jar:/root/.m2/repository/log4j/log4j/1.2.17/log4j-1.2.17.jar:/root/.m2/repository/org/slf4j/slf4j-api/1.7.25/slf4j-api-1.7.25.jar:/root/.m2/repository/org/slf4j/jul-to-slf4j/1.7.25/jul-to-slf4j-1.7.25.jar:/root/.m2/repository/org/eclipse/jetty/jetty-util/9.3.24.v20180605/jetty-util-9.3.24.v20180605.jar:/root/.m2/repository/io/dropwizard/metrics/metrics-core/3.2.4/metrics-core-3.2.4.jar:/root/.m2/repository/com/fasterxml/jackson/core/jackson-databind/2.9.5/jackson-databind-2.9.5.jar:/root/.m2/repository/org/apache/hadoop/hadoop-kms/3.2.0/hadoop-kms-3.2.0-tests.jar:/root/.m2/repository/org/apache/hadoop/hadoop-hdds-server-scm/0.5.0-SNAPSHOT/hadoop-hdds-server-scm-0.5.0-SNAPSHOT-tests.jar:/root/.m2/repository/org/hamcrest/hamcrest-all/1.3/hamcrest-all-1.3.jar:/root/.m2/repository/info/picocli/picocli/3.9.6/picocli-3.9.6.jar:/root/.m2/repository/org/apache/hadoop/hadoop-hdds-container-service/0.5.0-SNAPSHOT/hadoop-hdds-container-service-0.5.0-SNAPSHOT-tests.jar:/root/.m2/repository/org/yaml/snakeyaml/1.16/snakeyaml-1.16.jar:/root/.m2/repository/org/apache/hadoop/hadoop-common/3.2.0/hadoop-common-3.2.0-tests.jar:/root/.m2/repository/org/apache/hadoop/hadoop-annotations/3.2.0/hadoop-annotations-3.2.0.jar:/usr/lib/jvm/java-1.8-openjdk/jre/../lib/tools.jar:/root/.m2/repository/commons-cli/commons-cli/1.2/commons-cli-1.2.jar:/root/.m2/repository/org/apache/httpcomponents/httpclient/4.5.2/httpclient-4.5.2.jar:/root/.m2/repository/org/apache/httpcomponents/httpcore/4.4.4/httpcore-4.4.4.jar:/root/.m2/repository/commons-codec/commons-codec/1.11/commons-codec-1.11.jar:/root/.m2/repository/commons-net/commons-net/3.6/commons-net-3.6.jar:/root/.m2/repository/commons-collections/commons-collections/3.2.2/commons-collections-3.2.2.jar:/root/.m2/repository/org/eclipse/jetty/jetty-servlet/9.3.24.v20180605/jetty-servlet-9.3.24.v20180605.jar:/root/.m2/repository/org/eclipse/jetty/jetty-security/9.3.24.v20180605/jetty-security-9.3.24.v20180605.jar:/root/.m2/repository/javax/servlet/jsp/jsp-api/2.1/jsp-api-2.1.jar:/root/.m2/repository/com/sun/jersey/jersey-servlet/1.19/jersey-servlet-1.19.jar:/root/.m2/repository/com/sun/jersey/jersey-json/1.19/jersey-json-1.19.jar:/root/.m2/repository/org/codehaus/jettison/jettison/1.1/jettison-1.1.jar:/root/.m2/repository/org/codehaus/jackson/jackson-core-asl/1.9.13/jackson-core-asl-1.9.13.jar:/root/.m2/repository/org/codehaus/jackson/jackson-mapper-asl/1.9.13/jackson-mapper-asl-1.9.13.jar:/root/.m2/repository/org/codehaus/jackson/jackson-jaxrs/1.9.13/jackson-jaxrs-1.9.13.jar:/root/.m2/repository/org/codehaus/jackson/jackson-xc/1.9.13/jackson-xc-1.9.13.jar:/root/.m2/repository/commons-logging/commons-logging/1.1.3/commons-logging-1.1.3.jar:/root/.m2/repository/commons-beanutils/commons-beanutils/1.9.3/commons-beanutils-1.9.3.jar:/root/.m2/repository/org/apache/commons/commons-configuration2/2.1.1/commons-configuration2-2.1.1.jar:/root/.m2/repository/org/apache/commons/commons-lang3/3.7/commons-lang3-3.7.jar:/root/.m2/repository/org/apache/commons/commons-text/1.4/commons-text-1.4.jar:/root/.m2/repository/org/apache/avro/avro/1.7.7/avro-1.7.7.jar:/root/.m2/repository/com/thoughtworks/paranamer/paranamer/2.3/paranamer-2.3.jar:/root/.m2/repository/org/xerial/snappy/snappy-java/1.0.5/snappy-java-1.0.5.jar:/root/.m2/repository/com/google/re2j/re2j/1.1/re2j-1.1.jar:/root/.m2/repository/com/google/code/gson/gson/2.2.4/gson-2.2.4.jar:/root/.m2/repository/com/jcraft/jsch/0.1.54/jsch-0.1.54.jar:/root/.m2/repository/org/apache/curator/curator-client/2.12.0/curator-client-2.12.0.jar:/root/.m2/repository/org/apache/curator/curator-recipes/2.12.0/curator-recipes-2.12.0.jar:/root/.m2/repository/com/google/code/findbugs/jsr305/3.0.0/jsr305-3.0.0.jar:/root/.m2/repository/org/apache/htrace/htrace-core4/4.1.0-incubating/htrace-core4-4.1.0-incubating.jar:/root/.m2/repository/org/apache/zookeeper/zookeeper/3.4.13/zookeeper-3.4.13.jar:/root/.m2/repository/org/apache/yetus/audience-annotations/0.5.0/audience-annotations-0.5.0.jar:/root/.m2/repository/org/codehaus/woodstox/stax2-api/3.1.4/stax2-api-3.1.4.jar:/root/.m2/repository/com/fasterxml/woodstox/woodstox-core/5.0.3/woodstox-core-5.0.3.jar:/root/.m2/repository/dnsjava/dnsjava/2.1.7/dnsjava-2.1.7.jar:/root/.m2/repository/org/apache/hadoop/hadoop-hdfs/3.2.0/hadoop-hdfs-3.2.0-tests.jar:/root/.m2/repository/org/eclipse/jetty/jetty-util-ajax/9.3.24.v20180605/jetty-util-ajax-9.3.24.v20180605.jar:/root/.m2/repository/commons-daemon/commons-daemon/1.0.13/commons-daemon-1.0.13.jar:/root/.m2/repository/io/netty/netty/3.10.5.Final/netty-3.10.5.Final.jar:/root/.m2/repository/io/netty/netty-all/4.0.52.Final/netty-all-4.0.52.Final.jar:/root/.m2/repository/org/fusesource/leveldbjni/leveldbjni-all/1.8/leveldbjni-all-1.8.jar:"/>
    <property name="java.vm.vendor" value="IcedTea"/>
    <property name="sun.arch.data.model" value="64"/>
    <property name="test.build.dir" value="/opt/src/hadoop-ozone/integration-test/target/test-dir"/>
    <property name="test.cache.data" value=""/>
    <property name="java.vendor.url" value="https://icedtea.classpath.org"/>
    <property name="user.timezone" value=""/>
    <property name="java.vm.specification.version" value="1.8"/>
    <property name="os.name" value="Linux"/>
    <property name="test.build.data" value="/opt/src/hadoop-ozone/integration-test/target/test-dir"/>
    <property name="user.country" value="US"/>
    <property name="sun.java.launcher" value="SUN_STANDARD"/>
    <property name="sun.boot.library.path" value="/usr/lib/jvm/java-1.8-openjdk/jre/lib/amd64"/>
    <property name="sun.java.command" value="/opt/src/hadoop-ozone/integration-test/target/surefire/surefirebooter4834267712245045064.jar /opt/src/hadoop-ozone/integration-test/target/surefire 2019-06-14T07-21-36_241-jvmRun1 surefire5681255848426223890tmp surefire_126198041203405378221tmp"/>
    <property name="surefire.test.class.path" value="/opt/src/hadoop-ozone/integration-test/target/test-classes:/opt/src/hadoop-ozone/integration-test/target/classes:/root/.m2/repository/org/apache/hadoop/hadoop-ozone-common/0.5.0-SNAPSHOT/hadoop-ozone-common-0.5.0-SNAPSHOT.jar:/root/.m2/repository/org/apache/commons/commons-compress/1.4.1/commons-compress-1.4.1.jar:/root/.m2/repository/org/tukaani/xz/1.0/xz-1.0.jar:/root/.m2/repository/org/apache/hadoop/hadoop-common/3.2.0/hadoop-common-3.2.0.jar:/root/.m2/repository/org/apache/hadoop/hadoop-hdfs/3.2.0/hadoop-hdfs-3.2.0.jar:/root/.m2/repository/org/apache/hadoop/hadoop-hdfs-client/3.2.0/hadoop-hdfs-client-3.2.0.jar:/root/.m2/repository/com/fasterxml/jackson/core/jackson-annotations/2.9.5/jackson-annotations-2.9.5.jar:/root/.m2/repository/org/apache/hadoop/hadoop-hdds-common/0.5.0-SNAPSHOT/hadoop-hdds-common-0.5.0-SNAPSHOT.jar:/root/.m2/repository/javax/annotation/javax.annotation-api/1.2/javax.annotation-api-1.2.jar:/root/.m2/repository/org/apache/ratis/ratis-server/0.4.0-fe2b15d-SNAPSHOT/ratis-server-0.4.0-fe2b15d-SNAPSHOT.jar:/root/.m2/repository/org/apache/ratis/ratis-thirdparty-misc/0.2.0/ratis-thirdparty-misc-0.2.0.jar:/root/.m2/repository/org/apache/ratis/ratis-proto/0.4.0-fe2b15d-SNAPSHOT/ratis-proto-0.4.0-fe2b15d-SNAPSHOT.jar:/root/.m2/repository/org/apache/ratis/ratis-common/0.4.0-fe2b15d-SNAPSHOT/ratis-common-0.4.0-fe2b15d-SNAPSHOT.jar:/root/.m2/repository/org/apache/ratis/ratis-client/0.4.0-fe2b15d-SNAPSHOT/ratis-client-0.4.0-fe2b15d-SNAPSHOT.jar:/root/.m2/repository/org/apache/ratis/ratis-netty/0.4.0-fe2b15d-SNAPSHOT/ratis-netty-0.4.0-fe2b15d-SNAPSHOT.jar:/root/.m2/repository/org/apache/ratis/ratis-grpc/0.4.0-fe2b15d-SNAPSHOT/ratis-grpc-0.4.0-fe2b15d-SNAPSHOT.jar:/root/.m2/repository/org/rocksdb/rocksdbjni/5.14.2/rocksdbjni-5.14.2.jar:/root/.m2/repository/org/apache/logging/log4j/log4j-api/2.11.0/log4j-api-2.11.0.jar:/root/.m2/repository/org/apache/logging/log4j/log4j-core/2.11.0/log4j-core-2.11.0.jar:/root/.m2/repository/com/lmax/disruptor/3.4.2/disruptor-3.4.2.jar:/root/.m2/repository/org/apache/commons/commons-pool2/2.6.0/commons-pool2-2.6.0.jar:/root/.m2/repository/org/bouncycastle/bcpkix-jdk15on/1.60/bcpkix-jdk15on-1.60.jar:/root/.m2/repository/commons-validator/commons-validator/1.6/commons-validator-1.6.jar:/root/.m2/repository/commons-digester/commons-digester/1.8.1/commons-digester-1.8.1.jar:/root/.m2/repository/io/jaegertracing/jaeger-client/0.33.1/jaeger-client-0.33.1.jar:/root/.m2/repository/io/jaegertracing/jaeger-thrift/0.33.1/jaeger-thrift-0.33.1.jar:/root/.m2/repository/org/apache/thrift/libthrift/0.11.0/libthrift-0.11.0.jar:/root/.m2/repository/com/squareup/okhttp3/okhttp/3.9.0/okhttp-3.9.0.jar:/root/.m2/repository/com/squareup/okio/okio/1.13.0/okio-1.13.0.jar:/root/.m2/repository/io/jaegertracing/jaeger-core/0.33.1/jaeger-core-0.33.1.jar:/root/.m2/repository/io/jaegertracing/jaeger-tracerresolver/0.33.1/jaeger-tracerresolver-0.33.1.jar:/root/.m2/repository/io/opentracing/contrib/opentracing-tracerresolver/0.1.5/opentracing-tracerresolver-0.1.5.jar:/root/.m2/repository/io/opentracing/opentracing-util/0.31.0/opentracing-util-0.31.0.jar:/root/.m2/repository/io/opentracing/opentracing-api/0.31.0/opentracing-api-0.31.0.jar:/root/.m2/repository/io/opentracing/opentracing-noop/0.31.0/opentracing-noop-0.31.0.jar:/root/.m2/repository/org/apache/hadoop/hadoop-hdds-server-framework/0.5.0-SNAPSHOT/hadoop-hdds-server-framework-0.5.0-SNAPSHOT.jar:/root/.m2/repository/org/apache/hadoop/hadoop-hdds-server-scm/0.5.0-SNAPSHOT/hadoop-hdds-server-scm-0.5.0-SNAPSHOT.jar:/root/.m2/repository/org/apache/hadoop/hadoop-hdds-container-service/0.5.0-SNAPSHOT/hadoop-hdds-container-service-0.5.0-SNAPSHOT.jar:/root/.m2/repository/org/apache/hadoop/hadoop-hdds-client/0.5.0-SNAPSHOT/hadoop-hdds-client-0.5.0-SNAPSHOT.jar:/root/.m2/repository/org/apache/hadoop/hadoop-hdds-tools/0.5.0-SNAPSHOT/hadoop-hdds-tools-0.5.0-SNAPSHOT.jar:/root/.m2/repository/org/apache/hadoop/hadoop-ozone-ozone-manager/0.5.0-SNAPSHOT/hadoop-ozone-ozone-manager-0.5.0-SNAPSHOT.jar:/root/.m2/repository/org/apache/hadoop/hadoop-hdds-docs/0.5.0-SNAPSHOT/hadoop-hdds-docs-0.5.0-SNAPSHOT.jar:/root/.m2/repository/org/bouncycastle/bcprov-jdk15on/1.60/bcprov-jdk15on-1.60.jar:/root/.m2/repository/org/apache/hadoop/hadoop-minikdc/3.2.0/hadoop-minikdc-3.2.0.jar:/root/.m2/repository/commons-io/commons-io/2.5/commons-io-2.5.jar:/root/.m2/repository/org/apache/kerby/kerb-simplekdc/1.0.1/kerb-simplekdc-1.0.1.jar:/root/.m2/repository/org/apache/kerby/kerb-client/1.0.1/kerb-client-1.0.1.jar:/root/.m2/repository/org/apache/kerby/kerby-config/1.0.1/kerby-config-1.0.1.jar:/root/.m2/repository/org/apache/kerby/kerb-core/1.0.1/kerb-core-1.0.1.jar:/root/.m2/repository/org/apache/kerby/kerby-pkix/1.0.1/kerby-pkix-1.0.1.jar:/root/.m2/repository/org/apache/kerby/kerby-asn1/1.0.1/kerby-asn1-1.0.1.jar:/root/.m2/repository/org/apache/kerby/kerby-util/1.0.1/kerby-util-1.0.1.jar:/root/.m2/repository/org/apache/kerby/kerb-common/1.0.1/kerb-common-1.0.1.jar:/root/.m2/repository/org/apache/kerby/kerb-crypto/1.0.1/kerb-crypto-1.0.1.jar:/root/.m2/repository/org/apache/kerby/kerb-util/1.0.1/kerb-util-1.0.1.jar:/root/.m2/repository/org/apache/kerby/token-provider/1.0.1/token-provider-1.0.1.jar:/root/.m2/repository/org/apache/kerby/kerb-admin/1.0.1/kerb-admin-1.0.1.jar:/root/.m2/repository/org/apache/kerby/kerb-server/1.0.1/kerb-server-1.0.1.jar:/root/.m2/repository/org/apache/kerby/kerb-identity/1.0.1/kerb-identity-1.0.1.jar:/root/.m2/repository/org/apache/kerby/kerby-xdr/1.0.1/kerby-xdr-1.0.1.jar:/root/.m2/repository/org/slf4j/slf4j-log4j12/1.7.25/slf4j-log4j12-1.7.25.jar:/root/.m2/repository/org/apache/hadoop/hadoop-ozone-objectstore-service/0.5.0-SNAPSHOT/hadoop-ozone-objectstore-service-0.5.0-SNAPSHOT.jar:/root/.m2/repository/org/apache/hadoop/hadoop-ozone-s3gateway/0.5.0-SNAPSHOT/hadoop-ozone-s3gateway-0.5.0-SNAPSHOT.jar:/root/.m2/repository/org/jboss/weld/servlet/weld-servlet/2.4.7.Final/weld-servlet-2.4.7.Final.jar:/root/.m2/repository/org/glassfish/jersey/containers/jersey-container-servlet-core/2.27/jersey-container-servlet-core-2.27.jar:/root/.m2/repository/org/glassfish/hk2/external/javax.inject/2.5.0-b42/javax.inject-2.5.0-b42.jar:/root/.m2/repository/org/glassfish/jersey/core/jersey-common/2.27/jersey-common-2.27.jar:/root/.m2/repository/org/glassfish/hk2/osgi-resource-locator/1.0.1/osgi-resource-locator-1.0.1.jar:/root/.m2/repository/javax/ws/rs/javax.ws.rs-api/2.1/javax.ws.rs-api-2.1.jar:/root/.m2/repository/org/glassfish/jersey/ext/cdi/jersey-cdi1x/2.27/jersey-cdi1x-2.27.jar:/root/.m2/repository/org/glassfish/jersey/inject/jersey-hk2/2.27/jersey-hk2-2.27.jar:/root/.m2/repository/org/glassfish/hk2/hk2-locator/2.5.0-b42/hk2-locator-2.5.0-b42.jar:/root/.m2/repository/org/javassist/javassist/3.22.0-CR2/javassist-3.22.0-CR2.jar:/root/.m2/repository/org/glassfish/hk2/hk2-api/2.5.0/hk2-api-2.5.0.jar:/root/.m2/repository/org/glassfish/hk2/external/jakarta.inject/2.5.0/jakarta.inject-2.5.0.jar:/root/.m2/repository/org/glassfish/hk2/hk2-utils/2.5.0/hk2-utils-2.5.0.jar:/root/.m2/repository/jakarta/annotation/jakarta.annotation-api/1.3.4/jakarta.annotation-api-1.3.4.jar:/root/.m2/repository/org/glassfish/hk2/external/aopalliance-repackaged/2.5.0/aopalliance-repackaged-2.5.0.jar:/root/.m2/repository/com/fasterxml/jackson/dataformat/jackson-dataformat-xml/2.9.0/jackson-dataformat-xml-2.9.0.jar:/root/.m2/repository/com/fasterxml/jackson/core/jackson-core/2.9.5/jackson-core-2.9.5.jar:/root/.m2/repository/com/fasterxml/jackson/module/jackson-module-jaxb-annotations/2.9.5/jackson-module-jaxb-annotations-2.9.5.jar:/root/.m2/repository/javax/enterprise/cdi-api/1.2/cdi-api-1.2.jar:/root/.m2/repository/javax/el/javax.el-api/3.0.0/javax.el-api-3.0.0.jar:/root/.m2/repository/javax/interceptor/javax.interceptor-api/1.2/javax.interceptor-api-1.2.jar:/root/.m2/repository/javax/inject/javax.inject/1/javax.inject-1.jar:/root/.m2/repository/com/sun/xml/bind/jaxb-impl/2.3.0.1/jaxb-impl-2.3.0.1.jar:/root/.m2/repository/com/sun/xml/bind/jaxb-core/2.3.0.1/jaxb-core-2.3.0.1.jar:/root/.m2/repository/javax/xml/bind/jaxb-api/2.3.0/jaxb-api-2.3.0.jar:/root/.m2/repository/javax/activation/activation/1.1.1/activation-1.1.1.jar:/root/.m2/repository/org/apache/hadoop/hadoop-ozone-csi/0.5.0-SNAPSHOT/hadoop-ozone-csi-0.5.0-SNAPSHOT.jar:/root/.m2/repository/com/google/protobuf/protobuf-java-util/3.5.1/protobuf-java-util-3.5.1.jar:/root/.m2/repository/org/apache/hadoop/hadoop-hdds-config/0.5.0-SNAPSHOT/hadoop-hdds-config-0.5.0-SNAPSHOT.jar:/root/.m2/repository/com/google/guava/guava/11.0.2/guava-11.0.2.jar:/root/.m2/repository/com/google/protobuf/protobuf-java/2.5.0/protobuf-java-2.5.0.jar:/root/.m2/repository/io/grpc/grpc-netty/1.17.1/grpc-netty-1.17.1.jar:/root/.m2/repository/io/grpc/grpc-core/1.17.1/grpc-core-1.17.1.jar:/root/.m2/repository/io/grpc/grpc-context/1.17.1/grpc-context-1.17.1.jar:/root/.m2/repository/com/google/errorprone/error_prone_annotations/2.2.0/error_prone_annotations-2.2.0.jar:/root/.m2/repository/org/codehaus/mojo/animal-sniffer-annotations/1.17/animal-sniffer-annotations-1.17.jar:/root/.m2/repository/io/opencensus/opencensus-api/0.17.0/opencensus-api-0.17.0.jar:/root/.m2/repository/io/opencensus/opencensus-contrib-grpc-metrics/0.17.0/opencensus-contrib-grpc-metrics-0.17.0.jar:/root/.m2/repository/io/netty/netty-codec-http2/4.1.30.Final/netty-codec-http2-4.1.30.Final.jar:/root/.m2/repository/io/netty/netty-codec-http/4.1.30.Final/netty-codec-http-4.1.30.Final.jar:/root/.m2/repository/io/netty/netty-codec/4.1.30.Final/netty-codec-4.1.30.Final.jar:/root/.m2/repository/io/netty/netty-handler/4.1.30.Final/netty-handler-4.1.30.Final.jar:/root/.m2/repository/io/netty/netty-handler-proxy/4.1.30.Final/netty-handler-proxy-4.1.30.Final.jar:/root/.m2/repository/io/netty/netty-codec-socks/4.1.30.Final/netty-codec-socks-4.1.30.Final.jar:/root/.m2/repository/io/netty/netty-transport-native-epoll/4.1.30.Final/netty-transport-native-epoll-4.1.30.Final.jar:/root/.m2/repository/io/netty/netty-common/4.1.30.Final/netty-common-4.1.30.Final.jar:/root/.m2/repository/io/netty/netty-buffer/4.1.30.Final/netty-buffer-4.1.30.Final.jar:/root/.m2/repository/io/netty/netty-transport/4.1.30.Final/netty-transport-4.1.30.Final.jar:/root/.m2/repository/io/netty/netty-resolver/4.1.30.Final/netty-resolver-4.1.30.Final.jar:/root/.m2/repository/io/netty/netty-transport-native-unix-common/4.1.30.Final/netty-transport-native-unix-common-4.1.30.Final.jar:/root/.m2/repository/io/grpc/grpc-protobuf/1.17.1/grpc-protobuf-1.17.1.jar:/root/.m2/repository/com/google/api/grpc/proto-google-common-protos/1.0.0/proto-google-common-protos-1.0.0.jar:/root/.m2/repository/io/grpc/grpc-protobuf-lite/1.17.1/grpc-protobuf-lite-1.17.1.jar:/root/.m2/repository/io/grpc/grpc-stub/1.17.1/grpc-stub-1.17.1.jar:/root/.m2/repository/org/apache/hadoop/hadoop-ozone-recon/0.5.0-SNAPSHOT/hadoop-ozone-recon-0.5.0-SNAPSHOT.jar:/root/.m2/repository/org/apache/hadoop/hadoop-ozone-reconcodegen/0.5.0-SNAPSHOT/hadoop-ozone-reconcodegen-0.5.0-SNAPSHOT.jar:/root/.m2/repository/com/google/inject/extensions/guice-multibindings/4.0/guice-multibindings-4.0.jar:/root/.m2/repository/com/google/inject/guice/4.0/guice-4.0.jar:/root/.m2/repository/aopalliance/aopalliance/1.0/aopalliance-1.0.jar:/root/.m2/repository/com/google/inject/extensions/guice-servlet/4.0/guice-servlet-4.0.jar:/root/.m2/repository/org/glassfish/jersey/containers/jersey-container-servlet/2.27/jersey-container-servlet-2.27.jar:/root/.m2/repository/org/glassfish/hk2/guice-bridge/2.5.0/guice-bridge-2.5.0.jar:/root/.m2/repository/org/glassfish/jersey/core/jersey-server/2.27/jersey-server-2.27.jar:/root/.m2/repository/org/glassfish/jersey/core/jersey-client/2.27/jersey-client-2.27.jar:/root/.m2/repository/org/glassfish/jersey/media/jersey-media-jaxb/2.27/jersey-media-jaxb-2.27.jar:/root/.m2/repository/javax/validation/validation-api/1.1.0.Final/validation-api-1.1.0.Final.jar:/root/.m2/repository/org/glassfish/jersey/media/jersey-media-json-jackson/2.27/jersey-media-json-jackson-2.27.jar:/root/.m2/repository/org/glassfish/jersey/ext/jersey-entity-filtering/2.27/jersey-entity-filtering-2.27.jar:/root/.m2/repository/com/google/inject/extensions/guice-assistedinject/4.0/guice-assistedinject-4.0.jar:/root/.m2/repository/org/jooq/jooq/3.11.10/jooq-3.11.10.jar:/root/.m2/repository/org/jooq/jooq-meta/3.11.10/jooq-meta-3.11.10.jar:/root/.m2/repository/org/jooq/jooq-codegen/3.11.10/jooq-codegen-3.11.10.jar:/root/.m2/repository/com/jolbox/bonecp/0.8.0.RELEASE/bonecp-0.8.0.RELEASE.jar:/root/.m2/repository/org/xerial/sqlite-jdbc/3.25.2/sqlite-jdbc-3.25.2.jar:/root/.m2/repository/org/springframework/spring-jdbc/5.1.3.RELEASE/spring-jdbc-5.1.3.RELEASE.jar:/root/.m2/repository/org/springframework/spring-beans/5.1.3.RELEASE/spring-beans-5.1.3.RELEASE.jar:/root/.m2/repository/org/springframework/spring-core/5.1.3.RELEASE/spring-core-5.1.3.RELEASE.jar:/root/.m2/repository/org/springframework/spring-jcl/5.1.3.RELEASE/spring-jcl-5.1.3.RELEASE.jar:/root/.m2/repository/org/springframework/spring-tx/5.1.3.RELEASE/spring-tx-5.1.3.RELEASE.jar:/root/.m2/repository/org/apache/hadoop/hadoop-ozone-client/0.5.0-SNAPSHOT/hadoop-ozone-client-0.5.0-SNAPSHOT.jar:/root/.m2/repository/org/apache/hadoop/hadoop-ozone-ozone-manager/0.5.0-SNAPSHOT/hadoop-ozone-ozone-manager-0.5.0-SNAPSHOT-tests.jar:/root/.m2/repository/junit/junit/4.11/junit-4.11.jar:/root/.m2/repository/org/hamcrest/hamcrest-core/1.3/hamcrest-core-1.3.jar:/root/.m2/repository/org/openjdk/jmh/jmh-core/1.19/jmh-core-1.19.jar:/root/.m2/repository/net/sf/jopt-simple/jopt-simple/4.6/jopt-simple-4.6.jar:/root/.m2/repository/org/apache/commons/commons-math3/3.1.1/commons-math3-3.1.1.jar:/root/.m2/repository/org/openjdk/jmh/jmh-generator-annprocess/1.19/jmh-generator-annprocess-1.19.jar:/root/.m2/repository/org/mockito/mockito-all/1.8.5/mockito-all-1.8.5.jar:/root/.m2/repository/org/apache/hadoop/hadoop-kms/3.2.0/hadoop-kms-3.2.0.jar:/root/.m2/repository/org/apache/hadoop/hadoop-auth/3.2.0/hadoop-auth-3.2.0.jar:/root/.m2/repository/com/nimbusds/nimbus-jose-jwt/4.41.1/nimbus-jose-jwt-4.41.1.jar:/root/.m2/repository/com/github/stephenc/jcip/jcip-annotations/1.0-1/jcip-annotations-1.0-1.jar:/root/.m2/repository/net/minidev/json-smart/2.3/json-smart-2.3.jar:/root/.m2/repository/net/minidev/accessors-smart/1.2/accessors-smart-1.2.jar:/root/.m2/repository/org/ow2/asm/asm/5.0.4/asm-5.0.4.jar:/root/.m2/repository/org/apache/curator/curator-framework/2.12.0/curator-framework-2.12.0.jar:/root/.m2/repository/com/sun/jersey/jersey-core/1.19/jersey-core-1.19.jar:/root/.m2/repository/javax/ws/rs/jsr311-api/1.1.1/jsr311-api-1.1.1.jar:/root/.m2/repository/com/sun/jersey/jersey-server/1.19/jersey-server-1.19.jar:/root/.m2/repository/javax/servlet/javax.servlet-api/3.1.0/javax.servlet-api-3.1.0.jar:/root/.m2/repository/org/eclipse/jetty/jetty-server/9.3.24.v20180605/jetty-server-9.3.24.v20180605.jar:/root/.m2/repository/org/eclipse/jetty/jetty-http/9.3.24.v20180605/jetty-http-9.3.24.v20180605.jar:/root/.m2/repository/org/eclipse/jetty/jetty-io/9.3.24.v20180605/jetty-io-9.3.24.v20180605.jar:/root/.m2/repository/org/eclipse/jetty/jetty-webapp/9.3.24.v20180605/jetty-webapp-9.3.24.v20180605.jar:/root/.m2/repository/org/eclipse/jetty/jetty-xml/9.3.24.v20180605/jetty-xml-9.3.24.v20180605.jar:/root/.m2/repository/log4j/log4j/1.2.17/log4j-1.2.17.jar:/root/.m2/repository/org/slf4j/slf4j-api/1.7.25/slf4j-api-1.7.25.jar:/root/.m2/repository/org/slf4j/jul-to-slf4j/1.7.25/jul-to-slf4j-1.7.25.jar:/root/.m2/repository/org/eclipse/jetty/jetty-util/9.3.24.v20180605/jetty-util-9.3.24.v20180605.jar:/root/.m2/repository/io/dropwizard/metrics/metrics-core/3.2.4/metrics-core-3.2.4.jar:/root/.m2/repository/com/fasterxml/jackson/core/jackson-databind/2.9.5/jackson-databind-2.9.5.jar:/root/.m2/repository/org/apache/hadoop/hadoop-kms/3.2.0/hadoop-kms-3.2.0-tests.jar:/root/.m2/repository/org/apache/hadoop/hadoop-hdds-server-scm/0.5.0-SNAPSHOT/hadoop-hdds-server-scm-0.5.0-SNAPSHOT-tests.jar:/root/.m2/repository/org/hamcrest/hamcrest-all/1.3/hamcrest-all-1.3.jar:/root/.m2/repository/info/picocli/picocli/3.9.6/picocli-3.9.6.jar:/root/.m2/repository/org/apache/hadoop/hadoop-hdds-container-service/0.5.0-SNAPSHOT/hadoop-hdds-container-service-0.5.0-SNAPSHOT-tests.jar:/root/.m2/repository/org/yaml/snakeyaml/1.16/snakeyaml-1.16.jar:/root/.m2/repository/org/apache/hadoop/hadoop-common/3.2.0/hadoop-common-3.2.0-tests.jar:/root/.m2/repository/org/apache/hadoop/hadoop-annotations/3.2.0/hadoop-annotations-3.2.0.jar:/usr/lib/jvm/java-1.8-openjdk/jre/../lib/tools.jar:/root/.m2/repository/commons-cli/commons-cli/1.2/commons-cli-1.2.jar:/root/.m2/repository/org/apache/httpcomponents/httpclient/4.5.2/httpclient-4.5.2.jar:/root/.m2/repository/org/apache/httpcomponents/httpcore/4.4.4/httpcore-4.4.4.jar:/root/.m2/repository/commons-codec/commons-codec/1.11/commons-codec-1.11.jar:/root/.m2/repository/commons-net/commons-net/3.6/commons-net-3.6.jar:/root/.m2/repository/commons-collections/commons-collections/3.2.2/commons-collections-3.2.2.jar:/root/.m2/repository/org/eclipse/jetty/jetty-servlet/9.3.24.v20180605/jetty-servlet-9.3.24.v20180605.jar:/root/.m2/repository/org/eclipse/jetty/jetty-security/9.3.24.v20180605/jetty-security-9.3.24.v20180605.jar:/root/.m2/repository/javax/servlet/jsp/jsp-api/2.1/jsp-api-2.1.jar:/root/.m2/repository/com/sun/jersey/jersey-servlet/1.19/jersey-servlet-1.19.jar:/root/.m2/repository/com/sun/jersey/jersey-json/1.19/jersey-json-1.19.jar:/root/.m2/repository/org/codehaus/jettison/jettison/1.1/jettison-1.1.jar:/root/.m2/repository/org/codehaus/jackson/jackson-core-asl/1.9.13/jackson-core-asl-1.9.13.jar:/root/.m2/repository/org/codehaus/jackson/jackson-mapper-asl/1.9.13/jackson-mapper-asl-1.9.13.jar:/root/.m2/repository/org/codehaus/jackson/jackson-jaxrs/1.9.13/jackson-jaxrs-1.9.13.jar:/root/.m2/repository/org/codehaus/jackson/jackson-xc/1.9.13/jackson-xc-1.9.13.jar:/root/.m2/repository/commons-logging/commons-logging/1.1.3/commons-logging-1.1.3.jar:/root/.m2/repository/commons-beanutils/commons-beanutils/1.9.3/commons-beanutils-1.9.3.jar:/root/.m2/repository/org/apache/commons/commons-configuration2/2.1.1/commons-configuration2-2.1.1.jar:/root/.m2/repository/org/apache/commons/commons-lang3/3.7/commons-lang3-3.7.jar:/root/.m2/repository/org/apache/commons/commons-text/1.4/commons-text-1.4.jar:/root/.m2/repository/org/apache/avro/avro/1.7.7/avro-1.7.7.jar:/root/.m2/repository/com/thoughtworks/paranamer/paranamer/2.3/paranamer-2.3.jar:/root/.m2/repository/org/xerial/snappy/snappy-java/1.0.5/snappy-java-1.0.5.jar:/root/.m2/repository/com/google/re2j/re2j/1.1/re2j-1.1.jar:/root/.m2/repository/com/google/code/gson/gson/2.2.4/gson-2.2.4.jar:/root/.m2/repository/com/jcraft/jsch/0.1.54/jsch-0.1.54.jar:/root/.m2/repository/org/apache/curator/curator-client/2.12.0/curator-client-2.12.0.jar:/root/.m2/repository/org/apache/curator/curator-recipes/2.12.0/curator-recipes-2.12.0.jar:/root/.m2/repository/com/google/code/findbugs/jsr305/3.0.0/jsr305-3.0.0.jar:/root/.m2/repository/org/apache/htrace/htrace-core4/4.1.0-incubating/htrace-core4-4.1.0-incubating.jar:/root/.m2/repository/org/apache/zookeeper/zookeeper/3.4.13/zookeeper-3.4.13.jar:/root/.m2/repository/org/apache/yetus/audience-annotations/0.5.0/audience-annotations-0.5.0.jar:/root/.m2/repository/org/codehaus/woodstox/stax2-api/3.1.4/stax2-api-3.1.4.jar:/root/.m2/repository/com/fasterxml/woodstox/woodstox-core/5.0.3/woodstox-core-5.0.3.jar:/root/.m2/repository/dnsjava/dnsjava/2.1.7/dnsjava-2.1.7.jar:/root/.m2/repository/org/apache/hadoop/hadoop-hdfs/3.2.0/hadoop-hdfs-3.2.0-tests.jar:/root/.m2/repository/org/eclipse/jetty/jetty-util-ajax/9.3.24.v20180605/jetty-util-ajax-9.3.24.v20180605.jar:/root/.m2/repository/commons-daemon/commons-daemon/1.0.13/commons-daemon-1.0.13.jar:/root/.m2/repository/io/netty/netty/3.10.5.Final/netty-3.10.5.Final.jar:/root/.m2/repository/io/netty/netty-all/4.0.52.Final/netty-all-4.0.52.Final.jar:/root/.m2/repository/org/fusesource/leveldbjni/leveldbjni-all/1.8/leveldbjni-all-1.8.jar:"/>
    <property name="sun.cpu.endian" value="little"/>
    <property name="user.home" value="/root"/>
    <property name="user.language" value="en"/>
    <property name="java.specification.vendor" value="Oracle Corporation"/>
    <property name="java.home" value="/usr/lib/jvm/java-1.8-openjdk/jre"/>
    <property name="java.security.krb5.conf" value="/opt/src/hadoop-ozone/integration-test/target/test-classes/krb5.conf"/>
    <property name="basedir" value="/opt/src/hadoop-ozone/integration-test"/>
    <property name="file.separator" value="/"/>
    <property name="line.separator" value="&#10;"/>
    <property name="java.vm.specification.vendor" value="Oracle Corporation"/>
    <property name="java.specification.name" value="Java Platform API Specification"/>
    <property name="java.awt.graphicsenv" value="sun.awt.X11GraphicsEnvironment"/>
    <property name="surefire.real.class.path" value="/opt/src/hadoop-ozone/integration-test/target/surefire/surefirebooter4834267712245045064.jar"/>
    <property name="hadoop.log.dir" value="/opt/src/hadoop-ozone/integration-test/target/log"/>
    <property name="sun.boot.class.path" value="/usr/lib/jvm/java-1.8-openjdk/jre/lib/resources.jar:/usr/lib/jvm/java-1.8-openjdk/jre/lib/rt.jar:/usr/lib/jvm/java-1.8-openjdk/jre/lib/sunrsasign.jar:/usr/lib/jvm/java-1.8-openjdk/jre/lib/jsse.jar:/usr/lib/jvm/java-1.8-openjdk/jre/lib/jce.jar:/usr/lib/jvm/java-1.8-openjdk/jre/lib/charsets.jar:/usr/lib/jvm/java-1.8-openjdk/jre/lib/jfr.jar:/usr/lib/jvm/java-1.8-openjdk/jre/classes"/>
    <property name="sun.management.compiler" value="HotSpot 64-Bit Tiered Compilers"/>
    <property name="java.runtime.version" value="1.8.0_212-b04"/>
    <property name="java.net.preferIPv4Stack" value="true"/>
    <property name="user.name" value="root"/>
    <property name="path.separator" value=":"/>
    <property name="java.security.egd" value="file:///dev/urandom"/>
    <property name="os.version" value="4.15.0-1021-aws"/>
    <property name="java.endorsed.dirs" value="/usr/lib/jvm/java-1.8-openjdk/jre/lib/endorsed"/>
    <property name="java.runtime.name" value="OpenJDK Runtime Environment"/>
    <property name="file.encoding" value="UTF-8"/>
    <property name="java.vm.name" value="OpenJDK 64-Bit Server VM"/>
    <property name="test.build.webapps" value=""/>
    <property name="localRepository" value="/root/.m2/repository"/>
    <property name="java.vendor.url.bug" value="https://icedtea.classpath.org/bugzilla"/>
    <property name="java.io.tmpdir" value="/tmp"/>
    <property name="require.test.libhadoop" value=""/>
    <property name="java.version" value="1.8.0_212"/>
    <property name="user.dir" value="/opt/src/hadoop-ozone/integration-test"/>
    <property name="os.arch" value="amd64"/>
    <property name="java.vm.specification.name" value="Java Virtual Machine Specification"/>
    <property name="test.build.classes" value="/opt/src/hadoop-ozone/integration-test/target/test-classes"/>
    <property name="java.awt.printerjob" value="sun.print.PSPrinterJob"/>
    <property name="sun.os.patch.level" value="unknown"/>
    <property name="hadoop.tmp.dir" value="/opt/src/hadoop-ozone/integration-test/target/tmp"/>
    <property name="java.library.path" value="/usr/lib/jvm/java-1.8-openjdk/jre/lib/amd64/server:/usr/lib/jvm/java-1.8-openjdk/jre/lib/amd64:/usr/lib/jvm/java-1.8-openjdk/jre/../lib/amd64:/opt/src/hadoop-ozone/integration-test/target/native/target/usr/local/lib:/opt/src/hadoop-ozone/integration-test/../../hadoop-common-project/hadoop-common/target/native/target/usr/local/lib:/usr/java/packages/lib/amd64:/usr/lib64:/lib64:/lib:/usr/lib"/>
    <property name="java.vm.info" value="mixed mode"/>
    <property name="java.vendor" value="IcedTea"/>
    <property name="java.vm.version" value="25.212-b04"/>
    <property name="java.ext.dirs" value="/usr/lib/jvm/java-1.8-openjdk/jre/lib/ext:/usr/java/packages/lib/ext"/>
    <property name="sun.io.unicode.encoding" value="UnicodeLittle"/>
    <property name="java.class.version" value="52.0"/>
  </properties>
  <testcase name="testPipelineExclusionWithPipelineFailure" classname="org.apache.hadoop.ozone.client.rpc.TestFailureHandlingByClient" time="26.225"/>
  <testcase name="testContainerExclusionWithClosedContainerException" classname="org.apache.hadoop.ozone.client.rpc.TestFailureHandlingByClient" time="11.515"/>
  <testcase name="testWriteSmallFile" classname="org.apache.hadoop.ozone.client.rpc.TestFailureHandlingByClient" time="17.922"/>
  <testcase name="testMultiBlockWritesWithIntermittentDnFailures" classname="org.apache.hadoop.ozone.client.rpc.TestFailureHandlingByClient" time="20.288"/>
  <testcase name="testBlockWritesWithDnFailures" classname="org.apache.hadoop.ozone.client.rpc.TestFailureHandlingByClient" time="20.04"/>
  <testcase name="testDatanodeExclusionWithMajorityCommit" classname="org.apache.hadoop.ozone.client.rpc.TestFailureHandlingByClient" time="13.016">
    <failure type="java.lang.AssertionError">java.lang.AssertionError
	at org.junit.Assert.fail(Assert.java:86)
	at org.junit.Assert.assertTrue(Assert.java:41)
	at org.junit.Assert.assertTrue(Assert.java:52)
	at org.apache.hadoop.ozone.client.rpc.TestFailureHandlingByClient.testDatanodeExclusionWithMajorityCommit(TestFailureHandlingByClient.java:400)
	at sun.reflect.NativeMethodAccessorImpl.invoke0(Native Method)
	at sun.reflect.NativeMethodAccessorImpl.invoke(NativeMethodAccessorImpl.java:62)
	at sun.reflect.DelegatingMethodAccessorImpl.invoke(DelegatingMethodAccessorImpl.java:43)
	at java.lang.reflect.Method.invoke(Method.java:498)
	at org.junit.runners.model.FrameworkMethod$1.runReflectiveCall(FrameworkMethod.java:47)
	at org.junit.internal.runners.model.ReflectiveCallable.run(ReflectiveCallable.java:12)
	at org.junit.runners.model.FrameworkMethod.invokeExplosively(FrameworkMethod.java:44)
	at org.junit.internal.runners.statements.InvokeMethod.evaluate(InvokeMethod.java:17)
	at org.junit.runners.ParentRunner.runLeaf(ParentRunner.java:271)
	at org.junit.runners.BlockJUnit4ClassRunner.runChild(BlockJUnit4ClassRunner.java:70)
	at org.junit.runners.BlockJUnit4ClassRunner.runChild(BlockJUnit4ClassRunner.java:50)
	at org.junit.runners.ParentRunner$3.run(ParentRunner.java:238)
	at org.junit.runners.ParentRunner$1.schedule(ParentRunner.java:63)
	at org.junit.runners.ParentRunner.runChildren(ParentRunner.java:236)
	at org.junit.runners.ParentRunner.access$000(ParentRunner.java:53)
	at org.junit.runners.ParentRunner$2.evaluate(ParentRunner.java:229)
	at org.junit.runners.ParentRunner.run(ParentRunner.java:309)
	at org.apache.maven.surefire.junit4.JUnit4Provider.execute(JUnit4Provider.java:365)
	at org.apache.maven.surefire.junit4.JUnit4Provider.executeWithRerun(JUnit4Provider.java:273)
	at org.apache.maven.surefire.junit4.JUnit4Provider.executeTestSet(JUnit4Provider.java:238)
	at org.apache.maven.surefire.junit4.JUnit4Provider.invoke(JUnit4Provider.java:159)
	at org.apache.maven.surefire.booter.ForkedBooter.invokeProviderInSameClassLoader(ForkedBooter.java:384)
	at org.apache.maven.surefire.booter.ForkedBooter.runSuitesInProcess(ForkedBooter.java:345)
	at org.apache.maven.surefire.booter.ForkedBooter.execute(ForkedBooter.java:126)
	at org.apache.maven.surefire.booter.ForkedBooter.main(ForkedBooter.java:418)
</failure>
    <system-out><![CDATA[2019-06-14 07:29:03,769 WARN  server.ServerUtils (ServerUtils.java:getScmDbDir(145)) - ozone.scm.db.dirs is not configured. We recommend adding this setting. Falling back to ozone.metadata.dirs instead.
2019-06-14 07:29:03,773 WARN  server.ServerUtils (ServerUtils.java:getScmDbDir(145)) - ozone.scm.db.dirs is not configured. We recommend adding this setting. Falling back to ozone.metadata.dirs instead.
2019-06-14 07:29:03,773 WARN  server.ServerUtils (ServerUtils.java:getScmDbDir(145)) - ozone.scm.db.dirs is not configured. We recommend adding this setting. Falling back to ozone.metadata.dirs instead.
2019-06-14 07:29:03,773 INFO  db.DBStoreBuilder (DBStoreBuilder.java:addTable(110)) - using custom profile for table: deletedBlocks
2019-06-14 07:29:03,774 INFO  db.DBStoreBuilder (DBStoreBuilder.java:processTables(161)) - Using default column profile:DBProfile.DISK for Table:deletedBlocks
2019-06-14 07:29:03,774 INFO  db.DBStoreBuilder (DBStoreBuilder.java:addTable(110)) - using custom profile for table: validCerts
2019-06-14 07:29:03,774 INFO  db.DBStoreBuilder (DBStoreBuilder.java:processTables(161)) - Using default column profile:DBProfile.DISK for Table:validCerts
2019-06-14 07:29:03,774 INFO  db.DBStoreBuilder (DBStoreBuilder.java:addTable(110)) - using custom profile for table: revokedCerts
2019-06-14 07:29:03,774 INFO  db.DBStoreBuilder (DBStoreBuilder.java:processTables(161)) - Using default column profile:DBProfile.DISK for Table:revokedCerts
2019-06-14 07:29:03,774 INFO  db.DBStoreBuilder (DBStoreBuilder.java:addTable(110)) - using custom profile for table: default
2019-06-14 07:29:03,775 INFO  db.DBStoreBuilder (DBStoreBuilder.java:processTables(167)) - Using default column profile:DBProfile.DISK for Table:default
2019-06-14 07:29:03,775 INFO  db.DBStoreBuilder (DBStoreBuilder.java:getDbProfile(198)) - Using default options. DBProfile.DISK
2019-06-14 07:29:03,817 INFO  node.SCMNodeManager (SCMNodeManager.java:<init>(108)) - Entering startup safe mode.
2019-06-14 07:29:03,818 INFO  net.NodeSchemaLoader (NodeSchemaLoader.java:loadSchemaFromFile(125)) - Loading file from sun.misc.CompoundEnumeration@519e14f6
2019-06-14 07:29:03,818 INFO  net.NodeSchemaLoader (NodeSchemaLoader.java:loadSchema(171)) - Loading network topology layer schema file
2019-06-14 07:29:03,821 WARN  server.ServerUtils (ServerUtils.java:getScmDbDir(145)) - ozone.scm.db.dirs is not configured. We recommend adding this setting. Falling back to ozone.metadata.dirs instead.
2019-06-14 07:29:03,836 INFO  pipeline.SCMPipelineManager (SCMPipelineManager.java:initializePipelineState(126)) - No pipeline exists in current db
2019-06-14 07:29:03,837 WARN  server.ServerUtils (ServerUtils.java:getScmDbDir(145)) - ozone.scm.db.dirs is not configured. We recommend adding this setting. Falling back to ozone.metadata.dirs instead.
2019-06-14 07:29:03,851 WARN  events.EventQueue (EventQueue.java:fireEvent(175)) - No event handler registered for event TypedEvent{payloadType=SafeModeStatus, name='SafeModeStatus'}
2019-06-14 07:29:03,852 INFO  ipc.CallQueueManager (CallQueueManager.java:<init>(84)) - Using callQueue: class java.util.concurrent.LinkedBlockingQueue, queueCapacity: 2000, scheduler: class org.apache.hadoop.ipc.DefaultRpcScheduler, ipcBackoff: false.
2019-06-14 07:29:03,852 INFO  ipc.Server (Server.java:run(1074)) - Starting Socket Reader #1 for port 43647
2019-06-14 07:29:03,853 INFO  ipc.CallQueueManager (CallQueueManager.java:<init>(84)) - Using callQueue: class java.util.concurrent.LinkedBlockingQueue, queueCapacity: 2000, scheduler: class org.apache.hadoop.ipc.DefaultRpcScheduler, ipcBackoff: false.
2019-06-14 07:29:03,855 INFO  ipc.Server (Server.java:run(1074)) - Starting Socket Reader #1 for port 42803
2019-06-14 07:29:03,863 INFO  ipc.CallQueueManager (CallQueueManager.java:<init>(84)) - Using callQueue: class java.util.concurrent.LinkedBlockingQueue, queueCapacity: 2000, scheduler: class org.apache.hadoop.ipc.DefaultRpcScheduler, ipcBackoff: false.
2019-06-14 07:29:03,864 INFO  ipc.Server (Server.java:run(1074)) - Starting Socket Reader #1 for port 33169
2019-06-14 07:29:03,868 INFO  hdfs.DFSUtil (DFSUtil.java:httpServerTemplateForNNAndJN(1641)) - Starting Web-server for scm at: http://0.0.0.0:0
2019-06-14 07:29:03,869 INFO  server.AuthenticationFilter (AuthenticationFilter.java:constructSecretProvider(240)) - Unable to initialize FileSignerSecretProvider, falling back to use random secrets.
2019-06-14 07:29:03,870 WARN  http.HttpRequestLog (HttpRequestLog.java:getRequestLog(97)) - Jetty request log can only be enabled using Log4j
2019-06-14 07:29:03,871 INFO  http.HttpServer2 (HttpServer2.java:addGlobalFilter(975)) - Added global filter 'safety' (class=org.apache.hadoop.http.HttpServer2$QuotingInputFilter)
2019-06-14 07:29:03,872 INFO  http.HttpServer2 (HttpServer2.java:addFilter(948)) - Added filter static_user_filter (class=org.apache.hadoop.http.lib.StaticUserWebFilter$StaticUserFilter) to context scm
2019-06-14 07:29:03,872 INFO  http.HttpServer2 (HttpServer2.java:addFilter(958)) - Added filter static_user_filter (class=org.apache.hadoop.http.lib.StaticUserWebFilter$StaticUserFilter) to context logs
2019-06-14 07:29:03,872 INFO  http.HttpServer2 (HttpServer2.java:addFilter(958)) - Added filter static_user_filter (class=org.apache.hadoop.http.lib.StaticUserWebFilter$StaticUserFilter) to context static
2019-06-14 07:29:03,874 INFO  server.StorageContainerManager (StorageContainerManager.java:start(752)) - StorageContainerLocationProtocol RPC server is listening at /0.0.0.0:33169
2019-06-14 07:29:03,874 INFO  impl.MetricsSystemImpl (MetricsSystemImpl.java:init(158)) - StorageContainerManager metrics system started (again)
2019-06-14 07:29:03,879 INFO  server.SCMClientProtocolServer (SCMClientProtocolServer.java:start(149)) - RPC server for Client  is listening at /0.0.0.0:33169
2019-06-14 07:29:03,879 INFO  ipc.Server (Server.java:run(1314)) - IPC Server Responder: starting
2019-06-14 07:29:03,879 INFO  ipc.Server (Server.java:run(1153)) - IPC Server listener on 33169: starting
2019-06-14 07:29:03,880 INFO  server.StorageContainerManager (StorageContainerManager.java:start(761)) - ScmBlockLocationProtocol RPC server is listening at /0.0.0.0:42803
2019-06-14 07:29:03,880 INFO  server.SCMBlockProtocolServer (SCMBlockProtocolServer.java:start(137)) - RPC server for Block Protocol is listening at /0.0.0.0:42803
2019-06-14 07:29:03,881 INFO  ipc.Server (Server.java:run(1314)) - IPC Server Responder: starting
2019-06-14 07:29:03,881 INFO  ipc.Server (Server.java:run(1153)) - IPC Server listener on 42803: starting
2019-06-14 07:29:03,888 INFO  server.StorageContainerManager (StorageContainerManager.java:start(765)) - ScmDatanodeProtocl RPC server is listening at /0.0.0.0:43647
2019-06-14 07:29:03,888 INFO  server.SCMDatanodeProtocolServer (SCMDatanodeProtocolServer.java:start(191)) - RPC server for DataNodes is listening at /0.0.0.0:43647
2019-06-14 07:29:03,888 INFO  ipc.Server (Server.java:run(1314)) - IPC Server Responder: starting
2019-06-14 07:29:03,890 INFO  ipc.Server (Server.java:run(1153)) - IPC Server listener on 43647: starting
2019-06-14 07:29:03,894 INFO  http.HttpServer2 (HttpServer2.java:bindListener(1191)) - Jetty bound to port 43625
2019-06-14 07:29:03,894 INFO  server.Server (Server.java:doStart(351)) - jetty-9.3.24.v20180605, build timestamp: 2018-06-05T17:11:56Z, git hash: 84205aa28f11a4f31f2a3b86d1bba2cc8ab69827
2019-06-14 07:29:03,895 INFO  handler.ContextHandler (ContextHandler.java:doStart(781)) - Started o.e.j.s.ServletContextHandler@31f4fdc5{/logs,file:///opt/src/hadoop-ozone/integration-test/target/log,AVAILABLE}
2019-06-14 07:29:03,895 INFO  handler.ContextHandler (ContextHandler.java:doStart(781)) - Started o.e.j.s.ServletContextHandler@1dcf5f38{/static,file:///opt/src/hadoop-ozone/integration-test/target/test-classes/webapps/static,AVAILABLE}
2019-06-14 07:29:03,898 INFO  handler.ContextHandler (ContextHandler.java:doStart(781)) - Started o.e.j.w.WebAppContext@696a6506{/,file:///opt/src/hadoop-ozone/integration-test/target/test-classes/webapps/scm/,AVAILABLE}{/scm}
2019-06-14 07:29:03,900 INFO  server.AbstractConnector (AbstractConnector.java:doStart(278)) - Started ServerConnector@32e09eca{HTTP/1.1,[http/1.1]}{0.0.0.0:43625}
2019-06-14 07:29:03,900 INFO  server.Server (Server.java:doStart(419)) - Started @96553ms
2019-06-14 07:29:03,903 INFO  server.BaseHttpServer (BaseHttpServer.java:updateConnectorAddress(207)) - HTTP server of SCM is listening at http://0.0.0.0:43625
2019-06-14 07:29:03,904 WARN  scm.ScmUtils (ScmUtils.java:getDBPath(63)) - ozone.om.db.dirs is not configured. We recommend adding this setting. Falling back to ozone.metadata.dirs instead.
2019-06-14 07:29:03,904 INFO  util.JvmPauseMonitor (JvmPauseMonitor.java:run(188)) - Starting JVM pause monitor
2019-06-14 07:29:03,906 WARN  scm.ScmUtils (ScmUtils.java:getDBPath(63)) - ozone.om.db.dirs is not configured. We recommend adding this setting. Falling back to ozone.metadata.dirs instead.
2019-06-14 07:29:03,907 INFO  om.OzoneManager (OzoneManager.java:setOMNodeDetails(519)) - OM Service ID is not set. Setting it to the default ID: omServiceIdDefault
2019-06-14 07:29:03,907 INFO  om.OzoneManager (OzoneManager.java:setOMNodeDetails(525)) - OM Node ID is not set. Setting it to the OmStorage's OmID: cdf8ccb9-ef3d-4391-91c9-a4510a7df8d1
2019-06-14 07:29:03,907 WARN  scm.HddsServerUtil (HddsServerUtil.java:getDefaultRatisDirectory(354)) - Storage directory for Ratis is not configured. It is a good idea to map this to an SSD disk. Falling back to ozone.metadata.dirs
2019-06-14 07:29:03,907 WARN  scm.HddsServerUtil (HddsServerUtil.java:getDefaultRatisDirectory(354)) - Storage directory for Ratis is not configured. It is a good idea to map this to an SSD disk. Falling back to ozone.metadata.dirs
2019-06-14 07:29:03,907 INFO  om.OzoneManager (OzoneManager.java:loadOMHAConfigs(476)) - Found matching OM address with OMServiceId: null, OMNodeId: null, RPC Address: localhost:0 and Ratis port: 9872
2019-06-14 07:29:03,911 WARN  scm.ScmUtils (ScmUtils.java:getDBPath(63)) - ozone.om.db.dirs is not configured. We recommend adding this setting. Falling back to ozone.metadata.dirs instead.
2019-06-14 07:29:03,911 INFO  db.DBStoreBuilder (DBStoreBuilder.java:addTable(110)) - using custom profile for table: userTable
2019-06-14 07:29:03,912 INFO  db.DBStoreBuilder (DBStoreBuilder.java:processTables(161)) - Using default column profile:DBProfile.DISK for Table:userTable
2019-06-14 07:29:03,912 INFO  db.DBStoreBuilder (DBStoreBuilder.java:addTable(110)) - using custom profile for table: volumeTable
2019-06-14 07:29:03,912 INFO  db.DBStoreBuilder (DBStoreBuilder.java:processTables(161)) - Using default column profile:DBProfile.DISK for Table:volumeTable
2019-06-14 07:29:03,912 INFO  db.DBStoreBuilder (DBStoreBuilder.java:addTable(110)) - using custom profile for table: bucketTable
2019-06-14 07:29:03,912 INFO  db.DBStoreBuilder (DBStoreBuilder.java:processTables(161)) - Using default column profile:DBProfile.DISK for Table:bucketTable
2019-06-14 07:29:03,913 INFO  db.DBStoreBuilder (DBStoreBuilder.java:addTable(110)) - using custom profile for table: keyTable
2019-06-14 07:29:03,913 INFO  db.DBStoreBuilder (DBStoreBuilder.java:processTables(161)) - Using default column profile:DBProfile.DISK for Table:keyTable
2019-06-14 07:29:03,913 INFO  db.DBStoreBuilder (DBStoreBuilder.java:addTable(110)) - using custom profile for table: deletedTable
2019-06-14 07:29:03,913 INFO  db.DBStoreBuilder (DBStoreBuilder.java:processTables(161)) - Using default column profile:DBProfile.DISK for Table:deletedTable
2019-06-14 07:29:03,913 INFO  db.DBStoreBuilder (DBStoreBuilder.java:addTable(110)) - using custom profile for table: openKeyTable
2019-06-14 07:29:03,913 INFO  db.DBStoreBuilder (DBStoreBuilder.java:processTables(161)) - Using default column profile:DBProfile.DISK for Table:openKeyTable
2019-06-14 07:29:03,914 INFO  db.DBStoreBuilder (DBStoreBuilder.java:addTable(110)) - using custom profile for table: s3Table
2019-06-14 07:29:03,914 INFO  db.DBStoreBuilder (DBStoreBuilder.java:processTables(161)) - Using default column profile:DBProfile.DISK for Table:s3Table
2019-06-14 07:29:03,914 INFO  db.DBStoreBuilder (DBStoreBuilder.java:addTable(110)) - using custom profile for table: multipartInfoTable
2019-06-14 07:29:03,914 INFO  db.DBStoreBuilder (DBStoreBuilder.java:processTables(161)) - Using default column profile:DBProfile.DISK for Table:multipartInfoTable
2019-06-14 07:29:03,914 INFO  db.DBStoreBuilder (DBStoreBuilder.java:addTable(110)) - using custom profile for table: dTokenTable
2019-06-14 07:29:03,914 INFO  db.DBStoreBuilder (DBStoreBuilder.java:processTables(161)) - Using default column profile:DBProfile.DISK for Table:dTokenTable
2019-06-14 07:29:03,915 INFO  db.DBStoreBuilder (DBStoreBuilder.java:addTable(110)) - using custom profile for table: s3SecretTable
2019-06-14 07:29:03,915 INFO  db.DBStoreBuilder (DBStoreBuilder.java:processTables(161)) - Using default column profile:DBProfile.DISK for Table:s3SecretTable
2019-06-14 07:29:03,915 INFO  db.DBStoreBuilder (DBStoreBuilder.java:addTable(110)) - using custom profile for table: prefixTable
2019-06-14 07:29:03,915 INFO  db.DBStoreBuilder (DBStoreBuilder.java:processTables(161)) - Using default column profile:DBProfile.DISK for Table:prefixTable
2019-06-14 07:29:03,915 INFO  db.DBStoreBuilder (DBStoreBuilder.java:addTable(110)) - using custom profile for table: default
2019-06-14 07:29:03,915 INFO  db.DBStoreBuilder (DBStoreBuilder.java:processTables(167)) - Using default column profile:DBProfile.DISK for Table:default
2019-06-14 07:29:03,916 INFO  db.DBStoreBuilder (DBStoreBuilder.java:getDbProfile(198)) - Using default options. DBProfile.DISK
2019-06-14 07:29:04,047 INFO  ipc.CallQueueManager (CallQueueManager.java:<init>(84)) - Using callQueue: class java.util.concurrent.LinkedBlockingQueue, queueCapacity: 2000, scheduler: class org.apache.hadoop.ipc.DefaultRpcScheduler, ipcBackoff: false.
2019-06-14 07:29:04,047 INFO  ipc.Server (Server.java:run(1074)) - Starting Socket Reader #1 for port 39013
2019-06-14 07:29:04,060 WARN  scm.ScmUtils (ScmUtils.java:getDBPath(63)) - ozone.om.db.dirs is not configured. We recommend adding this setting. Falling back to ozone.metadata.dirs instead.
2019-06-14 07:29:04,060 INFO  om.OzoneManager (OzoneManager.java:start(1217)) - OzoneManager RPC server is listening at localhost/127.0.0.1:39013
2019-06-14 07:29:04,060 INFO  impl.MetricsSystemImpl (MetricsSystemImpl.java:init(158)) - OzoneManager metrics system started (again)
2019-06-14 07:29:04,063 INFO  ipc.Server (Server.java:run(1314)) - IPC Server Responder: starting
2019-06-14 07:29:04,064 INFO  ipc.Server (Server.java:run(1153)) - IPC Server listener on 39013: starting
2019-06-14 07:29:04,100 INFO  hdfs.DFSUtil (DFSUtil.java:httpServerTemplateForNNAndJN(1641)) - Starting Web-server for ozoneManager at: http://0.0.0.0:0
2019-06-14 07:29:04,101 INFO  server.AuthenticationFilter (AuthenticationFilter.java:constructSecretProvider(240)) - Unable to initialize FileSignerSecretProvider, falling back to use random secrets.
2019-06-14 07:29:04,101 WARN  http.HttpRequestLog (HttpRequestLog.java:getRequestLog(97)) - Jetty request log can only be enabled using Log4j
2019-06-14 07:29:04,103 INFO  http.HttpServer2 (HttpServer2.java:addGlobalFilter(975)) - Added global filter 'safety' (class=org.apache.hadoop.http.HttpServer2$QuotingInputFilter)
2019-06-14 07:29:04,103 INFO  http.HttpServer2 (HttpServer2.java:addFilter(948)) - Added filter static_user_filter (class=org.apache.hadoop.http.lib.StaticUserWebFilter$StaticUserFilter) to context ozoneManager
2019-06-14 07:29:04,103 INFO  http.HttpServer2 (HttpServer2.java:addFilter(958)) - Added filter static_user_filter (class=org.apache.hadoop.http.lib.StaticUserWebFilter$StaticUserFilter) to context static
2019-06-14 07:29:04,103 INFO  http.HttpServer2 (HttpServer2.java:addFilter(958)) - Added filter static_user_filter (class=org.apache.hadoop.http.lib.StaticUserWebFilter$StaticUserFilter) to context logs
2019-06-14 07:29:04,104 INFO  http.HttpServer2 (HttpServer2.java:bindListener(1191)) - Jetty bound to port 42355
2019-06-14 07:29:04,104 INFO  server.Server (Server.java:doStart(351)) - jetty-9.3.24.v20180605, build timestamp: 2018-06-05T17:11:56Z, git hash: 84205aa28f11a4f31f2a3b86d1bba2cc8ab69827
2019-06-14 07:29:04,105 INFO  handler.ContextHandler (ContextHandler.java:doStart(781)) - Started o.e.j.s.ServletContextHandler@7d018c58{/logs,file:///opt/src/hadoop-ozone/integration-test/target/log,AVAILABLE}
2019-06-14 07:29:04,105 INFO  handler.ContextHandler (ContextHandler.java:doStart(781)) - Started o.e.j.s.ServletContextHandler@2e4262d2{/static,file:///opt/src/hadoop-ozone/integration-test/target/test-classes/webapps/static,AVAILABLE}
2019-06-14 07:29:04,107 INFO  handler.ContextHandler (ContextHandler.java:doStart(781)) - Started o.e.j.w.WebAppContext@304933cb{/,file:///opt/src/hadoop-ozone/integration-test/target/test-classes/webapps/ozoneManager/,AVAILABLE}{/ozoneManager}
2019-06-14 07:29:04,107 INFO  server.AbstractConnector (AbstractConnector.java:doStart(278)) - Started ServerConnector@7a4199e5{HTTP/1.1,[http/1.1]}{0.0.0.0:42355}
2019-06-14 07:29:04,108 INFO  server.Server (Server.java:doStart(419)) - Started @96761ms
2019-06-14 07:29:04,109 INFO  server.BaseHttpServer (BaseHttpServer.java:updateConnectorAddress(207)) - HTTP server of OZONEMANAGER is listening at http://0.0.0.0:42355
2019-06-14 07:29:04,117 INFO  impl.MetricsSystemImpl (MetricsSystemImpl.java:init(158)) - HddsDatanode metrics system started (again)
2019-06-14 07:29:04,117 INFO  ozone.HddsDatanodeService (HddsDatanodeService.java:start(185)) - HddsDatanodeService host:ozone-tm9qp-197714850 ip:192.168.134.69
2019-06-14 07:29:04,122 INFO  volume.HddsVolume (HddsVolume.java:<init>(176)) - Creating Volume: /opt/src/hadoop-ozone/integration-test/target/test-dir/MiniOzoneClusterImpl-bbacad5d-8716-42fc-a219-1a3fb896ae17/datanode-0/data/containers/hdds of  storage type : DISK and capacity : 104021790720
2019-06-14 07:29:04,122 INFO  volume.VolumeSet (VolumeSet.java:initializeVolumeSet(170)) - Added Volume : /opt/src/hadoop-ozone/integration-test/target/test-dir/MiniOzoneClusterImpl-bbacad5d-8716-42fc-a219-1a3fb896ae17/datanode-0/data/containers/hdds to VolumeSet
2019-06-14 07:29:04,122 INFO  volume.ThrottledAsyncChecker (ThrottledAsyncChecker.java:schedule(140)) - Scheduling a check for org.apache.hadoop.ozone.container.common.volume.HddsVolume@4a9d6eb9
2019-06-14 07:29:04,123 INFO  volume.HddsVolumeChecker (HddsVolumeChecker.java:checkAllVolumes(203)) - Scheduled health check for volume org.apache.hadoop.ozone.container.common.volume.HddsVolume@4a9d6eb9
2019-06-14 07:29:04,130 INFO  ratis.XceiverServerRatis (XceiverServerRatis.java:newXceiverServerRatis(401)) - Found a free port for the server : 40397
2019-06-14 07:29:04,131 INFO  impl.RaftServerProxy (ConfUtils.java:logGet(43)) - raft.rpc.type = GRPC (default)
2019-06-14 07:29:04,131 INFO  grpc.GrpcConfigKeys$Server (ConfUtils.java:logGet(43)) - raft.grpc.server.port = 40397 (custom)
2019-06-14 07:29:04,132 INFO  server.GrpcService (ConfUtils.java:logGet(43)) - raft.grpc.message.size.max = 33570816 (custom)
2019-06-14 07:29:04,132 INFO  server.RaftServerConfigKeys (ConfUtils.java:logGet(43)) - raft.server.log.appender.buffer.byte-limit = 33554432 (custom)
2019-06-14 07:29:04,132 INFO  server.GrpcService (ConfUtils.java:logGet(43)) - raft.grpc.flow.control.window = 1MB (=1048576) (default)
2019-06-14 07:29:04,132 INFO  server.RaftServerConfigKeys (ConfUtils.java:logGet(43)) - raft.server.rpc.request.timeout = 3000ms (default)
2019-06-14 07:29:04,132 INFO  server.RaftServerConfigKeys (ConfUtils.java:logGet(43)) - raft.server.storage.dir = [/opt/src/hadoop-ozone/integration-test/target/test-dir/MiniOzoneClusterImpl-bbacad5d-8716-42fc-a219-1a3fb896ae17/datanode-0/data/ratis] (custom)
2019-06-14 07:29:04,133 INFO  server.XceiverServerGrpc (XceiverServerGrpc.java:<init>(97)) - Found a free port for the server : 42489
2019-06-14 07:29:04,133 INFO  replication.SimpleContainerDownloader (SimpleContainerDownloader.java:<init>(72)) - Starting container downloader service to copy containers to replicate.
2019-06-14 07:29:04,133 INFO  hdfs.DFSUtil (DFSUtil.java:httpServerTemplateForNNAndJN(1641)) - Starting Web-server for hddsDatanode at: http://0.0.0.0:0
2019-06-14 07:29:04,134 INFO  server.AuthenticationFilter (AuthenticationFilter.java:constructSecretProvider(240)) - Unable to initialize FileSignerSecretProvider, falling back to use random secrets.
2019-06-14 07:29:04,135 WARN  http.HttpRequestLog (HttpRequestLog.java:getRequestLog(97)) - Jetty request log can only be enabled using Log4j
2019-06-14 07:29:04,136 INFO  http.HttpServer2 (HttpServer2.java:addGlobalFilter(975)) - Added global filter 'safety' (class=org.apache.hadoop.http.HttpServer2$QuotingInputFilter)
2019-06-14 07:29:04,136 INFO  http.HttpServer2 (HttpServer2.java:addFilter(948)) - Added filter static_user_filter (class=org.apache.hadoop.http.lib.StaticUserWebFilter$StaticUserFilter) to context hddsDatanode
2019-06-14 07:29:04,136 INFO  http.HttpServer2 (HttpServer2.java:addFilter(958)) - Added filter static_user_filter (class=org.apache.hadoop.http.lib.StaticUserWebFilter$StaticUserFilter) to context static
2019-06-14 07:29:04,136 INFO  http.HttpServer2 (HttpServer2.java:addFilter(958)) - Added filter static_user_filter (class=org.apache.hadoop.http.lib.StaticUserWebFilter$StaticUserFilter) to context logs
2019-06-14 07:29:04,137 INFO  http.HttpServer2 (HttpServer2.java:bindListener(1191)) - Jetty bound to port 34339
2019-06-14 07:29:04,137 INFO  server.Server (Server.java:doStart(351)) - jetty-9.3.24.v20180605, build timestamp: 2018-06-05T17:11:56Z, git hash: 84205aa28f11a4f31f2a3b86d1bba2cc8ab69827
2019-06-14 07:29:04,140 INFO  handler.ContextHandler (ContextHandler.java:doStart(781)) - Started o.e.j.s.ServletContextHandler@17e323fd{/logs,file:///opt/src/hadoop-ozone/integration-test/target/log,AVAILABLE}
2019-06-14 07:29:04,142 INFO  handler.ContextHandler (ContextHandler.java:doStart(781)) - Started o.e.j.s.ServletContextHandler@33319df0{/static,jar:file:/root/.m2/repository/org/apache/hadoop/hadoop-hdds-container-service/0.5.0-SNAPSHOT/hadoop-hdds-container-service-0.5.0-SNAPSHOT.jar!/webapps/static,AVAILABLE}
2019-06-14 07:29:04,162 INFO  handler.ContextHandler (ContextHandler.java:doStart(781)) - Started o.e.j.w.WebAppContext@7d0e46dd{/,file:///tmp/jetty-0.0.0.0-34339-hddsDatanode-_-any-1359810826106041862.dir/webapp/,AVAILABLE}{/hddsDatanode}
2019-06-14 07:29:04,162 INFO  server.AbstractConnector (AbstractConnector.java:doStart(278)) - Started ServerConnector@318353{HTTP/1.1,[http/1.1]}{0.0.0.0:34339}
2019-06-14 07:29:04,163 INFO  server.Server (Server.java:doStart(419)) - Started @96816ms
2019-06-14 07:29:04,164 INFO  server.BaseHttpServer (BaseHttpServer.java:updateConnectorAddress(207)) - HTTP server of HDDSDATANODE is listening at http://0.0.0.0:34339
2019-06-14 07:29:04,280 INFO  ozone.HddsDatanodeService (HddsDatanodeService.java:startPlugins(396)) - Started plug-in org.apache.hadoop.ozone.web.OzoneHddsDatanodeService@538fb761
2019-06-14 07:29:04,280 INFO  impl.MetricsSystemImpl (MetricsSystemImpl.java:init(158)) - HddsDatanode metrics system started (again)
2019-06-14 07:29:04,281 INFO  ozone.HddsDatanodeService (HddsDatanodeService.java:start(185)) - HddsDatanodeService host:ozone-tm9qp-197714850 ip:192.168.134.69
2019-06-14 07:29:04,290 INFO  volume.HddsVolume (HddsVolume.java:<init>(176)) - Creating Volume: /opt/src/hadoop-ozone/integration-test/target/test-dir/MiniOzoneClusterImpl-bbacad5d-8716-42fc-a219-1a3fb896ae17/datanode-1/data/containers/hdds of  storage type : DISK and capacity : 104021790720
2019-06-14 07:29:04,290 INFO  util.JvmPauseMonitor (JvmPauseMonitor.java:run(188)) - Starting JVM pause monitor
2019-06-14 07:29:04,290 INFO  volume.VolumeSet (VolumeSet.java:initializeVolumeSet(170)) - Added Volume : /opt/src/hadoop-ozone/integration-test/target/test-dir/MiniOzoneClusterImpl-bbacad5d-8716-42fc-a219-1a3fb896ae17/datanode-1/data/containers/hdds to VolumeSet
2019-06-14 07:29:04,290 INFO  volume.ThrottledAsyncChecker (ThrottledAsyncChecker.java:schedule(140)) - Scheduling a check for org.apache.hadoop.ozone.container.common.volume.HddsVolume@6dd50380
2019-06-14 07:29:04,291 INFO  datanode.InitDatanodeState (InitDatanodeState.java:persistContainerDatanodeDetails(140)) - DatanodeDetails is persisted to /opt/src/hadoop-ozone/integration-test/target/test-dir/MiniOzoneClusterImpl-bbacad5d-8716-42fc-a219-1a3fb896ae17/datanode-0/meta/datanode.id
2019-06-14 07:29:04,293 INFO  volume.HddsVolumeChecker (HddsVolumeChecker.java:checkAllVolumes(203)) - Scheduled health check for volume org.apache.hadoop.ozone.container.common.volume.HddsVolume@6dd50380
2019-06-14 07:29:04,301 INFO  ratis.XceiverServerRatis (XceiverServerRatis.java:newXceiverServerRatis(401)) - Found a free port for the server : 39815
2019-06-14 07:29:04,302 INFO  impl.RaftServerProxy (ConfUtils.java:logGet(43)) - raft.rpc.type = GRPC (default)
2019-06-14 07:29:04,302 INFO  grpc.GrpcConfigKeys$Server (ConfUtils.java:logGet(43)) - raft.grpc.server.port = 39815 (custom)
2019-06-14 07:29:04,303 INFO  server.GrpcService (ConfUtils.java:logGet(43)) - raft.grpc.message.size.max = 33570816 (custom)
2019-06-14 07:29:04,303 INFO  server.RaftServerConfigKeys (ConfUtils.java:logGet(43)) - raft.server.log.appender.buffer.byte-limit = 33554432 (custom)
2019-06-14 07:29:04,303 INFO  server.GrpcService (ConfUtils.java:logGet(43)) - raft.grpc.flow.control.window = 1MB (=1048576) (default)
2019-06-14 07:29:04,303 INFO  server.RaftServerConfigKeys (ConfUtils.java:logGet(43)) - raft.server.rpc.request.timeout = 3000ms (default)
2019-06-14 07:29:04,304 INFO  server.RaftServerConfigKeys (ConfUtils.java:logGet(43)) - raft.server.storage.dir = [/opt/src/hadoop-ozone/integration-test/target/test-dir/MiniOzoneClusterImpl-bbacad5d-8716-42fc-a219-1a3fb896ae17/datanode-1/data/ratis] (custom)
2019-06-14 07:29:04,304 INFO  server.XceiverServerGrpc (XceiverServerGrpc.java:<init>(97)) - Found a free port for the server : 41611
2019-06-14 07:29:04,304 INFO  replication.SimpleContainerDownloader (SimpleContainerDownloader.java:<init>(72)) - Starting container downloader service to copy containers to replicate.
2019-06-14 07:29:04,305 INFO  hdfs.DFSUtil (DFSUtil.java:httpServerTemplateForNNAndJN(1641)) - Starting Web-server for hddsDatanode at: http://0.0.0.0:0
2019-06-14 07:29:04,306 INFO  server.AuthenticationFilter (AuthenticationFilter.java:constructSecretProvider(240)) - Unable to initialize FileSignerSecretProvider, falling back to use random secrets.
2019-06-14 07:29:04,306 WARN  http.HttpRequestLog (HttpRequestLog.java:getRequestLog(97)) - Jetty request log can only be enabled using Log4j
2019-06-14 07:29:04,308 INFO  http.HttpServer2 (HttpServer2.java:addGlobalFilter(975)) - Added global filter 'safety' (class=org.apache.hadoop.http.HttpServer2$QuotingInputFilter)
2019-06-14 07:29:04,308 INFO  http.HttpServer2 (HttpServer2.java:addFilter(948)) - Added filter static_user_filter (class=org.apache.hadoop.http.lib.StaticUserWebFilter$StaticUserFilter) to context hddsDatanode
2019-06-14 07:29:04,308 INFO  http.HttpServer2 (HttpServer2.java:addFilter(958)) - Added filter static_user_filter (class=org.apache.hadoop.http.lib.StaticUserWebFilter$StaticUserFilter) to context static
2019-06-14 07:29:04,308 INFO  http.HttpServer2 (HttpServer2.java:addFilter(958)) - Added filter static_user_filter (class=org.apache.hadoop.http.lib.StaticUserWebFilter$StaticUserFilter) to context logs
2019-06-14 07:29:04,309 INFO  http.HttpServer2 (HttpServer2.java:bindListener(1191)) - Jetty bound to port 36917
2019-06-14 07:29:04,309 INFO  server.Server (Server.java:doStart(351)) - jetty-9.3.24.v20180605, build timestamp: 2018-06-05T17:11:56Z, git hash: 84205aa28f11a4f31f2a3b86d1bba2cc8ab69827
2019-06-14 07:29:04,310 INFO  handler.ContextHandler (ContextHandler.java:doStart(781)) - Started o.e.j.s.ServletContextHandler@46c7e6c0{/logs,file:///opt/src/hadoop-ozone/integration-test/target/log,AVAILABLE}
2019-06-14 07:29:04,310 INFO  handler.ContextHandler (ContextHandler.java:doStart(781)) - Started o.e.j.s.ServletContextHandler@2605433{/static,jar:file:/root/.m2/repository/org/apache/hadoop/hadoop-hdds-container-service/0.5.0-SNAPSHOT/hadoop-hdds-container-service-0.5.0-SNAPSHOT.jar!/webapps/static,AVAILABLE}
2019-06-14 07:29:04,332 INFO  handler.ContextHandler (ContextHandler.java:doStart(781)) - Started o.e.j.w.WebAppContext@3fe7c87c{/,file:///tmp/jetty-0.0.0.0-36917-hddsDatanode-_-any-3570675772748087260.dir/webapp/,AVAILABLE}{/hddsDatanode}
2019-06-14 07:29:04,332 INFO  server.AbstractConnector (AbstractConnector.java:doStart(278)) - Started ServerConnector@5c04685{HTTP/1.1,[http/1.1]}{0.0.0.0:36917}
2019-06-14 07:29:04,333 INFO  server.Server (Server.java:doStart(419)) - Started @96985ms
2019-06-14 07:29:04,333 INFO  server.BaseHttpServer (BaseHttpServer.java:updateConnectorAddress(207)) - HTTP server of HDDSDATANODE is listening at http://0.0.0.0:36917
2019-06-14 07:29:04,415 INFO  ozone.HddsDatanodeService (HddsDatanodeService.java:startPlugins(396)) - Started plug-in org.apache.hadoop.ozone.web.OzoneHddsDatanodeService@470fc16c
2019-06-14 07:29:04,415 INFO  impl.MetricsSystemImpl (MetricsSystemImpl.java:init(158)) - HddsDatanode metrics system started (again)
2019-06-14 07:29:04,415 INFO  ozone.HddsDatanodeService (HddsDatanodeService.java:start(185)) - HddsDatanodeService host:ozone-tm9qp-197714850 ip:192.168.134.69
2019-06-14 07:29:04,428 INFO  util.JvmPauseMonitor (JvmPauseMonitor.java:run(188)) - Starting JVM pause monitor
2019-06-14 07:29:04,431 INFO  datanode.InitDatanodeState (InitDatanodeState.java:persistContainerDatanodeDetails(140)) - DatanodeDetails is persisted to /opt/src/hadoop-ozone/integration-test/target/test-dir/MiniOzoneClusterImpl-bbacad5d-8716-42fc-a219-1a3fb896ae17/datanode-1/meta/datanode.id
2019-06-14 07:29:04,434 INFO  volume.HddsVolume (HddsVolume.java:<init>(176)) - Creating Volume: /opt/src/hadoop-ozone/integration-test/target/test-dir/MiniOzoneClusterImpl-bbacad5d-8716-42fc-a219-1a3fb896ae17/datanode-2/data/containers/hdds of  storage type : DISK and capacity : 104021790720
2019-06-14 07:29:04,434 INFO  volume.VolumeSet (VolumeSet.java:initializeVolumeSet(170)) - Added Volume : /opt/src/hadoop-ozone/integration-test/target/test-dir/MiniOzoneClusterImpl-bbacad5d-8716-42fc-a219-1a3fb896ae17/datanode-2/data/containers/hdds to VolumeSet
2019-06-14 07:29:04,435 INFO  volume.ThrottledAsyncChecker (ThrottledAsyncChecker.java:schedule(140)) - Scheduling a check for org.apache.hadoop.ozone.container.common.volume.HddsVolume@5350a926
2019-06-14 07:29:04,435 INFO  volume.HddsVolumeChecker (HddsVolumeChecker.java:checkAllVolumes(203)) - Scheduled health check for volume org.apache.hadoop.ozone.container.common.volume.HddsVolume@5350a926
2019-06-14 07:29:04,445 INFO  ratis.XceiverServerRatis (XceiverServerRatis.java:newXceiverServerRatis(401)) - Found a free port for the server : 44383
2019-06-14 07:29:04,447 INFO  impl.RaftServerProxy (ConfUtils.java:logGet(43)) - raft.rpc.type = GRPC (default)
2019-06-14 07:29:04,447 INFO  grpc.GrpcConfigKeys$Server (ConfUtils.java:logGet(43)) - raft.grpc.server.port = 44383 (custom)
2019-06-14 07:29:04,447 INFO  server.GrpcService (ConfUtils.java:logGet(43)) - raft.grpc.message.size.max = 33570816 (custom)
2019-06-14 07:29:04,447 INFO  server.RaftServerConfigKeys (ConfUtils.java:logGet(43)) - raft.server.log.appender.buffer.byte-limit = 33554432 (custom)
2019-06-14 07:29:04,448 INFO  server.GrpcService (ConfUtils.java:logGet(43)) - raft.grpc.flow.control.window = 1MB (=1048576) (default)
2019-06-14 07:29:04,448 INFO  server.RaftServerConfigKeys (ConfUtils.java:logGet(43)) - raft.server.rpc.request.timeout = 3000ms (default)
2019-06-14 07:29:04,448 INFO  server.RaftServerConfigKeys (ConfUtils.java:logGet(43)) - raft.server.storage.dir = [/opt/src/hadoop-ozone/integration-test/target/test-dir/MiniOzoneClusterImpl-bbacad5d-8716-42fc-a219-1a3fb896ae17/datanode-2/data/ratis] (custom)
2019-06-14 07:29:04,448 INFO  server.XceiverServerGrpc (XceiverServerGrpc.java:<init>(97)) - Found a free port for the server : 42627
2019-06-14 07:29:04,449 INFO  replication.SimpleContainerDownloader (SimpleContainerDownloader.java:<init>(72)) - Starting container downloader service to copy containers to replicate.
2019-06-14 07:29:04,449 INFO  hdfs.DFSUtil (DFSUtil.java:httpServerTemplateForNNAndJN(1641)) - Starting Web-server for hddsDatanode at: http://0.0.0.0:0
2019-06-14 07:29:04,450 INFO  server.AuthenticationFilter (AuthenticationFilter.java:constructSecretProvider(240)) - Unable to initialize FileSignerSecretProvider, falling back to use random secrets.
2019-06-14 07:29:04,451 WARN  http.HttpRequestLog (HttpRequestLog.java:getRequestLog(97)) - Jetty request log can only be enabled using Log4j
2019-06-14 07:29:04,452 INFO  http.HttpServer2 (HttpServer2.java:addGlobalFilter(975)) - Added global filter 'safety' (class=org.apache.hadoop.http.HttpServer2$QuotingInputFilter)
2019-06-14 07:29:04,452 INFO  http.HttpServer2 (HttpServer2.java:addFilter(948)) - Added filter static_user_filter (class=org.apache.hadoop.http.lib.StaticUserWebFilter$StaticUserFilter) to context hddsDatanode
2019-06-14 07:29:04,452 INFO  http.HttpServer2 (HttpServer2.java:addFilter(958)) - Added filter static_user_filter (class=org.apache.hadoop.http.lib.StaticUserWebFilter$StaticUserFilter) to context logs
2019-06-14 07:29:04,453 INFO  http.HttpServer2 (HttpServer2.java:addFilter(958)) - Added filter static_user_filter (class=org.apache.hadoop.http.lib.StaticUserWebFilter$StaticUserFilter) to context static
2019-06-14 07:29:04,453 INFO  http.HttpServer2 (HttpServer2.java:bindListener(1191)) - Jetty bound to port 35917
2019-06-14 07:29:04,453 INFO  server.Server (Server.java:doStart(351)) - jetty-9.3.24.v20180605, build timestamp: 2018-06-05T17:11:56Z, git hash: 84205aa28f11a4f31f2a3b86d1bba2cc8ab69827
2019-06-14 07:29:04,454 INFO  handler.ContextHandler (ContextHandler.java:doStart(781)) - Started o.e.j.s.ServletContextHandler@77eb0e47{/logs,file:///opt/src/hadoop-ozone/integration-test/target/log,AVAILABLE}
2019-06-14 07:29:04,455 INFO  handler.ContextHandler (ContextHandler.java:doStart(781)) - Started o.e.j.s.ServletContextHandler@331eb953{/static,jar:file:/root/.m2/repository/org/apache/hadoop/hadoop-hdds-container-service/0.5.0-SNAPSHOT/hadoop-hdds-container-service-0.5.0-SNAPSHOT.jar!/webapps/static,AVAILABLE}
2019-06-14 07:29:04,481 INFO  handler.ContextHandler (ContextHandler.java:doStart(781)) - Started o.e.j.w.WebAppContext@4be6531a{/,file:///tmp/jetty-0.0.0.0-35917-hddsDatanode-_-any-3383668437386489446.dir/webapp/,AVAILABLE}{/hddsDatanode}
2019-06-14 07:29:04,482 INFO  server.AbstractConnector (AbstractConnector.java:doStart(278)) - Started ServerConnector@21553c3a{HTTP/1.1,[http/1.1]}{0.0.0.0:35917}
2019-06-14 07:29:04,484 INFO  server.Server (Server.java:doStart(419)) - Started @97137ms
2019-06-14 07:29:04,485 INFO  server.BaseHttpServer (BaseHttpServer.java:updateConnectorAddress(207)) - HTTP server of HDDSDATANODE is listening at http://0.0.0.0:35917
2019-06-14 07:29:04,597 INFO  ozone.HddsDatanodeService (HddsDatanodeService.java:startPlugins(396)) - Started plug-in org.apache.hadoop.ozone.web.OzoneHddsDatanodeService@520e6089
2019-06-14 07:29:04,597 INFO  impl.MetricsSystemImpl (MetricsSystemImpl.java:init(158)) - HddsDatanode metrics system started (again)
2019-06-14 07:29:04,597 INFO  ozone.HddsDatanodeService (HddsDatanodeService.java:start(185)) - HddsDatanodeService host:ozone-tm9qp-197714850 ip:192.168.134.69
2019-06-14 07:29:04,611 INFO  volume.HddsVolume (HddsVolume.java:<init>(176)) - Creating Volume: /opt/src/hadoop-ozone/integration-test/target/test-dir/MiniOzoneClusterImpl-bbacad5d-8716-42fc-a219-1a3fb896ae17/datanode-3/data/containers/hdds of  storage type : DISK and capacity : 104021790720
2019-06-14 07:29:04,611 INFO  util.JvmPauseMonitor (JvmPauseMonitor.java:run(188)) - Starting JVM pause monitor
2019-06-14 07:29:04,611 INFO  volume.VolumeSet (VolumeSet.java:initializeVolumeSet(170)) - Added Volume : /opt/src/hadoop-ozone/integration-test/target/test-dir/MiniOzoneClusterImpl-bbacad5d-8716-42fc-a219-1a3fb896ae17/datanode-3/data/containers/hdds to VolumeSet
2019-06-14 07:29:04,611 INFO  volume.ThrottledAsyncChecker (ThrottledAsyncChecker.java:schedule(140)) - Scheduling a check for org.apache.hadoop.ozone.container.common.volume.HddsVolume@136a5572
2019-06-14 07:29:04,612 INFO  datanode.InitDatanodeState (InitDatanodeState.java:persistContainerDatanodeDetails(140)) - DatanodeDetails is persisted to /opt/src/hadoop-ozone/integration-test/target/test-dir/MiniOzoneClusterImpl-bbacad5d-8716-42fc-a219-1a3fb896ae17/datanode-2/meta/datanode.id
2019-06-14 07:29:04,612 INFO  volume.HddsVolumeChecker (HddsVolumeChecker.java:checkAllVolumes(203)) - Scheduled health check for volume org.apache.hadoop.ozone.container.common.volume.HddsVolume@136a5572
2019-06-14 07:29:04,624 INFO  ratis.XceiverServerRatis (XceiverServerRatis.java:newXceiverServerRatis(401)) - Found a free port for the server : 43427
2019-06-14 07:29:04,626 INFO  impl.RaftServerProxy (ConfUtils.java:logGet(43)) - raft.rpc.type = GRPC (default)
2019-06-14 07:29:04,626 INFO  grpc.GrpcConfigKeys$Server (ConfUtils.java:logGet(43)) - raft.grpc.server.port = 43427 (custom)
2019-06-14 07:29:04,626 INFO  server.GrpcService (ConfUtils.java:logGet(43)) - raft.grpc.message.size.max = 33570816 (custom)
2019-06-14 07:29:04,626 INFO  server.RaftServerConfigKeys (ConfUtils.java:logGet(43)) - raft.server.log.appender.buffer.byte-limit = 33554432 (custom)
2019-06-14 07:29:04,626 INFO  server.GrpcService (ConfUtils.java:logGet(43)) - raft.grpc.flow.control.window = 1MB (=1048576) (default)
2019-06-14 07:29:04,627 INFO  server.RaftServerConfigKeys (ConfUtils.java:logGet(43)) - raft.server.rpc.request.timeout = 3000ms (default)
2019-06-14 07:29:04,627 INFO  server.RaftServerConfigKeys (ConfUtils.java:logGet(43)) - raft.server.storage.dir = [/opt/src/hadoop-ozone/integration-test/target/test-dir/MiniOzoneClusterImpl-bbacad5d-8716-42fc-a219-1a3fb896ae17/datanode-3/data/ratis] (custom)
2019-06-14 07:29:04,627 INFO  server.XceiverServerGrpc (XceiverServerGrpc.java:<init>(97)) - Found a free port for the server : 40291
2019-06-14 07:29:04,627 INFO  replication.SimpleContainerDownloader (SimpleContainerDownloader.java:<init>(72)) - Starting container downloader service to copy containers to replicate.
2019-06-14 07:29:04,628 INFO  hdfs.DFSUtil (DFSUtil.java:httpServerTemplateForNNAndJN(1641)) - Starting Web-server for hddsDatanode at: http://0.0.0.0:0
2019-06-14 07:29:04,629 INFO  server.AuthenticationFilter (AuthenticationFilter.java:constructSecretProvider(240)) - Unable to initialize FileSignerSecretProvider, falling back to use random secrets.
2019-06-14 07:29:04,630 WARN  http.HttpRequestLog (HttpRequestLog.java:getRequestLog(97)) - Jetty request log can only be enabled using Log4j
2019-06-14 07:29:04,631 INFO  http.HttpServer2 (HttpServer2.java:addGlobalFilter(975)) - Added global filter 'safety' (class=org.apache.hadoop.http.HttpServer2$QuotingInputFilter)
2019-06-14 07:29:04,631 INFO  http.HttpServer2 (HttpServer2.java:addFilter(948)) - Added filter static_user_filter (class=org.apache.hadoop.http.lib.StaticUserWebFilter$StaticUserFilter) to context hddsDatanode
2019-06-14 07:29:04,632 INFO  http.HttpServer2 (HttpServer2.java:addFilter(958)) - Added filter static_user_filter (class=org.apache.hadoop.http.lib.StaticUserWebFilter$StaticUserFilter) to context logs
2019-06-14 07:29:04,632 INFO  http.HttpServer2 (HttpServer2.java:addFilter(958)) - Added filter static_user_filter (class=org.apache.hadoop.http.lib.StaticUserWebFilter$StaticUserFilter) to context static
2019-06-14 07:29:04,632 INFO  http.HttpServer2 (HttpServer2.java:bindListener(1191)) - Jetty bound to port 46567
2019-06-14 07:29:04,632 INFO  server.Server (Server.java:doStart(351)) - jetty-9.3.24.v20180605, build timestamp: 2018-06-05T17:11:56Z, git hash: 84205aa28f11a4f31f2a3b86d1bba2cc8ab69827
2019-06-14 07:29:04,635 INFO  handler.ContextHandler (ContextHandler.java:doStart(781)) - Started o.e.j.s.ServletContextHandler@5cb654e3{/logs,file:///opt/src/hadoop-ozone/integration-test/target/log,AVAILABLE}
2019-06-14 07:29:04,635 INFO  handler.ContextHandler (ContextHandler.java:doStart(781)) - Started o.e.j.s.ServletContextHandler@520034a{/static,jar:file:/root/.m2/repository/org/apache/hadoop/hadoop-hdds-container-service/0.5.0-SNAPSHOT/hadoop-hdds-container-service-0.5.0-SNAPSHOT.jar!/webapps/static,AVAILABLE}
2019-06-14 07:29:04,662 INFO  handler.ContextHandler (ContextHandler.java:doStart(781)) - Started o.e.j.w.WebAppContext@33da0fad{/,file:///tmp/jetty-0.0.0.0-46567-hddsDatanode-_-any-7032325433140931007.dir/webapp/,AVAILABLE}{/hddsDatanode}
2019-06-14 07:29:04,662 INFO  server.AbstractConnector (AbstractConnector.java:doStart(278)) - Started ServerConnector@712eb075{HTTP/1.1,[http/1.1]}{0.0.0.0:46567}
2019-06-14 07:29:04,664 INFO  server.Server (Server.java:doStart(419)) - Started @97316ms
2019-06-14 07:29:04,664 INFO  server.BaseHttpServer (BaseHttpServer.java:updateConnectorAddress(207)) - HTTP server of HDDSDATANODE is listening at http://0.0.0.0:46567
2019-06-14 07:29:04,749 INFO  ozone.HddsDatanodeService (HddsDatanodeService.java:startPlugins(396)) - Started plug-in org.apache.hadoop.ozone.web.OzoneHddsDatanodeService@20dfe8b2
2019-06-14 07:29:04,749 INFO  impl.MetricsSystemImpl (MetricsSystemImpl.java:init(158)) - HddsDatanode metrics system started (again)
2019-06-14 07:29:04,749 INFO  ozone.HddsDatanodeService (HddsDatanodeService.java:start(185)) - HddsDatanodeService host:ozone-tm9qp-197714850 ip:192.168.134.69
2019-06-14 07:29:04,757 INFO  util.JvmPauseMonitor (JvmPauseMonitor.java:run(188)) - Starting JVM pause monitor
2019-06-14 07:29:04,758 INFO  datanode.InitDatanodeState (InitDatanodeState.java:persistContainerDatanodeDetails(140)) - DatanodeDetails is persisted to /opt/src/hadoop-ozone/integration-test/target/test-dir/MiniOzoneClusterImpl-bbacad5d-8716-42fc-a219-1a3fb896ae17/datanode-3/meta/datanode.id
2019-06-14 07:29:04,766 INFO  volume.HddsVolume (HddsVolume.java:<init>(176)) - Creating Volume: /opt/src/hadoop-ozone/integration-test/target/test-dir/MiniOzoneClusterImpl-bbacad5d-8716-42fc-a219-1a3fb896ae17/datanode-4/data/containers/hdds of  storage type : DISK and capacity : 104021790720
2019-06-14 07:29:04,766 INFO  volume.VolumeSet (VolumeSet.java:initializeVolumeSet(170)) - Added Volume : /opt/src/hadoop-ozone/integration-test/target/test-dir/MiniOzoneClusterImpl-bbacad5d-8716-42fc-a219-1a3fb896ae17/datanode-4/data/containers/hdds to VolumeSet
2019-06-14 07:29:04,766 INFO  volume.ThrottledAsyncChecker (ThrottledAsyncChecker.java:schedule(140)) - Scheduling a check for org.apache.hadoop.ozone.container.common.volume.HddsVolume@3723de42
2019-06-14 07:29:04,767 INFO  volume.HddsVolumeChecker (HddsVolumeChecker.java:checkAllVolumes(203)) - Scheduled health check for volume org.apache.hadoop.ozone.container.common.volume.HddsVolume@3723de42
2019-06-14 07:29:04,779 INFO  ratis.XceiverServerRatis (XceiverServerRatis.java:newXceiverServerRatis(401)) - Found a free port for the server : 42505
2019-06-14 07:29:04,780 INFO  impl.RaftServerProxy (ConfUtils.java:logGet(43)) - raft.rpc.type = GRPC (default)
2019-06-14 07:29:04,780 INFO  grpc.GrpcConfigKeys$Server (ConfUtils.java:logGet(43)) - raft.grpc.server.port = 42505 (custom)
2019-06-14 07:29:04,780 INFO  server.GrpcService (ConfUtils.java:logGet(43)) - raft.grpc.message.size.max = 33570816 (custom)
2019-06-14 07:29:04,780 INFO  server.RaftServerConfigKeys (ConfUtils.java:logGet(43)) - raft.server.log.appender.buffer.byte-limit = 33554432 (custom)
2019-06-14 07:29:04,780 INFO  server.GrpcService (ConfUtils.java:logGet(43)) - raft.grpc.flow.control.window = 1MB (=1048576) (default)
2019-06-14 07:29:04,781 INFO  server.RaftServerConfigKeys (ConfUtils.java:logGet(43)) - raft.server.rpc.request.timeout = 3000ms (default)
2019-06-14 07:29:04,781 INFO  server.RaftServerConfigKeys (ConfUtils.java:logGet(43)) - raft.server.storage.dir = [/opt/src/hadoop-ozone/integration-test/target/test-dir/MiniOzoneClusterImpl-bbacad5d-8716-42fc-a219-1a3fb896ae17/datanode-4/data/ratis] (custom)
2019-06-14 07:29:04,781 INFO  server.XceiverServerGrpc (XceiverServerGrpc.java:<init>(97)) - Found a free port for the server : 37741
2019-06-14 07:29:04,781 INFO  replication.SimpleContainerDownloader (SimpleContainerDownloader.java:<init>(72)) - Starting container downloader service to copy containers to replicate.
2019-06-14 07:29:04,782 INFO  hdfs.DFSUtil (DFSUtil.java:httpServerTemplateForNNAndJN(1641)) - Starting Web-server for hddsDatanode at: http://0.0.0.0:0
2019-06-14 07:29:04,783 INFO  server.AuthenticationFilter (AuthenticationFilter.java:constructSecretProvider(240)) - Unable to initialize FileSignerSecretProvider, falling back to use random secrets.
2019-06-14 07:29:04,786 WARN  http.HttpRequestLog (HttpRequestLog.java:getRequestLog(97)) - Jetty request log can only be enabled using Log4j
2019-06-14 07:29:04,787 INFO  http.HttpServer2 (HttpServer2.java:addGlobalFilter(975)) - Added global filter 'safety' (class=org.apache.hadoop.http.HttpServer2$QuotingInputFilter)
2019-06-14 07:29:04,787 INFO  http.HttpServer2 (HttpServer2.java:addFilter(948)) - Added filter static_user_filter (class=org.apache.hadoop.http.lib.StaticUserWebFilter$StaticUserFilter) to context hddsDatanode
2019-06-14 07:29:04,788 INFO  http.HttpServer2 (HttpServer2.java:addFilter(958)) - Added filter static_user_filter (class=org.apache.hadoop.http.lib.StaticUserWebFilter$StaticUserFilter) to context logs
2019-06-14 07:29:04,788 INFO  http.HttpServer2 (HttpServer2.java:addFilter(958)) - Added filter static_user_filter (class=org.apache.hadoop.http.lib.StaticUserWebFilter$StaticUserFilter) to context static
2019-06-14 07:29:04,788 INFO  http.HttpServer2 (HttpServer2.java:bindListener(1191)) - Jetty bound to port 35741
2019-06-14 07:29:04,788 INFO  server.Server (Server.java:doStart(351)) - jetty-9.3.24.v20180605, build timestamp: 2018-06-05T17:11:56Z, git hash: 84205aa28f11a4f31f2a3b86d1bba2cc8ab69827
2019-06-14 07:29:04,803 INFO  handler.ContextHandler (ContextHandler.java:doStart(781)) - Started o.e.j.s.ServletContextHandler@608448e7{/logs,file:///opt/src/hadoop-ozone/integration-test/target/log,AVAILABLE}
2019-06-14 07:29:04,803 INFO  handler.ContextHandler (ContextHandler.java:doStart(781)) - Started o.e.j.s.ServletContextHandler@4faccb34{/static,jar:file:/root/.m2/repository/org/apache/hadoop/hadoop-hdds-container-service/0.5.0-SNAPSHOT/hadoop-hdds-container-service-0.5.0-SNAPSHOT.jar!/webapps/static,AVAILABLE}
2019-06-14 07:29:04,834 INFO  handler.ContextHandler (ContextHandler.java:doStart(781)) - Started o.e.j.w.WebAppContext@4a723adf{/,file:///tmp/jetty-0.0.0.0-35741-hddsDatanode-_-any-6342941452701179844.dir/webapp/,AVAILABLE}{/hddsDatanode}
2019-06-14 07:29:04,836 INFO  server.AbstractConnector (AbstractConnector.java:doStart(278)) - Started ServerConnector@66c1f31b{HTTP/1.1,[http/1.1]}{0.0.0.0:35741}
2019-06-14 07:29:04,837 INFO  server.Server (Server.java:doStart(419)) - Started @97489ms
2019-06-14 07:29:04,839 INFO  server.BaseHttpServer (BaseHttpServer.java:updateConnectorAddress(207)) - HTTP server of HDDSDATANODE is listening at http://0.0.0.0:35741
2019-06-14 07:29:04,994 INFO  ozone.HddsDatanodeService (HddsDatanodeService.java:startPlugins(396)) - Started plug-in org.apache.hadoop.ozone.web.OzoneHddsDatanodeService@16d31c48
2019-06-14 07:29:04,995 INFO  impl.MetricsSystemImpl (MetricsSystemImpl.java:init(158)) - HddsDatanode metrics system started (again)
2019-06-14 07:29:04,995 INFO  ozone.HddsDatanodeService (HddsDatanodeService.java:start(185)) - HddsDatanodeService host:ozone-tm9qp-197714850 ip:192.168.134.69
2019-06-14 07:29:05,023 INFO  util.JvmPauseMonitor (JvmPauseMonitor.java:run(188)) - Starting JVM pause monitor
2019-06-14 07:29:05,024 INFO  datanode.InitDatanodeState (InitDatanodeState.java:persistContainerDatanodeDetails(140)) - DatanodeDetails is persisted to /opt/src/hadoop-ozone/integration-test/target/test-dir/MiniOzoneClusterImpl-bbacad5d-8716-42fc-a219-1a3fb896ae17/datanode-4/meta/datanode.id
2019-06-14 07:29:05,036 INFO  volume.HddsVolume (HddsVolume.java:<init>(176)) - Creating Volume: /opt/src/hadoop-ozone/integration-test/target/test-dir/MiniOzoneClusterImpl-bbacad5d-8716-42fc-a219-1a3fb896ae17/datanode-5/data/containers/hdds of  storage type : DISK and capacity : 104021790720
2019-06-14 07:29:05,036 INFO  volume.VolumeSet (VolumeSet.java:initializeVolumeSet(170)) - Added Volume : /opt/src/hadoop-ozone/integration-test/target/test-dir/MiniOzoneClusterImpl-bbacad5d-8716-42fc-a219-1a3fb896ae17/datanode-5/data/containers/hdds to VolumeSet
2019-06-14 07:29:05,036 INFO  volume.ThrottledAsyncChecker (ThrottledAsyncChecker.java:schedule(140)) - Scheduling a check for org.apache.hadoop.ozone.container.common.volume.HddsVolume@254a9f65
2019-06-14 07:29:05,037 INFO  volume.HddsVolumeChecker (HddsVolumeChecker.java:checkAllVolumes(203)) - Scheduled health check for volume org.apache.hadoop.ozone.container.common.volume.HddsVolume@254a9f65
2019-06-14 07:29:05,051 INFO  ratis.XceiverServerRatis (XceiverServerRatis.java:newXceiverServerRatis(401)) - Found a free port for the server : 41855
2019-06-14 07:29:05,053 INFO  impl.RaftServerProxy (ConfUtils.java:logGet(43)) - raft.rpc.type = GRPC (default)
2019-06-14 07:29:05,054 INFO  grpc.GrpcConfigKeys$Server (ConfUtils.java:logGet(43)) - raft.grpc.server.port = 41855 (custom)
2019-06-14 07:29:05,054 INFO  server.GrpcService (ConfUtils.java:logGet(43)) - raft.grpc.message.size.max = 33570816 (custom)
2019-06-14 07:29:05,054 INFO  server.RaftServerConfigKeys (ConfUtils.java:logGet(43)) - raft.server.log.appender.buffer.byte-limit = 33554432 (custom)
2019-06-14 07:29:05,054 INFO  server.GrpcService (ConfUtils.java:logGet(43)) - raft.grpc.flow.control.window = 1MB (=1048576) (default)
2019-06-14 07:29:05,054 INFO  server.RaftServerConfigKeys (ConfUtils.java:logGet(43)) - raft.server.rpc.request.timeout = 3000ms (default)
2019-06-14 07:29:05,055 INFO  server.RaftServerConfigKeys (ConfUtils.java:logGet(43)) - raft.server.storage.dir = [/opt/src/hadoop-ozone/integration-test/target/test-dir/MiniOzoneClusterImpl-bbacad5d-8716-42fc-a219-1a3fb896ae17/datanode-5/data/ratis] (custom)
2019-06-14 07:29:05,055 INFO  server.XceiverServerGrpc (XceiverServerGrpc.java:<init>(97)) - Found a free port for the server : 44631
2019-06-14 07:29:05,055 INFO  replication.SimpleContainerDownloader (SimpleContainerDownloader.java:<init>(72)) - Starting container downloader service to copy containers to replicate.
2019-06-14 07:29:05,060 INFO  hdfs.DFSUtil (DFSUtil.java:httpServerTemplateForNNAndJN(1641)) - Starting Web-server for hddsDatanode at: http://0.0.0.0:0
2019-06-14 07:29:05,061 INFO  server.AuthenticationFilter (AuthenticationFilter.java:constructSecretProvider(240)) - Unable to initialize FileSignerSecretProvider, falling back to use random secrets.
2019-06-14 07:29:05,061 WARN  http.HttpRequestLog (HttpRequestLog.java:getRequestLog(97)) - Jetty request log can only be enabled using Log4j
2019-06-14 07:29:05,063 INFO  http.HttpServer2 (HttpServer2.java:addGlobalFilter(975)) - Added global filter 'safety' (class=org.apache.hadoop.http.HttpServer2$QuotingInputFilter)
2019-06-14 07:29:05,063 INFO  http.HttpServer2 (HttpServer2.java:addFilter(948)) - Added filter static_user_filter (class=org.apache.hadoop.http.lib.StaticUserWebFilter$StaticUserFilter) to context hddsDatanode
2019-06-14 07:29:05,063 INFO  http.HttpServer2 (HttpServer2.java:addFilter(958)) - Added filter static_user_filter (class=org.apache.hadoop.http.lib.StaticUserWebFilter$StaticUserFilter) to context static
2019-06-14 07:29:05,063 INFO  http.HttpServer2 (HttpServer2.java:addFilter(958)) - Added filter static_user_filter (class=org.apache.hadoop.http.lib.StaticUserWebFilter$StaticUserFilter) to context logs
2019-06-14 07:29:05,064 INFO  http.HttpServer2 (HttpServer2.java:bindListener(1191)) - Jetty bound to port 36983
2019-06-14 07:29:05,064 INFO  server.Server (Server.java:doStart(351)) - jetty-9.3.24.v20180605, build timestamp: 2018-06-05T17:11:56Z, git hash: 84205aa28f11a4f31f2a3b86d1bba2cc8ab69827
2019-06-14 07:29:05,065 INFO  handler.ContextHandler (ContextHandler.java:doStart(781)) - Started o.e.j.s.ServletContextHandler@5aef36a9{/logs,file:///opt/src/hadoop-ozone/integration-test/target/log,AVAILABLE}
2019-06-14 07:29:05,065 INFO  handler.ContextHandler (ContextHandler.java:doStart(781)) - Started o.e.j.s.ServletContextHandler@5da20b76{/static,jar:file:/root/.m2/repository/org/apache/hadoop/hadoop-hdds-container-service/0.5.0-SNAPSHOT/hadoop-hdds-container-service-0.5.0-SNAPSHOT.jar!/webapps/static,AVAILABLE}
2019-06-14 07:29:05,088 INFO  handler.ContextHandler (ContextHandler.java:doStart(781)) - Started o.e.j.w.WebAppContext@67b5da40{/,file:///tmp/jetty-0.0.0.0-36983-hddsDatanode-_-any-5718978482177048776.dir/webapp/,AVAILABLE}{/hddsDatanode}
2019-06-14 07:29:05,092 INFO  server.AbstractConnector (AbstractConnector.java:doStart(278)) - Started ServerConnector@55b62967{HTTP/1.1,[http/1.1]}{0.0.0.0:36983}
2019-06-14 07:29:05,093 INFO  server.Server (Server.java:doStart(419)) - Started @97746ms
2019-06-14 07:29:05,093 INFO  server.BaseHttpServer (BaseHttpServer.java:updateConnectorAddress(207)) - HTTP server of HDDSDATANODE is listening at http://0.0.0.0:36983
2019-06-14 07:29:05,165 INFO  ozone.HddsDatanodeService (HddsDatanodeService.java:startPlugins(396)) - Started plug-in org.apache.hadoop.ozone.web.OzoneHddsDatanodeService@5e537465
2019-06-14 07:29:05,165 INFO  ozone.MiniOzoneClusterImpl (MiniOzoneClusterImpl.java:lambda$waitForClusterToBeReady$0(142)) - Waiting for cluster to be ready. Got 0 of 6 DN Heartbeats.
2019-06-14 07:29:05,165 INFO  util.JvmPauseMonitor (JvmPauseMonitor.java:run(188)) - Starting JVM pause monitor
2019-06-14 07:29:05,166 INFO  datanode.InitDatanodeState (InitDatanodeState.java:persistContainerDatanodeDetails(140)) - DatanodeDetails is persisted to /opt/src/hadoop-ozone/integration-test/target/test-dir/MiniOzoneClusterImpl-bbacad5d-8716-42fc-a219-1a3fb896ae17/datanode-5/meta/datanode.id
2019-06-14 07:29:06,165 INFO  ozone.MiniOzoneClusterImpl (MiniOzoneClusterImpl.java:lambda$waitForClusterToBeReady$0(142)) - Waiting for cluster to be ready. Got 0 of 6 DN Heartbeats.
2019-06-14 07:29:06,301 INFO  ozoneimpl.OzoneContainer (OzoneContainer.java:start(186)) - Attempting to start container services.
2019-06-14 07:29:06,301 INFO  ozoneimpl.OzoneContainer (OzoneContainer.java:startContainerScrub(160)) - Background container scrubber has been disabled by hdds.containerscrub.enabled
2019-06-14 07:29:06,301 INFO  ratis.XceiverServerRatis (XceiverServerRatis.java:start(418)) - Starting XceiverServerRatis a726b4f5-1e21-43d9-b3b5-730cbc2032a7 at port 40397
2019-06-14 07:29:06,305 INFO  impl.RaftServerProxy (RaftServerProxy.java:lambda$start$3(299)) - a726b4f5-1e21-43d9-b3b5-730cbc2032a7: start RPC server
2019-06-14 07:29:06,305 INFO  server.GrpcService (GrpcService.java:startImpl(148)) - a726b4f5-1e21-43d9-b3b5-730cbc2032a7: GrpcService started, listening on 0.0.0.0/0.0.0.0:40397
2019-06-14 07:29:06,428 WARN  events.EventQueue (EventQueue.java:fireEvent(147)) - Processing of TypedEvent{payloadType=DatanodeDetails, name='Stale_Node'} is skipped, EventQueue is not running
2019-06-14 07:29:06,431 INFO  ozoneimpl.OzoneContainer (OzoneContainer.java:start(186)) - Attempting to start container services.
2019-06-14 07:29:06,432 INFO  ozoneimpl.OzoneContainer (OzoneContainer.java:startContainerScrub(160)) - Background container scrubber has been disabled by hdds.containerscrub.enabled
2019-06-14 07:29:06,432 INFO  ratis.XceiverServerRatis (XceiverServerRatis.java:start(418)) - Starting XceiverServerRatis ce78f6cf-40f4-46ad-98a4-4be54309b294 at port 39815
2019-06-14 07:29:06,435 INFO  impl.RaftServerProxy (RaftServerProxy.java:lambda$start$3(299)) - ce78f6cf-40f4-46ad-98a4-4be54309b294: start RPC server
2019-06-14 07:29:06,436 INFO  server.GrpcService (GrpcService.java:startImpl(148)) - ce78f6cf-40f4-46ad-98a4-4be54309b294: GrpcService started, listening on 0.0.0.0/0.0.0.0:39815
2019-06-14 07:29:06,529 WARN  events.EventQueue (EventQueue.java:fireEvent(147)) - Processing of TypedEvent{payloadType=DatanodeDetails, name='Stale_Node'} is skipped, EventQueue is not running
2019-06-14 07:29:06,529 WARN  events.EventQueue (EventQueue.java:fireEvent(147)) - Processing of TypedEvent{payloadType=DatanodeDetails, name='Stale_Node'} is skipped, EventQueue is not running
2019-06-14 07:29:06,529 WARN  events.EventQueue (EventQueue.java:fireEvent(147)) - Processing of TypedEvent{payloadType=DatanodeDetails, name='Stale_Node'} is skipped, EventQueue is not running
2019-06-14 07:29:06,616 INFO  ozoneimpl.OzoneContainer (OzoneContainer.java:start(186)) - Attempting to start container services.
2019-06-14 07:29:06,616 INFO  ozoneimpl.OzoneContainer (OzoneContainer.java:startContainerScrub(160)) - Background container scrubber has been disabled by hdds.containerscrub.enabled
2019-06-14 07:29:06,616 INFO  ratis.XceiverServerRatis (XceiverServerRatis.java:start(418)) - Starting XceiverServerRatis c07fdf2c-b795-4f69-8d68-1433255033e1 at port 44383
2019-06-14 07:29:06,620 INFO  impl.RaftServerProxy (RaftServerProxy.java:lambda$start$3(299)) - c07fdf2c-b795-4f69-8d68-1433255033e1: start RPC server
2019-06-14 07:29:06,620 INFO  server.GrpcService (GrpcService.java:startImpl(148)) - c07fdf2c-b795-4f69-8d68-1433255033e1: GrpcService started, listening on 0.0.0.0/0.0.0.0:44383
2019-06-14 07:29:06,761 INFO  ozoneimpl.OzoneContainer (OzoneContainer.java:start(186)) - Attempting to start container services.
2019-06-14 07:29:06,761 INFO  ozoneimpl.OzoneContainer (OzoneContainer.java:startContainerScrub(160)) - Background container scrubber has been disabled by hdds.containerscrub.enabled
2019-06-14 07:29:06,761 INFO  ratis.XceiverServerRatis (XceiverServerRatis.java:start(418)) - Starting XceiverServerRatis 70a47318-6868-4d3f-859e-9b55ee3e6ff5 at port 43427
2019-06-14 07:29:06,765 INFO  impl.RaftServerProxy (RaftServerProxy.java:lambda$start$3(299)) - 70a47318-6868-4d3f-859e-9b55ee3e6ff5: start RPC server
2019-06-14 07:29:06,766 INFO  server.GrpcService (GrpcService.java:startImpl(148)) - 70a47318-6868-4d3f-859e-9b55ee3e6ff5: GrpcService started, listening on 0.0.0.0/0.0.0.0:43427
2019-06-14 07:29:07,025 INFO  ozoneimpl.OzoneContainer (OzoneContainer.java:start(186)) - Attempting to start container services.
2019-06-14 07:29:07,025 INFO  ozoneimpl.OzoneContainer (OzoneContainer.java:startContainerScrub(160)) - Background container scrubber has been disabled by hdds.containerscrub.enabled
2019-06-14 07:29:07,025 INFO  ratis.XceiverServerRatis (XceiverServerRatis.java:start(418)) - Starting XceiverServerRatis 96189b95-963f-4efc-a86c-4016dd6b8fe3 at port 42505
2019-06-14 07:29:07,029 INFO  impl.RaftServerProxy (RaftServerProxy.java:lambda$start$3(299)) - 96189b95-963f-4efc-a86c-4016dd6b8fe3: start RPC server
2019-06-14 07:29:07,030 INFO  server.GrpcService (GrpcService.java:startImpl(148)) - 96189b95-963f-4efc-a86c-4016dd6b8fe3: GrpcService started, listening on 0.0.0.0/0.0.0.0:42505
2019-06-14 07:29:07,165 INFO  ozone.MiniOzoneClusterImpl (MiniOzoneClusterImpl.java:lambda$waitForClusterToBeReady$0(142)) - Waiting for cluster to be ready. Got 0 of 6 DN Heartbeats.
2019-06-14 07:29:07,169 INFO  ozoneimpl.OzoneContainer (OzoneContainer.java:start(186)) - Attempting to start container services.
2019-06-14 07:29:07,169 INFO  ozoneimpl.OzoneContainer (OzoneContainer.java:startContainerScrub(160)) - Background container scrubber has been disabled by hdds.containerscrub.enabled
2019-06-14 07:29:07,169 INFO  ratis.XceiverServerRatis (XceiverServerRatis.java:start(418)) - Starting XceiverServerRatis 250b8f12-04a4-499e-8268-705ea4970293 at port 41855
2019-06-14 07:29:07,172 INFO  impl.RaftServerProxy (RaftServerProxy.java:lambda$start$3(299)) - 250b8f12-04a4-499e-8268-705ea4970293: start RPC server
2019-06-14 07:29:07,173 INFO  server.GrpcService (GrpcService.java:startImpl(148)) - 250b8f12-04a4-499e-8268-705ea4970293: GrpcService started, listening on 0.0.0.0/0.0.0.0:41855
2019-06-14 07:29:08,166 INFO  ozone.MiniOzoneClusterImpl (MiniOzoneClusterImpl.java:lambda$waitForClusterToBeReady$0(142)) - Waiting for cluster to be ready. Got 0 of 6 DN Heartbeats.
2019-06-14 07:29:08,291 INFO  node.SCMNodeManager (SCMNodeManager.java:register(234)) - Registered Data node : a726b4f5-1e21-43d9-b3b5-730cbc2032a7{ip: 192.168.134.69, host: ozone-tm9qp-197714850, networkLocation: /default-rack, certSerialId: null}
2019-06-14 07:29:08,293 INFO  safemode.SCMSafeModeManager (DataNodeSafeModeRule.java:process(71)) - SCM in safe mode. 1 DataNodes registered, 1 required.
2019-06-14 07:29:08,299 INFO  safemode.SCMSafeModeManager (SCMSafeModeManager.java:validateSafeModeExitRules(177)) - ScmSafeModeManager, all rules are successfully validated
2019-06-14 07:29:08,299 INFO  safemode.SCMSafeModeManager (SCMSafeModeManager.java:exitSafeMode(193)) - SCM exiting safe mode.
2019-06-14 07:29:08,306 INFO  impl.RaftServerProxy (RaftServerProxy.java:addNew(89)) - a726b4f5-1e21-43d9-b3b5-730cbc2032a7: addNew group-8E8173AFF40B:[a726b4f5-1e21-43d9-b3b5-730cbc2032a7:192.168.134.69:40397] returns group-8E8173AFF40B:java.util.concurrent.CompletableFuture@a2938ae[Not completed]
2019-06-14 07:29:08,306 INFO  impl.RaftServerImpl (RaftServerImpl.java:<init>(91)) - a726b4f5-1e21-43d9-b3b5-730cbc2032a7: new RaftServerImpl for group-8E8173AFF40B:[a726b4f5-1e21-43d9-b3b5-730cbc2032a7:192.168.134.69:40397] with ContainerStateMachine:uninitialized
2019-06-14 07:29:08,306 INFO  server.RaftServerConfigKeys (ConfUtils.java:logGet(43)) - raft.server.rpc.timeout.min = 1s (custom)
2019-06-14 07:29:08,306 INFO  server.RaftServerConfigKeys (ConfUtils.java:logGet(43)) - raft.server.rpc.timeout.max = 1200ms (custom)
2019-06-14 07:29:08,306 INFO  server.RaftServerConfigKeys (ConfUtils.java:logGet(43)) - raft.server.rpcslowness.timeout = 120s (custom)
2019-06-14 07:29:08,306 INFO  server.RaftServerConfigKeys (ConfUtils.java:logGet(43)) - raft.server.log.appender.install.snapshot.enabled = true (default)
2019-06-14 07:29:08,307 INFO  impl.RaftServerImpl (ServerState.java:<init>(101)) - a726b4f5-1e21-43d9-b3b5-730cbc2032a7:group-8E8173AFF40B ConfigurationManager, init=-1: [a726b4f5-1e21-43d9-b3b5-730cbc2032a7:192.168.134.69:40397], old=null, confs=<EMPTY_MAP>
2019-06-14 07:29:08,307 INFO  server.RaftServerConfigKeys (ConfUtils.java:logGet(43)) - raft.server.storage.dir = [/opt/src/hadoop-ozone/integration-test/target/test-dir/MiniOzoneClusterImpl-bbacad5d-8716-42fc-a219-1a3fb896ae17/datanode-0/data/ratis] (custom)
2019-06-14 07:29:08,307 INFO  storage.RaftStorageDirectory (RaftStorageDirectory.java:analyzeStorage(246)) - The storage directory /opt/src/hadoop-ozone/integration-test/target/test-dir/MiniOzoneClusterImpl-bbacad5d-8716-42fc-a219-1a3fb896ae17/datanode-0/data/ratis/0ddcc1b1-f579-4e23-ab83-8e8173aff40b does not exist. Creating ...
2019-06-14 07:29:08,309 INFO  storage.RaftStorageDirectory (RaftStorageDirectory.java:tryLock(328)) - Lock on /opt/src/hadoop-ozone/integration-test/target/test-dir/MiniOzoneClusterImpl-bbacad5d-8716-42fc-a219-1a3fb896ae17/datanode-0/data/ratis/0ddcc1b1-f579-4e23-ab83-8e8173aff40b/in_use.lock acquired by nodename 14962@ozone-tm9qp-197714850
2019-06-14 07:29:08,311 INFO  storage.RaftStorage (RaftStorage.java:format(75)) - Storage directory /opt/src/hadoop-ozone/integration-test/target/test-dir/MiniOzoneClusterImpl-bbacad5d-8716-42fc-a219-1a3fb896ae17/datanode-0/data/ratis/0ddcc1b1-f579-4e23-ab83-8e8173aff40b has been successfully formatted.
2019-06-14 07:29:08,311 INFO  ratis.ContainerStateMachine (ContainerStateMachine.java:loadSnapshot(199)) - The snapshot info is null.Setting the last applied index to:(t:0, i:~)
2019-06-14 07:29:08,311 INFO  server.RaftServerConfigKeys (ConfUtils.java:logGet(43)) - raft.server.leader.election.timeout = 120s (custom)
2019-06-14 07:29:08,312 INFO  server.RaftServerConfigKeys (ConfUtils.java:logGet(43)) - raft.server.log.use.memory = false (default)
2019-06-14 07:29:08,312 INFO  server.RaftServerConfigKeys (ConfUtils.java:logGet(43)) - raft.server.log.appender.buffer.byte-limit = 33554432 (custom)
2019-06-14 07:29:08,312 INFO  server.RaftServerConfigKeys (ConfUtils.java:logGet(43)) - raft.server.log.segment.size.max = 16384 (custom)
2019-06-14 07:29:08,312 INFO  server.RaftServerConfigKeys (ConfUtils.java:logGet(43)) - raft.server.log.segment.cache.num.max = 2 (custom)
2019-06-14 07:29:08,312 INFO  storage.RaftLogWorker (RaftLogWorker.java:<init>(123)) - new a726b4f5-1e21-43d9-b3b5-730cbc2032a7-RaftLogWorker for Storage Directory /opt/src/hadoop-ozone/integration-test/target/test-dir/MiniOzoneClusterImpl-bbacad5d-8716-42fc-a219-1a3fb896ae17/datanode-0/data/ratis/0ddcc1b1-f579-4e23-ab83-8e8173aff40b
2019-06-14 07:29:08,312 INFO  server.RaftServerConfigKeys (ConfUtils.java:logGet(43)) - raft.server.log.queue.byte-limit = 2147483647 (custom)
2019-06-14 07:29:08,312 INFO  server.RaftServerConfigKeys (ConfUtils.java:logGet(43)) - raft.server.log.queue.element-limit = 1024 (custom)
2019-06-14 07:29:08,312 INFO  server.RaftServerConfigKeys (ConfUtils.java:logGet(43)) - raft.server.log.segment.size.max = 16384 (custom)
2019-06-14 07:29:08,312 INFO  server.RaftServerConfigKeys (ConfUtils.java:logGet(43)) - raft.server.log.preallocated.size = 16384 (custom)
2019-06-14 07:29:08,312 INFO  server.RaftServerConfigKeys (ConfUtils.java:logGet(43)) - raft.server.log.write.buffer.size = 33554432 (custom)
2019-06-14 07:29:08,312 INFO  server.RaftServerConfigKeys (ConfUtils.java:logGet(43)) - raft.server.log.force.sync.num = 128 (default)
2019-06-14 07:29:08,312 INFO  server.RaftServerConfigKeys (ConfUtils.java:logGet(43)) - raft.server.log.statemachine.data.sync = true (default)
2019-06-14 07:29:08,312 INFO  server.RaftServerConfigKeys (ConfUtils.java:logGet(43)) - raft.server.log.statemachine.data.sync.timeout = 10s (default)
2019-06-14 07:29:08,312 INFO  server.RaftServerConfigKeys (ConfUtils.java:logGet(43)) - raft.server.log.statemachine.data.sync.timeout.retry = -1 (default)
2019-06-14 07:29:08,312 INFO  server.RaftServerConfigKeys (ConfUtils.java:logGet(43)) - raft.server.log.statemachine.data.caching.enabled = true (custom)
2019-06-14 07:29:08,313 INFO  server.RaftServerConfigKeys (ConfUtils.java:logGet(43)) - raft.server.snapshot.auto.trigger.enabled = true (custom)
2019-06-14 07:29:08,313 INFO  server.RaftServerConfigKeys (ConfUtils.java:logGet(43)) - raft.server.snapshot.auto.trigger.threshold = 10000 (custom)
2019-06-14 07:29:08,313 INFO  server.RaftServerConfigKeys (ConfUtils.java:logGet(43)) - raft.server.retrycache.expirytime = 600000ms (custom)
2019-06-14 07:29:08,313 INFO  impl.RaftServerImpl (RaftServerImpl.java:start(173)) - a726b4f5-1e21-43d9-b3b5-730cbc2032a7: start group-8E8173AFF40B
2019-06-14 07:29:08,313 INFO  impl.RaftServerImpl (RaftServerImpl.java:setRole(164)) - a726b4f5-1e21-43d9-b3b5-730cbc2032a7:group-8E8173AFF40B changes role from null to FOLLOWER at term 0 for startAsFollower
2019-06-14 07:29:08,313 INFO  impl.RoleInfo (RoleInfo.java:updateAndGet(143)) - a726b4f5-1e21-43d9-b3b5-730cbc2032a7: start FollowerState
2019-06-14 07:29:08,313 INFO  util.JmxRegister (JmxRegister.java:tryRegister(44)) - Successfully registered JMX Bean with object name Ratis:service=RaftServer,group=group-8E8173AFF40B,id=a726b4f5-1e21-43d9-b3b5-730cbc2032a7
2019-06-14 07:29:08,319 INFO  pipeline.PipelineStateManager (PipelineStateManager.java:addPipeline(56)) - Created pipeline Pipeline[ Id: 0ddcc1b1-f579-4e23-ab83-8e8173aff40b, Nodes: a726b4f5-1e21-43d9-b3b5-730cbc2032a7{ip: 192.168.134.69, host: ozone-tm9qp-197714850, networkLocation: /default-rack, certSerialId: null}, Type:RATIS, Factor:ONE, State:OPEN]
2019-06-14 07:29:08,429 INFO  node.SCMNodeManager (SCMNodeManager.java:register(234)) - Registered Data node : ce78f6cf-40f4-46ad-98a4-4be54309b294{ip: 192.168.134.69, host: ozone-tm9qp-197714850, networkLocation: /default-rack, certSerialId: null}
2019-06-14 07:29:08,440 INFO  impl.RaftServerProxy (RaftServerProxy.java:addNew(89)) - ce78f6cf-40f4-46ad-98a4-4be54309b294: addNew group-B9F6C757A469:[ce78f6cf-40f4-46ad-98a4-4be54309b294:192.168.134.69:39815] returns group-B9F6C757A469:java.util.concurrent.CompletableFuture@24d4ae1d[Not completed]
2019-06-14 07:29:08,440 INFO  impl.RaftServerImpl (RaftServerImpl.java:<init>(91)) - ce78f6cf-40f4-46ad-98a4-4be54309b294: new RaftServerImpl for group-B9F6C757A469:[ce78f6cf-40f4-46ad-98a4-4be54309b294:192.168.134.69:39815] with ContainerStateMachine:uninitialized
2019-06-14 07:29:08,440 INFO  server.RaftServerConfigKeys (ConfUtils.java:logGet(43)) - raft.server.rpc.timeout.min = 1s (custom)
2019-06-14 07:29:08,441 INFO  server.RaftServerConfigKeys (ConfUtils.java:logGet(43)) - raft.server.rpc.timeout.max = 1200ms (custom)
2019-06-14 07:29:08,441 INFO  server.RaftServerConfigKeys (ConfUtils.java:logGet(43)) - raft.server.rpcslowness.timeout = 120s (custom)
2019-06-14 07:29:08,441 INFO  server.RaftServerConfigKeys (ConfUtils.java:logGet(43)) - raft.server.log.appender.install.snapshot.enabled = true (default)
2019-06-14 07:29:08,441 INFO  impl.RaftServerImpl (ServerState.java:<init>(101)) - ce78f6cf-40f4-46ad-98a4-4be54309b294:group-B9F6C757A469 ConfigurationManager, init=-1: [ce78f6cf-40f4-46ad-98a4-4be54309b294:192.168.134.69:39815], old=null, confs=<EMPTY_MAP>
2019-06-14 07:29:08,441 INFO  server.RaftServerConfigKeys (ConfUtils.java:logGet(43)) - raft.server.storage.dir = [/opt/src/hadoop-ozone/integration-test/target/test-dir/MiniOzoneClusterImpl-bbacad5d-8716-42fc-a219-1a3fb896ae17/datanode-1/data/ratis] (custom)
2019-06-14 07:29:08,441 INFO  storage.RaftStorageDirectory (RaftStorageDirectory.java:analyzeStorage(246)) - The storage directory /opt/src/hadoop-ozone/integration-test/target/test-dir/MiniOzoneClusterImpl-bbacad5d-8716-42fc-a219-1a3fb896ae17/datanode-1/data/ratis/2ff7f971-e179-4e2b-b34e-b9f6c757a469 does not exist. Creating ...
2019-06-14 07:29:08,443 INFO  storage.RaftStorageDirectory (RaftStorageDirectory.java:tryLock(328)) - Lock on /opt/src/hadoop-ozone/integration-test/target/test-dir/MiniOzoneClusterImpl-bbacad5d-8716-42fc-a219-1a3fb896ae17/datanode-1/data/ratis/2ff7f971-e179-4e2b-b34e-b9f6c757a469/in_use.lock acquired by nodename 14962@ozone-tm9qp-197714850
2019-06-14 07:29:08,445 INFO  storage.RaftStorage (RaftStorage.java:format(75)) - Storage directory /opt/src/hadoop-ozone/integration-test/target/test-dir/MiniOzoneClusterImpl-bbacad5d-8716-42fc-a219-1a3fb896ae17/datanode-1/data/ratis/2ff7f971-e179-4e2b-b34e-b9f6c757a469 has been successfully formatted.
2019-06-14 07:29:08,445 INFO  ratis.ContainerStateMachine (ContainerStateMachine.java:loadSnapshot(199)) - The snapshot info is null.Setting the last applied index to:(t:0, i:~)
2019-06-14 07:29:08,445 INFO  server.RaftServerConfigKeys (ConfUtils.java:logGet(43)) - raft.server.leader.election.timeout = 120s (custom)
2019-06-14 07:29:08,446 INFO  server.RaftServerConfigKeys (ConfUtils.java:logGet(43)) - raft.server.log.use.memory = false (default)
2019-06-14 07:29:08,449 INFO  server.RaftServerConfigKeys (ConfUtils.java:logGet(43)) - raft.server.log.appender.buffer.byte-limit = 33554432 (custom)
2019-06-14 07:29:08,449 INFO  server.RaftServerConfigKeys (ConfUtils.java:logGet(43)) - raft.server.log.segment.size.max = 16384 (custom)
2019-06-14 07:29:08,449 INFO  server.RaftServerConfigKeys (ConfUtils.java:logGet(43)) - raft.server.log.segment.cache.num.max = 2 (custom)
2019-06-14 07:29:08,449 INFO  storage.RaftLogWorker (RaftLogWorker.java:<init>(123)) - new ce78f6cf-40f4-46ad-98a4-4be54309b294-RaftLogWorker for Storage Directory /opt/src/hadoop-ozone/integration-test/target/test-dir/MiniOzoneClusterImpl-bbacad5d-8716-42fc-a219-1a3fb896ae17/datanode-1/data/ratis/2ff7f971-e179-4e2b-b34e-b9f6c757a469
2019-06-14 07:29:08,449 INFO  server.RaftServerConfigKeys (ConfUtils.java:logGet(43)) - raft.server.log.queue.byte-limit = 2147483647 (custom)
2019-06-14 07:29:08,449 INFO  server.RaftServerConfigKeys (ConfUtils.java:logGet(43)) - raft.server.log.queue.element-limit = 1024 (custom)
2019-06-14 07:29:08,450 INFO  server.RaftServerConfigKeys (ConfUtils.java:logGet(43)) - raft.server.log.segment.size.max = 16384 (custom)
2019-06-14 07:29:08,450 INFO  server.RaftServerConfigKeys (ConfUtils.java:logGet(43)) - raft.server.log.preallocated.size = 16384 (custom)
2019-06-14 07:29:08,450 INFO  server.RaftServerConfigKeys (ConfUtils.java:logGet(43)) - raft.server.log.write.buffer.size = 33554432 (custom)
2019-06-14 07:29:08,450 INFO  server.RaftServerConfigKeys (ConfUtils.java:logGet(43)) - raft.server.log.force.sync.num = 128 (default)
2019-06-14 07:29:08,450 INFO  server.RaftServerConfigKeys (ConfUtils.java:logGet(43)) - raft.server.log.statemachine.data.sync = true (default)
2019-06-14 07:29:08,450 INFO  server.RaftServerConfigKeys (ConfUtils.java:logGet(43)) - raft.server.log.statemachine.data.sync.timeout = 10s (default)
2019-06-14 07:29:08,450 INFO  server.RaftServerConfigKeys (ConfUtils.java:logGet(43)) - raft.server.log.statemachine.data.sync.timeout.retry = -1 (default)
2019-06-14 07:29:08,450 INFO  server.RaftServerConfigKeys (ConfUtils.java:logGet(43)) - raft.server.log.statemachine.data.caching.enabled = true (custom)
2019-06-14 07:29:08,451 INFO  server.RaftServerConfigKeys (ConfUtils.java:logGet(43)) - raft.server.snapshot.auto.trigger.enabled = true (custom)
2019-06-14 07:29:08,451 INFO  server.RaftServerConfigKeys (ConfUtils.java:logGet(43)) - raft.server.snapshot.auto.trigger.threshold = 10000 (custom)
2019-06-14 07:29:08,451 INFO  server.RaftServerConfigKeys (ConfUtils.java:logGet(43)) - raft.server.retrycache.expirytime = 600000ms (custom)
2019-06-14 07:29:08,451 INFO  impl.RaftServerImpl (RaftServerImpl.java:start(173)) - ce78f6cf-40f4-46ad-98a4-4be54309b294: start group-B9F6C757A469
2019-06-14 07:29:08,451 INFO  impl.RaftServerImpl (RaftServerImpl.java:setRole(164)) - ce78f6cf-40f4-46ad-98a4-4be54309b294:group-B9F6C757A469 changes role from null to FOLLOWER at term 0 for startAsFollower
2019-06-14 07:29:08,451 INFO  impl.RoleInfo (RoleInfo.java:updateAndGet(143)) - ce78f6cf-40f4-46ad-98a4-4be54309b294: start FollowerState
2019-06-14 07:29:08,451 INFO  util.JmxRegister (JmxRegister.java:tryRegister(44)) - Successfully registered JMX Bean with object name Ratis:service=RaftServer,group=group-B9F6C757A469,id=ce78f6cf-40f4-46ad-98a4-4be54309b294
2019-06-14 07:29:08,459 INFO  pipeline.PipelineStateManager (PipelineStateManager.java:addPipeline(56)) - Created pipeline Pipeline[ Id: 2ff7f971-e179-4e2b-b34e-b9f6c757a469, Nodes: ce78f6cf-40f4-46ad-98a4-4be54309b294{ip: 192.168.134.69, host: ozone-tm9qp-197714850, networkLocation: /default-rack, certSerialId: null}, Type:RATIS, Factor:ONE, State:OPEN]
2019-06-14 07:29:08,612 INFO  node.SCMNodeManager (SCMNodeManager.java:register(234)) - Registered Data node : c07fdf2c-b795-4f69-8d68-1433255033e1{ip: 192.168.134.69, host: ozone-tm9qp-197714850, networkLocation: /default-rack, certSerialId: null}
2019-06-14 07:29:08,617 INFO  impl.RaftServerProxy (RaftServerProxy.java:addNew(89)) - c07fdf2c-b795-4f69-8d68-1433255033e1: addNew group-C9C74179486B:[c07fdf2c-b795-4f69-8d68-1433255033e1:192.168.134.69:44383] returns group-C9C74179486B:java.util.concurrent.CompletableFuture@3b11556d[Not completed]
2019-06-14 07:29:08,617 INFO  impl.RaftServerImpl (RaftServerImpl.java:<init>(91)) - c07fdf2c-b795-4f69-8d68-1433255033e1: new RaftServerImpl for group-C9C74179486B:[c07fdf2c-b795-4f69-8d68-1433255033e1:192.168.134.69:44383] with ContainerStateMachine:uninitialized
2019-06-14 07:29:08,617 INFO  server.RaftServerConfigKeys (ConfUtils.java:logGet(43)) - raft.server.rpc.timeout.min = 1s (custom)
2019-06-14 07:29:08,617 INFO  server.RaftServerConfigKeys (ConfUtils.java:logGet(43)) - raft.server.rpc.timeout.max = 1200ms (custom)
2019-06-14 07:29:08,617 INFO  server.RaftServerConfigKeys (ConfUtils.java:logGet(43)) - raft.server.rpcslowness.timeout = 120s (custom)
2019-06-14 07:29:08,617 INFO  server.RaftServerConfigKeys (ConfUtils.java:logGet(43)) - raft.server.log.appender.install.snapshot.enabled = true (default)
2019-06-14 07:29:08,617 INFO  impl.RaftServerImpl (ServerState.java:<init>(101)) - c07fdf2c-b795-4f69-8d68-1433255033e1:group-C9C74179486B ConfigurationManager, init=-1: [c07fdf2c-b795-4f69-8d68-1433255033e1:192.168.134.69:44383], old=null, confs=<EMPTY_MAP>
2019-06-14 07:29:08,618 INFO  server.RaftServerConfigKeys (ConfUtils.java:logGet(43)) - raft.server.storage.dir = [/opt/src/hadoop-ozone/integration-test/target/test-dir/MiniOzoneClusterImpl-bbacad5d-8716-42fc-a219-1a3fb896ae17/datanode-2/data/ratis] (custom)
2019-06-14 07:29:08,618 INFO  storage.RaftStorageDirectory (RaftStorageDirectory.java:analyzeStorage(246)) - The storage directory /opt/src/hadoop-ozone/integration-test/target/test-dir/MiniOzoneClusterImpl-bbacad5d-8716-42fc-a219-1a3fb896ae17/datanode-2/data/ratis/96b64d75-744d-42ed-98dd-c9c74179486b does not exist. Creating ...
2019-06-14 07:29:08,620 INFO  storage.RaftStorageDirectory (RaftStorageDirectory.java:tryLock(328)) - Lock on /opt/src/hadoop-ozone/integration-test/target/test-dir/MiniOzoneClusterImpl-bbacad5d-8716-42fc-a219-1a3fb896ae17/datanode-2/data/ratis/96b64d75-744d-42ed-98dd-c9c74179486b/in_use.lock acquired by nodename 14962@ozone-tm9qp-197714850
2019-06-14 07:29:08,622 INFO  storage.RaftStorage (RaftStorage.java:format(75)) - Storage directory /opt/src/hadoop-ozone/integration-test/target/test-dir/MiniOzoneClusterImpl-bbacad5d-8716-42fc-a219-1a3fb896ae17/datanode-2/data/ratis/96b64d75-744d-42ed-98dd-c9c74179486b has been successfully formatted.
2019-06-14 07:29:08,622 INFO  ratis.ContainerStateMachine (ContainerStateMachine.java:loadSnapshot(199)) - The snapshot info is null.Setting the last applied index to:(t:0, i:~)
2019-06-14 07:29:08,622 INFO  server.RaftServerConfigKeys (ConfUtils.java:logGet(43)) - raft.server.leader.election.timeout = 120s (custom)
2019-06-14 07:29:08,622 INFO  server.RaftServerConfigKeys (ConfUtils.java:logGet(43)) - raft.server.log.use.memory = false (default)
2019-06-14 07:29:08,623 INFO  server.RaftServerConfigKeys (ConfUtils.java:logGet(43)) - raft.server.log.appender.buffer.byte-limit = 33554432 (custom)
2019-06-14 07:29:08,623 INFO  server.RaftServerConfigKeys (ConfUtils.java:logGet(43)) - raft.server.log.segment.size.max = 16384 (custom)
2019-06-14 07:29:08,623 INFO  server.RaftServerConfigKeys (ConfUtils.java:logGet(43)) - raft.server.log.segment.cache.num.max = 2 (custom)
2019-06-14 07:29:08,623 INFO  storage.RaftLogWorker (RaftLogWorker.java:<init>(123)) - new c07fdf2c-b795-4f69-8d68-1433255033e1-RaftLogWorker for Storage Directory /opt/src/hadoop-ozone/integration-test/target/test-dir/MiniOzoneClusterImpl-bbacad5d-8716-42fc-a219-1a3fb896ae17/datanode-2/data/ratis/96b64d75-744d-42ed-98dd-c9c74179486b
2019-06-14 07:29:08,623 INFO  server.RaftServerConfigKeys (ConfUtils.java:logGet(43)) - raft.server.log.queue.byte-limit = 2147483647 (custom)
2019-06-14 07:29:08,623 INFO  server.RaftServerConfigKeys (ConfUtils.java:logGet(43)) - raft.server.log.queue.element-limit = 1024 (custom)
2019-06-14 07:29:08,623 INFO  server.RaftServerConfigKeys (ConfUtils.java:logGet(43)) - raft.server.log.segment.size.max = 16384 (custom)
2019-06-14 07:29:08,623 INFO  server.RaftServerConfigKeys (ConfUtils.java:logGet(43)) - raft.server.log.preallocated.size = 16384 (custom)
2019-06-14 07:29:08,623 INFO  server.RaftServerConfigKeys (ConfUtils.java:logGet(43)) - raft.server.log.write.buffer.size = 33554432 (custom)
2019-06-14 07:29:08,623 INFO  server.RaftServerConfigKeys (ConfUtils.java:logGet(43)) - raft.server.log.force.sync.num = 128 (default)
2019-06-14 07:29:08,623 INFO  server.RaftServerConfigKeys (ConfUtils.java:logGet(43)) - raft.server.log.statemachine.data.sync = true (default)
2019-06-14 07:29:08,623 INFO  server.RaftServerConfigKeys (ConfUtils.java:logGet(43)) - raft.server.log.statemachine.data.sync.timeout = 10s (default)
2019-06-14 07:29:08,623 INFO  server.RaftServerConfigKeys (ConfUtils.java:logGet(43)) - raft.server.log.statemachine.data.sync.timeout.retry = -1 (default)
2019-06-14 07:29:08,623 INFO  server.RaftServerConfigKeys (ConfUtils.java:logGet(43)) - raft.server.log.statemachine.data.caching.enabled = true (custom)
2019-06-14 07:29:08,624 INFO  server.RaftServerConfigKeys (ConfUtils.java:logGet(43)) - raft.server.snapshot.auto.trigger.enabled = true (custom)
2019-06-14 07:29:08,624 INFO  server.RaftServerConfigKeys (ConfUtils.java:logGet(43)) - raft.server.snapshot.auto.trigger.threshold = 10000 (custom)
2019-06-14 07:29:08,624 INFO  server.RaftServerConfigKeys (ConfUtils.java:logGet(43)) - raft.server.retrycache.expirytime = 600000ms (custom)
2019-06-14 07:29:08,624 INFO  impl.RaftServerImpl (RaftServerImpl.java:start(173)) - c07fdf2c-b795-4f69-8d68-1433255033e1: start group-C9C74179486B
2019-06-14 07:29:08,624 INFO  impl.RaftServerImpl (RaftServerImpl.java:setRole(164)) - c07fdf2c-b795-4f69-8d68-1433255033e1:group-C9C74179486B changes role from null to FOLLOWER at term 0 for startAsFollower
2019-06-14 07:29:08,624 INFO  impl.RoleInfo (RoleInfo.java:updateAndGet(143)) - c07fdf2c-b795-4f69-8d68-1433255033e1: start FollowerState
2019-06-14 07:29:08,624 INFO  util.JmxRegister (JmxRegister.java:tryRegister(44)) - Successfully registered JMX Bean with object name Ratis:service=RaftServer,group=group-C9C74179486B,id=c07fdf2c-b795-4f69-8d68-1433255033e1
2019-06-14 07:29:08,625 INFO  pipeline.PipelineStateManager (PipelineStateManager.java:addPipeline(56)) - Created pipeline Pipeline[ Id: 96b64d75-744d-42ed-98dd-c9c74179486b, Nodes: c07fdf2c-b795-4f69-8d68-1433255033e1{ip: 192.168.134.69, host: ozone-tm9qp-197714850, networkLocation: /default-rack, certSerialId: null}, Type:RATIS, Factor:ONE, State:OPEN]
2019-06-14 07:29:08,632 INFO  impl.RaftServerProxy (RaftServerProxy.java:addNew(89)) - a726b4f5-1e21-43d9-b3b5-730cbc2032a7: addNew group-A80EFF5D1E53:[a726b4f5-1e21-43d9-b3b5-730cbc2032a7:192.168.134.69:40397, ce78f6cf-40f4-46ad-98a4-4be54309b294:192.168.134.69:39815, c07fdf2c-b795-4f69-8d68-1433255033e1:192.168.134.69:44383] returns group-A80EFF5D1E53:java.util.concurrent.CompletableFuture@6db6865a[Not completed]
2019-06-14 07:29:08,633 INFO  impl.RaftServerImpl (RaftServerImpl.java:<init>(91)) - a726b4f5-1e21-43d9-b3b5-730cbc2032a7: new RaftServerImpl for group-A80EFF5D1E53:[a726b4f5-1e21-43d9-b3b5-730cbc2032a7:192.168.134.69:40397, ce78f6cf-40f4-46ad-98a4-4be54309b294:192.168.134.69:39815, c07fdf2c-b795-4f69-8d68-1433255033e1:192.168.134.69:44383] with ContainerStateMachine:uninitialized
2019-06-14 07:29:08,633 INFO  server.RaftServerConfigKeys (ConfUtils.java:logGet(43)) - raft.server.rpc.timeout.min = 1s (custom)
2019-06-14 07:29:08,633 INFO  server.RaftServerConfigKeys (ConfUtils.java:logGet(43)) - raft.server.rpc.timeout.max = 1200ms (custom)
2019-06-14 07:29:08,633 INFO  server.RaftServerConfigKeys (ConfUtils.java:logGet(43)) - raft.server.rpcslowness.timeout = 120s (custom)
2019-06-14 07:29:08,633 INFO  server.RaftServerConfigKeys (ConfUtils.java:logGet(43)) - raft.server.log.appender.install.snapshot.enabled = true (default)
2019-06-14 07:29:08,633 INFO  impl.RaftServerImpl (ServerState.java:<init>(101)) - a726b4f5-1e21-43d9-b3b5-730cbc2032a7:group-A80EFF5D1E53 ConfigurationManager, init=-1: [a726b4f5-1e21-43d9-b3b5-730cbc2032a7:192.168.134.69:40397, ce78f6cf-40f4-46ad-98a4-4be54309b294:192.168.134.69:39815, c07fdf2c-b795-4f69-8d68-1433255033e1:192.168.134.69:44383], old=null, confs=<EMPTY_MAP>
2019-06-14 07:29:08,633 INFO  server.RaftServerConfigKeys (ConfUtils.java:logGet(43)) - raft.server.storage.dir = [/opt/src/hadoop-ozone/integration-test/target/test-dir/MiniOzoneClusterImpl-bbacad5d-8716-42fc-a219-1a3fb896ae17/datanode-0/data/ratis] (custom)
2019-06-14 07:29:08,633 INFO  storage.RaftStorageDirectory (RaftStorageDirectory.java:analyzeStorage(246)) - The storage directory /opt/src/hadoop-ozone/integration-test/target/test-dir/MiniOzoneClusterImpl-bbacad5d-8716-42fc-a219-1a3fb896ae17/datanode-0/data/ratis/b5f71da7-4810-4545-b6d4-a80eff5d1e53 does not exist. Creating ...
2019-06-14 07:29:08,634 INFO  impl.RaftServerProxy (RaftServerProxy.java:addNew(89)) - c07fdf2c-b795-4f69-8d68-1433255033e1: addNew group-A80EFF5D1E53:[a726b4f5-1e21-43d9-b3b5-730cbc2032a7:192.168.134.69:40397, ce78f6cf-40f4-46ad-98a4-4be54309b294:192.168.134.69:39815, c07fdf2c-b795-4f69-8d68-1433255033e1:192.168.134.69:44383] returns group-A80EFF5D1E53:java.util.concurrent.CompletableFuture@257c286b[Not completed]
2019-06-14 07:29:08,634 INFO  impl.RaftServerProxy (RaftServerProxy.java:addNew(89)) - ce78f6cf-40f4-46ad-98a4-4be54309b294: addNew group-A80EFF5D1E53:[a726b4f5-1e21-43d9-b3b5-730cbc2032a7:192.168.134.69:40397, ce78f6cf-40f4-46ad-98a4-4be54309b294:192.168.134.69:39815, c07fdf2c-b795-4f69-8d68-1433255033e1:192.168.134.69:44383] returns group-A80EFF5D1E53:java.util.concurrent.CompletableFuture@650acf86[Not completed]
2019-06-14 07:29:08,635 INFO  impl.RaftServerImpl (RaftServerImpl.java:<init>(91)) - c07fdf2c-b795-4f69-8d68-1433255033e1: new RaftServerImpl for group-A80EFF5D1E53:[a726b4f5-1e21-43d9-b3b5-730cbc2032a7:192.168.134.69:40397, ce78f6cf-40f4-46ad-98a4-4be54309b294:192.168.134.69:39815, c07fdf2c-b795-4f69-8d68-1433255033e1:192.168.134.69:44383] with ContainerStateMachine:uninitialized
2019-06-14 07:29:08,635 INFO  server.RaftServerConfigKeys (ConfUtils.java:logGet(43)) - raft.server.rpc.timeout.min = 1s (custom)
2019-06-14 07:29:08,635 INFO  server.RaftServerConfigKeys (ConfUtils.java:logGet(43)) - raft.server.rpc.timeout.max = 1200ms (custom)
2019-06-14 07:29:08,635 INFO  server.RaftServerConfigKeys (ConfUtils.java:logGet(43)) - raft.server.rpcslowness.timeout = 120s (custom)
2019-06-14 07:29:08,635 INFO  server.RaftServerConfigKeys (ConfUtils.java:logGet(43)) - raft.server.log.appender.install.snapshot.enabled = true (default)
2019-06-14 07:29:08,635 INFO  impl.RaftServerImpl (ServerState.java:<init>(101)) - c07fdf2c-b795-4f69-8d68-1433255033e1:group-A80EFF5D1E53 ConfigurationManager, init=-1: [a726b4f5-1e21-43d9-b3b5-730cbc2032a7:192.168.134.69:40397, ce78f6cf-40f4-46ad-98a4-4be54309b294:192.168.134.69:39815, c07fdf2c-b795-4f69-8d68-1433255033e1:192.168.134.69:44383], old=null, confs=<EMPTY_MAP>
2019-06-14 07:29:08,635 INFO  server.RaftServerConfigKeys (ConfUtils.java:logGet(43)) - raft.server.storage.dir = [/opt/src/hadoop-ozone/integration-test/target/test-dir/MiniOzoneClusterImpl-bbacad5d-8716-42fc-a219-1a3fb896ae17/datanode-2/data/ratis] (custom)
2019-06-14 07:29:08,635 INFO  storage.RaftStorageDirectory (RaftStorageDirectory.java:analyzeStorage(246)) - The storage directory /opt/src/hadoop-ozone/integration-test/target/test-dir/MiniOzoneClusterImpl-bbacad5d-8716-42fc-a219-1a3fb896ae17/datanode-2/data/ratis/b5f71da7-4810-4545-b6d4-a80eff5d1e53 does not exist. Creating ...
2019-06-14 07:29:08,636 INFO  storage.RaftStorageDirectory (RaftStorageDirectory.java:tryLock(328)) - Lock on /opt/src/hadoop-ozone/integration-test/target/test-dir/MiniOzoneClusterImpl-bbacad5d-8716-42fc-a219-1a3fb896ae17/datanode-0/data/ratis/b5f71da7-4810-4545-b6d4-a80eff5d1e53/in_use.lock acquired by nodename 14962@ozone-tm9qp-197714850
2019-06-14 07:29:08,636 INFO  impl.RaftServerImpl (RaftServerImpl.java:<init>(91)) - ce78f6cf-40f4-46ad-98a4-4be54309b294: new RaftServerImpl for group-A80EFF5D1E53:[a726b4f5-1e21-43d9-b3b5-730cbc2032a7:192.168.134.69:40397, ce78f6cf-40f4-46ad-98a4-4be54309b294:192.168.134.69:39815, c07fdf2c-b795-4f69-8d68-1433255033e1:192.168.134.69:44383] with ContainerStateMachine:uninitialized
2019-06-14 07:29:08,636 INFO  server.RaftServerConfigKeys (ConfUtils.java:logGet(43)) - raft.server.rpc.timeout.min = 1s (custom)
2019-06-14 07:29:08,636 INFO  server.RaftServerConfigKeys (ConfUtils.java:logGet(43)) - raft.server.rpc.timeout.max = 1200ms (custom)
2019-06-14 07:29:08,636 INFO  server.RaftServerConfigKeys (ConfUtils.java:logGet(43)) - raft.server.rpcslowness.timeout = 120s (custom)
2019-06-14 07:29:08,636 INFO  server.RaftServerConfigKeys (ConfUtils.java:logGet(43)) - raft.server.log.appender.install.snapshot.enabled = true (default)
2019-06-14 07:29:08,636 INFO  impl.RaftServerImpl (ServerState.java:<init>(101)) - ce78f6cf-40f4-46ad-98a4-4be54309b294:group-A80EFF5D1E53 ConfigurationManager, init=-1: [a726b4f5-1e21-43d9-b3b5-730cbc2032a7:192.168.134.69:40397, ce78f6cf-40f4-46ad-98a4-4be54309b294:192.168.134.69:39815, c07fdf2c-b795-4f69-8d68-1433255033e1:192.168.134.69:44383], old=null, confs=<EMPTY_MAP>
2019-06-14 07:29:08,636 INFO  server.RaftServerConfigKeys (ConfUtils.java:logGet(43)) - raft.server.storage.dir = [/opt/src/hadoop-ozone/integration-test/target/test-dir/MiniOzoneClusterImpl-bbacad5d-8716-42fc-a219-1a3fb896ae17/datanode-1/data/ratis] (custom)
2019-06-14 07:29:08,637 INFO  storage.RaftStorageDirectory (RaftStorageDirectory.java:analyzeStorage(246)) - The storage directory /opt/src/hadoop-ozone/integration-test/target/test-dir/MiniOzoneClusterImpl-bbacad5d-8716-42fc-a219-1a3fb896ae17/datanode-1/data/ratis/b5f71da7-4810-4545-b6d4-a80eff5d1e53 does not exist. Creating ...
2019-06-14 07:29:08,638 INFO  storage.RaftStorageDirectory (RaftStorageDirectory.java:tryLock(328)) - Lock on /opt/src/hadoop-ozone/integration-test/target/test-dir/MiniOzoneClusterImpl-bbacad5d-8716-42fc-a219-1a3fb896ae17/datanode-2/data/ratis/b5f71da7-4810-4545-b6d4-a80eff5d1e53/in_use.lock acquired by nodename 14962@ozone-tm9qp-197714850
2019-06-14 07:29:08,639 INFO  storage.RaftStorageDirectory (RaftStorageDirectory.java:tryLock(328)) - Lock on /opt/src/hadoop-ozone/integration-test/target/test-dir/MiniOzoneClusterImpl-bbacad5d-8716-42fc-a219-1a3fb896ae17/datanode-1/data/ratis/b5f71da7-4810-4545-b6d4-a80eff5d1e53/in_use.lock acquired by nodename 14962@ozone-tm9qp-197714850
2019-06-14 07:29:08,641 INFO  storage.RaftStorage (RaftStorage.java:format(75)) - Storage directory /opt/src/hadoop-ozone/integration-test/target/test-dir/MiniOzoneClusterImpl-bbacad5d-8716-42fc-a219-1a3fb896ae17/datanode-0/data/ratis/b5f71da7-4810-4545-b6d4-a80eff5d1e53 has been successfully formatted.
2019-06-14 07:29:08,641 INFO  storage.RaftStorage (RaftStorage.java:format(75)) - Storage directory /opt/src/hadoop-ozone/integration-test/target/test-dir/MiniOzoneClusterImpl-bbacad5d-8716-42fc-a219-1a3fb896ae17/datanode-2/data/ratis/b5f71da7-4810-4545-b6d4-a80eff5d1e53 has been successfully formatted.
2019-06-14 07:29:08,641 INFO  ratis.ContainerStateMachine (ContainerStateMachine.java:loadSnapshot(199)) - The snapshot info is null.Setting the last applied index to:(t:0, i:~)
2019-06-14 07:29:08,641 INFO  ratis.ContainerStateMachine (ContainerStateMachine.java:loadSnapshot(199)) - The snapshot info is null.Setting the last applied index to:(t:0, i:~)
2019-06-14 07:29:08,642 INFO  server.RaftServerConfigKeys (ConfUtils.java:logGet(43)) - raft.server.leader.election.timeout = 120s (custom)
2019-06-14 07:29:08,642 INFO  server.RaftServerConfigKeys (ConfUtils.java:logGet(43)) - raft.server.log.use.memory = false (default)
2019-06-14 07:29:08,641 INFO  server.RaftServerConfigKeys (ConfUtils.java:logGet(43)) - raft.server.leader.election.timeout = 120s (custom)
2019-06-14 07:29:08,642 INFO  server.RaftServerConfigKeys (ConfUtils.java:logGet(43)) - raft.server.log.appender.buffer.byte-limit = 33554432 (custom)
2019-06-14 07:29:08,642 INFO  storage.RaftStorage (RaftStorage.java:format(75)) - Storage directory /opt/src/hadoop-ozone/integration-test/target/test-dir/MiniOzoneClusterImpl-bbacad5d-8716-42fc-a219-1a3fb896ae17/datanode-1/data/ratis/b5f71da7-4810-4545-b6d4-a80eff5d1e53 has been successfully formatted.
2019-06-14 07:29:08,642 INFO  server.RaftServerConfigKeys (ConfUtils.java:logGet(43)) - raft.server.log.segment.size.max = 16384 (custom)
2019-06-14 07:29:08,642 INFO  server.RaftServerConfigKeys (ConfUtils.java:logGet(43)) - raft.server.log.use.memory = false (default)
2019-06-14 07:29:08,642 INFO  server.RaftServerConfigKeys (ConfUtils.java:logGet(43)) - raft.server.log.segment.cache.num.max = 2 (custom)
2019-06-14 07:29:08,642 INFO  ratis.ContainerStateMachine (ContainerStateMachine.java:loadSnapshot(199)) - The snapshot info is null.Setting the last applied index to:(t:0, i:~)
2019-06-14 07:29:08,642 INFO  storage.RaftLogWorker (RaftLogWorker.java:<init>(123)) - new c07fdf2c-b795-4f69-8d68-1433255033e1-RaftLogWorker for Storage Directory /opt/src/hadoop-ozone/integration-test/target/test-dir/MiniOzoneClusterImpl-bbacad5d-8716-42fc-a219-1a3fb896ae17/datanode-2/data/ratis/b5f71da7-4810-4545-b6d4-a80eff5d1e53
2019-06-14 07:29:08,642 INFO  server.RaftServerConfigKeys (ConfUtils.java:logGet(43)) - raft.server.log.appender.buffer.byte-limit = 33554432 (custom)
2019-06-14 07:29:08,642 INFO  server.RaftServerConfigKeys (ConfUtils.java:logGet(43)) - raft.server.log.queue.byte-limit = 2147483647 (custom)
2019-06-14 07:29:08,642 INFO  server.RaftServerConfigKeys (ConfUtils.java:logGet(43)) - raft.server.leader.election.timeout = 120s (custom)
2019-06-14 07:29:08,642 INFO  server.RaftServerConfigKeys (ConfUtils.java:logGet(43)) - raft.server.log.queue.element-limit = 1024 (custom)
2019-06-14 07:29:08,642 INFO  server.RaftServerConfigKeys (ConfUtils.java:logGet(43)) - raft.server.log.segment.size.max = 16384 (custom)
2019-06-14 07:29:08,643 INFO  server.RaftServerConfigKeys (ConfUtils.java:logGet(43)) - raft.server.log.segment.size.max = 16384 (custom)
2019-06-14 07:29:08,643 INFO  server.RaftServerConfigKeys (ConfUtils.java:logGet(43)) - raft.server.log.use.memory = false (default)
2019-06-14 07:29:08,643 INFO  server.RaftServerConfigKeys (ConfUtils.java:logGet(43)) - raft.server.log.preallocated.size = 16384 (custom)
2019-06-14 07:29:08,643 INFO  server.RaftServerConfigKeys (ConfUtils.java:logGet(43)) - raft.server.log.segment.cache.num.max = 2 (custom)
2019-06-14 07:29:08,643 INFO  server.RaftServerConfigKeys (ConfUtils.java:logGet(43)) - raft.server.log.write.buffer.size = 33554432 (custom)
2019-06-14 07:29:08,643 INFO  server.RaftServerConfigKeys (ConfUtils.java:logGet(43)) - raft.server.log.appender.buffer.byte-limit = 33554432 (custom)
2019-06-14 07:29:08,643 INFO  server.RaftServerConfigKeys (ConfUtils.java:logGet(43)) - raft.server.log.force.sync.num = 128 (default)
2019-06-14 07:29:08,643 INFO  storage.RaftLogWorker (RaftLogWorker.java:<init>(123)) - new a726b4f5-1e21-43d9-b3b5-730cbc2032a7-RaftLogWorker for Storage Directory /opt/src/hadoop-ozone/integration-test/target/test-dir/MiniOzoneClusterImpl-bbacad5d-8716-42fc-a219-1a3fb896ae17/datanode-0/data/ratis/b5f71da7-4810-4545-b6d4-a80eff5d1e53
2019-06-14 07:29:08,643 INFO  server.RaftServerConfigKeys (ConfUtils.java:logGet(43)) - raft.server.log.statemachine.data.sync = true (default)
2019-06-14 07:29:08,643 INFO  server.RaftServerConfigKeys (ConfUtils.java:logGet(43)) - raft.server.log.segment.size.max = 16384 (custom)
2019-06-14 07:29:08,643 INFO  server.RaftServerConfigKeys (ConfUtils.java:logGet(43)) - raft.server.log.statemachine.data.sync.timeout = 10s (default)
2019-06-14 07:29:08,643 INFO  server.RaftServerConfigKeys (ConfUtils.java:logGet(43)) - raft.server.log.queue.byte-limit = 2147483647 (custom)
2019-06-14 07:29:08,643 INFO  server.RaftServerConfigKeys (ConfUtils.java:logGet(43)) - raft.server.log.statemachine.data.sync.timeout.retry = -1 (default)
2019-06-14 07:29:08,643 INFO  server.RaftServerConfigKeys (ConfUtils.java:logGet(43)) - raft.server.log.segment.cache.num.max = 2 (custom)
2019-06-14 07:29:08,644 INFO  server.RaftServerConfigKeys (ConfUtils.java:logGet(43)) - raft.server.log.statemachine.data.caching.enabled = true (custom)
2019-06-14 07:29:08,644 INFO  server.RaftServerConfigKeys (ConfUtils.java:logGet(43)) - raft.server.log.queue.element-limit = 1024 (custom)
2019-06-14 07:29:08,644 INFO  server.RaftServerConfigKeys (ConfUtils.java:logGet(43)) - raft.server.log.segment.size.max = 16384 (custom)
2019-06-14 07:29:08,644 INFO  server.RaftServerConfigKeys (ConfUtils.java:logGet(43)) - raft.server.log.preallocated.size = 16384 (custom)
2019-06-14 07:29:08,644 INFO  server.RaftServerConfigKeys (ConfUtils.java:logGet(43)) - raft.server.snapshot.auto.trigger.enabled = true (custom)
2019-06-14 07:29:08,644 INFO  storage.RaftLogWorker (RaftLogWorker.java:<init>(123)) - new ce78f6cf-40f4-46ad-98a4-4be54309b294-RaftLogWorker for Storage Directory /opt/src/hadoop-ozone/integration-test/target/test-dir/MiniOzoneClusterImpl-bbacad5d-8716-42fc-a219-1a3fb896ae17/datanode-1/data/ratis/b5f71da7-4810-4545-b6d4-a80eff5d1e53
2019-06-14 07:29:08,644 INFO  server.RaftServerConfigKeys (ConfUtils.java:logGet(43)) - raft.server.snapshot.auto.trigger.threshold = 10000 (custom)
2019-06-14 07:29:08,644 INFO  server.RaftServerConfigKeys (ConfUtils.java:logGet(43)) - raft.server.log.write.buffer.size = 33554432 (custom)
2019-06-14 07:29:08,644 INFO  server.RaftServerConfigKeys (ConfUtils.java:logGet(43)) - raft.server.retrycache.expirytime = 600000ms (custom)
2019-06-14 07:29:08,644 INFO  server.RaftServerConfigKeys (ConfUtils.java:logGet(43)) - raft.server.log.queue.byte-limit = 2147483647 (custom)
2019-06-14 07:29:08,644 INFO  server.RaftServerConfigKeys (ConfUtils.java:logGet(43)) - raft.server.log.queue.element-limit = 1024 (custom)
2019-06-14 07:29:08,644 INFO  server.RaftServerConfigKeys (ConfUtils.java:logGet(43)) - raft.server.log.segment.size.max = 16384 (custom)
2019-06-14 07:29:08,644 INFO  server.RaftServerConfigKeys (ConfUtils.java:logGet(43)) - raft.server.log.preallocated.size = 16384 (custom)
2019-06-14 07:29:08,645 INFO  server.RaftServerConfigKeys (ConfUtils.java:logGet(43)) - raft.server.log.write.buffer.size = 33554432 (custom)
2019-06-14 07:29:08,645 INFO  server.RaftServerConfigKeys (ConfUtils.java:logGet(43)) - raft.server.log.force.sync.num = 128 (default)
2019-06-14 07:29:08,645 INFO  server.RaftServerConfigKeys (ConfUtils.java:logGet(43)) - raft.server.log.statemachine.data.sync = true (default)
2019-06-14 07:29:08,645 INFO  server.RaftServerConfigKeys (ConfUtils.java:logGet(43)) - raft.server.log.statemachine.data.sync.timeout = 10s (default)
2019-06-14 07:29:08,645 INFO  server.RaftServerConfigKeys (ConfUtils.java:logGet(43)) - raft.server.log.statemachine.data.sync.timeout.retry = -1 (default)
2019-06-14 07:29:08,645 INFO  server.RaftServerConfigKeys (ConfUtils.java:logGet(43)) - raft.server.log.statemachine.data.caching.enabled = true (custom)
2019-06-14 07:29:08,644 INFO  server.RaftServerConfigKeys (ConfUtils.java:logGet(43)) - raft.server.log.force.sync.num = 128 (default)
2019-06-14 07:29:08,645 INFO  server.RaftServerConfigKeys (ConfUtils.java:logGet(43)) - raft.server.log.statemachine.data.sync = true (default)
2019-06-14 07:29:08,645 INFO  server.RaftServerConfigKeys (ConfUtils.java:logGet(43)) - raft.server.log.statemachine.data.sync.timeout = 10s (default)
2019-06-14 07:29:08,645 INFO  server.RaftServerConfigKeys (ConfUtils.java:logGet(43)) - raft.server.log.statemachine.data.sync.timeout.retry = -1 (default)
2019-06-14 07:29:08,645 INFO  server.RaftServerConfigKeys (ConfUtils.java:logGet(43)) - raft.server.log.statemachine.data.caching.enabled = true (custom)
2019-06-14 07:29:08,645 INFO  server.RaftServerConfigKeys (ConfUtils.java:logGet(43)) - raft.server.snapshot.auto.trigger.enabled = true (custom)
2019-06-14 07:29:08,644 INFO  impl.RaftServerImpl (RaftServerImpl.java:start(173)) - c07fdf2c-b795-4f69-8d68-1433255033e1: start group-A80EFF5D1E53
2019-06-14 07:29:08,646 INFO  server.RaftServerConfigKeys (ConfUtils.java:logGet(43)) - raft.server.snapshot.auto.trigger.enabled = true (custom)
2019-06-14 07:29:08,646 INFO  server.RaftServerConfigKeys (ConfUtils.java:logGet(43)) - raft.server.snapshot.auto.trigger.threshold = 10000 (custom)
2019-06-14 07:29:08,646 INFO  server.RaftServerConfigKeys (ConfUtils.java:logGet(43)) - raft.server.retrycache.expirytime = 600000ms (custom)
2019-06-14 07:29:08,646 INFO  impl.RaftServerImpl (RaftServerImpl.java:start(173)) - a726b4f5-1e21-43d9-b3b5-730cbc2032a7: start group-A80EFF5D1E53
2019-06-14 07:29:08,646 INFO  impl.RaftServerImpl (RaftServerImpl.java:setRole(164)) - a726b4f5-1e21-43d9-b3b5-730cbc2032a7:group-A80EFF5D1E53 changes role from null to FOLLOWER at term 0 for startAsFollower
2019-06-14 07:29:08,646 INFO  impl.RoleInfo (RoleInfo.java:updateAndGet(143)) - a726b4f5-1e21-43d9-b3b5-730cbc2032a7: start FollowerState
2019-06-14 07:29:08,646 INFO  server.RaftServerConfigKeys (ConfUtils.java:logGet(43)) - raft.server.snapshot.auto.trigger.threshold = 10000 (custom)
2019-06-14 07:29:08,646 INFO  impl.RaftServerImpl (RaftServerImpl.java:setRole(164)) - c07fdf2c-b795-4f69-8d68-1433255033e1:group-A80EFF5D1E53 changes role from null to FOLLOWER at term 0 for startAsFollower
2019-06-14 07:29:08,646 INFO  server.RaftServerConfigKeys (ConfUtils.java:logGet(43)) - raft.server.retrycache.expirytime = 600000ms (custom)
2019-06-14 07:29:08,646 INFO  util.JmxRegister (JmxRegister.java:tryRegister(44)) - Successfully registered JMX Bean with object name Ratis:service=RaftServer,group=group-A80EFF5D1E53,id=a726b4f5-1e21-43d9-b3b5-730cbc2032a7
2019-06-14 07:29:08,646 INFO  impl.RoleInfo (RoleInfo.java:updateAndGet(143)) - c07fdf2c-b795-4f69-8d68-1433255033e1: start FollowerState
2019-06-14 07:29:08,646 INFO  impl.RaftServerImpl (RaftServerImpl.java:start(173)) - ce78f6cf-40f4-46ad-98a4-4be54309b294: start group-A80EFF5D1E53
2019-06-14 07:29:08,647 INFO  impl.RaftServerImpl (RaftServerImpl.java:setRole(164)) - ce78f6cf-40f4-46ad-98a4-4be54309b294:group-A80EFF5D1E53 changes role from null to FOLLOWER at term 0 for startAsFollower
2019-06-14 07:29:08,647 INFO  util.JmxRegister (JmxRegister.java:tryRegister(44)) - Successfully registered JMX Bean with object name Ratis:service=RaftServer,group=group-A80EFF5D1E53,id=c07fdf2c-b795-4f69-8d68-1433255033e1
2019-06-14 07:29:08,647 INFO  impl.RoleInfo (RoleInfo.java:updateAndGet(143)) - ce78f6cf-40f4-46ad-98a4-4be54309b294: start FollowerState
2019-06-14 07:29:08,647 INFO  util.JmxRegister (JmxRegister.java:tryRegister(44)) - Successfully registered JMX Bean with object name Ratis:service=RaftServer,group=group-A80EFF5D1E53,id=ce78f6cf-40f4-46ad-98a4-4be54309b294
2019-06-14 07:29:08,649 INFO  pipeline.PipelineStateManager (PipelineStateManager.java:addPipeline(56)) - Created pipeline Pipeline[ Id: b5f71da7-4810-4545-b6d4-a80eff5d1e53, Nodes: ce78f6cf-40f4-46ad-98a4-4be54309b294{ip: 192.168.134.69, host: ozone-tm9qp-197714850, networkLocation: /default-rack, certSerialId: null}a726b4f5-1e21-43d9-b3b5-730cbc2032a7{ip: 192.168.134.69, host: ozone-tm9qp-197714850, networkLocation: /default-rack, certSerialId: null}c07fdf2c-b795-4f69-8d68-1433255033e1{ip: 192.168.134.69, host: ozone-tm9qp-197714850, networkLocation: /default-rack, certSerialId: null}, Type:RATIS, Factor:THREE, State:OPEN]
2019-06-14 07:29:08,758 INFO  node.SCMNodeManager (SCMNodeManager.java:register(234)) - Registered Data node : 70a47318-6868-4d3f-859e-9b55ee3e6ff5{ip: 192.168.134.69, host: ozone-tm9qp-197714850, networkLocation: /default-rack, certSerialId: null}
2019-06-14 07:29:08,763 INFO  impl.RaftServerProxy (RaftServerProxy.java:addNew(89)) - 70a47318-6868-4d3f-859e-9b55ee3e6ff5: addNew group-1B8892D53542:[70a47318-6868-4d3f-859e-9b55ee3e6ff5:192.168.134.69:43427] returns group-1B8892D53542:java.util.concurrent.CompletableFuture@6c1f42d[Not completed]
2019-06-14 07:29:08,763 INFO  impl.RaftServerImpl (RaftServerImpl.java:<init>(91)) - 70a47318-6868-4d3f-859e-9b55ee3e6ff5: new RaftServerImpl for group-1B8892D53542:[70a47318-6868-4d3f-859e-9b55ee3e6ff5:192.168.134.69:43427] with ContainerStateMachine:uninitialized
2019-06-14 07:29:08,764 INFO  server.RaftServerConfigKeys (ConfUtils.java:logGet(43)) - raft.server.rpc.timeout.min = 1s (custom)
2019-06-14 07:29:08,764 INFO  server.RaftServerConfigKeys (ConfUtils.java:logGet(43)) - raft.server.rpc.timeout.max = 1200ms (custom)
2019-06-14 07:29:08,764 INFO  server.RaftServerConfigKeys (ConfUtils.java:logGet(43)) - raft.server.rpcslowness.timeout = 120s (custom)
2019-06-14 07:29:08,764 INFO  server.RaftServerConfigKeys (ConfUtils.java:logGet(43)) - raft.server.log.appender.install.snapshot.enabled = true (default)
2019-06-14 07:29:08,764 INFO  impl.RaftServerImpl (ServerState.java:<init>(101)) - 70a47318-6868-4d3f-859e-9b55ee3e6ff5:group-1B8892D53542 ConfigurationManager, init=-1: [70a47318-6868-4d3f-859e-9b55ee3e6ff5:192.168.134.69:43427], old=null, confs=<EMPTY_MAP>
2019-06-14 07:29:08,764 INFO  server.RaftServerConfigKeys (ConfUtils.java:logGet(43)) - raft.server.storage.dir = [/opt/src/hadoop-ozone/integration-test/target/test-dir/MiniOzoneClusterImpl-bbacad5d-8716-42fc-a219-1a3fb896ae17/datanode-3/data/ratis] (custom)
2019-06-14 07:29:08,764 INFO  storage.RaftStorageDirectory (RaftStorageDirectory.java:analyzeStorage(246)) - The storage directory /opt/src/hadoop-ozone/integration-test/target/test-dir/MiniOzoneClusterImpl-bbacad5d-8716-42fc-a219-1a3fb896ae17/datanode-3/data/ratis/020b2bb3-1f66-4d33-ab46-1b8892d53542 does not exist. Creating ...
2019-06-14 07:29:08,766 INFO  storage.RaftStorageDirectory (RaftStorageDirectory.java:tryLock(328)) - Lock on /opt/src/hadoop-ozone/integration-test/target/test-dir/MiniOzoneClusterImpl-bbacad5d-8716-42fc-a219-1a3fb896ae17/datanode-3/data/ratis/020b2bb3-1f66-4d33-ab46-1b8892d53542/in_use.lock acquired by nodename 14962@ozone-tm9qp-197714850
2019-06-14 07:29:08,768 INFO  storage.RaftStorage (RaftStorage.java:format(75)) - Storage directory /opt/src/hadoop-ozone/integration-test/target/test-dir/MiniOzoneClusterImpl-bbacad5d-8716-42fc-a219-1a3fb896ae17/datanode-3/data/ratis/020b2bb3-1f66-4d33-ab46-1b8892d53542 has been successfully formatted.
2019-06-14 07:29:08,768 INFO  ratis.ContainerStateMachine (ContainerStateMachine.java:loadSnapshot(199)) - The snapshot info is null.Setting the last applied index to:(t:0, i:~)
2019-06-14 07:29:08,768 INFO  server.RaftServerConfigKeys (ConfUtils.java:logGet(43)) - raft.server.leader.election.timeout = 120s (custom)
2019-06-14 07:29:08,768 INFO  server.RaftServerConfigKeys (ConfUtils.java:logGet(43)) - raft.server.log.use.memory = false (default)
2019-06-14 07:29:08,769 INFO  server.RaftServerConfigKeys (ConfUtils.java:logGet(43)) - raft.server.log.appender.buffer.byte-limit = 33554432 (custom)
2019-06-14 07:29:08,769 INFO  server.RaftServerConfigKeys (ConfUtils.java:logGet(43)) - raft.server.log.segment.size.max = 16384 (custom)
2019-06-14 07:29:08,769 INFO  server.RaftServerConfigKeys (ConfUtils.java:logGet(43)) - raft.server.log.segment.cache.num.max = 2 (custom)
2019-06-14 07:29:08,769 INFO  storage.RaftLogWorker (RaftLogWorker.java:<init>(123)) - new 70a47318-6868-4d3f-859e-9b55ee3e6ff5-RaftLogWorker for Storage Directory /opt/src/hadoop-ozone/integration-test/target/test-dir/MiniOzoneClusterImpl-bbacad5d-8716-42fc-a219-1a3fb896ae17/datanode-3/data/ratis/020b2bb3-1f66-4d33-ab46-1b8892d53542
2019-06-14 07:29:08,769 INFO  server.RaftServerConfigKeys (ConfUtils.java:logGet(43)) - raft.server.log.queue.byte-limit = 2147483647 (custom)
2019-06-14 07:29:08,769 INFO  server.RaftServerConfigKeys (ConfUtils.java:logGet(43)) - raft.server.log.queue.element-limit = 1024 (custom)
2019-06-14 07:29:08,769 INFO  server.RaftServerConfigKeys (ConfUtils.java:logGet(43)) - raft.server.log.segment.size.max = 16384 (custom)
2019-06-14 07:29:08,769 INFO  server.RaftServerConfigKeys (ConfUtils.java:logGet(43)) - raft.server.log.preallocated.size = 16384 (custom)
2019-06-14 07:29:08,769 INFO  server.RaftServerConfigKeys (ConfUtils.java:logGet(43)) - raft.server.log.write.buffer.size = 33554432 (custom)
2019-06-14 07:29:08,769 INFO  server.RaftServerConfigKeys (ConfUtils.java:logGet(43)) - raft.server.log.force.sync.num = 128 (default)
2019-06-14 07:29:08,769 INFO  server.RaftServerConfigKeys (ConfUtils.java:logGet(43)) - raft.server.log.statemachine.data.sync = true (default)
2019-06-14 07:29:08,769 INFO  server.RaftServerConfigKeys (ConfUtils.java:logGet(43)) - raft.server.log.statemachine.data.sync.timeout = 10s (default)
2019-06-14 07:29:08,769 INFO  server.RaftServerConfigKeys (ConfUtils.java:logGet(43)) - raft.server.log.statemachine.data.sync.timeout.retry = -1 (default)
2019-06-14 07:29:08,769 INFO  server.RaftServerConfigKeys (ConfUtils.java:logGet(43)) - raft.server.log.statemachine.data.caching.enabled = true (custom)
2019-06-14 07:29:08,770 INFO  server.RaftServerConfigKeys (ConfUtils.java:logGet(43)) - raft.server.snapshot.auto.trigger.enabled = true (custom)
2019-06-14 07:29:08,770 INFO  server.RaftServerConfigKeys (ConfUtils.java:logGet(43)) - raft.server.snapshot.auto.trigger.threshold = 10000 (custom)
2019-06-14 07:29:08,770 INFO  server.RaftServerConfigKeys (ConfUtils.java:logGet(43)) - raft.server.retrycache.expirytime = 600000ms (custom)
2019-06-14 07:29:08,770 INFO  impl.RaftServerImpl (RaftServerImpl.java:start(173)) - 70a47318-6868-4d3f-859e-9b55ee3e6ff5: start group-1B8892D53542
2019-06-14 07:29:08,770 INFO  impl.RaftServerImpl (RaftServerImpl.java:setRole(164)) - 70a47318-6868-4d3f-859e-9b55ee3e6ff5:group-1B8892D53542 changes role from null to FOLLOWER at term 0 for startAsFollower
2019-06-14 07:29:08,770 INFO  impl.RoleInfo (RoleInfo.java:updateAndGet(143)) - 70a47318-6868-4d3f-859e-9b55ee3e6ff5: start FollowerState
2019-06-14 07:29:08,771 INFO  util.JmxRegister (JmxRegister.java:tryRegister(44)) - Successfully registered JMX Bean with object name Ratis:service=RaftServer,group=group-1B8892D53542,id=70a47318-6868-4d3f-859e-9b55ee3e6ff5
2019-06-14 07:29:08,773 INFO  pipeline.PipelineStateManager (PipelineStateManager.java:addPipeline(56)) - Created pipeline Pipeline[ Id: 020b2bb3-1f66-4d33-ab46-1b8892d53542, Nodes: 70a47318-6868-4d3f-859e-9b55ee3e6ff5{ip: 192.168.134.69, host: ozone-tm9qp-197714850, networkLocation: /default-rack, certSerialId: null}, Type:RATIS, Factor:ONE, State:OPEN]
2019-06-14 07:29:09,023 INFO  node.SCMNodeManager (SCMNodeManager.java:register(234)) - Registered Data node : 96189b95-963f-4efc-a86c-4016dd6b8fe3{ip: 192.168.134.69, host: ozone-tm9qp-197714850, networkLocation: /default-rack, certSerialId: null}
2019-06-14 07:29:09,029 INFO  impl.RaftServerProxy (RaftServerProxy.java:addNew(89)) - 96189b95-963f-4efc-a86c-4016dd6b8fe3: addNew group-57A947BDB9BA:[96189b95-963f-4efc-a86c-4016dd6b8fe3:192.168.134.69:42505] returns group-57A947BDB9BA:java.util.concurrent.CompletableFuture@5cfad847[Not completed]
2019-06-14 07:29:09,030 INFO  impl.RaftServerImpl (RaftServerImpl.java:<init>(91)) - 96189b95-963f-4efc-a86c-4016dd6b8fe3: new RaftServerImpl for group-57A947BDB9BA:[96189b95-963f-4efc-a86c-4016dd6b8fe3:192.168.134.69:42505] with ContainerStateMachine:uninitialized
2019-06-14 07:29:09,030 INFO  server.RaftServerConfigKeys (ConfUtils.java:logGet(43)) - raft.server.rpc.timeout.min = 1s (custom)
2019-06-14 07:29:09,030 INFO  server.RaftServerConfigKeys (ConfUtils.java:logGet(43)) - raft.server.rpc.timeout.max = 1200ms (custom)
2019-06-14 07:29:09,030 INFO  server.RaftServerConfigKeys (ConfUtils.java:logGet(43)) - raft.server.rpcslowness.timeout = 120s (custom)
2019-06-14 07:29:09,030 INFO  server.RaftServerConfigKeys (ConfUtils.java:logGet(43)) - raft.server.log.appender.install.snapshot.enabled = true (default)
2019-06-14 07:29:09,030 INFO  impl.RaftServerImpl (ServerState.java:<init>(101)) - 96189b95-963f-4efc-a86c-4016dd6b8fe3:group-57A947BDB9BA ConfigurationManager, init=-1: [96189b95-963f-4efc-a86c-4016dd6b8fe3:192.168.134.69:42505], old=null, confs=<EMPTY_MAP>
2019-06-14 07:29:09,030 INFO  server.RaftServerConfigKeys (ConfUtils.java:logGet(43)) - raft.server.storage.dir = [/opt/src/hadoop-ozone/integration-test/target/test-dir/MiniOzoneClusterImpl-bbacad5d-8716-42fc-a219-1a3fb896ae17/datanode-4/data/ratis] (custom)
2019-06-14 07:29:09,030 INFO  storage.RaftStorageDirectory (RaftStorageDirectory.java:analyzeStorage(246)) - The storage directory /opt/src/hadoop-ozone/integration-test/target/test-dir/MiniOzoneClusterImpl-bbacad5d-8716-42fc-a219-1a3fb896ae17/datanode-4/data/ratis/32de18ce-1b88-40a2-87d4-57a947bdb9ba does not exist. Creating ...
2019-06-14 07:29:09,033 INFO  storage.RaftStorageDirectory (RaftStorageDirectory.java:tryLock(328)) - Lock on /opt/src/hadoop-ozone/integration-test/target/test-dir/MiniOzoneClusterImpl-bbacad5d-8716-42fc-a219-1a3fb896ae17/datanode-4/data/ratis/32de18ce-1b88-40a2-87d4-57a947bdb9ba/in_use.lock acquired by nodename 14962@ozone-tm9qp-197714850
2019-06-14 07:29:09,035 INFO  storage.RaftStorage (RaftStorage.java:format(75)) - Storage directory /opt/src/hadoop-ozone/integration-test/target/test-dir/MiniOzoneClusterImpl-bbacad5d-8716-42fc-a219-1a3fb896ae17/datanode-4/data/ratis/32de18ce-1b88-40a2-87d4-57a947bdb9ba has been successfully formatted.
2019-06-14 07:29:09,036 INFO  ratis.ContainerStateMachine (ContainerStateMachine.java:loadSnapshot(199)) - The snapshot info is null.Setting the last applied index to:(t:0, i:~)
2019-06-14 07:29:09,036 INFO  server.RaftServerConfigKeys (ConfUtils.java:logGet(43)) - raft.server.leader.election.timeout = 120s (custom)
2019-06-14 07:29:09,036 INFO  server.RaftServerConfigKeys (ConfUtils.java:logGet(43)) - raft.server.log.use.memory = false (default)
2019-06-14 07:29:09,036 INFO  server.RaftServerConfigKeys (ConfUtils.java:logGet(43)) - raft.server.log.appender.buffer.byte-limit = 33554432 (custom)
2019-06-14 07:29:09,036 INFO  server.RaftServerConfigKeys (ConfUtils.java:logGet(43)) - raft.server.log.segment.size.max = 16384 (custom)
2019-06-14 07:29:09,036 INFO  server.RaftServerConfigKeys (ConfUtils.java:logGet(43)) - raft.server.log.segment.cache.num.max = 2 (custom)
2019-06-14 07:29:09,036 INFO  storage.RaftLogWorker (RaftLogWorker.java:<init>(123)) - new 96189b95-963f-4efc-a86c-4016dd6b8fe3-RaftLogWorker for Storage Directory /opt/src/hadoop-ozone/integration-test/target/test-dir/MiniOzoneClusterImpl-bbacad5d-8716-42fc-a219-1a3fb896ae17/datanode-4/data/ratis/32de18ce-1b88-40a2-87d4-57a947bdb9ba
2019-06-14 07:29:09,037 INFO  server.RaftServerConfigKeys (ConfUtils.java:logGet(43)) - raft.server.log.queue.byte-limit = 2147483647 (custom)
2019-06-14 07:29:09,037 INFO  server.RaftServerConfigKeys (ConfUtils.java:logGet(43)) - raft.server.log.queue.element-limit = 1024 (custom)
2019-06-14 07:29:09,037 INFO  server.RaftServerConfigKeys (ConfUtils.java:logGet(43)) - raft.server.log.segment.size.max = 16384 (custom)
2019-06-14 07:29:09,037 INFO  server.RaftServerConfigKeys (ConfUtils.java:logGet(43)) - raft.server.log.preallocated.size = 16384 (custom)
2019-06-14 07:29:09,037 INFO  server.RaftServerConfigKeys (ConfUtils.java:logGet(43)) - raft.server.log.write.buffer.size = 33554432 (custom)
2019-06-14 07:29:09,037 INFO  server.RaftServerConfigKeys (ConfUtils.java:logGet(43)) - raft.server.log.force.sync.num = 128 (default)
2019-06-14 07:29:09,037 INFO  server.RaftServerConfigKeys (ConfUtils.java:logGet(43)) - raft.server.log.statemachine.data.sync = true (default)
2019-06-14 07:29:09,037 INFO  server.RaftServerConfigKeys (ConfUtils.java:logGet(43)) - raft.server.log.statemachine.data.sync.timeout = 10s (default)
2019-06-14 07:29:09,037 INFO  server.RaftServerConfigKeys (ConfUtils.java:logGet(43)) - raft.server.log.statemachine.data.sync.timeout.retry = -1 (default)
2019-06-14 07:29:09,037 INFO  server.RaftServerConfigKeys (ConfUtils.java:logGet(43)) - raft.server.log.statemachine.data.caching.enabled = true (custom)
2019-06-14 07:29:09,038 INFO  server.RaftServerConfigKeys (ConfUtils.java:logGet(43)) - raft.server.snapshot.auto.trigger.enabled = true (custom)
2019-06-14 07:29:09,038 INFO  server.RaftServerConfigKeys (ConfUtils.java:logGet(43)) - raft.server.snapshot.auto.trigger.threshold = 10000 (custom)
2019-06-14 07:29:09,038 INFO  server.RaftServerConfigKeys (ConfUtils.java:logGet(43)) - raft.server.retrycache.expirytime = 600000ms (custom)
2019-06-14 07:29:09,039 INFO  impl.RaftServerImpl (RaftServerImpl.java:start(173)) - 96189b95-963f-4efc-a86c-4016dd6b8fe3: start group-57A947BDB9BA
2019-06-14 07:29:09,039 INFO  impl.RaftServerImpl (RaftServerImpl.java:setRole(164)) - 96189b95-963f-4efc-a86c-4016dd6b8fe3:group-57A947BDB9BA changes role from null to FOLLOWER at term 0 for startAsFollower
2019-06-14 07:29:09,039 INFO  impl.RoleInfo (RoleInfo.java:updateAndGet(143)) - 96189b95-963f-4efc-a86c-4016dd6b8fe3: start FollowerState
2019-06-14 07:29:09,039 INFO  util.JmxRegister (JmxRegister.java:tryRegister(44)) - Successfully registered JMX Bean with object name Ratis:service=RaftServer,group=group-57A947BDB9BA,id=96189b95-963f-4efc-a86c-4016dd6b8fe3
2019-06-14 07:29:09,040 INFO  pipeline.PipelineStateManager (PipelineStateManager.java:addPipeline(56)) - Created pipeline Pipeline[ Id: 32de18ce-1b88-40a2-87d4-57a947bdb9ba, Nodes: 96189b95-963f-4efc-a86c-4016dd6b8fe3{ip: 192.168.134.69, host: ozone-tm9qp-197714850, networkLocation: /default-rack, certSerialId: null}, Type:RATIS, Factor:ONE, State:OPEN]
2019-06-14 07:29:09,166 INFO  ozone.MiniOzoneClusterImpl (MiniOzoneClusterImpl.java:lambda$waitForClusterToBeReady$0(142)) - Waiting for cluster to be ready. Got 5 of 6 DN Heartbeats.
2019-06-14 07:29:09,166 INFO  node.SCMNodeManager (SCMNodeManager.java:register(234)) - Registered Data node : 250b8f12-04a4-499e-8268-705ea4970293{ip: 192.168.134.69, host: ozone-tm9qp-197714850, networkLocation: /default-rack, certSerialId: null}
2019-06-14 07:29:09,173 INFO  impl.RaftServerProxy (RaftServerProxy.java:addNew(89)) - 250b8f12-04a4-499e-8268-705ea4970293: addNew group-2AA7A4B2D06F:[250b8f12-04a4-499e-8268-705ea4970293:192.168.134.69:41855] returns group-2AA7A4B2D06F:java.util.concurrent.CompletableFuture@105e95a7[Not completed]
2019-06-14 07:29:09,173 INFO  impl.RaftServerImpl (RaftServerImpl.java:<init>(91)) - 250b8f12-04a4-499e-8268-705ea4970293: new RaftServerImpl for group-2AA7A4B2D06F:[250b8f12-04a4-499e-8268-705ea4970293:192.168.134.69:41855] with ContainerStateMachine:uninitialized
2019-06-14 07:29:09,173 INFO  server.RaftServerConfigKeys (ConfUtils.java:logGet(43)) - raft.server.rpc.timeout.min = 1s (custom)
2019-06-14 07:29:09,173 INFO  server.RaftServerConfigKeys (ConfUtils.java:logGet(43)) - raft.server.rpc.timeout.max = 1200ms (custom)
2019-06-14 07:29:09,174 INFO  server.RaftServerConfigKeys (ConfUtils.java:logGet(43)) - raft.server.rpcslowness.timeout = 120s (custom)
2019-06-14 07:29:09,174 INFO  server.RaftServerConfigKeys (ConfUtils.java:logGet(43)) - raft.server.log.appender.install.snapshot.enabled = true (default)
2019-06-14 07:29:09,174 INFO  impl.RaftServerImpl (ServerState.java:<init>(101)) - 250b8f12-04a4-499e-8268-705ea4970293:group-2AA7A4B2D06F ConfigurationManager, init=-1: [250b8f12-04a4-499e-8268-705ea4970293:192.168.134.69:41855], old=null, confs=<EMPTY_MAP>
2019-06-14 07:29:09,174 INFO  server.RaftServerConfigKeys (ConfUtils.java:logGet(43)) - raft.server.storage.dir = [/opt/src/hadoop-ozone/integration-test/target/test-dir/MiniOzoneClusterImpl-bbacad5d-8716-42fc-a219-1a3fb896ae17/datanode-5/data/ratis] (custom)
2019-06-14 07:29:09,174 INFO  storage.RaftStorageDirectory (RaftStorageDirectory.java:analyzeStorage(246)) - The storage directory /opt/src/hadoop-ozone/integration-test/target/test-dir/MiniOzoneClusterImpl-bbacad5d-8716-42fc-a219-1a3fb896ae17/datanode-5/data/ratis/d5a84966-a1a4-44b0-8e43-2aa7a4b2d06f does not exist. Creating ...
2019-06-14 07:29:09,176 INFO  storage.RaftStorageDirectory (RaftStorageDirectory.java:tryLock(328)) - Lock on /opt/src/hadoop-ozone/integration-test/target/test-dir/MiniOzoneClusterImpl-bbacad5d-8716-42fc-a219-1a3fb896ae17/datanode-5/data/ratis/d5a84966-a1a4-44b0-8e43-2aa7a4b2d06f/in_use.lock acquired by nodename 14962@ozone-tm9qp-197714850
2019-06-14 07:29:09,179 INFO  storage.RaftStorage (RaftStorage.java:format(75)) - Storage directory /opt/src/hadoop-ozone/integration-test/target/test-dir/MiniOzoneClusterImpl-bbacad5d-8716-42fc-a219-1a3fb896ae17/datanode-5/data/ratis/d5a84966-a1a4-44b0-8e43-2aa7a4b2d06f has been successfully formatted.
2019-06-14 07:29:09,179 INFO  ratis.ContainerStateMachine (ContainerStateMachine.java:loadSnapshot(199)) - The snapshot info is null.Setting the last applied index to:(t:0, i:~)
2019-06-14 07:29:09,179 INFO  server.RaftServerConfigKeys (ConfUtils.java:logGet(43)) - raft.server.leader.election.timeout = 120s (custom)
2019-06-14 07:29:09,179 INFO  server.RaftServerConfigKeys (ConfUtils.java:logGet(43)) - raft.server.log.use.memory = false (default)
2019-06-14 07:29:09,179 INFO  server.RaftServerConfigKeys (ConfUtils.java:logGet(43)) - raft.server.log.appender.buffer.byte-limit = 33554432 (custom)
2019-06-14 07:29:09,179 INFO  server.RaftServerConfigKeys (ConfUtils.java:logGet(43)) - raft.server.log.segment.size.max = 16384 (custom)
2019-06-14 07:29:09,179 INFO  server.RaftServerConfigKeys (ConfUtils.java:logGet(43)) - raft.server.log.segment.cache.num.max = 2 (custom)
2019-06-14 07:29:09,179 INFO  storage.RaftLogWorker (RaftLogWorker.java:<init>(123)) - new 250b8f12-04a4-499e-8268-705ea4970293-RaftLogWorker for Storage Directory /opt/src/hadoop-ozone/integration-test/target/test-dir/MiniOzoneClusterImpl-bbacad5d-8716-42fc-a219-1a3fb896ae17/datanode-5/data/ratis/d5a84966-a1a4-44b0-8e43-2aa7a4b2d06f
2019-06-14 07:29:09,180 INFO  server.RaftServerConfigKeys (ConfUtils.java:logGet(43)) - raft.server.log.queue.byte-limit = 2147483647 (custom)
2019-06-14 07:29:09,180 INFO  server.RaftServerConfigKeys (ConfUtils.java:logGet(43)) - raft.server.log.queue.element-limit = 1024 (custom)
2019-06-14 07:29:09,180 INFO  server.RaftServerConfigKeys (ConfUtils.java:logGet(43)) - raft.server.log.segment.size.max = 16384 (custom)
2019-06-14 07:29:09,180 INFO  server.RaftServerConfigKeys (ConfUtils.java:logGet(43)) - raft.server.log.preallocated.size = 16384 (custom)
2019-06-14 07:29:09,180 INFO  server.RaftServerConfigKeys (ConfUtils.java:logGet(43)) - raft.server.log.write.buffer.size = 33554432 (custom)
2019-06-14 07:29:09,180 INFO  server.RaftServerConfigKeys (ConfUtils.java:logGet(43)) - raft.server.log.force.sync.num = 128 (default)
2019-06-14 07:29:09,180 INFO  server.RaftServerConfigKeys (ConfUtils.java:logGet(43)) - raft.server.log.statemachine.data.sync = true (default)
2019-06-14 07:29:09,180 INFO  server.RaftServerConfigKeys (ConfUtils.java:logGet(43)) - raft.server.log.statemachine.data.sync.timeout = 10s (default)
2019-06-14 07:29:09,180 INFO  server.RaftServerConfigKeys (ConfUtils.java:logGet(43)) - raft.server.log.statemachine.data.sync.timeout.retry = -1 (default)
2019-06-14 07:29:09,180 INFO  server.RaftServerConfigKeys (ConfUtils.java:logGet(43)) - raft.server.log.statemachine.data.caching.enabled = true (custom)
2019-06-14 07:29:09,186 INFO  server.RaftServerConfigKeys (ConfUtils.java:logGet(43)) - raft.server.snapshot.auto.trigger.enabled = true (custom)
2019-06-14 07:29:09,186 INFO  server.RaftServerConfigKeys (ConfUtils.java:logGet(43)) - raft.server.snapshot.auto.trigger.threshold = 10000 (custom)
2019-06-14 07:29:09,186 INFO  server.RaftServerConfigKeys (ConfUtils.java:logGet(43)) - raft.server.retrycache.expirytime = 600000ms (custom)
2019-06-14 07:29:09,186 INFO  impl.RaftServerImpl (RaftServerImpl.java:start(173)) - 250b8f12-04a4-499e-8268-705ea4970293: start group-2AA7A4B2D06F
2019-06-14 07:29:09,186 INFO  impl.RaftServerImpl (RaftServerImpl.java:setRole(164)) - 250b8f12-04a4-499e-8268-705ea4970293:group-2AA7A4B2D06F changes role from null to FOLLOWER at term 0 for startAsFollower
2019-06-14 07:29:09,186 INFO  impl.RoleInfo (RoleInfo.java:updateAndGet(143)) - 250b8f12-04a4-499e-8268-705ea4970293: start FollowerState
2019-06-14 07:29:09,187 INFO  util.JmxRegister (JmxRegister.java:tryRegister(44)) - Successfully registered JMX Bean with object name Ratis:service=RaftServer,group=group-2AA7A4B2D06F,id=250b8f12-04a4-499e-8268-705ea4970293
2019-06-14 07:29:09,193 INFO  pipeline.PipelineStateManager (PipelineStateManager.java:addPipeline(56)) - Created pipeline Pipeline[ Id: d5a84966-a1a4-44b0-8e43-2aa7a4b2d06f, Nodes: 250b8f12-04a4-499e-8268-705ea4970293{ip: 192.168.134.69, host: ozone-tm9qp-197714850, networkLocation: /default-rack, certSerialId: null}, Type:RATIS, Factor:ONE, State:OPEN]
2019-06-14 07:29:09,203 INFO  impl.RaftServerProxy (RaftServerProxy.java:addNew(89)) - 96189b95-963f-4efc-a86c-4016dd6b8fe3: addNew group-EDBB4159D1F8:[70a47318-6868-4d3f-859e-9b55ee3e6ff5:192.168.134.69:43427, 250b8f12-04a4-499e-8268-705ea4970293:192.168.134.69:41855, 96189b95-963f-4efc-a86c-4016dd6b8fe3:192.168.134.69:42505] returns group-EDBB4159D1F8:java.util.concurrent.CompletableFuture@56c8d358[Not completed]
2019-06-14 07:29:09,203 INFO  impl.RaftServerProxy (RaftServerProxy.java:addNew(89)) - 250b8f12-04a4-499e-8268-705ea4970293: addNew group-EDBB4159D1F8:[70a47318-6868-4d3f-859e-9b55ee3e6ff5:192.168.134.69:43427, 250b8f12-04a4-499e-8268-705ea4970293:192.168.134.69:41855, 96189b95-963f-4efc-a86c-4016dd6b8fe3:192.168.134.69:42505] returns group-EDBB4159D1F8:java.util.concurrent.CompletableFuture@fe88b90[Not completed]
2019-06-14 07:29:09,203 INFO  impl.RaftServerImpl (RaftServerImpl.java:<init>(91)) - 250b8f12-04a4-499e-8268-705ea4970293: new RaftServerImpl for group-EDBB4159D1F8:[70a47318-6868-4d3f-859e-9b55ee3e6ff5:192.168.134.69:43427, 250b8f12-04a4-499e-8268-705ea4970293:192.168.134.69:41855, 96189b95-963f-4efc-a86c-4016dd6b8fe3:192.168.134.69:42505] with ContainerStateMachine:uninitialized
2019-06-14 07:29:09,203 INFO  server.RaftServerConfigKeys (ConfUtils.java:logGet(43)) - raft.server.rpc.timeout.min = 1s (custom)
2019-06-14 07:29:09,203 INFO  server.RaftServerConfigKeys (ConfUtils.java:logGet(43)) - raft.server.rpc.timeout.max = 1200ms (custom)
2019-06-14 07:29:09,203 INFO  server.RaftServerConfigKeys (ConfUtils.java:logGet(43)) - raft.server.rpcslowness.timeout = 120s (custom)
2019-06-14 07:29:09,203 INFO  server.RaftServerConfigKeys (ConfUtils.java:logGet(43)) - raft.server.log.appender.install.snapshot.enabled = true (default)
2019-06-14 07:29:09,204 INFO  impl.RaftServerImpl (ServerState.java:<init>(101)) - 250b8f12-04a4-499e-8268-705ea4970293:group-EDBB4159D1F8 ConfigurationManager, init=-1: [70a47318-6868-4d3f-859e-9b55ee3e6ff5:192.168.134.69:43427, 250b8f12-04a4-499e-8268-705ea4970293:192.168.134.69:41855, 96189b95-963f-4efc-a86c-4016dd6b8fe3:192.168.134.69:42505], old=null, confs=<EMPTY_MAP>
2019-06-14 07:29:09,204 INFO  impl.RaftServerImpl (RaftServerImpl.java:<init>(91)) - 96189b95-963f-4efc-a86c-4016dd6b8fe3: new RaftServerImpl for group-EDBB4159D1F8:[70a47318-6868-4d3f-859e-9b55ee3e6ff5:192.168.134.69:43427, 250b8f12-04a4-499e-8268-705ea4970293:192.168.134.69:41855, 96189b95-963f-4efc-a86c-4016dd6b8fe3:192.168.134.69:42505] with ContainerStateMachine:uninitialized
2019-06-14 07:29:09,204 INFO  server.RaftServerConfigKeys (ConfUtils.java:logGet(43)) - raft.server.rpc.timeout.min = 1s (custom)
2019-06-14 07:29:09,204 INFO  server.RaftServerConfigKeys (ConfUtils.java:logGet(43)) - raft.server.rpc.timeout.max = 1200ms (custom)
2019-06-14 07:29:09,204 INFO  server.RaftServerConfigKeys (ConfUtils.java:logGet(43)) - raft.server.rpcslowness.timeout = 120s (custom)
2019-06-14 07:29:09,204 INFO  server.RaftServerConfigKeys (ConfUtils.java:logGet(43)) - raft.server.log.appender.install.snapshot.enabled = true (default)
2019-06-14 07:29:09,204 INFO  impl.RaftServerImpl (ServerState.java:<init>(101)) - 96189b95-963f-4efc-a86c-4016dd6b8fe3:group-EDBB4159D1F8 ConfigurationManager, init=-1: [70a47318-6868-4d3f-859e-9b55ee3e6ff5:192.168.134.69:43427, 250b8f12-04a4-499e-8268-705ea4970293:192.168.134.69:41855, 96189b95-963f-4efc-a86c-4016dd6b8fe3:192.168.134.69:42505], old=null, confs=<EMPTY_MAP>
2019-06-14 07:29:09,204 INFO  server.RaftServerConfigKeys (ConfUtils.java:logGet(43)) - raft.server.storage.dir = [/opt/src/hadoop-ozone/integration-test/target/test-dir/MiniOzoneClusterImpl-bbacad5d-8716-42fc-a219-1a3fb896ae17/datanode-4/data/ratis] (custom)
2019-06-14 07:29:09,204 INFO  storage.RaftStorageDirectory (RaftStorageDirectory.java:analyzeStorage(246)) - The storage directory /opt/src/hadoop-ozone/integration-test/target/test-dir/MiniOzoneClusterImpl-bbacad5d-8716-42fc-a219-1a3fb896ae17/datanode-4/data/ratis/9486101b-ade9-4860-bfbd-edbb4159d1f8 does not exist. Creating ...
2019-06-14 07:29:09,203 INFO  impl.RaftServerProxy (RaftServerProxy.java:addNew(89)) - 70a47318-6868-4d3f-859e-9b55ee3e6ff5: addNew group-EDBB4159D1F8:[70a47318-6868-4d3f-859e-9b55ee3e6ff5:192.168.134.69:43427, 250b8f12-04a4-499e-8268-705ea4970293:192.168.134.69:41855, 96189b95-963f-4efc-a86c-4016dd6b8fe3:192.168.134.69:42505] returns group-EDBB4159D1F8:java.util.concurrent.CompletableFuture@57fca832[Not completed]
2019-06-14 07:29:09,204 INFO  server.RaftServerConfigKeys (ConfUtils.java:logGet(43)) - raft.server.storage.dir = [/opt/src/hadoop-ozone/integration-test/target/test-dir/MiniOzoneClusterImpl-bbacad5d-8716-42fc-a219-1a3fb896ae17/datanode-5/data/ratis] (custom)
2019-06-14 07:29:09,205 INFO  storage.RaftStorageDirectory (RaftStorageDirectory.java:analyzeStorage(246)) - The storage directory /opt/src/hadoop-ozone/integration-test/target/test-dir/MiniOzoneClusterImpl-bbacad5d-8716-42fc-a219-1a3fb896ae17/datanode-5/data/ratis/9486101b-ade9-4860-bfbd-edbb4159d1f8 does not exist. Creating ...
2019-06-14 07:29:09,203 INFO  impl.RaftServerImpl (RaftServerImpl.java:<init>(91)) - 70a47318-6868-4d3f-859e-9b55ee3e6ff5: new RaftServerImpl for group-EDBB4159D1F8:[70a47318-6868-4d3f-859e-9b55ee3e6ff5:192.168.134.69:43427, 250b8f12-04a4-499e-8268-705ea4970293:192.168.134.69:41855, 96189b95-963f-4efc-a86c-4016dd6b8fe3:192.168.134.69:42505] with ContainerStateMachine:uninitialized
2019-06-14 07:29:09,205 INFO  server.RaftServerConfigKeys (ConfUtils.java:logGet(43)) - raft.server.rpc.timeout.min = 1s (custom)
2019-06-14 07:29:09,205 INFO  server.RaftServerConfigKeys (ConfUtils.java:logGet(43)) - raft.server.rpc.timeout.max = 1200ms (custom)
2019-06-14 07:29:09,205 INFO  server.RaftServerConfigKeys (ConfUtils.java:logGet(43)) - raft.server.rpcslowness.timeout = 120s (custom)
2019-06-14 07:29:09,205 INFO  server.RaftServerConfigKeys (ConfUtils.java:logGet(43)) - raft.server.log.appender.install.snapshot.enabled = true (default)
2019-06-14 07:29:09,206 INFO  impl.RaftServerImpl (ServerState.java:<init>(101)) - 70a47318-6868-4d3f-859e-9b55ee3e6ff5:group-EDBB4159D1F8 ConfigurationManager, init=-1: [70a47318-6868-4d3f-859e-9b55ee3e6ff5:192.168.134.69:43427, 250b8f12-04a4-499e-8268-705ea4970293:192.168.134.69:41855, 96189b95-963f-4efc-a86c-4016dd6b8fe3:192.168.134.69:42505], old=null, confs=<EMPTY_MAP>
2019-06-14 07:29:09,206 INFO  server.RaftServerConfigKeys (ConfUtils.java:logGet(43)) - raft.server.storage.dir = [/opt/src/hadoop-ozone/integration-test/target/test-dir/MiniOzoneClusterImpl-bbacad5d-8716-42fc-a219-1a3fb896ae17/datanode-3/data/ratis] (custom)
2019-06-14 07:29:09,206 INFO  storage.RaftStorageDirectory (RaftStorageDirectory.java:analyzeStorage(246)) - The storage directory /opt/src/hadoop-ozone/integration-test/target/test-dir/MiniOzoneClusterImpl-bbacad5d-8716-42fc-a219-1a3fb896ae17/datanode-3/data/ratis/9486101b-ade9-4860-bfbd-edbb4159d1f8 does not exist. Creating ...
2019-06-14 07:29:09,206 INFO  storage.RaftStorageDirectory (RaftStorageDirectory.java:tryLock(328)) - Lock on /opt/src/hadoop-ozone/integration-test/target/test-dir/MiniOzoneClusterImpl-bbacad5d-8716-42fc-a219-1a3fb896ae17/datanode-4/data/ratis/9486101b-ade9-4860-bfbd-edbb4159d1f8/in_use.lock acquired by nodename 14962@ozone-tm9qp-197714850
2019-06-14 07:29:09,208 INFO  storage.RaftStorageDirectory (RaftStorageDirectory.java:tryLock(328)) - Lock on /opt/src/hadoop-ozone/integration-test/target/test-dir/MiniOzoneClusterImpl-bbacad5d-8716-42fc-a219-1a3fb896ae17/datanode-5/data/ratis/9486101b-ade9-4860-bfbd-edbb4159d1f8/in_use.lock acquired by nodename 14962@ozone-tm9qp-197714850
2019-06-14 07:29:09,208 INFO  storage.RaftStorageDirectory (RaftStorageDirectory.java:tryLock(328)) - Lock on /opt/src/hadoop-ozone/integration-test/target/test-dir/MiniOzoneClusterImpl-bbacad5d-8716-42fc-a219-1a3fb896ae17/datanode-3/data/ratis/9486101b-ade9-4860-bfbd-edbb4159d1f8/in_use.lock acquired by nodename 14962@ozone-tm9qp-197714850
2019-06-14 07:29:09,209 INFO  storage.RaftStorage (RaftStorage.java:format(75)) - Storage directory /opt/src/hadoop-ozone/integration-test/target/test-dir/MiniOzoneClusterImpl-bbacad5d-8716-42fc-a219-1a3fb896ae17/datanode-4/data/ratis/9486101b-ade9-4860-bfbd-edbb4159d1f8 has been successfully formatted.
2019-06-14 07:29:09,209 INFO  ratis.ContainerStateMachine (ContainerStateMachine.java:loadSnapshot(199)) - The snapshot info is null.Setting the last applied index to:(t:0, i:~)
2019-06-14 07:29:09,209 INFO  server.RaftServerConfigKeys (ConfUtils.java:logGet(43)) - raft.server.leader.election.timeout = 120s (custom)
2019-06-14 07:29:09,209 INFO  server.RaftServerConfigKeys (ConfUtils.java:logGet(43)) - raft.server.log.use.memory = false (default)
2019-06-14 07:29:09,209 INFO  server.RaftServerConfigKeys (ConfUtils.java:logGet(43)) - raft.server.log.appender.buffer.byte-limit = 33554432 (custom)
2019-06-14 07:29:09,210 INFO  server.RaftServerConfigKeys (ConfUtils.java:logGet(43)) - raft.server.log.segment.size.max = 16384 (custom)
2019-06-14 07:29:09,210 INFO  server.RaftServerConfigKeys (ConfUtils.java:logGet(43)) - raft.server.log.segment.cache.num.max = 2 (custom)
2019-06-14 07:29:09,210 INFO  storage.RaftLogWorker (RaftLogWorker.java:<init>(123)) - new 96189b95-963f-4efc-a86c-4016dd6b8fe3-RaftLogWorker for Storage Directory /opt/src/hadoop-ozone/integration-test/target/test-dir/MiniOzoneClusterImpl-bbacad5d-8716-42fc-a219-1a3fb896ae17/datanode-4/data/ratis/9486101b-ade9-4860-bfbd-edbb4159d1f8
2019-06-14 07:29:09,210 INFO  server.RaftServerConfigKeys (ConfUtils.java:logGet(43)) - raft.server.log.queue.byte-limit = 2147483647 (custom)
2019-06-14 07:29:09,210 INFO  server.RaftServerConfigKeys (ConfUtils.java:logGet(43)) - raft.server.log.queue.element-limit = 1024 (custom)
2019-06-14 07:29:09,210 INFO  server.RaftServerConfigKeys (ConfUtils.java:logGet(43)) - raft.server.log.segment.size.max = 16384 (custom)
2019-06-14 07:29:09,210 INFO  server.RaftServerConfigKeys (ConfUtils.java:logGet(43)) - raft.server.log.preallocated.size = 16384 (custom)
2019-06-14 07:29:09,210 INFO  server.RaftServerConfigKeys (ConfUtils.java:logGet(43)) - raft.server.log.write.buffer.size = 33554432 (custom)
2019-06-14 07:29:09,210 INFO  server.RaftServerConfigKeys (ConfUtils.java:logGet(43)) - raft.server.log.force.sync.num = 128 (default)
2019-06-14 07:29:09,210 INFO  server.RaftServerConfigKeys (ConfUtils.java:logGet(43)) - raft.server.log.statemachine.data.sync = true (default)
2019-06-14 07:29:09,210 INFO  server.RaftServerConfigKeys (ConfUtils.java:logGet(43)) - raft.server.log.statemachine.data.sync.timeout = 10s (default)
2019-06-14 07:29:09,210 INFO  server.RaftServerConfigKeys (ConfUtils.java:logGet(43)) - raft.server.log.statemachine.data.sync.timeout.retry = -1 (default)
2019-06-14 07:29:09,210 INFO  server.RaftServerConfigKeys (ConfUtils.java:logGet(43)) - raft.server.log.statemachine.data.caching.enabled = true (custom)
2019-06-14 07:29:09,211 INFO  storage.RaftStorage (RaftStorage.java:format(75)) - Storage directory /opt/src/hadoop-ozone/integration-test/target/test-dir/MiniOzoneClusterImpl-bbacad5d-8716-42fc-a219-1a3fb896ae17/datanode-5/data/ratis/9486101b-ade9-4860-bfbd-edbb4159d1f8 has been successfully formatted.
2019-06-14 07:29:09,211 INFO  server.RaftServerConfigKeys (ConfUtils.java:logGet(43)) - raft.server.snapshot.auto.trigger.enabled = true (custom)
2019-06-14 07:29:09,211 INFO  ratis.ContainerStateMachine (ContainerStateMachine.java:loadSnapshot(199)) - The snapshot info is null.Setting the last applied index to:(t:0, i:~)
2019-06-14 07:29:09,211 INFO  storage.RaftStorage (RaftStorage.java:format(75)) - Storage directory /opt/src/hadoop-ozone/integration-test/target/test-dir/MiniOzoneClusterImpl-bbacad5d-8716-42fc-a219-1a3fb896ae17/datanode-3/data/ratis/9486101b-ade9-4860-bfbd-edbb4159d1f8 has been successfully formatted.
2019-06-14 07:29:09,211 INFO  server.RaftServerConfigKeys (ConfUtils.java:logGet(43)) - raft.server.leader.election.timeout = 120s (custom)
2019-06-14 07:29:09,211 INFO  server.RaftServerConfigKeys (ConfUtils.java:logGet(43)) - raft.server.log.use.memory = false (default)
2019-06-14 07:29:09,211 INFO  server.RaftServerConfigKeys (ConfUtils.java:logGet(43)) - raft.server.log.appender.buffer.byte-limit = 33554432 (custom)
2019-06-14 07:29:09,211 INFO  server.RaftServerConfigKeys (ConfUtils.java:logGet(43)) - raft.server.log.segment.size.max = 16384 (custom)
2019-06-14 07:29:09,211 INFO  server.RaftServerConfigKeys (ConfUtils.java:logGet(43)) - raft.server.snapshot.auto.trigger.threshold = 10000 (custom)
2019-06-14 07:29:09,211 INFO  ratis.ContainerStateMachine (ContainerStateMachine.java:loadSnapshot(199)) - The snapshot info is null.Setting the last applied index to:(t:0, i:~)
2019-06-14 07:29:09,211 INFO  server.RaftServerConfigKeys (ConfUtils.java:logGet(43)) - raft.server.log.segment.cache.num.max = 2 (custom)
2019-06-14 07:29:09,211 INFO  server.RaftServerConfigKeys (ConfUtils.java:logGet(43)) - raft.server.retrycache.expirytime = 600000ms (custom)
2019-06-14 07:29:09,212 INFO  storage.RaftLogWorker (RaftLogWorker.java:<init>(123)) - new 250b8f12-04a4-499e-8268-705ea4970293-RaftLogWorker for Storage Directory /opt/src/hadoop-ozone/integration-test/target/test-dir/MiniOzoneClusterImpl-bbacad5d-8716-42fc-a219-1a3fb896ae17/datanode-5/data/ratis/9486101b-ade9-4860-bfbd-edbb4159d1f8
2019-06-14 07:29:09,212 INFO  server.RaftServerConfigKeys (ConfUtils.java:logGet(43)) - raft.server.leader.election.timeout = 120s (custom)
2019-06-14 07:29:09,212 INFO  server.RaftServerConfigKeys (ConfUtils.java:logGet(43)) - raft.server.log.queue.byte-limit = 2147483647 (custom)
2019-06-14 07:29:09,212 INFO  server.RaftServerConfigKeys (ConfUtils.java:logGet(43)) - raft.server.log.queue.element-limit = 1024 (custom)
2019-06-14 07:29:09,212 INFO  server.RaftServerConfigKeys (ConfUtils.java:logGet(43)) - raft.server.log.segment.size.max = 16384 (custom)
2019-06-14 07:29:09,212 INFO  server.RaftServerConfigKeys (ConfUtils.java:logGet(43)) - raft.server.log.preallocated.size = 16384 (custom)
2019-06-14 07:29:09,212 INFO  server.RaftServerConfigKeys (ConfUtils.java:logGet(43)) - raft.server.log.write.buffer.size = 33554432 (custom)
2019-06-14 07:29:09,212 INFO  server.RaftServerConfigKeys (ConfUtils.java:logGet(43)) - raft.server.log.force.sync.num = 128 (default)
2019-06-14 07:29:09,212 INFO  server.RaftServerConfigKeys (ConfUtils.java:logGet(43)) - raft.server.log.statemachine.data.sync = true (default)
2019-06-14 07:29:09,213 INFO  server.RaftServerConfigKeys (ConfUtils.java:logGet(43)) - raft.server.log.statemachine.data.sync.timeout = 10s (default)
2019-06-14 07:29:09,213 INFO  server.RaftServerConfigKeys (ConfUtils.java:logGet(43)) - raft.server.log.statemachine.data.sync.timeout.retry = -1 (default)
2019-06-14 07:29:09,213 INFO  server.RaftServerConfigKeys (ConfUtils.java:logGet(43)) - raft.server.log.statemachine.data.caching.enabled = true (custom)
2019-06-14 07:29:09,212 INFO  impl.RaftServerImpl (RaftServerImpl.java:start(173)) - 96189b95-963f-4efc-a86c-4016dd6b8fe3: start group-EDBB4159D1F8
2019-06-14 07:29:09,212 INFO  server.RaftServerConfigKeys (ConfUtils.java:logGet(43)) - raft.server.log.use.memory = false (default)
2019-06-14 07:29:09,213 INFO  server.RaftServerConfigKeys (ConfUtils.java:logGet(43)) - raft.server.snapshot.auto.trigger.enabled = true (custom)
2019-06-14 07:29:09,213 INFO  impl.RaftServerImpl (RaftServerImpl.java:setRole(164)) - 96189b95-963f-4efc-a86c-4016dd6b8fe3:group-EDBB4159D1F8 changes role from null to FOLLOWER at term 0 for startAsFollower
2019-06-14 07:29:09,213 INFO  server.RaftServerConfigKeys (ConfUtils.java:logGet(43)) - raft.server.snapshot.auto.trigger.threshold = 10000 (custom)
2019-06-14 07:29:09,213 INFO  server.RaftServerConfigKeys (ConfUtils.java:logGet(43)) - raft.server.log.appender.buffer.byte-limit = 33554432 (custom)
2019-06-14 07:29:09,213 INFO  server.RaftServerConfigKeys (ConfUtils.java:logGet(43)) - raft.server.retrycache.expirytime = 600000ms (custom)
2019-06-14 07:29:09,213 INFO  impl.RoleInfo (RoleInfo.java:updateAndGet(143)) - 96189b95-963f-4efc-a86c-4016dd6b8fe3: start FollowerState
2019-06-14 07:29:09,214 INFO  impl.RaftServerImpl (RaftServerImpl.java:start(173)) - 250b8f12-04a4-499e-8268-705ea4970293: start group-EDBB4159D1F8
2019-06-14 07:29:09,214 INFO  impl.RaftServerImpl (RaftServerImpl.java:setRole(164)) - 250b8f12-04a4-499e-8268-705ea4970293:group-EDBB4159D1F8 changes role from null to FOLLOWER at term 0 for startAsFollower
2019-06-14 07:29:09,213 INFO  server.RaftServerConfigKeys (ConfUtils.java:logGet(43)) - raft.server.log.segment.size.max = 16384 (custom)
2019-06-14 07:29:09,214 INFO  server.RaftServerConfigKeys (ConfUtils.java:logGet(43)) - raft.server.log.segment.cache.num.max = 2 (custom)
2019-06-14 07:29:09,214 INFO  storage.RaftLogWorker (RaftLogWorker.java:<init>(123)) - new 70a47318-6868-4d3f-859e-9b55ee3e6ff5-RaftLogWorker for Storage Directory /opt/src/hadoop-ozone/integration-test/target/test-dir/MiniOzoneClusterImpl-bbacad5d-8716-42fc-a219-1a3fb896ae17/datanode-3/data/ratis/9486101b-ade9-4860-bfbd-edbb4159d1f8
2019-06-14 07:29:09,214 INFO  server.RaftServerConfigKeys (ConfUtils.java:logGet(43)) - raft.server.log.queue.byte-limit = 2147483647 (custom)
2019-06-14 07:29:09,214 INFO  server.RaftServerConfigKeys (ConfUtils.java:logGet(43)) - raft.server.log.queue.element-limit = 1024 (custom)
2019-06-14 07:29:09,214 INFO  server.RaftServerConfigKeys (ConfUtils.java:logGet(43)) - raft.server.log.segment.size.max = 16384 (custom)
2019-06-14 07:29:09,214 INFO  server.RaftServerConfigKeys (ConfUtils.java:logGet(43)) - raft.server.log.preallocated.size = 16384 (custom)
2019-06-14 07:29:09,214 INFO  server.RaftServerConfigKeys (ConfUtils.java:logGet(43)) - raft.server.log.write.buffer.size = 33554432 (custom)
2019-06-14 07:29:09,214 INFO  server.RaftServerConfigKeys (ConfUtils.java:logGet(43)) - raft.server.log.force.sync.num = 128 (default)
2019-06-14 07:29:09,214 INFO  server.RaftServerConfigKeys (ConfUtils.java:logGet(43)) - raft.server.log.statemachine.data.sync = true (default)
2019-06-14 07:29:09,215 INFO  server.RaftServerConfigKeys (ConfUtils.java:logGet(43)) - raft.server.log.statemachine.data.sync.timeout = 10s (default)
2019-06-14 07:29:09,215 INFO  server.RaftServerConfigKeys (ConfUtils.java:logGet(43)) - raft.server.log.statemachine.data.sync.timeout.retry = -1 (default)
2019-06-14 07:29:09,215 INFO  impl.RoleInfo (RoleInfo.java:updateAndGet(143)) - 250b8f12-04a4-499e-8268-705ea4970293: start FollowerState
2019-06-14 07:29:09,215 INFO  server.RaftServerConfigKeys (ConfUtils.java:logGet(43)) - raft.server.log.statemachine.data.caching.enabled = true (custom)
2019-06-14 07:29:09,215 INFO  util.JmxRegister (JmxRegister.java:tryRegister(44)) - Successfully registered JMX Bean with object name Ratis:service=RaftServer,group=group-EDBB4159D1F8,id=96189b95-963f-4efc-a86c-4016dd6b8fe3
2019-06-14 07:29:09,215 INFO  util.JmxRegister (JmxRegister.java:tryRegister(44)) - Successfully registered JMX Bean with object name Ratis:service=RaftServer,group=group-EDBB4159D1F8,id=250b8f12-04a4-499e-8268-705ea4970293
2019-06-14 07:29:09,216 INFO  server.RaftServerConfigKeys (ConfUtils.java:logGet(43)) - raft.server.snapshot.auto.trigger.enabled = true (custom)
2019-06-14 07:29:09,216 INFO  server.RaftServerConfigKeys (ConfUtils.java:logGet(43)) - raft.server.snapshot.auto.trigger.threshold = 10000 (custom)
2019-06-14 07:29:09,216 INFO  server.RaftServerConfigKeys (ConfUtils.java:logGet(43)) - raft.server.retrycache.expirytime = 600000ms (custom)
2019-06-14 07:29:09,216 INFO  impl.RaftServerImpl (RaftServerImpl.java:start(173)) - 70a47318-6868-4d3f-859e-9b55ee3e6ff5: start group-EDBB4159D1F8
2019-06-14 07:29:09,216 INFO  impl.RaftServerImpl (RaftServerImpl.java:setRole(164)) - 70a47318-6868-4d3f-859e-9b55ee3e6ff5:group-EDBB4159D1F8 changes role from null to FOLLOWER at term 0 for startAsFollower
2019-06-14 07:29:09,216 INFO  impl.RoleInfo (RoleInfo.java:updateAndGet(143)) - 70a47318-6868-4d3f-859e-9b55ee3e6ff5: start FollowerState
2019-06-14 07:29:09,217 INFO  util.JmxRegister (JmxRegister.java:tryRegister(44)) - Successfully registered JMX Bean with object name Ratis:service=RaftServer,group=group-EDBB4159D1F8,id=70a47318-6868-4d3f-859e-9b55ee3e6ff5
2019-06-14 07:29:09,219 INFO  pipeline.PipelineStateManager (PipelineStateManager.java:addPipeline(56)) - Created pipeline Pipeline[ Id: 9486101b-ade9-4860-bfbd-edbb4159d1f8, Nodes: 250b8f12-04a4-499e-8268-705ea4970293{ip: 192.168.134.69, host: ozone-tm9qp-197714850, networkLocation: /default-rack, certSerialId: null}70a47318-6868-4d3f-859e-9b55ee3e6ff5{ip: 192.168.134.69, host: ozone-tm9qp-197714850, networkLocation: /default-rack, certSerialId: null}96189b95-963f-4efc-a86c-4016dd6b8fe3{ip: 192.168.134.69, host: ozone-tm9qp-197714850, networkLocation: /default-rack, certSerialId: null}, Type:RATIS, Factor:THREE, State:OPEN]
2019-06-14 07:29:09,467 INFO  impl.FollowerState (FollowerState.java:run(101)) - ce78f6cf-40f4-46ad-98a4-4be54309b294:group-B9F6C757A469 changes to CANDIDATE, lastRpcTime:1015, electionTimeout:1015ms
2019-06-14 07:29:09,467 INFO  impl.RoleInfo (RoleInfo.java:shutdownFollowerState(121)) - ce78f6cf-40f4-46ad-98a4-4be54309b294: shutdown FollowerState
2019-06-14 07:29:09,467 INFO  impl.RaftServerImpl (RaftServerImpl.java:setRole(164)) - ce78f6cf-40f4-46ad-98a4-4be54309b294:group-B9F6C757A469 changes role from FOLLOWER to CANDIDATE at term 0 for changeToCandidate
2019-06-14 07:29:09,467 INFO  impl.RoleInfo (RoleInfo.java:updateAndGet(143)) - ce78f6cf-40f4-46ad-98a4-4be54309b294: start LeaderElection
2019-06-14 07:29:09,474 INFO  impl.LeaderElection (LeaderElection.java:askForVotes(181)) - ce78f6cf-40f4-46ad-98a4-4be54309b294:group-B9F6C757A469:LeaderElection65: begin an election at term 1 for -1: [ce78f6cf-40f4-46ad-98a4-4be54309b294:192.168.134.69:39815], old=null
2019-06-14 07:29:09,474 INFO  impl.RoleInfo (RoleInfo.java:shutdownLeaderElection(134)) - ce78f6cf-40f4-46ad-98a4-4be54309b294: shutdown LeaderElection
2019-06-14 07:29:09,474 INFO  impl.RaftServerImpl (RaftServerImpl.java:setRole(164)) - ce78f6cf-40f4-46ad-98a4-4be54309b294:group-B9F6C757A469 changes role from CANDIDATE to LEADER at term 1 for changeToLeader
2019-06-14 07:29:09,474 INFO  impl.RaftServerImpl (ServerState.java:setLeader(263)) - ce78f6cf-40f4-46ad-98a4-4be54309b294:group-B9F6C757A469 change Leader from null to ce78f6cf-40f4-46ad-98a4-4be54309b294 at term 1 for becomeLeader, leader elected after 1028ms
2019-06-14 07:29:09,474 INFO  server.RaftServerConfigKeys (ConfUtils.java:logGet(43)) - raft.server.staging.catchup.gap = 1000 (default)
2019-06-14 07:29:09,474 INFO  server.RaftServerConfigKeys (ConfUtils.java:logGet(43)) - raft.server.rpc.sleep.time = 25ms (default)
2019-06-14 07:29:09,475 INFO  server.RaftServerConfigKeys (ConfUtils.java:logGet(43)) - raft.server.watch.timeout = 10s (default)
2019-06-14 07:29:09,475 INFO  server.RaftServerConfigKeys (ConfUtils.java:logGet(43)) - raft.server.watch.timeout.denomination = 1s (default)
2019-06-14 07:29:09,475 INFO  impl.RoleInfo (RoleInfo.java:updateAndGet(143)) - ce78f6cf-40f4-46ad-98a4-4be54309b294: start LeaderState
2019-06-14 07:29:09,475 INFO  storage.RaftLogWorker (RaftLogWorker.java:startLogSegment(298)) - ce78f6cf-40f4-46ad-98a4-4be54309b294-RaftLogWorker: Starting segment from index:0
2019-06-14 07:29:09,475 INFO  impl.RaftServerImpl (ServerState.java:setRaftConf(361)) - ce78f6cf-40f4-46ad-98a4-4be54309b294:group-B9F6C757A469 set configuration 0: [ce78f6cf-40f4-46ad-98a4-4be54309b294:192.168.134.69:39815], old=null at 0
2019-06-14 07:29:09,511 INFO  impl.FollowerState (FollowerState.java:run(101)) - a726b4f5-1e21-43d9-b3b5-730cbc2032a7:group-8E8173AFF40B changes to CANDIDATE, lastRpcTime:1198, electionTimeout:1198ms
2019-06-14 07:29:09,511 INFO  impl.RoleInfo (RoleInfo.java:shutdownFollowerState(121)) - a726b4f5-1e21-43d9-b3b5-730cbc2032a7: shutdown FollowerState
2019-06-14 07:29:09,512 INFO  impl.RaftServerImpl (RaftServerImpl.java:setRole(164)) - a726b4f5-1e21-43d9-b3b5-730cbc2032a7:group-8E8173AFF40B changes role from FOLLOWER to CANDIDATE at term 0 for changeToCandidate
2019-06-14 07:29:09,512 INFO  impl.RoleInfo (RoleInfo.java:updateAndGet(143)) - a726b4f5-1e21-43d9-b3b5-730cbc2032a7: start LeaderElection
2019-06-14 07:29:09,521 INFO  storage.RaftLogWorker (RaftLogWorker.java:execute(469)) - ce78f6cf-40f4-46ad-98a4-4be54309b294-RaftLogWorker: created new log segment /opt/src/hadoop-ozone/integration-test/target/test-dir/MiniOzoneClusterImpl-bbacad5d-8716-42fc-a219-1a3fb896ae17/datanode-1/data/ratis/2ff7f971-e179-4e2b-b34e-b9f6c757a469/current/log_inprogress_0
2019-06-14 07:29:09,521 INFO  impl.LeaderElection (LeaderElection.java:askForVotes(181)) - a726b4f5-1e21-43d9-b3b5-730cbc2032a7:group-8E8173AFF40B:LeaderElection66: begin an election at term 1 for -1: [a726b4f5-1e21-43d9-b3b5-730cbc2032a7:192.168.134.69:40397], old=null
2019-06-14 07:29:09,522 INFO  impl.RoleInfo (RoleInfo.java:shutdownLeaderElection(134)) - a726b4f5-1e21-43d9-b3b5-730cbc2032a7: shutdown LeaderElection
2019-06-14 07:29:09,522 INFO  impl.RaftServerImpl (RaftServerImpl.java:setRole(164)) - a726b4f5-1e21-43d9-b3b5-730cbc2032a7:group-8E8173AFF40B changes role from CANDIDATE to LEADER at term 1 for changeToLeader
2019-06-14 07:29:09,522 INFO  impl.RaftServerImpl (ServerState.java:setLeader(263)) - a726b4f5-1e21-43d9-b3b5-730cbc2032a7:group-8E8173AFF40B change Leader from null to a726b4f5-1e21-43d9-b3b5-730cbc2032a7 at term 1 for becomeLeader, leader elected after 1210ms
2019-06-14 07:29:09,522 INFO  server.RaftServerConfigKeys (ConfUtils.java:logGet(43)) - raft.server.staging.catchup.gap = 1000 (default)
2019-06-14 07:29:09,522 INFO  server.RaftServerConfigKeys (ConfUtils.java:logGet(43)) - raft.server.rpc.sleep.time = 25ms (default)
2019-06-14 07:29:09,522 INFO  server.RaftServerConfigKeys (ConfUtils.java:logGet(43)) - raft.server.watch.timeout = 10s (default)
2019-06-14 07:29:09,522 INFO  server.RaftServerConfigKeys (ConfUtils.java:logGet(43)) - raft.server.watch.timeout.denomination = 1s (default)
2019-06-14 07:29:09,522 INFO  impl.RoleInfo (RoleInfo.java:updateAndGet(143)) - a726b4f5-1e21-43d9-b3b5-730cbc2032a7: start LeaderState
2019-06-14 07:29:09,522 INFO  storage.RaftLogWorker (RaftLogWorker.java:startLogSegment(298)) - a726b4f5-1e21-43d9-b3b5-730cbc2032a7-RaftLogWorker: Starting segment from index:0
2019-06-14 07:29:09,523 INFO  impl.RaftServerImpl (ServerState.java:setRaftConf(361)) - a726b4f5-1e21-43d9-b3b5-730cbc2032a7:group-8E8173AFF40B set configuration 0: [a726b4f5-1e21-43d9-b3b5-730cbc2032a7:192.168.134.69:40397], old=null at 0
2019-06-14 07:29:09,557 INFO  storage.RaftLogWorker (RaftLogWorker.java:execute(469)) - a726b4f5-1e21-43d9-b3b5-730cbc2032a7-RaftLogWorker: created new log segment /opt/src/hadoop-ozone/integration-test/target/test-dir/MiniOzoneClusterImpl-bbacad5d-8716-42fc-a219-1a3fb896ae17/datanode-0/data/ratis/0ddcc1b1-f579-4e23-ab83-8e8173aff40b/current/log_inprogress_0
2019-06-14 07:29:09,658 INFO  impl.FollowerState (FollowerState.java:run(101)) - c07fdf2c-b795-4f69-8d68-1433255033e1:group-C9C74179486B changes to CANDIDATE, lastRpcTime:1034, electionTimeout:1034ms
2019-06-14 07:29:09,658 INFO  impl.RoleInfo (RoleInfo.java:shutdownFollowerState(121)) - c07fdf2c-b795-4f69-8d68-1433255033e1: shutdown FollowerState
2019-06-14 07:29:09,658 INFO  impl.RaftServerImpl (RaftServerImpl.java:setRole(164)) - c07fdf2c-b795-4f69-8d68-1433255033e1:group-C9C74179486B changes role from FOLLOWER to CANDIDATE at term 0 for changeToCandidate
2019-06-14 07:29:09,658 INFO  impl.RoleInfo (RoleInfo.java:updateAndGet(143)) - c07fdf2c-b795-4f69-8d68-1433255033e1: start LeaderElection
2019-06-14 07:29:09,666 INFO  impl.LeaderElection (LeaderElection.java:askForVotes(181)) - c07fdf2c-b795-4f69-8d68-1433255033e1:group-C9C74179486B:LeaderElection67: begin an election at term 1 for -1: [c07fdf2c-b795-4f69-8d68-1433255033e1:192.168.134.69:44383], old=null
2019-06-14 07:29:09,666 INFO  impl.RoleInfo (RoleInfo.java:shutdownLeaderElection(134)) - c07fdf2c-b795-4f69-8d68-1433255033e1: shutdown LeaderElection
2019-06-14 07:29:09,666 INFO  impl.RaftServerImpl (RaftServerImpl.java:setRole(164)) - c07fdf2c-b795-4f69-8d68-1433255033e1:group-C9C74179486B changes role from CANDIDATE to LEADER at term 1 for changeToLeader
2019-06-14 07:29:09,666 INFO  impl.RaftServerImpl (ServerState.java:setLeader(263)) - c07fdf2c-b795-4f69-8d68-1433255033e1:group-C9C74179486B change Leader from null to c07fdf2c-b795-4f69-8d68-1433255033e1 at term 1 for becomeLeader, leader elected after 1043ms
2019-06-14 07:29:09,666 INFO  server.RaftServerConfigKeys (ConfUtils.java:logGet(43)) - raft.server.staging.catchup.gap = 1000 (default)
2019-06-14 07:29:09,666 INFO  server.RaftServerConfigKeys (ConfUtils.java:logGet(43)) - raft.server.rpc.sleep.time = 25ms (default)
2019-06-14 07:29:09,666 INFO  server.RaftServerConfigKeys (ConfUtils.java:logGet(43)) - raft.server.watch.timeout = 10s (default)
2019-06-14 07:29:09,666 INFO  server.RaftServerConfigKeys (ConfUtils.java:logGet(43)) - raft.server.watch.timeout.denomination = 1s (default)
2019-06-14 07:29:09,667 INFO  impl.RoleInfo (RoleInfo.java:updateAndGet(143)) - c07fdf2c-b795-4f69-8d68-1433255033e1: start LeaderState
2019-06-14 07:29:09,667 INFO  storage.RaftLogWorker (RaftLogWorker.java:startLogSegment(298)) - c07fdf2c-b795-4f69-8d68-1433255033e1-RaftLogWorker: Starting segment from index:0
2019-06-14 07:29:09,670 INFO  impl.RaftServerImpl (ServerState.java:setRaftConf(361)) - c07fdf2c-b795-4f69-8d68-1433255033e1:group-C9C74179486B set configuration 0: [c07fdf2c-b795-4f69-8d68-1433255033e1:192.168.134.69:44383], old=null at 0
2019-06-14 07:29:09,702 INFO  storage.RaftLogWorker (RaftLogWorker.java:execute(469)) - c07fdf2c-b795-4f69-8d68-1433255033e1-RaftLogWorker: created new log segment /opt/src/hadoop-ozone/integration-test/target/test-dir/MiniOzoneClusterImpl-bbacad5d-8716-42fc-a219-1a3fb896ae17/datanode-2/data/ratis/96b64d75-744d-42ed-98dd-c9c74179486b/current/log_inprogress_0
2019-06-14 07:29:09,729 INFO  impl.FollowerState (FollowerState.java:run(101)) - ce78f6cf-40f4-46ad-98a4-4be54309b294:group-A80EFF5D1E53 changes to CANDIDATE, lastRpcTime:1082, electionTimeout:1082ms
2019-06-14 07:29:09,730 INFO  impl.RoleInfo (RoleInfo.java:shutdownFollowerState(121)) - ce78f6cf-40f4-46ad-98a4-4be54309b294: shutdown FollowerState
2019-06-14 07:29:09,730 INFO  impl.RaftServerImpl (RaftServerImpl.java:setRole(164)) - ce78f6cf-40f4-46ad-98a4-4be54309b294:group-A80EFF5D1E53 changes role from FOLLOWER to CANDIDATE at term 0 for changeToCandidate
2019-06-14 07:29:09,730 INFO  impl.RoleInfo (RoleInfo.java:updateAndGet(143)) - ce78f6cf-40f4-46ad-98a4-4be54309b294: start LeaderElection
2019-06-14 07:29:09,737 INFO  impl.LeaderElection (LeaderElection.java:askForVotes(181)) - ce78f6cf-40f4-46ad-98a4-4be54309b294:group-A80EFF5D1E53:LeaderElection68: begin an election at term 1 for -1: [a726b4f5-1e21-43d9-b3b5-730cbc2032a7:192.168.134.69:40397, ce78f6cf-40f4-46ad-98a4-4be54309b294:192.168.134.69:39815, c07fdf2c-b795-4f69-8d68-1433255033e1:192.168.134.69:44383], old=null
2019-06-14 07:29:09,750 INFO  impl.FollowerState (FollowerState.java:run(101)) - a726b4f5-1e21-43d9-b3b5-730cbc2032a7:group-A80EFF5D1E53 changes to CANDIDATE, lastRpcTime:1103, electionTimeout:1102ms
2019-06-14 07:29:09,750 INFO  impl.RaftServerImpl (RaftServerImpl.java:setRole(164)) - c07fdf2c-b795-4f69-8d68-1433255033e1:group-A80EFF5D1E53 changes role from FOLLOWER to FOLLOWER at term 1 for recognizeCandidate:ce78f6cf-40f4-46ad-98a4-4be54309b294
2019-06-14 07:29:09,750 INFO  impl.RoleInfo (RoleInfo.java:shutdownFollowerState(121)) - c07fdf2c-b795-4f69-8d68-1433255033e1: shutdown FollowerState
2019-06-14 07:29:09,750 INFO  impl.RoleInfo (RoleInfo.java:updateAndGet(143)) - c07fdf2c-b795-4f69-8d68-1433255033e1: start FollowerState
2019-06-14 07:29:09,750 INFO  impl.RoleInfo (RoleInfo.java:shutdownFollowerState(121)) - a726b4f5-1e21-43d9-b3b5-730cbc2032a7: shutdown FollowerState
2019-06-14 07:29:09,750 INFO  impl.RaftServerImpl (RaftServerImpl.java:setRole(164)) - a726b4f5-1e21-43d9-b3b5-730cbc2032a7:group-A80EFF5D1E53 changes role from FOLLOWER to CANDIDATE at term 0 for changeToCandidate
2019-06-14 07:29:09,750 INFO  impl.FollowerState (FollowerState.java:run(109)) - c07fdf2c-b795-4f69-8d68-1433255033e1: FollowerState was interrupted: java.lang.InterruptedException: sleep interrupted
2019-06-14 07:29:09,751 INFO  impl.RoleInfo (RoleInfo.java:updateAndGet(143)) - a726b4f5-1e21-43d9-b3b5-730cbc2032a7: start LeaderElection
2019-06-14 07:29:09,763 INFO  impl.RaftServerImpl (RaftServerImpl.java:setRole(164)) - a726b4f5-1e21-43d9-b3b5-730cbc2032a7:group-A80EFF5D1E53 changes role from CANDIDATE to FOLLOWER at term 1 for recognizeCandidate:ce78f6cf-40f4-46ad-98a4-4be54309b294
2019-06-14 07:29:09,763 INFO  impl.RoleInfo (RoleInfo.java:shutdownLeaderElection(134)) - a726b4f5-1e21-43d9-b3b5-730cbc2032a7: shutdown LeaderElection
2019-06-14 07:29:09,763 INFO  impl.RoleInfo (RoleInfo.java:updateAndGet(143)) - a726b4f5-1e21-43d9-b3b5-730cbc2032a7: start FollowerState
2019-06-14 07:29:09,766 INFO  impl.LeaderElection (LeaderElection.java:logAndReturn(56)) - ce78f6cf-40f4-46ad-98a4-4be54309b294:group-A80EFF5D1E53:LeaderElection68: Election PASSED; received 2 response(s) [ce78f6cf-40f4-46ad-98a4-4be54309b294->a726b4f5-1e21-43d9-b3b5-730cbc2032a7,false-t1, ce78f6cf-40f4-46ad-98a4-4be54309b294->c07fdf2c-b795-4f69-8d68-1433255033e1,true-t1] and 0 exception(s); ce78f6cf-40f4-46ad-98a4-4be54309b294:t1, leader=null, voted=ce78f6cf-40f4-46ad-98a4-4be54309b294, raftlog=ce78f6cf-40f4-46ad-98a4-4be54309b294-SegmentedRaftLog:OPENED:c-1,f-1,i0, conf=-1: [a726b4f5-1e21-43d9-b3b5-730cbc2032a7:192.168.134.69:40397, ce78f6cf-40f4-46ad-98a4-4be54309b294:192.168.134.69:39815, c07fdf2c-b795-4f69-8d68-1433255033e1:192.168.134.69:44383], old=null
2019-06-14 07:29:09,767 INFO  impl.RoleInfo (RoleInfo.java:shutdownLeaderElection(134)) - ce78f6cf-40f4-46ad-98a4-4be54309b294: shutdown LeaderElection
2019-06-14 07:29:09,767 INFO  impl.RaftServerImpl (RaftServerImpl.java:setRole(164)) - ce78f6cf-40f4-46ad-98a4-4be54309b294:group-A80EFF5D1E53 changes role from CANDIDATE to LEADER at term 1 for changeToLeader
2019-06-14 07:29:09,767 INFO  impl.RaftServerImpl (ServerState.java:setLeader(263)) - ce78f6cf-40f4-46ad-98a4-4be54309b294:group-A80EFF5D1E53 change Leader from null to ce78f6cf-40f4-46ad-98a4-4be54309b294 at term 1 for becomeLeader, leader elected after 1124ms
2019-06-14 07:29:09,767 INFO  server.RaftServerConfigKeys (ConfUtils.java:logGet(43)) - raft.server.staging.catchup.gap = 1000 (default)
2019-06-14 07:29:09,767 INFO  server.RaftServerConfigKeys (ConfUtils.java:logGet(43)) - raft.server.rpc.sleep.time = 25ms (default)
2019-06-14 07:29:09,767 INFO  server.RaftServerConfigKeys (ConfUtils.java:logGet(43)) - raft.server.watch.timeout = 10s (default)
2019-06-14 07:29:09,767 INFO  server.RaftServerConfigKeys (ConfUtils.java:logGet(43)) - raft.server.watch.timeout.denomination = 1s (default)
2019-06-14 07:29:09,767 INFO  server.RaftServerConfigKeys (ConfUtils.java:logGet(43)) - raft.server.log.appender.snapshot.chunk.size.max = 16MB (=16777216) (default)
2019-06-14 07:29:09,767 INFO  server.RaftServerConfigKeys (ConfUtils.java:logGet(43)) - raft.server.log.appender.buffer.byte-limit = 33554432 (custom)
2019-06-14 07:29:09,767 INFO  server.RaftServerConfigKeys (ConfUtils.java:logGet(43)) - raft.server.log.appender.buffer.element-limit = 1 (custom)
2019-06-14 07:29:09,767 INFO  grpc.GrpcConfigKeys$Server (ConfUtils.java:logGet(43)) - raft.grpc.server.leader.outstanding.appends.max = 128 (default)
2019-06-14 07:29:09,767 INFO  server.RaftServerConfigKeys (ConfUtils.java:logGet(43)) - raft.server.rpc.request.timeout = 3000ms (default)
2019-06-14 07:29:09,768 INFO  server.RaftServerConfigKeys (ConfUtils.java:logGet(43)) - raft.server.log.appender.install.snapshot.enabled = true (default)
2019-06-14 07:29:09,768 INFO  server.RaftServerConfigKeys (ConfUtils.java:logGet(43)) - raft.server.log.appender.snapshot.chunk.size.max = 16MB (=16777216) (default)
2019-06-14 07:29:09,768 INFO  server.RaftServerConfigKeys (ConfUtils.java:logGet(43)) - raft.server.log.appender.buffer.byte-limit = 33554432 (custom)
2019-06-14 07:29:09,768 INFO  server.RaftServerConfigKeys (ConfUtils.java:logGet(43)) - raft.server.log.appender.buffer.element-limit = 1 (custom)
2019-06-14 07:29:09,768 INFO  grpc.GrpcConfigKeys$Server (ConfUtils.java:logGet(43)) - raft.grpc.server.leader.outstanding.appends.max = 128 (default)
2019-06-14 07:29:09,768 INFO  server.RaftServerConfigKeys (ConfUtils.java:logGet(43)) - raft.server.rpc.request.timeout = 3000ms (default)
2019-06-14 07:29:09,768 INFO  server.RaftServerConfigKeys (ConfUtils.java:logGet(43)) - raft.server.log.appender.install.snapshot.enabled = true (default)
2019-06-14 07:29:09,768 INFO  impl.RoleInfo (RoleInfo.java:updateAndGet(143)) - ce78f6cf-40f4-46ad-98a4-4be54309b294: start LeaderState
2019-06-14 07:29:09,768 INFO  storage.RaftLogWorker (RaftLogWorker.java:startLogSegment(298)) - ce78f6cf-40f4-46ad-98a4-4be54309b294-RaftLogWorker: Starting segment from index:0
2019-06-14 07:29:09,774 INFO  impl.RaftServerImpl (ServerState.java:setLeader(263)) - a726b4f5-1e21-43d9-b3b5-730cbc2032a7:group-A80EFF5D1E53 change Leader from null to ce78f6cf-40f4-46ad-98a4-4be54309b294 at term 1 for appendEntries, leader elected after 1132ms
2019-06-14 07:29:09,780 INFO  impl.RaftServerImpl (ServerState.java:setRaftConf(361)) - ce78f6cf-40f4-46ad-98a4-4be54309b294:group-A80EFF5D1E53 set configuration 0: [a726b4f5-1e21-43d9-b3b5-730cbc2032a7:192.168.134.69:40397, ce78f6cf-40f4-46ad-98a4-4be54309b294:192.168.134.69:39815, c07fdf2c-b795-4f69-8d68-1433255033e1:192.168.134.69:44383], old=null at 0
2019-06-14 07:29:09,787 INFO  impl.RaftServerImpl (ServerState.java:setRaftConf(361)) - a726b4f5-1e21-43d9-b3b5-730cbc2032a7:group-A80EFF5D1E53 set configuration 0: [a726b4f5-1e21-43d9-b3b5-730cbc2032a7:192.168.134.69:40397, ce78f6cf-40f4-46ad-98a4-4be54309b294:192.168.134.69:39815, c07fdf2c-b795-4f69-8d68-1433255033e1:192.168.134.69:44383], old=null at 0
2019-06-14 07:29:09,787 INFO  storage.RaftLogWorker (RaftLogWorker.java:startLogSegment(298)) - a726b4f5-1e21-43d9-b3b5-730cbc2032a7-RaftLogWorker: Starting segment from index:0
2019-06-14 07:29:09,811 INFO  impl.RaftServerImpl (ServerState.java:setLeader(263)) - c07fdf2c-b795-4f69-8d68-1433255033e1:group-A80EFF5D1E53 change Leader from null to ce78f6cf-40f4-46ad-98a4-4be54309b294 at term 1 for appendEntries, leader elected after 1169ms
2019-06-14 07:29:09,814 INFO  storage.RaftLogWorker (RaftLogWorker.java:execute(469)) - ce78f6cf-40f4-46ad-98a4-4be54309b294-RaftLogWorker: created new log segment /opt/src/hadoop-ozone/integration-test/target/test-dir/MiniOzoneClusterImpl-bbacad5d-8716-42fc-a219-1a3fb896ae17/datanode-1/data/ratis/b5f71da7-4810-4545-b6d4-a80eff5d1e53/current/log_inprogress_0
2019-06-14 07:29:09,822 INFO  impl.RaftServerImpl (ServerState.java:setRaftConf(361)) - c07fdf2c-b795-4f69-8d68-1433255033e1:group-A80EFF5D1E53 set configuration 0: [a726b4f5-1e21-43d9-b3b5-730cbc2032a7:192.168.134.69:40397, ce78f6cf-40f4-46ad-98a4-4be54309b294:192.168.134.69:39815, c07fdf2c-b795-4f69-8d68-1433255033e1:192.168.134.69:44383], old=null at 0
2019-06-14 07:29:09,822 INFO  storage.RaftLogWorker (RaftLogWorker.java:startLogSegment(298)) - c07fdf2c-b795-4f69-8d68-1433255033e1-RaftLogWorker: Starting segment from index:0
2019-06-14 07:29:09,841 INFO  storage.RaftLogWorker (RaftLogWorker.java:execute(469)) - a726b4f5-1e21-43d9-b3b5-730cbc2032a7-RaftLogWorker: created new log segment /opt/src/hadoop-ozone/integration-test/target/test-dir/MiniOzoneClusterImpl-bbacad5d-8716-42fc-a219-1a3fb896ae17/datanode-0/data/ratis/b5f71da7-4810-4545-b6d4-a80eff5d1e53/current/log_inprogress_0
2019-06-14 07:29:09,862 INFO  storage.RaftLogWorker (RaftLogWorker.java:execute(469)) - c07fdf2c-b795-4f69-8d68-1433255033e1-RaftLogWorker: created new log segment /opt/src/hadoop-ozone/integration-test/target/test-dir/MiniOzoneClusterImpl-bbacad5d-8716-42fc-a219-1a3fb896ae17/datanode-2/data/ratis/b5f71da7-4810-4545-b6d4-a80eff5d1e53/current/log_inprogress_0
2019-06-14 07:29:09,900 INFO  impl.FollowerState (FollowerState.java:run(101)) - 70a47318-6868-4d3f-859e-9b55ee3e6ff5:group-1B8892D53542 changes to CANDIDATE, lastRpcTime:1129, electionTimeout:1129ms
2019-06-14 07:29:09,900 INFO  impl.RoleInfo (RoleInfo.java:shutdownFollowerState(121)) - 70a47318-6868-4d3f-859e-9b55ee3e6ff5: shutdown FollowerState
2019-06-14 07:29:09,900 INFO  impl.RaftServerImpl (RaftServerImpl.java:setRole(164)) - 70a47318-6868-4d3f-859e-9b55ee3e6ff5:group-1B8892D53542 changes role from FOLLOWER to CANDIDATE at term 0 for changeToCandidate
2019-06-14 07:29:09,900 INFO  impl.RoleInfo (RoleInfo.java:updateAndGet(143)) - 70a47318-6868-4d3f-859e-9b55ee3e6ff5: start LeaderElection
2019-06-14 07:29:09,906 INFO  impl.LeaderElection (LeaderElection.java:askForVotes(181)) - 70a47318-6868-4d3f-859e-9b55ee3e6ff5:group-1B8892D53542:LeaderElection70: begin an election at term 1 for -1: [70a47318-6868-4d3f-859e-9b55ee3e6ff5:192.168.134.69:43427], old=null
2019-06-14 07:29:09,906 INFO  impl.RoleInfo (RoleInfo.java:shutdownLeaderElection(134)) - 70a47318-6868-4d3f-859e-9b55ee3e6ff5: shutdown LeaderElection
2019-06-14 07:29:09,906 INFO  impl.RaftServerImpl (RaftServerImpl.java:setRole(164)) - 70a47318-6868-4d3f-859e-9b55ee3e6ff5:group-1B8892D53542 changes role from CANDIDATE to LEADER at term 1 for changeToLeader
2019-06-14 07:29:09,906 INFO  impl.RaftServerImpl (ServerState.java:setLeader(263)) - 70a47318-6868-4d3f-859e-9b55ee3e6ff5:group-1B8892D53542 change Leader from null to 70a47318-6868-4d3f-859e-9b55ee3e6ff5 at term 1 for becomeLeader, leader elected after 1137ms
2019-06-14 07:29:09,906 INFO  server.RaftServerConfigKeys (ConfUtils.java:logGet(43)) - raft.server.staging.catchup.gap = 1000 (default)
2019-06-14 07:29:09,906 INFO  server.RaftServerConfigKeys (ConfUtils.java:logGet(43)) - raft.server.rpc.sleep.time = 25ms (default)
2019-06-14 07:29:09,906 INFO  server.RaftServerConfigKeys (ConfUtils.java:logGet(43)) - raft.server.watch.timeout = 10s (default)
2019-06-14 07:29:09,906 INFO  server.RaftServerConfigKeys (ConfUtils.java:logGet(43)) - raft.server.watch.timeout.denomination = 1s (default)
2019-06-14 07:29:09,906 INFO  impl.RoleInfo (RoleInfo.java:updateAndGet(143)) - 70a47318-6868-4d3f-859e-9b55ee3e6ff5: start LeaderState
2019-06-14 07:29:09,906 INFO  storage.RaftLogWorker (RaftLogWorker.java:startLogSegment(298)) - 70a47318-6868-4d3f-859e-9b55ee3e6ff5-RaftLogWorker: Starting segment from index:0
2019-06-14 07:29:09,907 INFO  impl.RaftServerImpl (ServerState.java:setRaftConf(361)) - 70a47318-6868-4d3f-859e-9b55ee3e6ff5:group-1B8892D53542 set configuration 0: [70a47318-6868-4d3f-859e-9b55ee3e6ff5:192.168.134.69:43427], old=null at 0
2019-06-14 07:29:09,941 INFO  storage.RaftLogWorker (RaftLogWorker.java:execute(469)) - 70a47318-6868-4d3f-859e-9b55ee3e6ff5-RaftLogWorker: created new log segment /opt/src/hadoop-ozone/integration-test/target/test-dir/MiniOzoneClusterImpl-bbacad5d-8716-42fc-a219-1a3fb896ae17/datanode-3/data/ratis/020b2bb3-1f66-4d33-ab46-1b8892d53542/current/log_inprogress_0
2019-06-14 07:29:10,166 INFO  ozone.MiniOzoneClusterImpl (MiniOzoneClusterImpl.java:lambda$waitForClusterToBeReady$0(142)) - Cluster is ready. Got 6 of 6 DN Heartbeats.
2019-06-14 07:29:10,187 INFO  rpc.RpcClient (RpcClient.java:createVolume(289)) - Creating Volume: datanodefailurehandlingtest, with root as owner.
2019-06-14 07:29:10,189 INFO  impl.FollowerState (FollowerState.java:run(101)) - 96189b95-963f-4efc-a86c-4016dd6b8fe3:group-57A947BDB9BA changes to CANDIDATE, lastRpcTime:1150, electionTimeout:1150ms
2019-06-14 07:29:10,189 INFO  impl.RoleInfo (RoleInfo.java:shutdownFollowerState(121)) - 96189b95-963f-4efc-a86c-4016dd6b8fe3: shutdown FollowerState
2019-06-14 07:29:10,189 INFO  impl.RaftServerImpl (RaftServerImpl.java:setRole(164)) - 96189b95-963f-4efc-a86c-4016dd6b8fe3:group-57A947BDB9BA changes role from FOLLOWER to CANDIDATE at term 0 for changeToCandidate
2019-06-14 07:29:10,189 INFO  impl.RoleInfo (RoleInfo.java:updateAndGet(143)) - 96189b95-963f-4efc-a86c-4016dd6b8fe3: start LeaderElection
2019-06-14 07:29:10,195 INFO  rpc.RpcClient (RpcClient.java:createBucket(426)) - Creating Bucket: datanodefailurehandlingtest/datanodefailurehandlingtest, with Versioning false and Storage Type set to DISK and Encryption set to false 
2019-06-14 07:29:10,198 INFO  impl.LeaderElection (LeaderElection.java:askForVotes(181)) - 96189b95-963f-4efc-a86c-4016dd6b8fe3:group-57A947BDB9BA:LeaderElection71: begin an election at term 1 for -1: [96189b95-963f-4efc-a86c-4016dd6b8fe3:192.168.134.69:42505], old=null
2019-06-14 07:29:10,198 INFO  impl.RoleInfo (RoleInfo.java:shutdownLeaderElection(134)) - 96189b95-963f-4efc-a86c-4016dd6b8fe3: shutdown LeaderElection
2019-06-14 07:29:10,198 INFO  impl.RaftServerImpl (RaftServerImpl.java:setRole(164)) - 96189b95-963f-4efc-a86c-4016dd6b8fe3:group-57A947BDB9BA changes role from CANDIDATE to LEADER at term 1 for changeToLeader
2019-06-14 07:29:10,198 INFO  impl.RaftServerImpl (ServerState.java:setLeader(263)) - 96189b95-963f-4efc-a86c-4016dd6b8fe3:group-57A947BDB9BA change Leader from null to 96189b95-963f-4efc-a86c-4016dd6b8fe3 at term 1 for becomeLeader, leader elected after 1162ms
2019-06-14 07:29:10,198 INFO  server.RaftServerConfigKeys (ConfUtils.java:logGet(43)) - raft.server.staging.catchup.gap = 1000 (default)
2019-06-14 07:29:10,198 INFO  server.RaftServerConfigKeys (ConfUtils.java:logGet(43)) - raft.server.rpc.sleep.time = 25ms (default)
2019-06-14 07:29:10,199 INFO  server.RaftServerConfigKeys (ConfUtils.java:logGet(43)) - raft.server.watch.timeout = 10s (default)
2019-06-14 07:29:10,199 INFO  server.RaftServerConfigKeys (ConfUtils.java:logGet(43)) - raft.server.watch.timeout.denomination = 1s (default)
2019-06-14 07:29:10,199 INFO  impl.RoleInfo (RoleInfo.java:updateAndGet(143)) - 96189b95-963f-4efc-a86c-4016dd6b8fe3: start LeaderState
2019-06-14 07:29:10,199 INFO  storage.RaftLogWorker (RaftLogWorker.java:startLogSegment(298)) - 96189b95-963f-4efc-a86c-4016dd6b8fe3-RaftLogWorker: Starting segment from index:0
2019-06-14 07:29:10,200 INFO  impl.RaftServerImpl (ServerState.java:setRaftConf(361)) - 96189b95-963f-4efc-a86c-4016dd6b8fe3:group-57A947BDB9BA set configuration 0: [96189b95-963f-4efc-a86c-4016dd6b8fe3:192.168.134.69:42505], old=null at 0
2019-06-14 07:29:10,212 INFO  impl.FollowerState (FollowerState.java:run(101)) - 250b8f12-04a4-499e-8268-705ea4970293:group-2AA7A4B2D06F changes to CANDIDATE, lastRpcTime:1025, electionTimeout:1020ms
2019-06-14 07:29:10,212 INFO  impl.RoleInfo (RoleInfo.java:shutdownFollowerState(121)) - 250b8f12-04a4-499e-8268-705ea4970293: shutdown FollowerState
2019-06-14 07:29:10,212 INFO  impl.RaftServerImpl (RaftServerImpl.java:setRole(164)) - 250b8f12-04a4-499e-8268-705ea4970293:group-2AA7A4B2D06F changes role from FOLLOWER to CANDIDATE at term 0 for changeToCandidate
2019-06-14 07:29:10,212 INFO  impl.RoleInfo (RoleInfo.java:updateAndGet(143)) - 250b8f12-04a4-499e-8268-705ea4970293: start LeaderElection
2019-06-14 07:29:10,243 INFO  storage.RaftLogWorker (RaftLogWorker.java:execute(469)) - 96189b95-963f-4efc-a86c-4016dd6b8fe3-RaftLogWorker: created new log segment /opt/src/hadoop-ozone/integration-test/target/test-dir/MiniOzoneClusterImpl-bbacad5d-8716-42fc-a219-1a3fb896ae17/datanode-4/data/ratis/32de18ce-1b88-40a2-87d4-57a947bdb9ba/current/log_inprogress_0
2019-06-14 07:29:10,246 INFO  impl.FollowerState (FollowerState.java:run(101)) - 70a47318-6868-4d3f-859e-9b55ee3e6ff5:group-EDBB4159D1F8 changes to CANDIDATE, lastRpcTime:1029, electionTimeout:1029ms
2019-06-14 07:29:10,246 INFO  impl.LeaderElection (LeaderElection.java:askForVotes(181)) - 250b8f12-04a4-499e-8268-705ea4970293:group-2AA7A4B2D06F:LeaderElection72: begin an election at term 1 for -1: [250b8f12-04a4-499e-8268-705ea4970293:192.168.134.69:41855], old=null
2019-06-14 07:29:10,246 INFO  impl.RoleInfo (RoleInfo.java:shutdownFollowerState(121)) - 70a47318-6868-4d3f-859e-9b55ee3e6ff5: shutdown FollowerState
2019-06-14 07:29:10,246 INFO  impl.RoleInfo (RoleInfo.java:shutdownLeaderElection(134)) - 250b8f12-04a4-499e-8268-705ea4970293: shutdown LeaderElection
2019-06-14 07:29:10,246 INFO  impl.RaftServerImpl (RaftServerImpl.java:setRole(164)) - 70a47318-6868-4d3f-859e-9b55ee3e6ff5:group-EDBB4159D1F8 changes role from FOLLOWER to CANDIDATE at term 0 for changeToCandidate
2019-06-14 07:29:10,246 INFO  impl.RoleInfo (RoleInfo.java:updateAndGet(143)) - 70a47318-6868-4d3f-859e-9b55ee3e6ff5: start LeaderElection
2019-06-14 07:29:10,246 INFO  impl.RaftServerImpl (RaftServerImpl.java:setRole(164)) - 250b8f12-04a4-499e-8268-705ea4970293:group-2AA7A4B2D06F changes role from CANDIDATE to LEADER at term 1 for changeToLeader
2019-06-14 07:29:10,247 INFO  impl.RaftServerImpl (ServerState.java:setLeader(263)) - 250b8f12-04a4-499e-8268-705ea4970293:group-2AA7A4B2D06F change Leader from null to 250b8f12-04a4-499e-8268-705ea4970293 at term 1 for becomeLeader, leader elected after 1068ms
2019-06-14 07:29:10,247 INFO  server.RaftServerConfigKeys (ConfUtils.java:logGet(43)) - raft.server.staging.catchup.gap = 1000 (default)
2019-06-14 07:29:10,247 INFO  server.RaftServerConfigKeys (ConfUtils.java:logGet(43)) - raft.server.rpc.sleep.time = 25ms (default)
2019-06-14 07:29:10,249 INFO  server.RaftServerConfigKeys (ConfUtils.java:logGet(43)) - raft.server.watch.timeout = 10s (default)
2019-06-14 07:29:10,249 INFO  server.RaftServerConfigKeys (ConfUtils.java:logGet(43)) - raft.server.watch.timeout.denomination = 1s (default)
2019-06-14 07:29:10,250 INFO  impl.RoleInfo (RoleInfo.java:updateAndGet(143)) - 250b8f12-04a4-499e-8268-705ea4970293: start LeaderState
2019-06-14 07:29:10,250 INFO  storage.RaftLogWorker (RaftLogWorker.java:startLogSegment(298)) - 250b8f12-04a4-499e-8268-705ea4970293-RaftLogWorker: Starting segment from index:0
2019-06-14 07:29:10,274 INFO  impl.RaftServerImpl (ServerState.java:setRaftConf(361)) - 250b8f12-04a4-499e-8268-705ea4970293:group-2AA7A4B2D06F set configuration 0: [250b8f12-04a4-499e-8268-705ea4970293:192.168.134.69:41855], old=null at 0
2019-06-14 07:29:10,290 INFO  impl.FollowerState (FollowerState.java:run(101)) - 96189b95-963f-4efc-a86c-4016dd6b8fe3:group-EDBB4159D1F8 changes to CANDIDATE, lastRpcTime:1077, electionTimeout:1073ms
2019-06-14 07:29:10,291 INFO  impl.RoleInfo (RoleInfo.java:shutdownFollowerState(121)) - 96189b95-963f-4efc-a86c-4016dd6b8fe3: shutdown FollowerState
2019-06-14 07:29:10,293 INFO  impl.FollowerState (FollowerState.java:run(101)) - 250b8f12-04a4-499e-8268-705ea4970293:group-EDBB4159D1F8 changes to CANDIDATE, lastRpcTime:1078, electionTimeout:1068ms
2019-06-14 07:29:10,293 INFO  impl.RoleInfo (RoleInfo.java:shutdownFollowerState(121)) - 250b8f12-04a4-499e-8268-705ea4970293: shutdown FollowerState
2019-06-14 07:29:10,293 INFO  impl.RaftServerImpl (RaftServerImpl.java:setRole(164)) - 250b8f12-04a4-499e-8268-705ea4970293:group-EDBB4159D1F8 changes role from FOLLOWER to CANDIDATE at term 0 for changeToCandidate
2019-06-14 07:29:10,294 INFO  impl.RoleInfo (RoleInfo.java:updateAndGet(143)) - 250b8f12-04a4-499e-8268-705ea4970293: start LeaderElection
2019-06-14 07:29:10,293 INFO  impl.RaftServerImpl (RaftServerImpl.java:setRole(164)) - 96189b95-963f-4efc-a86c-4016dd6b8fe3:group-EDBB4159D1F8 changes role from FOLLOWER to CANDIDATE at term 0 for changeToCandidate
2019-06-14 07:29:10,294 INFO  impl.RoleInfo (RoleInfo.java:updateAndGet(143)) - 96189b95-963f-4efc-a86c-4016dd6b8fe3: start LeaderElection
2019-06-14 07:29:10,294 INFO  client.GrpcClientProtocolClient (GrpcClientProtocolClient.java:onNext(254)) - client-039B51D37E93->250b8f12-04a4-499e-8268-705ea4970293: receive RaftClientReply:client-039B51D37E93->250b8f12-04a4-499e-8268-705ea4970293@group-EDBB4159D1F8, cid=152, FAILED org.apache.ratis.protocol.NotLeaderException: Server 250b8f12-04a4-499e-8268-705ea4970293 is not the leader (96189b95-963f-4efc-a86c-4016dd6b8fe3:192.168.134.69:42505). Request must be sent to leader., logIndex=0, commits[250b8f12-04a4-499e-8268-705ea4970293:c-1]
2019-06-14 07:29:10,296 INFO  storage.RaftLogWorker (RaftLogWorker.java:execute(469)) - 250b8f12-04a4-499e-8268-705ea4970293-RaftLogWorker: created new log segment /opt/src/hadoop-ozone/integration-test/target/test-dir/MiniOzoneClusterImpl-bbacad5d-8716-42fc-a219-1a3fb896ae17/datanode-5/data/ratis/d5a84966-a1a4-44b0-8e43-2aa7a4b2d06f/current/log_inprogress_0
2019-06-14 07:29:10,305 WARN  client.GrpcClientProtocolService (LogUtils.java:warn(134)) - 0-OrderedRequestStreamObserver0: onError: org.apache.ratis.thirdparty.io.grpc.StatusRuntimeException: CANCELLED: cancelled before receiving half close
2019-06-14 07:29:10,305 INFO  impl.LeaderElection (LeaderElection.java:askForVotes(181)) - 70a47318-6868-4d3f-859e-9b55ee3e6ff5:group-EDBB4159D1F8:LeaderElection73: begin an election at term 1 for -1: [70a47318-6868-4d3f-859e-9b55ee3e6ff5:192.168.134.69:43427, 250b8f12-04a4-499e-8268-705ea4970293:192.168.134.69:41855, 96189b95-963f-4efc-a86c-4016dd6b8fe3:192.168.134.69:42505], old=null
2019-06-14 07:29:10,308 INFO  impl.LeaderElection (LeaderElection.java:askForVotes(181)) - 96189b95-963f-4efc-a86c-4016dd6b8fe3:group-EDBB4159D1F8:LeaderElection75: begin an election at term 1 for -1: [70a47318-6868-4d3f-859e-9b55ee3e6ff5:192.168.134.69:43427, 250b8f12-04a4-499e-8268-705ea4970293:192.168.134.69:41855, 96189b95-963f-4efc-a86c-4016dd6b8fe3:192.168.134.69:42505], old=null
2019-06-14 07:29:10,310 INFO  impl.LeaderElection (LeaderElection.java:askForVotes(181)) - 250b8f12-04a4-499e-8268-705ea4970293:group-EDBB4159D1F8:LeaderElection74: begin an election at term 1 for -1: [70a47318-6868-4d3f-859e-9b55ee3e6ff5:192.168.134.69:43427, 250b8f12-04a4-499e-8268-705ea4970293:192.168.134.69:41855, 96189b95-963f-4efc-a86c-4016dd6b8fe3:192.168.134.69:42505], old=null
2019-06-14 07:29:10,313 INFO  impl.LeaderElection (LeaderElection.java:logAndReturn(56)) - 70a47318-6868-4d3f-859e-9b55ee3e6ff5:group-EDBB4159D1F8:LeaderElection73: Election REJECTED; received 2 response(s) [70a47318-6868-4d3f-859e-9b55ee3e6ff5->250b8f12-04a4-499e-8268-705ea4970293,false-t1, 70a47318-6868-4d3f-859e-9b55ee3e6ff5->96189b95-963f-4efc-a86c-4016dd6b8fe3,false-t1] and 0 exception(s); 70a47318-6868-4d3f-859e-9b55ee3e6ff5:t1, leader=null, voted=70a47318-6868-4d3f-859e-9b55ee3e6ff5, raftlog=70a47318-6868-4d3f-859e-9b55ee3e6ff5-SegmentedRaftLog:OPENED:c-1,f-1,i0, conf=-1: [70a47318-6868-4d3f-859e-9b55ee3e6ff5:192.168.134.69:43427, 250b8f12-04a4-499e-8268-705ea4970293:192.168.134.69:41855, 96189b95-963f-4efc-a86c-4016dd6b8fe3:192.168.134.69:42505], old=null
2019-06-14 07:29:10,313 INFO  impl.RaftServerImpl (RaftServerImpl.java:setRole(164)) - 70a47318-6868-4d3f-859e-9b55ee3e6ff5:group-EDBB4159D1F8 changes role from CANDIDATE to FOLLOWER at term 1 for DISCOVERED_A_NEW_TERM
2019-06-14 07:29:10,313 INFO  impl.RoleInfo (RoleInfo.java:shutdownLeaderElection(134)) - 70a47318-6868-4d3f-859e-9b55ee3e6ff5: shutdown LeaderElection
2019-06-14 07:29:10,313 INFO  impl.RoleInfo (RoleInfo.java:updateAndGet(143)) - 70a47318-6868-4d3f-859e-9b55ee3e6ff5: start FollowerState
2019-06-14 07:29:10,321 INFO  impl.LeaderElection (LeaderElection.java:logAndReturn(56)) - 96189b95-963f-4efc-a86c-4016dd6b8fe3:group-EDBB4159D1F8:LeaderElection75: Election REJECTED; received 2 response(s) [96189b95-963f-4efc-a86c-4016dd6b8fe3->70a47318-6868-4d3f-859e-9b55ee3e6ff5,false-t1, 96189b95-963f-4efc-a86c-4016dd6b8fe3->250b8f12-04a4-499e-8268-705ea4970293,false-t1] and 0 exception(s); 96189b95-963f-4efc-a86c-4016dd6b8fe3:t1, leader=null, voted=96189b95-963f-4efc-a86c-4016dd6b8fe3, raftlog=96189b95-963f-4efc-a86c-4016dd6b8fe3-SegmentedRaftLog:OPENED:c-1,f-1,i0, conf=-1: [70a47318-6868-4d3f-859e-9b55ee3e6ff5:192.168.134.69:43427, 250b8f12-04a4-499e-8268-705ea4970293:192.168.134.69:41855, 96189b95-963f-4efc-a86c-4016dd6b8fe3:192.168.134.69:42505], old=null
2019-06-14 07:29:10,321 INFO  impl.RaftServerImpl (RaftServerImpl.java:setRole(164)) - 96189b95-963f-4efc-a86c-4016dd6b8fe3:group-EDBB4159D1F8 changes role from CANDIDATE to FOLLOWER at term 1 for DISCOVERED_A_NEW_TERM
2019-06-14 07:29:10,321 INFO  impl.RoleInfo (RoleInfo.java:shutdownLeaderElection(134)) - 96189b95-963f-4efc-a86c-4016dd6b8fe3: shutdown LeaderElection
2019-06-14 07:29:10,321 INFO  impl.RoleInfo (RoleInfo.java:updateAndGet(143)) - 96189b95-963f-4efc-a86c-4016dd6b8fe3: start FollowerState
2019-06-14 07:29:10,330 INFO  impl.LeaderElection (LeaderElection.java:logAndReturn(56)) - 250b8f12-04a4-499e-8268-705ea4970293:group-EDBB4159D1F8:LeaderElection74: Election REJECTED; received 2 response(s) [250b8f12-04a4-499e-8268-705ea4970293->70a47318-6868-4d3f-859e-9b55ee3e6ff5,false-t1, 250b8f12-04a4-499e-8268-705ea4970293->96189b95-963f-4efc-a86c-4016dd6b8fe3,false-t1] and 0 exception(s); 250b8f12-04a4-499e-8268-705ea4970293:t1, leader=null, voted=250b8f12-04a4-499e-8268-705ea4970293, raftlog=250b8f12-04a4-499e-8268-705ea4970293-SegmentedRaftLog:OPENED:c-1,f-1,i0, conf=-1: [70a47318-6868-4d3f-859e-9b55ee3e6ff5:192.168.134.69:43427, 250b8f12-04a4-499e-8268-705ea4970293:192.168.134.69:41855, 96189b95-963f-4efc-a86c-4016dd6b8fe3:192.168.134.69:42505], old=null
2019-06-14 07:29:10,330 INFO  impl.RaftServerImpl (RaftServerImpl.java:setRole(164)) - 250b8f12-04a4-499e-8268-705ea4970293:group-EDBB4159D1F8 changes role from CANDIDATE to FOLLOWER at term 1 for DISCOVERED_A_NEW_TERM
2019-06-14 07:29:10,330 INFO  impl.RoleInfo (RoleInfo.java:shutdownLeaderElection(134)) - 250b8f12-04a4-499e-8268-705ea4970293: shutdown LeaderElection
2019-06-14 07:29:10,330 INFO  impl.RoleInfo (RoleInfo.java:updateAndGet(143)) - 250b8f12-04a4-499e-8268-705ea4970293: start FollowerState
2019-06-14 07:29:11,318 INFO  client.GrpcClientProtocolClient (GrpcClientProtocolClient.java:onNext(254)) - client-039B51D37E93->70a47318-6868-4d3f-859e-9b55ee3e6ff5: receive RaftClientReply:client-039B51D37E93->70a47318-6868-4d3f-859e-9b55ee3e6ff5@group-EDBB4159D1F8, cid=152, FAILED org.apache.ratis.protocol.NotLeaderException: Server 70a47318-6868-4d3f-859e-9b55ee3e6ff5 is not the leader (96189b95-963f-4efc-a86c-4016dd6b8fe3:192.168.134.69:42505). Request must be sent to leader., logIndex=0, commits[70a47318-6868-4d3f-859e-9b55ee3e6ff5:c-1]
2019-06-14 07:29:11,321 WARN  client.GrpcClientProtocolService (LogUtils.java:warn(134)) - 0-OrderedRequestStreamObserver0: onError: org.apache.ratis.thirdparty.io.grpc.StatusRuntimeException: CANCELLED: cancelled before receiving half close
2019-06-14 07:29:11,408 INFO  impl.FollowerState (FollowerState.java:run(101)) - 250b8f12-04a4-499e-8268-705ea4970293:group-EDBB4159D1F8 changes to CANDIDATE, lastRpcTime:1077, electionTimeout:1077ms
2019-06-14 07:29:11,408 INFO  impl.RoleInfo (RoleInfo.java:shutdownFollowerState(121)) - 250b8f12-04a4-499e-8268-705ea4970293: shutdown FollowerState
2019-06-14 07:29:11,408 INFO  impl.RaftServerImpl (RaftServerImpl.java:setRole(164)) - 250b8f12-04a4-499e-8268-705ea4970293:group-EDBB4159D1F8 changes role from FOLLOWER to CANDIDATE at term 1 for changeToCandidate
2019-06-14 07:29:11,408 INFO  impl.RoleInfo (RoleInfo.java:updateAndGet(143)) - 250b8f12-04a4-499e-8268-705ea4970293: start LeaderElection
2019-06-14 07:29:11,411 INFO  impl.LeaderElection (LeaderElection.java:askForVotes(181)) - 250b8f12-04a4-499e-8268-705ea4970293:group-EDBB4159D1F8:LeaderElection76: begin an election at term 2 for -1: [70a47318-6868-4d3f-859e-9b55ee3e6ff5:192.168.134.69:43427, 250b8f12-04a4-499e-8268-705ea4970293:192.168.134.69:41855, 96189b95-963f-4efc-a86c-4016dd6b8fe3:192.168.134.69:42505], old=null
2019-06-14 07:29:11,412 INFO  impl.RaftServerImpl (RaftServerImpl.java:setRole(164)) - 70a47318-6868-4d3f-859e-9b55ee3e6ff5:group-EDBB4159D1F8 changes role from FOLLOWER to FOLLOWER at term 2 for recognizeCandidate:250b8f12-04a4-499e-8268-705ea4970293
2019-06-14 07:29:11,413 INFO  impl.RoleInfo (RoleInfo.java:shutdownFollowerState(121)) - 70a47318-6868-4d3f-859e-9b55ee3e6ff5: shutdown FollowerState
2019-06-14 07:29:11,413 INFO  impl.RoleInfo (RoleInfo.java:updateAndGet(143)) - 70a47318-6868-4d3f-859e-9b55ee3e6ff5: start FollowerState
2019-06-14 07:29:11,414 INFO  impl.FollowerState (FollowerState.java:run(109)) - 70a47318-6868-4d3f-859e-9b55ee3e6ff5: FollowerState was interrupted: java.lang.InterruptedException: sleep interrupted
2019-06-14 07:29:11,416 INFO  impl.RaftServerImpl (RaftServerImpl.java:setRole(164)) - 96189b95-963f-4efc-a86c-4016dd6b8fe3:group-EDBB4159D1F8 changes role from FOLLOWER to FOLLOWER at term 2 for recognizeCandidate:250b8f12-04a4-499e-8268-705ea4970293
2019-06-14 07:29:11,416 INFO  impl.RoleInfo (RoleInfo.java:shutdownFollowerState(121)) - 96189b95-963f-4efc-a86c-4016dd6b8fe3: shutdown FollowerState
2019-06-14 07:29:11,416 INFO  impl.RoleInfo (RoleInfo.java:updateAndGet(143)) - 96189b95-963f-4efc-a86c-4016dd6b8fe3: start FollowerState
2019-06-14 07:29:11,416 INFO  impl.LeaderElection (LeaderElection.java:logAndReturn(56)) - 250b8f12-04a4-499e-8268-705ea4970293:group-EDBB4159D1F8:LeaderElection76: Election PASSED; received 1 response(s) [250b8f12-04a4-499e-8268-705ea4970293->70a47318-6868-4d3f-859e-9b55ee3e6ff5,true-t2] and 0 exception(s); 250b8f12-04a4-499e-8268-705ea4970293:t2, leader=null, voted=250b8f12-04a4-499e-8268-705ea4970293, raftlog=250b8f12-04a4-499e-8268-705ea4970293-SegmentedRaftLog:OPENED:c-1,f-1,i0, conf=-1: [70a47318-6868-4d3f-859e-9b55ee3e6ff5:192.168.134.69:43427, 250b8f12-04a4-499e-8268-705ea4970293:192.168.134.69:41855, 96189b95-963f-4efc-a86c-4016dd6b8fe3:192.168.134.69:42505], old=null
2019-06-14 07:29:11,418 INFO  impl.RoleInfo (RoleInfo.java:shutdownLeaderElection(134)) - 250b8f12-04a4-499e-8268-705ea4970293: shutdown LeaderElection
2019-06-14 07:29:11,418 INFO  impl.RaftServerImpl (RaftServerImpl.java:setRole(164)) - 250b8f12-04a4-499e-8268-705ea4970293:group-EDBB4159D1F8 changes role from CANDIDATE to LEADER at term 2 for changeToLeader
2019-06-14 07:29:11,418 INFO  impl.RaftServerImpl (ServerState.java:setLeader(263)) - 250b8f12-04a4-499e-8268-705ea4970293:group-EDBB4159D1F8 change Leader from null to 250b8f12-04a4-499e-8268-705ea4970293 at term 2 for becomeLeader, leader elected after 2207ms
2019-06-14 07:29:11,418 INFO  server.RaftServerConfigKeys (ConfUtils.java:logGet(43)) - raft.server.staging.catchup.gap = 1000 (default)
2019-06-14 07:29:11,419 INFO  server.RaftServerConfigKeys (ConfUtils.java:logGet(43)) - raft.server.rpc.sleep.time = 25ms (default)
2019-06-14 07:29:11,419 INFO  server.RaftServerConfigKeys (ConfUtils.java:logGet(43)) - raft.server.watch.timeout = 10s (default)
2019-06-14 07:29:11,419 INFO  server.RaftServerConfigKeys (ConfUtils.java:logGet(43)) - raft.server.watch.timeout.denomination = 1s (default)
2019-06-14 07:29:11,419 INFO  server.RaftServerConfigKeys (ConfUtils.java:logGet(43)) - raft.server.log.appender.snapshot.chunk.size.max = 16MB (=16777216) (default)
2019-06-14 07:29:11,419 INFO  server.RaftServerConfigKeys (ConfUtils.java:logGet(43)) - raft.server.log.appender.buffer.byte-limit = 33554432 (custom)
2019-06-14 07:29:11,419 INFO  server.RaftServerConfigKeys (ConfUtils.java:logGet(43)) - raft.server.log.appender.buffer.element-limit = 1 (custom)
2019-06-14 07:29:11,419 INFO  grpc.GrpcConfigKeys$Server (ConfUtils.java:logGet(43)) - raft.grpc.server.leader.outstanding.appends.max = 128 (default)
2019-06-14 07:29:11,419 INFO  server.RaftServerConfigKeys (ConfUtils.java:logGet(43)) - raft.server.rpc.request.timeout = 3000ms (default)
2019-06-14 07:29:11,419 INFO  server.RaftServerConfigKeys (ConfUtils.java:logGet(43)) - raft.server.log.appender.install.snapshot.enabled = true (default)
2019-06-14 07:29:11,420 INFO  server.RaftServerConfigKeys (ConfUtils.java:logGet(43)) - raft.server.log.appender.snapshot.chunk.size.max = 16MB (=16777216) (default)
2019-06-14 07:29:11,420 INFO  server.RaftServerConfigKeys (ConfUtils.java:logGet(43)) - raft.server.log.appender.buffer.byte-limit = 33554432 (custom)
2019-06-14 07:29:11,420 INFO  server.RaftServerConfigKeys (ConfUtils.java:logGet(43)) - raft.server.log.appender.buffer.element-limit = 1 (custom)
2019-06-14 07:29:11,420 INFO  grpc.GrpcConfigKeys$Server (ConfUtils.java:logGet(43)) - raft.grpc.server.leader.outstanding.appends.max = 128 (default)
2019-06-14 07:29:11,420 INFO  server.RaftServerConfigKeys (ConfUtils.java:logGet(43)) - raft.server.rpc.request.timeout = 3000ms (default)
2019-06-14 07:29:11,420 INFO  server.RaftServerConfigKeys (ConfUtils.java:logGet(43)) - raft.server.log.appender.install.snapshot.enabled = true (default)
2019-06-14 07:29:11,420 INFO  impl.RoleInfo (RoleInfo.java:updateAndGet(143)) - 250b8f12-04a4-499e-8268-705ea4970293: start LeaderState
2019-06-14 07:29:11,420 INFO  storage.RaftLogWorker (RaftLogWorker.java:startLogSegment(298)) - 250b8f12-04a4-499e-8268-705ea4970293-RaftLogWorker: Starting segment from index:0
2019-06-14 07:29:11,418 INFO  impl.FollowerState (FollowerState.java:run(109)) - 96189b95-963f-4efc-a86c-4016dd6b8fe3: FollowerState was interrupted: java.lang.InterruptedException: sleep interrupted
2019-06-14 07:29:11,426 INFO  impl.RaftServerImpl (ServerState.java:setRaftConf(361)) - 250b8f12-04a4-499e-8268-705ea4970293:group-EDBB4159D1F8 set configuration 0: [70a47318-6868-4d3f-859e-9b55ee3e6ff5:192.168.134.69:43427, 250b8f12-04a4-499e-8268-705ea4970293:192.168.134.69:41855, 96189b95-963f-4efc-a86c-4016dd6b8fe3:192.168.134.69:42505], old=null at 0
2019-06-14 07:29:11,428 INFO  impl.RaftServerImpl (ServerState.java:setLeader(263)) - 70a47318-6868-4d3f-859e-9b55ee3e6ff5:group-EDBB4159D1F8 change Leader from null to 250b8f12-04a4-499e-8268-705ea4970293 at term 2 for appendEntries, leader elected after 2216ms
2019-06-14 07:29:11,453 INFO  impl.RaftServerImpl (ServerState.java:setLeader(263)) - 96189b95-963f-4efc-a86c-4016dd6b8fe3:group-EDBB4159D1F8 change Leader from null to 250b8f12-04a4-499e-8268-705ea4970293 at term 2 for appendEntries, leader elected after 2243ms
2019-06-14 07:29:11,454 INFO  impl.RaftServerImpl (ServerState.java:setRaftConf(361)) - 70a47318-6868-4d3f-859e-9b55ee3e6ff5:group-EDBB4159D1F8 set configuration 0: [70a47318-6868-4d3f-859e-9b55ee3e6ff5:192.168.134.69:43427, 250b8f12-04a4-499e-8268-705ea4970293:192.168.134.69:41855, 96189b95-963f-4efc-a86c-4016dd6b8fe3:192.168.134.69:42505], old=null at 0
2019-06-14 07:29:11,454 INFO  storage.RaftLogWorker (RaftLogWorker.java:startLogSegment(298)) - 70a47318-6868-4d3f-859e-9b55ee3e6ff5-RaftLogWorker: Starting segment from index:0
2019-06-14 07:29:11,489 INFO  impl.RaftServerImpl (ServerState.java:setRaftConf(361)) - 96189b95-963f-4efc-a86c-4016dd6b8fe3:group-EDBB4159D1F8 set configuration 0: [70a47318-6868-4d3f-859e-9b55ee3e6ff5:192.168.134.69:43427, 250b8f12-04a4-499e-8268-705ea4970293:192.168.134.69:41855, 96189b95-963f-4efc-a86c-4016dd6b8fe3:192.168.134.69:42505], old=null at 0
2019-06-14 07:29:11,490 INFO  storage.RaftLogWorker (RaftLogWorker.java:startLogSegment(298)) - 96189b95-963f-4efc-a86c-4016dd6b8fe3-RaftLogWorker: Starting segment from index:0
2019-06-14 07:29:11,524 INFO  storage.RaftLogWorker (RaftLogWorker.java:execute(469)) - 70a47318-6868-4d3f-859e-9b55ee3e6ff5-RaftLogWorker: created new log segment /opt/src/hadoop-ozone/integration-test/target/test-dir/MiniOzoneClusterImpl-bbacad5d-8716-42fc-a219-1a3fb896ae17/datanode-3/data/ratis/9486101b-ade9-4860-bfbd-edbb4159d1f8/current/log_inprogress_0
2019-06-14 07:29:11,525 INFO  storage.RaftLogWorker (RaftLogWorker.java:execute(469)) - 250b8f12-04a4-499e-8268-705ea4970293-RaftLogWorker: created new log segment /opt/src/hadoop-ozone/integration-test/target/test-dir/MiniOzoneClusterImpl-bbacad5d-8716-42fc-a219-1a3fb896ae17/datanode-5/data/ratis/9486101b-ade9-4860-bfbd-edbb4159d1f8/current/log_inprogress_0
2019-06-14 07:29:11,544 INFO  storage.RaftLogWorker (RaftLogWorker.java:execute(469)) - 96189b95-963f-4efc-a86c-4016dd6b8fe3-RaftLogWorker: created new log segment /opt/src/hadoop-ozone/integration-test/target/test-dir/MiniOzoneClusterImpl-bbacad5d-8716-42fc-a219-1a3fb896ae17/datanode-4/data/ratis/9486101b-ade9-4860-bfbd-edbb4159d1f8/current/log_inprogress_0
2019-06-14 07:29:12,366 INFO  client.GrpcClientProtocolClient (GrpcClientProtocolClient.java:onNext(254)) - client-039B51D37E93->250b8f12-04a4-499e-8268-705ea4970293: receive RaftClientReply:client-039B51D37E93->250b8f12-04a4-499e-8268-705ea4970293@group-EDBB4159D1F8, cid=152, SUCCESS, logIndex=1, commits[250b8f12-04a4-499e-8268-705ea4970293:c1, 70a47318-6868-4d3f-859e-9b55ee3e6ff5:c0, 96189b95-963f-4efc-a86c-4016dd6b8fe3:c0]
2019-06-14 07:29:12,395 INFO  client.GrpcClientProtocolClient (GrpcClientProtocolClient.java:onNext(254)) - client-039B51D37E93->250b8f12-04a4-499e-8268-705ea4970293: receive RaftClientReply:client-039B51D37E93->250b8f12-04a4-499e-8268-705ea4970293@group-EDBB4159D1F8, cid=153, SUCCESS, logIndex=3, commits[250b8f12-04a4-499e-8268-705ea4970293:c4, 70a47318-6868-4d3f-859e-9b55ee3e6ff5:c3, 96189b95-963f-4efc-a86c-4016dd6b8fe3:c3]
2019-06-14 07:29:12,395 INFO  datanode.ObjectStoreHandler (ObjectStoreHandler.java:close(155)) - Closing ObjectStoreHandler.
2019-06-14 07:29:12,396 INFO  ozone.HddsDatanodeService (HddsDatanodeService.java:stop(452)) - Stopped plug-in org.apache.hadoop.ozone.web.OzoneHddsDatanodeService@5e537465
2019-06-14 07:29:12,396 INFO  statemachine.DatanodeStateMachine (DatanodeStateMachine.java:lambda$startDaemon$0(350)) - Ozone container server started.
2019-06-14 07:29:12,396 INFO  ozoneimpl.OzoneContainer (OzoneContainer.java:stop(199)) - Attempting to stop container services.
2019-06-14 07:29:12,397 INFO  impl.RaftServerProxy (RaftServerProxy.java:lambda$close$4(314)) - 250b8f12-04a4-499e-8268-705ea4970293: close
2019-06-14 07:29:12,397 INFO  impl.RaftServerImpl (RaftServerImpl.java:lambda$shutdown$3(238)) - 250b8f12-04a4-499e-8268-705ea4970293: shutdown group-2AA7A4B2D06F
2019-06-14 07:29:12,397 INFO  util.JmxRegister (JmxRegister.java:unregister(73)) - Successfully un-registered JMX Bean with object name Ratis:service=RaftServer,group=group-2AA7A4B2D06F,id=250b8f12-04a4-499e-8268-705ea4970293
2019-06-14 07:29:12,397 INFO  impl.RoleInfo (RoleInfo.java:shutdownLeaderState(104)) - 250b8f12-04a4-499e-8268-705ea4970293: shutdown LeaderState
2019-06-14 07:29:12,397 INFO  impl.PendingRequests (PendingRequests.java:sendNotLeaderResponses(140)) - 250b8f12-04a4-499e-8268-705ea4970293-PendingRequests: sendNotLeaderResponses
2019-06-14 07:29:12,401 INFO  impl.StateMachineUpdater (StateMachineUpdater.java:stopAndJoin(109)) - StateMachineUpdater-250b8f12-04a4-499e-8268-705ea4970293-group-2AA7A4B2D06F: set stopIndex = 0
2019-06-14 07:29:12,402 INFO  ratis.ContainerStateMachine (ContainerStateMachine.java:takeSnapshot(245)) - Taking snapshot at termIndex:(t:0, i:~)
2019-06-14 07:29:12,402 INFO  impl.RaftServerImpl (ServerState.java:close(394)) - 250b8f12-04a4-499e-8268-705ea4970293:group-2AA7A4B2D06F closes. The last applied log index is 0
2019-06-14 07:29:12,402 INFO  storage.RaftLogWorker (RaftLogWorker.java:run(236)) - 250b8f12-04a4-499e-8268-705ea4970293-RaftLogWorker was interrupted, exiting. There are 0 tasks remaining in the queue.
2019-06-14 07:29:12,404 INFO  storage.RaftLogWorker (RaftLogWorker.java:close(168)) - 250b8f12-04a4-499e-8268-705ea4970293-RaftLogWorker close()
2019-06-14 07:29:12,407 INFO  impl.RaftServerImpl (RaftServerImpl.java:lambda$shutdown$3(238)) - 250b8f12-04a4-499e-8268-705ea4970293: shutdown group-EDBB4159D1F8
2019-06-14 07:29:12,408 INFO  util.JmxRegister (JmxRegister.java:unregister(73)) - Successfully un-registered JMX Bean with object name Ratis:service=RaftServer,group=group-EDBB4159D1F8,id=250b8f12-04a4-499e-8268-705ea4970293
2019-06-14 07:29:12,408 INFO  impl.RoleInfo (RoleInfo.java:shutdownLeaderState(104)) - 250b8f12-04a4-499e-8268-705ea4970293: shutdown LeaderState
2019-06-14 07:29:12,408 INFO  impl.PendingRequests (PendingRequests.java:sendNotLeaderResponses(140)) - 250b8f12-04a4-499e-8268-705ea4970293-PendingRequests: sendNotLeaderResponses
2019-06-14 07:29:12,408 WARN  server.GrpcLogAppender (GrpcLogAppender.java:mayWait(142)) - GrpcLogAppender(250b8f12-04a4-499e-8268-705ea4970293 -> 96189b95-963f-4efc-a86c-4016dd6b8fe3): Wait interrupted by java.lang.InterruptedException
2019-06-14 07:29:12,408 WARN  server.GrpcLogAppender (GrpcLogAppender.java:mayWait(142)) - GrpcLogAppender(250b8f12-04a4-499e-8268-705ea4970293 -> 70a47318-6868-4d3f-859e-9b55ee3e6ff5): Wait interrupted by java.lang.InterruptedException
2019-06-14 07:29:12,411 INFO  server.GrpcServerProtocolService (GrpcServerProtocolService.java:onCompleted(104)) - 70a47318-6868-4d3f-859e-9b55ee3e6ff5: appendEntries completed
2019-06-14 07:29:12,411 INFO  server.GrpcServerProtocolService (GrpcServerProtocolService.java:onCompleted(104)) - 96189b95-963f-4efc-a86c-4016dd6b8fe3: appendEntries completed
2019-06-14 07:29:12,412 INFO  server.GrpcLogAppender (GrpcLogAppender.java:onCompleted(277)) - 250b8f12-04a4-499e-8268-705ea4970293: follower 250b8f12-04a4-499e-8268-705ea4970293->70a47318-6868-4d3f-859e-9b55ee3e6ff5(c3,m4,n5, attendVote=true, lastRpcSendTime=30, lastRpcResponseTime=27) response Completed
2019-06-14 07:29:12,412 INFO  impl.FollowerInfo (FollowerInfo.java:lambda$new$0(50)) - 250b8f12-04a4-499e-8268-705ea4970293->70a47318-6868-4d3f-859e-9b55ee3e6ff5: nextIndex: updateUnconditionally 5 -> 0
2019-06-14 07:29:12,414 INFO  ratis.ContainerStateMachine (ContainerStateMachine.java:takeSnapshot(245)) - Taking snapshot at termIndex:(t:2, i:4)
2019-06-14 07:29:12,414 INFO  ratis.ContainerStateMachine (ContainerStateMachine.java:takeSnapshot(249)) - Taking a snapshot to file /opt/src/hadoop-ozone/integration-test/target/test-dir/MiniOzoneClusterImpl-bbacad5d-8716-42fc-a219-1a3fb896ae17/datanode-5/data/ratis/9486101b-ade9-4860-bfbd-edbb4159d1f8/sm/snapshot.2_4
2019-06-14 07:29:12,415 INFO  server.GrpcLogAppender (GrpcLogAppender.java:onCompleted(277)) - 250b8f12-04a4-499e-8268-705ea4970293: follower 250b8f12-04a4-499e-8268-705ea4970293->96189b95-963f-4efc-a86c-4016dd6b8fe3(c3,m4,n5, attendVote=true, lastRpcSendTime=33, lastRpcResponseTime=29) response Completed
2019-06-14 07:29:12,415 INFO  impl.FollowerInfo (FollowerInfo.java:lambda$new$0(50)) - 250b8f12-04a4-499e-8268-705ea4970293->96189b95-963f-4efc-a86c-4016dd6b8fe3: nextIndex: updateUnconditionally 5 -> 0
2019-06-14 07:29:12,414 INFO  impl.StateMachineUpdater (StateMachineUpdater.java:stopAndJoin(109)) - StateMachineUpdater-250b8f12-04a4-499e-8268-705ea4970293-group-EDBB4159D1F8: set stopIndex = 4
2019-06-14 07:29:12,415 INFO  impl.RaftServerImpl (ServerState.java:close(394)) - 250b8f12-04a4-499e-8268-705ea4970293:group-EDBB4159D1F8 closes. The last applied log index is 4
2019-06-14 07:29:12,415 INFO  storage.RaftLogWorker (RaftLogWorker.java:run(236)) - 250b8f12-04a4-499e-8268-705ea4970293-RaftLogWorker was interrupted, exiting. There are 0 tasks remaining in the queue.
2019-06-14 07:29:12,418 INFO  storage.RaftLogWorker (RaftLogWorker.java:close(168)) - 250b8f12-04a4-499e-8268-705ea4970293-RaftLogWorker close()
2019-06-14 07:29:12,422 INFO  server.GrpcService (GrpcService.java:closeImpl(154)) - 250b8f12-04a4-499e-8268-705ea4970293: shutdown server with port 41855 now
2019-06-14 07:29:12,423 INFO  server.GrpcService (GrpcService.java:closeImpl(162)) - 250b8f12-04a4-499e-8268-705ea4970293: shutdown server with port 41855 successfully
2019-06-14 07:29:12,424 WARN  fs.CachingGetSpaceUsed (CachingGetSpaceUsed.java:run(183)) - Thread Interrupted waiting to refresh disk information: sleep interrupted
2019-06-14 07:29:12,438 INFO  statemachine.DatanodeStateMachine (DatanodeStateMachine.java:stopDaemon(395)) - Ozone container server stopped.
2019-06-14 07:29:12,439 INFO  handler.ContextHandler (ContextHandler.java:doStop(910)) - Stopped o.e.j.w.WebAppContext@67b5da40{/,null,UNAVAILABLE}{/hddsDatanode}
2019-06-14 07:29:12,439 INFO  server.AbstractConnector (AbstractConnector.java:doStop(318)) - Stopped ServerConnector@55b62967{HTTP/1.1,[http/1.1]}{0.0.0.0:0}
2019-06-14 07:29:12,440 INFO  handler.ContextHandler (ContextHandler.java:doStop(910)) - Stopped o.e.j.s.ServletContextHandler@5da20b76{/static,jar:file:/root/.m2/repository/org/apache/hadoop/hadoop-hdds-container-service/0.5.0-SNAPSHOT/hadoop-hdds-container-service-0.5.0-SNAPSHOT.jar!/webapps/static,UNAVAILABLE}
2019-06-14 07:29:12,440 INFO  handler.ContextHandler (ContextHandler.java:doStop(910)) - Stopped o.e.j.s.ServletContextHandler@5aef36a9{/logs,file:///opt/src/hadoop-ozone/integration-test/target/log,UNAVAILABLE}
2019-06-14 07:29:13,645 INFO  impl.FollowerState (FollowerState.java:run(101)) - 96189b95-963f-4efc-a86c-4016dd6b8fe3:group-EDBB4159D1F8 changes to CANDIDATE, lastRpcTime:1260, electionTimeout:1176ms
2019-06-14 07:29:13,645 INFO  impl.RoleInfo (RoleInfo.java:shutdownFollowerState(121)) - 96189b95-963f-4efc-a86c-4016dd6b8fe3: shutdown FollowerState
2019-06-14 07:29:13,645 INFO  impl.RaftServerImpl (RaftServerImpl.java:setRole(164)) - 96189b95-963f-4efc-a86c-4016dd6b8fe3:group-EDBB4159D1F8 changes role from FOLLOWER to CANDIDATE at term 2 for changeToCandidate
2019-06-14 07:29:13,645 INFO  impl.RoleInfo (RoleInfo.java:updateAndGet(143)) - 96189b95-963f-4efc-a86c-4016dd6b8fe3: start LeaderElection
2019-06-14 07:29:13,646 INFO  impl.RaftServerImpl (ServerState.java:setLeader(263)) - 96189b95-963f-4efc-a86c-4016dd6b8fe3:group-EDBB4159D1F8 change Leader from 250b8f12-04a4-499e-8268-705ea4970293 to null at term 2 for initElection
2019-06-14 07:29:13,649 INFO  impl.LeaderElection (LeaderElection.java:askForVotes(181)) - 96189b95-963f-4efc-a86c-4016dd6b8fe3:group-EDBB4159D1F8:LeaderElection77: begin an election at term 3 for 0: [70a47318-6868-4d3f-859e-9b55ee3e6ff5:192.168.134.69:43427, 250b8f12-04a4-499e-8268-705ea4970293:192.168.134.69:41855, 96189b95-963f-4efc-a86c-4016dd6b8fe3:192.168.134.69:42505], old=null
2019-06-14 07:29:13,658 INFO  impl.RaftServerImpl (ServerState.java:setLeader(263)) - 70a47318-6868-4d3f-859e-9b55ee3e6ff5:group-EDBB4159D1F8 change Leader from 250b8f12-04a4-499e-8268-705ea4970293 to null at term 3 for updateCurrentTerm
2019-06-14 07:29:13,658 INFO  impl.RaftServerImpl (RaftServerImpl.java:setRole(164)) - 70a47318-6868-4d3f-859e-9b55ee3e6ff5:group-EDBB4159D1F8 changes role from FOLLOWER to FOLLOWER at term 3 for recognizeCandidate:96189b95-963f-4efc-a86c-4016dd6b8fe3
2019-06-14 07:29:13,658 INFO  impl.RoleInfo (RoleInfo.java:shutdownFollowerState(121)) - 70a47318-6868-4d3f-859e-9b55ee3e6ff5: shutdown FollowerState
2019-06-14 07:29:13,658 INFO  impl.RoleInfo (RoleInfo.java:updateAndGet(143)) - 70a47318-6868-4d3f-859e-9b55ee3e6ff5: start FollowerState
2019-06-14 07:29:13,659 INFO  impl.FollowerState (FollowerState.java:run(109)) - 70a47318-6868-4d3f-859e-9b55ee3e6ff5: FollowerState was interrupted: java.lang.InterruptedException: sleep interrupted
2019-06-14 07:29:13,666 INFO  impl.LeaderElection (LogUtils.java:infoOrTrace(149)) - 96189b95-963f-4efc-a86c-4016dd6b8fe3:group-EDBB4159D1F8:LeaderElection77 got exception when requesting votes: {}
java.util.concurrent.ExecutionException: org.apache.ratis.thirdparty.io.grpc.StatusRuntimeException: UNAVAILABLE: io exception
	at java.util.concurrent.FutureTask.report(FutureTask.java:122)
	at java.util.concurrent.FutureTask.get(FutureTask.java:192)
	at org.apache.ratis.server.impl.LeaderElection.waitForResults(LeaderElection.java:262)
	at org.apache.ratis.server.impl.LeaderElection.askForVotes(LeaderElection.java:200)
	at org.apache.ratis.server.impl.LeaderElection.run(LeaderElection.java:130)
	at java.lang.Thread.run(Thread.java:748)
Caused by: org.apache.ratis.thirdparty.io.grpc.StatusRuntimeException: UNAVAILABLE: io exception
	at org.apache.ratis.thirdparty.io.grpc.stub.ClientCalls.toStatusRuntimeException(ClientCalls.java:233)
	at org.apache.ratis.thirdparty.io.grpc.stub.ClientCalls.getUnchecked(ClientCalls.java:214)
	at org.apache.ratis.thirdparty.io.grpc.stub.ClientCalls.blockingUnaryCall(ClientCalls.java:139)
	at org.apache.ratis.proto.grpc.RaftServerProtocolServiceGrpc$RaftServerProtocolServiceBlockingStub.requestVote(RaftServerProtocolServiceGrpc.java:265)
	at org.apache.ratis.grpc.server.GrpcServerProtocolClient.requestVote(GrpcServerProtocolClient.java:83)
	at org.apache.ratis.grpc.server.GrpcService.requestVote(GrpcService.java:194)
	at org.apache.ratis.server.impl.LeaderElection.lambda$submitRequests$1(LeaderElection.java:237)
	at java.util.concurrent.FutureTask.run(FutureTask.java:266)
	at java.util.concurrent.Executors$RunnableAdapter.call(Executors.java:511)
	at java.util.concurrent.FutureTask.run(FutureTask.java:266)
	at java.util.concurrent.ThreadPoolExecutor.runWorker(ThreadPoolExecutor.java:1149)
	at java.util.concurrent.ThreadPoolExecutor$Worker.run(ThreadPoolExecutor.java:624)
	... 1 more
Caused by: org.apache.ratis.thirdparty.io.netty.channel.AbstractChannel$AnnotatedConnectException: Connection refused: /192.168.134.69:41855
	at sun.nio.ch.SocketChannelImpl.checkConnect(Native Method)
	at sun.nio.ch.SocketChannelImpl.finishConnect(SocketChannelImpl.java:717)
	at org.apache.ratis.thirdparty.io.netty.channel.socket.nio.NioSocketChannel.doFinishConnect(NioSocketChannel.java:327)
	at org.apache.ratis.thirdparty.io.netty.channel.nio.AbstractNioChannel$AbstractNioUnsafe.finishConnect(AbstractNioChannel.java:340)
	at org.apache.ratis.thirdparty.io.netty.channel.nio.NioEventLoop.processSelectedKey(NioEventLoop.java:632)
	at org.apache.ratis.thirdparty.io.netty.channel.nio.NioEventLoop.processSelectedKeysOptimized(NioEventLoop.java:579)
	at org.apache.ratis.thirdparty.io.netty.channel.nio.NioEventLoop.processSelectedKeys(NioEventLoop.java:496)
	at org.apache.ratis.thirdparty.io.netty.channel.nio.NioEventLoop.run(NioEventLoop.java:458)
	at org.apache.ratis.thirdparty.io.netty.util.concurrent.SingleThreadEventExecutor$5.run(SingleThreadEventExecutor.java:897)
	at org.apache.ratis.thirdparty.io.netty.util.concurrent.FastThreadLocalRunnable.run(FastThreadLocalRunnable.java:30)
	... 1 more
Caused by: java.net.ConnectException: Connection refused
	... 11 more
2019-06-14 07:29:13,669 INFO  impl.LeaderElection (LeaderElection.java:logAndReturn(56)) - 96189b95-963f-4efc-a86c-4016dd6b8fe3:group-EDBB4159D1F8:LeaderElection77: Election PASSED; received 1 response(s) [96189b95-963f-4efc-a86c-4016dd6b8fe3->70a47318-6868-4d3f-859e-9b55ee3e6ff5,true-t3] and 1 exception(s); 96189b95-963f-4efc-a86c-4016dd6b8fe3:t3, leader=null, voted=96189b95-963f-4efc-a86c-4016dd6b8fe3, raftlog=96189b95-963f-4efc-a86c-4016dd6b8fe3-SegmentedRaftLog:OPENED:c3,f4,i4, conf=0: [70a47318-6868-4d3f-859e-9b55ee3e6ff5:192.168.134.69:43427, 250b8f12-04a4-499e-8268-705ea4970293:192.168.134.69:41855, 96189b95-963f-4efc-a86c-4016dd6b8fe3:192.168.134.69:42505], old=null
2019-06-14 07:29:13,669 INFO  impl.LeaderElection (LogUtils.java:infoOrTrace(149)) -   Exception 0: {}
java.util.concurrent.ExecutionException: org.apache.ratis.thirdparty.io.grpc.StatusRuntimeException: UNAVAILABLE: io exception
	at java.util.concurrent.FutureTask.report(FutureTask.java:122)
	at java.util.concurrent.FutureTask.get(FutureTask.java:192)
	at org.apache.ratis.server.impl.LeaderElection.waitForResults(LeaderElection.java:262)
	at org.apache.ratis.server.impl.LeaderElection.askForVotes(LeaderElection.java:200)
	at org.apache.ratis.server.impl.LeaderElection.run(LeaderElection.java:130)
	at java.lang.Thread.run(Thread.java:748)
Caused by: org.apache.ratis.thirdparty.io.grpc.StatusRuntimeException: UNAVAILABLE: io exception
	at org.apache.ratis.thirdparty.io.grpc.stub.ClientCalls.toStatusRuntimeException(ClientCalls.java:233)
	at org.apache.ratis.thirdparty.io.grpc.stub.ClientCalls.getUnchecked(ClientCalls.java:214)
	at org.apache.ratis.thirdparty.io.grpc.stub.ClientCalls.blockingUnaryCall(ClientCalls.java:139)
	at org.apache.ratis.proto.grpc.RaftServerProtocolServiceGrpc$RaftServerProtocolServiceBlockingStub.requestVote(RaftServerProtocolServiceGrpc.java:265)
	at org.apache.ratis.grpc.server.GrpcServerProtocolClient.requestVote(GrpcServerProtocolClient.java:83)
	at org.apache.ratis.grpc.server.GrpcService.requestVote(GrpcService.java:194)
	at org.apache.ratis.server.impl.LeaderElection.lambda$submitRequests$1(LeaderElection.java:237)
	at java.util.concurrent.FutureTask.run(FutureTask.java:266)
	at java.util.concurrent.Executors$RunnableAdapter.call(Executors.java:511)
	at java.util.concurrent.FutureTask.run(FutureTask.java:266)
	at java.util.concurrent.ThreadPoolExecutor.runWorker(ThreadPoolExecutor.java:1149)
	at java.util.concurrent.ThreadPoolExecutor$Worker.run(ThreadPoolExecutor.java:624)
	... 1 more
Caused by: org.apache.ratis.thirdparty.io.netty.channel.AbstractChannel$AnnotatedConnectException: Connection refused: /192.168.134.69:41855
	at sun.nio.ch.SocketChannelImpl.checkConnect(Native Method)
	at sun.nio.ch.SocketChannelImpl.finishConnect(SocketChannelImpl.java:717)
	at org.apache.ratis.thirdparty.io.netty.channel.socket.nio.NioSocketChannel.doFinishConnect(NioSocketChannel.java:327)
	at org.apache.ratis.thirdparty.io.netty.channel.nio.AbstractNioChannel$AbstractNioUnsafe.finishConnect(AbstractNioChannel.java:340)
	at org.apache.ratis.thirdparty.io.netty.channel.nio.NioEventLoop.processSelectedKey(NioEventLoop.java:632)
	at org.apache.ratis.thirdparty.io.netty.channel.nio.NioEventLoop.processSelectedKeysOptimized(NioEventLoop.java:579)
	at org.apache.ratis.thirdparty.io.netty.channel.nio.NioEventLoop.processSelectedKeys(NioEventLoop.java:496)
	at org.apache.ratis.thirdparty.io.netty.channel.nio.NioEventLoop.run(NioEventLoop.java:458)
	at org.apache.ratis.thirdparty.io.netty.util.concurrent.SingleThreadEventExecutor$5.run(SingleThreadEventExecutor.java:897)
	at org.apache.ratis.thirdparty.io.netty.util.concurrent.FastThreadLocalRunnable.run(FastThreadLocalRunnable.java:30)
	... 1 more
Caused by: java.net.ConnectException: Connection refused
	... 11 more
2019-06-14 07:29:13,669 INFO  impl.RoleInfo (RoleInfo.java:shutdownLeaderElection(134)) - 96189b95-963f-4efc-a86c-4016dd6b8fe3: shutdown LeaderElection
2019-06-14 07:29:13,669 INFO  impl.RaftServerImpl (RaftServerImpl.java:setRole(164)) - 96189b95-963f-4efc-a86c-4016dd6b8fe3:group-EDBB4159D1F8 changes role from CANDIDATE to LEADER at term 3 for changeToLeader
2019-06-14 07:29:13,669 INFO  impl.RaftServerImpl (ServerState.java:setLeader(263)) - 96189b95-963f-4efc-a86c-4016dd6b8fe3:group-EDBB4159D1F8 change Leader from null to 96189b95-963f-4efc-a86c-4016dd6b8fe3 at term 3 for becomeLeader, leader elected after 23ms
2019-06-14 07:29:13,669 INFO  server.RaftServerConfigKeys (ConfUtils.java:logGet(43)) - raft.server.staging.catchup.gap = 1000 (default)
2019-06-14 07:29:13,670 INFO  server.RaftServerConfigKeys (ConfUtils.java:logGet(43)) - raft.server.rpc.sleep.time = 25ms (default)
2019-06-14 07:29:13,670 INFO  server.RaftServerConfigKeys (ConfUtils.java:logGet(43)) - raft.server.watch.timeout = 10s (default)
2019-06-14 07:29:13,670 INFO  server.RaftServerConfigKeys (ConfUtils.java:logGet(43)) - raft.server.watch.timeout.denomination = 1s (default)
2019-06-14 07:29:13,674 INFO  server.RaftServerConfigKeys (ConfUtils.java:logGet(43)) - raft.server.log.appender.snapshot.chunk.size.max = 16MB (=16777216) (default)
2019-06-14 07:29:13,674 INFO  server.RaftServerConfigKeys (ConfUtils.java:logGet(43)) - raft.server.log.appender.buffer.byte-limit = 33554432 (custom)
2019-06-14 07:29:13,674 INFO  server.RaftServerConfigKeys (ConfUtils.java:logGet(43)) - raft.server.log.appender.buffer.element-limit = 1 (custom)
2019-06-14 07:29:13,674 INFO  grpc.GrpcConfigKeys$Server (ConfUtils.java:logGet(43)) - raft.grpc.server.leader.outstanding.appends.max = 128 (default)
2019-06-14 07:29:13,675 INFO  server.RaftServerConfigKeys (ConfUtils.java:logGet(43)) - raft.server.rpc.request.timeout = 3000ms (default)
2019-06-14 07:29:13,675 INFO  server.RaftServerConfigKeys (ConfUtils.java:logGet(43)) - raft.server.log.appender.install.snapshot.enabled = true (default)
2019-06-14 07:29:13,675 INFO  server.RaftServerConfigKeys (ConfUtils.java:logGet(43)) - raft.server.log.appender.snapshot.chunk.size.max = 16MB (=16777216) (default)
2019-06-14 07:29:13,675 INFO  server.RaftServerConfigKeys (ConfUtils.java:logGet(43)) - raft.server.log.appender.buffer.byte-limit = 33554432 (custom)
2019-06-14 07:29:13,675 INFO  server.RaftServerConfigKeys (ConfUtils.java:logGet(43)) - raft.server.log.appender.buffer.element-limit = 1 (custom)
2019-06-14 07:29:13,675 INFO  grpc.GrpcConfigKeys$Server (ConfUtils.java:logGet(43)) - raft.grpc.server.leader.outstanding.appends.max = 128 (default)
2019-06-14 07:29:13,675 INFO  server.RaftServerConfigKeys (ConfUtils.java:logGet(43)) - raft.server.rpc.request.timeout = 3000ms (default)
2019-06-14 07:29:13,675 INFO  server.RaftServerConfigKeys (ConfUtils.java:logGet(43)) - raft.server.log.appender.install.snapshot.enabled = true (default)
2019-06-14 07:29:13,675 INFO  impl.RoleInfo (RoleInfo.java:updateAndGet(143)) - 96189b95-963f-4efc-a86c-4016dd6b8fe3: start LeaderState
2019-06-14 07:29:13,676 INFO  storage.RaftLogWorker (RaftLogWorker.java:rollLogSegment(303)) - 96189b95-963f-4efc-a86c-4016dd6b8fe3-RaftLogWorker: Rolling segment log-0_4 to index:4
2019-06-14 07:29:13,676 INFO  storage.RaftLogWorker (RaftLogWorker.java:execute(433)) - 96189b95-963f-4efc-a86c-4016dd6b8fe3-RaftLogWorker: Rolled log segment from /opt/src/hadoop-ozone/integration-test/target/test-dir/MiniOzoneClusterImpl-bbacad5d-8716-42fc-a219-1a3fb896ae17/datanode-4/data/ratis/9486101b-ade9-4860-bfbd-edbb4159d1f8/current/log_inprogress_0 to /opt/src/hadoop-ozone/integration-test/target/test-dir/MiniOzoneClusterImpl-bbacad5d-8716-42fc-a219-1a3fb896ae17/datanode-4/data/ratis/9486101b-ade9-4860-bfbd-edbb4159d1f8/current/log_0-4
2019-06-14 07:29:13,680 INFO  impl.RaftServerImpl (ServerState.java:setRaftConf(361)) - 96189b95-963f-4efc-a86c-4016dd6b8fe3:group-EDBB4159D1F8 set configuration 5: [70a47318-6868-4d3f-859e-9b55ee3e6ff5:192.168.134.69:43427, 250b8f12-04a4-499e-8268-705ea4970293:192.168.134.69:41855, 96189b95-963f-4efc-a86c-4016dd6b8fe3:192.168.134.69:42505], old=null at 5
2019-06-14 07:29:13,686 WARN  server.GrpcLogAppender (LogUtils.java:warn(134)) - 96189b95-963f-4efc-a86c-4016dd6b8fe3: Failed appendEntries to 250b8f12-04a4-499e-8268-705ea4970293:192.168.134.69:41855: org.apache.ratis.thirdparty.io.grpc.StatusRuntimeException: UNAVAILABLE: io exception
2019-06-14 07:29:13,706 INFO  impl.FollowerInfo (FollowerInfo.java:lambda$new$0(50)) - 96189b95-963f-4efc-a86c-4016dd6b8fe3->250b8f12-04a4-499e-8268-705ea4970293: nextIndex: updateUnconditionally 5 -> 0
2019-06-14 07:29:13,714 INFO  impl.RaftServerImpl (ServerState.java:setLeader(263)) - 70a47318-6868-4d3f-859e-9b55ee3e6ff5:group-EDBB4159D1F8 change Leader from null to 96189b95-963f-4efc-a86c-4016dd6b8fe3 at term 3 for appendEntries, leader elected after 56ms
2019-06-14 07:29:13,717 INFO  impl.RaftServerImpl (ServerState.java:setRaftConf(361)) - 70a47318-6868-4d3f-859e-9b55ee3e6ff5:group-EDBB4159D1F8 set configuration 5: [70a47318-6868-4d3f-859e-9b55ee3e6ff5:192.168.134.69:43427, 250b8f12-04a4-499e-8268-705ea4970293:192.168.134.69:41855, 96189b95-963f-4efc-a86c-4016dd6b8fe3:192.168.134.69:42505], old=null at 5
2019-06-14 07:29:13,717 INFO  storage.RaftLogWorker (RaftLogWorker.java:rollLogSegment(303)) - 70a47318-6868-4d3f-859e-9b55ee3e6ff5-RaftLogWorker: Rolling segment log-0_4 to index:4
2019-06-14 07:29:13,718 INFO  storage.RaftLogWorker (RaftLogWorker.java:execute(433)) - 70a47318-6868-4d3f-859e-9b55ee3e6ff5-RaftLogWorker: Rolled log segment from /opt/src/hadoop-ozone/integration-test/target/test-dir/MiniOzoneClusterImpl-bbacad5d-8716-42fc-a219-1a3fb896ae17/datanode-3/data/ratis/9486101b-ade9-4860-bfbd-edbb4159d1f8/current/log_inprogress_0 to /opt/src/hadoop-ozone/integration-test/target/test-dir/MiniOzoneClusterImpl-bbacad5d-8716-42fc-a219-1a3fb896ae17/datanode-3/data/ratis/9486101b-ade9-4860-bfbd-edbb4159d1f8/current/log_0-4
2019-06-14 07:29:13,750 INFO  storage.RaftLogWorker (RaftLogWorker.java:execute(469)) - 96189b95-963f-4efc-a86c-4016dd6b8fe3-RaftLogWorker: created new log segment /opt/src/hadoop-ozone/integration-test/target/test-dir/MiniOzoneClusterImpl-bbacad5d-8716-42fc-a219-1a3fb896ae17/datanode-4/data/ratis/9486101b-ade9-4860-bfbd-edbb4159d1f8/current/log_inprogress_5
2019-06-14 07:29:13,763 INFO  storage.RaftLogWorker (RaftLogWorker.java:execute(469)) - 70a47318-6868-4d3f-859e-9b55ee3e6ff5-RaftLogWorker: created new log segment /opt/src/hadoop-ozone/integration-test/target/test-dir/MiniOzoneClusterImpl-bbacad5d-8716-42fc-a219-1a3fb896ae17/datanode-3/data/ratis/9486101b-ade9-4860-bfbd-edbb4159d1f8/current/log_inprogress_5
2019-06-14 07:29:13,770 WARN  server.GrpcLogAppender (LogUtils.java:warn(134)) - 96189b95-963f-4efc-a86c-4016dd6b8fe3: Failed appendEntries to 250b8f12-04a4-499e-8268-705ea4970293:192.168.134.69:41855: org.apache.ratis.thirdparty.io.grpc.StatusRuntimeException: UNAVAILABLE: io exception
2019-06-14 07:29:13,770 INFO  impl.FollowerInfo (FollowerInfo.java:lambda$new$0(50)) - 96189b95-963f-4efc-a86c-4016dd6b8fe3->250b8f12-04a4-499e-8268-705ea4970293: nextIndex: updateUnconditionally 1 -> 0
2019-06-14 07:29:13,776 WARN  server.GrpcLogAppender (LogUtils.java:warn(134)) - 96189b95-963f-4efc-a86c-4016dd6b8fe3: Failed appendEntries to 250b8f12-04a4-499e-8268-705ea4970293:192.168.134.69:41855: org.apache.ratis.thirdparty.io.grpc.StatusRuntimeException: UNAVAILABLE: io exception
2019-06-14 07:29:13,777 INFO  impl.FollowerInfo (FollowerInfo.java:lambda$new$0(50)) - 96189b95-963f-4efc-a86c-4016dd6b8fe3->250b8f12-04a4-499e-8268-705ea4970293: nextIndex: updateUnconditionally 1 -> 0
2019-06-14 07:29:14,279 WARN  server.GrpcLogAppender (LogUtils.java:warn(134)) - 96189b95-963f-4efc-a86c-4016dd6b8fe3: Failed appendEntries to 250b8f12-04a4-499e-8268-705ea4970293:192.168.134.69:41855: org.apache.ratis.thirdparty.io.grpc.StatusRuntimeException: UNAVAILABLE: io exception
2019-06-14 07:29:14,279 INFO  impl.FollowerInfo (FollowerInfo.java:lambda$new$0(50)) - 96189b95-963f-4efc-a86c-4016dd6b8fe3->250b8f12-04a4-499e-8268-705ea4970293: nextIndex: updateUnconditionally 0 -> 0
2019-06-14 07:29:14,779 WARN  server.GrpcLogAppender (LogUtils.java:warn(134)) - 96189b95-963f-4efc-a86c-4016dd6b8fe3: Failed appendEntries to 250b8f12-04a4-499e-8268-705ea4970293:192.168.134.69:41855: org.apache.ratis.thirdparty.io.grpc.StatusRuntimeException: UNAVAILABLE: io exception
2019-06-14 07:29:14,780 INFO  impl.FollowerInfo (FollowerInfo.java:lambda$new$0(50)) - 96189b95-963f-4efc-a86c-4016dd6b8fe3->250b8f12-04a4-499e-8268-705ea4970293: nextIndex: updateUnconditionally 0 -> 0
2019-06-14 07:29:15,280 WARN  server.GrpcLogAppender (LogUtils.java:warn(134)) - 96189b95-963f-4efc-a86c-4016dd6b8fe3: Failed appendEntries to 250b8f12-04a4-499e-8268-705ea4970293:192.168.134.69:41855: org.apache.ratis.thirdparty.io.grpc.StatusRuntimeException: UNAVAILABLE: io exception
2019-06-14 07:29:15,280 INFO  impl.FollowerInfo (FollowerInfo.java:lambda$new$0(50)) - 96189b95-963f-4efc-a86c-4016dd6b8fe3->250b8f12-04a4-499e-8268-705ea4970293: nextIndex: updateUnconditionally 0 -> 0
2019-06-14 07:29:15,356 INFO  node.StaleNodeHandler (StaleNodeHandler.java:onMessage(58)) - Datanode 250b8f12-04a4-499e-8268-705ea4970293{ip: 192.168.134.69, host: ozone-tm9qp-197714850, networkLocation: /default-rack, certSerialId: null} moved to stale state. Finalizing its pipelines [PipelineID=d5a84966-a1a4-44b0-8e43-2aa7a4b2d06f, PipelineID=9486101b-ade9-4860-bfbd-edbb4159d1f8]
2019-06-14 07:29:15,356 INFO  pipeline.SCMPipelineManager (SCMPipelineManager.java:finalizeAndDestroyPipeline(307)) - destroying pipeline:Pipeline[ Id: d5a84966-a1a4-44b0-8e43-2aa7a4b2d06f, Nodes: 250b8f12-04a4-499e-8268-705ea4970293{ip: 192.168.134.69, host: ozone-tm9qp-197714850, networkLocation: /default-rack, certSerialId: null}, Type:RATIS, Factor:ONE, State:OPEN]
2019-06-14 07:29:15,356 INFO  pipeline.PipelineStateManager (PipelineStateManager.java:finalizePipeline(123)) - Pipeline Pipeline[ Id: d5a84966-a1a4-44b0-8e43-2aa7a4b2d06f, Nodes: 250b8f12-04a4-499e-8268-705ea4970293{ip: 192.168.134.69, host: ozone-tm9qp-197714850, networkLocation: /default-rack, certSerialId: null}, Type:RATIS, Factor:ONE, State:CLOSED] moved to CLOSED state
2019-06-14 07:29:15,356 INFO  pipeline.SCMPipelineManager (SCMPipelineManager.java:finalizeAndDestroyPipeline(307)) - destroying pipeline:Pipeline[ Id: 9486101b-ade9-4860-bfbd-edbb4159d1f8, Nodes: 250b8f12-04a4-499e-8268-705ea4970293{ip: 192.168.134.69, host: ozone-tm9qp-197714850, networkLocation: /default-rack, certSerialId: null}70a47318-6868-4d3f-859e-9b55ee3e6ff5{ip: 192.168.134.69, host: ozone-tm9qp-197714850, networkLocation: /default-rack, certSerialId: null}96189b95-963f-4efc-a86c-4016dd6b8fe3{ip: 192.168.134.69, host: ozone-tm9qp-197714850, networkLocation: /default-rack, certSerialId: null}, Type:RATIS, Factor:THREE, State:OPEN]
2019-06-14 07:29:15,356 INFO  pipeline.PipelineStateManager (PipelineStateManager.java:finalizePipeline(123)) - Pipeline Pipeline[ Id: 9486101b-ade9-4860-bfbd-edbb4159d1f8, Nodes: 250b8f12-04a4-499e-8268-705ea4970293{ip: 192.168.134.69, host: ozone-tm9qp-197714850, networkLocation: /default-rack, certSerialId: null}70a47318-6868-4d3f-859e-9b55ee3e6ff5{ip: 192.168.134.69, host: ozone-tm9qp-197714850, networkLocation: /default-rack, certSerialId: null}96189b95-963f-4efc-a86c-4016dd6b8fe3{ip: 192.168.134.69, host: ozone-tm9qp-197714850, networkLocation: /default-rack, certSerialId: null}, Type:RATIS, Factor:THREE, State:CLOSED] moved to CLOSED state
2019-06-14 07:29:15,357 INFO  container.CloseContainerEventHandler (CloseContainerEventHandler.java:onMessage(61)) - Close container Event triggered for container : #1
2019-06-14 07:29:15,366 WARN  server.GrpcLogAppender (LogUtils.java:warn(134)) - 96189b95-963f-4efc-a86c-4016dd6b8fe3: Failed appendEntries to 250b8f12-04a4-499e-8268-705ea4970293:192.168.134.69:41855: org.apache.ratis.thirdparty.io.grpc.StatusRuntimeException: UNAVAILABLE: io exception
2019-06-14 07:29:15,366 INFO  impl.FollowerInfo (FollowerInfo.java:lambda$new$0(50)) - 96189b95-963f-4efc-a86c-4016dd6b8fe3->250b8f12-04a4-499e-8268-705ea4970293: nextIndex: updateUnconditionally 1 -> 0
2019-06-14 07:29:15,377 WARN  server.GrpcLogAppender (LogUtils.java:warn(134)) - 96189b95-963f-4efc-a86c-4016dd6b8fe3: Failed appendEntries to 250b8f12-04a4-499e-8268-705ea4970293:192.168.134.69:41855: org.apache.ratis.thirdparty.io.grpc.StatusRuntimeException: UNAVAILABLE: io exception
2019-06-14 07:29:15,377 INFO  impl.FollowerInfo (FollowerInfo.java:lambda$new$0(50)) - 96189b95-963f-4efc-a86c-4016dd6b8fe3->250b8f12-04a4-499e-8268-705ea4970293: nextIndex: updateUnconditionally 1 -> 0
2019-06-14 07:29:15,385 INFO  interfaces.Container (KeyValueContainer.java:compactDB(356)) - Container 1 is closed with bcsId 3.
2019-06-14 07:29:15,421 WARN  server.GrpcLogAppender (LogUtils.java:warn(134)) - 96189b95-963f-4efc-a86c-4016dd6b8fe3: Failed appendEntries to 250b8f12-04a4-499e-8268-705ea4970293:192.168.134.69:41855: org.apache.ratis.thirdparty.io.grpc.StatusRuntimeException: UNAVAILABLE: io exception
2019-06-14 07:29:15,421 INFO  impl.FollowerInfo (FollowerInfo.java:lambda$new$0(50)) - 96189b95-963f-4efc-a86c-4016dd6b8fe3->250b8f12-04a4-499e-8268-705ea4970293: nextIndex: updateUnconditionally 1 -> 0
2019-06-14 07:29:15,438 INFO  interfaces.Container (KeyValueContainer.java:compactDB(356)) - Container 1 is closed with bcsId 3.
2019-06-14 07:29:15,921 WARN  server.GrpcLogAppender (LogUtils.java:warn(134)) - 96189b95-963f-4efc-a86c-4016dd6b8fe3: Failed appendEntries to 250b8f12-04a4-499e-8268-705ea4970293:192.168.134.69:41855: org.apache.ratis.thirdparty.io.grpc.StatusRuntimeException: UNAVAILABLE: io exception
2019-06-14 07:29:15,922 INFO  impl.FollowerInfo (FollowerInfo.java:lambda$new$0(50)) - 96189b95-963f-4efc-a86c-4016dd6b8fe3->250b8f12-04a4-499e-8268-705ea4970293: nextIndex: updateUnconditionally 0 -> 0
2019-06-14 07:29:16,422 WARN  server.GrpcLogAppender (LogUtils.java:warn(134)) - 96189b95-963f-4efc-a86c-4016dd6b8fe3: Failed appendEntries to 250b8f12-04a4-499e-8268-705ea4970293:192.168.134.69:41855: org.apache.ratis.thirdparty.io.grpc.StatusRuntimeException: UNAVAILABLE: io exception
2019-06-14 07:29:16,422 INFO  impl.FollowerInfo (FollowerInfo.java:lambda$new$0(50)) - 96189b95-963f-4efc-a86c-4016dd6b8fe3->250b8f12-04a4-499e-8268-705ea4970293: nextIndex: updateUnconditionally 0 -> 0
07:29:16.494 [grpc-default-executor-3] ERROR DNAudit - user=null | ip=null | op=WRITE_CHUNK {blockData=conID: 1 locID: 102268754343231509 bcsId: 3} | ret=FAILURE
org.apache.hadoop.hdds.scm.container.common.helpers.ContainerNotOpenException: Container 1 in CLOSED state
	at org.apache.hadoop.ozone.container.common.impl.HddsDispatcher.validateContainerCommand(HddsDispatcher.java:408) ~[hadoop-hdds-container-service-0.5.0-SNAPSHOT.jar:?]
	at org.apache.hadoop.ozone.container.common.transport.server.ratis.ContainerStateMachine.startTransaction(ContainerStateMachine.java:269) ~[hadoop-hdds-container-service-0.5.0-SNAPSHOT.jar:?]
	at org.apache.ratis.server.impl.RaftServerImpl.submitClientRequestAsync(RaftServerImpl.java:550) ~[ratis-server-0.4.0-fe2b15d-SNAPSHOT.jar:0.4.0-fe2b15d-SNAPSHOT]
	at org.apache.ratis.server.impl.RaftServerProxy.lambda$submitClientRequestAsync$7(RaftServerProxy.java:333) ~[ratis-server-0.4.0-fe2b15d-SNAPSHOT.jar:0.4.0-fe2b15d-SNAPSHOT]
	at org.apache.ratis.server.impl.RaftServerProxy.lambda$null$5(RaftServerProxy.java:328) ~[ratis-server-0.4.0-fe2b15d-SNAPSHOT.jar:0.4.0-fe2b15d-SNAPSHOT]
	at org.apache.ratis.util.JavaUtils.callAsUnchecked(JavaUtils.java:109) ~[ratis-common-0.4.0-fe2b15d-SNAPSHOT.jar:0.4.0-fe2b15d-SNAPSHOT]
	at org.apache.ratis.server.impl.RaftServerProxy.lambda$submitRequest$6(RaftServerProxy.java:328) ~[ratis-server-0.4.0-fe2b15d-SNAPSHOT.jar:0.4.0-fe2b15d-SNAPSHOT]
	at java.util.concurrent.CompletableFuture.uniComposeStage(CompletableFuture.java:981) ~[?:1.8.0_212]
	at java.util.concurrent.CompletableFuture.thenCompose(CompletableFuture.java:2124) ~[?:1.8.0_212]
	at org.apache.ratis.server.impl.RaftServerProxy.submitRequest(RaftServerProxy.java:327) ~[ratis-server-0.4.0-fe2b15d-SNAPSHOT.jar:0.4.0-fe2b15d-SNAPSHOT]
	at org.apache.ratis.server.impl.RaftServerProxy.submitClientRequestAsync(RaftServerProxy.java:333) ~[ratis-server-0.4.0-fe2b15d-SNAPSHOT.jar:0.4.0-fe2b15d-SNAPSHOT]
	at org.apache.ratis.grpc.client.GrpcClientProtocolService$RequestStreamObserver.processClientRequest(GrpcClientProtocolService.java:206) ~[ratis-grpc-0.4.0-fe2b15d-SNAPSHOT.jar:0.4.0-fe2b15d-SNAPSHOT]
	at org.apache.ratis.grpc.client.GrpcClientProtocolService$OrderedRequestStreamObserver.processClientRequest(GrpcClientProtocolService.java:306) ~[ratis-grpc-0.4.0-fe2b15d-SNAPSHOT.jar:0.4.0-fe2b15d-SNAPSHOT]
	at org.apache.ratis.util.SlidingWindow$Server.processRequestsFromHead(SlidingWindow.java:399) [ratis-common-0.4.0-fe2b15d-SNAPSHOT.jar:0.4.0-fe2b15d-SNAPSHOT]
	at org.apache.ratis.util.SlidingWindow$Server.receivedRequest(SlidingWindow.java:391) [ratis-common-0.4.0-fe2b15d-SNAPSHOT.jar:0.4.0-fe2b15d-SNAPSHOT]
	at org.apache.ratis.grpc.client.GrpcClientProtocolService$OrderedRequestStreamObserver.processClientRequest(GrpcClientProtocolService.java:312) [ratis-grpc-0.4.0-fe2b15d-SNAPSHOT.jar:0.4.0-fe2b15d-SNAPSHOT]
	at org.apache.ratis.grpc.client.GrpcClientProtocolService$RequestStreamObserver.onNext(GrpcClientProtocolService.java:226) [ratis-grpc-0.4.0-fe2b15d-SNAPSHOT.jar:0.4.0-fe2b15d-SNAPSHOT]
	at org.apache.ratis.grpc.client.GrpcClientProtocolService$RequestStreamObserver.onNext(GrpcClientProtocolService.java:154) [ratis-grpc-0.4.0-fe2b15d-SNAPSHOT.jar:0.4.0-fe2b15d-SNAPSHOT]
	at org.apache.ratis.thirdparty.io.grpc.stub.ServerCalls$StreamingServerCallHandler$StreamingServerCallListener.onMessage(ServerCalls.java:248) [ratis-thirdparty-misc-0.2.0.jar:0.2.0]
	at org.apache.ratis.thirdparty.io.grpc.internal.ServerCallImpl$ServerStreamListenerImpl.messagesAvailable(ServerCallImpl.java:263) [ratis-thirdparty-misc-0.2.0.jar:0.2.0]
	at org.apache.ratis.thirdparty.io.grpc.internal.ServerImpl$JumpToApplicationThreadServerStreamListener$1MessagesAvailable.runInContext(ServerImpl.java:686) [ratis-thirdparty-misc-0.2.0.jar:0.2.0]
	at org.apache.ratis.thirdparty.io.grpc.internal.ContextRunnable.run(ContextRunnable.java:37) [ratis-thirdparty-misc-0.2.0.jar:0.2.0]
	at org.apache.ratis.thirdparty.io.grpc.internal.SerializingExecutor.run(SerializingExecutor.java:123) [ratis-thirdparty-misc-0.2.0.jar:0.2.0]
	at java.util.concurrent.ThreadPoolExecutor.runWorker(ThreadPoolExecutor.java:1149) [?:1.8.0_212]
	at java.util.concurrent.ThreadPoolExecutor$Worker.run(ThreadPoolExecutor.java:624) [?:1.8.0_212]
	at java.lang.Thread.run(Thread.java:748) [?:1.8.0_212]
2019-06-14 07:29:16,540 INFO  client.GrpcClientProtocolClient (GrpcClientProtocolClient.java:onNext(254)) - client-039B51D37E93->96189b95-963f-4efc-a86c-4016dd6b8fe3: receive RaftClientReply:client-039B51D37E93->96189b95-963f-4efc-a86c-4016dd6b8fe3@group-EDBB4159D1F8, cid=154, FAILED org.apache.ratis.protocol.StateMachineException: org.apache.hadoop.hdds.scm.container.common.helpers.ContainerNotOpenException from Server 96189b95-963f-4efc-a86c-4016dd6b8fe3: Container 1 in CLOSED state, logIndex=0, commits[96189b95-963f-4efc-a86c-4016dd6b8fe3:c8, 70a47318-6868-4d3f-859e-9b55ee3e6ff5:c8, 250b8f12-04a4-499e-8268-705ea4970293:c3]
07:29:16.550 [grpc-default-executor-5] ERROR DNAudit - user=null | ip=null | op=PUT_BLOCK {blockData=[blockId=conID: 1 locID: 102268754343231509 bcsId: 0,size=2097152]} | ret=FAILURE
org.apache.hadoop.hdds.scm.container.common.helpers.ContainerNotOpenException: Container 1 in CLOSED state
	at org.apache.hadoop.ozone.container.common.impl.HddsDispatcher.validateContainerCommand(HddsDispatcher.java:408) ~[hadoop-hdds-container-service-0.5.0-SNAPSHOT.jar:?]
	at org.apache.hadoop.ozone.container.common.transport.server.ratis.ContainerStateMachine.startTransaction(ContainerStateMachine.java:269) ~[hadoop-hdds-container-service-0.5.0-SNAPSHOT.jar:?]
	at org.apache.ratis.server.impl.RaftServerImpl.submitClientRequestAsync(RaftServerImpl.java:550) ~[ratis-server-0.4.0-fe2b15d-SNAPSHOT.jar:0.4.0-fe2b15d-SNAPSHOT]
	at org.apache.ratis.server.impl.RaftServerProxy.lambda$submitClientRequestAsync$7(RaftServerProxy.java:333) ~[ratis-server-0.4.0-fe2b15d-SNAPSHOT.jar:0.4.0-fe2b15d-SNAPSHOT]
	at org.apache.ratis.server.impl.RaftServerProxy.lambda$null$5(RaftServerProxy.java:328) ~[ratis-server-0.4.0-fe2b15d-SNAPSHOT.jar:0.4.0-fe2b15d-SNAPSHOT]
	at org.apache.ratis.util.JavaUtils.callAsUnchecked(JavaUtils.java:109) ~[ratis-common-0.4.0-fe2b15d-SNAPSHOT.jar:0.4.0-fe2b15d-SNAPSHOT]
	at org.apache.ratis.server.impl.RaftServerProxy.lambda$submitRequest$6(RaftServerProxy.java:328) ~[ratis-server-0.4.0-fe2b15d-SNAPSHOT.jar:0.4.0-fe2b15d-SNAPSHOT]
	at java.util.concurrent.CompletableFuture.uniComposeStage(CompletableFuture.java:981) ~[?:1.8.0_212]
	at java.util.concurrent.CompletableFuture.thenCompose(CompletableFuture.java:2124) ~[?:1.8.0_212]
	at org.apache.ratis.server.impl.RaftServerProxy.submitRequest(RaftServerProxy.java:327) ~[ratis-server-0.4.0-fe2b15d-SNAPSHOT.jar:0.4.0-fe2b15d-SNAPSHOT]
	at org.apache.ratis.server.impl.RaftServerProxy.submitClientRequestAsync(RaftServerProxy.java:333) ~[ratis-server-0.4.0-fe2b15d-SNAPSHOT.jar:0.4.0-fe2b15d-SNAPSHOT]
	at org.apache.ratis.grpc.client.GrpcClientProtocolService$RequestStreamObserver.processClientRequest(GrpcClientProtocolService.java:206) ~[ratis-grpc-0.4.0-fe2b15d-SNAPSHOT.jar:0.4.0-fe2b15d-SNAPSHOT]
	at org.apache.ratis.grpc.client.GrpcClientProtocolService$OrderedRequestStreamObserver.processClientRequest(GrpcClientProtocolService.java:306) ~[ratis-grpc-0.4.0-fe2b15d-SNAPSHOT.jar:0.4.0-fe2b15d-SNAPSHOT]
	at org.apache.ratis.util.SlidingWindow$Server.processRequestsFromHead(SlidingWindow.java:399) [ratis-common-0.4.0-fe2b15d-SNAPSHOT.jar:0.4.0-fe2b15d-SNAPSHOT]
	at org.apache.ratis.util.SlidingWindow$Server.receivedRequest(SlidingWindow.java:391) [ratis-common-0.4.0-fe2b15d-SNAPSHOT.jar:0.4.0-fe2b15d-SNAPSHOT]
	at org.apache.ratis.grpc.client.GrpcClientProtocolService$OrderedRequestStreamObserver.processClientRequest(GrpcClientProtocolService.java:312) [ratis-grpc-0.4.0-fe2b15d-SNAPSHOT.jar:0.4.0-fe2b15d-SNAPSHOT]
	at org.apache.ratis.grpc.client.GrpcClientProtocolService$RequestStreamObserver.onNext(GrpcClientProtocolService.java:226) [ratis-grpc-0.4.0-fe2b15d-SNAPSHOT.jar:0.4.0-fe2b15d-SNAPSHOT]
	at org.apache.ratis.grpc.client.GrpcClientProtocolService$RequestStreamObserver.onNext(GrpcClientProtocolService.java:154) [ratis-grpc-0.4.0-fe2b15d-SNAPSHOT.jar:0.4.0-fe2b15d-SNAPSHOT]
	at org.apache.ratis.thirdparty.io.grpc.stub.ServerCalls$StreamingServerCallHandler$StreamingServerCallListener.onMessage(ServerCalls.java:248) [ratis-thirdparty-misc-0.2.0.jar:0.2.0]
	at org.apache.ratis.thirdparty.io.grpc.internal.ServerCallImpl$ServerStreamListenerImpl.messagesAvailable(ServerCallImpl.java:263) [ratis-thirdparty-misc-0.2.0.jar:0.2.0]
	at org.apache.ratis.thirdparty.io.grpc.internal.ServerImpl$JumpToApplicationThreadServerStreamListener$1MessagesAvailable.runInContext(ServerImpl.java:686) [ratis-thirdparty-misc-0.2.0.jar:0.2.0]
	at org.apache.ratis.thirdparty.io.grpc.internal.ContextRunnable.run(ContextRunnable.java:37) [ratis-thirdparty-misc-0.2.0.jar:0.2.0]
	at org.apache.ratis.thirdparty.io.grpc.internal.SerializingExecutor.run(SerializingExecutor.java:123) [ratis-thirdparty-misc-0.2.0.jar:0.2.0]
	at java.util.concurrent.ThreadPoolExecutor.runWorker(ThreadPoolExecutor.java:1149) [?:1.8.0_212]
	at java.util.concurrent.ThreadPoolExecutor$Worker.run(ThreadPoolExecutor.java:624) [?:1.8.0_212]
	at java.lang.Thread.run(Thread.java:748) [?:1.8.0_212]
07:29:16.557 [grpc-default-executor-5] ERROR DNAudit - user=null | ip=null | op=WRITE_CHUNK {blockData=conID: 1 locID: 102268754343231509 bcsId: 3} | ret=FAILURE
org.apache.hadoop.hdds.scm.container.common.helpers.ContainerNotOpenException: Container 1 in CLOSED state
	at org.apache.hadoop.ozone.container.common.impl.HddsDispatcher.validateContainerCommand(HddsDispatcher.java:408) ~[hadoop-hdds-container-service-0.5.0-SNAPSHOT.jar:?]
	at org.apache.hadoop.ozone.container.common.transport.server.ratis.ContainerStateMachine.startTransaction(ContainerStateMachine.java:269) ~[hadoop-hdds-container-service-0.5.0-SNAPSHOT.jar:?]
	at org.apache.ratis.server.impl.RaftServerImpl.submitClientRequestAsync(RaftServerImpl.java:550) ~[ratis-server-0.4.0-fe2b15d-SNAPSHOT.jar:0.4.0-fe2b15d-SNAPSHOT]
	at org.apache.ratis.server.impl.RaftServerProxy.lambda$submitClientRequestAsync$7(RaftServerProxy.java:333) ~[ratis-server-0.4.0-fe2b15d-SNAPSHOT.jar:0.4.0-fe2b15d-SNAPSHOT]
	at org.apache.ratis.server.impl.RaftServerProxy.lambda$null$5(RaftServerProxy.java:328) ~[ratis-server-0.4.0-fe2b15d-SNAPSHOT.jar:0.4.0-fe2b15d-SNAPSHOT]
	at org.apache.ratis.util.JavaUtils.callAsUnchecked(JavaUtils.java:109) ~[ratis-common-0.4.0-fe2b15d-SNAPSHOT.jar:0.4.0-fe2b15d-SNAPSHOT]
	at org.apache.ratis.server.impl.RaftServerProxy.lambda$submitRequest$6(RaftServerProxy.java:328) ~[ratis-server-0.4.0-fe2b15d-SNAPSHOT.jar:0.4.0-fe2b15d-SNAPSHOT]
	at java.util.concurrent.CompletableFuture.uniComposeStage(CompletableFuture.java:981) ~[?:1.8.0_212]
	at java.util.concurrent.CompletableFuture.thenCompose(CompletableFuture.java:2124) ~[?:1.8.0_212]
	at org.apache.ratis.server.impl.RaftServerProxy.submitRequest(RaftServerProxy.java:327) ~[ratis-server-0.4.0-fe2b15d-SNAPSHOT.jar:0.4.0-fe2b15d-SNAPSHOT]
	at org.apache.ratis.server.impl.RaftServerProxy.submitClientRequestAsync(RaftServerProxy.java:333) ~[ratis-server-0.4.0-fe2b15d-SNAPSHOT.jar:0.4.0-fe2b15d-SNAPSHOT]
	at org.apache.ratis.grpc.client.GrpcClientProtocolService$RequestStreamObserver.processClientRequest(GrpcClientProtocolService.java:206) ~[ratis-grpc-0.4.0-fe2b15d-SNAPSHOT.jar:0.4.0-fe2b15d-SNAPSHOT]
	at org.apache.ratis.grpc.client.GrpcClientProtocolService$OrderedRequestStreamObserver.processClientRequest(GrpcClientProtocolService.java:306) ~[ratis-grpc-0.4.0-fe2b15d-SNAPSHOT.jar:0.4.0-fe2b15d-SNAPSHOT]
	at org.apache.ratis.util.SlidingWindow$Server.processRequestsFromHead(SlidingWindow.java:399) [ratis-common-0.4.0-fe2b15d-SNAPSHOT.jar:0.4.0-fe2b15d-SNAPSHOT]
	at org.apache.ratis.util.SlidingWindow$Server.receivedRequest(SlidingWindow.java:391) [ratis-common-0.4.0-fe2b15d-SNAPSHOT.jar:0.4.0-fe2b15d-SNAPSHOT]
	at org.apache.ratis.grpc.client.GrpcClientProtocolService$OrderedRequestStreamObserver.processClientRequest(GrpcClientProtocolService.java:312) [ratis-grpc-0.4.0-fe2b15d-SNAPSHOT.jar:0.4.0-fe2b15d-SNAPSHOT]
	at org.apache.ratis.grpc.client.GrpcClientProtocolService$RequestStreamObserver.onNext(GrpcClientProtocolService.java:226) [ratis-grpc-0.4.0-fe2b15d-SNAPSHOT.jar:0.4.0-fe2b15d-SNAPSHOT]
	at org.apache.ratis.grpc.client.GrpcClientProtocolService$RequestStreamObserver.onNext(GrpcClientProtocolService.java:154) [ratis-grpc-0.4.0-fe2b15d-SNAPSHOT.jar:0.4.0-fe2b15d-SNAPSHOT]
	at org.apache.ratis.thirdparty.io.grpc.stub.ServerCalls$StreamingServerCallHandler$StreamingServerCallListener.onMessage(ServerCalls.java:248) [ratis-thirdparty-misc-0.2.0.jar:0.2.0]
	at org.apache.ratis.thirdparty.io.grpc.internal.ServerCallImpl$ServerStreamListenerImpl.messagesAvailable(ServerCallImpl.java:263) [ratis-thirdparty-misc-0.2.0.jar:0.2.0]
	at org.apache.ratis.thirdparty.io.grpc.internal.ServerImpl$JumpToApplicationThreadServerStreamListener$1MessagesAvailable.runInContext(ServerImpl.java:686) [ratis-thirdparty-misc-0.2.0.jar:0.2.0]
	at org.apache.ratis.thirdparty.io.grpc.internal.ContextRunnable.run(ContextRunnable.java:37) [ratis-thirdparty-misc-0.2.0.jar:0.2.0]
	at org.apache.ratis.thirdparty.io.grpc.internal.SerializingExecutor.run(SerializingExecutor.java:123) [ratis-thirdparty-misc-0.2.0.jar:0.2.0]
	at java.util.concurrent.ThreadPoolExecutor.runWorker(ThreadPoolExecutor.java:1149) [?:1.8.0_212]
	at java.util.concurrent.ThreadPoolExecutor$Worker.run(ThreadPoolExecutor.java:624) [?:1.8.0_212]
	at java.lang.Thread.run(Thread.java:748) [?:1.8.0_212]
2019-06-14 07:29:16,558 INFO  client.GrpcClientProtocolClient (GrpcClientProtocolClient.java:onNext(254)) - client-039B51D37E93->96189b95-963f-4efc-a86c-4016dd6b8fe3: receive RaftClientReply:client-039B51D37E93->96189b95-963f-4efc-a86c-4016dd6b8fe3@group-EDBB4159D1F8, cid=155, FAILED org.apache.ratis.protocol.StateMachineException: org.apache.hadoop.hdds.scm.container.common.helpers.ContainerNotOpenException from Server 96189b95-963f-4efc-a86c-4016dd6b8fe3: Container 1 in CLOSED state, logIndex=0, commits[96189b95-963f-4efc-a86c-4016dd6b8fe3:c8, 70a47318-6868-4d3f-859e-9b55ee3e6ff5:c8, 250b8f12-04a4-499e-8268-705ea4970293:c3]
07:29:16.567 [grpc-default-executor-5] ERROR DNAudit - user=null | ip=null | op=PUT_BLOCK {blockData=[blockId=conID: 1 locID: 102268754343231509 bcsId: 0,size=3145728]} | ret=FAILURE
org.apache.hadoop.hdds.scm.container.common.helpers.ContainerNotOpenException: Container 1 in CLOSED state
	at org.apache.hadoop.ozone.container.common.impl.HddsDispatcher.validateContainerCommand(HddsDispatcher.java:408) ~[hadoop-hdds-container-service-0.5.0-SNAPSHOT.jar:?]
	at org.apache.hadoop.ozone.container.common.transport.server.ratis.ContainerStateMachine.startTransaction(ContainerStateMachine.java:269) ~[hadoop-hdds-container-service-0.5.0-SNAPSHOT.jar:?]
	at org.apache.ratis.server.impl.RaftServerImpl.submitClientRequestAsync(RaftServerImpl.java:550) ~[ratis-server-0.4.0-fe2b15d-SNAPSHOT.jar:0.4.0-fe2b15d-SNAPSHOT]
	at org.apache.ratis.server.impl.RaftServerProxy.lambda$submitClientRequestAsync$7(RaftServerProxy.java:333) ~[ratis-server-0.4.0-fe2b15d-SNAPSHOT.jar:0.4.0-fe2b15d-SNAPSHOT]
	at org.apache.ratis.server.impl.RaftServerProxy.lambda$null$5(RaftServerProxy.java:328) ~[ratis-server-0.4.0-fe2b15d-SNAPSHOT.jar:0.4.0-fe2b15d-SNAPSHOT]
	at org.apache.ratis.util.JavaUtils.callAsUnchecked(JavaUtils.java:109) ~[ratis-common-0.4.0-fe2b15d-SNAPSHOT.jar:0.4.0-fe2b15d-SNAPSHOT]
	at org.apache.ratis.server.impl.RaftServerProxy.lambda$submitRequest$6(RaftServerProxy.java:328) ~[ratis-server-0.4.0-fe2b15d-SNAPSHOT.jar:0.4.0-fe2b15d-SNAPSHOT]
	at java.util.concurrent.CompletableFuture.uniComposeStage(CompletableFuture.java:981) ~[?:1.8.0_212]
	at java.util.concurrent.CompletableFuture.thenCompose(CompletableFuture.java:2124) ~[?:1.8.0_212]
	at org.apache.ratis.server.impl.RaftServerProxy.submitRequest(RaftServerProxy.java:327) ~[ratis-server-0.4.0-fe2b15d-SNAPSHOT.jar:0.4.0-fe2b15d-SNAPSHOT]
	at org.apache.ratis.server.impl.RaftServerProxy.submitClientRequestAsync(RaftServerProxy.java:333) ~[ratis-server-0.4.0-fe2b15d-SNAPSHOT.jar:0.4.0-fe2b15d-SNAPSHOT]
	at org.apache.ratis.grpc.client.GrpcClientProtocolService$RequestStreamObserver.processClientRequest(GrpcClientProtocolService.java:206) ~[ratis-grpc-0.4.0-fe2b15d-SNAPSHOT.jar:0.4.0-fe2b15d-SNAPSHOT]
	at org.apache.ratis.grpc.client.GrpcClientProtocolService$OrderedRequestStreamObserver.processClientRequest(GrpcClientProtocolService.java:306) ~[ratis-grpc-0.4.0-fe2b15d-SNAPSHOT.jar:0.4.0-fe2b15d-SNAPSHOT]
	at org.apache.ratis.util.SlidingWindow$Server.processRequestsFromHead(SlidingWindow.java:399) [ratis-common-0.4.0-fe2b15d-SNAPSHOT.jar:0.4.0-fe2b15d-SNAPSHOT]
	at org.apache.ratis.util.SlidingWindow$Server.receivedRequest(SlidingWindow.java:391) [ratis-common-0.4.0-fe2b15d-SNAPSHOT.jar:0.4.0-fe2b15d-SNAPSHOT]
	at org.apache.ratis.grpc.client.GrpcClientProtocolService$OrderedRequestStreamObserver.processClientRequest(GrpcClientProtocolService.java:312) [ratis-grpc-0.4.0-fe2b15d-SNAPSHOT.jar:0.4.0-fe2b15d-SNAPSHOT]
	at org.apache.ratis.grpc.client.GrpcClientProtocolService$RequestStreamObserver.onNext(GrpcClientProtocolService.java:226) [ratis-grpc-0.4.0-fe2b15d-SNAPSHOT.jar:0.4.0-fe2b15d-SNAPSHOT]
	at org.apache.ratis.grpc.client.GrpcClientProtocolService$RequestStreamObserver.onNext(GrpcClientProtocolService.java:154) [ratis-grpc-0.4.0-fe2b15d-SNAPSHOT.jar:0.4.0-fe2b15d-SNAPSHOT]
	at org.apache.ratis.thirdparty.io.grpc.stub.ServerCalls$StreamingServerCallHandler$StreamingServerCallListener.onMessage(ServerCalls.java:248) [ratis-thirdparty-misc-0.2.0.jar:0.2.0]
	at org.apache.ratis.thirdparty.io.grpc.internal.ServerCallImpl$ServerStreamListenerImpl.messagesAvailable(ServerCallImpl.java:263) [ratis-thirdparty-misc-0.2.0.jar:0.2.0]
	at org.apache.ratis.thirdparty.io.grpc.internal.ServerImpl$JumpToApplicationThreadServerStreamListener$1MessagesAvailable.runInContext(ServerImpl.java:686) [ratis-thirdparty-misc-0.2.0.jar:0.2.0]
	at org.apache.ratis.thirdparty.io.grpc.internal.ContextRunnable.run(ContextRunnable.java:37) [ratis-thirdparty-misc-0.2.0.jar:0.2.0]
	at org.apache.ratis.thirdparty.io.grpc.internal.SerializingExecutor.run(SerializingExecutor.java:123) [ratis-thirdparty-misc-0.2.0.jar:0.2.0]
	at java.util.concurrent.ThreadPoolExecutor.runWorker(ThreadPoolExecutor.java:1149) [?:1.8.0_212]
	at java.util.concurrent.ThreadPoolExecutor$Worker.run(ThreadPoolExecutor.java:624) [?:1.8.0_212]
	at java.lang.Thread.run(Thread.java:748) [?:1.8.0_212]
2019-06-14 07:29:16,568 INFO  client.GrpcClientProtocolClient (GrpcClientProtocolClient.java:onNext(254)) - client-039B51D37E93->96189b95-963f-4efc-a86c-4016dd6b8fe3: receive RaftClientReply:client-039B51D37E93->96189b95-963f-4efc-a86c-4016dd6b8fe3@group-EDBB4159D1F8, cid=156, FAILED org.apache.ratis.protocol.StateMachineException: org.apache.hadoop.hdds.scm.container.common.helpers.ContainerNotOpenException from Server 96189b95-963f-4efc-a86c-4016dd6b8fe3: Container 1 in CLOSED state, logIndex=0, commits[96189b95-963f-4efc-a86c-4016dd6b8fe3:c8, 70a47318-6868-4d3f-859e-9b55ee3e6ff5:c8, 250b8f12-04a4-499e-8268-705ea4970293:c3]
2019-06-14 07:29:16,577 INFO  client.GrpcClientProtocolClient (GrpcClientProtocolClient.java:onNext(254)) - client-039B51D37E93->96189b95-963f-4efc-a86c-4016dd6b8fe3: receive RaftClientReply:client-039B51D37E93->96189b95-963f-4efc-a86c-4016dd6b8fe3@group-EDBB4159D1F8, cid=157, FAILED org.apache.ratis.protocol.StateMachineException: org.apache.hadoop.hdds.scm.container.common.helpers.ContainerNotOpenException from Server 96189b95-963f-4efc-a86c-4016dd6b8fe3: Container 1 in CLOSED state, logIndex=0, commits[96189b95-963f-4efc-a86c-4016dd6b8fe3:c8, 70a47318-6868-4d3f-859e-9b55ee3e6ff5:c8, 250b8f12-04a4-499e-8268-705ea4970293:c3]
2019-06-14 07:29:16,647 INFO  client.GrpcClientProtocolClient (GrpcClientProtocolClient.java:onNext(254)) - client-A9665793D562->ce78f6cf-40f4-46ad-98a4-4be54309b294: receive RaftClientReply:client-A9665793D562->ce78f6cf-40f4-46ad-98a4-4be54309b294@group-A80EFF5D1E53, cid=158, SUCCESS, logIndex=1, commits[ce78f6cf-40f4-46ad-98a4-4be54309b294:c1, a726b4f5-1e21-43d9-b3b5-730cbc2032a7:c0, c07fdf2c-b795-4f69-8d68-1433255033e1:c0]
2019-06-14 07:29:16,707 INFO  client.GrpcClientProtocolClient (GrpcClientProtocolClient.java:onNext(254)) - client-A9665793D562->ce78f6cf-40f4-46ad-98a4-4be54309b294: receive RaftClientReply:client-A9665793D562->ce78f6cf-40f4-46ad-98a4-4be54309b294@group-A80EFF5D1E53, cid=159, SUCCESS, logIndex=3, commits[ce78f6cf-40f4-46ad-98a4-4be54309b294:c4, a726b4f5-1e21-43d9-b3b5-730cbc2032a7:c3, c07fdf2c-b795-4f69-8d68-1433255033e1:c3]
2019-06-14 07:29:16,736 INFO  client.GrpcClientProtocolClient (GrpcClientProtocolClient.java:onNext(254)) - client-A9665793D562->ce78f6cf-40f4-46ad-98a4-4be54309b294: receive RaftClientReply:client-A9665793D562->ce78f6cf-40f4-46ad-98a4-4be54309b294@group-A80EFF5D1E53, cid=160, SUCCESS, logIndex=5, commits[ce78f6cf-40f4-46ad-98a4-4be54309b294:c5, a726b4f5-1e21-43d9-b3b5-730cbc2032a7:c4, c07fdf2c-b795-4f69-8d68-1433255033e1:c3]
2019-06-14 07:29:16,766 INFO  client.GrpcClientProtocolClient (GrpcClientProtocolClient.java:onNext(254)) - client-A9665793D562->ce78f6cf-40f4-46ad-98a4-4be54309b294: receive RaftClientReply:client-A9665793D562->ce78f6cf-40f4-46ad-98a4-4be54309b294@group-A80EFF5D1E53, cid=161, SUCCESS, logIndex=6, commits[ce78f6cf-40f4-46ad-98a4-4be54309b294:c8, a726b4f5-1e21-43d9-b3b5-730cbc2032a7:c6, c07fdf2c-b795-4f69-8d68-1433255033e1:c6]
]]></system-out>
    <system-err><![CDATA[Jun 14, 2019 7:29:04 AM com.sun.jersey.server.impl.application.WebApplicationImpl _initiate
INFO: Initiating Jersey application, version 'Jersey: 1.19 02/11/2015 03:25 AM'
Jun 14, 2019 7:29:04 AM com.sun.jersey.server.impl.application.WebApplicationImpl _initiate
INFO: Initiating Jersey application, version 'Jersey: 1.19 02/11/2015 03:25 AM'
Jun 14, 2019 7:29:04 AM com.sun.jersey.server.impl.application.WebApplicationImpl _initiate
INFO: Initiating Jersey application, version 'Jersey: 1.19 02/11/2015 03:25 AM'
Jun 14, 2019 7:29:04 AM com.sun.jersey.server.impl.application.WebApplicationImpl _initiate
INFO: Initiating Jersey application, version 'Jersey: 1.19 02/11/2015 03:25 AM'
Jun 14, 2019 7:29:04 AM com.sun.jersey.server.impl.application.WebApplicationImpl _initiate
INFO: Initiating Jersey application, version 'Jersey: 1.19 02/11/2015 03:25 AM'
Jun 14, 2019 7:29:05 AM com.sun.jersey.server.impl.application.WebApplicationImpl _initiate
INFO: Initiating Jersey application, version 'Jersey: 1.19 02/11/2015 03:25 AM'
Jun 14, 2019 7:29:12 AM org.apache.ratis.thirdparty.io.grpc.internal.SerializingExecutor run
SEVERE: Exception while executing runnable org.apache.ratis.thirdparty.io.grpc.internal.ClientCallImpl$ClientStreamListenerImpl$1StreamClosed@4960c0cd
java.lang.NullPointerException
	at org.apache.ratis.grpc.client.GrpcClientProtocolClient$AsyncStreamObservers.completeReplyExceptionally(GrpcClientProtocolClient.java:320)
	at org.apache.ratis.grpc.client.GrpcClientProtocolClient$AsyncStreamObservers.access$000(GrpcClientProtocolClient.java:245)
	at org.apache.ratis.grpc.client.GrpcClientProtocolClient$AsyncStreamObservers$1.onError(GrpcClientProtocolClient.java:269)
	at org.apache.ratis.thirdparty.io.grpc.stub.ClientCalls$StreamObserverToCallListenerAdapter.onClose(ClientCalls.java:434)
	at org.apache.ratis.thirdparty.io.grpc.PartialForwardingClientCallListener.onClose(PartialForwardingClientCallListener.java:39)
	at org.apache.ratis.thirdparty.io.grpc.ForwardingClientCallListener.onClose(ForwardingClientCallListener.java:23)
	at org.apache.ratis.thirdparty.io.grpc.ForwardingClientCallListener$SimpleForwardingClientCallListener.onClose(ForwardingClientCallListener.java:40)
	at org.apache.ratis.thirdparty.io.grpc.internal.CensusStatsModule$StatsClientInterceptor$1$1.onClose(CensusStatsModule.java:678)
	at org.apache.ratis.thirdparty.io.grpc.PartialForwardingClientCallListener.onClose(PartialForwardingClientCallListener.java:39)
	at org.apache.ratis.thirdparty.io.grpc.ForwardingClientCallListener.onClose(ForwardingClientCallListener.java:23)
	at org.apache.ratis.thirdparty.io.grpc.ForwardingClientCallListener$SimpleForwardingClientCallListener.onClose(ForwardingClientCallListener.java:40)
	at org.apache.ratis.thirdparty.io.grpc.internal.CensusTracingModule$TracingClientInterceptor$1$1.onClose(CensusTracingModule.java:397)
	at org.apache.ratis.thirdparty.io.grpc.internal.ClientCallImpl.closeObserver(ClientCallImpl.java:459)
	at org.apache.ratis.thirdparty.io.grpc.internal.ClientCallImpl.access$300(ClientCallImpl.java:63)
	at org.apache.ratis.thirdparty.io.grpc.internal.ClientCallImpl$ClientStreamListenerImpl.close(ClientCallImpl.java:546)
	at org.apache.ratis.thirdparty.io.grpc.internal.ClientCallImpl$ClientStreamListenerImpl.access$600(ClientCallImpl.java:467)
	at org.apache.ratis.thirdparty.io.grpc.internal.ClientCallImpl$ClientStreamListenerImpl$1StreamClosed.runInContext(ClientCallImpl.java:584)
	at org.apache.ratis.thirdparty.io.grpc.internal.ContextRunnable.run(ContextRunnable.java:37)
	at org.apache.ratis.thirdparty.io.grpc.internal.SerializingExecutor.run(SerializingExecutor.java:123)
	at java.util.concurrent.ThreadPoolExecutor.runWorker(ThreadPoolExecutor.java:1149)
	at java.util.concurrent.ThreadPoolExecutor$Worker.run(ThreadPoolExecutor.java:624)
	at java.lang.Thread.run(Thread.java:748)

]]></system-err>
  </testcase>
  <testcase name="testMultiBlockWritesWithDnFailures" classname="org.apache.hadoop.ozone.client.rpc.TestFailureHandlingByClient" time="13.835"/>
</testsuite>