<?xml version="1.0" encoding="UTF-8"?>
<testsuite xmlns:xsi="http://www.w3.org/2001/XMLSchema-instance" xsi:noNamespaceSchemaLocation="https://maven.apache.org/surefire/maven-surefire-plugin/xsd/surefire-test-report.xsd" name="org.apache.hadoop.ozone.client.rpc.TestWatchForCommit" time="153.404" tests="6" errors="1" skipped="0" failures="1">
  <properties>
    <property name="awt.toolkit" value="sun.awt.X11.XToolkit"/>
    <property name="file.encoding.pkg" value="sun.io"/>
    <property name="java.specification.version" value="1.8"/>
    <property name="sun.cpu.isalist" value=""/>
    <property name="sun.jnu.encoding" value="UTF-8"/>
    <property name="java.class.path" value="/opt/src/hadoop-ozone/integration-test/target/test-classes:/opt/src/hadoop-ozone/integration-test/target/classes:/root/.m2/repository/org/apache/hadoop/hadoop-ozone-common/0.5.0-SNAPSHOT/hadoop-ozone-common-0.5.0-SNAPSHOT.jar:/root/.m2/repository/org/apache/commons/commons-compress/1.4.1/commons-compress-1.4.1.jar:/root/.m2/repository/org/tukaani/xz/1.0/xz-1.0.jar:/root/.m2/repository/org/apache/hadoop/hadoop-common/3.2.0/hadoop-common-3.2.0.jar:/root/.m2/repository/org/apache/hadoop/hadoop-hdfs/3.2.0/hadoop-hdfs-3.2.0.jar:/root/.m2/repository/org/apache/hadoop/hadoop-hdfs-client/3.2.0/hadoop-hdfs-client-3.2.0.jar:/root/.m2/repository/com/fasterxml/jackson/core/jackson-annotations/2.9.5/jackson-annotations-2.9.5.jar:/root/.m2/repository/org/apache/hadoop/hadoop-hdds-common/0.5.0-SNAPSHOT/hadoop-hdds-common-0.5.0-SNAPSHOT.jar:/root/.m2/repository/javax/annotation/javax.annotation-api/1.2/javax.annotation-api-1.2.jar:/root/.m2/repository/org/apache/ratis/ratis-server/0.4.0-fe2b15d-SNAPSHOT/ratis-server-0.4.0-fe2b15d-SNAPSHOT.jar:/root/.m2/repository/org/apache/ratis/ratis-thirdparty-misc/0.2.0/ratis-thirdparty-misc-0.2.0.jar:/root/.m2/repository/org/apache/ratis/ratis-proto/0.4.0-fe2b15d-SNAPSHOT/ratis-proto-0.4.0-fe2b15d-SNAPSHOT.jar:/root/.m2/repository/org/apache/ratis/ratis-common/0.4.0-fe2b15d-SNAPSHOT/ratis-common-0.4.0-fe2b15d-SNAPSHOT.jar:/root/.m2/repository/org/apache/ratis/ratis-client/0.4.0-fe2b15d-SNAPSHOT/ratis-client-0.4.0-fe2b15d-SNAPSHOT.jar:/root/.m2/repository/org/apache/ratis/ratis-netty/0.4.0-fe2b15d-SNAPSHOT/ratis-netty-0.4.0-fe2b15d-SNAPSHOT.jar:/root/.m2/repository/org/apache/ratis/ratis-grpc/0.4.0-fe2b15d-SNAPSHOT/ratis-grpc-0.4.0-fe2b15d-SNAPSHOT.jar:/root/.m2/repository/org/rocksdb/rocksdbjni/5.14.2/rocksdbjni-5.14.2.jar:/root/.m2/repository/org/apache/logging/log4j/log4j-api/2.11.0/log4j-api-2.11.0.jar:/root/.m2/repository/org/apache/logging/log4j/log4j-core/2.11.0/log4j-core-2.11.0.jar:/root/.m2/repository/com/lmax/disruptor/3.4.2/disruptor-3.4.2.jar:/root/.m2/repository/org/apache/commons/commons-pool2/2.6.0/commons-pool2-2.6.0.jar:/root/.m2/repository/org/bouncycastle/bcpkix-jdk15on/1.60/bcpkix-jdk15on-1.60.jar:/root/.m2/repository/commons-validator/commons-validator/1.6/commons-validator-1.6.jar:/root/.m2/repository/commons-digester/commons-digester/1.8.1/commons-digester-1.8.1.jar:/root/.m2/repository/io/jaegertracing/jaeger-client/0.33.1/jaeger-client-0.33.1.jar:/root/.m2/repository/io/jaegertracing/jaeger-thrift/0.33.1/jaeger-thrift-0.33.1.jar:/root/.m2/repository/org/apache/thrift/libthrift/0.11.0/libthrift-0.11.0.jar:/root/.m2/repository/com/squareup/okhttp3/okhttp/3.9.0/okhttp-3.9.0.jar:/root/.m2/repository/com/squareup/okio/okio/1.13.0/okio-1.13.0.jar:/root/.m2/repository/io/jaegertracing/jaeger-core/0.33.1/jaeger-core-0.33.1.jar:/root/.m2/repository/io/jaegertracing/jaeger-tracerresolver/0.33.1/jaeger-tracerresolver-0.33.1.jar:/root/.m2/repository/io/opentracing/contrib/opentracing-tracerresolver/0.1.5/opentracing-tracerresolver-0.1.5.jar:/root/.m2/repository/io/opentracing/opentracing-util/0.31.0/opentracing-util-0.31.0.jar:/root/.m2/repository/io/opentracing/opentracing-api/0.31.0/opentracing-api-0.31.0.jar:/root/.m2/repository/io/opentracing/opentracing-noop/0.31.0/opentracing-noop-0.31.0.jar:/root/.m2/repository/org/apache/hadoop/hadoop-hdds-server-framework/0.5.0-SNAPSHOT/hadoop-hdds-server-framework-0.5.0-SNAPSHOT.jar:/root/.m2/repository/org/apache/hadoop/hadoop-hdds-server-scm/0.5.0-SNAPSHOT/hadoop-hdds-server-scm-0.5.0-SNAPSHOT.jar:/root/.m2/repository/org/apache/hadoop/hadoop-hdds-container-service/0.5.0-SNAPSHOT/hadoop-hdds-container-service-0.5.0-SNAPSHOT.jar:/root/.m2/repository/org/apache/hadoop/hadoop-hdds-client/0.5.0-SNAPSHOT/hadoop-hdds-client-0.5.0-SNAPSHOT.jar:/root/.m2/repository/org/apache/hadoop/hadoop-hdds-tools/0.5.0-SNAPSHOT/hadoop-hdds-tools-0.5.0-SNAPSHOT.jar:/root/.m2/repository/org/apache/hadoop/hadoop-ozone-ozone-manager/0.5.0-SNAPSHOT/hadoop-ozone-ozone-manager-0.5.0-SNAPSHOT.jar:/root/.m2/repository/org/apache/hadoop/hadoop-hdds-docs/0.5.0-SNAPSHOT/hadoop-hdds-docs-0.5.0-SNAPSHOT.jar:/root/.m2/repository/org/bouncycastle/bcprov-jdk15on/1.60/bcprov-jdk15on-1.60.jar:/root/.m2/repository/org/apache/hadoop/hadoop-minikdc/3.2.0/hadoop-minikdc-3.2.0.jar:/root/.m2/repository/commons-io/commons-io/2.5/commons-io-2.5.jar:/root/.m2/repository/org/apache/kerby/kerb-simplekdc/1.0.1/kerb-simplekdc-1.0.1.jar:/root/.m2/repository/org/apache/kerby/kerb-client/1.0.1/kerb-client-1.0.1.jar:/root/.m2/repository/org/apache/kerby/kerby-config/1.0.1/kerby-config-1.0.1.jar:/root/.m2/repository/org/apache/kerby/kerb-core/1.0.1/kerb-core-1.0.1.jar:/root/.m2/repository/org/apache/kerby/kerby-pkix/1.0.1/kerby-pkix-1.0.1.jar:/root/.m2/repository/org/apache/kerby/kerby-asn1/1.0.1/kerby-asn1-1.0.1.jar:/root/.m2/repository/org/apache/kerby/kerby-util/1.0.1/kerby-util-1.0.1.jar:/root/.m2/repository/org/apache/kerby/kerb-common/1.0.1/kerb-common-1.0.1.jar:/root/.m2/repository/org/apache/kerby/kerb-crypto/1.0.1/kerb-crypto-1.0.1.jar:/root/.m2/repository/org/apache/kerby/kerb-util/1.0.1/kerb-util-1.0.1.jar:/root/.m2/repository/org/apache/kerby/token-provider/1.0.1/token-provider-1.0.1.jar:/root/.m2/repository/org/apache/kerby/kerb-admin/1.0.1/kerb-admin-1.0.1.jar:/root/.m2/repository/org/apache/kerby/kerb-server/1.0.1/kerb-server-1.0.1.jar:/root/.m2/repository/org/apache/kerby/kerb-identity/1.0.1/kerb-identity-1.0.1.jar:/root/.m2/repository/org/apache/kerby/kerby-xdr/1.0.1/kerby-xdr-1.0.1.jar:/root/.m2/repository/org/slf4j/slf4j-log4j12/1.7.25/slf4j-log4j12-1.7.25.jar:/root/.m2/repository/org/apache/hadoop/hadoop-ozone-objectstore-service/0.5.0-SNAPSHOT/hadoop-ozone-objectstore-service-0.5.0-SNAPSHOT.jar:/root/.m2/repository/org/apache/hadoop/hadoop-ozone-s3gateway/0.5.0-SNAPSHOT/hadoop-ozone-s3gateway-0.5.0-SNAPSHOT.jar:/root/.m2/repository/org/jboss/weld/servlet/weld-servlet/2.4.7.Final/weld-servlet-2.4.7.Final.jar:/root/.m2/repository/org/glassfish/jersey/containers/jersey-container-servlet-core/2.27/jersey-container-servlet-core-2.27.jar:/root/.m2/repository/org/glassfish/hk2/external/javax.inject/2.5.0-b42/javax.inject-2.5.0-b42.jar:/root/.m2/repository/org/glassfish/jersey/core/jersey-common/2.27/jersey-common-2.27.jar:/root/.m2/repository/org/glassfish/hk2/osgi-resource-locator/1.0.1/osgi-resource-locator-1.0.1.jar:/root/.m2/repository/javax/ws/rs/javax.ws.rs-api/2.1/javax.ws.rs-api-2.1.jar:/root/.m2/repository/org/glassfish/jersey/ext/cdi/jersey-cdi1x/2.27/jersey-cdi1x-2.27.jar:/root/.m2/repository/org/glassfish/jersey/inject/jersey-hk2/2.27/jersey-hk2-2.27.jar:/root/.m2/repository/org/glassfish/hk2/hk2-locator/2.5.0-b42/hk2-locator-2.5.0-b42.jar:/root/.m2/repository/org/javassist/javassist/3.22.0-CR2/javassist-3.22.0-CR2.jar:/root/.m2/repository/org/glassfish/hk2/hk2-api/2.5.0/hk2-api-2.5.0.jar:/root/.m2/repository/org/glassfish/hk2/external/jakarta.inject/2.5.0/jakarta.inject-2.5.0.jar:/root/.m2/repository/org/glassfish/hk2/hk2-utils/2.5.0/hk2-utils-2.5.0.jar:/root/.m2/repository/jakarta/annotation/jakarta.annotation-api/1.3.4/jakarta.annotation-api-1.3.4.jar:/root/.m2/repository/org/glassfish/hk2/external/aopalliance-repackaged/2.5.0/aopalliance-repackaged-2.5.0.jar:/root/.m2/repository/com/fasterxml/jackson/dataformat/jackson-dataformat-xml/2.9.0/jackson-dataformat-xml-2.9.0.jar:/root/.m2/repository/com/fasterxml/jackson/core/jackson-core/2.9.5/jackson-core-2.9.5.jar:/root/.m2/repository/com/fasterxml/jackson/module/jackson-module-jaxb-annotations/2.9.5/jackson-module-jaxb-annotations-2.9.5.jar:/root/.m2/repository/javax/enterprise/cdi-api/1.2/cdi-api-1.2.jar:/root/.m2/repository/javax/el/javax.el-api/3.0.0/javax.el-api-3.0.0.jar:/root/.m2/repository/javax/interceptor/javax.interceptor-api/1.2/javax.interceptor-api-1.2.jar:/root/.m2/repository/javax/inject/javax.inject/1/javax.inject-1.jar:/root/.m2/repository/com/sun/xml/bind/jaxb-impl/2.3.0.1/jaxb-impl-2.3.0.1.jar:/root/.m2/repository/com/sun/xml/bind/jaxb-core/2.3.0.1/jaxb-core-2.3.0.1.jar:/root/.m2/repository/javax/xml/bind/jaxb-api/2.3.0/jaxb-api-2.3.0.jar:/root/.m2/repository/javax/activation/activation/1.1.1/activation-1.1.1.jar:/root/.m2/repository/org/apache/hadoop/hadoop-ozone-csi/0.5.0-SNAPSHOT/hadoop-ozone-csi-0.5.0-SNAPSHOT.jar:/root/.m2/repository/com/google/protobuf/protobuf-java-util/3.5.1/protobuf-java-util-3.5.1.jar:/root/.m2/repository/org/apache/hadoop/hadoop-hdds-config/0.5.0-SNAPSHOT/hadoop-hdds-config-0.5.0-SNAPSHOT.jar:/root/.m2/repository/com/google/guava/guava/11.0.2/guava-11.0.2.jar:/root/.m2/repository/com/google/protobuf/protobuf-java/2.5.0/protobuf-java-2.5.0.jar:/root/.m2/repository/io/grpc/grpc-netty/1.17.1/grpc-netty-1.17.1.jar:/root/.m2/repository/io/grpc/grpc-core/1.17.1/grpc-core-1.17.1.jar:/root/.m2/repository/io/grpc/grpc-context/1.17.1/grpc-context-1.17.1.jar:/root/.m2/repository/com/google/errorprone/error_prone_annotations/2.2.0/error_prone_annotations-2.2.0.jar:/root/.m2/repository/org/codehaus/mojo/animal-sniffer-annotations/1.17/animal-sniffer-annotations-1.17.jar:/root/.m2/repository/io/opencensus/opencensus-api/0.17.0/opencensus-api-0.17.0.jar:/root/.m2/repository/io/opencensus/opencensus-contrib-grpc-metrics/0.17.0/opencensus-contrib-grpc-metrics-0.17.0.jar:/root/.m2/repository/io/netty/netty-codec-http2/4.1.30.Final/netty-codec-http2-4.1.30.Final.jar:/root/.m2/repository/io/netty/netty-codec-http/4.1.30.Final/netty-codec-http-4.1.30.Final.jar:/root/.m2/repository/io/netty/netty-codec/4.1.30.Final/netty-codec-4.1.30.Final.jar:/root/.m2/repository/io/netty/netty-handler/4.1.30.Final/netty-handler-4.1.30.Final.jar:/root/.m2/repository/io/netty/netty-handler-proxy/4.1.30.Final/netty-handler-proxy-4.1.30.Final.jar:/root/.m2/repository/io/netty/netty-codec-socks/4.1.30.Final/netty-codec-socks-4.1.30.Final.jar:/root/.m2/repository/io/netty/netty-transport-native-epoll/4.1.30.Final/netty-transport-native-epoll-4.1.30.Final.jar:/root/.m2/repository/io/netty/netty-common/4.1.30.Final/netty-common-4.1.30.Final.jar:/root/.m2/repository/io/netty/netty-buffer/4.1.30.Final/netty-buffer-4.1.30.Final.jar:/root/.m2/repository/io/netty/netty-transport/4.1.30.Final/netty-transport-4.1.30.Final.jar:/root/.m2/repository/io/netty/netty-resolver/4.1.30.Final/netty-resolver-4.1.30.Final.jar:/root/.m2/repository/io/netty/netty-transport-native-unix-common/4.1.30.Final/netty-transport-native-unix-common-4.1.30.Final.jar:/root/.m2/repository/io/grpc/grpc-protobuf/1.17.1/grpc-protobuf-1.17.1.jar:/root/.m2/repository/com/google/api/grpc/proto-google-common-protos/1.0.0/proto-google-common-protos-1.0.0.jar:/root/.m2/repository/io/grpc/grpc-protobuf-lite/1.17.1/grpc-protobuf-lite-1.17.1.jar:/root/.m2/repository/io/grpc/grpc-stub/1.17.1/grpc-stub-1.17.1.jar:/root/.m2/repository/org/apache/hadoop/hadoop-ozone-recon/0.5.0-SNAPSHOT/hadoop-ozone-recon-0.5.0-SNAPSHOT.jar:/root/.m2/repository/org/apache/hadoop/hadoop-ozone-reconcodegen/0.5.0-SNAPSHOT/hadoop-ozone-reconcodegen-0.5.0-SNAPSHOT.jar:/root/.m2/repository/com/google/inject/extensions/guice-multibindings/4.0/guice-multibindings-4.0.jar:/root/.m2/repository/com/google/inject/guice/4.0/guice-4.0.jar:/root/.m2/repository/aopalliance/aopalliance/1.0/aopalliance-1.0.jar:/root/.m2/repository/com/google/inject/extensions/guice-servlet/4.0/guice-servlet-4.0.jar:/root/.m2/repository/org/glassfish/jersey/containers/jersey-container-servlet/2.27/jersey-container-servlet-2.27.jar:/root/.m2/repository/org/glassfish/hk2/guice-bridge/2.5.0/guice-bridge-2.5.0.jar:/root/.m2/repository/org/glassfish/jersey/core/jersey-server/2.27/jersey-server-2.27.jar:/root/.m2/repository/org/glassfish/jersey/core/jersey-client/2.27/jersey-client-2.27.jar:/root/.m2/repository/org/glassfish/jersey/media/jersey-media-jaxb/2.27/jersey-media-jaxb-2.27.jar:/root/.m2/repository/javax/validation/validation-api/1.1.0.Final/validation-api-1.1.0.Final.jar:/root/.m2/repository/org/glassfish/jersey/media/jersey-media-json-jackson/2.27/jersey-media-json-jackson-2.27.jar:/root/.m2/repository/org/glassfish/jersey/ext/jersey-entity-filtering/2.27/jersey-entity-filtering-2.27.jar:/root/.m2/repository/com/google/inject/extensions/guice-assistedinject/4.0/guice-assistedinject-4.0.jar:/root/.m2/repository/org/jooq/jooq/3.11.10/jooq-3.11.10.jar:/root/.m2/repository/org/jooq/jooq-meta/3.11.10/jooq-meta-3.11.10.jar:/root/.m2/repository/org/jooq/jooq-codegen/3.11.10/jooq-codegen-3.11.10.jar:/root/.m2/repository/com/jolbox/bonecp/0.8.0.RELEASE/bonecp-0.8.0.RELEASE.jar:/root/.m2/repository/org/xerial/sqlite-jdbc/3.25.2/sqlite-jdbc-3.25.2.jar:/root/.m2/repository/org/springframework/spring-jdbc/5.1.3.RELEASE/spring-jdbc-5.1.3.RELEASE.jar:/root/.m2/repository/org/springframework/spring-beans/5.1.3.RELEASE/spring-beans-5.1.3.RELEASE.jar:/root/.m2/repository/org/springframework/spring-core/5.1.3.RELEASE/spring-core-5.1.3.RELEASE.jar:/root/.m2/repository/org/springframework/spring-jcl/5.1.3.RELEASE/spring-jcl-5.1.3.RELEASE.jar:/root/.m2/repository/org/springframework/spring-tx/5.1.3.RELEASE/spring-tx-5.1.3.RELEASE.jar:/root/.m2/repository/org/apache/hadoop/hadoop-ozone-client/0.5.0-SNAPSHOT/hadoop-ozone-client-0.5.0-SNAPSHOT.jar:/root/.m2/repository/org/apache/hadoop/hadoop-ozone-ozone-manager/0.5.0-SNAPSHOT/hadoop-ozone-ozone-manager-0.5.0-SNAPSHOT-tests.jar:/root/.m2/repository/junit/junit/4.11/junit-4.11.jar:/root/.m2/repository/org/hamcrest/hamcrest-core/1.3/hamcrest-core-1.3.jar:/root/.m2/repository/org/openjdk/jmh/jmh-core/1.19/jmh-core-1.19.jar:/root/.m2/repository/net/sf/jopt-simple/jopt-simple/4.6/jopt-simple-4.6.jar:/root/.m2/repository/org/apache/commons/commons-math3/3.1.1/commons-math3-3.1.1.jar:/root/.m2/repository/org/openjdk/jmh/jmh-generator-annprocess/1.19/jmh-generator-annprocess-1.19.jar:/root/.m2/repository/org/mockito/mockito-all/1.8.5/mockito-all-1.8.5.jar:/root/.m2/repository/org/apache/hadoop/hadoop-kms/3.2.0/hadoop-kms-3.2.0.jar:/root/.m2/repository/org/apache/hadoop/hadoop-auth/3.2.0/hadoop-auth-3.2.0.jar:/root/.m2/repository/com/nimbusds/nimbus-jose-jwt/4.41.1/nimbus-jose-jwt-4.41.1.jar:/root/.m2/repository/com/github/stephenc/jcip/jcip-annotations/1.0-1/jcip-annotations-1.0-1.jar:/root/.m2/repository/net/minidev/json-smart/2.3/json-smart-2.3.jar:/root/.m2/repository/net/minidev/accessors-smart/1.2/accessors-smart-1.2.jar:/root/.m2/repository/org/ow2/asm/asm/5.0.4/asm-5.0.4.jar:/root/.m2/repository/org/apache/curator/curator-framework/2.12.0/curator-framework-2.12.0.jar:/root/.m2/repository/com/sun/jersey/jersey-core/1.19/jersey-core-1.19.jar:/root/.m2/repository/javax/ws/rs/jsr311-api/1.1.1/jsr311-api-1.1.1.jar:/root/.m2/repository/com/sun/jersey/jersey-server/1.19/jersey-server-1.19.jar:/root/.m2/repository/javax/servlet/javax.servlet-api/3.1.0/javax.servlet-api-3.1.0.jar:/root/.m2/repository/org/eclipse/jetty/jetty-server/9.3.24.v20180605/jetty-server-9.3.24.v20180605.jar:/root/.m2/repository/org/eclipse/jetty/jetty-http/9.3.24.v20180605/jetty-http-9.3.24.v20180605.jar:/root/.m2/repository/org/eclipse/jetty/jetty-io/9.3.24.v20180605/jetty-io-9.3.24.v20180605.jar:/root/.m2/repository/org/eclipse/jetty/jetty-webapp/9.3.24.v20180605/jetty-webapp-9.3.24.v20180605.jar:/root/.m2/repository/org/eclipse/jetty/jetty-xml/9.3.24.v20180605/jetty-xml-9.3.24.v20180605.jar:/root/.m2/repository/log4j/log4j/1.2.17/log4j-1.2.17.jar:/root/.m2/repository/org/slf4j/slf4j-api/1.7.25/slf4j-api-1.7.25.jar:/root/.m2/repository/org/slf4j/jul-to-slf4j/1.7.25/jul-to-slf4j-1.7.25.jar:/root/.m2/repository/org/eclipse/jetty/jetty-util/9.3.24.v20180605/jetty-util-9.3.24.v20180605.jar:/root/.m2/repository/io/dropwizard/metrics/metrics-core/3.2.4/metrics-core-3.2.4.jar:/root/.m2/repository/com/fasterxml/jackson/core/jackson-databind/2.9.5/jackson-databind-2.9.5.jar:/root/.m2/repository/org/apache/hadoop/hadoop-kms/3.2.0/hadoop-kms-3.2.0-tests.jar:/root/.m2/repository/org/apache/hadoop/hadoop-hdds-server-scm/0.5.0-SNAPSHOT/hadoop-hdds-server-scm-0.5.0-SNAPSHOT-tests.jar:/root/.m2/repository/org/hamcrest/hamcrest-all/1.3/hamcrest-all-1.3.jar:/root/.m2/repository/info/picocli/picocli/3.9.6/picocli-3.9.6.jar:/root/.m2/repository/org/apache/hadoop/hadoop-hdds-container-service/0.5.0-SNAPSHOT/hadoop-hdds-container-service-0.5.0-SNAPSHOT-tests.jar:/root/.m2/repository/org/yaml/snakeyaml/1.16/snakeyaml-1.16.jar:/root/.m2/repository/org/apache/hadoop/hadoop-common/3.2.0/hadoop-common-3.2.0-tests.jar:/root/.m2/repository/org/apache/hadoop/hadoop-annotations/3.2.0/hadoop-annotations-3.2.0.jar:/usr/lib/jvm/java-1.8-openjdk/jre/../lib/tools.jar:/root/.m2/repository/commons-cli/commons-cli/1.2/commons-cli-1.2.jar:/root/.m2/repository/org/apache/httpcomponents/httpclient/4.5.2/httpclient-4.5.2.jar:/root/.m2/repository/org/apache/httpcomponents/httpcore/4.4.4/httpcore-4.4.4.jar:/root/.m2/repository/commons-codec/commons-codec/1.11/commons-codec-1.11.jar:/root/.m2/repository/commons-net/commons-net/3.6/commons-net-3.6.jar:/root/.m2/repository/commons-collections/commons-collections/3.2.2/commons-collections-3.2.2.jar:/root/.m2/repository/org/eclipse/jetty/jetty-servlet/9.3.24.v20180605/jetty-servlet-9.3.24.v20180605.jar:/root/.m2/repository/org/eclipse/jetty/jetty-security/9.3.24.v20180605/jetty-security-9.3.24.v20180605.jar:/root/.m2/repository/javax/servlet/jsp/jsp-api/2.1/jsp-api-2.1.jar:/root/.m2/repository/com/sun/jersey/jersey-servlet/1.19/jersey-servlet-1.19.jar:/root/.m2/repository/com/sun/jersey/jersey-json/1.19/jersey-json-1.19.jar:/root/.m2/repository/org/codehaus/jettison/jettison/1.1/jettison-1.1.jar:/root/.m2/repository/org/codehaus/jackson/jackson-core-asl/1.9.13/jackson-core-asl-1.9.13.jar:/root/.m2/repository/org/codehaus/jackson/jackson-mapper-asl/1.9.13/jackson-mapper-asl-1.9.13.jar:/root/.m2/repository/org/codehaus/jackson/jackson-jaxrs/1.9.13/jackson-jaxrs-1.9.13.jar:/root/.m2/repository/org/codehaus/jackson/jackson-xc/1.9.13/jackson-xc-1.9.13.jar:/root/.m2/repository/commons-logging/commons-logging/1.1.3/commons-logging-1.1.3.jar:/root/.m2/repository/commons-beanutils/commons-beanutils/1.9.3/commons-beanutils-1.9.3.jar:/root/.m2/repository/org/apache/commons/commons-configuration2/2.1.1/commons-configuration2-2.1.1.jar:/root/.m2/repository/org/apache/commons/commons-lang3/3.7/commons-lang3-3.7.jar:/root/.m2/repository/org/apache/commons/commons-text/1.4/commons-text-1.4.jar:/root/.m2/repository/org/apache/avro/avro/1.7.7/avro-1.7.7.jar:/root/.m2/repository/com/thoughtworks/paranamer/paranamer/2.3/paranamer-2.3.jar:/root/.m2/repository/org/xerial/snappy/snappy-java/1.0.5/snappy-java-1.0.5.jar:/root/.m2/repository/com/google/re2j/re2j/1.1/re2j-1.1.jar:/root/.m2/repository/com/google/code/gson/gson/2.2.4/gson-2.2.4.jar:/root/.m2/repository/com/jcraft/jsch/0.1.54/jsch-0.1.54.jar:/root/.m2/repository/org/apache/curator/curator-client/2.12.0/curator-client-2.12.0.jar:/root/.m2/repository/org/apache/curator/curator-recipes/2.12.0/curator-recipes-2.12.0.jar:/root/.m2/repository/com/google/code/findbugs/jsr305/3.0.0/jsr305-3.0.0.jar:/root/.m2/repository/org/apache/htrace/htrace-core4/4.1.0-incubating/htrace-core4-4.1.0-incubating.jar:/root/.m2/repository/org/apache/zookeeper/zookeeper/3.4.13/zookeeper-3.4.13.jar:/root/.m2/repository/org/apache/yetus/audience-annotations/0.5.0/audience-annotations-0.5.0.jar:/root/.m2/repository/org/codehaus/woodstox/stax2-api/3.1.4/stax2-api-3.1.4.jar:/root/.m2/repository/com/fasterxml/woodstox/woodstox-core/5.0.3/woodstox-core-5.0.3.jar:/root/.m2/repository/dnsjava/dnsjava/2.1.7/dnsjava-2.1.7.jar:/root/.m2/repository/org/apache/hadoop/hadoop-hdfs/3.2.0/hadoop-hdfs-3.2.0-tests.jar:/root/.m2/repository/org/eclipse/jetty/jetty-util-ajax/9.3.24.v20180605/jetty-util-ajax-9.3.24.v20180605.jar:/root/.m2/repository/commons-daemon/commons-daemon/1.0.13/commons-daemon-1.0.13.jar:/root/.m2/repository/io/netty/netty/3.10.5.Final/netty-3.10.5.Final.jar:/root/.m2/repository/io/netty/netty-all/4.0.52.Final/netty-all-4.0.52.Final.jar:/root/.m2/repository/org/fusesource/leveldbjni/leveldbjni-all/1.8/leveldbjni-all-1.8.jar:"/>
    <property name="java.vm.vendor" value="IcedTea"/>
    <property name="sun.arch.data.model" value="64"/>
    <property name="test.build.dir" value="/opt/src/hadoop-ozone/integration-test/target/test-dir"/>
    <property name="test.cache.data" value=""/>
    <property name="java.vendor.url" value="https://icedtea.classpath.org"/>
    <property name="user.timezone" value=""/>
    <property name="java.vm.specification.version" value="1.8"/>
    <property name="os.name" value="Linux"/>
    <property name="test.build.data" value="/opt/src/hadoop-ozone/integration-test/target/test-dir"/>
    <property name="user.country" value="US"/>
    <property name="sun.java.launcher" value="SUN_STANDARD"/>
    <property name="sun.boot.library.path" value="/usr/lib/jvm/java-1.8-openjdk/jre/lib/amd64"/>
    <property name="sun.java.command" value="/opt/src/hadoop-ozone/integration-test/target/surefire/surefirebooter5266907680989419821.jar /opt/src/hadoop-ozone/integration-test/target/surefire 2019-06-14T07-21-36_241-jvmRun1 surefire9167228052947029757tmp surefire_217003067046791512014tmp"/>
    <property name="surefire.test.class.path" value="/opt/src/hadoop-ozone/integration-test/target/test-classes:/opt/src/hadoop-ozone/integration-test/target/classes:/root/.m2/repository/org/apache/hadoop/hadoop-ozone-common/0.5.0-SNAPSHOT/hadoop-ozone-common-0.5.0-SNAPSHOT.jar:/root/.m2/repository/org/apache/commons/commons-compress/1.4.1/commons-compress-1.4.1.jar:/root/.m2/repository/org/tukaani/xz/1.0/xz-1.0.jar:/root/.m2/repository/org/apache/hadoop/hadoop-common/3.2.0/hadoop-common-3.2.0.jar:/root/.m2/repository/org/apache/hadoop/hadoop-hdfs/3.2.0/hadoop-hdfs-3.2.0.jar:/root/.m2/repository/org/apache/hadoop/hadoop-hdfs-client/3.2.0/hadoop-hdfs-client-3.2.0.jar:/root/.m2/repository/com/fasterxml/jackson/core/jackson-annotations/2.9.5/jackson-annotations-2.9.5.jar:/root/.m2/repository/org/apache/hadoop/hadoop-hdds-common/0.5.0-SNAPSHOT/hadoop-hdds-common-0.5.0-SNAPSHOT.jar:/root/.m2/repository/javax/annotation/javax.annotation-api/1.2/javax.annotation-api-1.2.jar:/root/.m2/repository/org/apache/ratis/ratis-server/0.4.0-fe2b15d-SNAPSHOT/ratis-server-0.4.0-fe2b15d-SNAPSHOT.jar:/root/.m2/repository/org/apache/ratis/ratis-thirdparty-misc/0.2.0/ratis-thirdparty-misc-0.2.0.jar:/root/.m2/repository/org/apache/ratis/ratis-proto/0.4.0-fe2b15d-SNAPSHOT/ratis-proto-0.4.0-fe2b15d-SNAPSHOT.jar:/root/.m2/repository/org/apache/ratis/ratis-common/0.4.0-fe2b15d-SNAPSHOT/ratis-common-0.4.0-fe2b15d-SNAPSHOT.jar:/root/.m2/repository/org/apache/ratis/ratis-client/0.4.0-fe2b15d-SNAPSHOT/ratis-client-0.4.0-fe2b15d-SNAPSHOT.jar:/root/.m2/repository/org/apache/ratis/ratis-netty/0.4.0-fe2b15d-SNAPSHOT/ratis-netty-0.4.0-fe2b15d-SNAPSHOT.jar:/root/.m2/repository/org/apache/ratis/ratis-grpc/0.4.0-fe2b15d-SNAPSHOT/ratis-grpc-0.4.0-fe2b15d-SNAPSHOT.jar:/root/.m2/repository/org/rocksdb/rocksdbjni/5.14.2/rocksdbjni-5.14.2.jar:/root/.m2/repository/org/apache/logging/log4j/log4j-api/2.11.0/log4j-api-2.11.0.jar:/root/.m2/repository/org/apache/logging/log4j/log4j-core/2.11.0/log4j-core-2.11.0.jar:/root/.m2/repository/com/lmax/disruptor/3.4.2/disruptor-3.4.2.jar:/root/.m2/repository/org/apache/commons/commons-pool2/2.6.0/commons-pool2-2.6.0.jar:/root/.m2/repository/org/bouncycastle/bcpkix-jdk15on/1.60/bcpkix-jdk15on-1.60.jar:/root/.m2/repository/commons-validator/commons-validator/1.6/commons-validator-1.6.jar:/root/.m2/repository/commons-digester/commons-digester/1.8.1/commons-digester-1.8.1.jar:/root/.m2/repository/io/jaegertracing/jaeger-client/0.33.1/jaeger-client-0.33.1.jar:/root/.m2/repository/io/jaegertracing/jaeger-thrift/0.33.1/jaeger-thrift-0.33.1.jar:/root/.m2/repository/org/apache/thrift/libthrift/0.11.0/libthrift-0.11.0.jar:/root/.m2/repository/com/squareup/okhttp3/okhttp/3.9.0/okhttp-3.9.0.jar:/root/.m2/repository/com/squareup/okio/okio/1.13.0/okio-1.13.0.jar:/root/.m2/repository/io/jaegertracing/jaeger-core/0.33.1/jaeger-core-0.33.1.jar:/root/.m2/repository/io/jaegertracing/jaeger-tracerresolver/0.33.1/jaeger-tracerresolver-0.33.1.jar:/root/.m2/repository/io/opentracing/contrib/opentracing-tracerresolver/0.1.5/opentracing-tracerresolver-0.1.5.jar:/root/.m2/repository/io/opentracing/opentracing-util/0.31.0/opentracing-util-0.31.0.jar:/root/.m2/repository/io/opentracing/opentracing-api/0.31.0/opentracing-api-0.31.0.jar:/root/.m2/repository/io/opentracing/opentracing-noop/0.31.0/opentracing-noop-0.31.0.jar:/root/.m2/repository/org/apache/hadoop/hadoop-hdds-server-framework/0.5.0-SNAPSHOT/hadoop-hdds-server-framework-0.5.0-SNAPSHOT.jar:/root/.m2/repository/org/apache/hadoop/hadoop-hdds-server-scm/0.5.0-SNAPSHOT/hadoop-hdds-server-scm-0.5.0-SNAPSHOT.jar:/root/.m2/repository/org/apache/hadoop/hadoop-hdds-container-service/0.5.0-SNAPSHOT/hadoop-hdds-container-service-0.5.0-SNAPSHOT.jar:/root/.m2/repository/org/apache/hadoop/hadoop-hdds-client/0.5.0-SNAPSHOT/hadoop-hdds-client-0.5.0-SNAPSHOT.jar:/root/.m2/repository/org/apache/hadoop/hadoop-hdds-tools/0.5.0-SNAPSHOT/hadoop-hdds-tools-0.5.0-SNAPSHOT.jar:/root/.m2/repository/org/apache/hadoop/hadoop-ozone-ozone-manager/0.5.0-SNAPSHOT/hadoop-ozone-ozone-manager-0.5.0-SNAPSHOT.jar:/root/.m2/repository/org/apache/hadoop/hadoop-hdds-docs/0.5.0-SNAPSHOT/hadoop-hdds-docs-0.5.0-SNAPSHOT.jar:/root/.m2/repository/org/bouncycastle/bcprov-jdk15on/1.60/bcprov-jdk15on-1.60.jar:/root/.m2/repository/org/apache/hadoop/hadoop-minikdc/3.2.0/hadoop-minikdc-3.2.0.jar:/root/.m2/repository/commons-io/commons-io/2.5/commons-io-2.5.jar:/root/.m2/repository/org/apache/kerby/kerb-simplekdc/1.0.1/kerb-simplekdc-1.0.1.jar:/root/.m2/repository/org/apache/kerby/kerb-client/1.0.1/kerb-client-1.0.1.jar:/root/.m2/repository/org/apache/kerby/kerby-config/1.0.1/kerby-config-1.0.1.jar:/root/.m2/repository/org/apache/kerby/kerb-core/1.0.1/kerb-core-1.0.1.jar:/root/.m2/repository/org/apache/kerby/kerby-pkix/1.0.1/kerby-pkix-1.0.1.jar:/root/.m2/repository/org/apache/kerby/kerby-asn1/1.0.1/kerby-asn1-1.0.1.jar:/root/.m2/repository/org/apache/kerby/kerby-util/1.0.1/kerby-util-1.0.1.jar:/root/.m2/repository/org/apache/kerby/kerb-common/1.0.1/kerb-common-1.0.1.jar:/root/.m2/repository/org/apache/kerby/kerb-crypto/1.0.1/kerb-crypto-1.0.1.jar:/root/.m2/repository/org/apache/kerby/kerb-util/1.0.1/kerb-util-1.0.1.jar:/root/.m2/repository/org/apache/kerby/token-provider/1.0.1/token-provider-1.0.1.jar:/root/.m2/repository/org/apache/kerby/kerb-admin/1.0.1/kerb-admin-1.0.1.jar:/root/.m2/repository/org/apache/kerby/kerb-server/1.0.1/kerb-server-1.0.1.jar:/root/.m2/repository/org/apache/kerby/kerb-identity/1.0.1/kerb-identity-1.0.1.jar:/root/.m2/repository/org/apache/kerby/kerby-xdr/1.0.1/kerby-xdr-1.0.1.jar:/root/.m2/repository/org/slf4j/slf4j-log4j12/1.7.25/slf4j-log4j12-1.7.25.jar:/root/.m2/repository/org/apache/hadoop/hadoop-ozone-objectstore-service/0.5.0-SNAPSHOT/hadoop-ozone-objectstore-service-0.5.0-SNAPSHOT.jar:/root/.m2/repository/org/apache/hadoop/hadoop-ozone-s3gateway/0.5.0-SNAPSHOT/hadoop-ozone-s3gateway-0.5.0-SNAPSHOT.jar:/root/.m2/repository/org/jboss/weld/servlet/weld-servlet/2.4.7.Final/weld-servlet-2.4.7.Final.jar:/root/.m2/repository/org/glassfish/jersey/containers/jersey-container-servlet-core/2.27/jersey-container-servlet-core-2.27.jar:/root/.m2/repository/org/glassfish/hk2/external/javax.inject/2.5.0-b42/javax.inject-2.5.0-b42.jar:/root/.m2/repository/org/glassfish/jersey/core/jersey-common/2.27/jersey-common-2.27.jar:/root/.m2/repository/org/glassfish/hk2/osgi-resource-locator/1.0.1/osgi-resource-locator-1.0.1.jar:/root/.m2/repository/javax/ws/rs/javax.ws.rs-api/2.1/javax.ws.rs-api-2.1.jar:/root/.m2/repository/org/glassfish/jersey/ext/cdi/jersey-cdi1x/2.27/jersey-cdi1x-2.27.jar:/root/.m2/repository/org/glassfish/jersey/inject/jersey-hk2/2.27/jersey-hk2-2.27.jar:/root/.m2/repository/org/glassfish/hk2/hk2-locator/2.5.0-b42/hk2-locator-2.5.0-b42.jar:/root/.m2/repository/org/javassist/javassist/3.22.0-CR2/javassist-3.22.0-CR2.jar:/root/.m2/repository/org/glassfish/hk2/hk2-api/2.5.0/hk2-api-2.5.0.jar:/root/.m2/repository/org/glassfish/hk2/external/jakarta.inject/2.5.0/jakarta.inject-2.5.0.jar:/root/.m2/repository/org/glassfish/hk2/hk2-utils/2.5.0/hk2-utils-2.5.0.jar:/root/.m2/repository/jakarta/annotation/jakarta.annotation-api/1.3.4/jakarta.annotation-api-1.3.4.jar:/root/.m2/repository/org/glassfish/hk2/external/aopalliance-repackaged/2.5.0/aopalliance-repackaged-2.5.0.jar:/root/.m2/repository/com/fasterxml/jackson/dataformat/jackson-dataformat-xml/2.9.0/jackson-dataformat-xml-2.9.0.jar:/root/.m2/repository/com/fasterxml/jackson/core/jackson-core/2.9.5/jackson-core-2.9.5.jar:/root/.m2/repository/com/fasterxml/jackson/module/jackson-module-jaxb-annotations/2.9.5/jackson-module-jaxb-annotations-2.9.5.jar:/root/.m2/repository/javax/enterprise/cdi-api/1.2/cdi-api-1.2.jar:/root/.m2/repository/javax/el/javax.el-api/3.0.0/javax.el-api-3.0.0.jar:/root/.m2/repository/javax/interceptor/javax.interceptor-api/1.2/javax.interceptor-api-1.2.jar:/root/.m2/repository/javax/inject/javax.inject/1/javax.inject-1.jar:/root/.m2/repository/com/sun/xml/bind/jaxb-impl/2.3.0.1/jaxb-impl-2.3.0.1.jar:/root/.m2/repository/com/sun/xml/bind/jaxb-core/2.3.0.1/jaxb-core-2.3.0.1.jar:/root/.m2/repository/javax/xml/bind/jaxb-api/2.3.0/jaxb-api-2.3.0.jar:/root/.m2/repository/javax/activation/activation/1.1.1/activation-1.1.1.jar:/root/.m2/repository/org/apache/hadoop/hadoop-ozone-csi/0.5.0-SNAPSHOT/hadoop-ozone-csi-0.5.0-SNAPSHOT.jar:/root/.m2/repository/com/google/protobuf/protobuf-java-util/3.5.1/protobuf-java-util-3.5.1.jar:/root/.m2/repository/org/apache/hadoop/hadoop-hdds-config/0.5.0-SNAPSHOT/hadoop-hdds-config-0.5.0-SNAPSHOT.jar:/root/.m2/repository/com/google/guava/guava/11.0.2/guava-11.0.2.jar:/root/.m2/repository/com/google/protobuf/protobuf-java/2.5.0/protobuf-java-2.5.0.jar:/root/.m2/repository/io/grpc/grpc-netty/1.17.1/grpc-netty-1.17.1.jar:/root/.m2/repository/io/grpc/grpc-core/1.17.1/grpc-core-1.17.1.jar:/root/.m2/repository/io/grpc/grpc-context/1.17.1/grpc-context-1.17.1.jar:/root/.m2/repository/com/google/errorprone/error_prone_annotations/2.2.0/error_prone_annotations-2.2.0.jar:/root/.m2/repository/org/codehaus/mojo/animal-sniffer-annotations/1.17/animal-sniffer-annotations-1.17.jar:/root/.m2/repository/io/opencensus/opencensus-api/0.17.0/opencensus-api-0.17.0.jar:/root/.m2/repository/io/opencensus/opencensus-contrib-grpc-metrics/0.17.0/opencensus-contrib-grpc-metrics-0.17.0.jar:/root/.m2/repository/io/netty/netty-codec-http2/4.1.30.Final/netty-codec-http2-4.1.30.Final.jar:/root/.m2/repository/io/netty/netty-codec-http/4.1.30.Final/netty-codec-http-4.1.30.Final.jar:/root/.m2/repository/io/netty/netty-codec/4.1.30.Final/netty-codec-4.1.30.Final.jar:/root/.m2/repository/io/netty/netty-handler/4.1.30.Final/netty-handler-4.1.30.Final.jar:/root/.m2/repository/io/netty/netty-handler-proxy/4.1.30.Final/netty-handler-proxy-4.1.30.Final.jar:/root/.m2/repository/io/netty/netty-codec-socks/4.1.30.Final/netty-codec-socks-4.1.30.Final.jar:/root/.m2/repository/io/netty/netty-transport-native-epoll/4.1.30.Final/netty-transport-native-epoll-4.1.30.Final.jar:/root/.m2/repository/io/netty/netty-common/4.1.30.Final/netty-common-4.1.30.Final.jar:/root/.m2/repository/io/netty/netty-buffer/4.1.30.Final/netty-buffer-4.1.30.Final.jar:/root/.m2/repository/io/netty/netty-transport/4.1.30.Final/netty-transport-4.1.30.Final.jar:/root/.m2/repository/io/netty/netty-resolver/4.1.30.Final/netty-resolver-4.1.30.Final.jar:/root/.m2/repository/io/netty/netty-transport-native-unix-common/4.1.30.Final/netty-transport-native-unix-common-4.1.30.Final.jar:/root/.m2/repository/io/grpc/grpc-protobuf/1.17.1/grpc-protobuf-1.17.1.jar:/root/.m2/repository/com/google/api/grpc/proto-google-common-protos/1.0.0/proto-google-common-protos-1.0.0.jar:/root/.m2/repository/io/grpc/grpc-protobuf-lite/1.17.1/grpc-protobuf-lite-1.17.1.jar:/root/.m2/repository/io/grpc/grpc-stub/1.17.1/grpc-stub-1.17.1.jar:/root/.m2/repository/org/apache/hadoop/hadoop-ozone-recon/0.5.0-SNAPSHOT/hadoop-ozone-recon-0.5.0-SNAPSHOT.jar:/root/.m2/repository/org/apache/hadoop/hadoop-ozone-reconcodegen/0.5.0-SNAPSHOT/hadoop-ozone-reconcodegen-0.5.0-SNAPSHOT.jar:/root/.m2/repository/com/google/inject/extensions/guice-multibindings/4.0/guice-multibindings-4.0.jar:/root/.m2/repository/com/google/inject/guice/4.0/guice-4.0.jar:/root/.m2/repository/aopalliance/aopalliance/1.0/aopalliance-1.0.jar:/root/.m2/repository/com/google/inject/extensions/guice-servlet/4.0/guice-servlet-4.0.jar:/root/.m2/repository/org/glassfish/jersey/containers/jersey-container-servlet/2.27/jersey-container-servlet-2.27.jar:/root/.m2/repository/org/glassfish/hk2/guice-bridge/2.5.0/guice-bridge-2.5.0.jar:/root/.m2/repository/org/glassfish/jersey/core/jersey-server/2.27/jersey-server-2.27.jar:/root/.m2/repository/org/glassfish/jersey/core/jersey-client/2.27/jersey-client-2.27.jar:/root/.m2/repository/org/glassfish/jersey/media/jersey-media-jaxb/2.27/jersey-media-jaxb-2.27.jar:/root/.m2/repository/javax/validation/validation-api/1.1.0.Final/validation-api-1.1.0.Final.jar:/root/.m2/repository/org/glassfish/jersey/media/jersey-media-json-jackson/2.27/jersey-media-json-jackson-2.27.jar:/root/.m2/repository/org/glassfish/jersey/ext/jersey-entity-filtering/2.27/jersey-entity-filtering-2.27.jar:/root/.m2/repository/com/google/inject/extensions/guice-assistedinject/4.0/guice-assistedinject-4.0.jar:/root/.m2/repository/org/jooq/jooq/3.11.10/jooq-3.11.10.jar:/root/.m2/repository/org/jooq/jooq-meta/3.11.10/jooq-meta-3.11.10.jar:/root/.m2/repository/org/jooq/jooq-codegen/3.11.10/jooq-codegen-3.11.10.jar:/root/.m2/repository/com/jolbox/bonecp/0.8.0.RELEASE/bonecp-0.8.0.RELEASE.jar:/root/.m2/repository/org/xerial/sqlite-jdbc/3.25.2/sqlite-jdbc-3.25.2.jar:/root/.m2/repository/org/springframework/spring-jdbc/5.1.3.RELEASE/spring-jdbc-5.1.3.RELEASE.jar:/root/.m2/repository/org/springframework/spring-beans/5.1.3.RELEASE/spring-beans-5.1.3.RELEASE.jar:/root/.m2/repository/org/springframework/spring-core/5.1.3.RELEASE/spring-core-5.1.3.RELEASE.jar:/root/.m2/repository/org/springframework/spring-jcl/5.1.3.RELEASE/spring-jcl-5.1.3.RELEASE.jar:/root/.m2/repository/org/springframework/spring-tx/5.1.3.RELEASE/spring-tx-5.1.3.RELEASE.jar:/root/.m2/repository/org/apache/hadoop/hadoop-ozone-client/0.5.0-SNAPSHOT/hadoop-ozone-client-0.5.0-SNAPSHOT.jar:/root/.m2/repository/org/apache/hadoop/hadoop-ozone-ozone-manager/0.5.0-SNAPSHOT/hadoop-ozone-ozone-manager-0.5.0-SNAPSHOT-tests.jar:/root/.m2/repository/junit/junit/4.11/junit-4.11.jar:/root/.m2/repository/org/hamcrest/hamcrest-core/1.3/hamcrest-core-1.3.jar:/root/.m2/repository/org/openjdk/jmh/jmh-core/1.19/jmh-core-1.19.jar:/root/.m2/repository/net/sf/jopt-simple/jopt-simple/4.6/jopt-simple-4.6.jar:/root/.m2/repository/org/apache/commons/commons-math3/3.1.1/commons-math3-3.1.1.jar:/root/.m2/repository/org/openjdk/jmh/jmh-generator-annprocess/1.19/jmh-generator-annprocess-1.19.jar:/root/.m2/repository/org/mockito/mockito-all/1.8.5/mockito-all-1.8.5.jar:/root/.m2/repository/org/apache/hadoop/hadoop-kms/3.2.0/hadoop-kms-3.2.0.jar:/root/.m2/repository/org/apache/hadoop/hadoop-auth/3.2.0/hadoop-auth-3.2.0.jar:/root/.m2/repository/com/nimbusds/nimbus-jose-jwt/4.41.1/nimbus-jose-jwt-4.41.1.jar:/root/.m2/repository/com/github/stephenc/jcip/jcip-annotations/1.0-1/jcip-annotations-1.0-1.jar:/root/.m2/repository/net/minidev/json-smart/2.3/json-smart-2.3.jar:/root/.m2/repository/net/minidev/accessors-smart/1.2/accessors-smart-1.2.jar:/root/.m2/repository/org/ow2/asm/asm/5.0.4/asm-5.0.4.jar:/root/.m2/repository/org/apache/curator/curator-framework/2.12.0/curator-framework-2.12.0.jar:/root/.m2/repository/com/sun/jersey/jersey-core/1.19/jersey-core-1.19.jar:/root/.m2/repository/javax/ws/rs/jsr311-api/1.1.1/jsr311-api-1.1.1.jar:/root/.m2/repository/com/sun/jersey/jersey-server/1.19/jersey-server-1.19.jar:/root/.m2/repository/javax/servlet/javax.servlet-api/3.1.0/javax.servlet-api-3.1.0.jar:/root/.m2/repository/org/eclipse/jetty/jetty-server/9.3.24.v20180605/jetty-server-9.3.24.v20180605.jar:/root/.m2/repository/org/eclipse/jetty/jetty-http/9.3.24.v20180605/jetty-http-9.3.24.v20180605.jar:/root/.m2/repository/org/eclipse/jetty/jetty-io/9.3.24.v20180605/jetty-io-9.3.24.v20180605.jar:/root/.m2/repository/org/eclipse/jetty/jetty-webapp/9.3.24.v20180605/jetty-webapp-9.3.24.v20180605.jar:/root/.m2/repository/org/eclipse/jetty/jetty-xml/9.3.24.v20180605/jetty-xml-9.3.24.v20180605.jar:/root/.m2/repository/log4j/log4j/1.2.17/log4j-1.2.17.jar:/root/.m2/repository/org/slf4j/slf4j-api/1.7.25/slf4j-api-1.7.25.jar:/root/.m2/repository/org/slf4j/jul-to-slf4j/1.7.25/jul-to-slf4j-1.7.25.jar:/root/.m2/repository/org/eclipse/jetty/jetty-util/9.3.24.v20180605/jetty-util-9.3.24.v20180605.jar:/root/.m2/repository/io/dropwizard/metrics/metrics-core/3.2.4/metrics-core-3.2.4.jar:/root/.m2/repository/com/fasterxml/jackson/core/jackson-databind/2.9.5/jackson-databind-2.9.5.jar:/root/.m2/repository/org/apache/hadoop/hadoop-kms/3.2.0/hadoop-kms-3.2.0-tests.jar:/root/.m2/repository/org/apache/hadoop/hadoop-hdds-server-scm/0.5.0-SNAPSHOT/hadoop-hdds-server-scm-0.5.0-SNAPSHOT-tests.jar:/root/.m2/repository/org/hamcrest/hamcrest-all/1.3/hamcrest-all-1.3.jar:/root/.m2/repository/info/picocli/picocli/3.9.6/picocli-3.9.6.jar:/root/.m2/repository/org/apache/hadoop/hadoop-hdds-container-service/0.5.0-SNAPSHOT/hadoop-hdds-container-service-0.5.0-SNAPSHOT-tests.jar:/root/.m2/repository/org/yaml/snakeyaml/1.16/snakeyaml-1.16.jar:/root/.m2/repository/org/apache/hadoop/hadoop-common/3.2.0/hadoop-common-3.2.0-tests.jar:/root/.m2/repository/org/apache/hadoop/hadoop-annotations/3.2.0/hadoop-annotations-3.2.0.jar:/usr/lib/jvm/java-1.8-openjdk/jre/../lib/tools.jar:/root/.m2/repository/commons-cli/commons-cli/1.2/commons-cli-1.2.jar:/root/.m2/repository/org/apache/httpcomponents/httpclient/4.5.2/httpclient-4.5.2.jar:/root/.m2/repository/org/apache/httpcomponents/httpcore/4.4.4/httpcore-4.4.4.jar:/root/.m2/repository/commons-codec/commons-codec/1.11/commons-codec-1.11.jar:/root/.m2/repository/commons-net/commons-net/3.6/commons-net-3.6.jar:/root/.m2/repository/commons-collections/commons-collections/3.2.2/commons-collections-3.2.2.jar:/root/.m2/repository/org/eclipse/jetty/jetty-servlet/9.3.24.v20180605/jetty-servlet-9.3.24.v20180605.jar:/root/.m2/repository/org/eclipse/jetty/jetty-security/9.3.24.v20180605/jetty-security-9.3.24.v20180605.jar:/root/.m2/repository/javax/servlet/jsp/jsp-api/2.1/jsp-api-2.1.jar:/root/.m2/repository/com/sun/jersey/jersey-servlet/1.19/jersey-servlet-1.19.jar:/root/.m2/repository/com/sun/jersey/jersey-json/1.19/jersey-json-1.19.jar:/root/.m2/repository/org/codehaus/jettison/jettison/1.1/jettison-1.1.jar:/root/.m2/repository/org/codehaus/jackson/jackson-core-asl/1.9.13/jackson-core-asl-1.9.13.jar:/root/.m2/repository/org/codehaus/jackson/jackson-mapper-asl/1.9.13/jackson-mapper-asl-1.9.13.jar:/root/.m2/repository/org/codehaus/jackson/jackson-jaxrs/1.9.13/jackson-jaxrs-1.9.13.jar:/root/.m2/repository/org/codehaus/jackson/jackson-xc/1.9.13/jackson-xc-1.9.13.jar:/root/.m2/repository/commons-logging/commons-logging/1.1.3/commons-logging-1.1.3.jar:/root/.m2/repository/commons-beanutils/commons-beanutils/1.9.3/commons-beanutils-1.9.3.jar:/root/.m2/repository/org/apache/commons/commons-configuration2/2.1.1/commons-configuration2-2.1.1.jar:/root/.m2/repository/org/apache/commons/commons-lang3/3.7/commons-lang3-3.7.jar:/root/.m2/repository/org/apache/commons/commons-text/1.4/commons-text-1.4.jar:/root/.m2/repository/org/apache/avro/avro/1.7.7/avro-1.7.7.jar:/root/.m2/repository/com/thoughtworks/paranamer/paranamer/2.3/paranamer-2.3.jar:/root/.m2/repository/org/xerial/snappy/snappy-java/1.0.5/snappy-java-1.0.5.jar:/root/.m2/repository/com/google/re2j/re2j/1.1/re2j-1.1.jar:/root/.m2/repository/com/google/code/gson/gson/2.2.4/gson-2.2.4.jar:/root/.m2/repository/com/jcraft/jsch/0.1.54/jsch-0.1.54.jar:/root/.m2/repository/org/apache/curator/curator-client/2.12.0/curator-client-2.12.0.jar:/root/.m2/repository/org/apache/curator/curator-recipes/2.12.0/curator-recipes-2.12.0.jar:/root/.m2/repository/com/google/code/findbugs/jsr305/3.0.0/jsr305-3.0.0.jar:/root/.m2/repository/org/apache/htrace/htrace-core4/4.1.0-incubating/htrace-core4-4.1.0-incubating.jar:/root/.m2/repository/org/apache/zookeeper/zookeeper/3.4.13/zookeeper-3.4.13.jar:/root/.m2/repository/org/apache/yetus/audience-annotations/0.5.0/audience-annotations-0.5.0.jar:/root/.m2/repository/org/codehaus/woodstox/stax2-api/3.1.4/stax2-api-3.1.4.jar:/root/.m2/repository/com/fasterxml/woodstox/woodstox-core/5.0.3/woodstox-core-5.0.3.jar:/root/.m2/repository/dnsjava/dnsjava/2.1.7/dnsjava-2.1.7.jar:/root/.m2/repository/org/apache/hadoop/hadoop-hdfs/3.2.0/hadoop-hdfs-3.2.0-tests.jar:/root/.m2/repository/org/eclipse/jetty/jetty-util-ajax/9.3.24.v20180605/jetty-util-ajax-9.3.24.v20180605.jar:/root/.m2/repository/commons-daemon/commons-daemon/1.0.13/commons-daemon-1.0.13.jar:/root/.m2/repository/io/netty/netty/3.10.5.Final/netty-3.10.5.Final.jar:/root/.m2/repository/io/netty/netty-all/4.0.52.Final/netty-all-4.0.52.Final.jar:/root/.m2/repository/org/fusesource/leveldbjni/leveldbjni-all/1.8/leveldbjni-all-1.8.jar:"/>
    <property name="sun.cpu.endian" value="little"/>
    <property name="user.home" value="/root"/>
    <property name="user.language" value="en"/>
    <property name="java.specification.vendor" value="Oracle Corporation"/>
    <property name="java.home" value="/usr/lib/jvm/java-1.8-openjdk/jre"/>
    <property name="java.security.krb5.conf" value="/opt/src/hadoop-ozone/integration-test/target/test-classes/krb5.conf"/>
    <property name="basedir" value="/opt/src/hadoop-ozone/integration-test"/>
    <property name="file.separator" value="/"/>
    <property name="line.separator" value="&#10;"/>
    <property name="java.vm.specification.vendor" value="Oracle Corporation"/>
    <property name="java.specification.name" value="Java Platform API Specification"/>
    <property name="java.awt.graphicsenv" value="sun.awt.X11GraphicsEnvironment"/>
    <property name="surefire.real.class.path" value="/opt/src/hadoop-ozone/integration-test/target/surefire/surefirebooter5266907680989419821.jar"/>
    <property name="hadoop.log.dir" value="/opt/src/hadoop-ozone/integration-test/target/log"/>
    <property name="sun.boot.class.path" value="/usr/lib/jvm/java-1.8-openjdk/jre/lib/resources.jar:/usr/lib/jvm/java-1.8-openjdk/jre/lib/rt.jar:/usr/lib/jvm/java-1.8-openjdk/jre/lib/sunrsasign.jar:/usr/lib/jvm/java-1.8-openjdk/jre/lib/jsse.jar:/usr/lib/jvm/java-1.8-openjdk/jre/lib/jce.jar:/usr/lib/jvm/java-1.8-openjdk/jre/lib/charsets.jar:/usr/lib/jvm/java-1.8-openjdk/jre/lib/jfr.jar:/usr/lib/jvm/java-1.8-openjdk/jre/classes"/>
    <property name="sun.management.compiler" value="HotSpot 64-Bit Tiered Compilers"/>
    <property name="java.runtime.version" value="1.8.0_212-b04"/>
    <property name="java.net.preferIPv4Stack" value="true"/>
    <property name="user.name" value="root"/>
    <property name="path.separator" value=":"/>
    <property name="java.security.egd" value="file:///dev/urandom"/>
    <property name="os.version" value="4.15.0-1021-aws"/>
    <property name="java.endorsed.dirs" value="/usr/lib/jvm/java-1.8-openjdk/jre/lib/endorsed"/>
    <property name="java.runtime.name" value="OpenJDK Runtime Environment"/>
    <property name="file.encoding" value="UTF-8"/>
    <property name="java.vm.name" value="OpenJDK 64-Bit Server VM"/>
    <property name="test.build.webapps" value=""/>
    <property name="localRepository" value="/root/.m2/repository"/>
    <property name="java.vendor.url.bug" value="https://icedtea.classpath.org/bugzilla"/>
    <property name="java.io.tmpdir" value="/tmp"/>
    <property name="require.test.libhadoop" value=""/>
    <property name="java.version" value="1.8.0_212"/>
    <property name="user.dir" value="/opt/src/hadoop-ozone/integration-test"/>
    <property name="os.arch" value="amd64"/>
    <property name="java.vm.specification.name" value="Java Virtual Machine Specification"/>
    <property name="test.build.classes" value="/opt/src/hadoop-ozone/integration-test/target/test-classes"/>
    <property name="java.awt.printerjob" value="sun.print.PSPrinterJob"/>
    <property name="sun.os.patch.level" value="unknown"/>
    <property name="hadoop.tmp.dir" value="/opt/src/hadoop-ozone/integration-test/target/tmp"/>
    <property name="java.library.path" value="/usr/lib/jvm/java-1.8-openjdk/jre/lib/amd64/server:/usr/lib/jvm/java-1.8-openjdk/jre/lib/amd64:/usr/lib/jvm/java-1.8-openjdk/jre/../lib/amd64:/opt/src/hadoop-ozone/integration-test/target/native/target/usr/local/lib:/opt/src/hadoop-ozone/integration-test/../../hadoop-common-project/hadoop-common/target/native/target/usr/local/lib:/usr/java/packages/lib/amd64:/usr/lib64:/lib64:/lib:/usr/lib"/>
    <property name="java.vm.info" value="mixed mode"/>
    <property name="java.vendor" value="IcedTea"/>
    <property name="java.vm.version" value="25.212-b04"/>
    <property name="java.ext.dirs" value="/usr/lib/jvm/java-1.8-openjdk/jre/lib/ext:/usr/java/packages/lib/ext"/>
    <property name="sun.io.unicode.encoding" value="UnicodeLittle"/>
    <property name="java.class.version" value="52.0"/>
  </properties>
  <testcase name="testWatchForCommitWithKeyWrite" classname="org.apache.hadoop.ozone.client.rpc.TestWatchForCommit" time="28.988"/>
  <testcase name="testWatchForCommitWithSmallerTimeoutValue" classname="org.apache.hadoop.ozone.client.rpc.TestWatchForCommit" time="14.97"/>
  <testcase name="testWatchForCommitForRetryfailure" classname="org.apache.hadoop.ozone.client.rpc.TestWatchForCommit" time="48.756">
    <failure type="java.lang.AssertionError">java.lang.AssertionError
	at org.junit.Assert.fail(Assert.java:86)
	at org.junit.Assert.assertTrue(Assert.java:41)
	at org.junit.Assert.assertTrue(Assert.java:52)
	at org.apache.hadoop.ozone.client.rpc.TestWatchForCommit.testWatchForCommitForRetryfailure(TestWatchForCommit.java:350)
	at sun.reflect.NativeMethodAccessorImpl.invoke0(Native Method)
	at sun.reflect.NativeMethodAccessorImpl.invoke(NativeMethodAccessorImpl.java:62)
	at sun.reflect.DelegatingMethodAccessorImpl.invoke(DelegatingMethodAccessorImpl.java:43)
	at java.lang.reflect.Method.invoke(Method.java:498)
	at org.junit.runners.model.FrameworkMethod$1.runReflectiveCall(FrameworkMethod.java:47)
	at org.junit.internal.runners.model.ReflectiveCallable.run(ReflectiveCallable.java:12)
	at org.junit.runners.model.FrameworkMethod.invokeExplosively(FrameworkMethod.java:44)
	at org.junit.internal.runners.statements.InvokeMethod.evaluate(InvokeMethod.java:17)
	at org.junit.runners.ParentRunner.runLeaf(ParentRunner.java:271)
	at org.junit.runners.BlockJUnit4ClassRunner.runChild(BlockJUnit4ClassRunner.java:70)
	at org.junit.runners.BlockJUnit4ClassRunner.runChild(BlockJUnit4ClassRunner.java:50)
	at org.junit.runners.ParentRunner$3.run(ParentRunner.java:238)
	at org.junit.runners.ParentRunner$1.schedule(ParentRunner.java:63)
	at org.junit.runners.ParentRunner.runChildren(ParentRunner.java:236)
	at org.junit.runners.ParentRunner.access$000(ParentRunner.java:53)
	at org.junit.runners.ParentRunner$2.evaluate(ParentRunner.java:229)
	at org.junit.runners.ParentRunner.run(ParentRunner.java:309)
	at org.apache.maven.surefire.junit4.JUnit4Provider.execute(JUnit4Provider.java:365)
	at org.apache.maven.surefire.junit4.JUnit4Provider.executeWithRerun(JUnit4Provider.java:273)
	at org.apache.maven.surefire.junit4.JUnit4Provider.executeTestSet(JUnit4Provider.java:238)
	at org.apache.maven.surefire.junit4.JUnit4Provider.invoke(JUnit4Provider.java:159)
	at org.apache.maven.surefire.booter.ForkedBooter.invokeProviderInSameClassLoader(ForkedBooter.java:384)
	at org.apache.maven.surefire.booter.ForkedBooter.runSuitesInProcess(ForkedBooter.java:345)
	at org.apache.maven.surefire.booter.ForkedBooter.execute(ForkedBooter.java:126)
	at org.apache.maven.surefire.booter.ForkedBooter.main(ForkedBooter.java:418)
</failure>
    <system-out><![CDATA[2019-06-14 07:38:33,630 WARN  server.ServerUtils (ServerUtils.java:getScmDbDir(145)) - ozone.scm.db.dirs is not configured. We recommend adding this setting. Falling back to ozone.metadata.dirs instead.
2019-06-14 07:38:33,635 WARN  server.ServerUtils (ServerUtils.java:getScmDbDir(145)) - ozone.scm.db.dirs is not configured. We recommend adding this setting. Falling back to ozone.metadata.dirs instead.
2019-06-14 07:38:33,635 WARN  server.ServerUtils (ServerUtils.java:getScmDbDir(145)) - ozone.scm.db.dirs is not configured. We recommend adding this setting. Falling back to ozone.metadata.dirs instead.
2019-06-14 07:38:33,635 INFO  db.DBStoreBuilder (DBStoreBuilder.java:addTable(110)) - using custom profile for table: deletedBlocks
2019-06-14 07:38:33,635 INFO  db.DBStoreBuilder (DBStoreBuilder.java:processTables(161)) - Using default column profile:DBProfile.DISK for Table:deletedBlocks
2019-06-14 07:38:33,636 INFO  db.DBStoreBuilder (DBStoreBuilder.java:addTable(110)) - using custom profile for table: validCerts
2019-06-14 07:38:33,636 INFO  db.DBStoreBuilder (DBStoreBuilder.java:processTables(161)) - Using default column profile:DBProfile.DISK for Table:validCerts
2019-06-14 07:38:33,636 INFO  db.DBStoreBuilder (DBStoreBuilder.java:addTable(110)) - using custom profile for table: revokedCerts
2019-06-14 07:38:33,636 INFO  db.DBStoreBuilder (DBStoreBuilder.java:processTables(161)) - Using default column profile:DBProfile.DISK for Table:revokedCerts
2019-06-14 07:38:33,636 INFO  db.DBStoreBuilder (DBStoreBuilder.java:addTable(110)) - using custom profile for table: default
2019-06-14 07:38:33,636 INFO  db.DBStoreBuilder (DBStoreBuilder.java:processTables(167)) - Using default column profile:DBProfile.DISK for Table:default
2019-06-14 07:38:33,636 INFO  db.DBStoreBuilder (DBStoreBuilder.java:getDbProfile(198)) - Using default options. DBProfile.DISK
2019-06-14 07:38:33,680 WARN  server.ServerUtils (ServerUtils.java:sanitizeUserArgs(70)) - ozone.scm.stale.node.interval value = 300000 is larger than max = 100000 based on the key value of ozone.scm.heartbeat.thread.interval, reset to the max value 100000.
2019-06-14 07:38:33,680 WARN  server.ServerUtils (ServerUtils.java:sanitizeUserArgs(70)) - ozone.scm.stale.node.interval value = 300000 is larger than max = 100000 based on the key value of ozone.scm.heartbeat.thread.interval, reset to the max value 100000.
2019-06-14 07:38:33,681 INFO  node.SCMNodeManager (SCMNodeManager.java:<init>(108)) - Entering startup safe mode.
2019-06-14 07:38:33,682 INFO  net.NodeSchemaLoader (NodeSchemaLoader.java:loadSchemaFromFile(125)) - Loading file from sun.misc.CompoundEnumeration@70421a08
2019-06-14 07:38:33,682 INFO  net.NodeSchemaLoader (NodeSchemaLoader.java:loadSchema(171)) - Loading network topology layer schema file
2019-06-14 07:38:33,685 WARN  server.ServerUtils (ServerUtils.java:getScmDbDir(145)) - ozone.scm.db.dirs is not configured. We recommend adding this setting. Falling back to ozone.metadata.dirs instead.
2019-06-14 07:38:33,699 INFO  pipeline.SCMPipelineManager (SCMPipelineManager.java:initializePipelineState(126)) - No pipeline exists in current db
2019-06-14 07:38:33,699 WARN  server.ServerUtils (ServerUtils.java:getScmDbDir(145)) - ozone.scm.db.dirs is not configured. We recommend adding this setting. Falling back to ozone.metadata.dirs instead.
2019-06-14 07:38:33,715 WARN  events.EventQueue (EventQueue.java:fireEvent(175)) - No event handler registered for event TypedEvent{payloadType=SafeModeStatus, name='SafeModeStatus'}
2019-06-14 07:38:33,716 INFO  ipc.CallQueueManager (CallQueueManager.java:<init>(84)) - Using callQueue: class java.util.concurrent.LinkedBlockingQueue, queueCapacity: 2000, scheduler: class org.apache.hadoop.ipc.DefaultRpcScheduler, ipcBackoff: false.
2019-06-14 07:38:33,716 INFO  ipc.Server (Server.java:run(1074)) - Starting Socket Reader #1 for port 40975
2019-06-14 07:38:33,718 INFO  ipc.CallQueueManager (CallQueueManager.java:<init>(84)) - Using callQueue: class java.util.concurrent.LinkedBlockingQueue, queueCapacity: 2000, scheduler: class org.apache.hadoop.ipc.DefaultRpcScheduler, ipcBackoff: false.
2019-06-14 07:38:33,719 INFO  ipc.Server (Server.java:run(1074)) - Starting Socket Reader #1 for port 32937
2019-06-14 07:38:33,721 INFO  ipc.CallQueueManager (CallQueueManager.java:<init>(84)) - Using callQueue: class java.util.concurrent.LinkedBlockingQueue, queueCapacity: 2000, scheduler: class org.apache.hadoop.ipc.DefaultRpcScheduler, ipcBackoff: false.
2019-06-14 07:38:33,721 INFO  ipc.Server (Server.java:run(1074)) - Starting Socket Reader #1 for port 41051
2019-06-14 07:38:33,724 INFO  hdfs.DFSUtil (DFSUtil.java:httpServerTemplateForNNAndJN(1641)) - Starting Web-server for scm at: http://0.0.0.0:0
2019-06-14 07:38:33,725 INFO  server.AuthenticationFilter (AuthenticationFilter.java:constructSecretProvider(240)) - Unable to initialize FileSignerSecretProvider, falling back to use random secrets.
2019-06-14 07:38:33,726 WARN  http.HttpRequestLog (HttpRequestLog.java:getRequestLog(97)) - Jetty request log can only be enabled using Log4j
2019-06-14 07:38:33,727 INFO  http.HttpServer2 (HttpServer2.java:addGlobalFilter(975)) - Added global filter 'safety' (class=org.apache.hadoop.http.HttpServer2$QuotingInputFilter)
2019-06-14 07:38:33,728 INFO  http.HttpServer2 (HttpServer2.java:addFilter(948)) - Added filter static_user_filter (class=org.apache.hadoop.http.lib.StaticUserWebFilter$StaticUserFilter) to context scm
2019-06-14 07:38:33,728 INFO  http.HttpServer2 (HttpServer2.java:addFilter(958)) - Added filter static_user_filter (class=org.apache.hadoop.http.lib.StaticUserWebFilter$StaticUserFilter) to context logs
2019-06-14 07:38:33,728 INFO  http.HttpServer2 (HttpServer2.java:addFilter(958)) - Added filter static_user_filter (class=org.apache.hadoop.http.lib.StaticUserWebFilter$StaticUserFilter) to context static
2019-06-14 07:38:33,732 INFO  server.StorageContainerManager (StorageContainerManager.java:start(752)) - StorageContainerLocationProtocol RPC server is listening at /0.0.0.0:41051
2019-06-14 07:38:33,732 INFO  impl.MetricsSystemImpl (MetricsSystemImpl.java:init(158)) - StorageContainerManager metrics system started (again)
2019-06-14 07:38:33,732 INFO  server.SCMClientProtocolServer (SCMClientProtocolServer.java:start(149)) - RPC server for Client  is listening at /0.0.0.0:41051
2019-06-14 07:38:33,733 INFO  ipc.Server (Server.java:run(1314)) - IPC Server Responder: starting
2019-06-14 07:38:33,733 INFO  ipc.Server (Server.java:run(1153)) - IPC Server listener on 41051: starting
2019-06-14 07:38:33,736 INFO  server.StorageContainerManager (StorageContainerManager.java:start(761)) - ScmBlockLocationProtocol RPC server is listening at /0.0.0.0:32937
2019-06-14 07:38:33,736 INFO  server.SCMBlockProtocolServer (SCMBlockProtocolServer.java:start(137)) - RPC server for Block Protocol is listening at /0.0.0.0:32937
2019-06-14 07:38:33,736 INFO  ipc.Server (Server.java:run(1314)) - IPC Server Responder: starting
2019-06-14 07:38:33,736 INFO  ipc.Server (Server.java:run(1153)) - IPC Server listener on 32937: starting
2019-06-14 07:38:33,739 INFO  server.StorageContainerManager (StorageContainerManager.java:start(765)) - ScmDatanodeProtocl RPC server is listening at /0.0.0.0:40975
2019-06-14 07:38:33,739 INFO  server.SCMDatanodeProtocolServer (SCMDatanodeProtocolServer.java:start(191)) - RPC server for DataNodes is listening at /0.0.0.0:40975
2019-06-14 07:38:33,739 INFO  ipc.Server (Server.java:run(1314)) - IPC Server Responder: starting
2019-06-14 07:38:33,739 INFO  ipc.Server (Server.java:run(1153)) - IPC Server listener on 40975: starting
2019-06-14 07:38:33,743 INFO  http.HttpServer2 (HttpServer2.java:bindListener(1191)) - Jetty bound to port 41665
2019-06-14 07:38:33,743 INFO  server.Server (Server.java:doStart(351)) - jetty-9.3.24.v20180605, build timestamp: 2018-06-05T17:11:56Z, git hash: 84205aa28f11a4f31f2a3b86d1bba2cc8ab69827
2019-06-14 07:38:33,744 INFO  handler.ContextHandler (ContextHandler.java:doStart(781)) - Started o.e.j.s.ServletContextHandler@515c732d{/logs,file:///opt/src/hadoop-ozone/integration-test/target/log,AVAILABLE}
2019-06-14 07:38:33,745 INFO  handler.ContextHandler (ContextHandler.java:doStart(781)) - Started o.e.j.s.ServletContextHandler@1f85904a{/static,file:///opt/src/hadoop-ozone/integration-test/target/test-classes/webapps/static,AVAILABLE}
2019-06-14 07:38:33,747 INFO  handler.ContextHandler (ContextHandler.java:doStart(781)) - Started o.e.j.w.WebAppContext@4e20a985{/,file:///opt/src/hadoop-ozone/integration-test/target/test-classes/webapps/scm/,AVAILABLE}{/scm}
2019-06-14 07:38:33,750 INFO  server.AbstractConnector (AbstractConnector.java:doStart(278)) - Started ServerConnector@56e8a8a0{HTTP/1.1,[http/1.1]}{0.0.0.0:41665}
2019-06-14 07:38:33,750 INFO  server.Server (Server.java:doStart(419)) - Started @44668ms
2019-06-14 07:38:33,751 INFO  server.BaseHttpServer (BaseHttpServer.java:updateConnectorAddress(207)) - HTTP server of SCM is listening at http://0.0.0.0:41665
2019-06-14 07:38:33,752 WARN  scm.ScmUtils (ScmUtils.java:getDBPath(63)) - ozone.om.db.dirs is not configured. We recommend adding this setting. Falling back to ozone.metadata.dirs instead.
2019-06-14 07:38:33,752 INFO  util.JvmPauseMonitor (JvmPauseMonitor.java:run(188)) - Starting JVM pause monitor
2019-06-14 07:38:33,755 WARN  scm.ScmUtils (ScmUtils.java:getDBPath(63)) - ozone.om.db.dirs is not configured. We recommend adding this setting. Falling back to ozone.metadata.dirs instead.
2019-06-14 07:38:33,755 INFO  om.OzoneManager (OzoneManager.java:setOMNodeDetails(519)) - OM Service ID is not set. Setting it to the default ID: omServiceIdDefault
2019-06-14 07:38:33,755 INFO  om.OzoneManager (OzoneManager.java:setOMNodeDetails(525)) - OM Node ID is not set. Setting it to the OmStorage's OmID: 83aaaf6d-108d-4c2e-b126-bb1312e9fac6
2019-06-14 07:38:33,756 WARN  scm.HddsServerUtil (HddsServerUtil.java:getDefaultRatisDirectory(354)) - Storage directory for Ratis is not configured. It is a good idea to map this to an SSD disk. Falling back to ozone.metadata.dirs
2019-06-14 07:38:33,756 WARN  scm.HddsServerUtil (HddsServerUtil.java:getDefaultRatisDirectory(354)) - Storage directory for Ratis is not configured. It is a good idea to map this to an SSD disk. Falling back to ozone.metadata.dirs
2019-06-14 07:38:33,756 INFO  om.OzoneManager (OzoneManager.java:loadOMHAConfigs(476)) - Found matching OM address with OMServiceId: null, OMNodeId: null, RPC Address: localhost:0 and Ratis port: 9872
2019-06-14 07:38:33,761 WARN  scm.ScmUtils (ScmUtils.java:getDBPath(63)) - ozone.om.db.dirs is not configured. We recommend adding this setting. Falling back to ozone.metadata.dirs instead.
2019-06-14 07:38:33,761 INFO  db.DBStoreBuilder (DBStoreBuilder.java:addTable(110)) - using custom profile for table: userTable
2019-06-14 07:38:33,761 INFO  db.DBStoreBuilder (DBStoreBuilder.java:processTables(161)) - Using default column profile:DBProfile.DISK for Table:userTable
2019-06-14 07:38:33,761 INFO  db.DBStoreBuilder (DBStoreBuilder.java:addTable(110)) - using custom profile for table: volumeTable
2019-06-14 07:38:33,761 INFO  db.DBStoreBuilder (DBStoreBuilder.java:processTables(161)) - Using default column profile:DBProfile.DISK for Table:volumeTable
2019-06-14 07:38:33,762 INFO  db.DBStoreBuilder (DBStoreBuilder.java:addTable(110)) - using custom profile for table: bucketTable
2019-06-14 07:38:33,762 INFO  db.DBStoreBuilder (DBStoreBuilder.java:processTables(161)) - Using default column profile:DBProfile.DISK for Table:bucketTable
2019-06-14 07:38:33,762 INFO  db.DBStoreBuilder (DBStoreBuilder.java:addTable(110)) - using custom profile for table: keyTable
2019-06-14 07:38:33,762 INFO  db.DBStoreBuilder (DBStoreBuilder.java:processTables(161)) - Using default column profile:DBProfile.DISK for Table:keyTable
2019-06-14 07:38:33,762 INFO  db.DBStoreBuilder (DBStoreBuilder.java:addTable(110)) - using custom profile for table: deletedTable
2019-06-14 07:38:33,762 INFO  db.DBStoreBuilder (DBStoreBuilder.java:processTables(161)) - Using default column profile:DBProfile.DISK for Table:deletedTable
2019-06-14 07:38:33,762 INFO  db.DBStoreBuilder (DBStoreBuilder.java:addTable(110)) - using custom profile for table: openKeyTable
2019-06-14 07:38:33,762 INFO  db.DBStoreBuilder (DBStoreBuilder.java:processTables(161)) - Using default column profile:DBProfile.DISK for Table:openKeyTable
2019-06-14 07:38:33,763 INFO  db.DBStoreBuilder (DBStoreBuilder.java:addTable(110)) - using custom profile for table: s3Table
2019-06-14 07:38:33,763 INFO  db.DBStoreBuilder (DBStoreBuilder.java:processTables(161)) - Using default column profile:DBProfile.DISK for Table:s3Table
2019-06-14 07:38:33,763 INFO  db.DBStoreBuilder (DBStoreBuilder.java:addTable(110)) - using custom profile for table: multipartInfoTable
2019-06-14 07:38:33,763 INFO  db.DBStoreBuilder (DBStoreBuilder.java:processTables(161)) - Using default column profile:DBProfile.DISK for Table:multipartInfoTable
2019-06-14 07:38:33,763 INFO  db.DBStoreBuilder (DBStoreBuilder.java:addTable(110)) - using custom profile for table: dTokenTable
2019-06-14 07:38:33,763 INFO  db.DBStoreBuilder (DBStoreBuilder.java:processTables(161)) - Using default column profile:DBProfile.DISK for Table:dTokenTable
2019-06-14 07:38:33,764 INFO  db.DBStoreBuilder (DBStoreBuilder.java:addTable(110)) - using custom profile for table: s3SecretTable
2019-06-14 07:38:33,764 INFO  db.DBStoreBuilder (DBStoreBuilder.java:processTables(161)) - Using default column profile:DBProfile.DISK for Table:s3SecretTable
2019-06-14 07:38:33,764 INFO  db.DBStoreBuilder (DBStoreBuilder.java:addTable(110)) - using custom profile for table: prefixTable
2019-06-14 07:38:33,764 INFO  db.DBStoreBuilder (DBStoreBuilder.java:processTables(161)) - Using default column profile:DBProfile.DISK for Table:prefixTable
2019-06-14 07:38:33,764 INFO  db.DBStoreBuilder (DBStoreBuilder.java:addTable(110)) - using custom profile for table: default
2019-06-14 07:38:33,764 INFO  db.DBStoreBuilder (DBStoreBuilder.java:processTables(167)) - Using default column profile:DBProfile.DISK for Table:default
2019-06-14 07:38:33,765 INFO  db.DBStoreBuilder (DBStoreBuilder.java:getDbProfile(198)) - Using default options. DBProfile.DISK
2019-06-14 07:38:33,893 INFO  ipc.CallQueueManager (CallQueueManager.java:<init>(84)) - Using callQueue: class java.util.concurrent.LinkedBlockingQueue, queueCapacity: 2000, scheduler: class org.apache.hadoop.ipc.DefaultRpcScheduler, ipcBackoff: false.
2019-06-14 07:38:33,893 INFO  ipc.Server (Server.java:run(1074)) - Starting Socket Reader #1 for port 44863
2019-06-14 07:38:33,905 WARN  scm.ScmUtils (ScmUtils.java:getDBPath(63)) - ozone.om.db.dirs is not configured. We recommend adding this setting. Falling back to ozone.metadata.dirs instead.
2019-06-14 07:38:33,905 INFO  om.OzoneManager (OzoneManager.java:start(1217)) - OzoneManager RPC server is listening at localhost/127.0.0.1:44863
2019-06-14 07:38:33,905 INFO  impl.MetricsSystemImpl (MetricsSystemImpl.java:init(158)) - OzoneManager metrics system started (again)
2019-06-14 07:38:33,905 INFO  ipc.Server (Server.java:run(1314)) - IPC Server Responder: starting
2019-06-14 07:38:33,906 INFO  ipc.Server (Server.java:run(1153)) - IPC Server listener on 44863: starting
2019-06-14 07:38:33,909 INFO  hdfs.DFSUtil (DFSUtil.java:httpServerTemplateForNNAndJN(1641)) - Starting Web-server for ozoneManager at: http://0.0.0.0:0
2019-06-14 07:38:33,910 INFO  server.AuthenticationFilter (AuthenticationFilter.java:constructSecretProvider(240)) - Unable to initialize FileSignerSecretProvider, falling back to use random secrets.
2019-06-14 07:38:33,910 WARN  http.HttpRequestLog (HttpRequestLog.java:getRequestLog(97)) - Jetty request log can only be enabled using Log4j
2019-06-14 07:38:33,911 INFO  http.HttpServer2 (HttpServer2.java:addGlobalFilter(975)) - Added global filter 'safety' (class=org.apache.hadoop.http.HttpServer2$QuotingInputFilter)
2019-06-14 07:38:33,912 INFO  http.HttpServer2 (HttpServer2.java:addFilter(948)) - Added filter static_user_filter (class=org.apache.hadoop.http.lib.StaticUserWebFilter$StaticUserFilter) to context ozoneManager
2019-06-14 07:38:33,912 INFO  http.HttpServer2 (HttpServer2.java:addFilter(958)) - Added filter static_user_filter (class=org.apache.hadoop.http.lib.StaticUserWebFilter$StaticUserFilter) to context static
2019-06-14 07:38:33,912 INFO  http.HttpServer2 (HttpServer2.java:addFilter(958)) - Added filter static_user_filter (class=org.apache.hadoop.http.lib.StaticUserWebFilter$StaticUserFilter) to context logs
2019-06-14 07:38:33,913 INFO  http.HttpServer2 (HttpServer2.java:bindListener(1191)) - Jetty bound to port 37647
2019-06-14 07:38:33,913 INFO  server.Server (Server.java:doStart(351)) - jetty-9.3.24.v20180605, build timestamp: 2018-06-05T17:11:56Z, git hash: 84205aa28f11a4f31f2a3b86d1bba2cc8ab69827
2019-06-14 07:38:33,921 INFO  handler.ContextHandler (ContextHandler.java:doStart(781)) - Started o.e.j.s.ServletContextHandler@41f23499{/logs,file:///opt/src/hadoop-ozone/integration-test/target/log,AVAILABLE}
2019-06-14 07:38:33,921 INFO  handler.ContextHandler (ContextHandler.java:doStart(781)) - Started o.e.j.s.ServletContextHandler@1f19d423{/static,file:///opt/src/hadoop-ozone/integration-test/target/test-classes/webapps/static,AVAILABLE}
2019-06-14 07:38:33,924 INFO  handler.ContextHandler (ContextHandler.java:doStart(781)) - Started o.e.j.w.WebAppContext@5a06eeef{/,file:///opt/src/hadoop-ozone/integration-test/target/test-classes/webapps/ozoneManager/,AVAILABLE}{/ozoneManager}
2019-06-14 07:38:33,925 INFO  server.AbstractConnector (AbstractConnector.java:doStart(278)) - Started ServerConnector@1c0cf193{HTTP/1.1,[http/1.1]}{0.0.0.0:37647}
2019-06-14 07:38:33,925 INFO  server.Server (Server.java:doStart(419)) - Started @44842ms
2019-06-14 07:38:33,925 INFO  server.BaseHttpServer (BaseHttpServer.java:updateConnectorAddress(207)) - HTTP server of OZONEMANAGER is listening at http://0.0.0.0:37647
2019-06-14 07:38:33,937 INFO  impl.MetricsSystemImpl (MetricsSystemImpl.java:init(158)) - HddsDatanode metrics system started (again)
2019-06-14 07:38:33,937 INFO  ozone.HddsDatanodeService (HddsDatanodeService.java:start(185)) - HddsDatanodeService host:ozone-tm9qp-197714850 ip:192.168.134.69
2019-06-14 07:38:33,942 INFO  volume.HddsVolume (HddsVolume.java:<init>(176)) - Creating Volume: /opt/src/hadoop-ozone/integration-test/target/test-dir/MiniOzoneClusterImpl-e845858a-40c4-451a-acc8-c6a8fec2ef52/datanode-0/data/containers/hdds of  storage type : DISK and capacity : 104021790720
2019-06-14 07:38:33,942 INFO  volume.VolumeSet (VolumeSet.java:initializeVolumeSet(170)) - Added Volume : /opt/src/hadoop-ozone/integration-test/target/test-dir/MiniOzoneClusterImpl-e845858a-40c4-451a-acc8-c6a8fec2ef52/datanode-0/data/containers/hdds to VolumeSet
2019-06-14 07:38:33,942 INFO  volume.ThrottledAsyncChecker (ThrottledAsyncChecker.java:schedule(140)) - Scheduling a check for org.apache.hadoop.ozone.container.common.volume.HddsVolume@11ce9319
2019-06-14 07:38:33,942 INFO  volume.HddsVolumeChecker (HddsVolumeChecker.java:checkAllVolumes(203)) - Scheduled health check for volume org.apache.hadoop.ozone.container.common.volume.HddsVolume@11ce9319
2019-06-14 07:38:33,950 INFO  ratis.XceiverServerRatis (XceiverServerRatis.java:newXceiverServerRatis(401)) - Found a free port for the server : 39399
2019-06-14 07:38:33,951 INFO  impl.RaftServerProxy (ConfUtils.java:logGet(43)) - raft.rpc.type = GRPC (default)
2019-06-14 07:38:33,951 INFO  grpc.GrpcConfigKeys$Server (ConfUtils.java:logGet(43)) - raft.grpc.server.port = 39399 (custom)
2019-06-14 07:38:33,952 INFO  server.GrpcService (ConfUtils.java:logGet(43)) - raft.grpc.message.size.max = 33570816 (custom)
2019-06-14 07:38:33,952 INFO  server.RaftServerConfigKeys (ConfUtils.java:logGet(43)) - raft.server.log.appender.buffer.byte-limit = 33554432 (custom)
2019-06-14 07:38:33,952 INFO  server.GrpcService (ConfUtils.java:logGet(43)) - raft.grpc.flow.control.window = 1MB (=1048576) (default)
2019-06-14 07:38:33,952 INFO  server.RaftServerConfigKeys (ConfUtils.java:logGet(43)) - raft.server.rpc.request.timeout = 3000ms (default)
2019-06-14 07:38:33,952 INFO  server.RaftServerConfigKeys (ConfUtils.java:logGet(43)) - raft.server.storage.dir = [/opt/src/hadoop-ozone/integration-test/target/test-dir/MiniOzoneClusterImpl-e845858a-40c4-451a-acc8-c6a8fec2ef52/datanode-0/data/ratis] (custom)
2019-06-14 07:38:33,953 INFO  server.XceiverServerGrpc (XceiverServerGrpc.java:<init>(97)) - Found a free port for the server : 43375
2019-06-14 07:38:33,953 INFO  replication.SimpleContainerDownloader (SimpleContainerDownloader.java:<init>(72)) - Starting container downloader service to copy containers to replicate.
2019-06-14 07:38:33,953 INFO  hdfs.DFSUtil (DFSUtil.java:httpServerTemplateForNNAndJN(1641)) - Starting Web-server for hddsDatanode at: http://0.0.0.0:0
2019-06-14 07:38:33,954 INFO  server.AuthenticationFilter (AuthenticationFilter.java:constructSecretProvider(240)) - Unable to initialize FileSignerSecretProvider, falling back to use random secrets.
2019-06-14 07:38:33,955 WARN  http.HttpRequestLog (HttpRequestLog.java:getRequestLog(97)) - Jetty request log can only be enabled using Log4j
2019-06-14 07:38:33,956 INFO  http.HttpServer2 (HttpServer2.java:addGlobalFilter(975)) - Added global filter 'safety' (class=org.apache.hadoop.http.HttpServer2$QuotingInputFilter)
2019-06-14 07:38:33,956 INFO  http.HttpServer2 (HttpServer2.java:addFilter(948)) - Added filter static_user_filter (class=org.apache.hadoop.http.lib.StaticUserWebFilter$StaticUserFilter) to context hddsDatanode
2019-06-14 07:38:33,956 INFO  http.HttpServer2 (HttpServer2.java:addFilter(958)) - Added filter static_user_filter (class=org.apache.hadoop.http.lib.StaticUserWebFilter$StaticUserFilter) to context logs
2019-06-14 07:38:33,956 INFO  http.HttpServer2 (HttpServer2.java:addFilter(958)) - Added filter static_user_filter (class=org.apache.hadoop.http.lib.StaticUserWebFilter$StaticUserFilter) to context static
2019-06-14 07:38:33,957 INFO  http.HttpServer2 (HttpServer2.java:bindListener(1191)) - Jetty bound to port 39595
2019-06-14 07:38:33,957 INFO  server.Server (Server.java:doStart(351)) - jetty-9.3.24.v20180605, build timestamp: 2018-06-05T17:11:56Z, git hash: 84205aa28f11a4f31f2a3b86d1bba2cc8ab69827
2019-06-14 07:38:33,958 INFO  handler.ContextHandler (ContextHandler.java:doStart(781)) - Started o.e.j.s.ServletContextHandler@51c008fd{/logs,file:///opt/src/hadoop-ozone/integration-test/target/log,AVAILABLE}
2019-06-14 07:38:33,959 INFO  handler.ContextHandler (ContextHandler.java:doStart(781)) - Started o.e.j.s.ServletContextHandler@22f80e36{/static,jar:file:/root/.m2/repository/org/apache/hadoop/hadoop-hdds-container-service/0.5.0-SNAPSHOT/hadoop-hdds-container-service-0.5.0-SNAPSHOT.jar!/webapps/static,AVAILABLE}
2019-06-14 07:38:33,978 INFO  handler.ContextHandler (ContextHandler.java:doStart(781)) - Started o.e.j.w.WebAppContext@53e166ad{/,file:///tmp/jetty-0.0.0.0-39595-hddsDatanode-_-any-2932578900400318690.dir/webapp/,AVAILABLE}{/hddsDatanode}
2019-06-14 07:38:33,979 INFO  server.AbstractConnector (AbstractConnector.java:doStart(278)) - Started ServerConnector@30c03473{HTTP/1.1,[http/1.1]}{0.0.0.0:39595}
2019-06-14 07:38:33,980 INFO  server.Server (Server.java:doStart(419)) - Started @44897ms
2019-06-14 07:38:33,980 INFO  server.BaseHttpServer (BaseHttpServer.java:updateConnectorAddress(207)) - HTTP server of HDDSDATANODE is listening at http://0.0.0.0:39595
2019-06-14 07:38:34,064 INFO  ozone.HddsDatanodeService (HddsDatanodeService.java:startPlugins(396)) - Started plug-in org.apache.hadoop.ozone.web.OzoneHddsDatanodeService@3dcbbbc
2019-06-14 07:38:34,064 INFO  impl.MetricsSystemImpl (MetricsSystemImpl.java:init(158)) - HddsDatanode metrics system started (again)
2019-06-14 07:38:34,065 INFO  ozone.HddsDatanodeService (HddsDatanodeService.java:start(185)) - HddsDatanodeService host:ozone-tm9qp-197714850 ip:192.168.134.69
2019-06-14 07:38:34,069 INFO  util.JvmPauseMonitor (JvmPauseMonitor.java:run(188)) - Starting JVM pause monitor
2019-06-14 07:38:34,070 INFO  datanode.InitDatanodeState (InitDatanodeState.java:persistContainerDatanodeDetails(140)) - DatanodeDetails is persisted to /opt/src/hadoop-ozone/integration-test/target/test-dir/MiniOzoneClusterImpl-e845858a-40c4-451a-acc8-c6a8fec2ef52/datanode-0/meta/datanode.id
2019-06-14 07:38:34,073 INFO  volume.HddsVolume (HddsVolume.java:<init>(176)) - Creating Volume: /opt/src/hadoop-ozone/integration-test/target/test-dir/MiniOzoneClusterImpl-e845858a-40c4-451a-acc8-c6a8fec2ef52/datanode-1/data/containers/hdds of  storage type : DISK and capacity : 104021790720
2019-06-14 07:38:34,073 INFO  volume.VolumeSet (VolumeSet.java:initializeVolumeSet(170)) - Added Volume : /opt/src/hadoop-ozone/integration-test/target/test-dir/MiniOzoneClusterImpl-e845858a-40c4-451a-acc8-c6a8fec2ef52/datanode-1/data/containers/hdds to VolumeSet
2019-06-14 07:38:34,074 INFO  volume.ThrottledAsyncChecker (ThrottledAsyncChecker.java:schedule(140)) - Scheduling a check for org.apache.hadoop.ozone.container.common.volume.HddsVolume@2e013ba1
2019-06-14 07:38:34,074 INFO  volume.HddsVolumeChecker (HddsVolumeChecker.java:checkAllVolumes(203)) - Scheduled health check for volume org.apache.hadoop.ozone.container.common.volume.HddsVolume@2e013ba1
2019-06-14 07:38:34,085 INFO  ratis.XceiverServerRatis (XceiverServerRatis.java:newXceiverServerRatis(401)) - Found a free port for the server : 38345
2019-06-14 07:38:34,086 INFO  impl.RaftServerProxy (ConfUtils.java:logGet(43)) - raft.rpc.type = GRPC (default)
2019-06-14 07:38:34,087 INFO  grpc.GrpcConfigKeys$Server (ConfUtils.java:logGet(43)) - raft.grpc.server.port = 38345 (custom)
2019-06-14 07:38:34,087 INFO  server.GrpcService (ConfUtils.java:logGet(43)) - raft.grpc.message.size.max = 33570816 (custom)
2019-06-14 07:38:34,087 INFO  server.RaftServerConfigKeys (ConfUtils.java:logGet(43)) - raft.server.log.appender.buffer.byte-limit = 33554432 (custom)
2019-06-14 07:38:34,087 INFO  server.GrpcService (ConfUtils.java:logGet(43)) - raft.grpc.flow.control.window = 1MB (=1048576) (default)
2019-06-14 07:38:34,087 INFO  server.RaftServerConfigKeys (ConfUtils.java:logGet(43)) - raft.server.rpc.request.timeout = 3000ms (default)
2019-06-14 07:38:34,088 INFO  server.RaftServerConfigKeys (ConfUtils.java:logGet(43)) - raft.server.storage.dir = [/opt/src/hadoop-ozone/integration-test/target/test-dir/MiniOzoneClusterImpl-e845858a-40c4-451a-acc8-c6a8fec2ef52/datanode-1/data/ratis] (custom)
2019-06-14 07:38:34,088 INFO  server.XceiverServerGrpc (XceiverServerGrpc.java:<init>(97)) - Found a free port for the server : 37159
2019-06-14 07:38:34,088 INFO  replication.SimpleContainerDownloader (SimpleContainerDownloader.java:<init>(72)) - Starting container downloader service to copy containers to replicate.
2019-06-14 07:38:34,091 INFO  hdfs.DFSUtil (DFSUtil.java:httpServerTemplateForNNAndJN(1641)) - Starting Web-server for hddsDatanode at: http://0.0.0.0:0
2019-06-14 07:38:34,094 INFO  server.AuthenticationFilter (AuthenticationFilter.java:constructSecretProvider(240)) - Unable to initialize FileSignerSecretProvider, falling back to use random secrets.
2019-06-14 07:38:34,094 WARN  http.HttpRequestLog (HttpRequestLog.java:getRequestLog(97)) - Jetty request log can only be enabled using Log4j
2019-06-14 07:38:34,095 INFO  http.HttpServer2 (HttpServer2.java:addGlobalFilter(975)) - Added global filter 'safety' (class=org.apache.hadoop.http.HttpServer2$QuotingInputFilter)
2019-06-14 07:38:34,096 INFO  http.HttpServer2 (HttpServer2.java:addFilter(948)) - Added filter static_user_filter (class=org.apache.hadoop.http.lib.StaticUserWebFilter$StaticUserFilter) to context hddsDatanode
2019-06-14 07:38:34,096 INFO  http.HttpServer2 (HttpServer2.java:addFilter(958)) - Added filter static_user_filter (class=org.apache.hadoop.http.lib.StaticUserWebFilter$StaticUserFilter) to context static
2019-06-14 07:38:34,096 INFO  http.HttpServer2 (HttpServer2.java:addFilter(958)) - Added filter static_user_filter (class=org.apache.hadoop.http.lib.StaticUserWebFilter$StaticUserFilter) to context logs
2019-06-14 07:38:34,096 INFO  http.HttpServer2 (HttpServer2.java:bindListener(1191)) - Jetty bound to port 43389
2019-06-14 07:38:34,096 INFO  server.Server (Server.java:doStart(351)) - jetty-9.3.24.v20180605, build timestamp: 2018-06-05T17:11:56Z, git hash: 84205aa28f11a4f31f2a3b86d1bba2cc8ab69827
2019-06-14 07:38:34,097 INFO  handler.ContextHandler (ContextHandler.java:doStart(781)) - Started o.e.j.s.ServletContextHandler@309e3f34{/logs,file:///opt/src/hadoop-ozone/integration-test/target/log,AVAILABLE}
2019-06-14 07:38:34,098 INFO  handler.ContextHandler (ContextHandler.java:doStart(781)) - Started o.e.j.s.ServletContextHandler@3fe24670{/static,jar:file:/root/.m2/repository/org/apache/hadoop/hadoop-hdds-container-service/0.5.0-SNAPSHOT/hadoop-hdds-container-service-0.5.0-SNAPSHOT.jar!/webapps/static,AVAILABLE}
2019-06-14 07:38:34,118 INFO  handler.ContextHandler (ContextHandler.java:doStart(781)) - Started o.e.j.w.WebAppContext@73316a0a{/,file:///tmp/jetty-0.0.0.0-43389-hddsDatanode-_-any-7019916976522912131.dir/webapp/,AVAILABLE}{/hddsDatanode}
2019-06-14 07:38:34,118 INFO  server.AbstractConnector (AbstractConnector.java:doStart(278)) - Started ServerConnector@63a7af06{HTTP/1.1,[http/1.1]}{0.0.0.0:43389}
2019-06-14 07:38:34,120 INFO  server.Server (Server.java:doStart(419)) - Started @45037ms
2019-06-14 07:38:34,120 INFO  server.BaseHttpServer (BaseHttpServer.java:updateConnectorAddress(207)) - HTTP server of HDDSDATANODE is listening at http://0.0.0.0:43389
2019-06-14 07:38:34,322 INFO  ozone.HddsDatanodeService (HddsDatanodeService.java:startPlugins(396)) - Started plug-in org.apache.hadoop.ozone.web.OzoneHddsDatanodeService@62410e1f
2019-06-14 07:38:34,322 INFO  impl.MetricsSystemImpl (MetricsSystemImpl.java:init(158)) - HddsDatanode metrics system started (again)
2019-06-14 07:38:34,323 INFO  ozone.HddsDatanodeService (HddsDatanodeService.java:start(185)) - HddsDatanodeService host:ozone-tm9qp-197714850 ip:192.168.134.69
2019-06-14 07:38:34,326 INFO  util.JvmPauseMonitor (JvmPauseMonitor.java:run(188)) - Starting JVM pause monitor
2019-06-14 07:38:34,328 INFO  datanode.InitDatanodeState (InitDatanodeState.java:persistContainerDatanodeDetails(140)) - DatanodeDetails is persisted to /opt/src/hadoop-ozone/integration-test/target/test-dir/MiniOzoneClusterImpl-e845858a-40c4-451a-acc8-c6a8fec2ef52/datanode-1/meta/datanode.id
2019-06-14 07:38:34,334 INFO  volume.HddsVolume (HddsVolume.java:<init>(176)) - Creating Volume: /opt/src/hadoop-ozone/integration-test/target/test-dir/MiniOzoneClusterImpl-e845858a-40c4-451a-acc8-c6a8fec2ef52/datanode-2/data/containers/hdds of  storage type : DISK and capacity : 104021790720
2019-06-14 07:38:34,334 INFO  volume.VolumeSet (VolumeSet.java:initializeVolumeSet(170)) - Added Volume : /opt/src/hadoop-ozone/integration-test/target/test-dir/MiniOzoneClusterImpl-e845858a-40c4-451a-acc8-c6a8fec2ef52/datanode-2/data/containers/hdds to VolumeSet
2019-06-14 07:38:34,335 INFO  volume.ThrottledAsyncChecker (ThrottledAsyncChecker.java:schedule(140)) - Scheduling a check for org.apache.hadoop.ozone.container.common.volume.HddsVolume@23dff243
2019-06-14 07:38:34,335 INFO  volume.HddsVolumeChecker (HddsVolumeChecker.java:checkAllVolumes(203)) - Scheduled health check for volume org.apache.hadoop.ozone.container.common.volume.HddsVolume@23dff243
2019-06-14 07:38:34,346 INFO  ratis.XceiverServerRatis (XceiverServerRatis.java:newXceiverServerRatis(401)) - Found a free port for the server : 39813
2019-06-14 07:38:34,347 INFO  impl.RaftServerProxy (ConfUtils.java:logGet(43)) - raft.rpc.type = GRPC (default)
2019-06-14 07:38:34,347 INFO  grpc.GrpcConfigKeys$Server (ConfUtils.java:logGet(43)) - raft.grpc.server.port = 39813 (custom)
2019-06-14 07:38:34,348 INFO  server.GrpcService (ConfUtils.java:logGet(43)) - raft.grpc.message.size.max = 33570816 (custom)
2019-06-14 07:38:34,348 INFO  server.RaftServerConfigKeys (ConfUtils.java:logGet(43)) - raft.server.log.appender.buffer.byte-limit = 33554432 (custom)
2019-06-14 07:38:34,348 INFO  server.GrpcService (ConfUtils.java:logGet(43)) - raft.grpc.flow.control.window = 1MB (=1048576) (default)
2019-06-14 07:38:34,348 INFO  server.RaftServerConfigKeys (ConfUtils.java:logGet(43)) - raft.server.rpc.request.timeout = 3000ms (default)
2019-06-14 07:38:34,348 INFO  server.RaftServerConfigKeys (ConfUtils.java:logGet(43)) - raft.server.storage.dir = [/opt/src/hadoop-ozone/integration-test/target/test-dir/MiniOzoneClusterImpl-e845858a-40c4-451a-acc8-c6a8fec2ef52/datanode-2/data/ratis] (custom)
2019-06-14 07:38:34,349 INFO  server.XceiverServerGrpc (XceiverServerGrpc.java:<init>(97)) - Found a free port for the server : 42089
2019-06-14 07:38:34,349 INFO  replication.SimpleContainerDownloader (SimpleContainerDownloader.java:<init>(72)) - Starting container downloader service to copy containers to replicate.
2019-06-14 07:38:34,350 INFO  hdfs.DFSUtil (DFSUtil.java:httpServerTemplateForNNAndJN(1641)) - Starting Web-server for hddsDatanode at: http://0.0.0.0:0
2019-06-14 07:38:34,351 INFO  server.AuthenticationFilter (AuthenticationFilter.java:constructSecretProvider(240)) - Unable to initialize FileSignerSecretProvider, falling back to use random secrets.
2019-06-14 07:38:34,352 WARN  http.HttpRequestLog (HttpRequestLog.java:getRequestLog(97)) - Jetty request log can only be enabled using Log4j
2019-06-14 07:38:34,353 INFO  http.HttpServer2 (HttpServer2.java:addGlobalFilter(975)) - Added global filter 'safety' (class=org.apache.hadoop.http.HttpServer2$QuotingInputFilter)
2019-06-14 07:38:34,353 INFO  http.HttpServer2 (HttpServer2.java:addFilter(948)) - Added filter static_user_filter (class=org.apache.hadoop.http.lib.StaticUserWebFilter$StaticUserFilter) to context hddsDatanode
2019-06-14 07:38:34,353 INFO  http.HttpServer2 (HttpServer2.java:addFilter(958)) - Added filter static_user_filter (class=org.apache.hadoop.http.lib.StaticUserWebFilter$StaticUserFilter) to context static
2019-06-14 07:38:34,353 INFO  http.HttpServer2 (HttpServer2.java:addFilter(958)) - Added filter static_user_filter (class=org.apache.hadoop.http.lib.StaticUserWebFilter$StaticUserFilter) to context logs
2019-06-14 07:38:34,354 INFO  http.HttpServer2 (HttpServer2.java:bindListener(1191)) - Jetty bound to port 37667
2019-06-14 07:38:34,354 INFO  server.Server (Server.java:doStart(351)) - jetty-9.3.24.v20180605, build timestamp: 2018-06-05T17:11:56Z, git hash: 84205aa28f11a4f31f2a3b86d1bba2cc8ab69827
2019-06-14 07:38:34,355 INFO  handler.ContextHandler (ContextHandler.java:doStart(781)) - Started o.e.j.s.ServletContextHandler@74a03bd5{/logs,file:///opt/src/hadoop-ozone/integration-test/target/log,AVAILABLE}
2019-06-14 07:38:34,356 INFO  handler.ContextHandler (ContextHandler.java:doStart(781)) - Started o.e.j.s.ServletContextHandler@671f545b{/static,jar:file:/root/.m2/repository/org/apache/hadoop/hadoop-hdds-container-service/0.5.0-SNAPSHOT/hadoop-hdds-container-service-0.5.0-SNAPSHOT.jar!/webapps/static,AVAILABLE}
2019-06-14 07:38:34,383 INFO  handler.ContextHandler (ContextHandler.java:doStart(781)) - Started o.e.j.w.WebAppContext@10301d6f{/,file:///tmp/jetty-0.0.0.0-37667-hddsDatanode-_-any-3038513655775884868.dir/webapp/,AVAILABLE}{/hddsDatanode}
2019-06-14 07:38:34,384 INFO  server.AbstractConnector (AbstractConnector.java:doStart(278)) - Started ServerConnector@5cd6719d{HTTP/1.1,[http/1.1]}{0.0.0.0:37667}
2019-06-14 07:38:34,385 INFO  server.Server (Server.java:doStart(419)) - Started @45302ms
2019-06-14 07:38:34,385 INFO  server.BaseHttpServer (BaseHttpServer.java:updateConnectorAddress(207)) - HTTP server of HDDSDATANODE is listening at http://0.0.0.0:37667
2019-06-14 07:38:34,468 INFO  ozone.HddsDatanodeService (HddsDatanodeService.java:startPlugins(396)) - Started plug-in org.apache.hadoop.ozone.web.OzoneHddsDatanodeService@5342032a
2019-06-14 07:38:34,469 INFO  impl.MetricsSystemImpl (MetricsSystemImpl.java:init(158)) - HddsDatanode metrics system started (again)
2019-06-14 07:38:34,469 INFO  ozone.HddsDatanodeService (HddsDatanodeService.java:start(185)) - HddsDatanodeService host:ozone-tm9qp-197714850 ip:192.168.134.69
2019-06-14 07:38:34,475 INFO  util.JvmPauseMonitor (JvmPauseMonitor.java:run(188)) - Starting JVM pause monitor
2019-06-14 07:38:34,479 INFO  volume.HddsVolume (HddsVolume.java:<init>(176)) - Creating Volume: /opt/src/hadoop-ozone/integration-test/target/test-dir/MiniOzoneClusterImpl-e845858a-40c4-451a-acc8-c6a8fec2ef52/datanode-3/data/containers/hdds of  storage type : DISK and capacity : 104021790720
2019-06-14 07:38:34,480 INFO  volume.VolumeSet (VolumeSet.java:initializeVolumeSet(170)) - Added Volume : /opt/src/hadoop-ozone/integration-test/target/test-dir/MiniOzoneClusterImpl-e845858a-40c4-451a-acc8-c6a8fec2ef52/datanode-3/data/containers/hdds to VolumeSet
2019-06-14 07:38:34,480 INFO  volume.ThrottledAsyncChecker (ThrottledAsyncChecker.java:schedule(140)) - Scheduling a check for org.apache.hadoop.ozone.container.common.volume.HddsVolume@612bb755
2019-06-14 07:38:34,480 INFO  datanode.InitDatanodeState (InitDatanodeState.java:persistContainerDatanodeDetails(140)) - DatanodeDetails is persisted to /opt/src/hadoop-ozone/integration-test/target/test-dir/MiniOzoneClusterImpl-e845858a-40c4-451a-acc8-c6a8fec2ef52/datanode-2/meta/datanode.id
2019-06-14 07:38:34,487 INFO  volume.HddsVolumeChecker (HddsVolumeChecker.java:checkAllVolumes(203)) - Scheduled health check for volume org.apache.hadoop.ozone.container.common.volume.HddsVolume@612bb755
2019-06-14 07:38:34,497 INFO  ratis.XceiverServerRatis (XceiverServerRatis.java:newXceiverServerRatis(401)) - Found a free port for the server : 42345
2019-06-14 07:38:34,499 INFO  impl.RaftServerProxy (ConfUtils.java:logGet(43)) - raft.rpc.type = GRPC (default)
2019-06-14 07:38:34,499 INFO  grpc.GrpcConfigKeys$Server (ConfUtils.java:logGet(43)) - raft.grpc.server.port = 42345 (custom)
2019-06-14 07:38:34,499 INFO  server.GrpcService (ConfUtils.java:logGet(43)) - raft.grpc.message.size.max = 33570816 (custom)
2019-06-14 07:38:34,499 INFO  server.RaftServerConfigKeys (ConfUtils.java:logGet(43)) - raft.server.log.appender.buffer.byte-limit = 33554432 (custom)
2019-06-14 07:38:34,499 INFO  server.GrpcService (ConfUtils.java:logGet(43)) - raft.grpc.flow.control.window = 1MB (=1048576) (default)
2019-06-14 07:38:34,500 INFO  server.RaftServerConfigKeys (ConfUtils.java:logGet(43)) - raft.server.rpc.request.timeout = 3000ms (default)
2019-06-14 07:38:34,500 INFO  server.RaftServerConfigKeys (ConfUtils.java:logGet(43)) - raft.server.storage.dir = [/opt/src/hadoop-ozone/integration-test/target/test-dir/MiniOzoneClusterImpl-e845858a-40c4-451a-acc8-c6a8fec2ef52/datanode-3/data/ratis] (custom)
2019-06-14 07:38:34,500 INFO  server.XceiverServerGrpc (XceiverServerGrpc.java:<init>(97)) - Found a free port for the server : 37249
2019-06-14 07:38:34,501 INFO  replication.SimpleContainerDownloader (SimpleContainerDownloader.java:<init>(72)) - Starting container downloader service to copy containers to replicate.
2019-06-14 07:38:34,501 INFO  hdfs.DFSUtil (DFSUtil.java:httpServerTemplateForNNAndJN(1641)) - Starting Web-server for hddsDatanode at: http://0.0.0.0:0
2019-06-14 07:38:34,503 INFO  server.AuthenticationFilter (AuthenticationFilter.java:constructSecretProvider(240)) - Unable to initialize FileSignerSecretProvider, falling back to use random secrets.
2019-06-14 07:38:34,503 WARN  http.HttpRequestLog (HttpRequestLog.java:getRequestLog(97)) - Jetty request log can only be enabled using Log4j
2019-06-14 07:38:34,504 INFO  http.HttpServer2 (HttpServer2.java:addGlobalFilter(975)) - Added global filter 'safety' (class=org.apache.hadoop.http.HttpServer2$QuotingInputFilter)
2019-06-14 07:38:34,504 INFO  http.HttpServer2 (HttpServer2.java:addFilter(948)) - Added filter static_user_filter (class=org.apache.hadoop.http.lib.StaticUserWebFilter$StaticUserFilter) to context hddsDatanode
2019-06-14 07:38:34,504 INFO  http.HttpServer2 (HttpServer2.java:addFilter(958)) - Added filter static_user_filter (class=org.apache.hadoop.http.lib.StaticUserWebFilter$StaticUserFilter) to context logs
2019-06-14 07:38:34,504 INFO  http.HttpServer2 (HttpServer2.java:addFilter(958)) - Added filter static_user_filter (class=org.apache.hadoop.http.lib.StaticUserWebFilter$StaticUserFilter) to context static
2019-06-14 07:38:34,505 INFO  http.HttpServer2 (HttpServer2.java:bindListener(1191)) - Jetty bound to port 43765
2019-06-14 07:38:34,505 INFO  server.Server (Server.java:doStart(351)) - jetty-9.3.24.v20180605, build timestamp: 2018-06-05T17:11:56Z, git hash: 84205aa28f11a4f31f2a3b86d1bba2cc8ab69827
2019-06-14 07:38:34,508 INFO  handler.ContextHandler (ContextHandler.java:doStart(781)) - Started o.e.j.s.ServletContextHandler@47e725af{/logs,file:///opt/src/hadoop-ozone/integration-test/target/log,AVAILABLE}
2019-06-14 07:38:34,509 INFO  handler.ContextHandler (ContextHandler.java:doStart(781)) - Started o.e.j.s.ServletContextHandler@535be281{/static,jar:file:/root/.m2/repository/org/apache/hadoop/hadoop-hdds-container-service/0.5.0-SNAPSHOT/hadoop-hdds-container-service-0.5.0-SNAPSHOT.jar!/webapps/static,AVAILABLE}
2019-06-14 07:38:34,545 INFO  handler.ContextHandler (ContextHandler.java:doStart(781)) - Started o.e.j.w.WebAppContext@6e7f29d5{/,file:///tmp/jetty-0.0.0.0-43765-hddsDatanode-_-any-7180116717664254845.dir/webapp/,AVAILABLE}{/hddsDatanode}
2019-06-14 07:38:34,546 INFO  server.AbstractConnector (AbstractConnector.java:doStart(278)) - Started ServerConnector@27048db3{HTTP/1.1,[http/1.1]}{0.0.0.0:43765}
2019-06-14 07:38:34,547 INFO  server.Server (Server.java:doStart(419)) - Started @45464ms
2019-06-14 07:38:34,547 INFO  server.BaseHttpServer (BaseHttpServer.java:updateConnectorAddress(207)) - HTTP server of HDDSDATANODE is listening at http://0.0.0.0:43765
2019-06-14 07:38:34,633 INFO  ozone.HddsDatanodeService (HddsDatanodeService.java:startPlugins(396)) - Started plug-in org.apache.hadoop.ozone.web.OzoneHddsDatanodeService@2ec156fb
2019-06-14 07:38:34,633 INFO  impl.MetricsSystemImpl (MetricsSystemImpl.java:init(158)) - HddsDatanode metrics system started (again)
2019-06-14 07:38:34,634 INFO  ozone.HddsDatanodeService (HddsDatanodeService.java:start(185)) - HddsDatanodeService host:ozone-tm9qp-197714850 ip:192.168.134.69
2019-06-14 07:38:34,641 INFO  util.JvmPauseMonitor (JvmPauseMonitor.java:run(188)) - Starting JVM pause monitor
2019-06-14 07:38:34,642 INFO  datanode.InitDatanodeState (InitDatanodeState.java:persistContainerDatanodeDetails(140)) - DatanodeDetails is persisted to /opt/src/hadoop-ozone/integration-test/target/test-dir/MiniOzoneClusterImpl-e845858a-40c4-451a-acc8-c6a8fec2ef52/datanode-3/meta/datanode.id
2019-06-14 07:38:34,645 INFO  volume.HddsVolume (HddsVolume.java:<init>(176)) - Creating Volume: /opt/src/hadoop-ozone/integration-test/target/test-dir/MiniOzoneClusterImpl-e845858a-40c4-451a-acc8-c6a8fec2ef52/datanode-4/data/containers/hdds of  storage type : DISK and capacity : 104021790720
2019-06-14 07:38:34,646 INFO  volume.VolumeSet (VolumeSet.java:initializeVolumeSet(170)) - Added Volume : /opt/src/hadoop-ozone/integration-test/target/test-dir/MiniOzoneClusterImpl-e845858a-40c4-451a-acc8-c6a8fec2ef52/datanode-4/data/containers/hdds to VolumeSet
2019-06-14 07:38:34,646 INFO  volume.ThrottledAsyncChecker (ThrottledAsyncChecker.java:schedule(140)) - Scheduling a check for org.apache.hadoop.ozone.container.common.volume.HddsVolume@280099a0
2019-06-14 07:38:34,647 INFO  volume.HddsVolumeChecker (HddsVolumeChecker.java:checkAllVolumes(203)) - Scheduled health check for volume org.apache.hadoop.ozone.container.common.volume.HddsVolume@280099a0
2019-06-14 07:38:34,655 INFO  ratis.XceiverServerRatis (XceiverServerRatis.java:newXceiverServerRatis(401)) - Found a free port for the server : 45437
2019-06-14 07:38:34,656 INFO  impl.RaftServerProxy (ConfUtils.java:logGet(43)) - raft.rpc.type = GRPC (default)
2019-06-14 07:38:34,657 INFO  grpc.GrpcConfigKeys$Server (ConfUtils.java:logGet(43)) - raft.grpc.server.port = 45437 (custom)
2019-06-14 07:38:34,657 INFO  server.GrpcService (ConfUtils.java:logGet(43)) - raft.grpc.message.size.max = 33570816 (custom)
2019-06-14 07:38:34,657 INFO  server.RaftServerConfigKeys (ConfUtils.java:logGet(43)) - raft.server.log.appender.buffer.byte-limit = 33554432 (custom)
2019-06-14 07:38:34,657 INFO  server.GrpcService (ConfUtils.java:logGet(43)) - raft.grpc.flow.control.window = 1MB (=1048576) (default)
2019-06-14 07:38:34,657 INFO  server.RaftServerConfigKeys (ConfUtils.java:logGet(43)) - raft.server.rpc.request.timeout = 3000ms (default)
2019-06-14 07:38:34,658 INFO  server.RaftServerConfigKeys (ConfUtils.java:logGet(43)) - raft.server.storage.dir = [/opt/src/hadoop-ozone/integration-test/target/test-dir/MiniOzoneClusterImpl-e845858a-40c4-451a-acc8-c6a8fec2ef52/datanode-4/data/ratis] (custom)
2019-06-14 07:38:34,658 INFO  server.XceiverServerGrpc (XceiverServerGrpc.java:<init>(97)) - Found a free port for the server : 33549
2019-06-14 07:38:34,658 INFO  replication.SimpleContainerDownloader (SimpleContainerDownloader.java:<init>(72)) - Starting container downloader service to copy containers to replicate.
2019-06-14 07:38:34,659 INFO  hdfs.DFSUtil (DFSUtil.java:httpServerTemplateForNNAndJN(1641)) - Starting Web-server for hddsDatanode at: http://0.0.0.0:0
2019-06-14 07:38:34,660 INFO  server.AuthenticationFilter (AuthenticationFilter.java:constructSecretProvider(240)) - Unable to initialize FileSignerSecretProvider, falling back to use random secrets.
2019-06-14 07:38:34,660 WARN  http.HttpRequestLog (HttpRequestLog.java:getRequestLog(97)) - Jetty request log can only be enabled using Log4j
2019-06-14 07:38:34,662 INFO  http.HttpServer2 (HttpServer2.java:addGlobalFilter(975)) - Added global filter 'safety' (class=org.apache.hadoop.http.HttpServer2$QuotingInputFilter)
2019-06-14 07:38:34,662 INFO  http.HttpServer2 (HttpServer2.java:addFilter(948)) - Added filter static_user_filter (class=org.apache.hadoop.http.lib.StaticUserWebFilter$StaticUserFilter) to context hddsDatanode
2019-06-14 07:38:34,663 INFO  http.HttpServer2 (HttpServer2.java:addFilter(958)) - Added filter static_user_filter (class=org.apache.hadoop.http.lib.StaticUserWebFilter$StaticUserFilter) to context static
2019-06-14 07:38:34,663 INFO  http.HttpServer2 (HttpServer2.java:addFilter(958)) - Added filter static_user_filter (class=org.apache.hadoop.http.lib.StaticUserWebFilter$StaticUserFilter) to context logs
2019-06-14 07:38:34,663 INFO  http.HttpServer2 (HttpServer2.java:bindListener(1191)) - Jetty bound to port 36499
2019-06-14 07:38:34,663 INFO  server.Server (Server.java:doStart(351)) - jetty-9.3.24.v20180605, build timestamp: 2018-06-05T17:11:56Z, git hash: 84205aa28f11a4f31f2a3b86d1bba2cc8ab69827
2019-06-14 07:38:34,665 INFO  handler.ContextHandler (ContextHandler.java:doStart(781)) - Started o.e.j.s.ServletContextHandler@7f02b2d4{/logs,file:///opt/src/hadoop-ozone/integration-test/target/log,AVAILABLE}
2019-06-14 07:38:34,665 INFO  handler.ContextHandler (ContextHandler.java:doStart(781)) - Started o.e.j.s.ServletContextHandler@31859960{/static,jar:file:/root/.m2/repository/org/apache/hadoop/hadoop-hdds-container-service/0.5.0-SNAPSHOT/hadoop-hdds-container-service-0.5.0-SNAPSHOT.jar!/webapps/static,AVAILABLE}
2019-06-14 07:38:34,684 INFO  handler.ContextHandler (ContextHandler.java:doStart(781)) - Started o.e.j.w.WebAppContext@4fb99927{/,file:///tmp/jetty-0.0.0.0-36499-hddsDatanode-_-any-4365357670886157635.dir/webapp/,AVAILABLE}{/hddsDatanode}
2019-06-14 07:38:34,684 INFO  server.AbstractConnector (AbstractConnector.java:doStart(278)) - Started ServerConnector@2d9df336{HTTP/1.1,[http/1.1]}{0.0.0.0:36499}
2019-06-14 07:38:34,685 INFO  server.Server (Server.java:doStart(419)) - Started @45603ms
2019-06-14 07:38:34,686 INFO  server.BaseHttpServer (BaseHttpServer.java:updateConnectorAddress(207)) - HTTP server of HDDSDATANODE is listening at http://0.0.0.0:36499
2019-06-14 07:38:34,768 INFO  ozone.HddsDatanodeService (HddsDatanodeService.java:startPlugins(396)) - Started plug-in org.apache.hadoop.ozone.web.OzoneHddsDatanodeService@599310ab
2019-06-14 07:38:34,768 INFO  impl.MetricsSystemImpl (MetricsSystemImpl.java:init(158)) - HddsDatanode metrics system started (again)
2019-06-14 07:38:34,769 INFO  ozone.HddsDatanodeService (HddsDatanodeService.java:start(185)) - HddsDatanodeService host:ozone-tm9qp-197714850 ip:192.168.134.69
2019-06-14 07:38:34,778 INFO  util.JvmPauseMonitor (JvmPauseMonitor.java:run(188)) - Starting JVM pause monitor
2019-06-14 07:38:34,779 INFO  datanode.InitDatanodeState (InitDatanodeState.java:persistContainerDatanodeDetails(140)) - DatanodeDetails is persisted to /opt/src/hadoop-ozone/integration-test/target/test-dir/MiniOzoneClusterImpl-e845858a-40c4-451a-acc8-c6a8fec2ef52/datanode-4/meta/datanode.id
2019-06-14 07:38:34,786 INFO  volume.HddsVolume (HddsVolume.java:<init>(176)) - Creating Volume: /opt/src/hadoop-ozone/integration-test/target/test-dir/MiniOzoneClusterImpl-e845858a-40c4-451a-acc8-c6a8fec2ef52/datanode-5/data/containers/hdds of  storage type : DISK and capacity : 104021790720
2019-06-14 07:38:34,786 INFO  volume.VolumeSet (VolumeSet.java:initializeVolumeSet(170)) - Added Volume : /opt/src/hadoop-ozone/integration-test/target/test-dir/MiniOzoneClusterImpl-e845858a-40c4-451a-acc8-c6a8fec2ef52/datanode-5/data/containers/hdds to VolumeSet
2019-06-14 07:38:34,786 INFO  volume.ThrottledAsyncChecker (ThrottledAsyncChecker.java:schedule(140)) - Scheduling a check for org.apache.hadoop.ozone.container.common.volume.HddsVolume@2ba08f26
2019-06-14 07:38:34,786 INFO  volume.HddsVolumeChecker (HddsVolumeChecker.java:checkAllVolumes(203)) - Scheduled health check for volume org.apache.hadoop.ozone.container.common.volume.HddsVolume@2ba08f26
2019-06-14 07:38:34,795 INFO  ratis.XceiverServerRatis (XceiverServerRatis.java:newXceiverServerRatis(401)) - Found a free port for the server : 38945
2019-06-14 07:38:34,796 INFO  impl.RaftServerProxy (ConfUtils.java:logGet(43)) - raft.rpc.type = GRPC (default)
2019-06-14 07:38:34,796 INFO  grpc.GrpcConfigKeys$Server (ConfUtils.java:logGet(43)) - raft.grpc.server.port = 38945 (custom)
2019-06-14 07:38:34,797 INFO  server.GrpcService (ConfUtils.java:logGet(43)) - raft.grpc.message.size.max = 33570816 (custom)
2019-06-14 07:38:34,797 INFO  server.RaftServerConfigKeys (ConfUtils.java:logGet(43)) - raft.server.log.appender.buffer.byte-limit = 33554432 (custom)
2019-06-14 07:38:34,797 INFO  server.GrpcService (ConfUtils.java:logGet(43)) - raft.grpc.flow.control.window = 1MB (=1048576) (default)
2019-06-14 07:38:34,797 INFO  server.RaftServerConfigKeys (ConfUtils.java:logGet(43)) - raft.server.rpc.request.timeout = 3000ms (default)
2019-06-14 07:38:34,798 INFO  server.RaftServerConfigKeys (ConfUtils.java:logGet(43)) - raft.server.storage.dir = [/opt/src/hadoop-ozone/integration-test/target/test-dir/MiniOzoneClusterImpl-e845858a-40c4-451a-acc8-c6a8fec2ef52/datanode-5/data/ratis] (custom)
2019-06-14 07:38:34,798 INFO  server.XceiverServerGrpc (XceiverServerGrpc.java:<init>(97)) - Found a free port for the server : 40805
2019-06-14 07:38:34,798 INFO  replication.SimpleContainerDownloader (SimpleContainerDownloader.java:<init>(72)) - Starting container downloader service to copy containers to replicate.
2019-06-14 07:38:34,799 INFO  hdfs.DFSUtil (DFSUtil.java:httpServerTemplateForNNAndJN(1641)) - Starting Web-server for hddsDatanode at: http://0.0.0.0:0
2019-06-14 07:38:34,800 INFO  server.AuthenticationFilter (AuthenticationFilter.java:constructSecretProvider(240)) - Unable to initialize FileSignerSecretProvider, falling back to use random secrets.
2019-06-14 07:38:34,800 WARN  http.HttpRequestLog (HttpRequestLog.java:getRequestLog(97)) - Jetty request log can only be enabled using Log4j
2019-06-14 07:38:34,801 INFO  http.HttpServer2 (HttpServer2.java:addGlobalFilter(975)) - Added global filter 'safety' (class=org.apache.hadoop.http.HttpServer2$QuotingInputFilter)
2019-06-14 07:38:34,802 INFO  http.HttpServer2 (HttpServer2.java:addFilter(948)) - Added filter static_user_filter (class=org.apache.hadoop.http.lib.StaticUserWebFilter$StaticUserFilter) to context hddsDatanode
2019-06-14 07:38:34,802 INFO  http.HttpServer2 (HttpServer2.java:addFilter(958)) - Added filter static_user_filter (class=org.apache.hadoop.http.lib.StaticUserWebFilter$StaticUserFilter) to context static
2019-06-14 07:38:34,802 INFO  http.HttpServer2 (HttpServer2.java:addFilter(958)) - Added filter static_user_filter (class=org.apache.hadoop.http.lib.StaticUserWebFilter$StaticUserFilter) to context logs
2019-06-14 07:38:34,803 INFO  http.HttpServer2 (HttpServer2.java:bindListener(1191)) - Jetty bound to port 37503
2019-06-14 07:38:34,803 INFO  server.Server (Server.java:doStart(351)) - jetty-9.3.24.v20180605, build timestamp: 2018-06-05T17:11:56Z, git hash: 84205aa28f11a4f31f2a3b86d1bba2cc8ab69827
2019-06-14 07:38:34,804 INFO  handler.ContextHandler (ContextHandler.java:doStart(781)) - Started o.e.j.s.ServletContextHandler@2ef1fc8a{/logs,file:///opt/src/hadoop-ozone/integration-test/target/log,AVAILABLE}
2019-06-14 07:38:34,805 INFO  handler.ContextHandler (ContextHandler.java:doStart(781)) - Started o.e.j.s.ServletContextHandler@76b019c4{/static,jar:file:/root/.m2/repository/org/apache/hadoop/hadoop-hdds-container-service/0.5.0-SNAPSHOT/hadoop-hdds-container-service-0.5.0-SNAPSHOT.jar!/webapps/static,AVAILABLE}
2019-06-14 07:38:34,829 INFO  handler.ContextHandler (ContextHandler.java:doStart(781)) - Started o.e.j.w.WebAppContext@c85486{/,file:///tmp/jetty-0.0.0.0-37503-hddsDatanode-_-any-8211778100738054065.dir/webapp/,AVAILABLE}{/hddsDatanode}
2019-06-14 07:38:34,829 INFO  server.AbstractConnector (AbstractConnector.java:doStart(278)) - Started ServerConnector@51e1e058{HTTP/1.1,[http/1.1]}{0.0.0.0:37503}
2019-06-14 07:38:34,830 INFO  server.Server (Server.java:doStart(419)) - Started @45747ms
2019-06-14 07:38:34,830 INFO  server.BaseHttpServer (BaseHttpServer.java:updateConnectorAddress(207)) - HTTP server of HDDSDATANODE is listening at http://0.0.0.0:37503
2019-06-14 07:38:34,946 INFO  ozone.HddsDatanodeService (HddsDatanodeService.java:startPlugins(396)) - Started plug-in org.apache.hadoop.ozone.web.OzoneHddsDatanodeService@65bb4cb9
2019-06-14 07:38:34,949 INFO  impl.MetricsSystemImpl (MetricsSystemImpl.java:init(158)) - HddsDatanode metrics system started (again)
2019-06-14 07:38:34,949 INFO  ozone.HddsDatanodeService (HddsDatanodeService.java:start(185)) - HddsDatanodeService host:ozone-tm9qp-197714850 ip:192.168.134.69
2019-06-14 07:38:34,955 INFO  util.JvmPauseMonitor (JvmPauseMonitor.java:run(188)) - Starting JVM pause monitor
2019-06-14 07:38:34,956 INFO  datanode.InitDatanodeState (InitDatanodeState.java:persistContainerDatanodeDetails(140)) - DatanodeDetails is persisted to /opt/src/hadoop-ozone/integration-test/target/test-dir/MiniOzoneClusterImpl-e845858a-40c4-451a-acc8-c6a8fec2ef52/datanode-5/meta/datanode.id
2019-06-14 07:38:34,962 INFO  volume.HddsVolume (HddsVolume.java:<init>(176)) - Creating Volume: /opt/src/hadoop-ozone/integration-test/target/test-dir/MiniOzoneClusterImpl-e845858a-40c4-451a-acc8-c6a8fec2ef52/datanode-6/data/containers/hdds of  storage type : DISK and capacity : 104021790720
2019-06-14 07:38:34,962 INFO  volume.VolumeSet (VolumeSet.java:initializeVolumeSet(170)) - Added Volume : /opt/src/hadoop-ozone/integration-test/target/test-dir/MiniOzoneClusterImpl-e845858a-40c4-451a-acc8-c6a8fec2ef52/datanode-6/data/containers/hdds to VolumeSet
2019-06-14 07:38:34,962 INFO  volume.ThrottledAsyncChecker (ThrottledAsyncChecker.java:schedule(140)) - Scheduling a check for org.apache.hadoop.ozone.container.common.volume.HddsVolume@3713bedc
2019-06-14 07:38:34,965 INFO  volume.HddsVolumeChecker (HddsVolumeChecker.java:checkAllVolumes(203)) - Scheduled health check for volume org.apache.hadoop.ozone.container.common.volume.HddsVolume@3713bedc
2019-06-14 07:38:34,994 INFO  ratis.XceiverServerRatis (XceiverServerRatis.java:newXceiverServerRatis(401)) - Found a free port for the server : 38843
2019-06-14 07:38:34,996 INFO  impl.RaftServerProxy (ConfUtils.java:logGet(43)) - raft.rpc.type = GRPC (default)
2019-06-14 07:38:34,996 INFO  grpc.GrpcConfigKeys$Server (ConfUtils.java:logGet(43)) - raft.grpc.server.port = 38843 (custom)
2019-06-14 07:38:34,996 INFO  server.GrpcService (ConfUtils.java:logGet(43)) - raft.grpc.message.size.max = 33570816 (custom)
2019-06-14 07:38:34,996 INFO  server.RaftServerConfigKeys (ConfUtils.java:logGet(43)) - raft.server.log.appender.buffer.byte-limit = 33554432 (custom)
2019-06-14 07:38:34,996 INFO  server.GrpcService (ConfUtils.java:logGet(43)) - raft.grpc.flow.control.window = 1MB (=1048576) (default)
2019-06-14 07:38:34,997 INFO  server.RaftServerConfigKeys (ConfUtils.java:logGet(43)) - raft.server.rpc.request.timeout = 3000ms (default)
2019-06-14 07:38:34,997 INFO  server.RaftServerConfigKeys (ConfUtils.java:logGet(43)) - raft.server.storage.dir = [/opt/src/hadoop-ozone/integration-test/target/test-dir/MiniOzoneClusterImpl-e845858a-40c4-451a-acc8-c6a8fec2ef52/datanode-6/data/ratis] (custom)
2019-06-14 07:38:34,997 INFO  server.XceiverServerGrpc (XceiverServerGrpc.java:<init>(97)) - Found a free port for the server : 40911
2019-06-14 07:38:34,998 INFO  replication.SimpleContainerDownloader (SimpleContainerDownloader.java:<init>(72)) - Starting container downloader service to copy containers to replicate.
2019-06-14 07:38:34,998 INFO  hdfs.DFSUtil (DFSUtil.java:httpServerTemplateForNNAndJN(1641)) - Starting Web-server for hddsDatanode at: http://0.0.0.0:0
2019-06-14 07:38:35,000 INFO  server.AuthenticationFilter (AuthenticationFilter.java:constructSecretProvider(240)) - Unable to initialize FileSignerSecretProvider, falling back to use random secrets.
2019-06-14 07:38:35,000 WARN  http.HttpRequestLog (HttpRequestLog.java:getRequestLog(97)) - Jetty request log can only be enabled using Log4j
2019-06-14 07:38:35,001 INFO  http.HttpServer2 (HttpServer2.java:addGlobalFilter(975)) - Added global filter 'safety' (class=org.apache.hadoop.http.HttpServer2$QuotingInputFilter)
2019-06-14 07:38:35,002 INFO  http.HttpServer2 (HttpServer2.java:addFilter(948)) - Added filter static_user_filter (class=org.apache.hadoop.http.lib.StaticUserWebFilter$StaticUserFilter) to context hddsDatanode
2019-06-14 07:38:35,002 INFO  http.HttpServer2 (HttpServer2.java:addFilter(958)) - Added filter static_user_filter (class=org.apache.hadoop.http.lib.StaticUserWebFilter$StaticUserFilter) to context logs
2019-06-14 07:38:35,002 INFO  http.HttpServer2 (HttpServer2.java:addFilter(958)) - Added filter static_user_filter (class=org.apache.hadoop.http.lib.StaticUserWebFilter$StaticUserFilter) to context static
2019-06-14 07:38:35,002 INFO  http.HttpServer2 (HttpServer2.java:bindListener(1191)) - Jetty bound to port 42789
2019-06-14 07:38:35,003 INFO  server.Server (Server.java:doStart(351)) - jetty-9.3.24.v20180605, build timestamp: 2018-06-05T17:11:56Z, git hash: 84205aa28f11a4f31f2a3b86d1bba2cc8ab69827
2019-06-14 07:38:35,006 INFO  handler.ContextHandler (ContextHandler.java:doStart(781)) - Started o.e.j.s.ServletContextHandler@16fb9fdd{/logs,file:///opt/src/hadoop-ozone/integration-test/target/log,AVAILABLE}
2019-06-14 07:38:35,006 INFO  handler.ContextHandler (ContextHandler.java:doStart(781)) - Started o.e.j.s.ServletContextHandler@cc7909f{/static,jar:file:/root/.m2/repository/org/apache/hadoop/hadoop-hdds-container-service/0.5.0-SNAPSHOT/hadoop-hdds-container-service-0.5.0-SNAPSHOT.jar!/webapps/static,AVAILABLE}
2019-06-14 07:38:35,032 INFO  handler.ContextHandler (ContextHandler.java:doStart(781)) - Started o.e.j.w.WebAppContext@3050d479{/,file:///tmp/jetty-0.0.0.0-42789-hddsDatanode-_-any-8979494069563598712.dir/webapp/,AVAILABLE}{/hddsDatanode}
2019-06-14 07:38:35,033 INFO  server.AbstractConnector (AbstractConnector.java:doStart(278)) - Started ServerConnector@5c7a06ec{HTTP/1.1,[http/1.1]}{0.0.0.0:42789}
2019-06-14 07:38:35,033 INFO  server.Server (Server.java:doStart(419)) - Started @45950ms
2019-06-14 07:38:35,035 INFO  server.BaseHttpServer (BaseHttpServer.java:updateConnectorAddress(207)) - HTTP server of HDDSDATANODE is listening at http://0.0.0.0:42789
2019-06-14 07:38:35,112 INFO  ozone.HddsDatanodeService (HddsDatanodeService.java:startPlugins(396)) - Started plug-in org.apache.hadoop.ozone.web.OzoneHddsDatanodeService@542754be
2019-06-14 07:38:35,113 INFO  ozone.MiniOzoneClusterImpl (MiniOzoneClusterImpl.java:lambda$waitForClusterToBeReady$0(142)) - Waiting for cluster to be ready. Got 0 of 7 DN Heartbeats.
2019-06-14 07:38:35,114 INFO  util.JvmPauseMonitor (JvmPauseMonitor.java:run(188)) - Starting JVM pause monitor
2019-06-14 07:38:35,114 INFO  datanode.InitDatanodeState (InitDatanodeState.java:persistContainerDatanodeDetails(140)) - DatanodeDetails is persisted to /opt/src/hadoop-ozone/integration-test/target/test-dir/MiniOzoneClusterImpl-e845858a-40c4-451a-acc8-c6a8fec2ef52/datanode-6/meta/datanode.id
2019-06-14 07:38:36,077 INFO  ozoneimpl.OzoneContainer (OzoneContainer.java:start(186)) - Attempting to start container services.
2019-06-14 07:38:36,077 INFO  ozoneimpl.OzoneContainer (OzoneContainer.java:startContainerScrub(160)) - Background container scrubber has been disabled by hdds.containerscrub.enabled
2019-06-14 07:38:36,077 INFO  ratis.XceiverServerRatis (XceiverServerRatis.java:start(418)) - Starting XceiverServerRatis 578092ab-b70b-4ebd-aded-cbd888e596c7 at port 39399
2019-06-14 07:38:36,081 INFO  impl.RaftServerProxy (RaftServerProxy.java:lambda$start$3(299)) - 578092ab-b70b-4ebd-aded-cbd888e596c7: start RPC server
2019-06-14 07:38:36,082 INFO  server.GrpcService (GrpcService.java:startImpl(148)) - 578092ab-b70b-4ebd-aded-cbd888e596c7: GrpcService started, listening on 0.0.0.0/0.0.0.0:39399
2019-06-14 07:38:36,113 INFO  ozone.MiniOzoneClusterImpl (MiniOzoneClusterImpl.java:lambda$waitForClusterToBeReady$0(142)) - Waiting for cluster to be ready. Got 0 of 7 DN Heartbeats.
2019-06-14 07:38:36,330 INFO  ozoneimpl.OzoneContainer (OzoneContainer.java:start(186)) - Attempting to start container services.
2019-06-14 07:38:36,330 INFO  ozoneimpl.OzoneContainer (OzoneContainer.java:startContainerScrub(160)) - Background container scrubber has been disabled by hdds.containerscrub.enabled
2019-06-14 07:38:36,330 INFO  ratis.XceiverServerRatis (XceiverServerRatis.java:start(418)) - Starting XceiverServerRatis 45a18b76-154b-4bb1-adcb-fc939f971433 at port 38345
2019-06-14 07:38:36,334 INFO  impl.RaftServerProxy (RaftServerProxy.java:lambda$start$3(299)) - 45a18b76-154b-4bb1-adcb-fc939f971433: start RPC server
2019-06-14 07:38:36,334 INFO  server.GrpcService (GrpcService.java:startImpl(148)) - 45a18b76-154b-4bb1-adcb-fc939f971433: GrpcService started, listening on 0.0.0.0/0.0.0.0:38345
2019-06-14 07:38:36,478 INFO  ozoneimpl.OzoneContainer (OzoneContainer.java:start(186)) - Attempting to start container services.
2019-06-14 07:38:36,478 INFO  ozoneimpl.OzoneContainer (OzoneContainer.java:startContainerScrub(160)) - Background container scrubber has been disabled by hdds.containerscrub.enabled
2019-06-14 07:38:36,478 INFO  ratis.XceiverServerRatis (XceiverServerRatis.java:start(418)) - Starting XceiverServerRatis 9d8be9db-f9cb-434a-8bf3-cbb66516a036 at port 39813
2019-06-14 07:38:36,481 INFO  impl.RaftServerProxy (RaftServerProxy.java:lambda$start$3(299)) - 9d8be9db-f9cb-434a-8bf3-cbb66516a036: start RPC server
2019-06-14 07:38:36,482 INFO  server.GrpcService (GrpcService.java:startImpl(148)) - 9d8be9db-f9cb-434a-8bf3-cbb66516a036: GrpcService started, listening on 0.0.0.0/0.0.0.0:39813
2019-06-14 07:38:36,645 INFO  ozoneimpl.OzoneContainer (OzoneContainer.java:start(186)) - Attempting to start container services.
2019-06-14 07:38:36,645 INFO  ozoneimpl.OzoneContainer (OzoneContainer.java:startContainerScrub(160)) - Background container scrubber has been disabled by hdds.containerscrub.enabled
2019-06-14 07:38:36,645 INFO  ratis.XceiverServerRatis (XceiverServerRatis.java:start(418)) - Starting XceiverServerRatis eaae30ce-bc95-43e1-80d2-d5999127ec25 at port 42345
2019-06-14 07:38:36,648 INFO  impl.RaftServerProxy (RaftServerProxy.java:lambda$start$3(299)) - eaae30ce-bc95-43e1-80d2-d5999127ec25: start RPC server
2019-06-14 07:38:36,648 INFO  server.GrpcService (GrpcService.java:startImpl(148)) - eaae30ce-bc95-43e1-80d2-d5999127ec25: GrpcService started, listening on 0.0.0.0/0.0.0.0:42345
2019-06-14 07:38:36,781 INFO  ozoneimpl.OzoneContainer (OzoneContainer.java:start(186)) - Attempting to start container services.
2019-06-14 07:38:36,781 INFO  ozoneimpl.OzoneContainer (OzoneContainer.java:startContainerScrub(160)) - Background container scrubber has been disabled by hdds.containerscrub.enabled
2019-06-14 07:38:36,781 INFO  ratis.XceiverServerRatis (XceiverServerRatis.java:start(418)) - Starting XceiverServerRatis d5adef7a-39ad-4570-b55e-3e419ba6fc1f at port 45437
2019-06-14 07:38:36,784 INFO  impl.RaftServerProxy (RaftServerProxy.java:lambda$start$3(299)) - d5adef7a-39ad-4570-b55e-3e419ba6fc1f: start RPC server
2019-06-14 07:38:36,785 INFO  server.GrpcService (GrpcService.java:startImpl(148)) - d5adef7a-39ad-4570-b55e-3e419ba6fc1f: GrpcService started, listening on 0.0.0.0/0.0.0.0:45437
2019-06-14 07:38:36,958 INFO  ozoneimpl.OzoneContainer (OzoneContainer.java:start(186)) - Attempting to start container services.
2019-06-14 07:38:36,958 INFO  ozoneimpl.OzoneContainer (OzoneContainer.java:startContainerScrub(160)) - Background container scrubber has been disabled by hdds.containerscrub.enabled
2019-06-14 07:38:36,958 INFO  ratis.XceiverServerRatis (XceiverServerRatis.java:start(418)) - Starting XceiverServerRatis 6239315d-57bf-4b8f-9091-7c97bb522017 at port 38945
2019-06-14 07:38:36,961 INFO  impl.RaftServerProxy (RaftServerProxy.java:lambda$start$3(299)) - 6239315d-57bf-4b8f-9091-7c97bb522017: start RPC server
2019-06-14 07:38:36,962 INFO  server.GrpcService (GrpcService.java:startImpl(148)) - 6239315d-57bf-4b8f-9091-7c97bb522017: GrpcService started, listening on 0.0.0.0/0.0.0.0:38945
2019-06-14 07:38:37,113 INFO  ozone.MiniOzoneClusterImpl (MiniOzoneClusterImpl.java:lambda$waitForClusterToBeReady$0(142)) - Waiting for cluster to be ready. Got 0 of 7 DN Heartbeats.
2019-06-14 07:38:37,117 INFO  ozoneimpl.OzoneContainer (OzoneContainer.java:start(186)) - Attempting to start container services.
2019-06-14 07:38:37,117 INFO  ozoneimpl.OzoneContainer (OzoneContainer.java:startContainerScrub(160)) - Background container scrubber has been disabled by hdds.containerscrub.enabled
2019-06-14 07:38:37,117 INFO  ratis.XceiverServerRatis (XceiverServerRatis.java:start(418)) - Starting XceiverServerRatis 1738f7e9-945b-4a2f-842c-90a3006766cd at port 38843
2019-06-14 07:38:37,120 INFO  impl.RaftServerProxy (RaftServerProxy.java:lambda$start$3(299)) - 1738f7e9-945b-4a2f-842c-90a3006766cd: start RPC server
2019-06-14 07:38:37,121 INFO  server.GrpcService (GrpcService.java:startImpl(148)) - 1738f7e9-945b-4a2f-842c-90a3006766cd: GrpcService started, listening on 0.0.0.0/0.0.0.0:38843
2019-06-14 07:38:38,072 INFO  node.SCMNodeManager (SCMNodeManager.java:register(234)) - Registered Data node : 578092ab-b70b-4ebd-aded-cbd888e596c7{ip: 192.168.134.69, host: ozone-tm9qp-197714850, networkLocation: /default-rack, certSerialId: null}
2019-06-14 07:38:38,074 INFO  safemode.SCMSafeModeManager (DataNodeSafeModeRule.java:process(71)) - SCM in safe mode. 1 DataNodes registered, 1 required.
2019-06-14 07:38:38,076 INFO  safemode.SCMSafeModeManager (SCMSafeModeManager.java:validateSafeModeExitRules(177)) - ScmSafeModeManager, all rules are successfully validated
2019-06-14 07:38:38,076 INFO  safemode.SCMSafeModeManager (SCMSafeModeManager.java:exitSafeMode(193)) - SCM exiting safe mode.
2019-06-14 07:38:38,080 INFO  impl.RaftServerProxy (RaftServerProxy.java:addNew(89)) - 578092ab-b70b-4ebd-aded-cbd888e596c7: addNew group-0D780B14B8FD:[578092ab-b70b-4ebd-aded-cbd888e596c7:192.168.134.69:39399] returns group-0D780B14B8FD:java.util.concurrent.CompletableFuture@6fba00a4[Not completed]
2019-06-14 07:38:38,080 INFO  impl.RaftServerImpl (RaftServerImpl.java:<init>(91)) - 578092ab-b70b-4ebd-aded-cbd888e596c7: new RaftServerImpl for group-0D780B14B8FD:[578092ab-b70b-4ebd-aded-cbd888e596c7:192.168.134.69:39399] with ContainerStateMachine:uninitialized
2019-06-14 07:38:38,081 INFO  server.RaftServerConfigKeys (ConfUtils.java:logGet(43)) - raft.server.rpc.timeout.min = 1s (custom)
2019-06-14 07:38:38,081 INFO  server.RaftServerConfigKeys (ConfUtils.java:logGet(43)) - raft.server.rpc.timeout.max = 1200ms (custom)
2019-06-14 07:38:38,081 INFO  server.RaftServerConfigKeys (ConfUtils.java:logGet(43)) - raft.server.rpcslowness.timeout = 120s (custom)
2019-06-14 07:38:38,081 INFO  server.RaftServerConfigKeys (ConfUtils.java:logGet(43)) - raft.server.log.appender.install.snapshot.enabled = true (default)
2019-06-14 07:38:38,081 INFO  impl.RaftServerImpl (ServerState.java:<init>(101)) - 578092ab-b70b-4ebd-aded-cbd888e596c7:group-0D780B14B8FD ConfigurationManager, init=-1: [578092ab-b70b-4ebd-aded-cbd888e596c7:192.168.134.69:39399], old=null, confs=<EMPTY_MAP>
2019-06-14 07:38:38,081 INFO  server.RaftServerConfigKeys (ConfUtils.java:logGet(43)) - raft.server.storage.dir = [/opt/src/hadoop-ozone/integration-test/target/test-dir/MiniOzoneClusterImpl-e845858a-40c4-451a-acc8-c6a8fec2ef52/datanode-0/data/ratis] (custom)
2019-06-14 07:38:38,081 INFO  storage.RaftStorageDirectory (RaftStorageDirectory.java:analyzeStorage(246)) - The storage directory /opt/src/hadoop-ozone/integration-test/target/test-dir/MiniOzoneClusterImpl-e845858a-40c4-451a-acc8-c6a8fec2ef52/datanode-0/data/ratis/2d12c7cc-9492-46d8-961d-0d780b14b8fd does not exist. Creating ...
2019-06-14 07:38:38,083 INFO  storage.RaftStorageDirectory (RaftStorageDirectory.java:tryLock(328)) - Lock on /opt/src/hadoop-ozone/integration-test/target/test-dir/MiniOzoneClusterImpl-e845858a-40c4-451a-acc8-c6a8fec2ef52/datanode-0/data/ratis/2d12c7cc-9492-46d8-961d-0d780b14b8fd/in_use.lock acquired by nodename 11294@ozone-tm9qp-197714850
2019-06-14 07:38:38,086 INFO  storage.RaftStorage (RaftStorage.java:format(75)) - Storage directory /opt/src/hadoop-ozone/integration-test/target/test-dir/MiniOzoneClusterImpl-e845858a-40c4-451a-acc8-c6a8fec2ef52/datanode-0/data/ratis/2d12c7cc-9492-46d8-961d-0d780b14b8fd has been successfully formatted.
2019-06-14 07:38:38,086 INFO  ratis.ContainerStateMachine (ContainerStateMachine.java:loadSnapshot(199)) - The snapshot info is null.Setting the last applied index to:(t:0, i:~)
2019-06-14 07:38:38,086 INFO  server.RaftServerConfigKeys (ConfUtils.java:logGet(43)) - raft.server.leader.election.timeout = 120s (custom)
2019-06-14 07:38:38,086 INFO  server.RaftServerConfigKeys (ConfUtils.java:logGet(43)) - raft.server.log.use.memory = false (default)
2019-06-14 07:38:38,086 INFO  server.RaftServerConfigKeys (ConfUtils.java:logGet(43)) - raft.server.log.appender.buffer.byte-limit = 33554432 (custom)
2019-06-14 07:38:38,086 INFO  server.RaftServerConfigKeys (ConfUtils.java:logGet(43)) - raft.server.log.segment.size.max = 16384 (custom)
2019-06-14 07:38:38,086 INFO  server.RaftServerConfigKeys (ConfUtils.java:logGet(43)) - raft.server.log.segment.cache.num.max = 2 (custom)
2019-06-14 07:38:38,086 INFO  storage.RaftLogWorker (RaftLogWorker.java:<init>(123)) - new 578092ab-b70b-4ebd-aded-cbd888e596c7-RaftLogWorker for Storage Directory /opt/src/hadoop-ozone/integration-test/target/test-dir/MiniOzoneClusterImpl-e845858a-40c4-451a-acc8-c6a8fec2ef52/datanode-0/data/ratis/2d12c7cc-9492-46d8-961d-0d780b14b8fd
2019-06-14 07:38:38,086 INFO  server.RaftServerConfigKeys (ConfUtils.java:logGet(43)) - raft.server.log.queue.byte-limit = 2147483647 (custom)
2019-06-14 07:38:38,086 INFO  server.RaftServerConfigKeys (ConfUtils.java:logGet(43)) - raft.server.log.queue.element-limit = 1024 (custom)
2019-06-14 07:38:38,086 INFO  server.RaftServerConfigKeys (ConfUtils.java:logGet(43)) - raft.server.log.segment.size.max = 16384 (custom)
2019-06-14 07:38:38,086 INFO  server.RaftServerConfigKeys (ConfUtils.java:logGet(43)) - raft.server.log.preallocated.size = 16384 (custom)
2019-06-14 07:38:38,087 INFO  server.RaftServerConfigKeys (ConfUtils.java:logGet(43)) - raft.server.log.write.buffer.size = 33554432 (custom)
2019-06-14 07:38:38,087 INFO  server.RaftServerConfigKeys (ConfUtils.java:logGet(43)) - raft.server.log.force.sync.num = 128 (default)
2019-06-14 07:38:38,087 INFO  server.RaftServerConfigKeys (ConfUtils.java:logGet(43)) - raft.server.log.statemachine.data.sync = true (default)
2019-06-14 07:38:38,087 INFO  server.RaftServerConfigKeys (ConfUtils.java:logGet(43)) - raft.server.log.statemachine.data.sync.timeout = 10s (default)
2019-06-14 07:38:38,087 INFO  server.RaftServerConfigKeys (ConfUtils.java:logGet(43)) - raft.server.log.statemachine.data.sync.timeout.retry = -1 (default)
2019-06-14 07:38:38,087 INFO  server.RaftServerConfigKeys (ConfUtils.java:logGet(43)) - raft.server.log.statemachine.data.caching.enabled = true (custom)
2019-06-14 07:38:38,087 INFO  server.RaftServerConfigKeys (ConfUtils.java:logGet(43)) - raft.server.snapshot.auto.trigger.enabled = true (custom)
2019-06-14 07:38:38,087 INFO  server.RaftServerConfigKeys (ConfUtils.java:logGet(43)) - raft.server.snapshot.auto.trigger.threshold = 10000 (custom)
2019-06-14 07:38:38,087 INFO  server.RaftServerConfigKeys (ConfUtils.java:logGet(43)) - raft.server.retrycache.expirytime = 600000ms (custom)
2019-06-14 07:38:38,087 INFO  impl.RaftServerImpl (RaftServerImpl.java:start(173)) - 578092ab-b70b-4ebd-aded-cbd888e596c7: start group-0D780B14B8FD
2019-06-14 07:38:38,087 INFO  impl.RaftServerImpl (RaftServerImpl.java:setRole(164)) - 578092ab-b70b-4ebd-aded-cbd888e596c7:group-0D780B14B8FD changes role from null to FOLLOWER at term 0 for startAsFollower
2019-06-14 07:38:38,088 INFO  impl.RoleInfo (RoleInfo.java:updateAndGet(143)) - 578092ab-b70b-4ebd-aded-cbd888e596c7: start FollowerState
2019-06-14 07:38:38,088 INFO  util.JmxRegister (JmxRegister.java:tryRegister(44)) - Successfully registered JMX Bean with object name Ratis:service=RaftServer,group=group-0D780B14B8FD,id=578092ab-b70b-4ebd-aded-cbd888e596c7
2019-06-14 07:38:38,089 INFO  pipeline.PipelineStateManager (PipelineStateManager.java:addPipeline(56)) - Created pipeline Pipeline[ Id: 2d12c7cc-9492-46d8-961d-0d780b14b8fd, Nodes: 578092ab-b70b-4ebd-aded-cbd888e596c7{ip: 192.168.134.69, host: ozone-tm9qp-197714850, networkLocation: /default-rack, certSerialId: null}, Type:RATIS, Factor:ONE, State:OPEN]
2019-06-14 07:38:38,114 INFO  ozone.MiniOzoneClusterImpl (MiniOzoneClusterImpl.java:lambda$waitForClusterToBeReady$0(142)) - Waiting for cluster to be ready. Got 1 of 7 DN Heartbeats.
2019-06-14 07:38:38,327 INFO  node.SCMNodeManager (SCMNodeManager.java:register(234)) - Registered Data node : 45a18b76-154b-4bb1-adcb-fc939f971433{ip: 192.168.134.69, host: ozone-tm9qp-197714850, networkLocation: /default-rack, certSerialId: null}
2019-06-14 07:38:38,338 INFO  impl.RaftServerProxy (RaftServerProxy.java:addNew(89)) - 45a18b76-154b-4bb1-adcb-fc939f971433: addNew group-AE595452BC81:[45a18b76-154b-4bb1-adcb-fc939f971433:192.168.134.69:38345] returns group-AE595452BC81:java.util.concurrent.CompletableFuture@6174b5c4[Not completed]
2019-06-14 07:38:38,338 INFO  impl.RaftServerImpl (RaftServerImpl.java:<init>(91)) - 45a18b76-154b-4bb1-adcb-fc939f971433: new RaftServerImpl for group-AE595452BC81:[45a18b76-154b-4bb1-adcb-fc939f971433:192.168.134.69:38345] with ContainerStateMachine:uninitialized
2019-06-14 07:38:38,338 INFO  server.RaftServerConfigKeys (ConfUtils.java:logGet(43)) - raft.server.rpc.timeout.min = 1s (custom)
2019-06-14 07:38:38,338 INFO  server.RaftServerConfigKeys (ConfUtils.java:logGet(43)) - raft.server.rpc.timeout.max = 1200ms (custom)
2019-06-14 07:38:38,338 INFO  server.RaftServerConfigKeys (ConfUtils.java:logGet(43)) - raft.server.rpcslowness.timeout = 120s (custom)
2019-06-14 07:38:38,339 INFO  server.RaftServerConfigKeys (ConfUtils.java:logGet(43)) - raft.server.log.appender.install.snapshot.enabled = true (default)
2019-06-14 07:38:38,339 INFO  impl.RaftServerImpl (ServerState.java:<init>(101)) - 45a18b76-154b-4bb1-adcb-fc939f971433:group-AE595452BC81 ConfigurationManager, init=-1: [45a18b76-154b-4bb1-adcb-fc939f971433:192.168.134.69:38345], old=null, confs=<EMPTY_MAP>
2019-06-14 07:38:38,339 INFO  server.RaftServerConfigKeys (ConfUtils.java:logGet(43)) - raft.server.storage.dir = [/opt/src/hadoop-ozone/integration-test/target/test-dir/MiniOzoneClusterImpl-e845858a-40c4-451a-acc8-c6a8fec2ef52/datanode-1/data/ratis] (custom)
2019-06-14 07:38:38,339 INFO  storage.RaftStorageDirectory (RaftStorageDirectory.java:analyzeStorage(246)) - The storage directory /opt/src/hadoop-ozone/integration-test/target/test-dir/MiniOzoneClusterImpl-e845858a-40c4-451a-acc8-c6a8fec2ef52/datanode-1/data/ratis/3e4fda38-cb8e-4f48-a063-ae595452bc81 does not exist. Creating ...
2019-06-14 07:38:38,341 INFO  storage.RaftStorageDirectory (RaftStorageDirectory.java:tryLock(328)) - Lock on /opt/src/hadoop-ozone/integration-test/target/test-dir/MiniOzoneClusterImpl-e845858a-40c4-451a-acc8-c6a8fec2ef52/datanode-1/data/ratis/3e4fda38-cb8e-4f48-a063-ae595452bc81/in_use.lock acquired by nodename 11294@ozone-tm9qp-197714850
2019-06-14 07:38:38,343 INFO  storage.RaftStorage (RaftStorage.java:format(75)) - Storage directory /opt/src/hadoop-ozone/integration-test/target/test-dir/MiniOzoneClusterImpl-e845858a-40c4-451a-acc8-c6a8fec2ef52/datanode-1/data/ratis/3e4fda38-cb8e-4f48-a063-ae595452bc81 has been successfully formatted.
2019-06-14 07:38:38,344 INFO  ratis.ContainerStateMachine (ContainerStateMachine.java:loadSnapshot(199)) - The snapshot info is null.Setting the last applied index to:(t:0, i:~)
2019-06-14 07:38:38,344 INFO  server.RaftServerConfigKeys (ConfUtils.java:logGet(43)) - raft.server.leader.election.timeout = 120s (custom)
2019-06-14 07:38:38,344 INFO  server.RaftServerConfigKeys (ConfUtils.java:logGet(43)) - raft.server.log.use.memory = false (default)
2019-06-14 07:38:38,344 INFO  server.RaftServerConfigKeys (ConfUtils.java:logGet(43)) - raft.server.log.appender.buffer.byte-limit = 33554432 (custom)
2019-06-14 07:38:38,344 INFO  server.RaftServerConfigKeys (ConfUtils.java:logGet(43)) - raft.server.log.segment.size.max = 16384 (custom)
2019-06-14 07:38:38,344 INFO  server.RaftServerConfigKeys (ConfUtils.java:logGet(43)) - raft.server.log.segment.cache.num.max = 2 (custom)
2019-06-14 07:38:38,344 INFO  storage.RaftLogWorker (RaftLogWorker.java:<init>(123)) - new 45a18b76-154b-4bb1-adcb-fc939f971433-RaftLogWorker for Storage Directory /opt/src/hadoop-ozone/integration-test/target/test-dir/MiniOzoneClusterImpl-e845858a-40c4-451a-acc8-c6a8fec2ef52/datanode-1/data/ratis/3e4fda38-cb8e-4f48-a063-ae595452bc81
2019-06-14 07:38:38,344 INFO  server.RaftServerConfigKeys (ConfUtils.java:logGet(43)) - raft.server.log.queue.byte-limit = 2147483647 (custom)
2019-06-14 07:38:38,344 INFO  server.RaftServerConfigKeys (ConfUtils.java:logGet(43)) - raft.server.log.queue.element-limit = 1024 (custom)
2019-06-14 07:38:38,344 INFO  server.RaftServerConfigKeys (ConfUtils.java:logGet(43)) - raft.server.log.segment.size.max = 16384 (custom)
2019-06-14 07:38:38,345 INFO  server.RaftServerConfigKeys (ConfUtils.java:logGet(43)) - raft.server.log.preallocated.size = 16384 (custom)
2019-06-14 07:38:38,345 INFO  server.RaftServerConfigKeys (ConfUtils.java:logGet(43)) - raft.server.log.write.buffer.size = 33554432 (custom)
2019-06-14 07:38:38,345 INFO  server.RaftServerConfigKeys (ConfUtils.java:logGet(43)) - raft.server.log.force.sync.num = 128 (default)
2019-06-14 07:38:38,345 INFO  server.RaftServerConfigKeys (ConfUtils.java:logGet(43)) - raft.server.log.statemachine.data.sync = true (default)
2019-06-14 07:38:38,345 INFO  server.RaftServerConfigKeys (ConfUtils.java:logGet(43)) - raft.server.log.statemachine.data.sync.timeout = 10s (default)
2019-06-14 07:38:38,345 INFO  server.RaftServerConfigKeys (ConfUtils.java:logGet(43)) - raft.server.log.statemachine.data.sync.timeout.retry = -1 (default)
2019-06-14 07:38:38,345 INFO  server.RaftServerConfigKeys (ConfUtils.java:logGet(43)) - raft.server.log.statemachine.data.caching.enabled = true (custom)
2019-06-14 07:38:38,345 INFO  server.RaftServerConfigKeys (ConfUtils.java:logGet(43)) - raft.server.snapshot.auto.trigger.enabled = true (custom)
2019-06-14 07:38:38,346 INFO  server.RaftServerConfigKeys (ConfUtils.java:logGet(43)) - raft.server.snapshot.auto.trigger.threshold = 10000 (custom)
2019-06-14 07:38:38,346 INFO  server.RaftServerConfigKeys (ConfUtils.java:logGet(43)) - raft.server.retrycache.expirytime = 600000ms (custom)
2019-06-14 07:38:38,346 INFO  impl.RaftServerImpl (RaftServerImpl.java:start(173)) - 45a18b76-154b-4bb1-adcb-fc939f971433: start group-AE595452BC81
2019-06-14 07:38:38,346 INFO  impl.RaftServerImpl (RaftServerImpl.java:setRole(164)) - 45a18b76-154b-4bb1-adcb-fc939f971433:group-AE595452BC81 changes role from null to FOLLOWER at term 0 for startAsFollower
2019-06-14 07:38:38,346 INFO  impl.RoleInfo (RoleInfo.java:updateAndGet(143)) - 45a18b76-154b-4bb1-adcb-fc939f971433: start FollowerState
2019-06-14 07:38:38,346 INFO  util.JmxRegister (JmxRegister.java:tryRegister(44)) - Successfully registered JMX Bean with object name Ratis:service=RaftServer,group=group-AE595452BC81,id=45a18b76-154b-4bb1-adcb-fc939f971433
2019-06-14 07:38:38,349 INFO  pipeline.PipelineStateManager (PipelineStateManager.java:addPipeline(56)) - Created pipeline Pipeline[ Id: 3e4fda38-cb8e-4f48-a063-ae595452bc81, Nodes: 45a18b76-154b-4bb1-adcb-fc939f971433{ip: 192.168.134.69, host: ozone-tm9qp-197714850, networkLocation: /default-rack, certSerialId: null}, Type:RATIS, Factor:ONE, State:OPEN]
2019-06-14 07:38:38,476 INFO  node.SCMNodeManager (SCMNodeManager.java:register(234)) - Registered Data node : 9d8be9db-f9cb-434a-8bf3-cbb66516a036{ip: 192.168.134.69, host: ozone-tm9qp-197714850, networkLocation: /default-rack, certSerialId: null}
2019-06-14 07:38:38,483 INFO  impl.RaftServerProxy (RaftServerProxy.java:addNew(89)) - 9d8be9db-f9cb-434a-8bf3-cbb66516a036: addNew group-4A380B3EA55C:[9d8be9db-f9cb-434a-8bf3-cbb66516a036:192.168.134.69:39813] returns group-4A380B3EA55C:java.util.concurrent.CompletableFuture@325d1f1f[Not completed]
2019-06-14 07:38:38,484 INFO  impl.RaftServerImpl (RaftServerImpl.java:<init>(91)) - 9d8be9db-f9cb-434a-8bf3-cbb66516a036: new RaftServerImpl for group-4A380B3EA55C:[9d8be9db-f9cb-434a-8bf3-cbb66516a036:192.168.134.69:39813] with ContainerStateMachine:uninitialized
2019-06-14 07:38:38,484 INFO  server.RaftServerConfigKeys (ConfUtils.java:logGet(43)) - raft.server.rpc.timeout.min = 1s (custom)
2019-06-14 07:38:38,484 INFO  server.RaftServerConfigKeys (ConfUtils.java:logGet(43)) - raft.server.rpc.timeout.max = 1200ms (custom)
2019-06-14 07:38:38,484 INFO  server.RaftServerConfigKeys (ConfUtils.java:logGet(43)) - raft.server.rpcslowness.timeout = 120s (custom)
2019-06-14 07:38:38,484 INFO  server.RaftServerConfigKeys (ConfUtils.java:logGet(43)) - raft.server.log.appender.install.snapshot.enabled = true (default)
2019-06-14 07:38:38,485 INFO  impl.RaftServerImpl (ServerState.java:<init>(101)) - 9d8be9db-f9cb-434a-8bf3-cbb66516a036:group-4A380B3EA55C ConfigurationManager, init=-1: [9d8be9db-f9cb-434a-8bf3-cbb66516a036:192.168.134.69:39813], old=null, confs=<EMPTY_MAP>
2019-06-14 07:38:38,485 INFO  server.RaftServerConfigKeys (ConfUtils.java:logGet(43)) - raft.server.storage.dir = [/opt/src/hadoop-ozone/integration-test/target/test-dir/MiniOzoneClusterImpl-e845858a-40c4-451a-acc8-c6a8fec2ef52/datanode-2/data/ratis] (custom)
2019-06-14 07:38:38,485 INFO  storage.RaftStorageDirectory (RaftStorageDirectory.java:analyzeStorage(246)) - The storage directory /opt/src/hadoop-ozone/integration-test/target/test-dir/MiniOzoneClusterImpl-e845858a-40c4-451a-acc8-c6a8fec2ef52/datanode-2/data/ratis/295b8680-ef37-49fd-8b37-4a380b3ea55c does not exist. Creating ...
2019-06-14 07:38:38,487 INFO  storage.RaftStorageDirectory (RaftStorageDirectory.java:tryLock(328)) - Lock on /opt/src/hadoop-ozone/integration-test/target/test-dir/MiniOzoneClusterImpl-e845858a-40c4-451a-acc8-c6a8fec2ef52/datanode-2/data/ratis/295b8680-ef37-49fd-8b37-4a380b3ea55c/in_use.lock acquired by nodename 11294@ozone-tm9qp-197714850
2019-06-14 07:38:38,489 INFO  storage.RaftStorage (RaftStorage.java:format(75)) - Storage directory /opt/src/hadoop-ozone/integration-test/target/test-dir/MiniOzoneClusterImpl-e845858a-40c4-451a-acc8-c6a8fec2ef52/datanode-2/data/ratis/295b8680-ef37-49fd-8b37-4a380b3ea55c has been successfully formatted.
2019-06-14 07:38:38,490 INFO  ratis.ContainerStateMachine (ContainerStateMachine.java:loadSnapshot(199)) - The snapshot info is null.Setting the last applied index to:(t:0, i:~)
2019-06-14 07:38:38,490 INFO  server.RaftServerConfigKeys (ConfUtils.java:logGet(43)) - raft.server.leader.election.timeout = 120s (custom)
2019-06-14 07:38:38,490 INFO  server.RaftServerConfigKeys (ConfUtils.java:logGet(43)) - raft.server.log.use.memory = false (default)
2019-06-14 07:38:38,490 INFO  server.RaftServerConfigKeys (ConfUtils.java:logGet(43)) - raft.server.log.appender.buffer.byte-limit = 33554432 (custom)
2019-06-14 07:38:38,490 INFO  server.RaftServerConfigKeys (ConfUtils.java:logGet(43)) - raft.server.log.segment.size.max = 16384 (custom)
2019-06-14 07:38:38,490 INFO  server.RaftServerConfigKeys (ConfUtils.java:logGet(43)) - raft.server.log.segment.cache.num.max = 2 (custom)
2019-06-14 07:38:38,490 INFO  storage.RaftLogWorker (RaftLogWorker.java:<init>(123)) - new 9d8be9db-f9cb-434a-8bf3-cbb66516a036-RaftLogWorker for Storage Directory /opt/src/hadoop-ozone/integration-test/target/test-dir/MiniOzoneClusterImpl-e845858a-40c4-451a-acc8-c6a8fec2ef52/datanode-2/data/ratis/295b8680-ef37-49fd-8b37-4a380b3ea55c
2019-06-14 07:38:38,490 INFO  server.RaftServerConfigKeys (ConfUtils.java:logGet(43)) - raft.server.log.queue.byte-limit = 2147483647 (custom)
2019-06-14 07:38:38,490 INFO  server.RaftServerConfigKeys (ConfUtils.java:logGet(43)) - raft.server.log.queue.element-limit = 1024 (custom)
2019-06-14 07:38:38,490 INFO  server.RaftServerConfigKeys (ConfUtils.java:logGet(43)) - raft.server.log.segment.size.max = 16384 (custom)
2019-06-14 07:38:38,490 INFO  server.RaftServerConfigKeys (ConfUtils.java:logGet(43)) - raft.server.log.preallocated.size = 16384 (custom)
2019-06-14 07:38:38,490 INFO  server.RaftServerConfigKeys (ConfUtils.java:logGet(43)) - raft.server.log.write.buffer.size = 33554432 (custom)
2019-06-14 07:38:38,490 INFO  server.RaftServerConfigKeys (ConfUtils.java:logGet(43)) - raft.server.log.force.sync.num = 128 (default)
2019-06-14 07:38:38,490 INFO  server.RaftServerConfigKeys (ConfUtils.java:logGet(43)) - raft.server.log.statemachine.data.sync = true (default)
2019-06-14 07:38:38,491 INFO  server.RaftServerConfigKeys (ConfUtils.java:logGet(43)) - raft.server.log.statemachine.data.sync.timeout = 10s (default)
2019-06-14 07:38:38,491 INFO  server.RaftServerConfigKeys (ConfUtils.java:logGet(43)) - raft.server.log.statemachine.data.sync.timeout.retry = -1 (default)
2019-06-14 07:38:38,491 INFO  server.RaftServerConfigKeys (ConfUtils.java:logGet(43)) - raft.server.log.statemachine.data.caching.enabled = true (custom)
2019-06-14 07:38:38,491 INFO  server.RaftServerConfigKeys (ConfUtils.java:logGet(43)) - raft.server.snapshot.auto.trigger.enabled = true (custom)
2019-06-14 07:38:38,491 INFO  server.RaftServerConfigKeys (ConfUtils.java:logGet(43)) - raft.server.snapshot.auto.trigger.threshold = 10000 (custom)
2019-06-14 07:38:38,491 INFO  server.RaftServerConfigKeys (ConfUtils.java:logGet(43)) - raft.server.retrycache.expirytime = 600000ms (custom)
2019-06-14 07:38:38,491 INFO  impl.RaftServerImpl (RaftServerImpl.java:start(173)) - 9d8be9db-f9cb-434a-8bf3-cbb66516a036: start group-4A380B3EA55C
2019-06-14 07:38:38,491 INFO  impl.RaftServerImpl (RaftServerImpl.java:setRole(164)) - 9d8be9db-f9cb-434a-8bf3-cbb66516a036:group-4A380B3EA55C changes role from null to FOLLOWER at term 0 for startAsFollower
2019-06-14 07:38:38,491 INFO  impl.RoleInfo (RoleInfo.java:updateAndGet(143)) - 9d8be9db-f9cb-434a-8bf3-cbb66516a036: start FollowerState
2019-06-14 07:38:38,492 INFO  util.JmxRegister (JmxRegister.java:tryRegister(44)) - Successfully registered JMX Bean with object name Ratis:service=RaftServer,group=group-4A380B3EA55C,id=9d8be9db-f9cb-434a-8bf3-cbb66516a036
2019-06-14 07:38:38,493 INFO  pipeline.PipelineStateManager (PipelineStateManager.java:addPipeline(56)) - Created pipeline Pipeline[ Id: 295b8680-ef37-49fd-8b37-4a380b3ea55c, Nodes: 9d8be9db-f9cb-434a-8bf3-cbb66516a036{ip: 192.168.134.69, host: ozone-tm9qp-197714850, networkLocation: /default-rack, certSerialId: null}, Type:RATIS, Factor:ONE, State:OPEN]
2019-06-14 07:38:38,501 INFO  impl.RaftServerProxy (RaftServerProxy.java:addNew(89)) - 578092ab-b70b-4ebd-aded-cbd888e596c7: addNew group-C8609E592D4F:[45a18b76-154b-4bb1-adcb-fc939f971433:192.168.134.69:38345, 578092ab-b70b-4ebd-aded-cbd888e596c7:192.168.134.69:39399, 9d8be9db-f9cb-434a-8bf3-cbb66516a036:192.168.134.69:39813] returns group-C8609E592D4F:java.util.concurrent.CompletableFuture@97bd9f5[Not completed]
2019-06-14 07:38:38,501 INFO  impl.RaftServerProxy (RaftServerProxy.java:addNew(89)) - 9d8be9db-f9cb-434a-8bf3-cbb66516a036: addNew group-C8609E592D4F:[45a18b76-154b-4bb1-adcb-fc939f971433:192.168.134.69:38345, 578092ab-b70b-4ebd-aded-cbd888e596c7:192.168.134.69:39399, 9d8be9db-f9cb-434a-8bf3-cbb66516a036:192.168.134.69:39813] returns group-C8609E592D4F:java.util.concurrent.CompletableFuture@1c209f3[Not completed]
2019-06-14 07:38:38,501 INFO  impl.RaftServerImpl (RaftServerImpl.java:<init>(91)) - 9d8be9db-f9cb-434a-8bf3-cbb66516a036: new RaftServerImpl for group-C8609E592D4F:[45a18b76-154b-4bb1-adcb-fc939f971433:192.168.134.69:38345, 578092ab-b70b-4ebd-aded-cbd888e596c7:192.168.134.69:39399, 9d8be9db-f9cb-434a-8bf3-cbb66516a036:192.168.134.69:39813] with ContainerStateMachine:uninitialized
2019-06-14 07:38:38,501 INFO  server.RaftServerConfigKeys (ConfUtils.java:logGet(43)) - raft.server.rpc.timeout.min = 1s (custom)
2019-06-14 07:38:38,501 INFO  server.RaftServerConfigKeys (ConfUtils.java:logGet(43)) - raft.server.rpc.timeout.max = 1200ms (custom)
2019-06-14 07:38:38,501 INFO  impl.RaftServerImpl (RaftServerImpl.java:<init>(91)) - 578092ab-b70b-4ebd-aded-cbd888e596c7: new RaftServerImpl for group-C8609E592D4F:[45a18b76-154b-4bb1-adcb-fc939f971433:192.168.134.69:38345, 578092ab-b70b-4ebd-aded-cbd888e596c7:192.168.134.69:39399, 9d8be9db-f9cb-434a-8bf3-cbb66516a036:192.168.134.69:39813] with ContainerStateMachine:uninitialized
2019-06-14 07:38:38,501 INFO  server.RaftServerConfigKeys (ConfUtils.java:logGet(43)) - raft.server.rpcslowness.timeout = 120s (custom)
2019-06-14 07:38:38,502 INFO  server.RaftServerConfigKeys (ConfUtils.java:logGet(43)) - raft.server.log.appender.install.snapshot.enabled = true (default)
2019-06-14 07:38:38,501 INFO  server.RaftServerConfigKeys (ConfUtils.java:logGet(43)) - raft.server.rpc.timeout.min = 1s (custom)
2019-06-14 07:38:38,502 INFO  server.RaftServerConfigKeys (ConfUtils.java:logGet(43)) - raft.server.rpc.timeout.max = 1200ms (custom)
2019-06-14 07:38:38,502 INFO  server.RaftServerConfigKeys (ConfUtils.java:logGet(43)) - raft.server.rpcslowness.timeout = 120s (custom)
2019-06-14 07:38:38,502 INFO  server.RaftServerConfigKeys (ConfUtils.java:logGet(43)) - raft.server.log.appender.install.snapshot.enabled = true (default)
2019-06-14 07:38:38,502 INFO  impl.RaftServerImpl (ServerState.java:<init>(101)) - 9d8be9db-f9cb-434a-8bf3-cbb66516a036:group-C8609E592D4F ConfigurationManager, init=-1: [45a18b76-154b-4bb1-adcb-fc939f971433:192.168.134.69:38345, 578092ab-b70b-4ebd-aded-cbd888e596c7:192.168.134.69:39399, 9d8be9db-f9cb-434a-8bf3-cbb66516a036:192.168.134.69:39813], old=null, confs=<EMPTY_MAP>
2019-06-14 07:38:38,502 INFO  impl.RaftServerProxy (RaftServerProxy.java:addNew(89)) - 45a18b76-154b-4bb1-adcb-fc939f971433: addNew group-C8609E592D4F:[45a18b76-154b-4bb1-adcb-fc939f971433:192.168.134.69:38345, 578092ab-b70b-4ebd-aded-cbd888e596c7:192.168.134.69:39399, 9d8be9db-f9cb-434a-8bf3-cbb66516a036:192.168.134.69:39813] returns group-C8609E592D4F:java.util.concurrent.CompletableFuture@7ac4151e[Not completed]
2019-06-14 07:38:38,502 INFO  server.RaftServerConfigKeys (ConfUtils.java:logGet(43)) - raft.server.storage.dir = [/opt/src/hadoop-ozone/integration-test/target/test-dir/MiniOzoneClusterImpl-e845858a-40c4-451a-acc8-c6a8fec2ef52/datanode-2/data/ratis] (custom)
2019-06-14 07:38:38,502 INFO  impl.RaftServerImpl (RaftServerImpl.java:<init>(91)) - 45a18b76-154b-4bb1-adcb-fc939f971433: new RaftServerImpl for group-C8609E592D4F:[45a18b76-154b-4bb1-adcb-fc939f971433:192.168.134.69:38345, 578092ab-b70b-4ebd-aded-cbd888e596c7:192.168.134.69:39399, 9d8be9db-f9cb-434a-8bf3-cbb66516a036:192.168.134.69:39813] with ContainerStateMachine:uninitialized
2019-06-14 07:38:38,502 INFO  impl.RaftServerImpl (ServerState.java:<init>(101)) - 578092ab-b70b-4ebd-aded-cbd888e596c7:group-C8609E592D4F ConfigurationManager, init=-1: [45a18b76-154b-4bb1-adcb-fc939f971433:192.168.134.69:38345, 578092ab-b70b-4ebd-aded-cbd888e596c7:192.168.134.69:39399, 9d8be9db-f9cb-434a-8bf3-cbb66516a036:192.168.134.69:39813], old=null, confs=<EMPTY_MAP>
2019-06-14 07:38:38,502 INFO  storage.RaftStorageDirectory (RaftStorageDirectory.java:analyzeStorage(246)) - The storage directory /opt/src/hadoop-ozone/integration-test/target/test-dir/MiniOzoneClusterImpl-e845858a-40c4-451a-acc8-c6a8fec2ef52/datanode-2/data/ratis/2ffdce5f-ad48-4784-a7fb-c8609e592d4f does not exist. Creating ...
2019-06-14 07:38:38,502 INFO  server.RaftServerConfigKeys (ConfUtils.java:logGet(43)) - raft.server.rpc.timeout.min = 1s (custom)
2019-06-14 07:38:38,502 INFO  server.RaftServerConfigKeys (ConfUtils.java:logGet(43)) - raft.server.storage.dir = [/opt/src/hadoop-ozone/integration-test/target/test-dir/MiniOzoneClusterImpl-e845858a-40c4-451a-acc8-c6a8fec2ef52/datanode-0/data/ratis] (custom)
2019-06-14 07:38:38,503 INFO  server.RaftServerConfigKeys (ConfUtils.java:logGet(43)) - raft.server.rpc.timeout.max = 1200ms (custom)
2019-06-14 07:38:38,503 INFO  storage.RaftStorageDirectory (RaftStorageDirectory.java:analyzeStorage(246)) - The storage directory /opt/src/hadoop-ozone/integration-test/target/test-dir/MiniOzoneClusterImpl-e845858a-40c4-451a-acc8-c6a8fec2ef52/datanode-0/data/ratis/2ffdce5f-ad48-4784-a7fb-c8609e592d4f does not exist. Creating ...
2019-06-14 07:38:38,503 INFO  server.RaftServerConfigKeys (ConfUtils.java:logGet(43)) - raft.server.rpcslowness.timeout = 120s (custom)
2019-06-14 07:38:38,503 INFO  server.RaftServerConfigKeys (ConfUtils.java:logGet(43)) - raft.server.log.appender.install.snapshot.enabled = true (default)
2019-06-14 07:38:38,503 INFO  impl.RaftServerImpl (ServerState.java:<init>(101)) - 45a18b76-154b-4bb1-adcb-fc939f971433:group-C8609E592D4F ConfigurationManager, init=-1: [45a18b76-154b-4bb1-adcb-fc939f971433:192.168.134.69:38345, 578092ab-b70b-4ebd-aded-cbd888e596c7:192.168.134.69:39399, 9d8be9db-f9cb-434a-8bf3-cbb66516a036:192.168.134.69:39813], old=null, confs=<EMPTY_MAP>
2019-06-14 07:38:38,503 INFO  server.RaftServerConfigKeys (ConfUtils.java:logGet(43)) - raft.server.storage.dir = [/opt/src/hadoop-ozone/integration-test/target/test-dir/MiniOzoneClusterImpl-e845858a-40c4-451a-acc8-c6a8fec2ef52/datanode-1/data/ratis] (custom)
2019-06-14 07:38:38,503 INFO  storage.RaftStorageDirectory (RaftStorageDirectory.java:analyzeStorage(246)) - The storage directory /opt/src/hadoop-ozone/integration-test/target/test-dir/MiniOzoneClusterImpl-e845858a-40c4-451a-acc8-c6a8fec2ef52/datanode-1/data/ratis/2ffdce5f-ad48-4784-a7fb-c8609e592d4f does not exist. Creating ...
2019-06-14 07:38:38,505 INFO  storage.RaftStorageDirectory (RaftStorageDirectory.java:tryLock(328)) - Lock on /opt/src/hadoop-ozone/integration-test/target/test-dir/MiniOzoneClusterImpl-e845858a-40c4-451a-acc8-c6a8fec2ef52/datanode-0/data/ratis/2ffdce5f-ad48-4784-a7fb-c8609e592d4f/in_use.lock acquired by nodename 11294@ozone-tm9qp-197714850
2019-06-14 07:38:38,505 INFO  storage.RaftStorageDirectory (RaftStorageDirectory.java:tryLock(328)) - Lock on /opt/src/hadoop-ozone/integration-test/target/test-dir/MiniOzoneClusterImpl-e845858a-40c4-451a-acc8-c6a8fec2ef52/datanode-2/data/ratis/2ffdce5f-ad48-4784-a7fb-c8609e592d4f/in_use.lock acquired by nodename 11294@ozone-tm9qp-197714850
2019-06-14 07:38:38,506 INFO  storage.RaftStorageDirectory (RaftStorageDirectory.java:tryLock(328)) - Lock on /opt/src/hadoop-ozone/integration-test/target/test-dir/MiniOzoneClusterImpl-e845858a-40c4-451a-acc8-c6a8fec2ef52/datanode-1/data/ratis/2ffdce5f-ad48-4784-a7fb-c8609e592d4f/in_use.lock acquired by nodename 11294@ozone-tm9qp-197714850
2019-06-14 07:38:38,508 INFO  storage.RaftStorage (RaftStorage.java:format(75)) - Storage directory /opt/src/hadoop-ozone/integration-test/target/test-dir/MiniOzoneClusterImpl-e845858a-40c4-451a-acc8-c6a8fec2ef52/datanode-0/data/ratis/2ffdce5f-ad48-4784-a7fb-c8609e592d4f has been successfully formatted.
2019-06-14 07:38:38,508 INFO  storage.RaftStorage (RaftStorage.java:format(75)) - Storage directory /opt/src/hadoop-ozone/integration-test/target/test-dir/MiniOzoneClusterImpl-e845858a-40c4-451a-acc8-c6a8fec2ef52/datanode-2/data/ratis/2ffdce5f-ad48-4784-a7fb-c8609e592d4f has been successfully formatted.
2019-06-14 07:38:38,508 INFO  ratis.ContainerStateMachine (ContainerStateMachine.java:loadSnapshot(199)) - The snapshot info is null.Setting the last applied index to:(t:0, i:~)
2019-06-14 07:38:38,508 INFO  ratis.ContainerStateMachine (ContainerStateMachine.java:loadSnapshot(199)) - The snapshot info is null.Setting the last applied index to:(t:0, i:~)
2019-06-14 07:38:38,508 INFO  server.RaftServerConfigKeys (ConfUtils.java:logGet(43)) - raft.server.leader.election.timeout = 120s (custom)
2019-06-14 07:38:38,508 INFO  server.RaftServerConfigKeys (ConfUtils.java:logGet(43)) - raft.server.leader.election.timeout = 120s (custom)
2019-06-14 07:38:38,508 INFO  server.RaftServerConfigKeys (ConfUtils.java:logGet(43)) - raft.server.log.use.memory = false (default)
2019-06-14 07:38:38,509 INFO  server.RaftServerConfigKeys (ConfUtils.java:logGet(43)) - raft.server.log.use.memory = false (default)
2019-06-14 07:38:38,509 INFO  server.RaftServerConfigKeys (ConfUtils.java:logGet(43)) - raft.server.log.appender.buffer.byte-limit = 33554432 (custom)
2019-06-14 07:38:38,509 INFO  server.RaftServerConfigKeys (ConfUtils.java:logGet(43)) - raft.server.log.appender.buffer.byte-limit = 33554432 (custom)
2019-06-14 07:38:38,509 INFO  server.RaftServerConfigKeys (ConfUtils.java:logGet(43)) - raft.server.log.segment.size.max = 16384 (custom)
2019-06-14 07:38:38,509 INFO  server.RaftServerConfigKeys (ConfUtils.java:logGet(43)) - raft.server.log.segment.size.max = 16384 (custom)
2019-06-14 07:38:38,509 INFO  server.RaftServerConfigKeys (ConfUtils.java:logGet(43)) - raft.server.log.segment.cache.num.max = 2 (custom)
2019-06-14 07:38:38,509 INFO  server.RaftServerConfigKeys (ConfUtils.java:logGet(43)) - raft.server.log.segment.cache.num.max = 2 (custom)
2019-06-14 07:38:38,509 INFO  storage.RaftLogWorker (RaftLogWorker.java:<init>(123)) - new 578092ab-b70b-4ebd-aded-cbd888e596c7-RaftLogWorker for Storage Directory /opt/src/hadoop-ozone/integration-test/target/test-dir/MiniOzoneClusterImpl-e845858a-40c4-451a-acc8-c6a8fec2ef52/datanode-0/data/ratis/2ffdce5f-ad48-4784-a7fb-c8609e592d4f
2019-06-14 07:38:38,509 INFO  storage.RaftLogWorker (RaftLogWorker.java:<init>(123)) - new 9d8be9db-f9cb-434a-8bf3-cbb66516a036-RaftLogWorker for Storage Directory /opt/src/hadoop-ozone/integration-test/target/test-dir/MiniOzoneClusterImpl-e845858a-40c4-451a-acc8-c6a8fec2ef52/datanode-2/data/ratis/2ffdce5f-ad48-4784-a7fb-c8609e592d4f
2019-06-14 07:38:38,509 INFO  server.RaftServerConfigKeys (ConfUtils.java:logGet(43)) - raft.server.log.queue.byte-limit = 2147483647 (custom)
2019-06-14 07:38:38,509 INFO  server.RaftServerConfigKeys (ConfUtils.java:logGet(43)) - raft.server.log.queue.byte-limit = 2147483647 (custom)
2019-06-14 07:38:38,509 INFO  storage.RaftStorage (RaftStorage.java:format(75)) - Storage directory /opt/src/hadoop-ozone/integration-test/target/test-dir/MiniOzoneClusterImpl-e845858a-40c4-451a-acc8-c6a8fec2ef52/datanode-1/data/ratis/2ffdce5f-ad48-4784-a7fb-c8609e592d4f has been successfully formatted.
2019-06-14 07:38:38,509 INFO  server.RaftServerConfigKeys (ConfUtils.java:logGet(43)) - raft.server.log.queue.element-limit = 1024 (custom)
2019-06-14 07:38:38,509 INFO  ratis.ContainerStateMachine (ContainerStateMachine.java:loadSnapshot(199)) - The snapshot info is null.Setting the last applied index to:(t:0, i:~)
2019-06-14 07:38:38,509 INFO  server.RaftServerConfigKeys (ConfUtils.java:logGet(43)) - raft.server.log.queue.element-limit = 1024 (custom)
2019-06-14 07:38:38,510 INFO  server.RaftServerConfigKeys (ConfUtils.java:logGet(43)) - raft.server.leader.election.timeout = 120s (custom)
2019-06-14 07:38:38,509 INFO  server.RaftServerConfigKeys (ConfUtils.java:logGet(43)) - raft.server.log.segment.size.max = 16384 (custom)
2019-06-14 07:38:38,510 INFO  server.RaftServerConfigKeys (ConfUtils.java:logGet(43)) - raft.server.log.use.memory = false (default)
2019-06-14 07:38:38,510 INFO  server.RaftServerConfigKeys (ConfUtils.java:logGet(43)) - raft.server.log.segment.size.max = 16384 (custom)
2019-06-14 07:38:38,510 INFO  server.RaftServerConfigKeys (ConfUtils.java:logGet(43)) - raft.server.log.appender.buffer.byte-limit = 33554432 (custom)
2019-06-14 07:38:38,510 INFO  server.RaftServerConfigKeys (ConfUtils.java:logGet(43)) - raft.server.log.preallocated.size = 16384 (custom)
2019-06-14 07:38:38,510 INFO  server.RaftServerConfigKeys (ConfUtils.java:logGet(43)) - raft.server.log.segment.size.max = 16384 (custom)
2019-06-14 07:38:38,510 INFO  server.RaftServerConfigKeys (ConfUtils.java:logGet(43)) - raft.server.log.preallocated.size = 16384 (custom)
2019-06-14 07:38:38,510 INFO  server.RaftServerConfigKeys (ConfUtils.java:logGet(43)) - raft.server.log.segment.cache.num.max = 2 (custom)
2019-06-14 07:38:38,510 INFO  server.RaftServerConfigKeys (ConfUtils.java:logGet(43)) - raft.server.log.write.buffer.size = 33554432 (custom)
2019-06-14 07:38:38,510 INFO  storage.RaftLogWorker (RaftLogWorker.java:<init>(123)) - new 45a18b76-154b-4bb1-adcb-fc939f971433-RaftLogWorker for Storage Directory /opt/src/hadoop-ozone/integration-test/target/test-dir/MiniOzoneClusterImpl-e845858a-40c4-451a-acc8-c6a8fec2ef52/datanode-1/data/ratis/2ffdce5f-ad48-4784-a7fb-c8609e592d4f
2019-06-14 07:38:38,510 INFO  server.RaftServerConfigKeys (ConfUtils.java:logGet(43)) - raft.server.log.write.buffer.size = 33554432 (custom)
2019-06-14 07:38:38,510 INFO  server.RaftServerConfigKeys (ConfUtils.java:logGet(43)) - raft.server.log.queue.byte-limit = 2147483647 (custom)
2019-06-14 07:38:38,510 INFO  server.RaftServerConfigKeys (ConfUtils.java:logGet(43)) - raft.server.log.force.sync.num = 128 (default)
2019-06-14 07:38:38,511 INFO  server.RaftServerConfigKeys (ConfUtils.java:logGet(43)) - raft.server.log.queue.element-limit = 1024 (custom)
2019-06-14 07:38:38,510 INFO  server.RaftServerConfigKeys (ConfUtils.java:logGet(43)) - raft.server.log.force.sync.num = 128 (default)
2019-06-14 07:38:38,511 INFO  server.RaftServerConfigKeys (ConfUtils.java:logGet(43)) - raft.server.log.segment.size.max = 16384 (custom)
2019-06-14 07:38:38,511 INFO  server.RaftServerConfigKeys (ConfUtils.java:logGet(43)) - raft.server.log.statemachine.data.sync = true (default)
2019-06-14 07:38:38,511 INFO  server.RaftServerConfigKeys (ConfUtils.java:logGet(43)) - raft.server.log.preallocated.size = 16384 (custom)
2019-06-14 07:38:38,511 INFO  server.RaftServerConfigKeys (ConfUtils.java:logGet(43)) - raft.server.log.statemachine.data.sync = true (default)
2019-06-14 07:38:38,511 INFO  server.RaftServerConfigKeys (ConfUtils.java:logGet(43)) - raft.server.log.write.buffer.size = 33554432 (custom)
2019-06-14 07:38:38,511 INFO  server.RaftServerConfigKeys (ConfUtils.java:logGet(43)) - raft.server.log.statemachine.data.sync.timeout = 10s (default)
2019-06-14 07:38:38,511 INFO  server.RaftServerConfigKeys (ConfUtils.java:logGet(43)) - raft.server.log.force.sync.num = 128 (default)
2019-06-14 07:38:38,511 INFO  server.RaftServerConfigKeys (ConfUtils.java:logGet(43)) - raft.server.log.statemachine.data.sync.timeout = 10s (default)
2019-06-14 07:38:38,511 INFO  server.RaftServerConfigKeys (ConfUtils.java:logGet(43)) - raft.server.log.statemachine.data.sync = true (default)
2019-06-14 07:38:38,511 INFO  server.RaftServerConfigKeys (ConfUtils.java:logGet(43)) - raft.server.log.statemachine.data.sync.timeout.retry = -1 (default)
2019-06-14 07:38:38,511 INFO  server.RaftServerConfigKeys (ConfUtils.java:logGet(43)) - raft.server.log.statemachine.data.sync.timeout = 10s (default)
2019-06-14 07:38:38,512 INFO  server.RaftServerConfigKeys (ConfUtils.java:logGet(43)) - raft.server.log.statemachine.data.caching.enabled = true (custom)
2019-06-14 07:38:38,511 INFO  server.RaftServerConfigKeys (ConfUtils.java:logGet(43)) - raft.server.log.statemachine.data.sync.timeout.retry = -1 (default)
2019-06-14 07:38:38,512 INFO  server.RaftServerConfigKeys (ConfUtils.java:logGet(43)) - raft.server.log.statemachine.data.sync.timeout.retry = -1 (default)
2019-06-14 07:38:38,512 INFO  server.RaftServerConfigKeys (ConfUtils.java:logGet(43)) - raft.server.log.statemachine.data.caching.enabled = true (custom)
2019-06-14 07:38:38,512 INFO  server.RaftServerConfigKeys (ConfUtils.java:logGet(43)) - raft.server.snapshot.auto.trigger.enabled = true (custom)
2019-06-14 07:38:38,512 INFO  server.RaftServerConfigKeys (ConfUtils.java:logGet(43)) - raft.server.log.statemachine.data.caching.enabled = true (custom)
2019-06-14 07:38:38,512 INFO  server.RaftServerConfigKeys (ConfUtils.java:logGet(43)) - raft.server.snapshot.auto.trigger.threshold = 10000 (custom)
2019-06-14 07:38:38,512 INFO  server.RaftServerConfigKeys (ConfUtils.java:logGet(43)) - raft.server.snapshot.auto.trigger.enabled = true (custom)
2019-06-14 07:38:38,512 INFO  server.RaftServerConfigKeys (ConfUtils.java:logGet(43)) - raft.server.snapshot.auto.trigger.enabled = true (custom)
2019-06-14 07:38:38,513 INFO  server.RaftServerConfigKeys (ConfUtils.java:logGet(43)) - raft.server.snapshot.auto.trigger.threshold = 10000 (custom)
2019-06-14 07:38:38,513 INFO  server.RaftServerConfigKeys (ConfUtils.java:logGet(43)) - raft.server.retrycache.expirytime = 600000ms (custom)
2019-06-14 07:38:38,513 INFO  impl.RaftServerImpl (RaftServerImpl.java:start(173)) - 578092ab-b70b-4ebd-aded-cbd888e596c7: start group-C8609E592D4F
2019-06-14 07:38:38,513 INFO  impl.RaftServerImpl (RaftServerImpl.java:setRole(164)) - 578092ab-b70b-4ebd-aded-cbd888e596c7:group-C8609E592D4F changes role from null to FOLLOWER at term 0 for startAsFollower
2019-06-14 07:38:38,513 INFO  impl.RoleInfo (RoleInfo.java:updateAndGet(143)) - 578092ab-b70b-4ebd-aded-cbd888e596c7: start FollowerState
2019-06-14 07:38:38,512 INFO  server.RaftServerConfigKeys (ConfUtils.java:logGet(43)) - raft.server.retrycache.expirytime = 600000ms (custom)
2019-06-14 07:38:38,513 INFO  server.RaftServerConfigKeys (ConfUtils.java:logGet(43)) - raft.server.snapshot.auto.trigger.threshold = 10000 (custom)
2019-06-14 07:38:38,513 INFO  server.RaftServerConfigKeys (ConfUtils.java:logGet(43)) - raft.server.retrycache.expirytime = 600000ms (custom)
2019-06-14 07:38:38,513 INFO  util.JmxRegister (JmxRegister.java:tryRegister(44)) - Successfully registered JMX Bean with object name Ratis:service=RaftServer,group=group-C8609E592D4F,id=578092ab-b70b-4ebd-aded-cbd888e596c7
2019-06-14 07:38:38,513 INFO  impl.RaftServerImpl (RaftServerImpl.java:start(173)) - 9d8be9db-f9cb-434a-8bf3-cbb66516a036: start group-C8609E592D4F
2019-06-14 07:38:38,513 INFO  impl.RaftServerImpl (RaftServerImpl.java:setRole(164)) - 9d8be9db-f9cb-434a-8bf3-cbb66516a036:group-C8609E592D4F changes role from null to FOLLOWER at term 0 for startAsFollower
2019-06-14 07:38:38,513 INFO  impl.RoleInfo (RoleInfo.java:updateAndGet(143)) - 9d8be9db-f9cb-434a-8bf3-cbb66516a036: start FollowerState
2019-06-14 07:38:38,513 INFO  impl.RaftServerImpl (RaftServerImpl.java:start(173)) - 45a18b76-154b-4bb1-adcb-fc939f971433: start group-C8609E592D4F
2019-06-14 07:38:38,514 INFO  impl.RaftServerImpl (RaftServerImpl.java:setRole(164)) - 45a18b76-154b-4bb1-adcb-fc939f971433:group-C8609E592D4F changes role from null to FOLLOWER at term 0 for startAsFollower
2019-06-14 07:38:38,514 INFO  util.JmxRegister (JmxRegister.java:tryRegister(44)) - Successfully registered JMX Bean with object name Ratis:service=RaftServer,group=group-C8609E592D4F,id=9d8be9db-f9cb-434a-8bf3-cbb66516a036
2019-06-14 07:38:38,514 INFO  impl.RoleInfo (RoleInfo.java:updateAndGet(143)) - 45a18b76-154b-4bb1-adcb-fc939f971433: start FollowerState
2019-06-14 07:38:38,516 INFO  util.JmxRegister (JmxRegister.java:tryRegister(44)) - Successfully registered JMX Bean with object name Ratis:service=RaftServer,group=group-C8609E592D4F,id=45a18b76-154b-4bb1-adcb-fc939f971433
2019-06-14 07:38:38,518 INFO  pipeline.PipelineStateManager (PipelineStateManager.java:addPipeline(56)) - Created pipeline Pipeline[ Id: 2ffdce5f-ad48-4784-a7fb-c8609e592d4f, Nodes: 45a18b76-154b-4bb1-adcb-fc939f971433{ip: 192.168.134.69, host: ozone-tm9qp-197714850, networkLocation: /default-rack, certSerialId: null}9d8be9db-f9cb-434a-8bf3-cbb66516a036{ip: 192.168.134.69, host: ozone-tm9qp-197714850, networkLocation: /default-rack, certSerialId: null}578092ab-b70b-4ebd-aded-cbd888e596c7{ip: 192.168.134.69, host: ozone-tm9qp-197714850, networkLocation: /default-rack, certSerialId: null}, Type:RATIS, Factor:THREE, State:OPEN]
2019-06-14 07:38:38,642 INFO  node.SCMNodeManager (SCMNodeManager.java:register(234)) - Registered Data node : eaae30ce-bc95-43e1-80d2-d5999127ec25{ip: 192.168.134.69, host: ozone-tm9qp-197714850, networkLocation: /default-rack, certSerialId: null}
2019-06-14 07:38:38,649 INFO  impl.RaftServerProxy (RaftServerProxy.java:addNew(89)) - eaae30ce-bc95-43e1-80d2-d5999127ec25: addNew group-96DEFA7BEF14:[eaae30ce-bc95-43e1-80d2-d5999127ec25:192.168.134.69:42345] returns group-96DEFA7BEF14:java.util.concurrent.CompletableFuture@46b7f5c1[Not completed]
2019-06-14 07:38:38,662 INFO  impl.RaftServerImpl (RaftServerImpl.java:<init>(91)) - eaae30ce-bc95-43e1-80d2-d5999127ec25: new RaftServerImpl for group-96DEFA7BEF14:[eaae30ce-bc95-43e1-80d2-d5999127ec25:192.168.134.69:42345] with ContainerStateMachine:uninitialized
2019-06-14 07:38:38,663 INFO  server.RaftServerConfigKeys (ConfUtils.java:logGet(43)) - raft.server.rpc.timeout.min = 1s (custom)
2019-06-14 07:38:38,663 INFO  server.RaftServerConfigKeys (ConfUtils.java:logGet(43)) - raft.server.rpc.timeout.max = 1200ms (custom)
2019-06-14 07:38:38,663 INFO  server.RaftServerConfigKeys (ConfUtils.java:logGet(43)) - raft.server.rpcslowness.timeout = 120s (custom)
2019-06-14 07:38:38,663 INFO  server.RaftServerConfigKeys (ConfUtils.java:logGet(43)) - raft.server.log.appender.install.snapshot.enabled = true (default)
2019-06-14 07:38:38,663 INFO  impl.RaftServerImpl (ServerState.java:<init>(101)) - eaae30ce-bc95-43e1-80d2-d5999127ec25:group-96DEFA7BEF14 ConfigurationManager, init=-1: [eaae30ce-bc95-43e1-80d2-d5999127ec25:192.168.134.69:42345], old=null, confs=<EMPTY_MAP>
2019-06-14 07:38:38,663 INFO  server.RaftServerConfigKeys (ConfUtils.java:logGet(43)) - raft.server.storage.dir = [/opt/src/hadoop-ozone/integration-test/target/test-dir/MiniOzoneClusterImpl-e845858a-40c4-451a-acc8-c6a8fec2ef52/datanode-3/data/ratis] (custom)
2019-06-14 07:38:38,663 INFO  storage.RaftStorageDirectory (RaftStorageDirectory.java:analyzeStorage(246)) - The storage directory /opt/src/hadoop-ozone/integration-test/target/test-dir/MiniOzoneClusterImpl-e845858a-40c4-451a-acc8-c6a8fec2ef52/datanode-3/data/ratis/85a97f3e-9b7c-46fe-95f1-96defa7bef14 does not exist. Creating ...
2019-06-14 07:38:38,666 INFO  storage.RaftStorageDirectory (RaftStorageDirectory.java:tryLock(328)) - Lock on /opt/src/hadoop-ozone/integration-test/target/test-dir/MiniOzoneClusterImpl-e845858a-40c4-451a-acc8-c6a8fec2ef52/datanode-3/data/ratis/85a97f3e-9b7c-46fe-95f1-96defa7bef14/in_use.lock acquired by nodename 11294@ozone-tm9qp-197714850
2019-06-14 07:38:38,668 INFO  storage.RaftStorage (RaftStorage.java:format(75)) - Storage directory /opt/src/hadoop-ozone/integration-test/target/test-dir/MiniOzoneClusterImpl-e845858a-40c4-451a-acc8-c6a8fec2ef52/datanode-3/data/ratis/85a97f3e-9b7c-46fe-95f1-96defa7bef14 has been successfully formatted.
2019-06-14 07:38:38,669 INFO  ratis.ContainerStateMachine (ContainerStateMachine.java:loadSnapshot(199)) - The snapshot info is null.Setting the last applied index to:(t:0, i:~)
2019-06-14 07:38:38,669 INFO  server.RaftServerConfigKeys (ConfUtils.java:logGet(43)) - raft.server.leader.election.timeout = 120s (custom)
2019-06-14 07:38:38,669 INFO  server.RaftServerConfigKeys (ConfUtils.java:logGet(43)) - raft.server.log.use.memory = false (default)
2019-06-14 07:38:38,669 INFO  server.RaftServerConfigKeys (ConfUtils.java:logGet(43)) - raft.server.log.appender.buffer.byte-limit = 33554432 (custom)
2019-06-14 07:38:38,669 INFO  server.RaftServerConfigKeys (ConfUtils.java:logGet(43)) - raft.server.log.segment.size.max = 16384 (custom)
2019-06-14 07:38:38,669 INFO  server.RaftServerConfigKeys (ConfUtils.java:logGet(43)) - raft.server.log.segment.cache.num.max = 2 (custom)
2019-06-14 07:38:38,669 INFO  storage.RaftLogWorker (RaftLogWorker.java:<init>(123)) - new eaae30ce-bc95-43e1-80d2-d5999127ec25-RaftLogWorker for Storage Directory /opt/src/hadoop-ozone/integration-test/target/test-dir/MiniOzoneClusterImpl-e845858a-40c4-451a-acc8-c6a8fec2ef52/datanode-3/data/ratis/85a97f3e-9b7c-46fe-95f1-96defa7bef14
2019-06-14 07:38:38,669 INFO  server.RaftServerConfigKeys (ConfUtils.java:logGet(43)) - raft.server.log.queue.byte-limit = 2147483647 (custom)
2019-06-14 07:38:38,670 INFO  server.RaftServerConfigKeys (ConfUtils.java:logGet(43)) - raft.server.log.queue.element-limit = 1024 (custom)
2019-06-14 07:38:38,670 INFO  server.RaftServerConfigKeys (ConfUtils.java:logGet(43)) - raft.server.log.segment.size.max = 16384 (custom)
2019-06-14 07:38:38,670 INFO  server.RaftServerConfigKeys (ConfUtils.java:logGet(43)) - raft.server.log.preallocated.size = 16384 (custom)
2019-06-14 07:38:38,670 INFO  server.RaftServerConfigKeys (ConfUtils.java:logGet(43)) - raft.server.log.write.buffer.size = 33554432 (custom)
2019-06-14 07:38:38,670 INFO  server.RaftServerConfigKeys (ConfUtils.java:logGet(43)) - raft.server.log.force.sync.num = 128 (default)
2019-06-14 07:38:38,670 INFO  server.RaftServerConfigKeys (ConfUtils.java:logGet(43)) - raft.server.log.statemachine.data.sync = true (default)
2019-06-14 07:38:38,670 INFO  server.RaftServerConfigKeys (ConfUtils.java:logGet(43)) - raft.server.log.statemachine.data.sync.timeout = 10s (default)
2019-06-14 07:38:38,670 INFO  server.RaftServerConfigKeys (ConfUtils.java:logGet(43)) - raft.server.log.statemachine.data.sync.timeout.retry = -1 (default)
2019-06-14 07:38:38,670 INFO  server.RaftServerConfigKeys (ConfUtils.java:logGet(43)) - raft.server.log.statemachine.data.caching.enabled = true (custom)
2019-06-14 07:38:38,674 INFO  server.RaftServerConfigKeys (ConfUtils.java:logGet(43)) - raft.server.snapshot.auto.trigger.enabled = true (custom)
2019-06-14 07:38:38,674 INFO  server.RaftServerConfigKeys (ConfUtils.java:logGet(43)) - raft.server.snapshot.auto.trigger.threshold = 10000 (custom)
2019-06-14 07:38:38,674 INFO  server.RaftServerConfigKeys (ConfUtils.java:logGet(43)) - raft.server.retrycache.expirytime = 600000ms (custom)
2019-06-14 07:38:38,674 INFO  impl.RaftServerImpl (RaftServerImpl.java:start(173)) - eaae30ce-bc95-43e1-80d2-d5999127ec25: start group-96DEFA7BEF14
2019-06-14 07:38:38,674 INFO  impl.RaftServerImpl (RaftServerImpl.java:setRole(164)) - eaae30ce-bc95-43e1-80d2-d5999127ec25:group-96DEFA7BEF14 changes role from null to FOLLOWER at term 0 for startAsFollower
2019-06-14 07:38:38,675 INFO  impl.RoleInfo (RoleInfo.java:updateAndGet(143)) - eaae30ce-bc95-43e1-80d2-d5999127ec25: start FollowerState
2019-06-14 07:38:38,675 INFO  util.JmxRegister (JmxRegister.java:tryRegister(44)) - Successfully registered JMX Bean with object name Ratis:service=RaftServer,group=group-96DEFA7BEF14,id=eaae30ce-bc95-43e1-80d2-d5999127ec25
2019-06-14 07:38:38,678 INFO  pipeline.PipelineStateManager (PipelineStateManager.java:addPipeline(56)) - Created pipeline Pipeline[ Id: 85a97f3e-9b7c-46fe-95f1-96defa7bef14, Nodes: eaae30ce-bc95-43e1-80d2-d5999127ec25{ip: 192.168.134.69, host: ozone-tm9qp-197714850, networkLocation: /default-rack, certSerialId: null}, Type:RATIS, Factor:ONE, State:OPEN]
2019-06-14 07:38:38,779 INFO  node.SCMNodeManager (SCMNodeManager.java:register(234)) - Registered Data node : d5adef7a-39ad-4570-b55e-3e419ba6fc1f{ip: 192.168.134.69, host: ozone-tm9qp-197714850, networkLocation: /default-rack, certSerialId: null}
2019-06-14 07:38:38,787 INFO  impl.RaftServerProxy (RaftServerProxy.java:addNew(89)) - d5adef7a-39ad-4570-b55e-3e419ba6fc1f: addNew group-05BE4B044465:[d5adef7a-39ad-4570-b55e-3e419ba6fc1f:192.168.134.69:45437] returns group-05BE4B044465:java.util.concurrent.CompletableFuture@357e1f5d[Not completed]
2019-06-14 07:38:38,788 INFO  impl.RaftServerImpl (RaftServerImpl.java:<init>(91)) - d5adef7a-39ad-4570-b55e-3e419ba6fc1f: new RaftServerImpl for group-05BE4B044465:[d5adef7a-39ad-4570-b55e-3e419ba6fc1f:192.168.134.69:45437] with ContainerStateMachine:uninitialized
2019-06-14 07:38:38,788 INFO  server.RaftServerConfigKeys (ConfUtils.java:logGet(43)) - raft.server.rpc.timeout.min = 1s (custom)
2019-06-14 07:38:38,788 INFO  server.RaftServerConfigKeys (ConfUtils.java:logGet(43)) - raft.server.rpc.timeout.max = 1200ms (custom)
2019-06-14 07:38:38,788 INFO  server.RaftServerConfigKeys (ConfUtils.java:logGet(43)) - raft.server.rpcslowness.timeout = 120s (custom)
2019-06-14 07:38:38,788 INFO  server.RaftServerConfigKeys (ConfUtils.java:logGet(43)) - raft.server.log.appender.install.snapshot.enabled = true (default)
2019-06-14 07:38:38,788 INFO  impl.RaftServerImpl (ServerState.java:<init>(101)) - d5adef7a-39ad-4570-b55e-3e419ba6fc1f:group-05BE4B044465 ConfigurationManager, init=-1: [d5adef7a-39ad-4570-b55e-3e419ba6fc1f:192.168.134.69:45437], old=null, confs=<EMPTY_MAP>
2019-06-14 07:38:38,788 INFO  server.RaftServerConfigKeys (ConfUtils.java:logGet(43)) - raft.server.storage.dir = [/opt/src/hadoop-ozone/integration-test/target/test-dir/MiniOzoneClusterImpl-e845858a-40c4-451a-acc8-c6a8fec2ef52/datanode-4/data/ratis] (custom)
2019-06-14 07:38:38,788 INFO  storage.RaftStorageDirectory (RaftStorageDirectory.java:analyzeStorage(246)) - The storage directory /opt/src/hadoop-ozone/integration-test/target/test-dir/MiniOzoneClusterImpl-e845858a-40c4-451a-acc8-c6a8fec2ef52/datanode-4/data/ratis/1763d597-2818-4d2b-a940-05be4b044465 does not exist. Creating ...
2019-06-14 07:38:38,791 INFO  storage.RaftStorageDirectory (RaftStorageDirectory.java:tryLock(328)) - Lock on /opt/src/hadoop-ozone/integration-test/target/test-dir/MiniOzoneClusterImpl-e845858a-40c4-451a-acc8-c6a8fec2ef52/datanode-4/data/ratis/1763d597-2818-4d2b-a940-05be4b044465/in_use.lock acquired by nodename 11294@ozone-tm9qp-197714850
2019-06-14 07:38:38,793 INFO  storage.RaftStorage (RaftStorage.java:format(75)) - Storage directory /opt/src/hadoop-ozone/integration-test/target/test-dir/MiniOzoneClusterImpl-e845858a-40c4-451a-acc8-c6a8fec2ef52/datanode-4/data/ratis/1763d597-2818-4d2b-a940-05be4b044465 has been successfully formatted.
2019-06-14 07:38:38,793 INFO  ratis.ContainerStateMachine (ContainerStateMachine.java:loadSnapshot(199)) - The snapshot info is null.Setting the last applied index to:(t:0, i:~)
2019-06-14 07:38:38,793 INFO  server.RaftServerConfigKeys (ConfUtils.java:logGet(43)) - raft.server.leader.election.timeout = 120s (custom)
2019-06-14 07:38:38,793 INFO  server.RaftServerConfigKeys (ConfUtils.java:logGet(43)) - raft.server.log.use.memory = false (default)
2019-06-14 07:38:38,793 INFO  server.RaftServerConfigKeys (ConfUtils.java:logGet(43)) - raft.server.log.appender.buffer.byte-limit = 33554432 (custom)
2019-06-14 07:38:38,793 INFO  server.RaftServerConfigKeys (ConfUtils.java:logGet(43)) - raft.server.log.segment.size.max = 16384 (custom)
2019-06-14 07:38:38,793 INFO  server.RaftServerConfigKeys (ConfUtils.java:logGet(43)) - raft.server.log.segment.cache.num.max = 2 (custom)
2019-06-14 07:38:38,793 INFO  storage.RaftLogWorker (RaftLogWorker.java:<init>(123)) - new d5adef7a-39ad-4570-b55e-3e419ba6fc1f-RaftLogWorker for Storage Directory /opt/src/hadoop-ozone/integration-test/target/test-dir/MiniOzoneClusterImpl-e845858a-40c4-451a-acc8-c6a8fec2ef52/datanode-4/data/ratis/1763d597-2818-4d2b-a940-05be4b044465
2019-06-14 07:38:38,793 INFO  server.RaftServerConfigKeys (ConfUtils.java:logGet(43)) - raft.server.log.queue.byte-limit = 2147483647 (custom)
2019-06-14 07:38:38,793 INFO  server.RaftServerConfigKeys (ConfUtils.java:logGet(43)) - raft.server.log.queue.element-limit = 1024 (custom)
2019-06-14 07:38:38,793 INFO  server.RaftServerConfigKeys (ConfUtils.java:logGet(43)) - raft.server.log.segment.size.max = 16384 (custom)
2019-06-14 07:38:38,794 INFO  server.RaftServerConfigKeys (ConfUtils.java:logGet(43)) - raft.server.log.preallocated.size = 16384 (custom)
2019-06-14 07:38:38,794 INFO  server.RaftServerConfigKeys (ConfUtils.java:logGet(43)) - raft.server.log.write.buffer.size = 33554432 (custom)
2019-06-14 07:38:38,794 INFO  server.RaftServerConfigKeys (ConfUtils.java:logGet(43)) - raft.server.log.force.sync.num = 128 (default)
2019-06-14 07:38:38,794 INFO  server.RaftServerConfigKeys (ConfUtils.java:logGet(43)) - raft.server.log.statemachine.data.sync = true (default)
2019-06-14 07:38:38,794 INFO  server.RaftServerConfigKeys (ConfUtils.java:logGet(43)) - raft.server.log.statemachine.data.sync.timeout = 10s (default)
2019-06-14 07:38:38,794 INFO  server.RaftServerConfigKeys (ConfUtils.java:logGet(43)) - raft.server.log.statemachine.data.sync.timeout.retry = -1 (default)
2019-06-14 07:38:38,794 INFO  server.RaftServerConfigKeys (ConfUtils.java:logGet(43)) - raft.server.log.statemachine.data.caching.enabled = true (custom)
2019-06-14 07:38:38,794 INFO  server.RaftServerConfigKeys (ConfUtils.java:logGet(43)) - raft.server.snapshot.auto.trigger.enabled = true (custom)
2019-06-14 07:38:38,794 INFO  server.RaftServerConfigKeys (ConfUtils.java:logGet(43)) - raft.server.snapshot.auto.trigger.threshold = 10000 (custom)
2019-06-14 07:38:38,794 INFO  server.RaftServerConfigKeys (ConfUtils.java:logGet(43)) - raft.server.retrycache.expirytime = 600000ms (custom)
2019-06-14 07:38:38,795 INFO  impl.RaftServerImpl (RaftServerImpl.java:start(173)) - d5adef7a-39ad-4570-b55e-3e419ba6fc1f: start group-05BE4B044465
2019-06-14 07:38:38,795 INFO  impl.RaftServerImpl (RaftServerImpl.java:setRole(164)) - d5adef7a-39ad-4570-b55e-3e419ba6fc1f:group-05BE4B044465 changes role from null to FOLLOWER at term 0 for startAsFollower
2019-06-14 07:38:38,795 INFO  impl.RoleInfo (RoleInfo.java:updateAndGet(143)) - d5adef7a-39ad-4570-b55e-3e419ba6fc1f: start FollowerState
2019-06-14 07:38:38,795 INFO  util.JmxRegister (JmxRegister.java:tryRegister(44)) - Successfully registered JMX Bean with object name Ratis:service=RaftServer,group=group-05BE4B044465,id=d5adef7a-39ad-4570-b55e-3e419ba6fc1f
2019-06-14 07:38:38,796 INFO  pipeline.PipelineStateManager (PipelineStateManager.java:addPipeline(56)) - Created pipeline Pipeline[ Id: 1763d597-2818-4d2b-a940-05be4b044465, Nodes: d5adef7a-39ad-4570-b55e-3e419ba6fc1f{ip: 192.168.134.69, host: ozone-tm9qp-197714850, networkLocation: /default-rack, certSerialId: null}, Type:RATIS, Factor:ONE, State:OPEN]
2019-06-14 07:38:38,956 INFO  node.SCMNodeManager (SCMNodeManager.java:register(234)) - Registered Data node : 6239315d-57bf-4b8f-9091-7c97bb522017{ip: 192.168.134.69, host: ozone-tm9qp-197714850, networkLocation: /default-rack, certSerialId: null}
2019-06-14 07:38:38,965 INFO  impl.RaftServerProxy (RaftServerProxy.java:addNew(89)) - 6239315d-57bf-4b8f-9091-7c97bb522017: addNew group-2027D5E1CE22:[6239315d-57bf-4b8f-9091-7c97bb522017:192.168.134.69:38945] returns group-2027D5E1CE22:java.util.concurrent.CompletableFuture@6a672d8b[Not completed]
2019-06-14 07:38:38,966 INFO  impl.RaftServerImpl (RaftServerImpl.java:<init>(91)) - 6239315d-57bf-4b8f-9091-7c97bb522017: new RaftServerImpl for group-2027D5E1CE22:[6239315d-57bf-4b8f-9091-7c97bb522017:192.168.134.69:38945] with ContainerStateMachine:uninitialized
2019-06-14 07:38:38,966 INFO  server.RaftServerConfigKeys (ConfUtils.java:logGet(43)) - raft.server.rpc.timeout.min = 1s (custom)
2019-06-14 07:38:38,966 INFO  server.RaftServerConfigKeys (ConfUtils.java:logGet(43)) - raft.server.rpc.timeout.max = 1200ms (custom)
2019-06-14 07:38:38,966 INFO  server.RaftServerConfigKeys (ConfUtils.java:logGet(43)) - raft.server.rpcslowness.timeout = 120s (custom)
2019-06-14 07:38:38,966 INFO  server.RaftServerConfigKeys (ConfUtils.java:logGet(43)) - raft.server.log.appender.install.snapshot.enabled = true (default)
2019-06-14 07:38:38,966 INFO  impl.RaftServerImpl (ServerState.java:<init>(101)) - 6239315d-57bf-4b8f-9091-7c97bb522017:group-2027D5E1CE22 ConfigurationManager, init=-1: [6239315d-57bf-4b8f-9091-7c97bb522017:192.168.134.69:38945], old=null, confs=<EMPTY_MAP>
2019-06-14 07:38:38,966 INFO  server.RaftServerConfigKeys (ConfUtils.java:logGet(43)) - raft.server.storage.dir = [/opt/src/hadoop-ozone/integration-test/target/test-dir/MiniOzoneClusterImpl-e845858a-40c4-451a-acc8-c6a8fec2ef52/datanode-5/data/ratis] (custom)
2019-06-14 07:38:38,967 INFO  storage.RaftStorageDirectory (RaftStorageDirectory.java:analyzeStorage(246)) - The storage directory /opt/src/hadoop-ozone/integration-test/target/test-dir/MiniOzoneClusterImpl-e845858a-40c4-451a-acc8-c6a8fec2ef52/datanode-5/data/ratis/bf267fd9-a9d3-42d8-8b85-2027d5e1ce22 does not exist. Creating ...
2019-06-14 07:38:38,969 INFO  storage.RaftStorageDirectory (RaftStorageDirectory.java:tryLock(328)) - Lock on /opt/src/hadoop-ozone/integration-test/target/test-dir/MiniOzoneClusterImpl-e845858a-40c4-451a-acc8-c6a8fec2ef52/datanode-5/data/ratis/bf267fd9-a9d3-42d8-8b85-2027d5e1ce22/in_use.lock acquired by nodename 11294@ozone-tm9qp-197714850
2019-06-14 07:38:38,971 INFO  storage.RaftStorage (RaftStorage.java:format(75)) - Storage directory /opt/src/hadoop-ozone/integration-test/target/test-dir/MiniOzoneClusterImpl-e845858a-40c4-451a-acc8-c6a8fec2ef52/datanode-5/data/ratis/bf267fd9-a9d3-42d8-8b85-2027d5e1ce22 has been successfully formatted.
2019-06-14 07:38:38,971 INFO  ratis.ContainerStateMachine (ContainerStateMachine.java:loadSnapshot(199)) - The snapshot info is null.Setting the last applied index to:(t:0, i:~)
2019-06-14 07:38:38,971 INFO  server.RaftServerConfigKeys (ConfUtils.java:logGet(43)) - raft.server.leader.election.timeout = 120s (custom)
2019-06-14 07:38:38,971 INFO  server.RaftServerConfigKeys (ConfUtils.java:logGet(43)) - raft.server.log.use.memory = false (default)
2019-06-14 07:38:38,971 INFO  server.RaftServerConfigKeys (ConfUtils.java:logGet(43)) - raft.server.log.appender.buffer.byte-limit = 33554432 (custom)
2019-06-14 07:38:38,971 INFO  server.RaftServerConfigKeys (ConfUtils.java:logGet(43)) - raft.server.log.segment.size.max = 16384 (custom)
2019-06-14 07:38:38,971 INFO  server.RaftServerConfigKeys (ConfUtils.java:logGet(43)) - raft.server.log.segment.cache.num.max = 2 (custom)
2019-06-14 07:38:38,971 INFO  storage.RaftLogWorker (RaftLogWorker.java:<init>(123)) - new 6239315d-57bf-4b8f-9091-7c97bb522017-RaftLogWorker for Storage Directory /opt/src/hadoop-ozone/integration-test/target/test-dir/MiniOzoneClusterImpl-e845858a-40c4-451a-acc8-c6a8fec2ef52/datanode-5/data/ratis/bf267fd9-a9d3-42d8-8b85-2027d5e1ce22
2019-06-14 07:38:38,971 INFO  server.RaftServerConfigKeys (ConfUtils.java:logGet(43)) - raft.server.log.queue.byte-limit = 2147483647 (custom)
2019-06-14 07:38:38,971 INFO  server.RaftServerConfigKeys (ConfUtils.java:logGet(43)) - raft.server.log.queue.element-limit = 1024 (custom)
2019-06-14 07:38:38,971 INFO  server.RaftServerConfigKeys (ConfUtils.java:logGet(43)) - raft.server.log.segment.size.max = 16384 (custom)
2019-06-14 07:38:38,971 INFO  server.RaftServerConfigKeys (ConfUtils.java:logGet(43)) - raft.server.log.preallocated.size = 16384 (custom)
2019-06-14 07:38:38,971 INFO  server.RaftServerConfigKeys (ConfUtils.java:logGet(43)) - raft.server.log.write.buffer.size = 33554432 (custom)
2019-06-14 07:38:38,971 INFO  server.RaftServerConfigKeys (ConfUtils.java:logGet(43)) - raft.server.log.force.sync.num = 128 (default)
2019-06-14 07:38:38,972 INFO  server.RaftServerConfigKeys (ConfUtils.java:logGet(43)) - raft.server.log.statemachine.data.sync = true (default)
2019-06-14 07:38:38,972 INFO  server.RaftServerConfigKeys (ConfUtils.java:logGet(43)) - raft.server.log.statemachine.data.sync.timeout = 10s (default)
2019-06-14 07:38:38,972 INFO  server.RaftServerConfigKeys (ConfUtils.java:logGet(43)) - raft.server.log.statemachine.data.sync.timeout.retry = -1 (default)
2019-06-14 07:38:38,972 INFO  server.RaftServerConfigKeys (ConfUtils.java:logGet(43)) - raft.server.log.statemachine.data.caching.enabled = true (custom)
2019-06-14 07:38:38,972 INFO  server.RaftServerConfigKeys (ConfUtils.java:logGet(43)) - raft.server.snapshot.auto.trigger.enabled = true (custom)
2019-06-14 07:38:38,972 INFO  server.RaftServerConfigKeys (ConfUtils.java:logGet(43)) - raft.server.snapshot.auto.trigger.threshold = 10000 (custom)
2019-06-14 07:38:38,972 INFO  server.RaftServerConfigKeys (ConfUtils.java:logGet(43)) - raft.server.retrycache.expirytime = 600000ms (custom)
2019-06-14 07:38:38,972 INFO  impl.RaftServerImpl (RaftServerImpl.java:start(173)) - 6239315d-57bf-4b8f-9091-7c97bb522017: start group-2027D5E1CE22
2019-06-14 07:38:38,972 INFO  impl.RaftServerImpl (RaftServerImpl.java:setRole(164)) - 6239315d-57bf-4b8f-9091-7c97bb522017:group-2027D5E1CE22 changes role from null to FOLLOWER at term 0 for startAsFollower
2019-06-14 07:38:38,972 INFO  impl.RoleInfo (RoleInfo.java:updateAndGet(143)) - 6239315d-57bf-4b8f-9091-7c97bb522017: start FollowerState
2019-06-14 07:38:38,973 INFO  util.JmxRegister (JmxRegister.java:tryRegister(44)) - Successfully registered JMX Bean with object name Ratis:service=RaftServer,group=group-2027D5E1CE22,id=6239315d-57bf-4b8f-9091-7c97bb522017
2019-06-14 07:38:38,974 INFO  pipeline.PipelineStateManager (PipelineStateManager.java:addPipeline(56)) - Created pipeline Pipeline[ Id: bf267fd9-a9d3-42d8-8b85-2027d5e1ce22, Nodes: 6239315d-57bf-4b8f-9091-7c97bb522017{ip: 192.168.134.69, host: ozone-tm9qp-197714850, networkLocation: /default-rack, certSerialId: null}, Type:RATIS, Factor:ONE, State:OPEN]
2019-06-14 07:38:38,982 INFO  impl.RaftServerProxy (RaftServerProxy.java:addNew(89)) - 6239315d-57bf-4b8f-9091-7c97bb522017: addNew group-E591505BA632:[eaae30ce-bc95-43e1-80d2-d5999127ec25:192.168.134.69:42345, 6239315d-57bf-4b8f-9091-7c97bb522017:192.168.134.69:38945, d5adef7a-39ad-4570-b55e-3e419ba6fc1f:192.168.134.69:45437] returns group-E591505BA632:java.util.concurrent.CompletableFuture@a54bb99[Not completed]
2019-06-14 07:38:38,983 INFO  impl.RaftServerProxy (RaftServerProxy.java:addNew(89)) - d5adef7a-39ad-4570-b55e-3e419ba6fc1f: addNew group-E591505BA632:[eaae30ce-bc95-43e1-80d2-d5999127ec25:192.168.134.69:42345, 6239315d-57bf-4b8f-9091-7c97bb522017:192.168.134.69:38945, d5adef7a-39ad-4570-b55e-3e419ba6fc1f:192.168.134.69:45437] returns group-E591505BA632:java.util.concurrent.CompletableFuture@664b27a8[Not completed]
2019-06-14 07:38:38,984 INFO  impl.RaftServerProxy (RaftServerProxy.java:addNew(89)) - eaae30ce-bc95-43e1-80d2-d5999127ec25: addNew group-E591505BA632:[eaae30ce-bc95-43e1-80d2-d5999127ec25:192.168.134.69:42345, 6239315d-57bf-4b8f-9091-7c97bb522017:192.168.134.69:38945, d5adef7a-39ad-4570-b55e-3e419ba6fc1f:192.168.134.69:45437] returns group-E591505BA632:java.util.concurrent.CompletableFuture@3128eee5[Not completed]
2019-06-14 07:38:38,985 INFO  impl.RaftServerImpl (RaftServerImpl.java:<init>(91)) - 6239315d-57bf-4b8f-9091-7c97bb522017: new RaftServerImpl for group-E591505BA632:[eaae30ce-bc95-43e1-80d2-d5999127ec25:192.168.134.69:42345, 6239315d-57bf-4b8f-9091-7c97bb522017:192.168.134.69:38945, d5adef7a-39ad-4570-b55e-3e419ba6fc1f:192.168.134.69:45437] with ContainerStateMachine:uninitialized
2019-06-14 07:38:38,985 INFO  server.RaftServerConfigKeys (ConfUtils.java:logGet(43)) - raft.server.rpc.timeout.min = 1s (custom)
2019-06-14 07:38:38,985 INFO  server.RaftServerConfigKeys (ConfUtils.java:logGet(43)) - raft.server.rpc.timeout.max = 1200ms (custom)
2019-06-14 07:38:38,985 INFO  server.RaftServerConfigKeys (ConfUtils.java:logGet(43)) - raft.server.rpcslowness.timeout = 120s (custom)
2019-06-14 07:38:38,985 INFO  server.RaftServerConfigKeys (ConfUtils.java:logGet(43)) - raft.server.log.appender.install.snapshot.enabled = true (default)
2019-06-14 07:38:38,985 INFO  impl.RaftServerImpl (RaftServerImpl.java:<init>(91)) - d5adef7a-39ad-4570-b55e-3e419ba6fc1f: new RaftServerImpl for group-E591505BA632:[eaae30ce-bc95-43e1-80d2-d5999127ec25:192.168.134.69:42345, 6239315d-57bf-4b8f-9091-7c97bb522017:192.168.134.69:38945, d5adef7a-39ad-4570-b55e-3e419ba6fc1f:192.168.134.69:45437] with ContainerStateMachine:uninitialized
2019-06-14 07:38:38,985 INFO  impl.RaftServerImpl (ServerState.java:<init>(101)) - 6239315d-57bf-4b8f-9091-7c97bb522017:group-E591505BA632 ConfigurationManager, init=-1: [eaae30ce-bc95-43e1-80d2-d5999127ec25:192.168.134.69:42345, 6239315d-57bf-4b8f-9091-7c97bb522017:192.168.134.69:38945, d5adef7a-39ad-4570-b55e-3e419ba6fc1f:192.168.134.69:45437], old=null, confs=<EMPTY_MAP>
2019-06-14 07:38:38,985 INFO  server.RaftServerConfigKeys (ConfUtils.java:logGet(43)) - raft.server.rpc.timeout.min = 1s (custom)
2019-06-14 07:38:38,985 INFO  impl.RaftServerImpl (RaftServerImpl.java:<init>(91)) - eaae30ce-bc95-43e1-80d2-d5999127ec25: new RaftServerImpl for group-E591505BA632:[eaae30ce-bc95-43e1-80d2-d5999127ec25:192.168.134.69:42345, 6239315d-57bf-4b8f-9091-7c97bb522017:192.168.134.69:38945, d5adef7a-39ad-4570-b55e-3e419ba6fc1f:192.168.134.69:45437] with ContainerStateMachine:uninitialized
2019-06-14 07:38:38,986 INFO  server.RaftServerConfigKeys (ConfUtils.java:logGet(43)) - raft.server.rpc.timeout.max = 1200ms (custom)
2019-06-14 07:38:38,986 INFO  server.RaftServerConfigKeys (ConfUtils.java:logGet(43)) - raft.server.rpc.timeout.min = 1s (custom)
2019-06-14 07:38:38,986 INFO  server.RaftServerConfigKeys (ConfUtils.java:logGet(43)) - raft.server.storage.dir = [/opt/src/hadoop-ozone/integration-test/target/test-dir/MiniOzoneClusterImpl-e845858a-40c4-451a-acc8-c6a8fec2ef52/datanode-5/data/ratis] (custom)
2019-06-14 07:38:38,986 INFO  server.RaftServerConfigKeys (ConfUtils.java:logGet(43)) - raft.server.rpcslowness.timeout = 120s (custom)
2019-06-14 07:38:38,986 INFO  server.RaftServerConfigKeys (ConfUtils.java:logGet(43)) - raft.server.log.appender.install.snapshot.enabled = true (default)
2019-06-14 07:38:38,986 INFO  impl.RaftServerImpl (ServerState.java:<init>(101)) - d5adef7a-39ad-4570-b55e-3e419ba6fc1f:group-E591505BA632 ConfigurationManager, init=-1: [eaae30ce-bc95-43e1-80d2-d5999127ec25:192.168.134.69:42345, 6239315d-57bf-4b8f-9091-7c97bb522017:192.168.134.69:38945, d5adef7a-39ad-4570-b55e-3e419ba6fc1f:192.168.134.69:45437], old=null, confs=<EMPTY_MAP>
2019-06-14 07:38:38,986 INFO  server.RaftServerConfigKeys (ConfUtils.java:logGet(43)) - raft.server.storage.dir = [/opt/src/hadoop-ozone/integration-test/target/test-dir/MiniOzoneClusterImpl-e845858a-40c4-451a-acc8-c6a8fec2ef52/datanode-4/data/ratis] (custom)
2019-06-14 07:38:38,986 INFO  storage.RaftStorageDirectory (RaftStorageDirectory.java:analyzeStorage(246)) - The storage directory /opt/src/hadoop-ozone/integration-test/target/test-dir/MiniOzoneClusterImpl-e845858a-40c4-451a-acc8-c6a8fec2ef52/datanode-4/data/ratis/e9d6d163-5c64-4546-8777-e591505ba632 does not exist. Creating ...
2019-06-14 07:38:38,986 INFO  server.RaftServerConfigKeys (ConfUtils.java:logGet(43)) - raft.server.rpc.timeout.max = 1200ms (custom)
2019-06-14 07:38:38,986 INFO  storage.RaftStorageDirectory (RaftStorageDirectory.java:analyzeStorage(246)) - The storage directory /opt/src/hadoop-ozone/integration-test/target/test-dir/MiniOzoneClusterImpl-e845858a-40c4-451a-acc8-c6a8fec2ef52/datanode-5/data/ratis/e9d6d163-5c64-4546-8777-e591505ba632 does not exist. Creating ...
2019-06-14 07:38:38,987 INFO  server.RaftServerConfigKeys (ConfUtils.java:logGet(43)) - raft.server.rpcslowness.timeout = 120s (custom)
2019-06-14 07:38:38,987 INFO  server.RaftServerConfigKeys (ConfUtils.java:logGet(43)) - raft.server.log.appender.install.snapshot.enabled = true (default)
2019-06-14 07:38:38,987 INFO  impl.RaftServerImpl (ServerState.java:<init>(101)) - eaae30ce-bc95-43e1-80d2-d5999127ec25:group-E591505BA632 ConfigurationManager, init=-1: [eaae30ce-bc95-43e1-80d2-d5999127ec25:192.168.134.69:42345, 6239315d-57bf-4b8f-9091-7c97bb522017:192.168.134.69:38945, d5adef7a-39ad-4570-b55e-3e419ba6fc1f:192.168.134.69:45437], old=null, confs=<EMPTY_MAP>
2019-06-14 07:38:38,987 INFO  server.RaftServerConfigKeys (ConfUtils.java:logGet(43)) - raft.server.storage.dir = [/opt/src/hadoop-ozone/integration-test/target/test-dir/MiniOzoneClusterImpl-e845858a-40c4-451a-acc8-c6a8fec2ef52/datanode-3/data/ratis] (custom)
2019-06-14 07:38:38,988 INFO  storage.RaftStorageDirectory (RaftStorageDirectory.java:analyzeStorage(246)) - The storage directory /opt/src/hadoop-ozone/integration-test/target/test-dir/MiniOzoneClusterImpl-e845858a-40c4-451a-acc8-c6a8fec2ef52/datanode-3/data/ratis/e9d6d163-5c64-4546-8777-e591505ba632 does not exist. Creating ...
2019-06-14 07:38:38,989 INFO  storage.RaftStorageDirectory (RaftStorageDirectory.java:tryLock(328)) - Lock on /opt/src/hadoop-ozone/integration-test/target/test-dir/MiniOzoneClusterImpl-e845858a-40c4-451a-acc8-c6a8fec2ef52/datanode-5/data/ratis/e9d6d163-5c64-4546-8777-e591505ba632/in_use.lock acquired by nodename 11294@ozone-tm9qp-197714850
2019-06-14 07:38:38,989 INFO  storage.RaftStorageDirectory (RaftStorageDirectory.java:tryLock(328)) - Lock on /opt/src/hadoop-ozone/integration-test/target/test-dir/MiniOzoneClusterImpl-e845858a-40c4-451a-acc8-c6a8fec2ef52/datanode-4/data/ratis/e9d6d163-5c64-4546-8777-e591505ba632/in_use.lock acquired by nodename 11294@ozone-tm9qp-197714850
2019-06-14 07:38:38,990 INFO  storage.RaftStorageDirectory (RaftStorageDirectory.java:tryLock(328)) - Lock on /opt/src/hadoop-ozone/integration-test/target/test-dir/MiniOzoneClusterImpl-e845858a-40c4-451a-acc8-c6a8fec2ef52/datanode-3/data/ratis/e9d6d163-5c64-4546-8777-e591505ba632/in_use.lock acquired by nodename 11294@ozone-tm9qp-197714850
2019-06-14 07:38:38,992 INFO  storage.RaftStorage (RaftStorage.java:format(75)) - Storage directory /opt/src/hadoop-ozone/integration-test/target/test-dir/MiniOzoneClusterImpl-e845858a-40c4-451a-acc8-c6a8fec2ef52/datanode-4/data/ratis/e9d6d163-5c64-4546-8777-e591505ba632 has been successfully formatted.
2019-06-14 07:38:38,992 INFO  storage.RaftStorage (RaftStorage.java:format(75)) - Storage directory /opt/src/hadoop-ozone/integration-test/target/test-dir/MiniOzoneClusterImpl-e845858a-40c4-451a-acc8-c6a8fec2ef52/datanode-5/data/ratis/e9d6d163-5c64-4546-8777-e591505ba632 has been successfully formatted.
2019-06-14 07:38:38,992 INFO  ratis.ContainerStateMachine (ContainerStateMachine.java:loadSnapshot(199)) - The snapshot info is null.Setting the last applied index to:(t:0, i:~)
2019-06-14 07:38:38,992 INFO  ratis.ContainerStateMachine (ContainerStateMachine.java:loadSnapshot(199)) - The snapshot info is null.Setting the last applied index to:(t:0, i:~)
2019-06-14 07:38:38,992 INFO  server.RaftServerConfigKeys (ConfUtils.java:logGet(43)) - raft.server.leader.election.timeout = 120s (custom)
2019-06-14 07:38:38,992 INFO  server.RaftServerConfigKeys (ConfUtils.java:logGet(43)) - raft.server.leader.election.timeout = 120s (custom)
2019-06-14 07:38:38,992 INFO  server.RaftServerConfigKeys (ConfUtils.java:logGet(43)) - raft.server.log.use.memory = false (default)
2019-06-14 07:38:38,992 INFO  server.RaftServerConfigKeys (ConfUtils.java:logGet(43)) - raft.server.log.use.memory = false (default)
2019-06-14 07:38:38,992 INFO  server.RaftServerConfigKeys (ConfUtils.java:logGet(43)) - raft.server.log.appender.buffer.byte-limit = 33554432 (custom)
2019-06-14 07:38:38,993 INFO  server.RaftServerConfigKeys (ConfUtils.java:logGet(43)) - raft.server.log.appender.buffer.byte-limit = 33554432 (custom)
2019-06-14 07:38:38,993 INFO  server.RaftServerConfigKeys (ConfUtils.java:logGet(43)) - raft.server.log.segment.size.max = 16384 (custom)
2019-06-14 07:38:38,993 INFO  server.RaftServerConfigKeys (ConfUtils.java:logGet(43)) - raft.server.log.segment.size.max = 16384 (custom)
2019-06-14 07:38:38,993 INFO  server.RaftServerConfigKeys (ConfUtils.java:logGet(43)) - raft.server.log.segment.cache.num.max = 2 (custom)
2019-06-14 07:38:38,993 INFO  storage.RaftStorage (RaftStorage.java:format(75)) - Storage directory /opt/src/hadoop-ozone/integration-test/target/test-dir/MiniOzoneClusterImpl-e845858a-40c4-451a-acc8-c6a8fec2ef52/datanode-3/data/ratis/e9d6d163-5c64-4546-8777-e591505ba632 has been successfully formatted.
2019-06-14 07:38:38,993 INFO  storage.RaftLogWorker (RaftLogWorker.java:<init>(123)) - new d5adef7a-39ad-4570-b55e-3e419ba6fc1f-RaftLogWorker for Storage Directory /opt/src/hadoop-ozone/integration-test/target/test-dir/MiniOzoneClusterImpl-e845858a-40c4-451a-acc8-c6a8fec2ef52/datanode-4/data/ratis/e9d6d163-5c64-4546-8777-e591505ba632
2019-06-14 07:38:38,993 INFO  server.RaftServerConfigKeys (ConfUtils.java:logGet(43)) - raft.server.log.segment.cache.num.max = 2 (custom)
2019-06-14 07:38:38,993 INFO  server.RaftServerConfigKeys (ConfUtils.java:logGet(43)) - raft.server.log.queue.byte-limit = 2147483647 (custom)
2019-06-14 07:38:38,993 INFO  ratis.ContainerStateMachine (ContainerStateMachine.java:loadSnapshot(199)) - The snapshot info is null.Setting the last applied index to:(t:0, i:~)
2019-06-14 07:38:38,993 INFO  server.RaftServerConfigKeys (ConfUtils.java:logGet(43)) - raft.server.log.queue.element-limit = 1024 (custom)
2019-06-14 07:38:38,993 INFO  storage.RaftLogWorker (RaftLogWorker.java:<init>(123)) - new 6239315d-57bf-4b8f-9091-7c97bb522017-RaftLogWorker for Storage Directory /opt/src/hadoop-ozone/integration-test/target/test-dir/MiniOzoneClusterImpl-e845858a-40c4-451a-acc8-c6a8fec2ef52/datanode-5/data/ratis/e9d6d163-5c64-4546-8777-e591505ba632
2019-06-14 07:38:38,994 INFO  server.RaftServerConfigKeys (ConfUtils.java:logGet(43)) - raft.server.log.segment.size.max = 16384 (custom)
2019-06-14 07:38:38,993 INFO  server.RaftServerConfigKeys (ConfUtils.java:logGet(43)) - raft.server.leader.election.timeout = 120s (custom)
2019-06-14 07:38:38,994 INFO  server.RaftServerConfigKeys (ConfUtils.java:logGet(43)) - raft.server.log.preallocated.size = 16384 (custom)
2019-06-14 07:38:38,994 INFO  server.RaftServerConfigKeys (ConfUtils.java:logGet(43)) - raft.server.log.queue.byte-limit = 2147483647 (custom)
2019-06-14 07:38:38,994 INFO  server.RaftServerConfigKeys (ConfUtils.java:logGet(43)) - raft.server.log.write.buffer.size = 33554432 (custom)
2019-06-14 07:38:38,994 INFO  server.RaftServerConfigKeys (ConfUtils.java:logGet(43)) - raft.server.log.use.memory = false (default)
2019-06-14 07:38:38,994 INFO  server.RaftServerConfigKeys (ConfUtils.java:logGet(43)) - raft.server.log.force.sync.num = 128 (default)
2019-06-14 07:38:38,994 INFO  server.RaftServerConfigKeys (ConfUtils.java:logGet(43)) - raft.server.log.queue.element-limit = 1024 (custom)
2019-06-14 07:38:38,994 INFO  server.RaftServerConfigKeys (ConfUtils.java:logGet(43)) - raft.server.log.statemachine.data.sync = true (default)
2019-06-14 07:38:38,994 INFO  server.RaftServerConfigKeys (ConfUtils.java:logGet(43)) - raft.server.log.appender.buffer.byte-limit = 33554432 (custom)
2019-06-14 07:38:38,994 INFO  server.RaftServerConfigKeys (ConfUtils.java:logGet(43)) - raft.server.log.statemachine.data.sync.timeout = 10s (default)
2019-06-14 07:38:38,994 INFO  server.RaftServerConfigKeys (ConfUtils.java:logGet(43)) - raft.server.log.segment.size.max = 16384 (custom)
2019-06-14 07:38:38,994 INFO  server.RaftServerConfigKeys (ConfUtils.java:logGet(43)) - raft.server.log.statemachine.data.sync.timeout.retry = -1 (default)
2019-06-14 07:38:38,994 INFO  server.RaftServerConfigKeys (ConfUtils.java:logGet(43)) - raft.server.log.segment.size.max = 16384 (custom)
2019-06-14 07:38:38,995 INFO  server.RaftServerConfigKeys (ConfUtils.java:logGet(43)) - raft.server.log.statemachine.data.caching.enabled = true (custom)
2019-06-14 07:38:38,995 INFO  server.RaftServerConfigKeys (ConfUtils.java:logGet(43)) - raft.server.log.preallocated.size = 16384 (custom)
2019-06-14 07:38:38,995 INFO  server.RaftServerConfigKeys (ConfUtils.java:logGet(43)) - raft.server.log.segment.cache.num.max = 2 (custom)
2019-06-14 07:38:38,995 INFO  server.RaftServerConfigKeys (ConfUtils.java:logGet(43)) - raft.server.snapshot.auto.trigger.enabled = true (custom)
2019-06-14 07:38:38,995 INFO  server.RaftServerConfigKeys (ConfUtils.java:logGet(43)) - raft.server.log.write.buffer.size = 33554432 (custom)
2019-06-14 07:38:38,995 INFO  server.RaftServerConfigKeys (ConfUtils.java:logGet(43)) - raft.server.snapshot.auto.trigger.threshold = 10000 (custom)
2019-06-14 07:38:38,995 INFO  storage.RaftLogWorker (RaftLogWorker.java:<init>(123)) - new eaae30ce-bc95-43e1-80d2-d5999127ec25-RaftLogWorker for Storage Directory /opt/src/hadoop-ozone/integration-test/target/test-dir/MiniOzoneClusterImpl-e845858a-40c4-451a-acc8-c6a8fec2ef52/datanode-3/data/ratis/e9d6d163-5c64-4546-8777-e591505ba632
2019-06-14 07:38:38,995 INFO  server.RaftServerConfigKeys (ConfUtils.java:logGet(43)) - raft.server.retrycache.expirytime = 600000ms (custom)
2019-06-14 07:38:38,995 INFO  impl.RaftServerImpl (RaftServerImpl.java:start(173)) - d5adef7a-39ad-4570-b55e-3e419ba6fc1f: start group-E591505BA632
2019-06-14 07:38:38,995 INFO  impl.RaftServerImpl (RaftServerImpl.java:setRole(164)) - d5adef7a-39ad-4570-b55e-3e419ba6fc1f:group-E591505BA632 changes role from null to FOLLOWER at term 0 for startAsFollower
2019-06-14 07:38:38,996 INFO  impl.RoleInfo (RoleInfo.java:updateAndGet(143)) - d5adef7a-39ad-4570-b55e-3e419ba6fc1f: start FollowerState
2019-06-14 07:38:38,995 INFO  server.RaftServerConfigKeys (ConfUtils.java:logGet(43)) - raft.server.log.force.sync.num = 128 (default)
2019-06-14 07:38:38,995 INFO  server.RaftServerConfigKeys (ConfUtils.java:logGet(43)) - raft.server.log.queue.byte-limit = 2147483647 (custom)
2019-06-14 07:38:38,996 INFO  util.JmxRegister (JmxRegister.java:tryRegister(44)) - Successfully registered JMX Bean with object name Ratis:service=RaftServer,group=group-E591505BA632,id=d5adef7a-39ad-4570-b55e-3e419ba6fc1f
2019-06-14 07:38:38,996 INFO  server.RaftServerConfigKeys (ConfUtils.java:logGet(43)) - raft.server.log.statemachine.data.sync = true (default)
2019-06-14 07:38:38,996 INFO  server.RaftServerConfigKeys (ConfUtils.java:logGet(43)) - raft.server.log.queue.element-limit = 1024 (custom)
2019-06-14 07:38:38,996 INFO  server.RaftServerConfigKeys (ConfUtils.java:logGet(43)) - raft.server.log.segment.size.max = 16384 (custom)
2019-06-14 07:38:38,996 INFO  server.RaftServerConfigKeys (ConfUtils.java:logGet(43)) - raft.server.log.preallocated.size = 16384 (custom)
2019-06-14 07:38:38,997 INFO  server.RaftServerConfigKeys (ConfUtils.java:logGet(43)) - raft.server.log.write.buffer.size = 33554432 (custom)
2019-06-14 07:38:38,997 INFO  server.RaftServerConfigKeys (ConfUtils.java:logGet(43)) - raft.server.log.force.sync.num = 128 (default)
2019-06-14 07:38:38,997 INFO  server.RaftServerConfigKeys (ConfUtils.java:logGet(43)) - raft.server.log.statemachine.data.sync = true (default)
2019-06-14 07:38:38,997 INFO  server.RaftServerConfigKeys (ConfUtils.java:logGet(43)) - raft.server.log.statemachine.data.sync.timeout = 10s (default)
2019-06-14 07:38:38,997 INFO  server.RaftServerConfigKeys (ConfUtils.java:logGet(43)) - raft.server.log.statemachine.data.sync.timeout.retry = -1 (default)
2019-06-14 07:38:38,997 INFO  server.RaftServerConfigKeys (ConfUtils.java:logGet(43)) - raft.server.log.statemachine.data.caching.enabled = true (custom)
2019-06-14 07:38:38,997 INFO  server.RaftServerConfigKeys (ConfUtils.java:logGet(43)) - raft.server.log.statemachine.data.sync.timeout = 10s (default)
2019-06-14 07:38:38,997 INFO  server.RaftServerConfigKeys (ConfUtils.java:logGet(43)) - raft.server.log.statemachine.data.sync.timeout.retry = -1 (default)
2019-06-14 07:38:38,997 INFO  server.RaftServerConfigKeys (ConfUtils.java:logGet(43)) - raft.server.snapshot.auto.trigger.enabled = true (custom)
2019-06-14 07:38:38,998 INFO  server.RaftServerConfigKeys (ConfUtils.java:logGet(43)) - raft.server.snapshot.auto.trigger.threshold = 10000 (custom)
2019-06-14 07:38:38,998 INFO  server.RaftServerConfigKeys (ConfUtils.java:logGet(43)) - raft.server.retrycache.expirytime = 600000ms (custom)
2019-06-14 07:38:38,998 INFO  impl.RaftServerImpl (RaftServerImpl.java:start(173)) - eaae30ce-bc95-43e1-80d2-d5999127ec25: start group-E591505BA632
2019-06-14 07:38:38,998 INFO  impl.RaftServerImpl (RaftServerImpl.java:setRole(164)) - eaae30ce-bc95-43e1-80d2-d5999127ec25:group-E591505BA632 changes role from null to FOLLOWER at term 0 for startAsFollower
2019-06-14 07:38:38,998 INFO  impl.RoleInfo (RoleInfo.java:updateAndGet(143)) - eaae30ce-bc95-43e1-80d2-d5999127ec25: start FollowerState
2019-06-14 07:38:38,998 INFO  util.JmxRegister (JmxRegister.java:tryRegister(44)) - Successfully registered JMX Bean with object name Ratis:service=RaftServer,group=group-E591505BA632,id=eaae30ce-bc95-43e1-80d2-d5999127ec25
2019-06-14 07:38:39,002 INFO  server.RaftServerConfigKeys (ConfUtils.java:logGet(43)) - raft.server.log.statemachine.data.caching.enabled = true (custom)
2019-06-14 07:38:39,003 INFO  server.RaftServerConfigKeys (ConfUtils.java:logGet(43)) - raft.server.snapshot.auto.trigger.enabled = true (custom)
2019-06-14 07:38:39,003 INFO  server.RaftServerConfigKeys (ConfUtils.java:logGet(43)) - raft.server.snapshot.auto.trigger.threshold = 10000 (custom)
2019-06-14 07:38:39,004 INFO  server.RaftServerConfigKeys (ConfUtils.java:logGet(43)) - raft.server.retrycache.expirytime = 600000ms (custom)
2019-06-14 07:38:39,004 INFO  impl.RaftServerImpl (RaftServerImpl.java:start(173)) - 6239315d-57bf-4b8f-9091-7c97bb522017: start group-E591505BA632
2019-06-14 07:38:39,004 INFO  impl.RaftServerImpl (RaftServerImpl.java:setRole(164)) - 6239315d-57bf-4b8f-9091-7c97bb522017:group-E591505BA632 changes role from null to FOLLOWER at term 0 for startAsFollower
2019-06-14 07:38:39,004 INFO  impl.RoleInfo (RoleInfo.java:updateAndGet(143)) - 6239315d-57bf-4b8f-9091-7c97bb522017: start FollowerState
2019-06-14 07:38:39,005 INFO  util.JmxRegister (JmxRegister.java:tryRegister(44)) - Successfully registered JMX Bean with object name Ratis:service=RaftServer,group=group-E591505BA632,id=6239315d-57bf-4b8f-9091-7c97bb522017
2019-06-14 07:38:39,011 INFO  pipeline.PipelineStateManager (PipelineStateManager.java:addPipeline(56)) - Created pipeline Pipeline[ Id: e9d6d163-5c64-4546-8777-e591505ba632, Nodes: 6239315d-57bf-4b8f-9091-7c97bb522017{ip: 192.168.134.69, host: ozone-tm9qp-197714850, networkLocation: /default-rack, certSerialId: null}d5adef7a-39ad-4570-b55e-3e419ba6fc1f{ip: 192.168.134.69, host: ozone-tm9qp-197714850, networkLocation: /default-rack, certSerialId: null}eaae30ce-bc95-43e1-80d2-d5999127ec25{ip: 192.168.134.69, host: ozone-tm9qp-197714850, networkLocation: /default-rack, certSerialId: null}, Type:RATIS, Factor:THREE, State:OPEN]
2019-06-14 07:38:39,098 INFO  impl.FollowerState (FollowerState.java:run(101)) - 578092ab-b70b-4ebd-aded-cbd888e596c7:group-0D780B14B8FD changes to CANDIDATE, lastRpcTime:1010, electionTimeout:1010ms
2019-06-14 07:38:39,098 INFO  impl.RoleInfo (RoleInfo.java:shutdownFollowerState(121)) - 578092ab-b70b-4ebd-aded-cbd888e596c7: shutdown FollowerState
2019-06-14 07:38:39,098 INFO  impl.RaftServerImpl (RaftServerImpl.java:setRole(164)) - 578092ab-b70b-4ebd-aded-cbd888e596c7:group-0D780B14B8FD changes role from FOLLOWER to CANDIDATE at term 0 for changeToCandidate
2019-06-14 07:38:39,098 INFO  impl.RoleInfo (RoleInfo.java:updateAndGet(143)) - 578092ab-b70b-4ebd-aded-cbd888e596c7: start LeaderElection
2019-06-14 07:38:39,105 INFO  impl.LeaderElection (LeaderElection.java:askForVotes(181)) - 578092ab-b70b-4ebd-aded-cbd888e596c7:group-0D780B14B8FD:LeaderElection25: begin an election at term 1 for -1: [578092ab-b70b-4ebd-aded-cbd888e596c7:192.168.134.69:39399], old=null
2019-06-14 07:38:39,106 INFO  impl.RoleInfo (RoleInfo.java:shutdownLeaderElection(134)) - 578092ab-b70b-4ebd-aded-cbd888e596c7: shutdown LeaderElection
2019-06-14 07:38:39,106 INFO  impl.RaftServerImpl (RaftServerImpl.java:setRole(164)) - 578092ab-b70b-4ebd-aded-cbd888e596c7:group-0D780B14B8FD changes role from CANDIDATE to LEADER at term 1 for changeToLeader
2019-06-14 07:38:39,106 INFO  impl.RaftServerImpl (ServerState.java:setLeader(263)) - 578092ab-b70b-4ebd-aded-cbd888e596c7:group-0D780B14B8FD change Leader from null to 578092ab-b70b-4ebd-aded-cbd888e596c7 at term 1 for becomeLeader, leader elected after 1020ms
2019-06-14 07:38:39,106 INFO  server.RaftServerConfigKeys (ConfUtils.java:logGet(43)) - raft.server.staging.catchup.gap = 1000 (default)
2019-06-14 07:38:39,107 INFO  server.RaftServerConfigKeys (ConfUtils.java:logGet(43)) - raft.server.rpc.sleep.time = 25ms (default)
2019-06-14 07:38:39,107 INFO  server.RaftServerConfigKeys (ConfUtils.java:logGet(43)) - raft.server.watch.timeout = 10s (default)
2019-06-14 07:38:39,107 INFO  server.RaftServerConfigKeys (ConfUtils.java:logGet(43)) - raft.server.watch.timeout.denomination = 1s (default)
2019-06-14 07:38:39,107 INFO  impl.RoleInfo (RoleInfo.java:updateAndGet(143)) - 578092ab-b70b-4ebd-aded-cbd888e596c7: start LeaderState
2019-06-14 07:38:39,107 INFO  storage.RaftLogWorker (RaftLogWorker.java:startLogSegment(298)) - 578092ab-b70b-4ebd-aded-cbd888e596c7-RaftLogWorker: Starting segment from index:0
2019-06-14 07:38:39,108 INFO  impl.RaftServerImpl (ServerState.java:setRaftConf(361)) - 578092ab-b70b-4ebd-aded-cbd888e596c7:group-0D780B14B8FD set configuration 0: [578092ab-b70b-4ebd-aded-cbd888e596c7:192.168.134.69:39399], old=null at 0
2019-06-14 07:38:39,114 INFO  ozone.MiniOzoneClusterImpl (MiniOzoneClusterImpl.java:lambda$waitForClusterToBeReady$0(142)) - Waiting for cluster to be ready. Got 6 of 7 DN Heartbeats.
2019-06-14 07:38:39,115 INFO  node.SCMNodeManager (SCMNodeManager.java:register(234)) - Registered Data node : 1738f7e9-945b-4a2f-842c-90a3006766cd{ip: 192.168.134.69, host: ozone-tm9qp-197714850, networkLocation: /default-rack, certSerialId: null}
2019-06-14 07:38:39,127 INFO  impl.RaftServerProxy (RaftServerProxy.java:addNew(89)) - 1738f7e9-945b-4a2f-842c-90a3006766cd: addNew group-E9C32D62E281:[1738f7e9-945b-4a2f-842c-90a3006766cd:192.168.134.69:38843] returns group-E9C32D62E281:java.util.concurrent.CompletableFuture@2e7974a6[Not completed]
2019-06-14 07:38:39,128 INFO  impl.RaftServerImpl (RaftServerImpl.java:<init>(91)) - 1738f7e9-945b-4a2f-842c-90a3006766cd: new RaftServerImpl for group-E9C32D62E281:[1738f7e9-945b-4a2f-842c-90a3006766cd:192.168.134.69:38843] with ContainerStateMachine:uninitialized
2019-06-14 07:38:39,128 INFO  server.RaftServerConfigKeys (ConfUtils.java:logGet(43)) - raft.server.rpc.timeout.min = 1s (custom)
2019-06-14 07:38:39,128 INFO  server.RaftServerConfigKeys (ConfUtils.java:logGet(43)) - raft.server.rpc.timeout.max = 1200ms (custom)
2019-06-14 07:38:39,128 INFO  server.RaftServerConfigKeys (ConfUtils.java:logGet(43)) - raft.server.rpcslowness.timeout = 120s (custom)
2019-06-14 07:38:39,128 INFO  server.RaftServerConfigKeys (ConfUtils.java:logGet(43)) - raft.server.log.appender.install.snapshot.enabled = true (default)
2019-06-14 07:38:39,128 INFO  impl.RaftServerImpl (ServerState.java:<init>(101)) - 1738f7e9-945b-4a2f-842c-90a3006766cd:group-E9C32D62E281 ConfigurationManager, init=-1: [1738f7e9-945b-4a2f-842c-90a3006766cd:192.168.134.69:38843], old=null, confs=<EMPTY_MAP>
2019-06-14 07:38:39,128 INFO  server.RaftServerConfigKeys (ConfUtils.java:logGet(43)) - raft.server.storage.dir = [/opt/src/hadoop-ozone/integration-test/target/test-dir/MiniOzoneClusterImpl-e845858a-40c4-451a-acc8-c6a8fec2ef52/datanode-6/data/ratis] (custom)
2019-06-14 07:38:39,128 INFO  storage.RaftStorageDirectory (RaftStorageDirectory.java:analyzeStorage(246)) - The storage directory /opt/src/hadoop-ozone/integration-test/target/test-dir/MiniOzoneClusterImpl-e845858a-40c4-451a-acc8-c6a8fec2ef52/datanode-6/data/ratis/f2cf2769-d3aa-4879-846e-e9c32d62e281 does not exist. Creating ...
2019-06-14 07:38:39,130 INFO  storage.RaftStorageDirectory (RaftStorageDirectory.java:tryLock(328)) - Lock on /opt/src/hadoop-ozone/integration-test/target/test-dir/MiniOzoneClusterImpl-e845858a-40c4-451a-acc8-c6a8fec2ef52/datanode-6/data/ratis/f2cf2769-d3aa-4879-846e-e9c32d62e281/in_use.lock acquired by nodename 11294@ozone-tm9qp-197714850
2019-06-14 07:38:39,133 INFO  storage.RaftStorage (RaftStorage.java:format(75)) - Storage directory /opt/src/hadoop-ozone/integration-test/target/test-dir/MiniOzoneClusterImpl-e845858a-40c4-451a-acc8-c6a8fec2ef52/datanode-6/data/ratis/f2cf2769-d3aa-4879-846e-e9c32d62e281 has been successfully formatted.
2019-06-14 07:38:39,133 INFO  ratis.ContainerStateMachine (ContainerStateMachine.java:loadSnapshot(199)) - The snapshot info is null.Setting the last applied index to:(t:0, i:~)
2019-06-14 07:38:39,133 INFO  server.RaftServerConfigKeys (ConfUtils.java:logGet(43)) - raft.server.leader.election.timeout = 120s (custom)
2019-06-14 07:38:39,133 INFO  server.RaftServerConfigKeys (ConfUtils.java:logGet(43)) - raft.server.log.use.memory = false (default)
2019-06-14 07:38:39,133 INFO  server.RaftServerConfigKeys (ConfUtils.java:logGet(43)) - raft.server.log.appender.buffer.byte-limit = 33554432 (custom)
2019-06-14 07:38:39,133 INFO  server.RaftServerConfigKeys (ConfUtils.java:logGet(43)) - raft.server.log.segment.size.max = 16384 (custom)
2019-06-14 07:38:39,133 INFO  server.RaftServerConfigKeys (ConfUtils.java:logGet(43)) - raft.server.log.segment.cache.num.max = 2 (custom)
2019-06-14 07:38:39,133 INFO  storage.RaftLogWorker (RaftLogWorker.java:<init>(123)) - new 1738f7e9-945b-4a2f-842c-90a3006766cd-RaftLogWorker for Storage Directory /opt/src/hadoop-ozone/integration-test/target/test-dir/MiniOzoneClusterImpl-e845858a-40c4-451a-acc8-c6a8fec2ef52/datanode-6/data/ratis/f2cf2769-d3aa-4879-846e-e9c32d62e281
2019-06-14 07:38:39,133 INFO  server.RaftServerConfigKeys (ConfUtils.java:logGet(43)) - raft.server.log.queue.byte-limit = 2147483647 (custom)
2019-06-14 07:38:39,133 INFO  server.RaftServerConfigKeys (ConfUtils.java:logGet(43)) - raft.server.log.queue.element-limit = 1024 (custom)
2019-06-14 07:38:39,133 INFO  server.RaftServerConfigKeys (ConfUtils.java:logGet(43)) - raft.server.log.segment.size.max = 16384 (custom)
2019-06-14 07:38:39,133 INFO  server.RaftServerConfigKeys (ConfUtils.java:logGet(43)) - raft.server.log.preallocated.size = 16384 (custom)
2019-06-14 07:38:39,133 INFO  server.RaftServerConfigKeys (ConfUtils.java:logGet(43)) - raft.server.log.write.buffer.size = 33554432 (custom)
2019-06-14 07:38:39,134 INFO  server.RaftServerConfigKeys (ConfUtils.java:logGet(43)) - raft.server.log.force.sync.num = 128 (default)
2019-06-14 07:38:39,134 INFO  server.RaftServerConfigKeys (ConfUtils.java:logGet(43)) - raft.server.log.statemachine.data.sync = true (default)
2019-06-14 07:38:39,134 INFO  server.RaftServerConfigKeys (ConfUtils.java:logGet(43)) - raft.server.log.statemachine.data.sync.timeout = 10s (default)
2019-06-14 07:38:39,134 INFO  server.RaftServerConfigKeys (ConfUtils.java:logGet(43)) - raft.server.log.statemachine.data.sync.timeout.retry = -1 (default)
2019-06-14 07:38:39,134 INFO  server.RaftServerConfigKeys (ConfUtils.java:logGet(43)) - raft.server.log.statemachine.data.caching.enabled = true (custom)
2019-06-14 07:38:39,137 INFO  server.RaftServerConfigKeys (ConfUtils.java:logGet(43)) - raft.server.snapshot.auto.trigger.enabled = true (custom)
2019-06-14 07:38:39,137 INFO  server.RaftServerConfigKeys (ConfUtils.java:logGet(43)) - raft.server.snapshot.auto.trigger.threshold = 10000 (custom)
2019-06-14 07:38:39,137 INFO  server.RaftServerConfigKeys (ConfUtils.java:logGet(43)) - raft.server.retrycache.expirytime = 600000ms (custom)
2019-06-14 07:38:39,137 INFO  impl.RaftServerImpl (RaftServerImpl.java:start(173)) - 1738f7e9-945b-4a2f-842c-90a3006766cd: start group-E9C32D62E281
2019-06-14 07:38:39,138 INFO  impl.RaftServerImpl (RaftServerImpl.java:setRole(164)) - 1738f7e9-945b-4a2f-842c-90a3006766cd:group-E9C32D62E281 changes role from null to FOLLOWER at term 0 for startAsFollower
2019-06-14 07:38:39,138 INFO  impl.RoleInfo (RoleInfo.java:updateAndGet(143)) - 1738f7e9-945b-4a2f-842c-90a3006766cd: start FollowerState
2019-06-14 07:38:39,138 INFO  util.JmxRegister (JmxRegister.java:tryRegister(44)) - Successfully registered JMX Bean with object name Ratis:service=RaftServer,group=group-E9C32D62E281,id=1738f7e9-945b-4a2f-842c-90a3006766cd
2019-06-14 07:38:39,140 INFO  pipeline.PipelineStateManager (PipelineStateManager.java:addPipeline(56)) - Created pipeline Pipeline[ Id: f2cf2769-d3aa-4879-846e-e9c32d62e281, Nodes: 1738f7e9-945b-4a2f-842c-90a3006766cd{ip: 192.168.134.69, host: ozone-tm9qp-197714850, networkLocation: /default-rack, certSerialId: null}, Type:RATIS, Factor:ONE, State:OPEN]
2019-06-14 07:38:39,147 INFO  storage.RaftLogWorker (RaftLogWorker.java:execute(469)) - 578092ab-b70b-4ebd-aded-cbd888e596c7-RaftLogWorker: created new log segment /opt/src/hadoop-ozone/integration-test/target/test-dir/MiniOzoneClusterImpl-e845858a-40c4-451a-acc8-c6a8fec2ef52/datanode-0/data/ratis/2d12c7cc-9492-46d8-961d-0d780b14b8fd/current/log_inprogress_0
2019-06-14 07:38:39,488 INFO  impl.FollowerState (FollowerState.java:run(101)) - 45a18b76-154b-4bb1-adcb-fc939f971433:group-AE595452BC81 changes to CANDIDATE, lastRpcTime:1142, electionTimeout:1142ms
2019-06-14 07:38:39,488 INFO  impl.RoleInfo (RoleInfo.java:shutdownFollowerState(121)) - 45a18b76-154b-4bb1-adcb-fc939f971433: shutdown FollowerState
2019-06-14 07:38:39,488 INFO  impl.RaftServerImpl (RaftServerImpl.java:setRole(164)) - 45a18b76-154b-4bb1-adcb-fc939f971433:group-AE595452BC81 changes role from FOLLOWER to CANDIDATE at term 0 for changeToCandidate
2019-06-14 07:38:39,489 INFO  impl.RoleInfo (RoleInfo.java:updateAndGet(143)) - 45a18b76-154b-4bb1-adcb-fc939f971433: start LeaderElection
2019-06-14 07:38:39,496 INFO  impl.LeaderElection (LeaderElection.java:askForVotes(181)) - 45a18b76-154b-4bb1-adcb-fc939f971433:group-AE595452BC81:LeaderElection26: begin an election at term 1 for -1: [45a18b76-154b-4bb1-adcb-fc939f971433:192.168.134.69:38345], old=null
2019-06-14 07:38:39,496 INFO  impl.RoleInfo (RoleInfo.java:shutdownLeaderElection(134)) - 45a18b76-154b-4bb1-adcb-fc939f971433: shutdown LeaderElection
2019-06-14 07:38:39,496 INFO  impl.RaftServerImpl (RaftServerImpl.java:setRole(164)) - 45a18b76-154b-4bb1-adcb-fc939f971433:group-AE595452BC81 changes role from CANDIDATE to LEADER at term 1 for changeToLeader
2019-06-14 07:38:39,496 INFO  impl.RaftServerImpl (ServerState.java:setLeader(263)) - 45a18b76-154b-4bb1-adcb-fc939f971433:group-AE595452BC81 change Leader from null to 45a18b76-154b-4bb1-adcb-fc939f971433 at term 1 for becomeLeader, leader elected after 1152ms
2019-06-14 07:38:39,496 INFO  server.RaftServerConfigKeys (ConfUtils.java:logGet(43)) - raft.server.staging.catchup.gap = 1000 (default)
2019-06-14 07:38:39,497 INFO  server.RaftServerConfigKeys (ConfUtils.java:logGet(43)) - raft.server.rpc.sleep.time = 25ms (default)
2019-06-14 07:38:39,497 INFO  server.RaftServerConfigKeys (ConfUtils.java:logGet(43)) - raft.server.watch.timeout = 10s (default)
2019-06-14 07:38:39,497 INFO  server.RaftServerConfigKeys (ConfUtils.java:logGet(43)) - raft.server.watch.timeout.denomination = 1s (default)
2019-06-14 07:38:39,497 INFO  impl.RoleInfo (RoleInfo.java:updateAndGet(143)) - 45a18b76-154b-4bb1-adcb-fc939f971433: start LeaderState
2019-06-14 07:38:39,497 INFO  storage.RaftLogWorker (RaftLogWorker.java:startLogSegment(298)) - 45a18b76-154b-4bb1-adcb-fc939f971433-RaftLogWorker: Starting segment from index:0
2019-06-14 07:38:39,497 INFO  impl.RaftServerImpl (ServerState.java:setRaftConf(361)) - 45a18b76-154b-4bb1-adcb-fc939f971433:group-AE595452BC81 set configuration 0: [45a18b76-154b-4bb1-adcb-fc939f971433:192.168.134.69:38345], old=null at 0
2019-06-14 07:38:39,532 INFO  storage.RaftLogWorker (RaftLogWorker.java:execute(469)) - 45a18b76-154b-4bb1-adcb-fc939f971433-RaftLogWorker: created new log segment /opt/src/hadoop-ozone/integration-test/target/test-dir/MiniOzoneClusterImpl-e845858a-40c4-451a-acc8-c6a8fec2ef52/datanode-1/data/ratis/3e4fda38-cb8e-4f48-a063-ae595452bc81/current/log_inprogress_0
2019-06-14 07:38:39,540 INFO  impl.FollowerState (FollowerState.java:run(101)) - 9d8be9db-f9cb-434a-8bf3-cbb66516a036:group-4A380B3EA55C changes to CANDIDATE, lastRpcTime:1048, electionTimeout:1048ms
2019-06-14 07:38:39,540 INFO  impl.RoleInfo (RoleInfo.java:shutdownFollowerState(121)) - 9d8be9db-f9cb-434a-8bf3-cbb66516a036: shutdown FollowerState
2019-06-14 07:38:39,540 INFO  impl.RaftServerImpl (RaftServerImpl.java:setRole(164)) - 9d8be9db-f9cb-434a-8bf3-cbb66516a036:group-4A380B3EA55C changes role from FOLLOWER to CANDIDATE at term 0 for changeToCandidate
2019-06-14 07:38:39,540 INFO  impl.RoleInfo (RoleInfo.java:updateAndGet(143)) - 9d8be9db-f9cb-434a-8bf3-cbb66516a036: start LeaderElection
2019-06-14 07:38:39,547 INFO  impl.LeaderElection (LeaderElection.java:askForVotes(181)) - 9d8be9db-f9cb-434a-8bf3-cbb66516a036:group-4A380B3EA55C:LeaderElection27: begin an election at term 1 for -1: [9d8be9db-f9cb-434a-8bf3-cbb66516a036:192.168.134.69:39813], old=null
2019-06-14 07:38:39,547 INFO  impl.RoleInfo (RoleInfo.java:shutdownLeaderElection(134)) - 9d8be9db-f9cb-434a-8bf3-cbb66516a036: shutdown LeaderElection
2019-06-14 07:38:39,547 INFO  impl.RaftServerImpl (RaftServerImpl.java:setRole(164)) - 9d8be9db-f9cb-434a-8bf3-cbb66516a036:group-4A380B3EA55C changes role from CANDIDATE to LEADER at term 1 for changeToLeader
2019-06-14 07:38:39,547 INFO  impl.RaftServerImpl (ServerState.java:setLeader(263)) - 9d8be9db-f9cb-434a-8bf3-cbb66516a036:group-4A380B3EA55C change Leader from null to 9d8be9db-f9cb-434a-8bf3-cbb66516a036 at term 1 for becomeLeader, leader elected after 1057ms
2019-06-14 07:38:39,547 INFO  server.RaftServerConfigKeys (ConfUtils.java:logGet(43)) - raft.server.staging.catchup.gap = 1000 (default)
2019-06-14 07:38:39,547 INFO  server.RaftServerConfigKeys (ConfUtils.java:logGet(43)) - raft.server.rpc.sleep.time = 25ms (default)
2019-06-14 07:38:39,548 INFO  server.RaftServerConfigKeys (ConfUtils.java:logGet(43)) - raft.server.watch.timeout = 10s (default)
2019-06-14 07:38:39,548 INFO  server.RaftServerConfigKeys (ConfUtils.java:logGet(43)) - raft.server.watch.timeout.denomination = 1s (default)
2019-06-14 07:38:39,548 INFO  impl.RoleInfo (RoleInfo.java:updateAndGet(143)) - 9d8be9db-f9cb-434a-8bf3-cbb66516a036: start LeaderState
2019-06-14 07:38:39,548 INFO  storage.RaftLogWorker (RaftLogWorker.java:startLogSegment(298)) - 9d8be9db-f9cb-434a-8bf3-cbb66516a036-RaftLogWorker: Starting segment from index:0
2019-06-14 07:38:39,548 INFO  impl.RaftServerImpl (ServerState.java:setRaftConf(361)) - 9d8be9db-f9cb-434a-8bf3-cbb66516a036:group-4A380B3EA55C set configuration 0: [9d8be9db-f9cb-434a-8bf3-cbb66516a036:192.168.134.69:39813], old=null at 0
2019-06-14 07:38:39,557 INFO  impl.FollowerState (FollowerState.java:run(101)) - 578092ab-b70b-4ebd-aded-cbd888e596c7:group-C8609E592D4F changes to CANDIDATE, lastRpcTime:1043, electionTimeout:1043ms
2019-06-14 07:38:39,557 INFO  impl.RoleInfo (RoleInfo.java:shutdownFollowerState(121)) - 578092ab-b70b-4ebd-aded-cbd888e596c7: shutdown FollowerState
2019-06-14 07:38:39,557 INFO  impl.RaftServerImpl (RaftServerImpl.java:setRole(164)) - 578092ab-b70b-4ebd-aded-cbd888e596c7:group-C8609E592D4F changes role from FOLLOWER to CANDIDATE at term 0 for changeToCandidate
2019-06-14 07:38:39,557 INFO  impl.RoleInfo (RoleInfo.java:updateAndGet(143)) - 578092ab-b70b-4ebd-aded-cbd888e596c7: start LeaderElection
2019-06-14 07:38:39,586 INFO  storage.RaftLogWorker (RaftLogWorker.java:execute(469)) - 9d8be9db-f9cb-434a-8bf3-cbb66516a036-RaftLogWorker: created new log segment /opt/src/hadoop-ozone/integration-test/target/test-dir/MiniOzoneClusterImpl-e845858a-40c4-451a-acc8-c6a8fec2ef52/datanode-2/data/ratis/295b8680-ef37-49fd-8b37-4a380b3ea55c/current/log_inprogress_0
2019-06-14 07:38:39,589 INFO  impl.LeaderElection (LeaderElection.java:askForVotes(181)) - 578092ab-b70b-4ebd-aded-cbd888e596c7:group-C8609E592D4F:LeaderElection28: begin an election at term 1 for -1: [45a18b76-154b-4bb1-adcb-fc939f971433:192.168.134.69:38345, 578092ab-b70b-4ebd-aded-cbd888e596c7:192.168.134.69:39399, 9d8be9db-f9cb-434a-8bf3-cbb66516a036:192.168.134.69:39813], old=null
2019-06-14 07:38:39,597 INFO  impl.RaftServerImpl (RaftServerImpl.java:setRole(164)) - 45a18b76-154b-4bb1-adcb-fc939f971433:group-C8609E592D4F changes role from FOLLOWER to FOLLOWER at term 1 for recognizeCandidate:578092ab-b70b-4ebd-aded-cbd888e596c7
2019-06-14 07:38:39,599 INFO  impl.RaftServerImpl (RaftServerImpl.java:setRole(164)) - 9d8be9db-f9cb-434a-8bf3-cbb66516a036:group-C8609E592D4F changes role from FOLLOWER to FOLLOWER at term 1 for recognizeCandidate:578092ab-b70b-4ebd-aded-cbd888e596c7
2019-06-14 07:38:39,599 INFO  impl.RoleInfo (RoleInfo.java:shutdownFollowerState(121)) - 45a18b76-154b-4bb1-adcb-fc939f971433: shutdown FollowerState
2019-06-14 07:38:39,599 INFO  impl.RoleInfo (RoleInfo.java:shutdownFollowerState(121)) - 9d8be9db-f9cb-434a-8bf3-cbb66516a036: shutdown FollowerState
2019-06-14 07:38:39,599 INFO  impl.FollowerState (FollowerState.java:run(109)) - 45a18b76-154b-4bb1-adcb-fc939f971433: FollowerState was interrupted: java.lang.InterruptedException: sleep interrupted
2019-06-14 07:38:39,599 INFO  impl.FollowerState (FollowerState.java:run(109)) - 9d8be9db-f9cb-434a-8bf3-cbb66516a036: FollowerState was interrupted: java.lang.InterruptedException: sleep interrupted
2019-06-14 07:38:39,599 INFO  impl.RoleInfo (RoleInfo.java:updateAndGet(143)) - 45a18b76-154b-4bb1-adcb-fc939f971433: start FollowerState
2019-06-14 07:38:39,599 INFO  impl.RoleInfo (RoleInfo.java:updateAndGet(143)) - 9d8be9db-f9cb-434a-8bf3-cbb66516a036: start FollowerState
2019-06-14 07:38:39,603 INFO  impl.LeaderElection (LeaderElection.java:logAndReturn(56)) - 578092ab-b70b-4ebd-aded-cbd888e596c7:group-C8609E592D4F:LeaderElection28: Election PASSED; received 1 response(s) [578092ab-b70b-4ebd-aded-cbd888e596c7->45a18b76-154b-4bb1-adcb-fc939f971433,true-t1] and 0 exception(s); 578092ab-b70b-4ebd-aded-cbd888e596c7:t1, leader=null, voted=578092ab-b70b-4ebd-aded-cbd888e596c7, raftlog=578092ab-b70b-4ebd-aded-cbd888e596c7-SegmentedRaftLog:OPENED:c-1,f-1,i0, conf=-1: [45a18b76-154b-4bb1-adcb-fc939f971433:192.168.134.69:38345, 578092ab-b70b-4ebd-aded-cbd888e596c7:192.168.134.69:39399, 9d8be9db-f9cb-434a-8bf3-cbb66516a036:192.168.134.69:39813], old=null
2019-06-14 07:38:39,604 INFO  impl.RoleInfo (RoleInfo.java:shutdownLeaderElection(134)) - 578092ab-b70b-4ebd-aded-cbd888e596c7: shutdown LeaderElection
2019-06-14 07:38:39,604 INFO  impl.RaftServerImpl (RaftServerImpl.java:setRole(164)) - 578092ab-b70b-4ebd-aded-cbd888e596c7:group-C8609E592D4F changes role from CANDIDATE to LEADER at term 1 for changeToLeader
2019-06-14 07:38:39,604 INFO  impl.RaftServerImpl (ServerState.java:setLeader(263)) - 578092ab-b70b-4ebd-aded-cbd888e596c7:group-C8609E592D4F change Leader from null to 578092ab-b70b-4ebd-aded-cbd888e596c7 at term 1 for becomeLeader, leader elected after 1095ms
2019-06-14 07:38:39,604 INFO  server.RaftServerConfigKeys (ConfUtils.java:logGet(43)) - raft.server.staging.catchup.gap = 1000 (default)
2019-06-14 07:38:39,604 INFO  server.RaftServerConfigKeys (ConfUtils.java:logGet(43)) - raft.server.rpc.sleep.time = 25ms (default)
2019-06-14 07:38:39,604 INFO  server.RaftServerConfigKeys (ConfUtils.java:logGet(43)) - raft.server.watch.timeout = 10s (default)
2019-06-14 07:38:39,604 INFO  server.RaftServerConfigKeys (ConfUtils.java:logGet(43)) - raft.server.watch.timeout.denomination = 1s (default)
2019-06-14 07:38:39,604 INFO  server.RaftServerConfigKeys (ConfUtils.java:logGet(43)) - raft.server.log.appender.snapshot.chunk.size.max = 16MB (=16777216) (default)
2019-06-14 07:38:39,605 INFO  server.RaftServerConfigKeys (ConfUtils.java:logGet(43)) - raft.server.log.appender.buffer.byte-limit = 33554432 (custom)
2019-06-14 07:38:39,605 INFO  server.RaftServerConfigKeys (ConfUtils.java:logGet(43)) - raft.server.log.appender.buffer.element-limit = 1 (custom)
2019-06-14 07:38:39,605 INFO  grpc.GrpcConfigKeys$Server (ConfUtils.java:logGet(43)) - raft.grpc.server.leader.outstanding.appends.max = 128 (default)
2019-06-14 07:38:39,605 INFO  server.RaftServerConfigKeys (ConfUtils.java:logGet(43)) - raft.server.rpc.request.timeout = 3000ms (default)
2019-06-14 07:38:39,605 INFO  server.RaftServerConfigKeys (ConfUtils.java:logGet(43)) - raft.server.log.appender.install.snapshot.enabled = true (default)
2019-06-14 07:38:39,605 INFO  server.RaftServerConfigKeys (ConfUtils.java:logGet(43)) - raft.server.log.appender.snapshot.chunk.size.max = 16MB (=16777216) (default)
2019-06-14 07:38:39,605 INFO  server.RaftServerConfigKeys (ConfUtils.java:logGet(43)) - raft.server.log.appender.buffer.byte-limit = 33554432 (custom)
2019-06-14 07:38:39,605 INFO  server.RaftServerConfigKeys (ConfUtils.java:logGet(43)) - raft.server.log.appender.buffer.element-limit = 1 (custom)
2019-06-14 07:38:39,605 INFO  grpc.GrpcConfigKeys$Server (ConfUtils.java:logGet(43)) - raft.grpc.server.leader.outstanding.appends.max = 128 (default)
2019-06-14 07:38:39,606 INFO  server.RaftServerConfigKeys (ConfUtils.java:logGet(43)) - raft.server.rpc.request.timeout = 3000ms (default)
2019-06-14 07:38:39,606 INFO  server.RaftServerConfigKeys (ConfUtils.java:logGet(43)) - raft.server.log.appender.install.snapshot.enabled = true (default)
2019-06-14 07:38:39,606 INFO  impl.RoleInfo (RoleInfo.java:updateAndGet(143)) - 578092ab-b70b-4ebd-aded-cbd888e596c7: start LeaderState
2019-06-14 07:38:39,606 INFO  storage.RaftLogWorker (RaftLogWorker.java:startLogSegment(298)) - 578092ab-b70b-4ebd-aded-cbd888e596c7-RaftLogWorker: Starting segment from index:0
2019-06-14 07:38:39,626 INFO  impl.RaftServerImpl (ServerState.java:setLeader(263)) - 45a18b76-154b-4bb1-adcb-fc939f971433:group-C8609E592D4F change Leader from null to 578092ab-b70b-4ebd-aded-cbd888e596c7 at term 1 for appendEntries, leader elected after 1116ms
2019-06-14 07:38:39,645 INFO  impl.RaftServerImpl (ServerState.java:setRaftConf(361)) - 578092ab-b70b-4ebd-aded-cbd888e596c7:group-C8609E592D4F set configuration 0: [45a18b76-154b-4bb1-adcb-fc939f971433:192.168.134.69:38345, 578092ab-b70b-4ebd-aded-cbd888e596c7:192.168.134.69:39399, 9d8be9db-f9cb-434a-8bf3-cbb66516a036:192.168.134.69:39813], old=null at 0
2019-06-14 07:38:39,647 INFO  impl.RaftServerImpl (ServerState.java:setLeader(263)) - 9d8be9db-f9cb-434a-8bf3-cbb66516a036:group-C8609E592D4F change Leader from null to 578092ab-b70b-4ebd-aded-cbd888e596c7 at term 1 for appendEntries, leader elected after 1138ms
2019-06-14 07:38:39,647 INFO  storage.RaftLogWorker (RaftLogWorker.java:execute(469)) - 578092ab-b70b-4ebd-aded-cbd888e596c7-RaftLogWorker: created new log segment /opt/src/hadoop-ozone/integration-test/target/test-dir/MiniOzoneClusterImpl-e845858a-40c4-451a-acc8-c6a8fec2ef52/datanode-0/data/ratis/2ffdce5f-ad48-4784-a7fb-c8609e592d4f/current/log_inprogress_0
2019-06-14 07:38:39,650 INFO  impl.RaftServerImpl (ServerState.java:setRaftConf(361)) - 45a18b76-154b-4bb1-adcb-fc939f971433:group-C8609E592D4F set configuration 0: [45a18b76-154b-4bb1-adcb-fc939f971433:192.168.134.69:38345, 578092ab-b70b-4ebd-aded-cbd888e596c7:192.168.134.69:39399, 9d8be9db-f9cb-434a-8bf3-cbb66516a036:192.168.134.69:39813], old=null at 0
2019-06-14 07:38:39,650 INFO  storage.RaftLogWorker (RaftLogWorker.java:startLogSegment(298)) - 45a18b76-154b-4bb1-adcb-fc939f971433-RaftLogWorker: Starting segment from index:0
2019-06-14 07:38:39,654 INFO  impl.RaftServerImpl (ServerState.java:setRaftConf(361)) - 9d8be9db-f9cb-434a-8bf3-cbb66516a036:group-C8609E592D4F set configuration 0: [45a18b76-154b-4bb1-adcb-fc939f971433:192.168.134.69:38345, 578092ab-b70b-4ebd-aded-cbd888e596c7:192.168.134.69:39399, 9d8be9db-f9cb-434a-8bf3-cbb66516a036:192.168.134.69:39813], old=null at 0
2019-06-14 07:38:39,654 INFO  storage.RaftLogWorker (RaftLogWorker.java:startLogSegment(298)) - 9d8be9db-f9cb-434a-8bf3-cbb66516a036-RaftLogWorker: Starting segment from index:0
2019-06-14 07:38:39,698 INFO  storage.RaftLogWorker (RaftLogWorker.java:execute(469)) - 9d8be9db-f9cb-434a-8bf3-cbb66516a036-RaftLogWorker: created new log segment /opt/src/hadoop-ozone/integration-test/target/test-dir/MiniOzoneClusterImpl-e845858a-40c4-451a-acc8-c6a8fec2ef52/datanode-2/data/ratis/2ffdce5f-ad48-4784-a7fb-c8609e592d4f/current/log_inprogress_0
2019-06-14 07:38:39,701 INFO  storage.RaftLogWorker (RaftLogWorker.java:execute(469)) - 45a18b76-154b-4bb1-adcb-fc939f971433-RaftLogWorker: created new log segment /opt/src/hadoop-ozone/integration-test/target/test-dir/MiniOzoneClusterImpl-e845858a-40c4-451a-acc8-c6a8fec2ef52/datanode-1/data/ratis/2ffdce5f-ad48-4784-a7fb-c8609e592d4f/current/log_inprogress_0
2019-06-14 07:38:39,793 INFO  impl.FollowerState (FollowerState.java:run(101)) - eaae30ce-bc95-43e1-80d2-d5999127ec25:group-96DEFA7BEF14 changes to CANDIDATE, lastRpcTime:1118, electionTimeout:1118ms
2019-06-14 07:38:39,793 INFO  impl.RoleInfo (RoleInfo.java:shutdownFollowerState(121)) - eaae30ce-bc95-43e1-80d2-d5999127ec25: shutdown FollowerState
2019-06-14 07:38:39,793 INFO  impl.RaftServerImpl (RaftServerImpl.java:setRole(164)) - eaae30ce-bc95-43e1-80d2-d5999127ec25:group-96DEFA7BEF14 changes role from FOLLOWER to CANDIDATE at term 0 for changeToCandidate
2019-06-14 07:38:39,793 INFO  impl.RoleInfo (RoleInfo.java:updateAndGet(143)) - eaae30ce-bc95-43e1-80d2-d5999127ec25: start LeaderElection
2019-06-14 07:38:39,801 INFO  impl.LeaderElection (LeaderElection.java:askForVotes(181)) - eaae30ce-bc95-43e1-80d2-d5999127ec25:group-96DEFA7BEF14:LeaderElection29: begin an election at term 1 for -1: [eaae30ce-bc95-43e1-80d2-d5999127ec25:192.168.134.69:42345], old=null
2019-06-14 07:38:39,801 INFO  impl.RoleInfo (RoleInfo.java:shutdownLeaderElection(134)) - eaae30ce-bc95-43e1-80d2-d5999127ec25: shutdown LeaderElection
2019-06-14 07:38:39,801 INFO  impl.RaftServerImpl (RaftServerImpl.java:setRole(164)) - eaae30ce-bc95-43e1-80d2-d5999127ec25:group-96DEFA7BEF14 changes role from CANDIDATE to LEADER at term 1 for changeToLeader
2019-06-14 07:38:39,801 INFO  impl.RaftServerImpl (ServerState.java:setLeader(263)) - eaae30ce-bc95-43e1-80d2-d5999127ec25:group-96DEFA7BEF14 change Leader from null to eaae30ce-bc95-43e1-80d2-d5999127ec25 at term 1 for becomeLeader, leader elected after 1132ms
2019-06-14 07:38:39,801 INFO  server.RaftServerConfigKeys (ConfUtils.java:logGet(43)) - raft.server.staging.catchup.gap = 1000 (default)
2019-06-14 07:38:39,801 INFO  server.RaftServerConfigKeys (ConfUtils.java:logGet(43)) - raft.server.rpc.sleep.time = 25ms (default)
2019-06-14 07:38:39,801 INFO  server.RaftServerConfigKeys (ConfUtils.java:logGet(43)) - raft.server.watch.timeout = 10s (default)
2019-06-14 07:38:39,801 INFO  server.RaftServerConfigKeys (ConfUtils.java:logGet(43)) - raft.server.watch.timeout.denomination = 1s (default)
2019-06-14 07:38:39,801 INFO  impl.RoleInfo (RoleInfo.java:updateAndGet(143)) - eaae30ce-bc95-43e1-80d2-d5999127ec25: start LeaderState
2019-06-14 07:38:39,802 INFO  storage.RaftLogWorker (RaftLogWorker.java:startLogSegment(298)) - eaae30ce-bc95-43e1-80d2-d5999127ec25-RaftLogWorker: Starting segment from index:0
2019-06-14 07:38:39,802 INFO  impl.RaftServerImpl (ServerState.java:setRaftConf(361)) - eaae30ce-bc95-43e1-80d2-d5999127ec25:group-96DEFA7BEF14 set configuration 0: [eaae30ce-bc95-43e1-80d2-d5999127ec25:192.168.134.69:42345], old=null at 0
2019-06-14 07:38:39,836 INFO  storage.RaftLogWorker (RaftLogWorker.java:execute(469)) - eaae30ce-bc95-43e1-80d2-d5999127ec25-RaftLogWorker: created new log segment /opt/src/hadoop-ozone/integration-test/target/test-dir/MiniOzoneClusterImpl-e845858a-40c4-451a-acc8-c6a8fec2ef52/datanode-3/data/ratis/85a97f3e-9b7c-46fe-95f1-96defa7bef14/current/log_inprogress_0
2019-06-14 07:38:39,896 INFO  impl.FollowerState (FollowerState.java:run(101)) - d5adef7a-39ad-4570-b55e-3e419ba6fc1f:group-05BE4B044465 changes to CANDIDATE, lastRpcTime:1101, electionTimeout:1101ms
2019-06-14 07:38:39,896 INFO  impl.RoleInfo (RoleInfo.java:shutdownFollowerState(121)) - d5adef7a-39ad-4570-b55e-3e419ba6fc1f: shutdown FollowerState
2019-06-14 07:38:39,896 INFO  impl.RaftServerImpl (RaftServerImpl.java:setRole(164)) - d5adef7a-39ad-4570-b55e-3e419ba6fc1f:group-05BE4B044465 changes role from FOLLOWER to CANDIDATE at term 0 for changeToCandidate
2019-06-14 07:38:39,896 INFO  impl.RoleInfo (RoleInfo.java:updateAndGet(143)) - d5adef7a-39ad-4570-b55e-3e419ba6fc1f: start LeaderElection
2019-06-14 07:38:39,903 INFO  impl.LeaderElection (LeaderElection.java:askForVotes(181)) - d5adef7a-39ad-4570-b55e-3e419ba6fc1f:group-05BE4B044465:LeaderElection30: begin an election at term 1 for -1: [d5adef7a-39ad-4570-b55e-3e419ba6fc1f:192.168.134.69:45437], old=null
2019-06-14 07:38:39,903 INFO  impl.RoleInfo (RoleInfo.java:shutdownLeaderElection(134)) - d5adef7a-39ad-4570-b55e-3e419ba6fc1f: shutdown LeaderElection
2019-06-14 07:38:39,904 INFO  impl.RaftServerImpl (RaftServerImpl.java:setRole(164)) - d5adef7a-39ad-4570-b55e-3e419ba6fc1f:group-05BE4B044465 changes role from CANDIDATE to LEADER at term 1 for changeToLeader
2019-06-14 07:38:39,904 INFO  impl.RaftServerImpl (ServerState.java:setLeader(263)) - d5adef7a-39ad-4570-b55e-3e419ba6fc1f:group-05BE4B044465 change Leader from null to d5adef7a-39ad-4570-b55e-3e419ba6fc1f at term 1 for becomeLeader, leader elected after 1110ms
2019-06-14 07:38:39,904 INFO  server.RaftServerConfigKeys (ConfUtils.java:logGet(43)) - raft.server.staging.catchup.gap = 1000 (default)
2019-06-14 07:38:39,904 INFO  server.RaftServerConfigKeys (ConfUtils.java:logGet(43)) - raft.server.rpc.sleep.time = 25ms (default)
2019-06-14 07:38:39,904 INFO  server.RaftServerConfigKeys (ConfUtils.java:logGet(43)) - raft.server.watch.timeout = 10s (default)
2019-06-14 07:38:39,904 INFO  server.RaftServerConfigKeys (ConfUtils.java:logGet(43)) - raft.server.watch.timeout.denomination = 1s (default)
2019-06-14 07:38:39,904 INFO  impl.RoleInfo (RoleInfo.java:updateAndGet(143)) - d5adef7a-39ad-4570-b55e-3e419ba6fc1f: start LeaderState
2019-06-14 07:38:39,904 INFO  storage.RaftLogWorker (RaftLogWorker.java:startLogSegment(298)) - d5adef7a-39ad-4570-b55e-3e419ba6fc1f-RaftLogWorker: Starting segment from index:0
2019-06-14 07:38:39,904 INFO  impl.RaftServerImpl (ServerState.java:setRaftConf(361)) - d5adef7a-39ad-4570-b55e-3e419ba6fc1f:group-05BE4B044465 set configuration 0: [d5adef7a-39ad-4570-b55e-3e419ba6fc1f:192.168.134.69:45437], old=null at 0
2019-06-14 07:38:39,939 INFO  storage.RaftLogWorker (RaftLogWorker.java:execute(469)) - d5adef7a-39ad-4570-b55e-3e419ba6fc1f-RaftLogWorker: created new log segment /opt/src/hadoop-ozone/integration-test/target/test-dir/MiniOzoneClusterImpl-e845858a-40c4-451a-acc8-c6a8fec2ef52/datanode-4/data/ratis/1763d597-2818-4d2b-a940-05be4b044465/current/log_inprogress_0
2019-06-14 07:38:40,033 INFO  impl.FollowerState (FollowerState.java:run(101)) - 6239315d-57bf-4b8f-9091-7c97bb522017:group-E591505BA632 changes to CANDIDATE, lastRpcTime:1029, electionTimeout:1028ms
2019-06-14 07:38:40,033 INFO  impl.RoleInfo (RoleInfo.java:shutdownFollowerState(121)) - 6239315d-57bf-4b8f-9091-7c97bb522017: shutdown FollowerState
2019-06-14 07:38:40,033 INFO  impl.RaftServerImpl (RaftServerImpl.java:setRole(164)) - 6239315d-57bf-4b8f-9091-7c97bb522017:group-E591505BA632 changes role from FOLLOWER to CANDIDATE at term 0 for changeToCandidate
2019-06-14 07:38:40,033 INFO  impl.RoleInfo (RoleInfo.java:updateAndGet(143)) - 6239315d-57bf-4b8f-9091-7c97bb522017: start LeaderElection
2019-06-14 07:38:40,040 INFO  impl.LeaderElection (LeaderElection.java:askForVotes(181)) - 6239315d-57bf-4b8f-9091-7c97bb522017:group-E591505BA632:LeaderElection31: begin an election at term 1 for -1: [eaae30ce-bc95-43e1-80d2-d5999127ec25:192.168.134.69:42345, 6239315d-57bf-4b8f-9091-7c97bb522017:192.168.134.69:38945, d5adef7a-39ad-4570-b55e-3e419ba6fc1f:192.168.134.69:45437], old=null
2019-06-14 07:38:40,046 INFO  impl.RaftServerImpl (RaftServerImpl.java:setRole(164)) - d5adef7a-39ad-4570-b55e-3e419ba6fc1f:group-E591505BA632 changes role from FOLLOWER to FOLLOWER at term 1 for recognizeCandidate:6239315d-57bf-4b8f-9091-7c97bb522017
2019-06-14 07:38:40,046 INFO  impl.RoleInfo (RoleInfo.java:shutdownFollowerState(121)) - d5adef7a-39ad-4570-b55e-3e419ba6fc1f: shutdown FollowerState
2019-06-14 07:38:40,047 INFO  impl.RoleInfo (RoleInfo.java:updateAndGet(143)) - d5adef7a-39ad-4570-b55e-3e419ba6fc1f: start FollowerState
2019-06-14 07:38:40,048 INFO  impl.RaftServerImpl (RaftServerImpl.java:setRole(164)) - eaae30ce-bc95-43e1-80d2-d5999127ec25:group-E591505BA632 changes role from FOLLOWER to FOLLOWER at term 1 for recognizeCandidate:6239315d-57bf-4b8f-9091-7c97bb522017
2019-06-14 07:38:40,048 INFO  impl.RoleInfo (RoleInfo.java:shutdownFollowerState(121)) - eaae30ce-bc95-43e1-80d2-d5999127ec25: shutdown FollowerState
2019-06-14 07:38:40,048 INFO  impl.RoleInfo (RoleInfo.java:updateAndGet(143)) - eaae30ce-bc95-43e1-80d2-d5999127ec25: start FollowerState
2019-06-14 07:38:40,048 INFO  impl.FollowerState (FollowerState.java:run(109)) - d5adef7a-39ad-4570-b55e-3e419ba6fc1f: FollowerState was interrupted: java.lang.InterruptedException: sleep interrupted
2019-06-14 07:38:40,048 INFO  impl.FollowerState (FollowerState.java:run(109)) - eaae30ce-bc95-43e1-80d2-d5999127ec25: FollowerState was interrupted: java.lang.InterruptedException: sleep interrupted
2019-06-14 07:38:40,055 INFO  impl.LeaderElection (LeaderElection.java:logAndReturn(56)) - 6239315d-57bf-4b8f-9091-7c97bb522017:group-E591505BA632:LeaderElection31: Election PASSED; received 1 response(s) [6239315d-57bf-4b8f-9091-7c97bb522017->d5adef7a-39ad-4570-b55e-3e419ba6fc1f,true-t1] and 0 exception(s); 6239315d-57bf-4b8f-9091-7c97bb522017:t1, leader=null, voted=6239315d-57bf-4b8f-9091-7c97bb522017, raftlog=6239315d-57bf-4b8f-9091-7c97bb522017-SegmentedRaftLog:OPENED:c-1,f-1,i0, conf=-1: [eaae30ce-bc95-43e1-80d2-d5999127ec25:192.168.134.69:42345, 6239315d-57bf-4b8f-9091-7c97bb522017:192.168.134.69:38945, d5adef7a-39ad-4570-b55e-3e419ba6fc1f:192.168.134.69:45437], old=null
2019-06-14 07:38:40,055 INFO  impl.RoleInfo (RoleInfo.java:shutdownLeaderElection(134)) - 6239315d-57bf-4b8f-9091-7c97bb522017: shutdown LeaderElection
2019-06-14 07:38:40,055 INFO  impl.RaftServerImpl (RaftServerImpl.java:setRole(164)) - 6239315d-57bf-4b8f-9091-7c97bb522017:group-E591505BA632 changes role from CANDIDATE to LEADER at term 1 for changeToLeader
2019-06-14 07:38:40,055 INFO  impl.RaftServerImpl (ServerState.java:setLeader(263)) - 6239315d-57bf-4b8f-9091-7c97bb522017:group-E591505BA632 change Leader from null to 6239315d-57bf-4b8f-9091-7c97bb522017 at term 1 for becomeLeader, leader elected after 1062ms
2019-06-14 07:38:40,055 INFO  server.RaftServerConfigKeys (ConfUtils.java:logGet(43)) - raft.server.staging.catchup.gap = 1000 (default)
2019-06-14 07:38:40,055 INFO  server.RaftServerConfigKeys (ConfUtils.java:logGet(43)) - raft.server.rpc.sleep.time = 25ms (default)
2019-06-14 07:38:40,055 INFO  server.RaftServerConfigKeys (ConfUtils.java:logGet(43)) - raft.server.watch.timeout = 10s (default)
2019-06-14 07:38:40,055 INFO  server.RaftServerConfigKeys (ConfUtils.java:logGet(43)) - raft.server.watch.timeout.denomination = 1s (default)
2019-06-14 07:38:40,055 INFO  server.RaftServerConfigKeys (ConfUtils.java:logGet(43)) - raft.server.log.appender.snapshot.chunk.size.max = 16MB (=16777216) (default)
2019-06-14 07:38:40,056 INFO  server.RaftServerConfigKeys (ConfUtils.java:logGet(43)) - raft.server.log.appender.buffer.byte-limit = 33554432 (custom)
2019-06-14 07:38:40,056 INFO  server.RaftServerConfigKeys (ConfUtils.java:logGet(43)) - raft.server.log.appender.buffer.element-limit = 1 (custom)
2019-06-14 07:38:40,056 INFO  grpc.GrpcConfigKeys$Server (ConfUtils.java:logGet(43)) - raft.grpc.server.leader.outstanding.appends.max = 128 (default)
2019-06-14 07:38:40,056 INFO  server.RaftServerConfigKeys (ConfUtils.java:logGet(43)) - raft.server.rpc.request.timeout = 3000ms (default)
2019-06-14 07:38:40,056 INFO  server.RaftServerConfigKeys (ConfUtils.java:logGet(43)) - raft.server.log.appender.install.snapshot.enabled = true (default)
2019-06-14 07:38:40,056 INFO  server.RaftServerConfigKeys (ConfUtils.java:logGet(43)) - raft.server.log.appender.snapshot.chunk.size.max = 16MB (=16777216) (default)
2019-06-14 07:38:40,056 INFO  server.RaftServerConfigKeys (ConfUtils.java:logGet(43)) - raft.server.log.appender.buffer.byte-limit = 33554432 (custom)
2019-06-14 07:38:40,056 INFO  server.RaftServerConfigKeys (ConfUtils.java:logGet(43)) - raft.server.log.appender.buffer.element-limit = 1 (custom)
2019-06-14 07:38:40,056 INFO  grpc.GrpcConfigKeys$Server (ConfUtils.java:logGet(43)) - raft.grpc.server.leader.outstanding.appends.max = 128 (default)
2019-06-14 07:38:40,056 INFO  server.RaftServerConfigKeys (ConfUtils.java:logGet(43)) - raft.server.rpc.request.timeout = 3000ms (default)
2019-06-14 07:38:40,056 INFO  server.RaftServerConfigKeys (ConfUtils.java:logGet(43)) - raft.server.log.appender.install.snapshot.enabled = true (default)
2019-06-14 07:38:40,056 INFO  impl.RoleInfo (RoleInfo.java:updateAndGet(143)) - 6239315d-57bf-4b8f-9091-7c97bb522017: start LeaderState
2019-06-14 07:38:40,057 INFO  storage.RaftLogWorker (RaftLogWorker.java:startLogSegment(298)) - 6239315d-57bf-4b8f-9091-7c97bb522017-RaftLogWorker: Starting segment from index:0
2019-06-14 07:38:40,058 INFO  impl.RaftServerImpl (ServerState.java:setRaftConf(361)) - 6239315d-57bf-4b8f-9091-7c97bb522017:group-E591505BA632 set configuration 0: [eaae30ce-bc95-43e1-80d2-d5999127ec25:192.168.134.69:42345, 6239315d-57bf-4b8f-9091-7c97bb522017:192.168.134.69:38945, d5adef7a-39ad-4570-b55e-3e419ba6fc1f:192.168.134.69:45437], old=null at 0
2019-06-14 07:38:40,059 INFO  impl.RaftServerImpl (ServerState.java:setLeader(263)) - eaae30ce-bc95-43e1-80d2-d5999127ec25:group-E591505BA632 change Leader from null to 6239315d-57bf-4b8f-9091-7c97bb522017 at term 1 for appendEntries, leader elected after 1065ms
2019-06-14 07:38:40,076 INFO  impl.RaftServerImpl (ServerState.java:setLeader(263)) - d5adef7a-39ad-4570-b55e-3e419ba6fc1f:group-E591505BA632 change Leader from null to 6239315d-57bf-4b8f-9091-7c97bb522017 at term 1 for appendEntries, leader elected after 1084ms
2019-06-14 07:38:40,094 INFO  impl.FollowerState (FollowerState.java:run(101)) - 6239315d-57bf-4b8f-9091-7c97bb522017:group-2027D5E1CE22 changes to CANDIDATE, lastRpcTime:1121, electionTimeout:1108ms
2019-06-14 07:38:40,094 INFO  impl.RoleInfo (RoleInfo.java:shutdownFollowerState(121)) - 6239315d-57bf-4b8f-9091-7c97bb522017: shutdown FollowerState
2019-06-14 07:38:40,094 INFO  impl.RaftServerImpl (RaftServerImpl.java:setRole(164)) - 6239315d-57bf-4b8f-9091-7c97bb522017:group-2027D5E1CE22 changes role from FOLLOWER to CANDIDATE at term 0 for changeToCandidate
2019-06-14 07:38:40,095 INFO  impl.RoleInfo (RoleInfo.java:updateAndGet(143)) - 6239315d-57bf-4b8f-9091-7c97bb522017: start LeaderElection
2019-06-14 07:38:40,097 INFO  storage.RaftLogWorker (RaftLogWorker.java:execute(469)) - 6239315d-57bf-4b8f-9091-7c97bb522017-RaftLogWorker: created new log segment /opt/src/hadoop-ozone/integration-test/target/test-dir/MiniOzoneClusterImpl-e845858a-40c4-451a-acc8-c6a8fec2ef52/datanode-5/data/ratis/e9d6d163-5c64-4546-8777-e591505ba632/current/log_inprogress_0
2019-06-14 07:38:40,101 INFO  impl.RaftServerImpl (ServerState.java:setRaftConf(361)) - d5adef7a-39ad-4570-b55e-3e419ba6fc1f:group-E591505BA632 set configuration 0: [eaae30ce-bc95-43e1-80d2-d5999127ec25:192.168.134.69:42345, 6239315d-57bf-4b8f-9091-7c97bb522017:192.168.134.69:38945, d5adef7a-39ad-4570-b55e-3e419ba6fc1f:192.168.134.69:45437], old=null at 0
2019-06-14 07:38:40,100 INFO  impl.RaftServerImpl (ServerState.java:setRaftConf(361)) - eaae30ce-bc95-43e1-80d2-d5999127ec25:group-E591505BA632 set configuration 0: [eaae30ce-bc95-43e1-80d2-d5999127ec25:192.168.134.69:42345, 6239315d-57bf-4b8f-9091-7c97bb522017:192.168.134.69:38945, d5adef7a-39ad-4570-b55e-3e419ba6fc1f:192.168.134.69:45437], old=null at 0
2019-06-14 07:38:40,101 INFO  storage.RaftLogWorker (RaftLogWorker.java:startLogSegment(298)) - d5adef7a-39ad-4570-b55e-3e419ba6fc1f-RaftLogWorker: Starting segment from index:0
2019-06-14 07:38:40,101 INFO  impl.LeaderElection (LeaderElection.java:askForVotes(181)) - 6239315d-57bf-4b8f-9091-7c97bb522017:group-2027D5E1CE22:LeaderElection32: begin an election at term 1 for -1: [6239315d-57bf-4b8f-9091-7c97bb522017:192.168.134.69:38945], old=null
2019-06-14 07:38:40,101 INFO  storage.RaftLogWorker (RaftLogWorker.java:startLogSegment(298)) - eaae30ce-bc95-43e1-80d2-d5999127ec25-RaftLogWorker: Starting segment from index:0
2019-06-14 07:38:40,102 INFO  impl.RoleInfo (RoleInfo.java:shutdownLeaderElection(134)) - 6239315d-57bf-4b8f-9091-7c97bb522017: shutdown LeaderElection
2019-06-14 07:38:40,102 INFO  impl.RaftServerImpl (RaftServerImpl.java:setRole(164)) - 6239315d-57bf-4b8f-9091-7c97bb522017:group-2027D5E1CE22 changes role from CANDIDATE to LEADER at term 1 for changeToLeader
2019-06-14 07:38:40,102 INFO  impl.RaftServerImpl (ServerState.java:setLeader(263)) - 6239315d-57bf-4b8f-9091-7c97bb522017:group-2027D5E1CE22 change Leader from null to 6239315d-57bf-4b8f-9091-7c97bb522017 at term 1 for becomeLeader, leader elected after 1131ms
2019-06-14 07:38:40,102 INFO  server.RaftServerConfigKeys (ConfUtils.java:logGet(43)) - raft.server.staging.catchup.gap = 1000 (default)
2019-06-14 07:38:40,102 INFO  server.RaftServerConfigKeys (ConfUtils.java:logGet(43)) - raft.server.rpc.sleep.time = 25ms (default)
2019-06-14 07:38:40,102 INFO  server.RaftServerConfigKeys (ConfUtils.java:logGet(43)) - raft.server.watch.timeout = 10s (default)
2019-06-14 07:38:40,102 INFO  server.RaftServerConfigKeys (ConfUtils.java:logGet(43)) - raft.server.watch.timeout.denomination = 1s (default)
2019-06-14 07:38:40,103 INFO  impl.RoleInfo (RoleInfo.java:updateAndGet(143)) - 6239315d-57bf-4b8f-9091-7c97bb522017: start LeaderState
2019-06-14 07:38:40,103 INFO  storage.RaftLogWorker (RaftLogWorker.java:startLogSegment(298)) - 6239315d-57bf-4b8f-9091-7c97bb522017-RaftLogWorker: Starting segment from index:0
2019-06-14 07:38:40,114 INFO  ozone.MiniOzoneClusterImpl (MiniOzoneClusterImpl.java:lambda$waitForClusterToBeReady$0(142)) - Cluster is ready. Got 7 of 7 DN Heartbeats.
2019-06-14 07:38:40,126 INFO  impl.RaftServerImpl (ServerState.java:setRaftConf(361)) - 6239315d-57bf-4b8f-9091-7c97bb522017:group-2027D5E1CE22 set configuration 0: [6239315d-57bf-4b8f-9091-7c97bb522017:192.168.134.69:38945], old=null at 0
2019-06-14 07:38:40,152 INFO  storage.RaftLogWorker (RaftLogWorker.java:execute(469)) - d5adef7a-39ad-4570-b55e-3e419ba6fc1f-RaftLogWorker: created new log segment /opt/src/hadoop-ozone/integration-test/target/test-dir/MiniOzoneClusterImpl-e845858a-40c4-451a-acc8-c6a8fec2ef52/datanode-4/data/ratis/e9d6d163-5c64-4546-8777-e591505ba632/current/log_inprogress_0
2019-06-14 07:38:40,173 INFO  storage.RaftLogWorker (RaftLogWorker.java:execute(469)) - 6239315d-57bf-4b8f-9091-7c97bb522017-RaftLogWorker: created new log segment /opt/src/hadoop-ozone/integration-test/target/test-dir/MiniOzoneClusterImpl-e845858a-40c4-451a-acc8-c6a8fec2ef52/datanode-5/data/ratis/bf267fd9-a9d3-42d8-8b85-2027d5e1ce22/current/log_inprogress_0
2019-06-14 07:38:40,170 INFO  impl.FollowerState (FollowerState.java:run(101)) - 1738f7e9-945b-4a2f-842c-90a3006766cd:group-E9C32D62E281 changes to CANDIDATE, lastRpcTime:1032, electionTimeout:1020ms
2019-06-14 07:38:40,176 INFO  impl.RoleInfo (RoleInfo.java:shutdownFollowerState(121)) - 1738f7e9-945b-4a2f-842c-90a3006766cd: shutdown FollowerState
2019-06-14 07:38:40,176 INFO  impl.RaftServerImpl (RaftServerImpl.java:setRole(164)) - 1738f7e9-945b-4a2f-842c-90a3006766cd:group-E9C32D62E281 changes role from FOLLOWER to CANDIDATE at term 0 for changeToCandidate
2019-06-14 07:38:40,177 INFO  impl.RoleInfo (RoleInfo.java:updateAndGet(143)) - 1738f7e9-945b-4a2f-842c-90a3006766cd: start LeaderElection
2019-06-14 07:38:40,177 INFO  storage.RaftLogWorker (RaftLogWorker.java:execute(469)) - eaae30ce-bc95-43e1-80d2-d5999127ec25-RaftLogWorker: created new log segment /opt/src/hadoop-ozone/integration-test/target/test-dir/MiniOzoneClusterImpl-e845858a-40c4-451a-acc8-c6a8fec2ef52/datanode-3/data/ratis/e9d6d163-5c64-4546-8777-e591505ba632/current/log_inprogress_0
2019-06-14 07:38:40,189 INFO  rpc.RpcClient (RpcClient.java:createVolume(289)) - Creating Volume: watchforcommithandlingtest, with root as owner.
2019-06-14 07:38:40,190 INFO  impl.LeaderElection (LeaderElection.java:askForVotes(181)) - 1738f7e9-945b-4a2f-842c-90a3006766cd:group-E9C32D62E281:LeaderElection33: begin an election at term 1 for -1: [1738f7e9-945b-4a2f-842c-90a3006766cd:192.168.134.69:38843], old=null
2019-06-14 07:38:40,190 INFO  impl.RoleInfo (RoleInfo.java:shutdownLeaderElection(134)) - 1738f7e9-945b-4a2f-842c-90a3006766cd: shutdown LeaderElection
2019-06-14 07:38:40,190 INFO  impl.RaftServerImpl (RaftServerImpl.java:setRole(164)) - 1738f7e9-945b-4a2f-842c-90a3006766cd:group-E9C32D62E281 changes role from CANDIDATE to LEADER at term 1 for changeToLeader
2019-06-14 07:38:40,190 INFO  impl.RaftServerImpl (ServerState.java:setLeader(263)) - 1738f7e9-945b-4a2f-842c-90a3006766cd:group-E9C32D62E281 change Leader from null to 1738f7e9-945b-4a2f-842c-90a3006766cd at term 1 for becomeLeader, leader elected after 1057ms
2019-06-14 07:38:40,190 INFO  server.RaftServerConfigKeys (ConfUtils.java:logGet(43)) - raft.server.staging.catchup.gap = 1000 (default)
2019-06-14 07:38:40,190 INFO  server.RaftServerConfigKeys (ConfUtils.java:logGet(43)) - raft.server.rpc.sleep.time = 25ms (default)
2019-06-14 07:38:40,190 INFO  server.RaftServerConfigKeys (ConfUtils.java:logGet(43)) - raft.server.watch.timeout = 10s (default)
2019-06-14 07:38:40,191 INFO  server.RaftServerConfigKeys (ConfUtils.java:logGet(43)) - raft.server.watch.timeout.denomination = 1s (default)
2019-06-14 07:38:40,191 INFO  impl.RoleInfo (RoleInfo.java:updateAndGet(143)) - 1738f7e9-945b-4a2f-842c-90a3006766cd: start LeaderState
2019-06-14 07:38:40,194 INFO  storage.RaftLogWorker (RaftLogWorker.java:startLogSegment(298)) - 1738f7e9-945b-4a2f-842c-90a3006766cd-RaftLogWorker: Starting segment from index:0
2019-06-14 07:38:40,195 INFO  impl.RaftServerImpl (ServerState.java:setRaftConf(361)) - 1738f7e9-945b-4a2f-842c-90a3006766cd:group-E9C32D62E281 set configuration 0: [1738f7e9-945b-4a2f-842c-90a3006766cd:192.168.134.69:38843], old=null at 0
2019-06-14 07:38:40,217 INFO  rpc.RpcClient (RpcClient.java:createBucket(426)) - Creating Bucket: watchforcommithandlingtest/watchforcommithandlingtest, with Versioning false and Storage Type set to DISK and Encryption set to false 
2019-06-14 07:38:40,236 INFO  ozone.MiniOzoneClusterImpl (MiniOzoneClusterImpl.java:getStorageContainerLocationClient(241)) - Creating StorageContainerLocationProtocol RPC client with address /0.0.0.0:41051
2019-06-14 07:38:40,238 INFO  storage.RaftLogWorker (RaftLogWorker.java:execute(469)) - 1738f7e9-945b-4a2f-842c-90a3006766cd-RaftLogWorker: created new log segment /opt/src/hadoop-ozone/integration-test/target/test-dir/MiniOzoneClusterImpl-e845858a-40c4-451a-acc8-c6a8fec2ef52/datanode-6/data/ratis/f2cf2769-d3aa-4879-846e-e9c32d62e281/current/log_inprogress_0
2019-06-14 07:38:40,249 INFO  client.GrpcClientProtocolClient (GrpcClientProtocolClient.java:onNext(254)) - client-E45D6143CD1B->45a18b76-154b-4bb1-adcb-fc939f971433: receive RaftClientReply:client-E45D6143CD1B->45a18b76-154b-4bb1-adcb-fc939f971433@group-C8609E592D4F, cid=66, FAILED org.apache.ratis.protocol.NotLeaderException: Server 45a18b76-154b-4bb1-adcb-fc939f971433 is not the leader (578092ab-b70b-4ebd-aded-cbd888e596c7:192.168.134.69:39399). Request must be sent to leader., logIndex=0, commits[45a18b76-154b-4bb1-adcb-fc939f971433:c0, 578092ab-b70b-4ebd-aded-cbd888e596c7:c0, 9d8be9db-f9cb-434a-8bf3-cbb66516a036:c-1]
2019-06-14 07:38:40,252 WARN  client.GrpcClientProtocolService (LogUtils.java:warn(134)) - 0-OrderedRequestStreamObserver0: onError: org.apache.ratis.thirdparty.io.grpc.StatusRuntimeException: CANCELLED: cancelled before receiving half close
2019-06-14 07:38:41,259 INFO  client.GrpcClientProtocolClient (GrpcClientProtocolClient.java:onNext(254)) - client-E45D6143CD1B->9d8be9db-f9cb-434a-8bf3-cbb66516a036: receive RaftClientReply:client-E45D6143CD1B->9d8be9db-f9cb-434a-8bf3-cbb66516a036@group-C8609E592D4F, cid=66, FAILED org.apache.ratis.protocol.NotLeaderException: Server 9d8be9db-f9cb-434a-8bf3-cbb66516a036 is not the leader (578092ab-b70b-4ebd-aded-cbd888e596c7:192.168.134.69:39399). Request must be sent to leader., logIndex=0, commits[9d8be9db-f9cb-434a-8bf3-cbb66516a036:c0, 45a18b76-154b-4bb1-adcb-fc939f971433:c0, 578092ab-b70b-4ebd-aded-cbd888e596c7:c0]
2019-06-14 07:38:41,264 WARN  client.GrpcClientProtocolService (LogUtils.java:warn(134)) - 0-OrderedRequestStreamObserver0: onError: org.apache.ratis.thirdparty.io.grpc.StatusRuntimeException: CANCELLED: cancelled before receiving half close
2019-06-14 07:38:42,294 INFO  client.GrpcClientProtocolClient (GrpcClientProtocolClient.java:onNext(254)) - client-E45D6143CD1B->578092ab-b70b-4ebd-aded-cbd888e596c7: receive RaftClientReply:client-E45D6143CD1B->578092ab-b70b-4ebd-aded-cbd888e596c7@group-C8609E592D4F, cid=66, SUCCESS, logIndex=1, commits[578092ab-b70b-4ebd-aded-cbd888e596c7:c2, 45a18b76-154b-4bb1-adcb-fc939f971433:c1, 9d8be9db-f9cb-434a-8bf3-cbb66516a036:c1]
2019-06-14 07:38:42,308 INFO  datanode.ObjectStoreHandler (ObjectStoreHandler.java:close(155)) - Closing ObjectStoreHandler.
2019-06-14 07:38:42,309 INFO  ozone.HddsDatanodeService (HddsDatanodeService.java:stop(452)) - Stopped plug-in org.apache.hadoop.ozone.web.OzoneHddsDatanodeService@62410e1f
2019-06-14 07:38:42,309 INFO  statemachine.DatanodeStateMachine (DatanodeStateMachine.java:lambda$startDaemon$0(350)) - Ozone container server started.
2019-06-14 07:38:42,309 INFO  ozoneimpl.OzoneContainer (OzoneContainer.java:stop(199)) - Attempting to stop container services.
2019-06-14 07:38:42,310 INFO  impl.RaftServerProxy (RaftServerProxy.java:lambda$close$4(314)) - 45a18b76-154b-4bb1-adcb-fc939f971433: close
2019-06-14 07:38:42,310 INFO  impl.RaftServerImpl (RaftServerImpl.java:lambda$shutdown$3(238)) - 45a18b76-154b-4bb1-adcb-fc939f971433: shutdown group-C8609E592D4F
2019-06-14 07:38:42,310 INFO  impl.RaftServerImpl (RaftServerImpl.java:lambda$shutdown$3(238)) - 45a18b76-154b-4bb1-adcb-fc939f971433: shutdown group-AE595452BC81
2019-06-14 07:38:42,310 INFO  util.JmxRegister (JmxRegister.java:unregister(73)) - Successfully un-registered JMX Bean with object name Ratis:service=RaftServer,group=group-C8609E592D4F,id=45a18b76-154b-4bb1-adcb-fc939f971433
2019-06-14 07:38:42,310 INFO  util.JmxRegister (JmxRegister.java:unregister(73)) - Successfully un-registered JMX Bean with object name Ratis:service=RaftServer,group=group-AE595452BC81,id=45a18b76-154b-4bb1-adcb-fc939f971433
2019-06-14 07:38:42,311 INFO  impl.RoleInfo (RoleInfo.java:shutdownFollowerState(121)) - 45a18b76-154b-4bb1-adcb-fc939f971433: shutdown FollowerState
2019-06-14 07:38:42,311 INFO  impl.RoleInfo (RoleInfo.java:shutdownLeaderState(104)) - 45a18b76-154b-4bb1-adcb-fc939f971433: shutdown LeaderState
2019-06-14 07:38:42,311 INFO  impl.FollowerState (FollowerState.java:run(109)) - 45a18b76-154b-4bb1-adcb-fc939f971433: FollowerState was interrupted: java.lang.InterruptedException: sleep interrupted
2019-06-14 07:38:42,311 INFO  ratis.ContainerStateMachine (ContainerStateMachine.java:takeSnapshot(245)) - Taking snapshot at termIndex:(t:1, i:1)
2019-06-14 07:38:42,311 INFO  ratis.ContainerStateMachine (ContainerStateMachine.java:takeSnapshot(249)) - Taking a snapshot to file /opt/src/hadoop-ozone/integration-test/target/test-dir/MiniOzoneClusterImpl-e845858a-40c4-451a-acc8-c6a8fec2ef52/datanode-1/data/ratis/2ffdce5f-ad48-4784-a7fb-c8609e592d4f/sm/snapshot.1_1
2019-06-14 07:38:42,311 INFO  impl.StateMachineUpdater (StateMachineUpdater.java:stopAndJoin(109)) - StateMachineUpdater-45a18b76-154b-4bb1-adcb-fc939f971433-group-C8609E592D4F: set stopIndex = 1
2019-06-14 07:38:42,311 INFO  impl.PendingRequests (PendingRequests.java:sendNotLeaderResponses(140)) - 45a18b76-154b-4bb1-adcb-fc939f971433-PendingRequests: sendNotLeaderResponses
2019-06-14 07:38:42,311 INFO  impl.RaftServerImpl (ServerState.java:close(394)) - 45a18b76-154b-4bb1-adcb-fc939f971433:group-C8609E592D4F closes. The last applied log index is 1
2019-06-14 07:38:42,314 INFO  ratis.ContainerStateMachine (ContainerStateMachine.java:takeSnapshot(245)) - Taking snapshot at termIndex:(t:0, i:~)
2019-06-14 07:38:42,315 INFO  storage.RaftLogWorker (RaftLogWorker.java:run(236)) - 45a18b76-154b-4bb1-adcb-fc939f971433-RaftLogWorker was interrupted, exiting. There are 0 tasks remaining in the queue.
2019-06-14 07:38:42,314 INFO  impl.StateMachineUpdater (StateMachineUpdater.java:stopAndJoin(109)) - StateMachineUpdater-45a18b76-154b-4bb1-adcb-fc939f971433-group-AE595452BC81: set stopIndex = 0
2019-06-14 07:38:42,315 INFO  impl.RaftServerImpl (ServerState.java:close(394)) - 45a18b76-154b-4bb1-adcb-fc939f971433:group-AE595452BC81 closes. The last applied log index is 0
2019-06-14 07:38:42,315 INFO  storage.RaftLogWorker (RaftLogWorker.java:run(236)) - 45a18b76-154b-4bb1-adcb-fc939f971433-RaftLogWorker was interrupted, exiting. There are 0 tasks remaining in the queue.
2019-06-14 07:38:42,316 INFO  storage.RaftLogWorker (RaftLogWorker.java:close(168)) - 45a18b76-154b-4bb1-adcb-fc939f971433-RaftLogWorker close()
2019-06-14 07:38:42,322 INFO  storage.RaftLogWorker (RaftLogWorker.java:close(168)) - 45a18b76-154b-4bb1-adcb-fc939f971433-RaftLogWorker close()
2019-06-14 07:38:42,323 INFO  server.GrpcService (GrpcService.java:closeImpl(154)) - 45a18b76-154b-4bb1-adcb-fc939f971433: shutdown server with port 38345 now
2019-06-14 07:38:42,324 WARN  server.GrpcServerProtocolService (LogUtils.java:warn(134)) - 45a18b76-154b-4bb1-adcb-fc939f971433: appendEntries onError: org.apache.ratis.thirdparty.io.grpc.StatusRuntimeException: CANCELLED: cancelled before receiving half close
2019-06-14 07:38:42,324 INFO  server.GrpcService (GrpcService.java:closeImpl(162)) - 45a18b76-154b-4bb1-adcb-fc939f971433: shutdown server with port 38345 successfully
2019-06-14 07:38:42,325 WARN  server.GrpcLogAppender (LogUtils.java:warn(134)) - 578092ab-b70b-4ebd-aded-cbd888e596c7: Failed appendEntries to 45a18b76-154b-4bb1-adcb-fc939f971433:192.168.134.69:38345: org.apache.ratis.thirdparty.io.grpc.StatusRuntimeException: CANCELLED: HTTP/2 error code: CANCEL
Received Rst Stream
2019-06-14 07:38:42,325 INFO  impl.FollowerInfo (FollowerInfo.java:lambda$new$0(50)) - 578092ab-b70b-4ebd-aded-cbd888e596c7->45a18b76-154b-4bb1-adcb-fc939f971433: nextIndex: updateUnconditionally 3 -> 0
2019-06-14 07:38:42,327 WARN  fs.CachingGetSpaceUsed (CachingGetSpaceUsed.java:run(183)) - Thread Interrupted waiting to refresh disk information: sleep interrupted
2019-06-14 07:38:42,341 INFO  statemachine.DatanodeStateMachine (DatanodeStateMachine.java:stopDaemon(395)) - Ozone container server stopped.
2019-06-14 07:38:42,342 INFO  handler.ContextHandler (ContextHandler.java:doStop(910)) - Stopped o.e.j.w.WebAppContext@73316a0a{/,null,UNAVAILABLE}{/hddsDatanode}
2019-06-14 07:38:42,343 INFO  server.AbstractConnector (AbstractConnector.java:doStop(318)) - Stopped ServerConnector@63a7af06{HTTP/1.1,[http/1.1]}{0.0.0.0:0}
2019-06-14 07:38:42,344 INFO  handler.ContextHandler (ContextHandler.java:doStop(910)) - Stopped o.e.j.s.ServletContextHandler@3fe24670{/static,jar:file:/root/.m2/repository/org/apache/hadoop/hadoop-hdds-container-service/0.5.0-SNAPSHOT/hadoop-hdds-container-service-0.5.0-SNAPSHOT.jar!/webapps/static,UNAVAILABLE}
2019-06-14 07:38:42,344 INFO  handler.ContextHandler (ContextHandler.java:doStop(910)) - Stopped o.e.j.s.ServletContextHandler@309e3f34{/logs,file:///opt/src/hadoop-ozone/integration-test/target/log,UNAVAILABLE}
2019-06-14 07:38:42,344 INFO  datanode.ObjectStoreHandler (ObjectStoreHandler.java:close(155)) - Closing ObjectStoreHandler.
2019-06-14 07:38:42,345 INFO  ozone.HddsDatanodeService (HddsDatanodeService.java:stop(452)) - Stopped plug-in org.apache.hadoop.ozone.web.OzoneHddsDatanodeService@5342032a
2019-06-14 07:38:42,345 INFO  statemachine.DatanodeStateMachine (DatanodeStateMachine.java:lambda$startDaemon$0(350)) - Ozone container server started.
2019-06-14 07:38:42,346 INFO  ozoneimpl.OzoneContainer (OzoneContainer.java:stop(199)) - Attempting to stop container services.
2019-06-14 07:38:42,346 INFO  impl.RaftServerProxy (RaftServerProxy.java:lambda$close$4(314)) - 9d8be9db-f9cb-434a-8bf3-cbb66516a036: close
2019-06-14 07:38:42,346 INFO  impl.RaftServerImpl (RaftServerImpl.java:lambda$shutdown$3(238)) - 9d8be9db-f9cb-434a-8bf3-cbb66516a036: shutdown group-C8609E592D4F
2019-06-14 07:38:42,346 INFO  impl.RaftServerImpl (RaftServerImpl.java:lambda$shutdown$3(238)) - 9d8be9db-f9cb-434a-8bf3-cbb66516a036: shutdown group-4A380B3EA55C
2019-06-14 07:38:42,346 INFO  util.JmxRegister (JmxRegister.java:unregister(73)) - Successfully un-registered JMX Bean with object name Ratis:service=RaftServer,group=group-4A380B3EA55C,id=9d8be9db-f9cb-434a-8bf3-cbb66516a036
2019-06-14 07:38:42,346 INFO  impl.RoleInfo (RoleInfo.java:shutdownLeaderState(104)) - 9d8be9db-f9cb-434a-8bf3-cbb66516a036: shutdown LeaderState
2019-06-14 07:38:42,346 INFO  util.JmxRegister (JmxRegister.java:unregister(73)) - Successfully un-registered JMX Bean with object name Ratis:service=RaftServer,group=group-C8609E592D4F,id=9d8be9db-f9cb-434a-8bf3-cbb66516a036
2019-06-14 07:38:42,346 INFO  impl.RoleInfo (RoleInfo.java:shutdownFollowerState(121)) - 9d8be9db-f9cb-434a-8bf3-cbb66516a036: shutdown FollowerState
2019-06-14 07:38:42,346 INFO  impl.PendingRequests (PendingRequests.java:sendNotLeaderResponses(140)) - 9d8be9db-f9cb-434a-8bf3-cbb66516a036-PendingRequests: sendNotLeaderResponses
2019-06-14 07:38:42,347 INFO  impl.StateMachineUpdater (StateMachineUpdater.java:stopAndJoin(109)) - StateMachineUpdater-9d8be9db-f9cb-434a-8bf3-cbb66516a036-group-C8609E592D4F: set stopIndex = 1
2019-06-14 07:38:42,347 INFO  ratis.ContainerStateMachine (ContainerStateMachine.java:takeSnapshot(245)) - Taking snapshot at termIndex:(t:1, i:1)
2019-06-14 07:38:42,347 INFO  ratis.ContainerStateMachine (ContainerStateMachine.java:takeSnapshot(249)) - Taking a snapshot to file /opt/src/hadoop-ozone/integration-test/target/test-dir/MiniOzoneClusterImpl-e845858a-40c4-451a-acc8-c6a8fec2ef52/datanode-2/data/ratis/2ffdce5f-ad48-4784-a7fb-c8609e592d4f/sm/snapshot.1_1
2019-06-14 07:38:42,347 INFO  impl.FollowerState (FollowerState.java:run(109)) - 9d8be9db-f9cb-434a-8bf3-cbb66516a036: FollowerState was interrupted: java.lang.InterruptedException: sleep interrupted
2019-06-14 07:38:42,350 INFO  impl.StateMachineUpdater (StateMachineUpdater.java:stopAndJoin(109)) - StateMachineUpdater-9d8be9db-f9cb-434a-8bf3-cbb66516a036-group-4A380B3EA55C: set stopIndex = 0
2019-06-14 07:38:42,349 INFO  impl.RaftServerImpl (ServerState.java:close(394)) - 9d8be9db-f9cb-434a-8bf3-cbb66516a036:group-C8609E592D4F closes. The last applied log index is 1
2019-06-14 07:38:42,350 INFO  ratis.ContainerStateMachine (ContainerStateMachine.java:takeSnapshot(245)) - Taking snapshot at termIndex:(t:0, i:~)
2019-06-14 07:38:42,350 INFO  storage.RaftLogWorker (RaftLogWorker.java:run(236)) - 9d8be9db-f9cb-434a-8bf3-cbb66516a036-RaftLogWorker was interrupted, exiting. There are 0 tasks remaining in the queue.
2019-06-14 07:38:42,350 INFO  impl.RaftServerImpl (ServerState.java:close(394)) - 9d8be9db-f9cb-434a-8bf3-cbb66516a036:group-4A380B3EA55C closes. The last applied log index is 0
2019-06-14 07:38:42,351 INFO  storage.RaftLogWorker (RaftLogWorker.java:run(236)) - 9d8be9db-f9cb-434a-8bf3-cbb66516a036-RaftLogWorker was interrupted, exiting. There are 0 tasks remaining in the queue.
2019-06-14 07:38:42,353 INFO  storage.RaftLogWorker (RaftLogWorker.java:close(168)) - 9d8be9db-f9cb-434a-8bf3-cbb66516a036-RaftLogWorker close()
2019-06-14 07:38:42,353 INFO  storage.RaftLogWorker (RaftLogWorker.java:close(168)) - 9d8be9db-f9cb-434a-8bf3-cbb66516a036-RaftLogWorker close()
2019-06-14 07:38:42,355 INFO  server.GrpcService (GrpcService.java:closeImpl(154)) - 9d8be9db-f9cb-434a-8bf3-cbb66516a036: shutdown server with port 39813 now
2019-06-14 07:38:42,356 WARN  server.GrpcServerProtocolService (LogUtils.java:warn(134)) - 9d8be9db-f9cb-434a-8bf3-cbb66516a036: appendEntries onError: org.apache.ratis.thirdparty.io.grpc.StatusRuntimeException: CANCELLED: cancelled before receiving half close
2019-06-14 07:38:42,356 INFO  server.GrpcService (GrpcService.java:closeImpl(162)) - 9d8be9db-f9cb-434a-8bf3-cbb66516a036: shutdown server with port 39813 successfully
2019-06-14 07:38:42,356 WARN  server.GrpcLogAppender (LogUtils.java:warn(134)) - 578092ab-b70b-4ebd-aded-cbd888e596c7: Failed appendEntries to 9d8be9db-f9cb-434a-8bf3-cbb66516a036:192.168.134.69:39813: org.apache.ratis.thirdparty.io.grpc.StatusRuntimeException: CANCELLED: HTTP/2 error code: CANCEL
Received Rst Stream
2019-06-14 07:38:42,357 INFO  impl.FollowerInfo (FollowerInfo.java:lambda$new$0(50)) - 578092ab-b70b-4ebd-aded-cbd888e596c7->9d8be9db-f9cb-434a-8bf3-cbb66516a036: nextIndex: updateUnconditionally 3 -> 0
2019-06-14 07:38:42,358 WARN  fs.CachingGetSpaceUsed (CachingGetSpaceUsed.java:run(183)) - Thread Interrupted waiting to refresh disk information: sleep interrupted
2019-06-14 07:38:42,367 INFO  statemachine.DatanodeStateMachine (DatanodeStateMachine.java:stopDaemon(395)) - Ozone container server stopped.
2019-06-14 07:38:42,368 INFO  handler.ContextHandler (ContextHandler.java:doStop(910)) - Stopped o.e.j.w.WebAppContext@10301d6f{/,null,UNAVAILABLE}{/hddsDatanode}
2019-06-14 07:38:42,368 INFO  server.AbstractConnector (AbstractConnector.java:doStop(318)) - Stopped ServerConnector@5cd6719d{HTTP/1.1,[http/1.1]}{0.0.0.0:0}
2019-06-14 07:38:42,368 INFO  handler.ContextHandler (ContextHandler.java:doStop(910)) - Stopped o.e.j.s.ServletContextHandler@671f545b{/static,jar:file:/root/.m2/repository/org/apache/hadoop/hadoop-hdds-container-service/0.5.0-SNAPSHOT/hadoop-hdds-container-service-0.5.0-SNAPSHOT.jar!/webapps/static,UNAVAILABLE}
2019-06-14 07:38:42,368 INFO  handler.ContextHandler (ContextHandler.java:doStop(910)) - Stopped o.e.j.s.ServletContextHandler@74a03bd5{/logs,file:///opt/src/hadoop-ozone/integration-test/target/log,UNAVAILABLE}
2019-06-14 07:38:42,772 WARN  server.GrpcLogAppender (LogUtils.java:warn(134)) - 578092ab-b70b-4ebd-aded-cbd888e596c7: Failed appendEntries to 9d8be9db-f9cb-434a-8bf3-cbb66516a036:192.168.134.69:39813: org.apache.ratis.thirdparty.io.grpc.StatusRuntimeException: UNAVAILABLE: io exception
2019-06-14 07:38:42,772 INFO  impl.FollowerInfo (FollowerInfo.java:lambda$new$0(50)) - 578092ab-b70b-4ebd-aded-cbd888e596c7->9d8be9db-f9cb-434a-8bf3-cbb66516a036: nextIndex: updateUnconditionally 0 -> 0
2019-06-14 07:38:42,772 WARN  server.GrpcLogAppender (LogUtils.java:warn(134)) - 578092ab-b70b-4ebd-aded-cbd888e596c7: Failed appendEntries to 45a18b76-154b-4bb1-adcb-fc939f971433:192.168.134.69:38345: org.apache.ratis.thirdparty.io.grpc.StatusRuntimeException: UNAVAILABLE: io exception
2019-06-14 07:38:42,774 INFO  impl.FollowerInfo (FollowerInfo.java:lambda$new$0(50)) - 578092ab-b70b-4ebd-aded-cbd888e596c7->45a18b76-154b-4bb1-adcb-fc939f971433: nextIndex: updateUnconditionally 0 -> 0
2019-06-14 07:38:43,272 WARN  server.GrpcLogAppender (LogUtils.java:warn(134)) - 578092ab-b70b-4ebd-aded-cbd888e596c7: Failed appendEntries to 45a18b76-154b-4bb1-adcb-fc939f971433:192.168.134.69:38345: org.apache.ratis.thirdparty.io.grpc.StatusRuntimeException: UNAVAILABLE: io exception
2019-06-14 07:38:43,272 INFO  impl.FollowerInfo (FollowerInfo.java:lambda$new$0(50)) - 578092ab-b70b-4ebd-aded-cbd888e596c7->45a18b76-154b-4bb1-adcb-fc939f971433: nextIndex: updateUnconditionally 0 -> 0
2019-06-14 07:38:43,273 WARN  server.GrpcLogAppender (LogUtils.java:warn(134)) - 578092ab-b70b-4ebd-aded-cbd888e596c7: Failed appendEntries to 9d8be9db-f9cb-434a-8bf3-cbb66516a036:192.168.134.69:39813: org.apache.ratis.thirdparty.io.grpc.StatusRuntimeException: UNAVAILABLE: io exception
2019-06-14 07:38:43,273 INFO  impl.FollowerInfo (FollowerInfo.java:lambda$new$0(50)) - 578092ab-b70b-4ebd-aded-cbd888e596c7->9d8be9db-f9cb-434a-8bf3-cbb66516a036: nextIndex: updateUnconditionally 0 -> 0
2019-06-14 07:38:43,772 WARN  server.GrpcLogAppender (LogUtils.java:warn(134)) - 578092ab-b70b-4ebd-aded-cbd888e596c7: Failed appendEntries to 45a18b76-154b-4bb1-adcb-fc939f971433:192.168.134.69:38345: org.apache.ratis.thirdparty.io.grpc.StatusRuntimeException: UNAVAILABLE: io exception
2019-06-14 07:38:43,773 INFO  impl.FollowerInfo (FollowerInfo.java:lambda$new$0(50)) - 578092ab-b70b-4ebd-aded-cbd888e596c7->45a18b76-154b-4bb1-adcb-fc939f971433: nextIndex: updateUnconditionally 0 -> 0
2019-06-14 07:38:43,773 WARN  server.GrpcLogAppender (LogUtils.java:warn(134)) - 578092ab-b70b-4ebd-aded-cbd888e596c7: Failed appendEntries to 9d8be9db-f9cb-434a-8bf3-cbb66516a036:192.168.134.69:39813: org.apache.ratis.thirdparty.io.grpc.StatusRuntimeException: UNAVAILABLE: io exception
2019-06-14 07:38:43,773 INFO  impl.FollowerInfo (FollowerInfo.java:lambda$new$0(50)) - 578092ab-b70b-4ebd-aded-cbd888e596c7->9d8be9db-f9cb-434a-8bf3-cbb66516a036: nextIndex: updateUnconditionally 0 -> 0
2019-06-14 07:38:44,273 WARN  server.GrpcLogAppender (LogUtils.java:warn(134)) - 578092ab-b70b-4ebd-aded-cbd888e596c7: Failed appendEntries to 9d8be9db-f9cb-434a-8bf3-cbb66516a036:192.168.134.69:39813: org.apache.ratis.thirdparty.io.grpc.StatusRuntimeException: UNAVAILABLE: io exception
2019-06-14 07:38:44,273 WARN  server.GrpcLogAppender (LogUtils.java:warn(134)) - 578092ab-b70b-4ebd-aded-cbd888e596c7: Failed appendEntries to 45a18b76-154b-4bb1-adcb-fc939f971433:192.168.134.69:38345: org.apache.ratis.thirdparty.io.grpc.StatusRuntimeException: UNAVAILABLE: io exception
2019-06-14 07:38:44,273 INFO  impl.FollowerInfo (FollowerInfo.java:lambda$new$0(50)) - 578092ab-b70b-4ebd-aded-cbd888e596c7->9d8be9db-f9cb-434a-8bf3-cbb66516a036: nextIndex: updateUnconditionally 0 -> 0
2019-06-14 07:38:44,274 INFO  impl.FollowerInfo (FollowerInfo.java:lambda$new$0(50)) - 578092ab-b70b-4ebd-aded-cbd888e596c7->45a18b76-154b-4bb1-adcb-fc939f971433: nextIndex: updateUnconditionally 0 -> 0
2019-06-14 07:38:44,774 WARN  server.GrpcLogAppender (LogUtils.java:warn(134)) - 578092ab-b70b-4ebd-aded-cbd888e596c7: Failed appendEntries to 45a18b76-154b-4bb1-adcb-fc939f971433:192.168.134.69:38345: org.apache.ratis.thirdparty.io.grpc.StatusRuntimeException: UNAVAILABLE: io exception
2019-06-14 07:38:44,774 INFO  impl.FollowerInfo (FollowerInfo.java:lambda$new$0(50)) - 578092ab-b70b-4ebd-aded-cbd888e596c7->45a18b76-154b-4bb1-adcb-fc939f971433: nextIndex: updateUnconditionally 0 -> 0
2019-06-14 07:38:44,774 WARN  server.GrpcLogAppender (LogUtils.java:warn(134)) - 578092ab-b70b-4ebd-aded-cbd888e596c7: Failed appendEntries to 9d8be9db-f9cb-434a-8bf3-cbb66516a036:192.168.134.69:39813: org.apache.ratis.thirdparty.io.grpc.StatusRuntimeException: UNAVAILABLE: io exception
2019-06-14 07:38:44,775 INFO  impl.FollowerInfo (FollowerInfo.java:lambda$new$0(50)) - 578092ab-b70b-4ebd-aded-cbd888e596c7->9d8be9db-f9cb-434a-8bf3-cbb66516a036: nextIndex: updateUnconditionally 0 -> 0
2019-06-14 07:38:45,274 WARN  server.GrpcLogAppender (LogUtils.java:warn(134)) - 578092ab-b70b-4ebd-aded-cbd888e596c7: Failed appendEntries to 9d8be9db-f9cb-434a-8bf3-cbb66516a036:192.168.134.69:39813: org.apache.ratis.thirdparty.io.grpc.StatusRuntimeException: UNAVAILABLE: io exception
2019-06-14 07:38:45,274 INFO  impl.FollowerInfo (FollowerInfo.java:lambda$new$0(50)) - 578092ab-b70b-4ebd-aded-cbd888e596c7->9d8be9db-f9cb-434a-8bf3-cbb66516a036: nextIndex: updateUnconditionally 0 -> 0
2019-06-14 07:38:45,275 WARN  server.GrpcLogAppender (LogUtils.java:warn(134)) - 578092ab-b70b-4ebd-aded-cbd888e596c7: Failed appendEntries to 45a18b76-154b-4bb1-adcb-fc939f971433:192.168.134.69:38345: org.apache.ratis.thirdparty.io.grpc.StatusRuntimeException: UNAVAILABLE: io exception
2019-06-14 07:38:45,275 INFO  impl.FollowerInfo (FollowerInfo.java:lambda$new$0(50)) - 578092ab-b70b-4ebd-aded-cbd888e596c7->45a18b76-154b-4bb1-adcb-fc939f971433: nextIndex: updateUnconditionally 0 -> 0
2019-06-14 07:38:45,775 WARN  server.GrpcLogAppender (LogUtils.java:warn(134)) - 578092ab-b70b-4ebd-aded-cbd888e596c7: Failed appendEntries to 45a18b76-154b-4bb1-adcb-fc939f971433:192.168.134.69:38345: org.apache.ratis.thirdparty.io.grpc.StatusRuntimeException: UNAVAILABLE: io exception
2019-06-14 07:38:45,775 INFO  impl.FollowerInfo (FollowerInfo.java:lambda$new$0(50)) - 578092ab-b70b-4ebd-aded-cbd888e596c7->45a18b76-154b-4bb1-adcb-fc939f971433: nextIndex: updateUnconditionally 0 -> 0
2019-06-14 07:38:45,775 WARN  server.GrpcLogAppender (LogUtils.java:warn(134)) - 578092ab-b70b-4ebd-aded-cbd888e596c7: Failed appendEntries to 9d8be9db-f9cb-434a-8bf3-cbb66516a036:192.168.134.69:39813: org.apache.ratis.thirdparty.io.grpc.StatusRuntimeException: UNAVAILABLE: io exception
2019-06-14 07:38:45,776 INFO  impl.FollowerInfo (FollowerInfo.java:lambda$new$0(50)) - 578092ab-b70b-4ebd-aded-cbd888e596c7->9d8be9db-f9cb-434a-8bf3-cbb66516a036: nextIndex: updateUnconditionally 0 -> 0
2019-06-14 07:38:46,275 WARN  server.GrpcLogAppender (LogUtils.java:warn(134)) - 578092ab-b70b-4ebd-aded-cbd888e596c7: Failed appendEntries to 45a18b76-154b-4bb1-adcb-fc939f971433:192.168.134.69:38345: org.apache.ratis.thirdparty.io.grpc.StatusRuntimeException: UNAVAILABLE: io exception
2019-06-14 07:38:46,275 WARN  server.GrpcLogAppender (LogUtils.java:warn(134)) - 578092ab-b70b-4ebd-aded-cbd888e596c7: Failed appendEntries to 9d8be9db-f9cb-434a-8bf3-cbb66516a036:192.168.134.69:39813: org.apache.ratis.thirdparty.io.grpc.StatusRuntimeException: UNAVAILABLE: io exception
2019-06-14 07:38:46,276 INFO  impl.FollowerInfo (FollowerInfo.java:lambda$new$0(50)) - 578092ab-b70b-4ebd-aded-cbd888e596c7->45a18b76-154b-4bb1-adcb-fc939f971433: nextIndex: updateUnconditionally 0 -> 0
2019-06-14 07:38:46,276 INFO  impl.FollowerInfo (FollowerInfo.java:lambda$new$0(50)) - 578092ab-b70b-4ebd-aded-cbd888e596c7->9d8be9db-f9cb-434a-8bf3-cbb66516a036: nextIndex: updateUnconditionally 0 -> 0
2019-06-14 07:38:46,776 WARN  server.GrpcLogAppender (LogUtils.java:warn(134)) - 578092ab-b70b-4ebd-aded-cbd888e596c7: Failed appendEntries to 9d8be9db-f9cb-434a-8bf3-cbb66516a036:192.168.134.69:39813: org.apache.ratis.thirdparty.io.grpc.StatusRuntimeException: UNAVAILABLE: io exception
2019-06-14 07:38:46,776 WARN  server.GrpcLogAppender (LogUtils.java:warn(134)) - 578092ab-b70b-4ebd-aded-cbd888e596c7: Failed appendEntries to 45a18b76-154b-4bb1-adcb-fc939f971433:192.168.134.69:38345: org.apache.ratis.thirdparty.io.grpc.StatusRuntimeException: UNAVAILABLE: io exception
2019-06-14 07:38:46,776 INFO  impl.FollowerInfo (FollowerInfo.java:lambda$new$0(50)) - 578092ab-b70b-4ebd-aded-cbd888e596c7->9d8be9db-f9cb-434a-8bf3-cbb66516a036: nextIndex: updateUnconditionally 0 -> 0
2019-06-14 07:38:46,777 INFO  impl.FollowerInfo (FollowerInfo.java:lambda$new$0(50)) - 578092ab-b70b-4ebd-aded-cbd888e596c7->45a18b76-154b-4bb1-adcb-fc939f971433: nextIndex: updateUnconditionally 0 -> 0
2019-06-14 07:38:47,277 WARN  server.GrpcLogAppender (LogUtils.java:warn(134)) - 578092ab-b70b-4ebd-aded-cbd888e596c7: Failed appendEntries to 9d8be9db-f9cb-434a-8bf3-cbb66516a036:192.168.134.69:39813: org.apache.ratis.thirdparty.io.grpc.StatusRuntimeException: UNAVAILABLE: io exception
2019-06-14 07:38:47,277 INFO  impl.FollowerInfo (FollowerInfo.java:lambda$new$0(50)) - 578092ab-b70b-4ebd-aded-cbd888e596c7->9d8be9db-f9cb-434a-8bf3-cbb66516a036: nextIndex: updateUnconditionally 0 -> 0
2019-06-14 07:38:47,278 WARN  server.GrpcLogAppender (LogUtils.java:warn(134)) - 578092ab-b70b-4ebd-aded-cbd888e596c7: Failed appendEntries to 45a18b76-154b-4bb1-adcb-fc939f971433:192.168.134.69:38345: org.apache.ratis.thirdparty.io.grpc.StatusRuntimeException: UNAVAILABLE: io exception
2019-06-14 07:38:47,278 INFO  impl.FollowerInfo (FollowerInfo.java:lambda$new$0(50)) - 578092ab-b70b-4ebd-aded-cbd888e596c7->45a18b76-154b-4bb1-adcb-fc939f971433: nextIndex: updateUnconditionally 0 -> 0
2019-06-14 07:38:47,777 WARN  server.GrpcLogAppender (LogUtils.java:warn(134)) - 578092ab-b70b-4ebd-aded-cbd888e596c7: Failed appendEntries to 9d8be9db-f9cb-434a-8bf3-cbb66516a036:192.168.134.69:39813: org.apache.ratis.thirdparty.io.grpc.StatusRuntimeException: UNAVAILABLE: io exception
2019-06-14 07:38:47,777 WARN  server.GrpcLogAppender (LogUtils.java:warn(134)) - 578092ab-b70b-4ebd-aded-cbd888e596c7: Failed appendEntries to 45a18b76-154b-4bb1-adcb-fc939f971433:192.168.134.69:38345: org.apache.ratis.thirdparty.io.grpc.StatusRuntimeException: UNAVAILABLE: io exception
2019-06-14 07:38:47,777 INFO  impl.FollowerInfo (FollowerInfo.java:lambda$new$0(50)) - 578092ab-b70b-4ebd-aded-cbd888e596c7->9d8be9db-f9cb-434a-8bf3-cbb66516a036: nextIndex: updateUnconditionally 0 -> 0
2019-06-14 07:38:47,777 INFO  impl.FollowerInfo (FollowerInfo.java:lambda$new$0(50)) - 578092ab-b70b-4ebd-aded-cbd888e596c7->45a18b76-154b-4bb1-adcb-fc939f971433: nextIndex: updateUnconditionally 0 -> 0
2019-06-14 07:38:48,277 WARN  server.GrpcLogAppender (LogUtils.java:warn(134)) - 578092ab-b70b-4ebd-aded-cbd888e596c7: Failed appendEntries to 9d8be9db-f9cb-434a-8bf3-cbb66516a036:192.168.134.69:39813: org.apache.ratis.thirdparty.io.grpc.StatusRuntimeException: UNAVAILABLE: io exception
2019-06-14 07:38:48,278 WARN  server.GrpcLogAppender (LogUtils.java:warn(134)) - 578092ab-b70b-4ebd-aded-cbd888e596c7: Failed appendEntries to 45a18b76-154b-4bb1-adcb-fc939f971433:192.168.134.69:38345: org.apache.ratis.thirdparty.io.grpc.StatusRuntimeException: UNAVAILABLE: io exception
2019-06-14 07:38:48,278 INFO  impl.FollowerInfo (FollowerInfo.java:lambda$new$0(50)) - 578092ab-b70b-4ebd-aded-cbd888e596c7->9d8be9db-f9cb-434a-8bf3-cbb66516a036: nextIndex: updateUnconditionally 0 -> 0
2019-06-14 07:38:48,278 INFO  impl.FollowerInfo (FollowerInfo.java:lambda$new$0(50)) - 578092ab-b70b-4ebd-aded-cbd888e596c7->45a18b76-154b-4bb1-adcb-fc939f971433: nextIndex: updateUnconditionally 0 -> 0
2019-06-14 07:38:48,778 WARN  server.GrpcLogAppender (LogUtils.java:warn(134)) - 578092ab-b70b-4ebd-aded-cbd888e596c7: Failed appendEntries to 9d8be9db-f9cb-434a-8bf3-cbb66516a036:192.168.134.69:39813: org.apache.ratis.thirdparty.io.grpc.StatusRuntimeException: UNAVAILABLE: io exception
2019-06-14 07:38:48,778 WARN  server.GrpcLogAppender (LogUtils.java:warn(134)) - 578092ab-b70b-4ebd-aded-cbd888e596c7: Failed appendEntries to 45a18b76-154b-4bb1-adcb-fc939f971433:192.168.134.69:38345: org.apache.ratis.thirdparty.io.grpc.StatusRuntimeException: UNAVAILABLE: io exception
2019-06-14 07:38:48,778 INFO  impl.FollowerInfo (FollowerInfo.java:lambda$new$0(50)) - 578092ab-b70b-4ebd-aded-cbd888e596c7->9d8be9db-f9cb-434a-8bf3-cbb66516a036: nextIndex: updateUnconditionally 0 -> 0
2019-06-14 07:38:48,779 INFO  impl.FollowerInfo (FollowerInfo.java:lambda$new$0(50)) - 578092ab-b70b-4ebd-aded-cbd888e596c7->45a18b76-154b-4bb1-adcb-fc939f971433: nextIndex: updateUnconditionally 0 -> 0
2019-06-14 07:38:49,279 WARN  server.GrpcLogAppender (LogUtils.java:warn(134)) - 578092ab-b70b-4ebd-aded-cbd888e596c7: Failed appendEntries to 45a18b76-154b-4bb1-adcb-fc939f971433:192.168.134.69:38345: org.apache.ratis.thirdparty.io.grpc.StatusRuntimeException: UNAVAILABLE: io exception
2019-06-14 07:38:49,279 WARN  server.GrpcLogAppender (LogUtils.java:warn(134)) - 578092ab-b70b-4ebd-aded-cbd888e596c7: Failed appendEntries to 9d8be9db-f9cb-434a-8bf3-cbb66516a036:192.168.134.69:39813: org.apache.ratis.thirdparty.io.grpc.StatusRuntimeException: UNAVAILABLE: io exception
2019-06-14 07:38:49,279 INFO  impl.FollowerInfo (FollowerInfo.java:lambda$new$0(50)) - 578092ab-b70b-4ebd-aded-cbd888e596c7->45a18b76-154b-4bb1-adcb-fc939f971433: nextIndex: updateUnconditionally 0 -> 0
2019-06-14 07:38:49,279 INFO  impl.FollowerInfo (FollowerInfo.java:lambda$new$0(50)) - 578092ab-b70b-4ebd-aded-cbd888e596c7->9d8be9db-f9cb-434a-8bf3-cbb66516a036: nextIndex: updateUnconditionally 0 -> 0
2019-06-14 07:38:49,779 WARN  server.GrpcLogAppender (LogUtils.java:warn(134)) - 578092ab-b70b-4ebd-aded-cbd888e596c7: Failed appendEntries to 9d8be9db-f9cb-434a-8bf3-cbb66516a036:192.168.134.69:39813: org.apache.ratis.thirdparty.io.grpc.StatusRuntimeException: UNAVAILABLE: io exception
2019-06-14 07:38:49,779 WARN  server.GrpcLogAppender (LogUtils.java:warn(134)) - 578092ab-b70b-4ebd-aded-cbd888e596c7: Failed appendEntries to 45a18b76-154b-4bb1-adcb-fc939f971433:192.168.134.69:38345: org.apache.ratis.thirdparty.io.grpc.StatusRuntimeException: UNAVAILABLE: io exception
2019-06-14 07:38:49,779 INFO  impl.FollowerInfo (FollowerInfo.java:lambda$new$0(50)) - 578092ab-b70b-4ebd-aded-cbd888e596c7->9d8be9db-f9cb-434a-8bf3-cbb66516a036: nextIndex: updateUnconditionally 0 -> 0
2019-06-14 07:38:49,780 INFO  impl.FollowerInfo (FollowerInfo.java:lambda$new$0(50)) - 578092ab-b70b-4ebd-aded-cbd888e596c7->45a18b76-154b-4bb1-adcb-fc939f971433: nextIndex: updateUnconditionally 0 -> 0
2019-06-14 07:38:50,281 WARN  server.GrpcLogAppender (LogUtils.java:warn(134)) - 578092ab-b70b-4ebd-aded-cbd888e596c7: Failed appendEntries to 9d8be9db-f9cb-434a-8bf3-cbb66516a036:192.168.134.69:39813: org.apache.ratis.thirdparty.io.grpc.StatusRuntimeException: UNAVAILABLE: io exception
2019-06-14 07:38:50,281 INFO  impl.FollowerInfo (FollowerInfo.java:lambda$new$0(50)) - 578092ab-b70b-4ebd-aded-cbd888e596c7->9d8be9db-f9cb-434a-8bf3-cbb66516a036: nextIndex: updateUnconditionally 0 -> 0
2019-06-14 07:38:50,281 WARN  server.GrpcLogAppender (LogUtils.java:warn(134)) - 578092ab-b70b-4ebd-aded-cbd888e596c7: Failed appendEntries to 45a18b76-154b-4bb1-adcb-fc939f971433:192.168.134.69:38345: org.apache.ratis.thirdparty.io.grpc.StatusRuntimeException: UNAVAILABLE: io exception
2019-06-14 07:38:50,282 INFO  impl.FollowerInfo (FollowerInfo.java:lambda$new$0(50)) - 578092ab-b70b-4ebd-aded-cbd888e596c7->45a18b76-154b-4bb1-adcb-fc939f971433: nextIndex: updateUnconditionally 0 -> 0
2019-06-14 07:38:50,781 WARN  server.GrpcLogAppender (LogUtils.java:warn(134)) - 578092ab-b70b-4ebd-aded-cbd888e596c7: Failed appendEntries to 9d8be9db-f9cb-434a-8bf3-cbb66516a036:192.168.134.69:39813: org.apache.ratis.thirdparty.io.grpc.StatusRuntimeException: UNAVAILABLE: io exception
2019-06-14 07:38:50,781 WARN  server.GrpcLogAppender (LogUtils.java:warn(134)) - 578092ab-b70b-4ebd-aded-cbd888e596c7: Failed appendEntries to 45a18b76-154b-4bb1-adcb-fc939f971433:192.168.134.69:38345: org.apache.ratis.thirdparty.io.grpc.StatusRuntimeException: UNAVAILABLE: io exception
2019-06-14 07:38:50,781 INFO  impl.FollowerInfo (FollowerInfo.java:lambda$new$0(50)) - 578092ab-b70b-4ebd-aded-cbd888e596c7->9d8be9db-f9cb-434a-8bf3-cbb66516a036: nextIndex: updateUnconditionally 0 -> 0
2019-06-14 07:38:50,781 INFO  impl.FollowerInfo (FollowerInfo.java:lambda$new$0(50)) - 578092ab-b70b-4ebd-aded-cbd888e596c7->45a18b76-154b-4bb1-adcb-fc939f971433: nextIndex: updateUnconditionally 0 -> 0
2019-06-14 07:38:51,281 WARN  server.GrpcLogAppender (LogUtils.java:warn(134)) - 578092ab-b70b-4ebd-aded-cbd888e596c7: Failed appendEntries to 45a18b76-154b-4bb1-adcb-fc939f971433:192.168.134.69:38345: org.apache.ratis.thirdparty.io.grpc.StatusRuntimeException: UNAVAILABLE: io exception
2019-06-14 07:38:51,281 WARN  server.GrpcLogAppender (LogUtils.java:warn(134)) - 578092ab-b70b-4ebd-aded-cbd888e596c7: Failed appendEntries to 9d8be9db-f9cb-434a-8bf3-cbb66516a036:192.168.134.69:39813: org.apache.ratis.thirdparty.io.grpc.StatusRuntimeException: UNAVAILABLE: io exception
2019-06-14 07:38:51,281 INFO  impl.FollowerInfo (FollowerInfo.java:lambda$new$0(50)) - 578092ab-b70b-4ebd-aded-cbd888e596c7->45a18b76-154b-4bb1-adcb-fc939f971433: nextIndex: updateUnconditionally 0 -> 0
2019-06-14 07:38:51,281 INFO  impl.FollowerInfo (FollowerInfo.java:lambda$new$0(50)) - 578092ab-b70b-4ebd-aded-cbd888e596c7->9d8be9db-f9cb-434a-8bf3-cbb66516a036: nextIndex: updateUnconditionally 0 -> 0
2019-06-14 07:38:51,783 WARN  server.GrpcLogAppender (LogUtils.java:warn(134)) - 578092ab-b70b-4ebd-aded-cbd888e596c7: Failed appendEntries to 45a18b76-154b-4bb1-adcb-fc939f971433:192.168.134.69:38345: org.apache.ratis.thirdparty.io.grpc.StatusRuntimeException: UNAVAILABLE: io exception
2019-06-14 07:38:51,783 INFO  impl.FollowerInfo (FollowerInfo.java:lambda$new$0(50)) - 578092ab-b70b-4ebd-aded-cbd888e596c7->45a18b76-154b-4bb1-adcb-fc939f971433: nextIndex: updateUnconditionally 0 -> 0
2019-06-14 07:38:51,783 WARN  server.GrpcLogAppender (LogUtils.java:warn(134)) - 578092ab-b70b-4ebd-aded-cbd888e596c7: Failed appendEntries to 9d8be9db-f9cb-434a-8bf3-cbb66516a036:192.168.134.69:39813: org.apache.ratis.thirdparty.io.grpc.StatusRuntimeException: UNAVAILABLE: io exception
2019-06-14 07:38:51,783 INFO  impl.FollowerInfo (FollowerInfo.java:lambda$new$0(50)) - 578092ab-b70b-4ebd-aded-cbd888e596c7->9d8be9db-f9cb-434a-8bf3-cbb66516a036: nextIndex: updateUnconditionally 0 -> 0
2019-06-14 07:38:52,282 WARN  server.GrpcLogAppender (LogUtils.java:warn(134)) - 578092ab-b70b-4ebd-aded-cbd888e596c7: Failed appendEntries to 9d8be9db-f9cb-434a-8bf3-cbb66516a036:192.168.134.69:39813: org.apache.ratis.thirdparty.io.grpc.StatusRuntimeException: UNAVAILABLE: io exception
2019-06-14 07:38:52,282 WARN  server.GrpcLogAppender (LogUtils.java:warn(134)) - 578092ab-b70b-4ebd-aded-cbd888e596c7: Failed appendEntries to 45a18b76-154b-4bb1-adcb-fc939f971433:192.168.134.69:38345: org.apache.ratis.thirdparty.io.grpc.StatusRuntimeException: UNAVAILABLE: io exception
2019-06-14 07:38:52,282 INFO  impl.FollowerInfo (FollowerInfo.java:lambda$new$0(50)) - 578092ab-b70b-4ebd-aded-cbd888e596c7->9d8be9db-f9cb-434a-8bf3-cbb66516a036: nextIndex: updateUnconditionally 0 -> 0
2019-06-14 07:38:52,282 INFO  impl.FollowerInfo (FollowerInfo.java:lambda$new$0(50)) - 578092ab-b70b-4ebd-aded-cbd888e596c7->45a18b76-154b-4bb1-adcb-fc939f971433: nextIndex: updateUnconditionally 0 -> 0
2019-06-14 07:38:52,783 WARN  server.GrpcLogAppender (LogUtils.java:warn(134)) - 578092ab-b70b-4ebd-aded-cbd888e596c7: Failed appendEntries to 9d8be9db-f9cb-434a-8bf3-cbb66516a036:192.168.134.69:39813: org.apache.ratis.thirdparty.io.grpc.StatusRuntimeException: UNAVAILABLE: io exception
2019-06-14 07:38:52,783 WARN  server.GrpcLogAppender (LogUtils.java:warn(134)) - 578092ab-b70b-4ebd-aded-cbd888e596c7: Failed appendEntries to 45a18b76-154b-4bb1-adcb-fc939f971433:192.168.134.69:38345: org.apache.ratis.thirdparty.io.grpc.StatusRuntimeException: UNAVAILABLE: io exception
2019-06-14 07:38:52,783 INFO  impl.FollowerInfo (FollowerInfo.java:lambda$new$0(50)) - 578092ab-b70b-4ebd-aded-cbd888e596c7->9d8be9db-f9cb-434a-8bf3-cbb66516a036: nextIndex: updateUnconditionally 0 -> 0
2019-06-14 07:38:52,783 INFO  impl.FollowerInfo (FollowerInfo.java:lambda$new$0(50)) - 578092ab-b70b-4ebd-aded-cbd888e596c7->45a18b76-154b-4bb1-adcb-fc939f971433: nextIndex: updateUnconditionally 0 -> 0
2019-06-14 07:38:53,026 INFO  client.GrpcClientProtocolService (GrpcClientProtocolService.java:lambda$processClientRequest$0(264)) - Failed RaftClientRequest:client-E45D6143CD1B->578092ab-b70b-4ebd-aded-cbd888e596c7@group-C8609E592D4F, cid=67, seq=0, Watch-ALL_COMMITTED(2), Message:<EMPTY>, reply=RaftClientReply:client-E45D6143CD1B->578092ab-b70b-4ebd-aded-cbd888e596c7@group-C8609E592D4F, cid=67, FAILED org.apache.ratis.protocol.NotReplicatedException: Request with call Id 67 and log index 2 is not yet replicated to ALL_COMMITTED, logIndex=2, commits[578092ab-b70b-4ebd-aded-cbd888e596c7:c2, 45a18b76-154b-4bb1-adcb-fc939f971433:c1, 9d8be9db-f9cb-434a-8bf3-cbb66516a036:c1]
2019-06-14 07:38:53,284 WARN  server.GrpcLogAppender (LogUtils.java:warn(134)) - 578092ab-b70b-4ebd-aded-cbd888e596c7: Failed appendEntries to 9d8be9db-f9cb-434a-8bf3-cbb66516a036:192.168.134.69:39813: org.apache.ratis.thirdparty.io.grpc.StatusRuntimeException: UNAVAILABLE: io exception
2019-06-14 07:38:53,284 WARN  server.GrpcLogAppender (LogUtils.java:warn(134)) - 578092ab-b70b-4ebd-aded-cbd888e596c7: Failed appendEntries to 45a18b76-154b-4bb1-adcb-fc939f971433:192.168.134.69:38345: org.apache.ratis.thirdparty.io.grpc.StatusRuntimeException: UNAVAILABLE: io exception
2019-06-14 07:38:53,286 INFO  impl.FollowerInfo (FollowerInfo.java:lambda$new$0(50)) - 578092ab-b70b-4ebd-aded-cbd888e596c7->9d8be9db-f9cb-434a-8bf3-cbb66516a036: nextIndex: updateUnconditionally 0 -> 0
2019-06-14 07:38:53,287 INFO  impl.FollowerInfo (FollowerInfo.java:lambda$new$0(50)) - 578092ab-b70b-4ebd-aded-cbd888e596c7->45a18b76-154b-4bb1-adcb-fc939f971433: nextIndex: updateUnconditionally 0 -> 0
2019-06-14 07:38:53,784 WARN  server.GrpcLogAppender (LogUtils.java:warn(134)) - 578092ab-b70b-4ebd-aded-cbd888e596c7: Failed appendEntries to 45a18b76-154b-4bb1-adcb-fc939f971433:192.168.134.69:38345: org.apache.ratis.thirdparty.io.grpc.StatusRuntimeException: UNAVAILABLE: io exception
2019-06-14 07:38:53,785 INFO  impl.FollowerInfo (FollowerInfo.java:lambda$new$0(50)) - 578092ab-b70b-4ebd-aded-cbd888e596c7->45a18b76-154b-4bb1-adcb-fc939f971433: nextIndex: updateUnconditionally 0 -> 0
2019-06-14 07:38:53,787 WARN  server.GrpcLogAppender (LogUtils.java:warn(134)) - 578092ab-b70b-4ebd-aded-cbd888e596c7: Failed appendEntries to 9d8be9db-f9cb-434a-8bf3-cbb66516a036:192.168.134.69:39813: org.apache.ratis.thirdparty.io.grpc.StatusRuntimeException: UNAVAILABLE: io exception
2019-06-14 07:38:53,787 INFO  impl.FollowerInfo (FollowerInfo.java:lambda$new$0(50)) - 578092ab-b70b-4ebd-aded-cbd888e596c7->9d8be9db-f9cb-434a-8bf3-cbb66516a036: nextIndex: updateUnconditionally 0 -> 0
2019-06-14 07:38:54,285 WARN  server.GrpcLogAppender (LogUtils.java:warn(134)) - 578092ab-b70b-4ebd-aded-cbd888e596c7: Failed appendEntries to 45a18b76-154b-4bb1-adcb-fc939f971433:192.168.134.69:38345: org.apache.ratis.thirdparty.io.grpc.StatusRuntimeException: UNAVAILABLE: io exception
2019-06-14 07:38:54,285 INFO  impl.FollowerInfo (FollowerInfo.java:lambda$new$0(50)) - 578092ab-b70b-4ebd-aded-cbd888e596c7->45a18b76-154b-4bb1-adcb-fc939f971433: nextIndex: updateUnconditionally 0 -> 0
2019-06-14 07:38:54,285 WARN  server.GrpcLogAppender (LogUtils.java:warn(134)) - 578092ab-b70b-4ebd-aded-cbd888e596c7: Failed appendEntries to 9d8be9db-f9cb-434a-8bf3-cbb66516a036:192.168.134.69:39813: org.apache.ratis.thirdparty.io.grpc.StatusRuntimeException: UNAVAILABLE: io exception
2019-06-14 07:38:54,286 INFO  impl.FollowerInfo (FollowerInfo.java:lambda$new$0(50)) - 578092ab-b70b-4ebd-aded-cbd888e596c7->9d8be9db-f9cb-434a-8bf3-cbb66516a036: nextIndex: updateUnconditionally 0 -> 0
2019-06-14 07:38:54,787 WARN  server.GrpcLogAppender (LogUtils.java:warn(134)) - 578092ab-b70b-4ebd-aded-cbd888e596c7: Failed appendEntries to 9d8be9db-f9cb-434a-8bf3-cbb66516a036:192.168.134.69:39813: org.apache.ratis.thirdparty.io.grpc.StatusRuntimeException: UNAVAILABLE: io exception
2019-06-14 07:38:54,787 WARN  server.GrpcLogAppender (LogUtils.java:warn(134)) - 578092ab-b70b-4ebd-aded-cbd888e596c7: Failed appendEntries to 45a18b76-154b-4bb1-adcb-fc939f971433:192.168.134.69:38345: org.apache.ratis.thirdparty.io.grpc.StatusRuntimeException: UNAVAILABLE: io exception
2019-06-14 07:38:54,787 INFO  impl.FollowerInfo (FollowerInfo.java:lambda$new$0(50)) - 578092ab-b70b-4ebd-aded-cbd888e596c7->45a18b76-154b-4bb1-adcb-fc939f971433: nextIndex: updateUnconditionally 0 -> 0
2019-06-14 07:38:54,787 INFO  impl.FollowerInfo (FollowerInfo.java:lambda$new$0(50)) - 578092ab-b70b-4ebd-aded-cbd888e596c7->9d8be9db-f9cb-434a-8bf3-cbb66516a036: nextIndex: updateUnconditionally 0 -> 0
2019-06-14 07:38:55,285 WARN  server.GrpcLogAppender (LogUtils.java:warn(134)) - 578092ab-b70b-4ebd-aded-cbd888e596c7: Failed appendEntries to 9d8be9db-f9cb-434a-8bf3-cbb66516a036:192.168.134.69:39813: org.apache.ratis.thirdparty.io.grpc.StatusRuntimeException: UNAVAILABLE: io exception
2019-06-14 07:38:55,286 WARN  server.GrpcLogAppender (LogUtils.java:warn(134)) - 578092ab-b70b-4ebd-aded-cbd888e596c7: Failed appendEntries to 45a18b76-154b-4bb1-adcb-fc939f971433:192.168.134.69:38345: org.apache.ratis.thirdparty.io.grpc.StatusRuntimeException: UNAVAILABLE: io exception
2019-06-14 07:38:55,286 INFO  impl.FollowerInfo (FollowerInfo.java:lambda$new$0(50)) - 578092ab-b70b-4ebd-aded-cbd888e596c7->9d8be9db-f9cb-434a-8bf3-cbb66516a036: nextIndex: updateUnconditionally 0 -> 0
2019-06-14 07:38:55,286 INFO  impl.FollowerInfo (FollowerInfo.java:lambda$new$0(50)) - 578092ab-b70b-4ebd-aded-cbd888e596c7->45a18b76-154b-4bb1-adcb-fc939f971433: nextIndex: updateUnconditionally 0 -> 0
2019-06-14 07:38:55,786 WARN  server.GrpcLogAppender (LogUtils.java:warn(134)) - 578092ab-b70b-4ebd-aded-cbd888e596c7: Failed appendEntries to 9d8be9db-f9cb-434a-8bf3-cbb66516a036:192.168.134.69:39813: org.apache.ratis.thirdparty.io.grpc.StatusRuntimeException: UNAVAILABLE: io exception
2019-06-14 07:38:55,787 INFO  impl.FollowerInfo (FollowerInfo.java:lambda$new$0(50)) - 578092ab-b70b-4ebd-aded-cbd888e596c7->9d8be9db-f9cb-434a-8bf3-cbb66516a036: nextIndex: updateUnconditionally 0 -> 0
2019-06-14 07:38:55,787 WARN  server.GrpcLogAppender (LogUtils.java:warn(134)) - 578092ab-b70b-4ebd-aded-cbd888e596c7: Failed appendEntries to 45a18b76-154b-4bb1-adcb-fc939f971433:192.168.134.69:38345: org.apache.ratis.thirdparty.io.grpc.StatusRuntimeException: UNAVAILABLE: io exception
2019-06-14 07:38:55,787 INFO  impl.FollowerInfo (FollowerInfo.java:lambda$new$0(50)) - 578092ab-b70b-4ebd-aded-cbd888e596c7->45a18b76-154b-4bb1-adcb-fc939f971433: nextIndex: updateUnconditionally 0 -> 0
2019-06-14 07:38:56,287 WARN  server.GrpcLogAppender (LogUtils.java:warn(134)) - 578092ab-b70b-4ebd-aded-cbd888e596c7: Failed appendEntries to 45a18b76-154b-4bb1-adcb-fc939f971433:192.168.134.69:38345: org.apache.ratis.thirdparty.io.grpc.StatusRuntimeException: UNAVAILABLE: io exception
2019-06-14 07:38:56,287 INFO  impl.FollowerInfo (FollowerInfo.java:lambda$new$0(50)) - 578092ab-b70b-4ebd-aded-cbd888e596c7->45a18b76-154b-4bb1-adcb-fc939f971433: nextIndex: updateUnconditionally 0 -> 0
2019-06-14 07:38:56,288 WARN  server.GrpcLogAppender (LogUtils.java:warn(134)) - 578092ab-b70b-4ebd-aded-cbd888e596c7: Failed appendEntries to 9d8be9db-f9cb-434a-8bf3-cbb66516a036:192.168.134.69:39813: org.apache.ratis.thirdparty.io.grpc.StatusRuntimeException: UNAVAILABLE: io exception
2019-06-14 07:38:56,288 INFO  impl.FollowerInfo (FollowerInfo.java:lambda$new$0(50)) - 578092ab-b70b-4ebd-aded-cbd888e596c7->9d8be9db-f9cb-434a-8bf3-cbb66516a036: nextIndex: updateUnconditionally 0 -> 0
2019-06-14 07:38:56,787 WARN  server.GrpcLogAppender (LogUtils.java:warn(134)) - 578092ab-b70b-4ebd-aded-cbd888e596c7: Failed appendEntries to 45a18b76-154b-4bb1-adcb-fc939f971433:192.168.134.69:38345: org.apache.ratis.thirdparty.io.grpc.StatusRuntimeException: UNAVAILABLE: io exception
2019-06-14 07:38:56,788 INFO  impl.FollowerInfo (FollowerInfo.java:lambda$new$0(50)) - 578092ab-b70b-4ebd-aded-cbd888e596c7->45a18b76-154b-4bb1-adcb-fc939f971433: nextIndex: updateUnconditionally 0 -> 0
2019-06-14 07:38:56,789 WARN  server.GrpcLogAppender (LogUtils.java:warn(134)) - 578092ab-b70b-4ebd-aded-cbd888e596c7: Failed appendEntries to 9d8be9db-f9cb-434a-8bf3-cbb66516a036:192.168.134.69:39813: org.apache.ratis.thirdparty.io.grpc.StatusRuntimeException: UNAVAILABLE: io exception
2019-06-14 07:38:56,789 INFO  impl.FollowerInfo (FollowerInfo.java:lambda$new$0(50)) - 578092ab-b70b-4ebd-aded-cbd888e596c7->9d8be9db-f9cb-434a-8bf3-cbb66516a036: nextIndex: updateUnconditionally 0 -> 0
2019-06-14 07:38:57,290 WARN  server.GrpcLogAppender (LogUtils.java:warn(134)) - 578092ab-b70b-4ebd-aded-cbd888e596c7: Failed appendEntries to 45a18b76-154b-4bb1-adcb-fc939f971433:192.168.134.69:38345: org.apache.ratis.thirdparty.io.grpc.StatusRuntimeException: UNAVAILABLE: io exception
2019-06-14 07:38:57,290 INFO  impl.FollowerInfo (FollowerInfo.java:lambda$new$0(50)) - 578092ab-b70b-4ebd-aded-cbd888e596c7->45a18b76-154b-4bb1-adcb-fc939f971433: nextIndex: updateUnconditionally 0 -> 0
2019-06-14 07:38:57,292 WARN  server.GrpcLogAppender (LogUtils.java:warn(134)) - 578092ab-b70b-4ebd-aded-cbd888e596c7: Failed appendEntries to 9d8be9db-f9cb-434a-8bf3-cbb66516a036:192.168.134.69:39813: org.apache.ratis.thirdparty.io.grpc.StatusRuntimeException: UNAVAILABLE: io exception
2019-06-14 07:38:57,292 INFO  impl.FollowerInfo (FollowerInfo.java:lambda$new$0(50)) - 578092ab-b70b-4ebd-aded-cbd888e596c7->9d8be9db-f9cb-434a-8bf3-cbb66516a036: nextIndex: updateUnconditionally 0 -> 0
2019-06-14 07:38:57,789 WARN  server.GrpcLogAppender (LogUtils.java:warn(134)) - 578092ab-b70b-4ebd-aded-cbd888e596c7: Failed appendEntries to 45a18b76-154b-4bb1-adcb-fc939f971433:192.168.134.69:38345: org.apache.ratis.thirdparty.io.grpc.StatusRuntimeException: UNAVAILABLE: io exception
2019-06-14 07:38:57,789 INFO  impl.FollowerInfo (FollowerInfo.java:lambda$new$0(50)) - 578092ab-b70b-4ebd-aded-cbd888e596c7->45a18b76-154b-4bb1-adcb-fc939f971433: nextIndex: updateUnconditionally 0 -> 0
2019-06-14 07:38:57,792 WARN  server.GrpcLogAppender (LogUtils.java:warn(134)) - 578092ab-b70b-4ebd-aded-cbd888e596c7: Failed appendEntries to 9d8be9db-f9cb-434a-8bf3-cbb66516a036:192.168.134.69:39813: org.apache.ratis.thirdparty.io.grpc.StatusRuntimeException: UNAVAILABLE: io exception
2019-06-14 07:38:57,792 INFO  impl.FollowerInfo (FollowerInfo.java:lambda$new$0(50)) - 578092ab-b70b-4ebd-aded-cbd888e596c7->9d8be9db-f9cb-434a-8bf3-cbb66516a036: nextIndex: updateUnconditionally 0 -> 0
2019-06-14 07:38:58,022 INFO  client.GrpcClientProtocolService (GrpcClientProtocolService.java:lambda$processClientRequest$0(264)) - Failed RaftClientRequest:client-E45D6143CD1B->578092ab-b70b-4ebd-aded-cbd888e596c7@group-C8609E592D4F, cid=67, seq=0, Watch-ALL_COMMITTED(2), Message:<EMPTY>, reply=RaftClientReply:client-E45D6143CD1B->578092ab-b70b-4ebd-aded-cbd888e596c7@group-C8609E592D4F, cid=67, FAILED org.apache.ratis.protocol.NotReplicatedException: Request with call Id 67 and log index 2 is not yet replicated to ALL_COMMITTED, logIndex=2, commits[578092ab-b70b-4ebd-aded-cbd888e596c7:c2, 45a18b76-154b-4bb1-adcb-fc939f971433:c1, 9d8be9db-f9cb-434a-8bf3-cbb66516a036:c1]
2019-06-14 07:38:58,289 WARN  server.GrpcLogAppender (LogUtils.java:warn(134)) - 578092ab-b70b-4ebd-aded-cbd888e596c7: Failed appendEntries to 45a18b76-154b-4bb1-adcb-fc939f971433:192.168.134.69:38345: org.apache.ratis.thirdparty.io.grpc.StatusRuntimeException: UNAVAILABLE: io exception
2019-06-14 07:38:58,289 INFO  impl.FollowerInfo (FollowerInfo.java:lambda$new$0(50)) - 578092ab-b70b-4ebd-aded-cbd888e596c7->45a18b76-154b-4bb1-adcb-fc939f971433: nextIndex: updateUnconditionally 0 -> 0
2019-06-14 07:38:58,291 WARN  server.GrpcLogAppender (LogUtils.java:warn(134)) - 578092ab-b70b-4ebd-aded-cbd888e596c7: Failed appendEntries to 9d8be9db-f9cb-434a-8bf3-cbb66516a036:192.168.134.69:39813: org.apache.ratis.thirdparty.io.grpc.StatusRuntimeException: UNAVAILABLE: io exception
2019-06-14 07:38:58,294 INFO  impl.FollowerInfo (FollowerInfo.java:lambda$new$0(50)) - 578092ab-b70b-4ebd-aded-cbd888e596c7->9d8be9db-f9cb-434a-8bf3-cbb66516a036: nextIndex: updateUnconditionally 0 -> 0
2019-06-14 07:38:58,789 WARN  server.GrpcLogAppender (LogUtils.java:warn(134)) - 578092ab-b70b-4ebd-aded-cbd888e596c7: Failed appendEntries to 45a18b76-154b-4bb1-adcb-fc939f971433:192.168.134.69:38345: org.apache.ratis.thirdparty.io.grpc.StatusRuntimeException: UNAVAILABLE: io exception
2019-06-14 07:38:58,790 INFO  impl.FollowerInfo (FollowerInfo.java:lambda$new$0(50)) - 578092ab-b70b-4ebd-aded-cbd888e596c7->45a18b76-154b-4bb1-adcb-fc939f971433: nextIndex: updateUnconditionally 0 -> 0
2019-06-14 07:38:58,792 WARN  server.GrpcLogAppender (LogUtils.java:warn(134)) - 578092ab-b70b-4ebd-aded-cbd888e596c7: Failed appendEntries to 9d8be9db-f9cb-434a-8bf3-cbb66516a036:192.168.134.69:39813: org.apache.ratis.thirdparty.io.grpc.StatusRuntimeException: UNAVAILABLE: io exception
2019-06-14 07:38:58,792 INFO  impl.FollowerInfo (FollowerInfo.java:lambda$new$0(50)) - 578092ab-b70b-4ebd-aded-cbd888e596c7->9d8be9db-f9cb-434a-8bf3-cbb66516a036: nextIndex: updateUnconditionally 0 -> 0
2019-06-14 07:38:59,290 WARN  server.GrpcLogAppender (LogUtils.java:warn(134)) - 578092ab-b70b-4ebd-aded-cbd888e596c7: Failed appendEntries to 45a18b76-154b-4bb1-adcb-fc939f971433:192.168.134.69:38345: org.apache.ratis.thirdparty.io.grpc.StatusRuntimeException: UNAVAILABLE: io exception
2019-06-14 07:38:59,291 INFO  impl.FollowerInfo (FollowerInfo.java:lambda$new$0(50)) - 578092ab-b70b-4ebd-aded-cbd888e596c7->45a18b76-154b-4bb1-adcb-fc939f971433: nextIndex: updateUnconditionally 0 -> 0
2019-06-14 07:38:59,292 WARN  server.GrpcLogAppender (LogUtils.java:warn(134)) - 578092ab-b70b-4ebd-aded-cbd888e596c7: Failed appendEntries to 9d8be9db-f9cb-434a-8bf3-cbb66516a036:192.168.134.69:39813: org.apache.ratis.thirdparty.io.grpc.StatusRuntimeException: UNAVAILABLE: io exception
2019-06-14 07:38:59,292 INFO  impl.FollowerInfo (FollowerInfo.java:lambda$new$0(50)) - 578092ab-b70b-4ebd-aded-cbd888e596c7->9d8be9db-f9cb-434a-8bf3-cbb66516a036: nextIndex: updateUnconditionally 0 -> 0
2019-06-14 07:38:59,790 WARN  server.GrpcLogAppender (LogUtils.java:warn(134)) - 578092ab-b70b-4ebd-aded-cbd888e596c7: Failed appendEntries to 45a18b76-154b-4bb1-adcb-fc939f971433:192.168.134.69:38345: org.apache.ratis.thirdparty.io.grpc.StatusRuntimeException: UNAVAILABLE: io exception
2019-06-14 07:38:59,791 INFO  impl.FollowerInfo (FollowerInfo.java:lambda$new$0(50)) - 578092ab-b70b-4ebd-aded-cbd888e596c7->45a18b76-154b-4bb1-adcb-fc939f971433: nextIndex: updateUnconditionally 0 -> 0
2019-06-14 07:38:59,792 WARN  server.GrpcLogAppender (LogUtils.java:warn(134)) - 578092ab-b70b-4ebd-aded-cbd888e596c7: Failed appendEntries to 9d8be9db-f9cb-434a-8bf3-cbb66516a036:192.168.134.69:39813: org.apache.ratis.thirdparty.io.grpc.StatusRuntimeException: UNAVAILABLE: io exception
2019-06-14 07:38:59,793 INFO  impl.FollowerInfo (FollowerInfo.java:lambda$new$0(50)) - 578092ab-b70b-4ebd-aded-cbd888e596c7->9d8be9db-f9cb-434a-8bf3-cbb66516a036: nextIndex: updateUnconditionally 0 -> 0
2019-06-14 07:39:00,291 WARN  server.GrpcLogAppender (LogUtils.java:warn(134)) - 578092ab-b70b-4ebd-aded-cbd888e596c7: Failed appendEntries to 45a18b76-154b-4bb1-adcb-fc939f971433:192.168.134.69:38345: org.apache.ratis.thirdparty.io.grpc.StatusRuntimeException: UNAVAILABLE: io exception
2019-06-14 07:39:00,292 INFO  impl.FollowerInfo (FollowerInfo.java:lambda$new$0(50)) - 578092ab-b70b-4ebd-aded-cbd888e596c7->45a18b76-154b-4bb1-adcb-fc939f971433: nextIndex: updateUnconditionally 0 -> 0
2019-06-14 07:39:00,293 WARN  server.GrpcLogAppender (LogUtils.java:warn(134)) - 578092ab-b70b-4ebd-aded-cbd888e596c7: Failed appendEntries to 9d8be9db-f9cb-434a-8bf3-cbb66516a036:192.168.134.69:39813: org.apache.ratis.thirdparty.io.grpc.StatusRuntimeException: UNAVAILABLE: io exception
2019-06-14 07:39:00,293 INFO  impl.FollowerInfo (FollowerInfo.java:lambda$new$0(50)) - 578092ab-b70b-4ebd-aded-cbd888e596c7->9d8be9db-f9cb-434a-8bf3-cbb66516a036: nextIndex: updateUnconditionally 0 -> 0
2019-06-14 07:39:00,791 WARN  server.GrpcLogAppender (LogUtils.java:warn(134)) - 578092ab-b70b-4ebd-aded-cbd888e596c7: Failed appendEntries to 45a18b76-154b-4bb1-adcb-fc939f971433:192.168.134.69:38345: org.apache.ratis.thirdparty.io.grpc.StatusRuntimeException: UNAVAILABLE: io exception
2019-06-14 07:39:00,792 INFO  impl.FollowerInfo (FollowerInfo.java:lambda$new$0(50)) - 578092ab-b70b-4ebd-aded-cbd888e596c7->45a18b76-154b-4bb1-adcb-fc939f971433: nextIndex: updateUnconditionally 0 -> 0
2019-06-14 07:39:00,793 WARN  server.GrpcLogAppender (LogUtils.java:warn(134)) - 578092ab-b70b-4ebd-aded-cbd888e596c7: Failed appendEntries to 9d8be9db-f9cb-434a-8bf3-cbb66516a036:192.168.134.69:39813: org.apache.ratis.thirdparty.io.grpc.StatusRuntimeException: UNAVAILABLE: io exception
2019-06-14 07:39:00,794 INFO  impl.FollowerInfo (FollowerInfo.java:lambda$new$0(50)) - 578092ab-b70b-4ebd-aded-cbd888e596c7->9d8be9db-f9cb-434a-8bf3-cbb66516a036: nextIndex: updateUnconditionally 0 -> 0
2019-06-14 07:39:01,296 WARN  server.GrpcLogAppender (LogUtils.java:warn(134)) - 578092ab-b70b-4ebd-aded-cbd888e596c7: Failed appendEntries to 9d8be9db-f9cb-434a-8bf3-cbb66516a036:192.168.134.69:39813: org.apache.ratis.thirdparty.io.grpc.StatusRuntimeException: UNAVAILABLE: io exception
2019-06-14 07:39:01,296 INFO  impl.FollowerInfo (FollowerInfo.java:lambda$new$0(50)) - 578092ab-b70b-4ebd-aded-cbd888e596c7->9d8be9db-f9cb-434a-8bf3-cbb66516a036: nextIndex: updateUnconditionally 0 -> 0
2019-06-14 07:39:01,297 WARN  server.GrpcLogAppender (LogUtils.java:warn(134)) - 578092ab-b70b-4ebd-aded-cbd888e596c7: Failed appendEntries to 45a18b76-154b-4bb1-adcb-fc939f971433:192.168.134.69:38345: org.apache.ratis.thirdparty.io.grpc.StatusRuntimeException: UNAVAILABLE: io exception
2019-06-14 07:39:01,297 INFO  impl.FollowerInfo (FollowerInfo.java:lambda$new$0(50)) - 578092ab-b70b-4ebd-aded-cbd888e596c7->45a18b76-154b-4bb1-adcb-fc939f971433: nextIndex: updateUnconditionally 0 -> 0
2019-06-14 07:39:01,793 WARN  server.GrpcLogAppender (LogUtils.java:warn(134)) - 578092ab-b70b-4ebd-aded-cbd888e596c7: Failed appendEntries to 45a18b76-154b-4bb1-adcb-fc939f971433:192.168.134.69:38345: org.apache.ratis.thirdparty.io.grpc.StatusRuntimeException: UNAVAILABLE: io exception
2019-06-14 07:39:01,793 INFO  impl.FollowerInfo (FollowerInfo.java:lambda$new$0(50)) - 578092ab-b70b-4ebd-aded-cbd888e596c7->45a18b76-154b-4bb1-adcb-fc939f971433: nextIndex: updateUnconditionally 0 -> 0
2019-06-14 07:39:01,794 WARN  server.GrpcLogAppender (LogUtils.java:warn(134)) - 578092ab-b70b-4ebd-aded-cbd888e596c7: Failed appendEntries to 9d8be9db-f9cb-434a-8bf3-cbb66516a036:192.168.134.69:39813: org.apache.ratis.thirdparty.io.grpc.StatusRuntimeException: UNAVAILABLE: io exception
2019-06-14 07:39:01,795 INFO  impl.FollowerInfo (FollowerInfo.java:lambda$new$0(50)) - 578092ab-b70b-4ebd-aded-cbd888e596c7->9d8be9db-f9cb-434a-8bf3-cbb66516a036: nextIndex: updateUnconditionally 0 -> 0
2019-06-14 07:39:02,293 WARN  server.GrpcLogAppender (LogUtils.java:warn(134)) - 578092ab-b70b-4ebd-aded-cbd888e596c7: Failed appendEntries to 45a18b76-154b-4bb1-adcb-fc939f971433:192.168.134.69:38345: org.apache.ratis.thirdparty.io.grpc.StatusRuntimeException: UNAVAILABLE: io exception
2019-06-14 07:39:02,293 INFO  impl.FollowerInfo (FollowerInfo.java:lambda$new$0(50)) - 578092ab-b70b-4ebd-aded-cbd888e596c7->45a18b76-154b-4bb1-adcb-fc939f971433: nextIndex: updateUnconditionally 0 -> 0
2019-06-14 07:39:02,294 WARN  server.GrpcLogAppender (LogUtils.java:warn(134)) - 578092ab-b70b-4ebd-aded-cbd888e596c7: Failed appendEntries to 9d8be9db-f9cb-434a-8bf3-cbb66516a036:192.168.134.69:39813: org.apache.ratis.thirdparty.io.grpc.StatusRuntimeException: UNAVAILABLE: io exception
2019-06-14 07:39:02,295 INFO  impl.FollowerInfo (FollowerInfo.java:lambda$new$0(50)) - 578092ab-b70b-4ebd-aded-cbd888e596c7->9d8be9db-f9cb-434a-8bf3-cbb66516a036: nextIndex: updateUnconditionally 0 -> 0
2019-06-14 07:39:02,371 WARN  scm.XceiverClientRatis (XceiverClientRatis.java:watchForCommit(260)) - 3 way commit failed 
java.util.concurrent.TimeoutException
	at java.util.concurrent.CompletableFuture.timedGet(CompletableFuture.java:1771)
	at java.util.concurrent.CompletableFuture.get(CompletableFuture.java:1915)
	at org.apache.hadoop.hdds.scm.XceiverClientRatis.watchForCommit(XceiverClientRatis.java:257)
	at org.apache.hadoop.ozone.client.rpc.TestWatchForCommit.testWatchForCommitForRetryfailure(TestWatchForCommit.java:347)
	at sun.reflect.NativeMethodAccessorImpl.invoke0(Native Method)
	at sun.reflect.NativeMethodAccessorImpl.invoke(NativeMethodAccessorImpl.java:62)
	at sun.reflect.DelegatingMethodAccessorImpl.invoke(DelegatingMethodAccessorImpl.java:43)
	at java.lang.reflect.Method.invoke(Method.java:498)
	at org.junit.runners.model.FrameworkMethod$1.runReflectiveCall(FrameworkMethod.java:47)
	at org.junit.internal.runners.model.ReflectiveCallable.run(ReflectiveCallable.java:12)
	at org.junit.runners.model.FrameworkMethod.invokeExplosively(FrameworkMethod.java:44)
	at org.junit.internal.runners.statements.InvokeMethod.evaluate(InvokeMethod.java:17)
	at org.junit.runners.ParentRunner.runLeaf(ParentRunner.java:271)
	at org.junit.runners.BlockJUnit4ClassRunner.runChild(BlockJUnit4ClassRunner.java:70)
	at org.junit.runners.BlockJUnit4ClassRunner.runChild(BlockJUnit4ClassRunner.java:50)
	at org.junit.runners.ParentRunner$3.run(ParentRunner.java:238)
	at org.junit.runners.ParentRunner$1.schedule(ParentRunner.java:63)
	at org.junit.runners.ParentRunner.runChildren(ParentRunner.java:236)
	at org.junit.runners.ParentRunner.access$000(ParentRunner.java:53)
	at org.junit.runners.ParentRunner$2.evaluate(ParentRunner.java:229)
	at org.junit.runners.ParentRunner.run(ParentRunner.java:309)
	at org.apache.maven.surefire.junit4.JUnit4Provider.execute(JUnit4Provider.java:365)
	at org.apache.maven.surefire.junit4.JUnit4Provider.executeWithRerun(JUnit4Provider.java:273)
	at org.apache.maven.surefire.junit4.JUnit4Provider.executeTestSet(JUnit4Provider.java:238)
	at org.apache.maven.surefire.junit4.JUnit4Provider.invoke(JUnit4Provider.java:159)
	at org.apache.maven.surefire.booter.ForkedBooter.invokeProviderInSameClassLoader(ForkedBooter.java:384)
	at org.apache.maven.surefire.booter.ForkedBooter.runSuitesInProcess(ForkedBooter.java:345)
	at org.apache.maven.surefire.booter.ForkedBooter.execute(ForkedBooter.java:126)
	at org.apache.maven.surefire.booter.ForkedBooter.main(ForkedBooter.java:418)
2019-06-14 07:39:02,794 WARN  server.GrpcLogAppender (LogUtils.java:warn(134)) - 578092ab-b70b-4ebd-aded-cbd888e596c7: Failed appendEntries to 45a18b76-154b-4bb1-adcb-fc939f971433:192.168.134.69:38345: org.apache.ratis.thirdparty.io.grpc.StatusRuntimeException: UNAVAILABLE: io exception
2019-06-14 07:39:02,794 INFO  impl.FollowerInfo (FollowerInfo.java:lambda$new$0(50)) - 578092ab-b70b-4ebd-aded-cbd888e596c7->45a18b76-154b-4bb1-adcb-fc939f971433: nextIndex: updateUnconditionally 0 -> 0
2019-06-14 07:39:02,795 WARN  server.GrpcLogAppender (LogUtils.java:warn(134)) - 578092ab-b70b-4ebd-aded-cbd888e596c7: Failed appendEntries to 9d8be9db-f9cb-434a-8bf3-cbb66516a036:192.168.134.69:39813: org.apache.ratis.thirdparty.io.grpc.StatusRuntimeException: UNAVAILABLE: io exception
2019-06-14 07:39:02,795 INFO  impl.FollowerInfo (FollowerInfo.java:lambda$new$0(50)) - 578092ab-b70b-4ebd-aded-cbd888e596c7->9d8be9db-f9cb-434a-8bf3-cbb66516a036: nextIndex: updateUnconditionally 0 -> 0
2019-06-14 07:39:03,022 INFO  client.GrpcClientProtocolService (GrpcClientProtocolService.java:lambda$processClientRequest$0(264)) - Failed RaftClientRequest:client-E45D6143CD1B->578092ab-b70b-4ebd-aded-cbd888e596c7@group-C8609E592D4F, cid=67, seq=0, Watch-ALL_COMMITTED(2), Message:<EMPTY>, reply=RaftClientReply:client-E45D6143CD1B->578092ab-b70b-4ebd-aded-cbd888e596c7@group-C8609E592D4F, cid=67, FAILED org.apache.ratis.protocol.NotReplicatedException: Request with call Id 67 and log index 2 is not yet replicated to ALL_COMMITTED, logIndex=2, commits[578092ab-b70b-4ebd-aded-cbd888e596c7:c2, 45a18b76-154b-4bb1-adcb-fc939f971433:c1, 9d8be9db-f9cb-434a-8bf3-cbb66516a036:c1]
2019-06-14 07:39:03,294 WARN  server.GrpcLogAppender (LogUtils.java:warn(134)) - 578092ab-b70b-4ebd-aded-cbd888e596c7: Failed appendEntries to 45a18b76-154b-4bb1-adcb-fc939f971433:192.168.134.69:38345: org.apache.ratis.thirdparty.io.grpc.StatusRuntimeException: UNAVAILABLE: io exception
2019-06-14 07:39:03,295 INFO  impl.FollowerInfo (FollowerInfo.java:lambda$new$0(50)) - 578092ab-b70b-4ebd-aded-cbd888e596c7->45a18b76-154b-4bb1-adcb-fc939f971433: nextIndex: updateUnconditionally 0 -> 0
2019-06-14 07:39:03,295 WARN  server.GrpcLogAppender (LogUtils.java:warn(134)) - 578092ab-b70b-4ebd-aded-cbd888e596c7: Failed appendEntries to 9d8be9db-f9cb-434a-8bf3-cbb66516a036:192.168.134.69:39813: org.apache.ratis.thirdparty.io.grpc.StatusRuntimeException: UNAVAILABLE: io exception
2019-06-14 07:39:03,296 INFO  impl.FollowerInfo (FollowerInfo.java:lambda$new$0(50)) - 578092ab-b70b-4ebd-aded-cbd888e596c7->9d8be9db-f9cb-434a-8bf3-cbb66516a036: nextIndex: updateUnconditionally 0 -> 0
2019-06-14 07:39:03,795 WARN  server.GrpcLogAppender (LogUtils.java:warn(134)) - 578092ab-b70b-4ebd-aded-cbd888e596c7: Failed appendEntries to 45a18b76-154b-4bb1-adcb-fc939f971433:192.168.134.69:38345: org.apache.ratis.thirdparty.io.grpc.StatusRuntimeException: UNAVAILABLE: io exception
2019-06-14 07:39:03,797 INFO  impl.FollowerInfo (FollowerInfo.java:lambda$new$0(50)) - 578092ab-b70b-4ebd-aded-cbd888e596c7->45a18b76-154b-4bb1-adcb-fc939f971433: nextIndex: updateUnconditionally 0 -> 0
2019-06-14 07:39:03,799 WARN  server.GrpcLogAppender (LogUtils.java:warn(134)) - 578092ab-b70b-4ebd-aded-cbd888e596c7: Failed appendEntries to 9d8be9db-f9cb-434a-8bf3-cbb66516a036:192.168.134.69:39813: org.apache.ratis.thirdparty.io.grpc.StatusRuntimeException: UNAVAILABLE: io exception
2019-06-14 07:39:03,799 INFO  impl.FollowerInfo (FollowerInfo.java:lambda$new$0(50)) - 578092ab-b70b-4ebd-aded-cbd888e596c7->9d8be9db-f9cb-434a-8bf3-cbb66516a036: nextIndex: updateUnconditionally 0 -> 0
2019-06-14 07:39:04,296 WARN  server.GrpcLogAppender (LogUtils.java:warn(134)) - 578092ab-b70b-4ebd-aded-cbd888e596c7: Failed appendEntries to 45a18b76-154b-4bb1-adcb-fc939f971433:192.168.134.69:38345: org.apache.ratis.thirdparty.io.grpc.StatusRuntimeException: UNAVAILABLE: io exception
2019-06-14 07:39:04,297 INFO  impl.FollowerInfo (FollowerInfo.java:lambda$new$0(50)) - 578092ab-b70b-4ebd-aded-cbd888e596c7->45a18b76-154b-4bb1-adcb-fc939f971433: nextIndex: updateUnconditionally 0 -> 0
2019-06-14 07:39:04,299 WARN  server.GrpcLogAppender (LogUtils.java:warn(134)) - 578092ab-b70b-4ebd-aded-cbd888e596c7: Failed appendEntries to 9d8be9db-f9cb-434a-8bf3-cbb66516a036:192.168.134.69:39813: org.apache.ratis.thirdparty.io.grpc.StatusRuntimeException: UNAVAILABLE: io exception
2019-06-14 07:39:04,299 INFO  impl.FollowerInfo (FollowerInfo.java:lambda$new$0(50)) - 578092ab-b70b-4ebd-aded-cbd888e596c7->9d8be9db-f9cb-434a-8bf3-cbb66516a036: nextIndex: updateUnconditionally 0 -> 0
2019-06-14 07:39:04,795 WARN  server.GrpcLogAppender (LogUtils.java:warn(134)) - 578092ab-b70b-4ebd-aded-cbd888e596c7: Failed appendEntries to 45a18b76-154b-4bb1-adcb-fc939f971433:192.168.134.69:38345: org.apache.ratis.thirdparty.io.grpc.StatusRuntimeException: UNAVAILABLE: io exception
2019-06-14 07:39:04,796 INFO  impl.FollowerInfo (FollowerInfo.java:lambda$new$0(50)) - 578092ab-b70b-4ebd-aded-cbd888e596c7->45a18b76-154b-4bb1-adcb-fc939f971433: nextIndex: updateUnconditionally 0 -> 0
2019-06-14 07:39:04,800 WARN  server.GrpcLogAppender (LogUtils.java:warn(134)) - 578092ab-b70b-4ebd-aded-cbd888e596c7: Failed appendEntries to 9d8be9db-f9cb-434a-8bf3-cbb66516a036:192.168.134.69:39813: org.apache.ratis.thirdparty.io.grpc.StatusRuntimeException: UNAVAILABLE: io exception
2019-06-14 07:39:04,800 INFO  impl.FollowerInfo (FollowerInfo.java:lambda$new$0(50)) - 578092ab-b70b-4ebd-aded-cbd888e596c7->9d8be9db-f9cb-434a-8bf3-cbb66516a036: nextIndex: updateUnconditionally 0 -> 0
2019-06-14 07:39:05,296 WARN  server.GrpcLogAppender (LogUtils.java:warn(134)) - 578092ab-b70b-4ebd-aded-cbd888e596c7: Failed appendEntries to 45a18b76-154b-4bb1-adcb-fc939f971433:192.168.134.69:38345: org.apache.ratis.thirdparty.io.grpc.StatusRuntimeException: UNAVAILABLE: io exception
2019-06-14 07:39:05,296 INFO  impl.FollowerInfo (FollowerInfo.java:lambda$new$0(50)) - 578092ab-b70b-4ebd-aded-cbd888e596c7->45a18b76-154b-4bb1-adcb-fc939f971433: nextIndex: updateUnconditionally 0 -> 0
2019-06-14 07:39:05,300 WARN  server.GrpcLogAppender (LogUtils.java:warn(134)) - 578092ab-b70b-4ebd-aded-cbd888e596c7: Failed appendEntries to 9d8be9db-f9cb-434a-8bf3-cbb66516a036:192.168.134.69:39813: org.apache.ratis.thirdparty.io.grpc.StatusRuntimeException: UNAVAILABLE: io exception
2019-06-14 07:39:05,300 INFO  impl.FollowerInfo (FollowerInfo.java:lambda$new$0(50)) - 578092ab-b70b-4ebd-aded-cbd888e596c7->9d8be9db-f9cb-434a-8bf3-cbb66516a036: nextIndex: updateUnconditionally 0 -> 0
2019-06-14 07:39:05,796 WARN  server.GrpcLogAppender (LogUtils.java:warn(134)) - 578092ab-b70b-4ebd-aded-cbd888e596c7: Failed appendEntries to 45a18b76-154b-4bb1-adcb-fc939f971433:192.168.134.69:38345: org.apache.ratis.thirdparty.io.grpc.StatusRuntimeException: UNAVAILABLE: io exception
2019-06-14 07:39:05,797 INFO  impl.FollowerInfo (FollowerInfo.java:lambda$new$0(50)) - 578092ab-b70b-4ebd-aded-cbd888e596c7->45a18b76-154b-4bb1-adcb-fc939f971433: nextIndex: updateUnconditionally 0 -> 0
2019-06-14 07:39:05,801 WARN  server.GrpcLogAppender (LogUtils.java:warn(134)) - 578092ab-b70b-4ebd-aded-cbd888e596c7: Failed appendEntries to 9d8be9db-f9cb-434a-8bf3-cbb66516a036:192.168.134.69:39813: org.apache.ratis.thirdparty.io.grpc.StatusRuntimeException: UNAVAILABLE: io exception
2019-06-14 07:39:05,802 INFO  impl.FollowerInfo (FollowerInfo.java:lambda$new$0(50)) - 578092ab-b70b-4ebd-aded-cbd888e596c7->9d8be9db-f9cb-434a-8bf3-cbb66516a036: nextIndex: updateUnconditionally 0 -> 0
2019-06-14 07:39:06,297 WARN  server.GrpcLogAppender (LogUtils.java:warn(134)) - 578092ab-b70b-4ebd-aded-cbd888e596c7: Failed appendEntries to 45a18b76-154b-4bb1-adcb-fc939f971433:192.168.134.69:38345: org.apache.ratis.thirdparty.io.grpc.StatusRuntimeException: UNAVAILABLE: io exception
2019-06-14 07:39:06,297 INFO  impl.FollowerInfo (FollowerInfo.java:lambda$new$0(50)) - 578092ab-b70b-4ebd-aded-cbd888e596c7->45a18b76-154b-4bb1-adcb-fc939f971433: nextIndex: updateUnconditionally 0 -> 0
2019-06-14 07:39:06,302 WARN  server.GrpcLogAppender (LogUtils.java:warn(134)) - 578092ab-b70b-4ebd-aded-cbd888e596c7: Failed appendEntries to 9d8be9db-f9cb-434a-8bf3-cbb66516a036:192.168.134.69:39813: org.apache.ratis.thirdparty.io.grpc.StatusRuntimeException: UNAVAILABLE: io exception
2019-06-14 07:39:06,302 INFO  impl.FollowerInfo (FollowerInfo.java:lambda$new$0(50)) - 578092ab-b70b-4ebd-aded-cbd888e596c7->9d8be9db-f9cb-434a-8bf3-cbb66516a036: nextIndex: updateUnconditionally 0 -> 0
2019-06-14 07:39:06,797 WARN  server.GrpcLogAppender (LogUtils.java:warn(134)) - 578092ab-b70b-4ebd-aded-cbd888e596c7: Failed appendEntries to 45a18b76-154b-4bb1-adcb-fc939f971433:192.168.134.69:38345: org.apache.ratis.thirdparty.io.grpc.StatusRuntimeException: UNAVAILABLE: io exception
2019-06-14 07:39:06,797 INFO  impl.FollowerInfo (FollowerInfo.java:lambda$new$0(50)) - 578092ab-b70b-4ebd-aded-cbd888e596c7->45a18b76-154b-4bb1-adcb-fc939f971433: nextIndex: updateUnconditionally 0 -> 0
2019-06-14 07:39:06,802 WARN  server.GrpcLogAppender (LogUtils.java:warn(134)) - 578092ab-b70b-4ebd-aded-cbd888e596c7: Failed appendEntries to 9d8be9db-f9cb-434a-8bf3-cbb66516a036:192.168.134.69:39813: org.apache.ratis.thirdparty.io.grpc.StatusRuntimeException: UNAVAILABLE: io exception
2019-06-14 07:39:06,802 INFO  impl.FollowerInfo (FollowerInfo.java:lambda$new$0(50)) - 578092ab-b70b-4ebd-aded-cbd888e596c7->9d8be9db-f9cb-434a-8bf3-cbb66516a036: nextIndex: updateUnconditionally 0 -> 0
2019-06-14 07:39:07,298 WARN  server.GrpcLogAppender (LogUtils.java:warn(134)) - 578092ab-b70b-4ebd-aded-cbd888e596c7: Failed appendEntries to 45a18b76-154b-4bb1-adcb-fc939f971433:192.168.134.69:38345: org.apache.ratis.thirdparty.io.grpc.StatusRuntimeException: UNAVAILABLE: io exception
2019-06-14 07:39:07,298 INFO  impl.FollowerInfo (FollowerInfo.java:lambda$new$0(50)) - 578092ab-b70b-4ebd-aded-cbd888e596c7->45a18b76-154b-4bb1-adcb-fc939f971433: nextIndex: updateUnconditionally 0 -> 0
2019-06-14 07:39:07,302 WARN  server.GrpcLogAppender (LogUtils.java:warn(134)) - 578092ab-b70b-4ebd-aded-cbd888e596c7: Failed appendEntries to 9d8be9db-f9cb-434a-8bf3-cbb66516a036:192.168.134.69:39813: org.apache.ratis.thirdparty.io.grpc.StatusRuntimeException: UNAVAILABLE: io exception
2019-06-14 07:39:07,303 INFO  impl.FollowerInfo (FollowerInfo.java:lambda$new$0(50)) - 578092ab-b70b-4ebd-aded-cbd888e596c7->9d8be9db-f9cb-434a-8bf3-cbb66516a036: nextIndex: updateUnconditionally 0 -> 0
2019-06-14 07:39:07,798 WARN  server.GrpcLogAppender (LogUtils.java:warn(134)) - 578092ab-b70b-4ebd-aded-cbd888e596c7: Failed appendEntries to 45a18b76-154b-4bb1-adcb-fc939f971433:192.168.134.69:38345: org.apache.ratis.thirdparty.io.grpc.StatusRuntimeException: UNAVAILABLE: io exception
2019-06-14 07:39:07,798 INFO  impl.FollowerInfo (FollowerInfo.java:lambda$new$0(50)) - 578092ab-b70b-4ebd-aded-cbd888e596c7->45a18b76-154b-4bb1-adcb-fc939f971433: nextIndex: updateUnconditionally 0 -> 0
2019-06-14 07:39:07,803 WARN  server.GrpcLogAppender (LogUtils.java:warn(134)) - 578092ab-b70b-4ebd-aded-cbd888e596c7: Failed appendEntries to 9d8be9db-f9cb-434a-8bf3-cbb66516a036:192.168.134.69:39813: org.apache.ratis.thirdparty.io.grpc.StatusRuntimeException: UNAVAILABLE: io exception
2019-06-14 07:39:07,803 INFO  impl.FollowerInfo (FollowerInfo.java:lambda$new$0(50)) - 578092ab-b70b-4ebd-aded-cbd888e596c7->9d8be9db-f9cb-434a-8bf3-cbb66516a036: nextIndex: updateUnconditionally 0 -> 0
2019-06-14 07:39:08,337 WARN  server.GrpcLogAppender (LogUtils.java:warn(134)) - 578092ab-b70b-4ebd-aded-cbd888e596c7: Failed appendEntries to 45a18b76-154b-4bb1-adcb-fc939f971433:192.168.134.69:38345: org.apache.ratis.thirdparty.io.grpc.StatusRuntimeException: UNAVAILABLE: io exception
2019-06-14 07:39:08,338 INFO  impl.FollowerInfo (FollowerInfo.java:lambda$new$0(50)) - 578092ab-b70b-4ebd-aded-cbd888e596c7->45a18b76-154b-4bb1-adcb-fc939f971433: nextIndex: updateUnconditionally 0 -> 0
2019-06-14 07:39:08,364 WARN  server.GrpcLogAppender (LogUtils.java:warn(134)) - 578092ab-b70b-4ebd-aded-cbd888e596c7: Failed appendEntries to 9d8be9db-f9cb-434a-8bf3-cbb66516a036:192.168.134.69:39813: org.apache.ratis.thirdparty.io.grpc.StatusRuntimeException: UNAVAILABLE: io exception
2019-06-14 07:39:08,364 INFO  impl.FollowerInfo (FollowerInfo.java:lambda$new$0(50)) - 578092ab-b70b-4ebd-aded-cbd888e596c7->9d8be9db-f9cb-434a-8bf3-cbb66516a036: nextIndex: updateUnconditionally 0 -> 0
2019-06-14 07:39:08,838 WARN  server.GrpcLogAppender (LogUtils.java:warn(134)) - 578092ab-b70b-4ebd-aded-cbd888e596c7: Failed appendEntries to 9d8be9db-f9cb-434a-8bf3-cbb66516a036:192.168.134.69:39813: org.apache.ratis.thirdparty.io.grpc.StatusRuntimeException: UNAVAILABLE: io exception
2019-06-14 07:39:08,838 INFO  impl.FollowerInfo (FollowerInfo.java:lambda$new$0(50)) - 578092ab-b70b-4ebd-aded-cbd888e596c7->9d8be9db-f9cb-434a-8bf3-cbb66516a036: nextIndex: updateUnconditionally 0 -> 0
2019-06-14 07:39:08,838 WARN  server.GrpcLogAppender (LogUtils.java:warn(134)) - 578092ab-b70b-4ebd-aded-cbd888e596c7: Failed appendEntries to 45a18b76-154b-4bb1-adcb-fc939f971433:192.168.134.69:38345: org.apache.ratis.thirdparty.io.grpc.StatusRuntimeException: UNAVAILABLE: io exception
2019-06-14 07:39:08,838 INFO  impl.FollowerInfo (FollowerInfo.java:lambda$new$0(50)) - 578092ab-b70b-4ebd-aded-cbd888e596c7->45a18b76-154b-4bb1-adcb-fc939f971433: nextIndex: updateUnconditionally 0 -> 0
2019-06-14 07:39:09,022 INFO  client.GrpcClientProtocolService (GrpcClientProtocolService.java:lambda$processClientRequest$0(264)) - Failed RaftClientRequest:client-E45D6143CD1B->578092ab-b70b-4ebd-aded-cbd888e596c7@group-C8609E592D4F, cid=67, seq=0, Watch-ALL_COMMITTED(2), Message:<EMPTY>, reply=RaftClientReply:client-E45D6143CD1B->578092ab-b70b-4ebd-aded-cbd888e596c7@group-C8609E592D4F, cid=67, FAILED org.apache.ratis.protocol.NotReplicatedException: Request with call Id 67 and log index 2 is not yet replicated to ALL_COMMITTED, logIndex=2, commits[578092ab-b70b-4ebd-aded-cbd888e596c7:c2, 45a18b76-154b-4bb1-adcb-fc939f971433:c1, 9d8be9db-f9cb-434a-8bf3-cbb66516a036:c1]
2019-06-14 07:39:09,338 WARN  server.GrpcLogAppender (LogUtils.java:warn(134)) - 578092ab-b70b-4ebd-aded-cbd888e596c7: Failed appendEntries to 9d8be9db-f9cb-434a-8bf3-cbb66516a036:192.168.134.69:39813: org.apache.ratis.thirdparty.io.grpc.StatusRuntimeException: UNAVAILABLE: io exception
2019-06-14 07:39:09,338 INFO  impl.FollowerInfo (FollowerInfo.java:lambda$new$0(50)) - 578092ab-b70b-4ebd-aded-cbd888e596c7->9d8be9db-f9cb-434a-8bf3-cbb66516a036: nextIndex: updateUnconditionally 0 -> 0
2019-06-14 07:39:09,339 WARN  server.GrpcLogAppender (LogUtils.java:warn(134)) - 578092ab-b70b-4ebd-aded-cbd888e596c7: Failed appendEntries to 45a18b76-154b-4bb1-adcb-fc939f971433:192.168.134.69:38345: org.apache.ratis.thirdparty.io.grpc.StatusRuntimeException: UNAVAILABLE: io exception
2019-06-14 07:39:09,339 INFO  impl.FollowerInfo (FollowerInfo.java:lambda$new$0(50)) - 578092ab-b70b-4ebd-aded-cbd888e596c7->45a18b76-154b-4bb1-adcb-fc939f971433: nextIndex: updateUnconditionally 0 -> 0
2019-06-14 07:39:09,838 WARN  server.GrpcLogAppender (LogUtils.java:warn(134)) - 578092ab-b70b-4ebd-aded-cbd888e596c7: Failed appendEntries to 45a18b76-154b-4bb1-adcb-fc939f971433:192.168.134.69:38345: org.apache.ratis.thirdparty.io.grpc.StatusRuntimeException: UNAVAILABLE: io exception
2019-06-14 07:39:09,840 WARN  server.GrpcLogAppender (LogUtils.java:warn(134)) - 578092ab-b70b-4ebd-aded-cbd888e596c7: Failed appendEntries to 9d8be9db-f9cb-434a-8bf3-cbb66516a036:192.168.134.69:39813: org.apache.ratis.thirdparty.io.grpc.StatusRuntimeException: UNAVAILABLE: io exception
2019-06-14 07:39:09,840 INFO  impl.FollowerInfo (FollowerInfo.java:lambda$new$0(50)) - 578092ab-b70b-4ebd-aded-cbd888e596c7->45a18b76-154b-4bb1-adcb-fc939f971433: nextIndex: updateUnconditionally 0 -> 0
2019-06-14 07:39:09,841 INFO  impl.FollowerInfo (FollowerInfo.java:lambda$new$0(50)) - 578092ab-b70b-4ebd-aded-cbd888e596c7->9d8be9db-f9cb-434a-8bf3-cbb66516a036: nextIndex: updateUnconditionally 0 -> 0
2019-06-14 07:39:10,339 WARN  server.GrpcLogAppender (LogUtils.java:warn(134)) - 578092ab-b70b-4ebd-aded-cbd888e596c7: Failed appendEntries to 45a18b76-154b-4bb1-adcb-fc939f971433:192.168.134.69:38345: org.apache.ratis.thirdparty.io.grpc.StatusRuntimeException: UNAVAILABLE: io exception
2019-06-14 07:39:10,339 WARN  server.GrpcLogAppender (LogUtils.java:warn(134)) - 578092ab-b70b-4ebd-aded-cbd888e596c7: Failed appendEntries to 9d8be9db-f9cb-434a-8bf3-cbb66516a036:192.168.134.69:39813: org.apache.ratis.thirdparty.io.grpc.StatusRuntimeException: UNAVAILABLE: io exception
2019-06-14 07:39:10,339 INFO  impl.FollowerInfo (FollowerInfo.java:lambda$new$0(50)) - 578092ab-b70b-4ebd-aded-cbd888e596c7->45a18b76-154b-4bb1-adcb-fc939f971433: nextIndex: updateUnconditionally 0 -> 0
2019-06-14 07:39:10,339 INFO  impl.FollowerInfo (FollowerInfo.java:lambda$new$0(50)) - 578092ab-b70b-4ebd-aded-cbd888e596c7->9d8be9db-f9cb-434a-8bf3-cbb66516a036: nextIndex: updateUnconditionally 0 -> 0
2019-06-14 07:39:10,839 WARN  server.GrpcLogAppender (LogUtils.java:warn(134)) - 578092ab-b70b-4ebd-aded-cbd888e596c7: Failed appendEntries to 9d8be9db-f9cb-434a-8bf3-cbb66516a036:192.168.134.69:39813: org.apache.ratis.thirdparty.io.grpc.StatusRuntimeException: UNAVAILABLE: io exception
2019-06-14 07:39:10,840 INFO  impl.FollowerInfo (FollowerInfo.java:lambda$new$0(50)) - 578092ab-b70b-4ebd-aded-cbd888e596c7->9d8be9db-f9cb-434a-8bf3-cbb66516a036: nextIndex: updateUnconditionally 0 -> 0
2019-06-14 07:39:10,843 WARN  server.GrpcLogAppender (LogUtils.java:warn(134)) - 578092ab-b70b-4ebd-aded-cbd888e596c7: Failed appendEntries to 45a18b76-154b-4bb1-adcb-fc939f971433:192.168.134.69:38345: org.apache.ratis.thirdparty.io.grpc.StatusRuntimeException: UNAVAILABLE: io exception
2019-06-14 07:39:10,843 INFO  impl.FollowerInfo (FollowerInfo.java:lambda$new$0(50)) - 578092ab-b70b-4ebd-aded-cbd888e596c7->45a18b76-154b-4bb1-adcb-fc939f971433: nextIndex: updateUnconditionally 0 -> 0
2019-06-14 07:39:11,340 WARN  server.GrpcLogAppender (LogUtils.java:warn(134)) - 578092ab-b70b-4ebd-aded-cbd888e596c7: Failed appendEntries to 9d8be9db-f9cb-434a-8bf3-cbb66516a036:192.168.134.69:39813: org.apache.ratis.thirdparty.io.grpc.StatusRuntimeException: UNAVAILABLE: io exception
2019-06-14 07:39:11,340 INFO  impl.FollowerInfo (FollowerInfo.java:lambda$new$0(50)) - 578092ab-b70b-4ebd-aded-cbd888e596c7->9d8be9db-f9cb-434a-8bf3-cbb66516a036: nextIndex: updateUnconditionally 0 -> 0
2019-06-14 07:39:11,340 WARN  server.GrpcLogAppender (LogUtils.java:warn(134)) - 578092ab-b70b-4ebd-aded-cbd888e596c7: Failed appendEntries to 45a18b76-154b-4bb1-adcb-fc939f971433:192.168.134.69:38345: org.apache.ratis.thirdparty.io.grpc.StatusRuntimeException: UNAVAILABLE: io exception
2019-06-14 07:39:11,340 INFO  impl.FollowerInfo (FollowerInfo.java:lambda$new$0(50)) - 578092ab-b70b-4ebd-aded-cbd888e596c7->45a18b76-154b-4bb1-adcb-fc939f971433: nextIndex: updateUnconditionally 0 -> 0
2019-06-14 07:39:11,840 WARN  server.GrpcLogAppender (LogUtils.java:warn(134)) - 578092ab-b70b-4ebd-aded-cbd888e596c7: Failed appendEntries to 45a18b76-154b-4bb1-adcb-fc939f971433:192.168.134.69:38345: org.apache.ratis.thirdparty.io.grpc.StatusRuntimeException: UNAVAILABLE: io exception
2019-06-14 07:39:11,840 WARN  server.GrpcLogAppender (LogUtils.java:warn(134)) - 578092ab-b70b-4ebd-aded-cbd888e596c7: Failed appendEntries to 9d8be9db-f9cb-434a-8bf3-cbb66516a036:192.168.134.69:39813: org.apache.ratis.thirdparty.io.grpc.StatusRuntimeException: UNAVAILABLE: io exception
2019-06-14 07:39:11,841 INFO  impl.FollowerInfo (FollowerInfo.java:lambda$new$0(50)) - 578092ab-b70b-4ebd-aded-cbd888e596c7->45a18b76-154b-4bb1-adcb-fc939f971433: nextIndex: updateUnconditionally 0 -> 0
2019-06-14 07:39:11,841 INFO  impl.FollowerInfo (FollowerInfo.java:lambda$new$0(50)) - 578092ab-b70b-4ebd-aded-cbd888e596c7->9d8be9db-f9cb-434a-8bf3-cbb66516a036: nextIndex: updateUnconditionally 0 -> 0
2019-06-14 07:39:12,342 WARN  server.GrpcLogAppender (LogUtils.java:warn(134)) - 578092ab-b70b-4ebd-aded-cbd888e596c7: Failed appendEntries to 45a18b76-154b-4bb1-adcb-fc939f971433:192.168.134.69:38345: org.apache.ratis.thirdparty.io.grpc.StatusRuntimeException: UNAVAILABLE: io exception
2019-06-14 07:39:12,342 WARN  server.GrpcLogAppender (LogUtils.java:warn(134)) - 578092ab-b70b-4ebd-aded-cbd888e596c7: Failed appendEntries to 9d8be9db-f9cb-434a-8bf3-cbb66516a036:192.168.134.69:39813: org.apache.ratis.thirdparty.io.grpc.StatusRuntimeException: UNAVAILABLE: io exception
2019-06-14 07:39:12,342 INFO  impl.FollowerInfo (FollowerInfo.java:lambda$new$0(50)) - 578092ab-b70b-4ebd-aded-cbd888e596c7->45a18b76-154b-4bb1-adcb-fc939f971433: nextIndex: updateUnconditionally 0 -> 0
2019-06-14 07:39:12,342 INFO  impl.FollowerInfo (FollowerInfo.java:lambda$new$0(50)) - 578092ab-b70b-4ebd-aded-cbd888e596c7->9d8be9db-f9cb-434a-8bf3-cbb66516a036: nextIndex: updateUnconditionally 0 -> 0
2019-06-14 07:39:12,841 WARN  server.GrpcLogAppender (LogUtils.java:warn(134)) - 578092ab-b70b-4ebd-aded-cbd888e596c7: Failed appendEntries to 9d8be9db-f9cb-434a-8bf3-cbb66516a036:192.168.134.69:39813: org.apache.ratis.thirdparty.io.grpc.StatusRuntimeException: UNAVAILABLE: io exception
2019-06-14 07:39:12,842 INFO  impl.FollowerInfo (FollowerInfo.java:lambda$new$0(50)) - 578092ab-b70b-4ebd-aded-cbd888e596c7->9d8be9db-f9cb-434a-8bf3-cbb66516a036: nextIndex: updateUnconditionally 0 -> 0
2019-06-14 07:39:12,842 WARN  server.GrpcLogAppender (LogUtils.java:warn(134)) - 578092ab-b70b-4ebd-aded-cbd888e596c7: Failed appendEntries to 45a18b76-154b-4bb1-adcb-fc939f971433:192.168.134.69:38345: org.apache.ratis.thirdparty.io.grpc.StatusRuntimeException: UNAVAILABLE: io exception
2019-06-14 07:39:12,842 INFO  impl.FollowerInfo (FollowerInfo.java:lambda$new$0(50)) - 578092ab-b70b-4ebd-aded-cbd888e596c7->45a18b76-154b-4bb1-adcb-fc939f971433: nextIndex: updateUnconditionally 0 -> 0
2019-06-14 07:39:13,342 WARN  server.GrpcLogAppender (LogUtils.java:warn(134)) - 578092ab-b70b-4ebd-aded-cbd888e596c7: Failed appendEntries to 9d8be9db-f9cb-434a-8bf3-cbb66516a036:192.168.134.69:39813: org.apache.ratis.thirdparty.io.grpc.StatusRuntimeException: UNAVAILABLE: io exception
2019-06-14 07:39:13,343 INFO  impl.FollowerInfo (FollowerInfo.java:lambda$new$0(50)) - 578092ab-b70b-4ebd-aded-cbd888e596c7->9d8be9db-f9cb-434a-8bf3-cbb66516a036: nextIndex: updateUnconditionally 0 -> 0
2019-06-14 07:39:13,343 WARN  server.GrpcLogAppender (LogUtils.java:warn(134)) - 578092ab-b70b-4ebd-aded-cbd888e596c7: Failed appendEntries to 45a18b76-154b-4bb1-adcb-fc939f971433:192.168.134.69:38345: org.apache.ratis.thirdparty.io.grpc.StatusRuntimeException: UNAVAILABLE: io exception
2019-06-14 07:39:13,343 INFO  impl.FollowerInfo (FollowerInfo.java:lambda$new$0(50)) - 578092ab-b70b-4ebd-aded-cbd888e596c7->45a18b76-154b-4bb1-adcb-fc939f971433: nextIndex: updateUnconditionally 0 -> 0
2019-06-14 07:39:13,842 WARN  server.GrpcLogAppender (LogUtils.java:warn(134)) - 578092ab-b70b-4ebd-aded-cbd888e596c7: Failed appendEntries to 45a18b76-154b-4bb1-adcb-fc939f971433:192.168.134.69:38345: org.apache.ratis.thirdparty.io.grpc.StatusRuntimeException: UNAVAILABLE: io exception
2019-06-14 07:39:13,842 WARN  server.GrpcLogAppender (LogUtils.java:warn(134)) - 578092ab-b70b-4ebd-aded-cbd888e596c7: Failed appendEntries to 9d8be9db-f9cb-434a-8bf3-cbb66516a036:192.168.134.69:39813: org.apache.ratis.thirdparty.io.grpc.StatusRuntimeException: UNAVAILABLE: io exception
2019-06-14 07:39:13,843 INFO  impl.FollowerInfo (FollowerInfo.java:lambda$new$0(50)) - 578092ab-b70b-4ebd-aded-cbd888e596c7->45a18b76-154b-4bb1-adcb-fc939f971433: nextIndex: updateUnconditionally 0 -> 0
2019-06-14 07:39:13,843 INFO  impl.FollowerInfo (FollowerInfo.java:lambda$new$0(50)) - 578092ab-b70b-4ebd-aded-cbd888e596c7->9d8be9db-f9cb-434a-8bf3-cbb66516a036: nextIndex: updateUnconditionally 0 -> 0
2019-06-14 07:39:14,022 INFO  client.GrpcClientProtocolService (GrpcClientProtocolService.java:lambda$processClientRequest$0(264)) - Failed RaftClientRequest:client-E45D6143CD1B->578092ab-b70b-4ebd-aded-cbd888e596c7@group-C8609E592D4F, cid=67, seq=0, Watch-ALL_COMMITTED(2), Message:<EMPTY>, reply=RaftClientReply:client-E45D6143CD1B->578092ab-b70b-4ebd-aded-cbd888e596c7@group-C8609E592D4F, cid=67, FAILED org.apache.ratis.protocol.NotReplicatedException: Request with call Id 67 and log index 2 is not yet replicated to ALL_COMMITTED, logIndex=2, commits[578092ab-b70b-4ebd-aded-cbd888e596c7:c2, 45a18b76-154b-4bb1-adcb-fc939f971433:c1, 9d8be9db-f9cb-434a-8bf3-cbb66516a036:c1]
2019-06-14 07:39:14,024 INFO  client.GrpcClientProtocolService (GrpcClientProtocolService.java:lambda$processClientRequest$0(264)) - Failed RaftClientRequest:client-E45D6143CD1B->578092ab-b70b-4ebd-aded-cbd888e596c7@group-C8609E592D4F, cid=68, seq=0, Watch-MAJORITY_COMMITTED(2), Message:<EMPTY>, reply=RaftClientReply:client-E45D6143CD1B->578092ab-b70b-4ebd-aded-cbd888e596c7@group-C8609E592D4F, cid=68, FAILED org.apache.ratis.protocol.NotReplicatedException: Request with call Id 68 and log index 2 is not yet replicated to MAJORITY_COMMITTED, logIndex=2, commits[578092ab-b70b-4ebd-aded-cbd888e596c7:c2, 45a18b76-154b-4bb1-adcb-fc939f971433:c1, 9d8be9db-f9cb-434a-8bf3-cbb66516a036:c1]
2019-06-14 07:39:14,343 WARN  server.GrpcLogAppender (LogUtils.java:warn(134)) - 578092ab-b70b-4ebd-aded-cbd888e596c7: Failed appendEntries to 45a18b76-154b-4bb1-adcb-fc939f971433:192.168.134.69:38345: org.apache.ratis.thirdparty.io.grpc.StatusRuntimeException: UNAVAILABLE: io exception
2019-06-14 07:39:14,346 INFO  impl.FollowerInfo (FollowerInfo.java:lambda$new$0(50)) - 578092ab-b70b-4ebd-aded-cbd888e596c7->45a18b76-154b-4bb1-adcb-fc939f971433: nextIndex: updateUnconditionally 0 -> 0
2019-06-14 07:39:14,346 WARN  server.GrpcLogAppender (LogUtils.java:warn(134)) - 578092ab-b70b-4ebd-aded-cbd888e596c7: Failed appendEntries to 9d8be9db-f9cb-434a-8bf3-cbb66516a036:192.168.134.69:39813: org.apache.ratis.thirdparty.io.grpc.StatusRuntimeException: UNAVAILABLE: io exception
2019-06-14 07:39:14,348 INFO  impl.FollowerInfo (FollowerInfo.java:lambda$new$0(50)) - 578092ab-b70b-4ebd-aded-cbd888e596c7->9d8be9db-f9cb-434a-8bf3-cbb66516a036: nextIndex: updateUnconditionally 0 -> 0
2019-06-14 07:39:14,844 WARN  server.GrpcLogAppender (LogUtils.java:warn(134)) - 578092ab-b70b-4ebd-aded-cbd888e596c7: Failed appendEntries to 9d8be9db-f9cb-434a-8bf3-cbb66516a036:192.168.134.69:39813: org.apache.ratis.thirdparty.io.grpc.StatusRuntimeException: UNAVAILABLE: io exception
2019-06-14 07:39:14,844 WARN  server.GrpcLogAppender (LogUtils.java:warn(134)) - 578092ab-b70b-4ebd-aded-cbd888e596c7: Failed appendEntries to 45a18b76-154b-4bb1-adcb-fc939f971433:192.168.134.69:38345: org.apache.ratis.thirdparty.io.grpc.StatusRuntimeException: UNAVAILABLE: io exception
2019-06-14 07:39:14,844 INFO  impl.FollowerInfo (FollowerInfo.java:lambda$new$0(50)) - 578092ab-b70b-4ebd-aded-cbd888e596c7->9d8be9db-f9cb-434a-8bf3-cbb66516a036: nextIndex: updateUnconditionally 0 -> 0
2019-06-14 07:39:14,844 INFO  impl.FollowerInfo (FollowerInfo.java:lambda$new$0(50)) - 578092ab-b70b-4ebd-aded-cbd888e596c7->45a18b76-154b-4bb1-adcb-fc939f971433: nextIndex: updateUnconditionally 0 -> 0
2019-06-14 07:39:15,345 WARN  server.GrpcLogAppender (LogUtils.java:warn(134)) - 578092ab-b70b-4ebd-aded-cbd888e596c7: Failed appendEntries to 9d8be9db-f9cb-434a-8bf3-cbb66516a036:192.168.134.69:39813: org.apache.ratis.thirdparty.io.grpc.StatusRuntimeException: UNAVAILABLE: io exception
2019-06-14 07:39:15,345 INFO  impl.FollowerInfo (FollowerInfo.java:lambda$new$0(50)) - 578092ab-b70b-4ebd-aded-cbd888e596c7->9d8be9db-f9cb-434a-8bf3-cbb66516a036: nextIndex: updateUnconditionally 0 -> 0
2019-06-14 07:39:15,350 WARN  server.GrpcLogAppender (LogUtils.java:warn(134)) - 578092ab-b70b-4ebd-aded-cbd888e596c7: Failed appendEntries to 45a18b76-154b-4bb1-adcb-fc939f971433:192.168.134.69:38345: org.apache.ratis.thirdparty.io.grpc.StatusRuntimeException: UNAVAILABLE: io exception
2019-06-14 07:39:15,350 INFO  impl.FollowerInfo (FollowerInfo.java:lambda$new$0(50)) - 578092ab-b70b-4ebd-aded-cbd888e596c7->45a18b76-154b-4bb1-adcb-fc939f971433: nextIndex: updateUnconditionally 0 -> 0
2019-06-14 07:39:15,845 WARN  server.GrpcLogAppender (LogUtils.java:warn(134)) - 578092ab-b70b-4ebd-aded-cbd888e596c7: Failed appendEntries to 9d8be9db-f9cb-434a-8bf3-cbb66516a036:192.168.134.69:39813: org.apache.ratis.thirdparty.io.grpc.StatusRuntimeException: UNAVAILABLE: io exception
2019-06-14 07:39:15,845 INFO  impl.FollowerInfo (FollowerInfo.java:lambda$new$0(50)) - 578092ab-b70b-4ebd-aded-cbd888e596c7->9d8be9db-f9cb-434a-8bf3-cbb66516a036: nextIndex: updateUnconditionally 0 -> 0
2019-06-14 07:39:15,845 WARN  server.GrpcLogAppender (LogUtils.java:warn(134)) - 578092ab-b70b-4ebd-aded-cbd888e596c7: Failed appendEntries to 45a18b76-154b-4bb1-adcb-fc939f971433:192.168.134.69:38345: org.apache.ratis.thirdparty.io.grpc.StatusRuntimeException: UNAVAILABLE: io exception
2019-06-14 07:39:15,845 INFO  impl.FollowerInfo (FollowerInfo.java:lambda$new$0(50)) - 578092ab-b70b-4ebd-aded-cbd888e596c7->45a18b76-154b-4bb1-adcb-fc939f971433: nextIndex: updateUnconditionally 0 -> 0
2019-06-14 07:39:16,346 WARN  server.GrpcLogAppender (LogUtils.java:warn(134)) - 578092ab-b70b-4ebd-aded-cbd888e596c7: Failed appendEntries to 9d8be9db-f9cb-434a-8bf3-cbb66516a036:192.168.134.69:39813: org.apache.ratis.thirdparty.io.grpc.StatusRuntimeException: UNAVAILABLE: io exception
2019-06-14 07:39:16,346 WARN  server.GrpcLogAppender (LogUtils.java:warn(134)) - 578092ab-b70b-4ebd-aded-cbd888e596c7: Failed appendEntries to 45a18b76-154b-4bb1-adcb-fc939f971433:192.168.134.69:38345: org.apache.ratis.thirdparty.io.grpc.StatusRuntimeException: UNAVAILABLE: io exception
2019-06-14 07:39:16,346 INFO  impl.FollowerInfo (FollowerInfo.java:lambda$new$0(50)) - 578092ab-b70b-4ebd-aded-cbd888e596c7->9d8be9db-f9cb-434a-8bf3-cbb66516a036: nextIndex: updateUnconditionally 0 -> 0
2019-06-14 07:39:16,346 INFO  impl.FollowerInfo (FollowerInfo.java:lambda$new$0(50)) - 578092ab-b70b-4ebd-aded-cbd888e596c7->45a18b76-154b-4bb1-adcb-fc939f971433: nextIndex: updateUnconditionally 0 -> 0
2019-06-14 07:39:16,846 WARN  server.GrpcLogAppender (LogUtils.java:warn(134)) - 578092ab-b70b-4ebd-aded-cbd888e596c7: Failed appendEntries to 9d8be9db-f9cb-434a-8bf3-cbb66516a036:192.168.134.69:39813: org.apache.ratis.thirdparty.io.grpc.StatusRuntimeException: UNAVAILABLE: io exception
2019-06-14 07:39:16,846 WARN  server.GrpcLogAppender (LogUtils.java:warn(134)) - 578092ab-b70b-4ebd-aded-cbd888e596c7: Failed appendEntries to 45a18b76-154b-4bb1-adcb-fc939f971433:192.168.134.69:38345: org.apache.ratis.thirdparty.io.grpc.StatusRuntimeException: UNAVAILABLE: io exception
2019-06-14 07:39:16,846 INFO  impl.FollowerInfo (FollowerInfo.java:lambda$new$0(50)) - 578092ab-b70b-4ebd-aded-cbd888e596c7->9d8be9db-f9cb-434a-8bf3-cbb66516a036: nextIndex: updateUnconditionally 0 -> 0
2019-06-14 07:39:16,846 INFO  impl.FollowerInfo (FollowerInfo.java:lambda$new$0(50)) - 578092ab-b70b-4ebd-aded-cbd888e596c7->45a18b76-154b-4bb1-adcb-fc939f971433: nextIndex: updateUnconditionally 0 -> 0
2019-06-14 07:39:17,346 WARN  server.GrpcLogAppender (LogUtils.java:warn(134)) - 578092ab-b70b-4ebd-aded-cbd888e596c7: Failed appendEntries to 9d8be9db-f9cb-434a-8bf3-cbb66516a036:192.168.134.69:39813: org.apache.ratis.thirdparty.io.grpc.StatusRuntimeException: UNAVAILABLE: io exception
2019-06-14 07:39:17,346 INFO  impl.FollowerInfo (FollowerInfo.java:lambda$new$0(50)) - 578092ab-b70b-4ebd-aded-cbd888e596c7->9d8be9db-f9cb-434a-8bf3-cbb66516a036: nextIndex: updateUnconditionally 0 -> 0
2019-06-14 07:39:17,347 WARN  server.GrpcLogAppender (LogUtils.java:warn(134)) - 578092ab-b70b-4ebd-aded-cbd888e596c7: Failed appendEntries to 45a18b76-154b-4bb1-adcb-fc939f971433:192.168.134.69:38345: org.apache.ratis.thirdparty.io.grpc.StatusRuntimeException: UNAVAILABLE: io exception
2019-06-14 07:39:17,347 INFO  impl.FollowerInfo (FollowerInfo.java:lambda$new$0(50)) - 578092ab-b70b-4ebd-aded-cbd888e596c7->45a18b76-154b-4bb1-adcb-fc939f971433: nextIndex: updateUnconditionally 0 -> 0
2019-06-14 07:39:17,847 WARN  server.GrpcLogAppender (LogUtils.java:warn(134)) - 578092ab-b70b-4ebd-aded-cbd888e596c7: Failed appendEntries to 9d8be9db-f9cb-434a-8bf3-cbb66516a036:192.168.134.69:39813: org.apache.ratis.thirdparty.io.grpc.StatusRuntimeException: UNAVAILABLE: io exception
2019-06-14 07:39:17,847 WARN  server.GrpcLogAppender (LogUtils.java:warn(134)) - 578092ab-b70b-4ebd-aded-cbd888e596c7: Failed appendEntries to 45a18b76-154b-4bb1-adcb-fc939f971433:192.168.134.69:38345: org.apache.ratis.thirdparty.io.grpc.StatusRuntimeException: UNAVAILABLE: io exception
2019-06-14 07:39:17,847 INFO  impl.FollowerInfo (FollowerInfo.java:lambda$new$0(50)) - 578092ab-b70b-4ebd-aded-cbd888e596c7->9d8be9db-f9cb-434a-8bf3-cbb66516a036: nextIndex: updateUnconditionally 0 -> 0
2019-06-14 07:39:17,847 INFO  impl.FollowerInfo (FollowerInfo.java:lambda$new$0(50)) - 578092ab-b70b-4ebd-aded-cbd888e596c7->45a18b76-154b-4bb1-adcb-fc939f971433: nextIndex: updateUnconditionally 0 -> 0
2019-06-14 07:39:18,022 INFO  client.GrpcClientProtocolService (GrpcClientProtocolService.java:lambda$processClientRequest$0(264)) - Failed RaftClientRequest:client-E45D6143CD1B->578092ab-b70b-4ebd-aded-cbd888e596c7@group-C8609E592D4F, cid=67, seq=0, Watch-ALL_COMMITTED(2), Message:<EMPTY>, reply=RaftClientReply:client-E45D6143CD1B->578092ab-b70b-4ebd-aded-cbd888e596c7@group-C8609E592D4F, cid=67, FAILED org.apache.ratis.protocol.NotReplicatedException: Request with call Id 67 and log index 2 is not yet replicated to ALL_COMMITTED, logIndex=2, commits[578092ab-b70b-4ebd-aded-cbd888e596c7:c2, 45a18b76-154b-4bb1-adcb-fc939f971433:c1, 9d8be9db-f9cb-434a-8bf3-cbb66516a036:c1]
2019-06-14 07:39:18,347 WARN  server.GrpcLogAppender (LogUtils.java:warn(134)) - 578092ab-b70b-4ebd-aded-cbd888e596c7: Failed appendEntries to 45a18b76-154b-4bb1-adcb-fc939f971433:192.168.134.69:38345: org.apache.ratis.thirdparty.io.grpc.StatusRuntimeException: UNAVAILABLE: io exception
2019-06-14 07:39:18,347 WARN  server.GrpcLogAppender (LogUtils.java:warn(134)) - 578092ab-b70b-4ebd-aded-cbd888e596c7: Failed appendEntries to 9d8be9db-f9cb-434a-8bf3-cbb66516a036:192.168.134.69:39813: org.apache.ratis.thirdparty.io.grpc.StatusRuntimeException: UNAVAILABLE: io exception
2019-06-14 07:39:18,347 INFO  impl.FollowerInfo (FollowerInfo.java:lambda$new$0(50)) - 578092ab-b70b-4ebd-aded-cbd888e596c7->45a18b76-154b-4bb1-adcb-fc939f971433: nextIndex: updateUnconditionally 0 -> 0
2019-06-14 07:39:18,350 INFO  impl.FollowerInfo (FollowerInfo.java:lambda$new$0(50)) - 578092ab-b70b-4ebd-aded-cbd888e596c7->9d8be9db-f9cb-434a-8bf3-cbb66516a036: nextIndex: updateUnconditionally 0 -> 0
2019-06-14 07:39:18,848 WARN  server.GrpcLogAppender (LogUtils.java:warn(134)) - 578092ab-b70b-4ebd-aded-cbd888e596c7: Failed appendEntries to 45a18b76-154b-4bb1-adcb-fc939f971433:192.168.134.69:38345: org.apache.ratis.thirdparty.io.grpc.StatusRuntimeException: UNAVAILABLE: io exception
2019-06-14 07:39:18,848 INFO  impl.FollowerInfo (FollowerInfo.java:lambda$new$0(50)) - 578092ab-b70b-4ebd-aded-cbd888e596c7->45a18b76-154b-4bb1-adcb-fc939f971433: nextIndex: updateUnconditionally 0 -> 0
2019-06-14 07:39:18,848 WARN  server.GrpcLogAppender (LogUtils.java:warn(134)) - 578092ab-b70b-4ebd-aded-cbd888e596c7: Failed appendEntries to 9d8be9db-f9cb-434a-8bf3-cbb66516a036:192.168.134.69:39813: org.apache.ratis.thirdparty.io.grpc.StatusRuntimeException: UNAVAILABLE: io exception
2019-06-14 07:39:18,848 INFO  impl.FollowerInfo (FollowerInfo.java:lambda$new$0(50)) - 578092ab-b70b-4ebd-aded-cbd888e596c7->9d8be9db-f9cb-434a-8bf3-cbb66516a036: nextIndex: updateUnconditionally 0 -> 0
2019-06-14 07:39:19,022 INFO  client.GrpcClientProtocolService (GrpcClientProtocolService.java:lambda$processClientRequest$0(264)) - Failed RaftClientRequest:client-E45D6143CD1B->578092ab-b70b-4ebd-aded-cbd888e596c7@group-C8609E592D4F, cid=68, seq=0, Watch-MAJORITY_COMMITTED(2), Message:<EMPTY>, reply=RaftClientReply:client-E45D6143CD1B->578092ab-b70b-4ebd-aded-cbd888e596c7@group-C8609E592D4F, cid=68, FAILED org.apache.ratis.protocol.NotReplicatedException: Request with call Id 68 and log index 2 is not yet replicated to MAJORITY_COMMITTED, logIndex=2, commits[578092ab-b70b-4ebd-aded-cbd888e596c7:c2, 45a18b76-154b-4bb1-adcb-fc939f971433:c1, 9d8be9db-f9cb-434a-8bf3-cbb66516a036:c1]
2019-06-14 07:39:19,348 WARN  server.GrpcLogAppender (LogUtils.java:warn(134)) - 578092ab-b70b-4ebd-aded-cbd888e596c7: Failed appendEntries to 9d8be9db-f9cb-434a-8bf3-cbb66516a036:192.168.134.69:39813: org.apache.ratis.thirdparty.io.grpc.StatusRuntimeException: UNAVAILABLE: io exception
2019-06-14 07:39:19,348 WARN  server.GrpcLogAppender (LogUtils.java:warn(134)) - 578092ab-b70b-4ebd-aded-cbd888e596c7: Failed appendEntries to 45a18b76-154b-4bb1-adcb-fc939f971433:192.168.134.69:38345: org.apache.ratis.thirdparty.io.grpc.StatusRuntimeException: UNAVAILABLE: io exception
2019-06-14 07:39:19,350 INFO  impl.FollowerInfo (FollowerInfo.java:lambda$new$0(50)) - 578092ab-b70b-4ebd-aded-cbd888e596c7->9d8be9db-f9cb-434a-8bf3-cbb66516a036: nextIndex: updateUnconditionally 0 -> 0
2019-06-14 07:39:19,350 INFO  impl.FollowerInfo (FollowerInfo.java:lambda$new$0(50)) - 578092ab-b70b-4ebd-aded-cbd888e596c7->45a18b76-154b-4bb1-adcb-fc939f971433: nextIndex: updateUnconditionally 0 -> 0
2019-06-14 07:39:19,849 WARN  server.GrpcLogAppender (LogUtils.java:warn(134)) - 578092ab-b70b-4ebd-aded-cbd888e596c7: Failed appendEntries to 9d8be9db-f9cb-434a-8bf3-cbb66516a036:192.168.134.69:39813: org.apache.ratis.thirdparty.io.grpc.StatusRuntimeException: UNAVAILABLE: io exception
2019-06-14 07:39:19,849 INFO  impl.FollowerInfo (FollowerInfo.java:lambda$new$0(50)) - 578092ab-b70b-4ebd-aded-cbd888e596c7->9d8be9db-f9cb-434a-8bf3-cbb66516a036: nextIndex: updateUnconditionally 0 -> 0
2019-06-14 07:39:19,849 WARN  server.GrpcLogAppender (LogUtils.java:warn(134)) - 578092ab-b70b-4ebd-aded-cbd888e596c7: Failed appendEntries to 45a18b76-154b-4bb1-adcb-fc939f971433:192.168.134.69:38345: org.apache.ratis.thirdparty.io.grpc.StatusRuntimeException: UNAVAILABLE: io exception
2019-06-14 07:39:19,849 INFO  impl.FollowerInfo (FollowerInfo.java:lambda$new$0(50)) - 578092ab-b70b-4ebd-aded-cbd888e596c7->45a18b76-154b-4bb1-adcb-fc939f971433: nextIndex: updateUnconditionally 0 -> 0
2019-06-14 07:39:20,349 WARN  server.GrpcLogAppender (LogUtils.java:warn(134)) - 578092ab-b70b-4ebd-aded-cbd888e596c7: Failed appendEntries to 9d8be9db-f9cb-434a-8bf3-cbb66516a036:192.168.134.69:39813: org.apache.ratis.thirdparty.io.grpc.StatusRuntimeException: UNAVAILABLE: io exception
2019-06-14 07:39:20,349 WARN  server.GrpcLogAppender (LogUtils.java:warn(134)) - 578092ab-b70b-4ebd-aded-cbd888e596c7: Failed appendEntries to 45a18b76-154b-4bb1-adcb-fc939f971433:192.168.134.69:38345: org.apache.ratis.thirdparty.io.grpc.StatusRuntimeException: UNAVAILABLE: io exception
2019-06-14 07:39:20,349 INFO  impl.FollowerInfo (FollowerInfo.java:lambda$new$0(50)) - 578092ab-b70b-4ebd-aded-cbd888e596c7->9d8be9db-f9cb-434a-8bf3-cbb66516a036: nextIndex: updateUnconditionally 0 -> 0
2019-06-14 07:39:20,349 INFO  impl.FollowerInfo (FollowerInfo.java:lambda$new$0(50)) - 578092ab-b70b-4ebd-aded-cbd888e596c7->45a18b76-154b-4bb1-adcb-fc939f971433: nextIndex: updateUnconditionally 0 -> 0
2019-06-14 07:39:20,849 WARN  server.GrpcLogAppender (LogUtils.java:warn(134)) - 578092ab-b70b-4ebd-aded-cbd888e596c7: Failed appendEntries to 45a18b76-154b-4bb1-adcb-fc939f971433:192.168.134.69:38345: org.apache.ratis.thirdparty.io.grpc.StatusRuntimeException: UNAVAILABLE: io exception
2019-06-14 07:39:20,850 INFO  impl.FollowerInfo (FollowerInfo.java:lambda$new$0(50)) - 578092ab-b70b-4ebd-aded-cbd888e596c7->45a18b76-154b-4bb1-adcb-fc939f971433: nextIndex: updateUnconditionally 0 -> 0
2019-06-14 07:39:20,850 WARN  server.GrpcLogAppender (LogUtils.java:warn(134)) - 578092ab-b70b-4ebd-aded-cbd888e596c7: Failed appendEntries to 9d8be9db-f9cb-434a-8bf3-cbb66516a036:192.168.134.69:39813: org.apache.ratis.thirdparty.io.grpc.StatusRuntimeException: UNAVAILABLE: io exception
2019-06-14 07:39:20,850 INFO  impl.FollowerInfo (FollowerInfo.java:lambda$new$0(50)) - 578092ab-b70b-4ebd-aded-cbd888e596c7->9d8be9db-f9cb-434a-8bf3-cbb66516a036: nextIndex: updateUnconditionally 0 -> 0
2019-06-14 07:39:21,350 WARN  server.GrpcLogAppender (LogUtils.java:warn(134)) - 578092ab-b70b-4ebd-aded-cbd888e596c7: Failed appendEntries to 9d8be9db-f9cb-434a-8bf3-cbb66516a036:192.168.134.69:39813: org.apache.ratis.thirdparty.io.grpc.StatusRuntimeException: UNAVAILABLE: io exception
2019-06-14 07:39:21,350 WARN  server.GrpcLogAppender (LogUtils.java:warn(134)) - 578092ab-b70b-4ebd-aded-cbd888e596c7: Failed appendEntries to 45a18b76-154b-4bb1-adcb-fc939f971433:192.168.134.69:38345: org.apache.ratis.thirdparty.io.grpc.StatusRuntimeException: UNAVAILABLE: io exception
2019-06-14 07:39:21,350 INFO  impl.FollowerInfo (FollowerInfo.java:lambda$new$0(50)) - 578092ab-b70b-4ebd-aded-cbd888e596c7->9d8be9db-f9cb-434a-8bf3-cbb66516a036: nextIndex: updateUnconditionally 0 -> 0
2019-06-14 07:39:21,350 INFO  impl.FollowerInfo (FollowerInfo.java:lambda$new$0(50)) - 578092ab-b70b-4ebd-aded-cbd888e596c7->45a18b76-154b-4bb1-adcb-fc939f971433: nextIndex: updateUnconditionally 0 -> 0
2019-06-14 07:39:21,850 WARN  server.GrpcLogAppender (LogUtils.java:warn(134)) - 578092ab-b70b-4ebd-aded-cbd888e596c7: Failed appendEntries to 9d8be9db-f9cb-434a-8bf3-cbb66516a036:192.168.134.69:39813: org.apache.ratis.thirdparty.io.grpc.StatusRuntimeException: UNAVAILABLE: io exception
2019-06-14 07:39:21,850 WARN  server.GrpcLogAppender (LogUtils.java:warn(134)) - 578092ab-b70b-4ebd-aded-cbd888e596c7: Failed appendEntries to 45a18b76-154b-4bb1-adcb-fc939f971433:192.168.134.69:38345: org.apache.ratis.thirdparty.io.grpc.StatusRuntimeException: UNAVAILABLE: io exception
2019-06-14 07:39:21,851 INFO  impl.FollowerInfo (FollowerInfo.java:lambda$new$0(50)) - 578092ab-b70b-4ebd-aded-cbd888e596c7->9d8be9db-f9cb-434a-8bf3-cbb66516a036: nextIndex: updateUnconditionally 0 -> 0
2019-06-14 07:39:21,851 INFO  impl.FollowerInfo (FollowerInfo.java:lambda$new$0(50)) - 578092ab-b70b-4ebd-aded-cbd888e596c7->45a18b76-154b-4bb1-adcb-fc939f971433: nextIndex: updateUnconditionally 0 -> 0
2019-06-14 07:39:22,351 WARN  server.GrpcLogAppender (LogUtils.java:warn(134)) - 578092ab-b70b-4ebd-aded-cbd888e596c7: Failed appendEntries to 9d8be9db-f9cb-434a-8bf3-cbb66516a036:192.168.134.69:39813: org.apache.ratis.thirdparty.io.grpc.StatusRuntimeException: UNAVAILABLE: io exception
2019-06-14 07:39:22,351 INFO  impl.FollowerInfo (FollowerInfo.java:lambda$new$0(50)) - 578092ab-b70b-4ebd-aded-cbd888e596c7->9d8be9db-f9cb-434a-8bf3-cbb66516a036: nextIndex: updateUnconditionally 0 -> 0
2019-06-14 07:39:22,351 WARN  server.GrpcLogAppender (LogUtils.java:warn(134)) - 578092ab-b70b-4ebd-aded-cbd888e596c7: Failed appendEntries to 45a18b76-154b-4bb1-adcb-fc939f971433:192.168.134.69:38345: org.apache.ratis.thirdparty.io.grpc.StatusRuntimeException: UNAVAILABLE: io exception
2019-06-14 07:39:22,351 INFO  impl.FollowerInfo (FollowerInfo.java:lambda$new$0(50)) - 578092ab-b70b-4ebd-aded-cbd888e596c7->45a18b76-154b-4bb1-adcb-fc939f971433: nextIndex: updateUnconditionally 0 -> 0
]]></system-out>
    <system-err><![CDATA[Jun 14, 2019 7:38:33 AM com.sun.jersey.server.impl.application.WebApplicationImpl _initiate
INFO: Initiating Jersey application, version 'Jersey: 1.19 02/11/2015 03:25 AM'
Jun 14, 2019 7:38:34 AM com.sun.jersey.server.impl.application.WebApplicationImpl _initiate
INFO: Initiating Jersey application, version 'Jersey: 1.19 02/11/2015 03:25 AM'
Jun 14, 2019 7:38:34 AM com.sun.jersey.server.impl.application.WebApplicationImpl _initiate
INFO: Initiating Jersey application, version 'Jersey: 1.19 02/11/2015 03:25 AM'
Jun 14, 2019 7:38:34 AM com.sun.jersey.server.impl.application.WebApplicationImpl _initiate
INFO: Initiating Jersey application, version 'Jersey: 1.19 02/11/2015 03:25 AM'
Jun 14, 2019 7:38:34 AM com.sun.jersey.server.impl.application.WebApplicationImpl _initiate
INFO: Initiating Jersey application, version 'Jersey: 1.19 02/11/2015 03:25 AM'
Jun 14, 2019 7:38:34 AM com.sun.jersey.server.impl.application.WebApplicationImpl _initiate
INFO: Initiating Jersey application, version 'Jersey: 1.19 02/11/2015 03:25 AM'
Jun 14, 2019 7:38:35 AM com.sun.jersey.server.impl.application.WebApplicationImpl _initiate
INFO: Initiating Jersey application, version 'Jersey: 1.19 02/11/2015 03:25 AM'
]]></system-err>
  </testcase>
  <testcase name="testWatchForCommitForGroupMismatchException" classname="org.apache.hadoop.ozone.client.rpc.TestWatchForCommit" time="7.041"/>
  <testcase name="test2WayCommitForTimeoutException" classname="org.apache.hadoop.ozone.client.rpc.TestWatchForCommit" time="18.777">
    <error type="java.util.concurrent.TimeoutException">java.util.concurrent.TimeoutException
	at java.util.concurrent.CompletableFuture.timedGet(CompletableFuture.java:1771)
	at java.util.concurrent.CompletableFuture.get(CompletableFuture.java:1915)
	at org.apache.hadoop.hdds.scm.XceiverClientRatis.watchForCommit(XceiverClientRatis.java:266)
	at org.apache.hadoop.ozone.client.rpc.TestWatchForCommit.test2WayCommitForTimeoutException(TestWatchForCommit.java:433)
	at sun.reflect.NativeMethodAccessorImpl.invoke0(Native Method)
	at sun.reflect.NativeMethodAccessorImpl.invoke(NativeMethodAccessorImpl.java:62)
	at sun.reflect.DelegatingMethodAccessorImpl.invoke(DelegatingMethodAccessorImpl.java:43)
	at java.lang.reflect.Method.invoke(Method.java:498)
	at org.junit.runners.model.FrameworkMethod$1.runReflectiveCall(FrameworkMethod.java:47)
	at org.junit.internal.runners.model.ReflectiveCallable.run(ReflectiveCallable.java:12)
	at org.junit.runners.model.FrameworkMethod.invokeExplosively(FrameworkMethod.java:44)
	at org.junit.internal.runners.statements.InvokeMethod.evaluate(InvokeMethod.java:17)
	at org.junit.runners.ParentRunner.runLeaf(ParentRunner.java:271)
	at org.junit.runners.BlockJUnit4ClassRunner.runChild(BlockJUnit4ClassRunner.java:70)
	at org.junit.runners.BlockJUnit4ClassRunner.runChild(BlockJUnit4ClassRunner.java:50)
	at org.junit.runners.ParentRunner$3.run(ParentRunner.java:238)
	at org.junit.runners.ParentRunner$1.schedule(ParentRunner.java:63)
	at org.junit.runners.ParentRunner.runChildren(ParentRunner.java:236)
	at org.junit.runners.ParentRunner.access$000(ParentRunner.java:53)
	at org.junit.runners.ParentRunner$2.evaluate(ParentRunner.java:229)
	at org.junit.runners.ParentRunner.run(ParentRunner.java:309)
	at org.apache.maven.surefire.junit4.JUnit4Provider.execute(JUnit4Provider.java:365)
	at org.apache.maven.surefire.junit4.JUnit4Provider.executeWithRerun(JUnit4Provider.java:273)
	at org.apache.maven.surefire.junit4.JUnit4Provider.executeTestSet(JUnit4Provider.java:238)
	at org.apache.maven.surefire.junit4.JUnit4Provider.invoke(JUnit4Provider.java:159)
	at org.apache.maven.surefire.booter.ForkedBooter.invokeProviderInSameClassLoader(ForkedBooter.java:384)
	at org.apache.maven.surefire.booter.ForkedBooter.runSuitesInProcess(ForkedBooter.java:345)
	at org.apache.maven.surefire.booter.ForkedBooter.execute(ForkedBooter.java:126)
	at org.apache.maven.surefire.booter.ForkedBooter.main(ForkedBooter.java:418)
</error>
    <system-out><![CDATA[2019-06-14 07:39:29,427 WARN  server.ServerUtils (ServerUtils.java:getScmDbDir(145)) - ozone.scm.db.dirs is not configured. We recommend adding this setting. Falling back to ozone.metadata.dirs instead.
2019-06-14 07:39:29,431 WARN  server.ServerUtils (ServerUtils.java:getScmDbDir(145)) - ozone.scm.db.dirs is not configured. We recommend adding this setting. Falling back to ozone.metadata.dirs instead.
2019-06-14 07:39:29,432 WARN  server.ServerUtils (ServerUtils.java:getScmDbDir(145)) - ozone.scm.db.dirs is not configured. We recommend adding this setting. Falling back to ozone.metadata.dirs instead.
2019-06-14 07:39:29,432 INFO  db.DBStoreBuilder (DBStoreBuilder.java:addTable(110)) - using custom profile for table: deletedBlocks
2019-06-14 07:39:29,432 INFO  db.DBStoreBuilder (DBStoreBuilder.java:processTables(161)) - Using default column profile:DBProfile.DISK for Table:deletedBlocks
2019-06-14 07:39:29,432 INFO  db.DBStoreBuilder (DBStoreBuilder.java:addTable(110)) - using custom profile for table: validCerts
2019-06-14 07:39:29,432 INFO  db.DBStoreBuilder (DBStoreBuilder.java:processTables(161)) - Using default column profile:DBProfile.DISK for Table:validCerts
2019-06-14 07:39:29,432 INFO  db.DBStoreBuilder (DBStoreBuilder.java:addTable(110)) - using custom profile for table: revokedCerts
2019-06-14 07:39:29,432 INFO  db.DBStoreBuilder (DBStoreBuilder.java:processTables(161)) - Using default column profile:DBProfile.DISK for Table:revokedCerts
2019-06-14 07:39:29,433 INFO  db.DBStoreBuilder (DBStoreBuilder.java:addTable(110)) - using custom profile for table: default
2019-06-14 07:39:29,433 INFO  db.DBStoreBuilder (DBStoreBuilder.java:processTables(167)) - Using default column profile:DBProfile.DISK for Table:default
2019-06-14 07:39:29,433 INFO  db.DBStoreBuilder (DBStoreBuilder.java:getDbProfile(198)) - Using default options. DBProfile.DISK
2019-06-14 07:39:29,518 WARN  server.ServerUtils (ServerUtils.java:sanitizeUserArgs(70)) - ozone.scm.stale.node.interval value = 300000 is larger than max = 100000 based on the key value of ozone.scm.heartbeat.thread.interval, reset to the max value 100000.
2019-06-14 07:39:29,518 WARN  server.ServerUtils (ServerUtils.java:sanitizeUserArgs(70)) - ozone.scm.stale.node.interval value = 300000 is larger than max = 100000 based on the key value of ozone.scm.heartbeat.thread.interval, reset to the max value 100000.
2019-06-14 07:39:29,519 INFO  node.SCMNodeManager (SCMNodeManager.java:<init>(108)) - Entering startup safe mode.
2019-06-14 07:39:29,520 INFO  net.NodeSchemaLoader (NodeSchemaLoader.java:loadSchemaFromFile(125)) - Loading file from sun.misc.CompoundEnumeration@3f7f9d3f
2019-06-14 07:39:29,520 INFO  net.NodeSchemaLoader (NodeSchemaLoader.java:loadSchema(171)) - Loading network topology layer schema file
2019-06-14 07:39:29,522 WARN  server.ServerUtils (ServerUtils.java:getScmDbDir(145)) - ozone.scm.db.dirs is not configured. We recommend adding this setting. Falling back to ozone.metadata.dirs instead.
2019-06-14 07:39:29,535 INFO  pipeline.SCMPipelineManager (SCMPipelineManager.java:initializePipelineState(126)) - No pipeline exists in current db
2019-06-14 07:39:29,535 WARN  server.ServerUtils (ServerUtils.java:getScmDbDir(145)) - ozone.scm.db.dirs is not configured. We recommend adding this setting. Falling back to ozone.metadata.dirs instead.
2019-06-14 07:39:29,548 WARN  events.EventQueue (EventQueue.java:fireEvent(175)) - No event handler registered for event TypedEvent{payloadType=SafeModeStatus, name='SafeModeStatus'}
2019-06-14 07:39:29,549 INFO  ipc.CallQueueManager (CallQueueManager.java:<init>(84)) - Using callQueue: class java.util.concurrent.LinkedBlockingQueue, queueCapacity: 2000, scheduler: class org.apache.hadoop.ipc.DefaultRpcScheduler, ipcBackoff: false.
2019-06-14 07:39:29,549 INFO  ipc.Server (Server.java:run(1074)) - Starting Socket Reader #1 for port 36291
2019-06-14 07:39:29,552 INFO  ipc.CallQueueManager (CallQueueManager.java:<init>(84)) - Using callQueue: class java.util.concurrent.LinkedBlockingQueue, queueCapacity: 2000, scheduler: class org.apache.hadoop.ipc.DefaultRpcScheduler, ipcBackoff: false.
2019-06-14 07:39:29,553 INFO  ipc.Server (Server.java:run(1074)) - Starting Socket Reader #1 for port 36205
2019-06-14 07:39:29,554 INFO  ipc.CallQueueManager (CallQueueManager.java:<init>(84)) - Using callQueue: class java.util.concurrent.LinkedBlockingQueue, queueCapacity: 2000, scheduler: class org.apache.hadoop.ipc.DefaultRpcScheduler, ipcBackoff: false.
2019-06-14 07:39:29,554 INFO  ipc.Server (Server.java:run(1074)) - Starting Socket Reader #1 for port 33503
2019-06-14 07:39:29,564 INFO  hdfs.DFSUtil (DFSUtil.java:httpServerTemplateForNNAndJN(1641)) - Starting Web-server for scm at: http://0.0.0.0:0
2019-06-14 07:39:29,565 INFO  server.AuthenticationFilter (AuthenticationFilter.java:constructSecretProvider(240)) - Unable to initialize FileSignerSecretProvider, falling back to use random secrets.
2019-06-14 07:39:29,565 WARN  http.HttpRequestLog (HttpRequestLog.java:getRequestLog(97)) - Jetty request log can only be enabled using Log4j
2019-06-14 07:39:29,566 INFO  http.HttpServer2 (HttpServer2.java:addGlobalFilter(975)) - Added global filter 'safety' (class=org.apache.hadoop.http.HttpServer2$QuotingInputFilter)
2019-06-14 07:39:29,566 INFO  http.HttpServer2 (HttpServer2.java:addFilter(948)) - Added filter static_user_filter (class=org.apache.hadoop.http.lib.StaticUserWebFilter$StaticUserFilter) to context scm
2019-06-14 07:39:29,566 INFO  http.HttpServer2 (HttpServer2.java:addFilter(958)) - Added filter static_user_filter (class=org.apache.hadoop.http.lib.StaticUserWebFilter$StaticUserFilter) to context static
2019-06-14 07:39:29,567 INFO  http.HttpServer2 (HttpServer2.java:addFilter(958)) - Added filter static_user_filter (class=org.apache.hadoop.http.lib.StaticUserWebFilter$StaticUserFilter) to context logs
2019-06-14 07:39:29,569 INFO  server.StorageContainerManager (StorageContainerManager.java:start(752)) - StorageContainerLocationProtocol RPC server is listening at /0.0.0.0:33503
2019-06-14 07:39:29,570 INFO  impl.MetricsSystemImpl (MetricsSystemImpl.java:init(158)) - StorageContainerManager metrics system started (again)
2019-06-14 07:39:29,570 INFO  server.SCMClientProtocolServer (SCMClientProtocolServer.java:start(149)) - RPC server for Client  is listening at /0.0.0.0:33503
2019-06-14 07:39:29,570 INFO  ipc.Server (Server.java:run(1314)) - IPC Server Responder: starting
2019-06-14 07:39:29,570 INFO  ipc.Server (Server.java:run(1153)) - IPC Server listener on 33503: starting
2019-06-14 07:39:29,571 INFO  server.StorageContainerManager (StorageContainerManager.java:start(761)) - ScmBlockLocationProtocol RPC server is listening at /0.0.0.0:36205
2019-06-14 07:39:29,572 INFO  server.SCMBlockProtocolServer (SCMBlockProtocolServer.java:start(137)) - RPC server for Block Protocol is listening at /0.0.0.0:36205
2019-06-14 07:39:29,572 INFO  ipc.Server (Server.java:run(1314)) - IPC Server Responder: starting
2019-06-14 07:39:29,572 INFO  ipc.Server (Server.java:run(1153)) - IPC Server listener on 36205: starting
2019-06-14 07:39:29,573 INFO  server.StorageContainerManager (StorageContainerManager.java:start(765)) - ScmDatanodeProtocl RPC server is listening at /0.0.0.0:36291
2019-06-14 07:39:29,573 INFO  server.SCMDatanodeProtocolServer (SCMDatanodeProtocolServer.java:start(191)) - RPC server for DataNodes is listening at /0.0.0.0:36291
2019-06-14 07:39:29,573 INFO  ipc.Server (Server.java:run(1314)) - IPC Server Responder: starting
2019-06-14 07:39:29,573 INFO  ipc.Server (Server.java:run(1153)) - IPC Server listener on 36291: starting
2019-06-14 07:39:29,586 INFO  http.HttpServer2 (HttpServer2.java:bindListener(1191)) - Jetty bound to port 40869
2019-06-14 07:39:29,586 INFO  server.Server (Server.java:doStart(351)) - jetty-9.3.24.v20180605, build timestamp: 2018-06-05T17:11:56Z, git hash: 84205aa28f11a4f31f2a3b86d1bba2cc8ab69827
2019-06-14 07:39:29,587 INFO  handler.ContextHandler (ContextHandler.java:doStart(781)) - Started o.e.j.s.ServletContextHandler@4917992b{/logs,file:///opt/src/hadoop-ozone/integration-test/target/log,AVAILABLE}
2019-06-14 07:39:29,588 INFO  handler.ContextHandler (ContextHandler.java:doStart(781)) - Started o.e.j.s.ServletContextHandler@1e9d6c78{/static,file:///opt/src/hadoop-ozone/integration-test/target/test-classes/webapps/static,AVAILABLE}
2019-06-14 07:39:29,590 INFO  handler.ContextHandler (ContextHandler.java:doStart(781)) - Started o.e.j.w.WebAppContext@288e50c1{/,file:///opt/src/hadoop-ozone/integration-test/target/test-classes/webapps/scm/,AVAILABLE}{/scm}
2019-06-14 07:39:29,590 INFO  server.AbstractConnector (AbstractConnector.java:doStart(278)) - Started ServerConnector@58e0d1ac{HTTP/1.1,[http/1.1]}{0.0.0.0:40869}
2019-06-14 07:39:29,592 INFO  server.Server (Server.java:doStart(419)) - Started @100509ms
2019-06-14 07:39:29,592 INFO  server.BaseHttpServer (BaseHttpServer.java:updateConnectorAddress(207)) - HTTP server of SCM is listening at http://0.0.0.0:40869
2019-06-14 07:39:29,592 WARN  scm.ScmUtils (ScmUtils.java:getDBPath(63)) - ozone.om.db.dirs is not configured. We recommend adding this setting. Falling back to ozone.metadata.dirs instead.
2019-06-14 07:39:29,594 INFO  util.JvmPauseMonitor (JvmPauseMonitor.java:run(188)) - Starting JVM pause monitor
2019-06-14 07:39:29,596 WARN  scm.ScmUtils (ScmUtils.java:getDBPath(63)) - ozone.om.db.dirs is not configured. We recommend adding this setting. Falling back to ozone.metadata.dirs instead.
2019-06-14 07:39:29,597 INFO  om.OzoneManager (OzoneManager.java:setOMNodeDetails(519)) - OM Service ID is not set. Setting it to the default ID: omServiceIdDefault
2019-06-14 07:39:29,597 INFO  om.OzoneManager (OzoneManager.java:setOMNodeDetails(525)) - OM Node ID is not set. Setting it to the OmStorage's OmID: a12363da-5e32-4da5-8219-da5f25c3ba5b
2019-06-14 07:39:29,597 WARN  scm.HddsServerUtil (HddsServerUtil.java:getDefaultRatisDirectory(354)) - Storage directory for Ratis is not configured. It is a good idea to map this to an SSD disk. Falling back to ozone.metadata.dirs
2019-06-14 07:39:29,597 WARN  scm.HddsServerUtil (HddsServerUtil.java:getDefaultRatisDirectory(354)) - Storage directory for Ratis is not configured. It is a good idea to map this to an SSD disk. Falling back to ozone.metadata.dirs
2019-06-14 07:39:29,597 INFO  om.OzoneManager (OzoneManager.java:loadOMHAConfigs(476)) - Found matching OM address with OMServiceId: null, OMNodeId: null, RPC Address: localhost:0 and Ratis port: 9872
2019-06-14 07:39:29,621 WARN  scm.ScmUtils (ScmUtils.java:getDBPath(63)) - ozone.om.db.dirs is not configured. We recommend adding this setting. Falling back to ozone.metadata.dirs instead.
2019-06-14 07:39:29,621 INFO  db.DBStoreBuilder (DBStoreBuilder.java:addTable(110)) - using custom profile for table: userTable
2019-06-14 07:39:29,621 INFO  db.DBStoreBuilder (DBStoreBuilder.java:processTables(161)) - Using default column profile:DBProfile.DISK for Table:userTable
2019-06-14 07:39:29,621 INFO  db.DBStoreBuilder (DBStoreBuilder.java:addTable(110)) - using custom profile for table: volumeTable
2019-06-14 07:39:29,621 INFO  db.DBStoreBuilder (DBStoreBuilder.java:processTables(161)) - Using default column profile:DBProfile.DISK for Table:volumeTable
2019-06-14 07:39:29,621 INFO  db.DBStoreBuilder (DBStoreBuilder.java:addTable(110)) - using custom profile for table: bucketTable
2019-06-14 07:39:29,622 INFO  db.DBStoreBuilder (DBStoreBuilder.java:processTables(161)) - Using default column profile:DBProfile.DISK for Table:bucketTable
2019-06-14 07:39:29,622 INFO  db.DBStoreBuilder (DBStoreBuilder.java:addTable(110)) - using custom profile for table: keyTable
2019-06-14 07:39:29,622 INFO  db.DBStoreBuilder (DBStoreBuilder.java:processTables(161)) - Using default column profile:DBProfile.DISK for Table:keyTable
2019-06-14 07:39:29,622 INFO  db.DBStoreBuilder (DBStoreBuilder.java:addTable(110)) - using custom profile for table: deletedTable
2019-06-14 07:39:29,622 INFO  db.DBStoreBuilder (DBStoreBuilder.java:processTables(161)) - Using default column profile:DBProfile.DISK for Table:deletedTable
2019-06-14 07:39:29,622 INFO  db.DBStoreBuilder (DBStoreBuilder.java:addTable(110)) - using custom profile for table: openKeyTable
2019-06-14 07:39:29,622 INFO  db.DBStoreBuilder (DBStoreBuilder.java:processTables(161)) - Using default column profile:DBProfile.DISK for Table:openKeyTable
2019-06-14 07:39:29,622 INFO  db.DBStoreBuilder (DBStoreBuilder.java:addTable(110)) - using custom profile for table: s3Table
2019-06-14 07:39:29,622 INFO  db.DBStoreBuilder (DBStoreBuilder.java:processTables(161)) - Using default column profile:DBProfile.DISK for Table:s3Table
2019-06-14 07:39:29,623 INFO  db.DBStoreBuilder (DBStoreBuilder.java:addTable(110)) - using custom profile for table: multipartInfoTable
2019-06-14 07:39:29,623 INFO  db.DBStoreBuilder (DBStoreBuilder.java:processTables(161)) - Using default column profile:DBProfile.DISK for Table:multipartInfoTable
2019-06-14 07:39:29,623 INFO  db.DBStoreBuilder (DBStoreBuilder.java:addTable(110)) - using custom profile for table: dTokenTable
2019-06-14 07:39:29,623 INFO  db.DBStoreBuilder (DBStoreBuilder.java:processTables(161)) - Using default column profile:DBProfile.DISK for Table:dTokenTable
2019-06-14 07:39:29,623 INFO  db.DBStoreBuilder (DBStoreBuilder.java:addTable(110)) - using custom profile for table: s3SecretTable
2019-06-14 07:39:29,623 INFO  db.DBStoreBuilder (DBStoreBuilder.java:processTables(161)) - Using default column profile:DBProfile.DISK for Table:s3SecretTable
2019-06-14 07:39:29,623 INFO  db.DBStoreBuilder (DBStoreBuilder.java:addTable(110)) - using custom profile for table: prefixTable
2019-06-14 07:39:29,623 INFO  db.DBStoreBuilder (DBStoreBuilder.java:processTables(161)) - Using default column profile:DBProfile.DISK for Table:prefixTable
2019-06-14 07:39:29,623 INFO  db.DBStoreBuilder (DBStoreBuilder.java:addTable(110)) - using custom profile for table: default
2019-06-14 07:39:29,624 INFO  db.DBStoreBuilder (DBStoreBuilder.java:processTables(167)) - Using default column profile:DBProfile.DISK for Table:default
2019-06-14 07:39:29,624 INFO  db.DBStoreBuilder (DBStoreBuilder.java:getDbProfile(198)) - Using default options. DBProfile.DISK
2019-06-14 07:39:29,755 INFO  ipc.CallQueueManager (CallQueueManager.java:<init>(84)) - Using callQueue: class java.util.concurrent.LinkedBlockingQueue, queueCapacity: 2000, scheduler: class org.apache.hadoop.ipc.DefaultRpcScheduler, ipcBackoff: false.
2019-06-14 07:39:29,756 INFO  ipc.Server (Server.java:run(1074)) - Starting Socket Reader #1 for port 33683
2019-06-14 07:39:29,769 WARN  scm.ScmUtils (ScmUtils.java:getDBPath(63)) - ozone.om.db.dirs is not configured. We recommend adding this setting. Falling back to ozone.metadata.dirs instead.
2019-06-14 07:39:29,769 INFO  om.OzoneManager (OzoneManager.java:start(1217)) - OzoneManager RPC server is listening at localhost/127.0.0.1:33683
2019-06-14 07:39:29,769 INFO  impl.MetricsSystemImpl (MetricsSystemImpl.java:init(158)) - OzoneManager metrics system started (again)
2019-06-14 07:39:29,770 INFO  ipc.Server (Server.java:run(1314)) - IPC Server Responder: starting
2019-06-14 07:39:29,772 INFO  ipc.Server (Server.java:run(1153)) - IPC Server listener on 33683: starting
2019-06-14 07:39:29,780 INFO  hdfs.DFSUtil (DFSUtil.java:httpServerTemplateForNNAndJN(1641)) - Starting Web-server for ozoneManager at: http://0.0.0.0:0
2019-06-14 07:39:29,781 INFO  server.AuthenticationFilter (AuthenticationFilter.java:constructSecretProvider(240)) - Unable to initialize FileSignerSecretProvider, falling back to use random secrets.
2019-06-14 07:39:29,782 WARN  http.HttpRequestLog (HttpRequestLog.java:getRequestLog(97)) - Jetty request log can only be enabled using Log4j
2019-06-14 07:39:29,783 INFO  http.HttpServer2 (HttpServer2.java:addGlobalFilter(975)) - Added global filter 'safety' (class=org.apache.hadoop.http.HttpServer2$QuotingInputFilter)
2019-06-14 07:39:29,783 INFO  http.HttpServer2 (HttpServer2.java:addFilter(948)) - Added filter static_user_filter (class=org.apache.hadoop.http.lib.StaticUserWebFilter$StaticUserFilter) to context ozoneManager
2019-06-14 07:39:29,783 INFO  http.HttpServer2 (HttpServer2.java:addFilter(958)) - Added filter static_user_filter (class=org.apache.hadoop.http.lib.StaticUserWebFilter$StaticUserFilter) to context static
2019-06-14 07:39:29,783 INFO  http.HttpServer2 (HttpServer2.java:addFilter(958)) - Added filter static_user_filter (class=org.apache.hadoop.http.lib.StaticUserWebFilter$StaticUserFilter) to context logs
2019-06-14 07:39:29,784 INFO  http.HttpServer2 (HttpServer2.java:bindListener(1191)) - Jetty bound to port 37349
2019-06-14 07:39:29,784 INFO  server.Server (Server.java:doStart(351)) - jetty-9.3.24.v20180605, build timestamp: 2018-06-05T17:11:56Z, git hash: 84205aa28f11a4f31f2a3b86d1bba2cc8ab69827
2019-06-14 07:39:29,785 INFO  handler.ContextHandler (ContextHandler.java:doStart(781)) - Started o.e.j.s.ServletContextHandler@c0cb9c2{/logs,file:///opt/src/hadoop-ozone/integration-test/target/log,AVAILABLE}
2019-06-14 07:39:29,785 INFO  handler.ContextHandler (ContextHandler.java:doStart(781)) - Started o.e.j.s.ServletContextHandler@11e75942{/static,file:///opt/src/hadoop-ozone/integration-test/target/test-classes/webapps/static,AVAILABLE}
2019-06-14 07:39:29,788 INFO  handler.ContextHandler (ContextHandler.java:doStart(781)) - Started o.e.j.w.WebAppContext@7a91027c{/,file:///opt/src/hadoop-ozone/integration-test/target/test-classes/webapps/ozoneManager/,AVAILABLE}{/ozoneManager}
2019-06-14 07:39:29,788 INFO  server.AbstractConnector (AbstractConnector.java:doStart(278)) - Started ServerConnector@27d44578{HTTP/1.1,[http/1.1]}{0.0.0.0:37349}
2019-06-14 07:39:29,790 INFO  server.Server (Server.java:doStart(419)) - Started @100707ms
2019-06-14 07:39:29,790 INFO  server.BaseHttpServer (BaseHttpServer.java:updateConnectorAddress(207)) - HTTP server of OZONEMANAGER is listening at http://0.0.0.0:37349
2019-06-14 07:39:29,799 INFO  impl.MetricsSystemImpl (MetricsSystemImpl.java:init(158)) - HddsDatanode metrics system started (again)
2019-06-14 07:39:29,799 INFO  ozone.HddsDatanodeService (HddsDatanodeService.java:start(185)) - HddsDatanodeService host:ozone-tm9qp-197714850 ip:192.168.134.69
2019-06-14 07:39:29,805 INFO  volume.HddsVolume (HddsVolume.java:<init>(176)) - Creating Volume: /opt/src/hadoop-ozone/integration-test/target/test-dir/MiniOzoneClusterImpl-a27c14c1-682b-4cec-abd9-34db4490df93/datanode-0/data/containers/hdds of  storage type : DISK and capacity : 104021790720
2019-06-14 07:39:29,805 INFO  volume.VolumeSet (VolumeSet.java:initializeVolumeSet(170)) - Added Volume : /opt/src/hadoop-ozone/integration-test/target/test-dir/MiniOzoneClusterImpl-a27c14c1-682b-4cec-abd9-34db4490df93/datanode-0/data/containers/hdds to VolumeSet
2019-06-14 07:39:29,805 INFO  volume.ThrottledAsyncChecker (ThrottledAsyncChecker.java:schedule(140)) - Scheduling a check for org.apache.hadoop.ozone.container.common.volume.HddsVolume@755fdfad
2019-06-14 07:39:29,805 INFO  volume.HddsVolumeChecker (HddsVolumeChecker.java:checkAllVolumes(203)) - Scheduled health check for volume org.apache.hadoop.ozone.container.common.volume.HddsVolume@755fdfad
2019-06-14 07:39:29,812 INFO  ratis.XceiverServerRatis (XceiverServerRatis.java:newXceiverServerRatis(401)) - Found a free port for the server : 41037
2019-06-14 07:39:29,814 INFO  impl.RaftServerProxy (ConfUtils.java:logGet(43)) - raft.rpc.type = GRPC (default)
2019-06-14 07:39:29,814 INFO  grpc.GrpcConfigKeys$Server (ConfUtils.java:logGet(43)) - raft.grpc.server.port = 41037 (custom)
2019-06-14 07:39:29,814 INFO  server.GrpcService (ConfUtils.java:logGet(43)) - raft.grpc.message.size.max = 33570816 (custom)
2019-06-14 07:39:29,815 INFO  server.RaftServerConfigKeys (ConfUtils.java:logGet(43)) - raft.server.log.appender.buffer.byte-limit = 33554432 (custom)
2019-06-14 07:39:29,815 INFO  server.GrpcService (ConfUtils.java:logGet(43)) - raft.grpc.flow.control.window = 1MB (=1048576) (default)
2019-06-14 07:39:29,815 INFO  server.RaftServerConfigKeys (ConfUtils.java:logGet(43)) - raft.server.rpc.request.timeout = 3000ms (default)
2019-06-14 07:39:29,815 INFO  server.RaftServerConfigKeys (ConfUtils.java:logGet(43)) - raft.server.storage.dir = [/opt/src/hadoop-ozone/integration-test/target/test-dir/MiniOzoneClusterImpl-a27c14c1-682b-4cec-abd9-34db4490df93/datanode-0/data/ratis] (custom)
2019-06-14 07:39:29,815 INFO  server.XceiverServerGrpc (XceiverServerGrpc.java:<init>(97)) - Found a free port for the server : 43369
2019-06-14 07:39:29,816 INFO  replication.SimpleContainerDownloader (SimpleContainerDownloader.java:<init>(72)) - Starting container downloader service to copy containers to replicate.
2019-06-14 07:39:29,816 INFO  hdfs.DFSUtil (DFSUtil.java:httpServerTemplateForNNAndJN(1641)) - Starting Web-server for hddsDatanode at: http://0.0.0.0:0
2019-06-14 07:39:29,817 INFO  server.AuthenticationFilter (AuthenticationFilter.java:constructSecretProvider(240)) - Unable to initialize FileSignerSecretProvider, falling back to use random secrets.
2019-06-14 07:39:29,817 WARN  http.HttpRequestLog (HttpRequestLog.java:getRequestLog(97)) - Jetty request log can only be enabled using Log4j
2019-06-14 07:39:29,818 INFO  http.HttpServer2 (HttpServer2.java:addGlobalFilter(975)) - Added global filter 'safety' (class=org.apache.hadoop.http.HttpServer2$QuotingInputFilter)
2019-06-14 07:39:29,818 INFO  http.HttpServer2 (HttpServer2.java:addFilter(948)) - Added filter static_user_filter (class=org.apache.hadoop.http.lib.StaticUserWebFilter$StaticUserFilter) to context hddsDatanode
2019-06-14 07:39:29,818 INFO  http.HttpServer2 (HttpServer2.java:addFilter(958)) - Added filter static_user_filter (class=org.apache.hadoop.http.lib.StaticUserWebFilter$StaticUserFilter) to context static
2019-06-14 07:39:29,818 INFO  http.HttpServer2 (HttpServer2.java:addFilter(958)) - Added filter static_user_filter (class=org.apache.hadoop.http.lib.StaticUserWebFilter$StaticUserFilter) to context logs
2019-06-14 07:39:29,819 INFO  http.HttpServer2 (HttpServer2.java:bindListener(1191)) - Jetty bound to port 35449
2019-06-14 07:39:29,819 INFO  server.Server (Server.java:doStart(351)) - jetty-9.3.24.v20180605, build timestamp: 2018-06-05T17:11:56Z, git hash: 84205aa28f11a4f31f2a3b86d1bba2cc8ab69827
2019-06-14 07:39:29,821 INFO  handler.ContextHandler (ContextHandler.java:doStart(781)) - Started o.e.j.s.ServletContextHandler@32d3b965{/logs,file:///opt/src/hadoop-ozone/integration-test/target/log,AVAILABLE}
2019-06-14 07:39:29,821 INFO  handler.ContextHandler (ContextHandler.java:doStart(781)) - Started o.e.j.s.ServletContextHandler@16160a37{/static,jar:file:/root/.m2/repository/org/apache/hadoop/hadoop-hdds-container-service/0.5.0-SNAPSHOT/hadoop-hdds-container-service-0.5.0-SNAPSHOT.jar!/webapps/static,AVAILABLE}
2019-06-14 07:39:29,842 INFO  handler.ContextHandler (ContextHandler.java:doStart(781)) - Started o.e.j.w.WebAppContext@bb160fb{/,file:///tmp/jetty-0.0.0.0-35449-hddsDatanode-_-any-4014847835800232737.dir/webapp/,AVAILABLE}{/hddsDatanode}
2019-06-14 07:39:29,842 INFO  server.AbstractConnector (AbstractConnector.java:doStart(278)) - Started ServerConnector@4cc4f6bd{HTTP/1.1,[http/1.1]}{0.0.0.0:35449}
2019-06-14 07:39:29,843 INFO  server.Server (Server.java:doStart(419)) - Started @100761ms
2019-06-14 07:39:29,844 INFO  server.BaseHttpServer (BaseHttpServer.java:updateConnectorAddress(207)) - HTTP server of HDDSDATANODE is listening at http://0.0.0.0:35449
2019-06-14 07:39:29,858 WARN  server.GrpcLogAppender (LogUtils.java:warn(134)) - 578092ab-b70b-4ebd-aded-cbd888e596c7: Failed appendEntries to 9d8be9db-f9cb-434a-8bf3-cbb66516a036:192.168.134.69:39813: org.apache.ratis.thirdparty.io.grpc.StatusRuntimeException: UNAVAILABLE: io exception
2019-06-14 07:39:29,859 INFO  impl.FollowerInfo (FollowerInfo.java:lambda$new$0(50)) - 578092ab-b70b-4ebd-aded-cbd888e596c7->9d8be9db-f9cb-434a-8bf3-cbb66516a036: nextIndex: updateUnconditionally 0 -> 0
2019-06-14 07:39:29,862 WARN  server.GrpcLogAppender (LogUtils.java:warn(134)) - 578092ab-b70b-4ebd-aded-cbd888e596c7: Failed appendEntries to 45a18b76-154b-4bb1-adcb-fc939f971433:192.168.134.69:38345: org.apache.ratis.thirdparty.io.grpc.StatusRuntimeException: UNAVAILABLE: io exception
2019-06-14 07:39:29,862 INFO  impl.FollowerInfo (FollowerInfo.java:lambda$new$0(50)) - 578092ab-b70b-4ebd-aded-cbd888e596c7->45a18b76-154b-4bb1-adcb-fc939f971433: nextIndex: updateUnconditionally 0 -> 0
2019-06-14 07:39:29,917 INFO  ozone.HddsDatanodeService (HddsDatanodeService.java:startPlugins(396)) - Started plug-in org.apache.hadoop.ozone.web.OzoneHddsDatanodeService@7ec5d3e1
2019-06-14 07:39:29,917 INFO  impl.MetricsSystemImpl (MetricsSystemImpl.java:init(158)) - HddsDatanode metrics system started (again)
2019-06-14 07:39:29,917 INFO  ozone.HddsDatanodeService (HddsDatanodeService.java:start(185)) - HddsDatanodeService host:ozone-tm9qp-197714850 ip:192.168.134.69
2019-06-14 07:39:29,923 INFO  util.JvmPauseMonitor (JvmPauseMonitor.java:run(188)) - Starting JVM pause monitor
2019-06-14 07:39:29,924 INFO  datanode.InitDatanodeState (InitDatanodeState.java:persistContainerDatanodeDetails(140)) - DatanodeDetails is persisted to /opt/src/hadoop-ozone/integration-test/target/test-dir/MiniOzoneClusterImpl-a27c14c1-682b-4cec-abd9-34db4490df93/datanode-0/meta/datanode.id
2019-06-14 07:39:29,931 INFO  volume.HddsVolume (HddsVolume.java:<init>(176)) - Creating Volume: /opt/src/hadoop-ozone/integration-test/target/test-dir/MiniOzoneClusterImpl-a27c14c1-682b-4cec-abd9-34db4490df93/datanode-1/data/containers/hdds of  storage type : DISK and capacity : 104021790720
2019-06-14 07:39:29,931 INFO  volume.VolumeSet (VolumeSet.java:initializeVolumeSet(170)) - Added Volume : /opt/src/hadoop-ozone/integration-test/target/test-dir/MiniOzoneClusterImpl-a27c14c1-682b-4cec-abd9-34db4490df93/datanode-1/data/containers/hdds to VolumeSet
2019-06-14 07:39:29,931 INFO  volume.ThrottledAsyncChecker (ThrottledAsyncChecker.java:schedule(140)) - Scheduling a check for org.apache.hadoop.ozone.container.common.volume.HddsVolume@15c8b75c
2019-06-14 07:39:29,934 INFO  volume.HddsVolumeChecker (HddsVolumeChecker.java:checkAllVolumes(203)) - Scheduled health check for volume org.apache.hadoop.ozone.container.common.volume.HddsVolume@15c8b75c
2019-06-14 07:39:29,941 INFO  ratis.XceiverServerRatis (XceiverServerRatis.java:newXceiverServerRatis(401)) - Found a free port for the server : 40863
2019-06-14 07:39:29,943 INFO  impl.RaftServerProxy (ConfUtils.java:logGet(43)) - raft.rpc.type = GRPC (default)
2019-06-14 07:39:29,944 INFO  grpc.GrpcConfigKeys$Server (ConfUtils.java:logGet(43)) - raft.grpc.server.port = 40863 (custom)
2019-06-14 07:39:29,944 INFO  server.GrpcService (ConfUtils.java:logGet(43)) - raft.grpc.message.size.max = 33570816 (custom)
2019-06-14 07:39:29,944 INFO  server.RaftServerConfigKeys (ConfUtils.java:logGet(43)) - raft.server.log.appender.buffer.byte-limit = 33554432 (custom)
2019-06-14 07:39:29,944 INFO  server.GrpcService (ConfUtils.java:logGet(43)) - raft.grpc.flow.control.window = 1MB (=1048576) (default)
2019-06-14 07:39:29,944 INFO  server.RaftServerConfigKeys (ConfUtils.java:logGet(43)) - raft.server.rpc.request.timeout = 3000ms (default)
2019-06-14 07:39:29,944 INFO  server.RaftServerConfigKeys (ConfUtils.java:logGet(43)) - raft.server.storage.dir = [/opt/src/hadoop-ozone/integration-test/target/test-dir/MiniOzoneClusterImpl-a27c14c1-682b-4cec-abd9-34db4490df93/datanode-1/data/ratis] (custom)
2019-06-14 07:39:29,945 INFO  server.XceiverServerGrpc (XceiverServerGrpc.java:<init>(97)) - Found a free port for the server : 43371
2019-06-14 07:39:29,945 INFO  replication.SimpleContainerDownloader (SimpleContainerDownloader.java:<init>(72)) - Starting container downloader service to copy containers to replicate.
2019-06-14 07:39:29,945 INFO  hdfs.DFSUtil (DFSUtil.java:httpServerTemplateForNNAndJN(1641)) - Starting Web-server for hddsDatanode at: http://0.0.0.0:0
2019-06-14 07:39:29,946 INFO  server.AuthenticationFilter (AuthenticationFilter.java:constructSecretProvider(240)) - Unable to initialize FileSignerSecretProvider, falling back to use random secrets.
2019-06-14 07:39:29,946 WARN  http.HttpRequestLog (HttpRequestLog.java:getRequestLog(97)) - Jetty request log can only be enabled using Log4j
2019-06-14 07:39:29,947 INFO  http.HttpServer2 (HttpServer2.java:addGlobalFilter(975)) - Added global filter 'safety' (class=org.apache.hadoop.http.HttpServer2$QuotingInputFilter)
2019-06-14 07:39:29,947 INFO  http.HttpServer2 (HttpServer2.java:addFilter(948)) - Added filter static_user_filter (class=org.apache.hadoop.http.lib.StaticUserWebFilter$StaticUserFilter) to context hddsDatanode
2019-06-14 07:39:29,948 INFO  http.HttpServer2 (HttpServer2.java:addFilter(958)) - Added filter static_user_filter (class=org.apache.hadoop.http.lib.StaticUserWebFilter$StaticUserFilter) to context logs
2019-06-14 07:39:29,948 INFO  http.HttpServer2 (HttpServer2.java:addFilter(958)) - Added filter static_user_filter (class=org.apache.hadoop.http.lib.StaticUserWebFilter$StaticUserFilter) to context static
2019-06-14 07:39:29,948 INFO  http.HttpServer2 (HttpServer2.java:bindListener(1191)) - Jetty bound to port 39109
2019-06-14 07:39:29,948 INFO  server.Server (Server.java:doStart(351)) - jetty-9.3.24.v20180605, build timestamp: 2018-06-05T17:11:56Z, git hash: 84205aa28f11a4f31f2a3b86d1bba2cc8ab69827
2019-06-14 07:39:29,958 INFO  handler.ContextHandler (ContextHandler.java:doStart(781)) - Started o.e.j.s.ServletContextHandler@7e9ea888{/logs,file:///opt/src/hadoop-ozone/integration-test/target/log,AVAILABLE}
2019-06-14 07:39:29,959 INFO  handler.ContextHandler (ContextHandler.java:doStart(781)) - Started o.e.j.s.ServletContextHandler@7e4a6afd{/static,jar:file:/root/.m2/repository/org/apache/hadoop/hadoop-hdds-container-service/0.5.0-SNAPSHOT/hadoop-hdds-container-service-0.5.0-SNAPSHOT.jar!/webapps/static,AVAILABLE}
2019-06-14 07:39:29,982 INFO  handler.ContextHandler (ContextHandler.java:doStart(781)) - Started o.e.j.w.WebAppContext@408bb173{/,file:///tmp/jetty-0.0.0.0-39109-hddsDatanode-_-any-699901001464994921.dir/webapp/,AVAILABLE}{/hddsDatanode}
2019-06-14 07:39:29,983 INFO  server.AbstractConnector (AbstractConnector.java:doStart(278)) - Started ServerConnector@360d0c7a{HTTP/1.1,[http/1.1]}{0.0.0.0:39109}
2019-06-14 07:39:29,985 INFO  server.Server (Server.java:doStart(419)) - Started @100902ms
2019-06-14 07:39:29,985 INFO  server.BaseHttpServer (BaseHttpServer.java:updateConnectorAddress(207)) - HTTP server of HDDSDATANODE is listening at http://0.0.0.0:39109
2019-06-14 07:39:30,022 INFO  client.GrpcClientProtocolService (GrpcClientProtocolService.java:lambda$processClientRequest$0(264)) - Failed RaftClientRequest:client-E45D6143CD1B->578092ab-b70b-4ebd-aded-cbd888e596c7@group-C8609E592D4F, cid=68, seq=0, Watch-MAJORITY_COMMITTED(2), Message:<EMPTY>, reply=RaftClientReply:client-E45D6143CD1B->578092ab-b70b-4ebd-aded-cbd888e596c7@group-C8609E592D4F, cid=68, FAILED org.apache.ratis.protocol.NotReplicatedException: Request with call Id 68 and log index 2 is not yet replicated to MAJORITY_COMMITTED, logIndex=2, commits[578092ab-b70b-4ebd-aded-cbd888e596c7:c2, 45a18b76-154b-4bb1-adcb-fc939f971433:c1, 9d8be9db-f9cb-434a-8bf3-cbb66516a036:c1]
2019-06-14 07:39:30,065 INFO  ozone.HddsDatanodeService (HddsDatanodeService.java:startPlugins(396)) - Started plug-in org.apache.hadoop.ozone.web.OzoneHddsDatanodeService@2f403d0a
2019-06-14 07:39:30,065 INFO  impl.MetricsSystemImpl (MetricsSystemImpl.java:init(158)) - HddsDatanode metrics system started (again)
2019-06-14 07:39:30,065 INFO  ozone.HddsDatanodeService (HddsDatanodeService.java:start(185)) - HddsDatanodeService host:ozone-tm9qp-197714850 ip:192.168.134.69
2019-06-14 07:39:30,066 INFO  util.JvmPauseMonitor (JvmPauseMonitor.java:run(188)) - Starting JVM pause monitor
2019-06-14 07:39:30,069 INFO  datanode.InitDatanodeState (InitDatanodeState.java:persistContainerDatanodeDetails(140)) - DatanodeDetails is persisted to /opt/src/hadoop-ozone/integration-test/target/test-dir/MiniOzoneClusterImpl-a27c14c1-682b-4cec-abd9-34db4490df93/datanode-1/meta/datanode.id
2019-06-14 07:39:30,073 INFO  volume.HddsVolume (HddsVolume.java:<init>(176)) - Creating Volume: /opt/src/hadoop-ozone/integration-test/target/test-dir/MiniOzoneClusterImpl-a27c14c1-682b-4cec-abd9-34db4490df93/datanode-2/data/containers/hdds of  storage type : DISK and capacity : 104021790720
2019-06-14 07:39:30,073 INFO  volume.VolumeSet (VolumeSet.java:initializeVolumeSet(170)) - Added Volume : /opt/src/hadoop-ozone/integration-test/target/test-dir/MiniOzoneClusterImpl-a27c14c1-682b-4cec-abd9-34db4490df93/datanode-2/data/containers/hdds to VolumeSet
2019-06-14 07:39:30,074 INFO  volume.ThrottledAsyncChecker (ThrottledAsyncChecker.java:schedule(140)) - Scheduling a check for org.apache.hadoop.ozone.container.common.volume.HddsVolume@7828bc6b
2019-06-14 07:39:30,074 INFO  volume.HddsVolumeChecker (HddsVolumeChecker.java:checkAllVolumes(203)) - Scheduled health check for volume org.apache.hadoop.ozone.container.common.volume.HddsVolume@7828bc6b
2019-06-14 07:39:30,140 INFO  ratis.XceiverServerRatis (XceiverServerRatis.java:newXceiverServerRatis(401)) - Found a free port for the server : 41973
2019-06-14 07:39:30,140 INFO  impl.RaftServerProxy (ConfUtils.java:logGet(43)) - raft.rpc.type = GRPC (default)
2019-06-14 07:39:30,140 INFO  grpc.GrpcConfigKeys$Server (ConfUtils.java:logGet(43)) - raft.grpc.server.port = 41973 (custom)
2019-06-14 07:39:30,141 INFO  server.GrpcService (ConfUtils.java:logGet(43)) - raft.grpc.message.size.max = 33570816 (custom)
2019-06-14 07:39:30,141 INFO  server.RaftServerConfigKeys (ConfUtils.java:logGet(43)) - raft.server.log.appender.buffer.byte-limit = 33554432 (custom)
2019-06-14 07:39:30,141 INFO  server.GrpcService (ConfUtils.java:logGet(43)) - raft.grpc.flow.control.window = 1MB (=1048576) (default)
2019-06-14 07:39:30,141 INFO  server.RaftServerConfigKeys (ConfUtils.java:logGet(43)) - raft.server.rpc.request.timeout = 3000ms (default)
2019-06-14 07:39:30,141 INFO  server.RaftServerConfigKeys (ConfUtils.java:logGet(43)) - raft.server.storage.dir = [/opt/src/hadoop-ozone/integration-test/target/test-dir/MiniOzoneClusterImpl-a27c14c1-682b-4cec-abd9-34db4490df93/datanode-2/data/ratis] (custom)
2019-06-14 07:39:30,142 INFO  server.XceiverServerGrpc (XceiverServerGrpc.java:<init>(97)) - Found a free port for the server : 43347
2019-06-14 07:39:30,142 INFO  replication.SimpleContainerDownloader (SimpleContainerDownloader.java:<init>(72)) - Starting container downloader service to copy containers to replicate.
2019-06-14 07:39:30,143 INFO  hdfs.DFSUtil (DFSUtil.java:httpServerTemplateForNNAndJN(1641)) - Starting Web-server for hddsDatanode at: http://0.0.0.0:0
2019-06-14 07:39:30,144 INFO  server.AuthenticationFilter (AuthenticationFilter.java:constructSecretProvider(240)) - Unable to initialize FileSignerSecretProvider, falling back to use random secrets.
2019-06-14 07:39:30,147 WARN  http.HttpRequestLog (HttpRequestLog.java:getRequestLog(97)) - Jetty request log can only be enabled using Log4j
2019-06-14 07:39:30,148 INFO  http.HttpServer2 (HttpServer2.java:addGlobalFilter(975)) - Added global filter 'safety' (class=org.apache.hadoop.http.HttpServer2$QuotingInputFilter)
2019-06-14 07:39:30,149 INFO  http.HttpServer2 (HttpServer2.java:addFilter(948)) - Added filter static_user_filter (class=org.apache.hadoop.http.lib.StaticUserWebFilter$StaticUserFilter) to context hddsDatanode
2019-06-14 07:39:30,149 INFO  http.HttpServer2 (HttpServer2.java:addFilter(958)) - Added filter static_user_filter (class=org.apache.hadoop.http.lib.StaticUserWebFilter$StaticUserFilter) to context logs
2019-06-14 07:39:30,149 INFO  http.HttpServer2 (HttpServer2.java:addFilter(958)) - Added filter static_user_filter (class=org.apache.hadoop.http.lib.StaticUserWebFilter$StaticUserFilter) to context static
2019-06-14 07:39:30,152 INFO  http.HttpServer2 (HttpServer2.java:bindListener(1191)) - Jetty bound to port 44163
2019-06-14 07:39:30,152 INFO  server.Server (Server.java:doStart(351)) - jetty-9.3.24.v20180605, build timestamp: 2018-06-05T17:11:56Z, git hash: 84205aa28f11a4f31f2a3b86d1bba2cc8ab69827
2019-06-14 07:39:30,180 INFO  handler.ContextHandler (ContextHandler.java:doStart(781)) - Started o.e.j.s.ServletContextHandler@25dacc5a{/logs,file:///opt/src/hadoop-ozone/integration-test/target/log,AVAILABLE}
2019-06-14 07:39:30,182 INFO  handler.ContextHandler (ContextHandler.java:doStart(781)) - Started o.e.j.s.ServletContextHandler@273e622f{/static,jar:file:/root/.m2/repository/org/apache/hadoop/hadoop-hdds-container-service/0.5.0-SNAPSHOT/hadoop-hdds-container-service-0.5.0-SNAPSHOT.jar!/webapps/static,AVAILABLE}
2019-06-14 07:39:30,201 INFO  handler.ContextHandler (ContextHandler.java:doStart(781)) - Started o.e.j.w.WebAppContext@5ab1107d{/,file:///tmp/jetty-0.0.0.0-44163-hddsDatanode-_-any-4479797280791118857.dir/webapp/,AVAILABLE}{/hddsDatanode}
2019-06-14 07:39:30,201 INFO  server.AbstractConnector (AbstractConnector.java:doStart(278)) - Started ServerConnector@671561b9{HTTP/1.1,[http/1.1]}{0.0.0.0:44163}
2019-06-14 07:39:30,204 INFO  server.Server (Server.java:doStart(419)) - Started @101121ms
2019-06-14 07:39:30,204 INFO  server.BaseHttpServer (BaseHttpServer.java:updateConnectorAddress(207)) - HTTP server of HDDSDATANODE is listening at http://0.0.0.0:44163
2019-06-14 07:39:30,275 INFO  ozone.HddsDatanodeService (HddsDatanodeService.java:startPlugins(396)) - Started plug-in org.apache.hadoop.ozone.web.OzoneHddsDatanodeService@14060410
2019-06-14 07:39:30,275 INFO  impl.MetricsSystemImpl (MetricsSystemImpl.java:init(158)) - HddsDatanode metrics system started (again)
2019-06-14 07:39:30,275 INFO  ozone.HddsDatanodeService (HddsDatanodeService.java:start(185)) - HddsDatanodeService host:ozone-tm9qp-197714850 ip:192.168.134.69
2019-06-14 07:39:30,276 INFO  util.JvmPauseMonitor (JvmPauseMonitor.java:run(188)) - Starting JVM pause monitor
2019-06-14 07:39:30,276 INFO  datanode.InitDatanodeState (InitDatanodeState.java:persistContainerDatanodeDetails(140)) - DatanodeDetails is persisted to /opt/src/hadoop-ozone/integration-test/target/test-dir/MiniOzoneClusterImpl-a27c14c1-682b-4cec-abd9-34db4490df93/datanode-2/meta/datanode.id
2019-06-14 07:39:30,282 INFO  volume.HddsVolume (HddsVolume.java:<init>(176)) - Creating Volume: /opt/src/hadoop-ozone/integration-test/target/test-dir/MiniOzoneClusterImpl-a27c14c1-682b-4cec-abd9-34db4490df93/datanode-3/data/containers/hdds of  storage type : DISK and capacity : 104021790720
2019-06-14 07:39:30,282 INFO  volume.VolumeSet (VolumeSet.java:initializeVolumeSet(170)) - Added Volume : /opt/src/hadoop-ozone/integration-test/target/test-dir/MiniOzoneClusterImpl-a27c14c1-682b-4cec-abd9-34db4490df93/datanode-3/data/containers/hdds to VolumeSet
2019-06-14 07:39:30,282 INFO  volume.ThrottledAsyncChecker (ThrottledAsyncChecker.java:schedule(140)) - Scheduling a check for org.apache.hadoop.ozone.container.common.volume.HddsVolume@6d3c80bf
2019-06-14 07:39:30,283 INFO  volume.HddsVolumeChecker (HddsVolumeChecker.java:checkAllVolumes(203)) - Scheduled health check for volume org.apache.hadoop.ozone.container.common.volume.HddsVolume@6d3c80bf
2019-06-14 07:39:30,290 INFO  ratis.XceiverServerRatis (XceiverServerRatis.java:newXceiverServerRatis(401)) - Found a free port for the server : 37713
2019-06-14 07:39:30,292 INFO  impl.RaftServerProxy (ConfUtils.java:logGet(43)) - raft.rpc.type = GRPC (default)
2019-06-14 07:39:30,292 INFO  grpc.GrpcConfigKeys$Server (ConfUtils.java:logGet(43)) - raft.grpc.server.port = 37713 (custom)
2019-06-14 07:39:30,292 INFO  server.GrpcService (ConfUtils.java:logGet(43)) - raft.grpc.message.size.max = 33570816 (custom)
2019-06-14 07:39:30,292 INFO  server.RaftServerConfigKeys (ConfUtils.java:logGet(43)) - raft.server.log.appender.buffer.byte-limit = 33554432 (custom)
2019-06-14 07:39:30,292 INFO  server.GrpcService (ConfUtils.java:logGet(43)) - raft.grpc.flow.control.window = 1MB (=1048576) (default)
2019-06-14 07:39:30,292 INFO  server.RaftServerConfigKeys (ConfUtils.java:logGet(43)) - raft.server.rpc.request.timeout = 3000ms (default)
2019-06-14 07:39:30,293 INFO  server.RaftServerConfigKeys (ConfUtils.java:logGet(43)) - raft.server.storage.dir = [/opt/src/hadoop-ozone/integration-test/target/test-dir/MiniOzoneClusterImpl-a27c14c1-682b-4cec-abd9-34db4490df93/datanode-3/data/ratis] (custom)
2019-06-14 07:39:30,293 INFO  server.XceiverServerGrpc (XceiverServerGrpc.java:<init>(97)) - Found a free port for the server : 36007
2019-06-14 07:39:30,293 INFO  replication.SimpleContainerDownloader (SimpleContainerDownloader.java:<init>(72)) - Starting container downloader service to copy containers to replicate.
2019-06-14 07:39:30,294 INFO  hdfs.DFSUtil (DFSUtil.java:httpServerTemplateForNNAndJN(1641)) - Starting Web-server for hddsDatanode at: http://0.0.0.0:0
2019-06-14 07:39:30,295 INFO  server.AuthenticationFilter (AuthenticationFilter.java:constructSecretProvider(240)) - Unable to initialize FileSignerSecretProvider, falling back to use random secrets.
2019-06-14 07:39:30,295 WARN  http.HttpRequestLog (HttpRequestLog.java:getRequestLog(97)) - Jetty request log can only be enabled using Log4j
2019-06-14 07:39:30,296 INFO  http.HttpServer2 (HttpServer2.java:addGlobalFilter(975)) - Added global filter 'safety' (class=org.apache.hadoop.http.HttpServer2$QuotingInputFilter)
2019-06-14 07:39:30,296 INFO  http.HttpServer2 (HttpServer2.java:addFilter(948)) - Added filter static_user_filter (class=org.apache.hadoop.http.lib.StaticUserWebFilter$StaticUserFilter) to context hddsDatanode
2019-06-14 07:39:30,296 INFO  http.HttpServer2 (HttpServer2.java:addFilter(958)) - Added filter static_user_filter (class=org.apache.hadoop.http.lib.StaticUserWebFilter$StaticUserFilter) to context logs
2019-06-14 07:39:30,296 INFO  http.HttpServer2 (HttpServer2.java:addFilter(958)) - Added filter static_user_filter (class=org.apache.hadoop.http.lib.StaticUserWebFilter$StaticUserFilter) to context static
2019-06-14 07:39:30,297 INFO  http.HttpServer2 (HttpServer2.java:bindListener(1191)) - Jetty bound to port 35741
2019-06-14 07:39:30,297 INFO  server.Server (Server.java:doStart(351)) - jetty-9.3.24.v20180605, build timestamp: 2018-06-05T17:11:56Z, git hash: 84205aa28f11a4f31f2a3b86d1bba2cc8ab69827
2019-06-14 07:39:30,298 INFO  handler.ContextHandler (ContextHandler.java:doStart(781)) - Started o.e.j.s.ServletContextHandler@41f84bb1{/logs,file:///opt/src/hadoop-ozone/integration-test/target/log,AVAILABLE}
2019-06-14 07:39:30,298 INFO  handler.ContextHandler (ContextHandler.java:doStart(781)) - Started o.e.j.s.ServletContextHandler@6527f68a{/static,jar:file:/root/.m2/repository/org/apache/hadoop/hadoop-hdds-container-service/0.5.0-SNAPSHOT/hadoop-hdds-container-service-0.5.0-SNAPSHOT.jar!/webapps/static,AVAILABLE}
2019-06-14 07:39:30,320 INFO  handler.ContextHandler (ContextHandler.java:doStart(781)) - Started o.e.j.w.WebAppContext@101eb529{/,file:///tmp/jetty-0.0.0.0-35741-hddsDatanode-_-any-5789588878451082548.dir/webapp/,AVAILABLE}{/hddsDatanode}
2019-06-14 07:39:30,320 INFO  server.AbstractConnector (AbstractConnector.java:doStart(278)) - Started ServerConnector@6a9b8f33{HTTP/1.1,[http/1.1]}{0.0.0.0:35741}
2019-06-14 07:39:30,322 INFO  server.Server (Server.java:doStart(419)) - Started @101239ms
2019-06-14 07:39:30,323 INFO  server.BaseHttpServer (BaseHttpServer.java:updateConnectorAddress(207)) - HTTP server of HDDSDATANODE is listening at http://0.0.0.0:35741
2019-06-14 07:39:30,369 WARN  server.GrpcLogAppender (LogUtils.java:warn(134)) - 578092ab-b70b-4ebd-aded-cbd888e596c7: Failed appendEntries to 45a18b76-154b-4bb1-adcb-fc939f971433:192.168.134.69:38345: org.apache.ratis.thirdparty.io.grpc.StatusRuntimeException: UNAVAILABLE: io exception
2019-06-14 07:39:30,369 WARN  server.GrpcLogAppender (LogUtils.java:warn(134)) - 578092ab-b70b-4ebd-aded-cbd888e596c7: Failed appendEntries to 9d8be9db-f9cb-434a-8bf3-cbb66516a036:192.168.134.69:39813: org.apache.ratis.thirdparty.io.grpc.StatusRuntimeException: UNAVAILABLE: io exception
2019-06-14 07:39:30,369 INFO  impl.FollowerInfo (FollowerInfo.java:lambda$new$0(50)) - 578092ab-b70b-4ebd-aded-cbd888e596c7->45a18b76-154b-4bb1-adcb-fc939f971433: nextIndex: updateUnconditionally 0 -> 0
2019-06-14 07:39:30,369 INFO  impl.FollowerInfo (FollowerInfo.java:lambda$new$0(50)) - 578092ab-b70b-4ebd-aded-cbd888e596c7->9d8be9db-f9cb-434a-8bf3-cbb66516a036: nextIndex: updateUnconditionally 0 -> 0
2019-06-14 07:39:30,416 INFO  ozone.HddsDatanodeService (HddsDatanodeService.java:startPlugins(396)) - Started plug-in org.apache.hadoop.ozone.web.OzoneHddsDatanodeService@1899c7ae
2019-06-14 07:39:30,416 INFO  impl.MetricsSystemImpl (MetricsSystemImpl.java:init(158)) - HddsDatanode metrics system started (again)
2019-06-14 07:39:30,416 INFO  ozone.HddsDatanodeService (HddsDatanodeService.java:start(185)) - HddsDatanodeService host:ozone-tm9qp-197714850 ip:192.168.134.69
2019-06-14 07:39:30,421 INFO  util.JvmPauseMonitor (JvmPauseMonitor.java:run(188)) - Starting JVM pause monitor
2019-06-14 07:39:30,422 INFO  datanode.InitDatanodeState (InitDatanodeState.java:persistContainerDatanodeDetails(140)) - DatanodeDetails is persisted to /opt/src/hadoop-ozone/integration-test/target/test-dir/MiniOzoneClusterImpl-a27c14c1-682b-4cec-abd9-34db4490df93/datanode-3/meta/datanode.id
2019-06-14 07:39:30,427 INFO  volume.HddsVolume (HddsVolume.java:<init>(176)) - Creating Volume: /opt/src/hadoop-ozone/integration-test/target/test-dir/MiniOzoneClusterImpl-a27c14c1-682b-4cec-abd9-34db4490df93/datanode-4/data/containers/hdds of  storage type : DISK and capacity : 104021790720
2019-06-14 07:39:30,428 INFO  volume.VolumeSet (VolumeSet.java:initializeVolumeSet(170)) - Added Volume : /opt/src/hadoop-ozone/integration-test/target/test-dir/MiniOzoneClusterImpl-a27c14c1-682b-4cec-abd9-34db4490df93/datanode-4/data/containers/hdds to VolumeSet
2019-06-14 07:39:30,428 INFO  volume.ThrottledAsyncChecker (ThrottledAsyncChecker.java:schedule(140)) - Scheduling a check for org.apache.hadoop.ozone.container.common.volume.HddsVolume@3e9e7a70
2019-06-14 07:39:30,428 INFO  volume.HddsVolumeChecker (HddsVolumeChecker.java:checkAllVolumes(203)) - Scheduled health check for volume org.apache.hadoop.ozone.container.common.volume.HddsVolume@3e9e7a70
2019-06-14 07:39:30,435 INFO  ratis.XceiverServerRatis (XceiverServerRatis.java:newXceiverServerRatis(401)) - Found a free port for the server : 40219
2019-06-14 07:39:30,437 INFO  impl.RaftServerProxy (ConfUtils.java:logGet(43)) - raft.rpc.type = GRPC (default)
2019-06-14 07:39:30,437 INFO  grpc.GrpcConfigKeys$Server (ConfUtils.java:logGet(43)) - raft.grpc.server.port = 40219 (custom)
2019-06-14 07:39:30,438 INFO  server.GrpcService (ConfUtils.java:logGet(43)) - raft.grpc.message.size.max = 33570816 (custom)
2019-06-14 07:39:30,438 INFO  server.RaftServerConfigKeys (ConfUtils.java:logGet(43)) - raft.server.log.appender.buffer.byte-limit = 33554432 (custom)
2019-06-14 07:39:30,438 INFO  server.GrpcService (ConfUtils.java:logGet(43)) - raft.grpc.flow.control.window = 1MB (=1048576) (default)
2019-06-14 07:39:30,438 INFO  server.RaftServerConfigKeys (ConfUtils.java:logGet(43)) - raft.server.rpc.request.timeout = 3000ms (default)
2019-06-14 07:39:30,438 INFO  server.RaftServerConfigKeys (ConfUtils.java:logGet(43)) - raft.server.storage.dir = [/opt/src/hadoop-ozone/integration-test/target/test-dir/MiniOzoneClusterImpl-a27c14c1-682b-4cec-abd9-34db4490df93/datanode-4/data/ratis] (custom)
2019-06-14 07:39:30,438 INFO  server.XceiverServerGrpc (XceiverServerGrpc.java:<init>(97)) - Found a free port for the server : 37763
2019-06-14 07:39:30,439 INFO  replication.SimpleContainerDownloader (SimpleContainerDownloader.java:<init>(72)) - Starting container downloader service to copy containers to replicate.
2019-06-14 07:39:30,439 INFO  hdfs.DFSUtil (DFSUtil.java:httpServerTemplateForNNAndJN(1641)) - Starting Web-server for hddsDatanode at: http://0.0.0.0:0
2019-06-14 07:39:30,440 INFO  server.AuthenticationFilter (AuthenticationFilter.java:constructSecretProvider(240)) - Unable to initialize FileSignerSecretProvider, falling back to use random secrets.
2019-06-14 07:39:30,440 WARN  http.HttpRequestLog (HttpRequestLog.java:getRequestLog(97)) - Jetty request log can only be enabled using Log4j
2019-06-14 07:39:30,441 INFO  http.HttpServer2 (HttpServer2.java:addGlobalFilter(975)) - Added global filter 'safety' (class=org.apache.hadoop.http.HttpServer2$QuotingInputFilter)
2019-06-14 07:39:30,441 INFO  http.HttpServer2 (HttpServer2.java:addFilter(948)) - Added filter static_user_filter (class=org.apache.hadoop.http.lib.StaticUserWebFilter$StaticUserFilter) to context hddsDatanode
2019-06-14 07:39:30,442 INFO  http.HttpServer2 (HttpServer2.java:addFilter(958)) - Added filter static_user_filter (class=org.apache.hadoop.http.lib.StaticUserWebFilter$StaticUserFilter) to context static
2019-06-14 07:39:30,442 INFO  http.HttpServer2 (HttpServer2.java:addFilter(958)) - Added filter static_user_filter (class=org.apache.hadoop.http.lib.StaticUserWebFilter$StaticUserFilter) to context logs
2019-06-14 07:39:30,442 INFO  http.HttpServer2 (HttpServer2.java:bindListener(1191)) - Jetty bound to port 38641
2019-06-14 07:39:30,442 INFO  server.Server (Server.java:doStart(351)) - jetty-9.3.24.v20180605, build timestamp: 2018-06-05T17:11:56Z, git hash: 84205aa28f11a4f31f2a3b86d1bba2cc8ab69827
2019-06-14 07:39:30,444 INFO  handler.ContextHandler (ContextHandler.java:doStart(781)) - Started o.e.j.s.ServletContextHandler@7843b65e{/logs,file:///opt/src/hadoop-ozone/integration-test/target/log,AVAILABLE}
2019-06-14 07:39:30,444 INFO  handler.ContextHandler (ContextHandler.java:doStart(781)) - Started o.e.j.s.ServletContextHandler@15b882a0{/static,jar:file:/root/.m2/repository/org/apache/hadoop/hadoop-hdds-container-service/0.5.0-SNAPSHOT/hadoop-hdds-container-service-0.5.0-SNAPSHOT.jar!/webapps/static,AVAILABLE}
2019-06-14 07:39:30,453 WARN  events.EventQueue (EventQueue.java:fireEvent(147)) - Processing of TypedEvent{payloadType=DatanodeDetails, name='Stale_Node'} is skipped, EventQueue is not running
2019-06-14 07:39:30,463 INFO  handler.ContextHandler (ContextHandler.java:doStart(781)) - Started o.e.j.w.WebAppContext@76fdd5f1{/,file:///tmp/jetty-0.0.0.0-38641-hddsDatanode-_-any-2536892676275463789.dir/webapp/,AVAILABLE}{/hddsDatanode}
2019-06-14 07:39:30,464 INFO  server.AbstractConnector (AbstractConnector.java:doStart(278)) - Started ServerConnector@513fb873{HTTP/1.1,[http/1.1]}{0.0.0.0:38641}
2019-06-14 07:39:30,465 INFO  server.Server (Server.java:doStart(419)) - Started @101383ms
2019-06-14 07:39:30,466 INFO  server.BaseHttpServer (BaseHttpServer.java:updateConnectorAddress(207)) - HTTP server of HDDSDATANODE is listening at http://0.0.0.0:38641
2019-06-14 07:39:30,538 INFO  ozone.HddsDatanodeService (HddsDatanodeService.java:startPlugins(396)) - Started plug-in org.apache.hadoop.ozone.web.OzoneHddsDatanodeService@4a234e1f
2019-06-14 07:39:30,539 INFO  impl.MetricsSystemImpl (MetricsSystemImpl.java:init(158)) - HddsDatanode metrics system started (again)
2019-06-14 07:39:30,539 INFO  ozone.HddsDatanodeService (HddsDatanodeService.java:start(185)) - HddsDatanodeService host:ozone-tm9qp-197714850 ip:192.168.134.69
2019-06-14 07:39:30,545 INFO  util.JvmPauseMonitor (JvmPauseMonitor.java:run(188)) - Starting JVM pause monitor
2019-06-14 07:39:30,546 INFO  datanode.InitDatanodeState (InitDatanodeState.java:persistContainerDatanodeDetails(140)) - DatanodeDetails is persisted to /opt/src/hadoop-ozone/integration-test/target/test-dir/MiniOzoneClusterImpl-a27c14c1-682b-4cec-abd9-34db4490df93/datanode-4/meta/datanode.id
2019-06-14 07:39:30,552 INFO  volume.HddsVolume (HddsVolume.java:<init>(176)) - Creating Volume: /opt/src/hadoop-ozone/integration-test/target/test-dir/MiniOzoneClusterImpl-a27c14c1-682b-4cec-abd9-34db4490df93/datanode-5/data/containers/hdds of  storage type : DISK and capacity : 104021790720
2019-06-14 07:39:30,552 INFO  volume.VolumeSet (VolumeSet.java:initializeVolumeSet(170)) - Added Volume : /opt/src/hadoop-ozone/integration-test/target/test-dir/MiniOzoneClusterImpl-a27c14c1-682b-4cec-abd9-34db4490df93/datanode-5/data/containers/hdds to VolumeSet
2019-06-14 07:39:30,552 INFO  volume.ThrottledAsyncChecker (ThrottledAsyncChecker.java:schedule(140)) - Scheduling a check for org.apache.hadoop.ozone.container.common.volume.HddsVolume@48e1e18a
2019-06-14 07:39:30,554 WARN  events.EventQueue (EventQueue.java:fireEvent(147)) - Processing of TypedEvent{payloadType=DatanodeDetails, name='Stale_Node'} is skipped, EventQueue is not running
2019-06-14 07:39:30,554 INFO  volume.HddsVolumeChecker (HddsVolumeChecker.java:checkAllVolumes(203)) - Scheduled health check for volume org.apache.hadoop.ozone.container.common.volume.HddsVolume@48e1e18a
2019-06-14 07:39:30,565 INFO  ratis.XceiverServerRatis (XceiverServerRatis.java:newXceiverServerRatis(401)) - Found a free port for the server : 41899
2019-06-14 07:39:30,567 INFO  impl.RaftServerProxy (ConfUtils.java:logGet(43)) - raft.rpc.type = GRPC (default)
2019-06-14 07:39:30,567 INFO  grpc.GrpcConfigKeys$Server (ConfUtils.java:logGet(43)) - raft.grpc.server.port = 41899 (custom)
2019-06-14 07:39:30,567 INFO  server.GrpcService (ConfUtils.java:logGet(43)) - raft.grpc.message.size.max = 33570816 (custom)
2019-06-14 07:39:30,568 INFO  server.RaftServerConfigKeys (ConfUtils.java:logGet(43)) - raft.server.log.appender.buffer.byte-limit = 33554432 (custom)
2019-06-14 07:39:30,568 INFO  server.GrpcService (ConfUtils.java:logGet(43)) - raft.grpc.flow.control.window = 1MB (=1048576) (default)
2019-06-14 07:39:30,568 INFO  server.RaftServerConfigKeys (ConfUtils.java:logGet(43)) - raft.server.rpc.request.timeout = 3000ms (default)
2019-06-14 07:39:30,568 INFO  server.RaftServerConfigKeys (ConfUtils.java:logGet(43)) - raft.server.storage.dir = [/opt/src/hadoop-ozone/integration-test/target/test-dir/MiniOzoneClusterImpl-a27c14c1-682b-4cec-abd9-34db4490df93/datanode-5/data/ratis] (custom)
2019-06-14 07:39:30,569 INFO  server.XceiverServerGrpc (XceiverServerGrpc.java:<init>(97)) - Found a free port for the server : 41937
2019-06-14 07:39:30,569 INFO  replication.SimpleContainerDownloader (SimpleContainerDownloader.java:<init>(72)) - Starting container downloader service to copy containers to replicate.
2019-06-14 07:39:30,570 INFO  hdfs.DFSUtil (DFSUtil.java:httpServerTemplateForNNAndJN(1641)) - Starting Web-server for hddsDatanode at: http://0.0.0.0:0
2019-06-14 07:39:30,571 INFO  server.AuthenticationFilter (AuthenticationFilter.java:constructSecretProvider(240)) - Unable to initialize FileSignerSecretProvider, falling back to use random secrets.
2019-06-14 07:39:30,571 WARN  http.HttpRequestLog (HttpRequestLog.java:getRequestLog(97)) - Jetty request log can only be enabled using Log4j
2019-06-14 07:39:30,573 INFO  http.HttpServer2 (HttpServer2.java:addGlobalFilter(975)) - Added global filter 'safety' (class=org.apache.hadoop.http.HttpServer2$QuotingInputFilter)
2019-06-14 07:39:30,573 INFO  http.HttpServer2 (HttpServer2.java:addFilter(948)) - Added filter static_user_filter (class=org.apache.hadoop.http.lib.StaticUserWebFilter$StaticUserFilter) to context hddsDatanode
2019-06-14 07:39:30,573 INFO  http.HttpServer2 (HttpServer2.java:addFilter(958)) - Added filter static_user_filter (class=org.apache.hadoop.http.lib.StaticUserWebFilter$StaticUserFilter) to context logs
2019-06-14 07:39:30,573 INFO  http.HttpServer2 (HttpServer2.java:addFilter(958)) - Added filter static_user_filter (class=org.apache.hadoop.http.lib.StaticUserWebFilter$StaticUserFilter) to context static
2019-06-14 07:39:30,574 INFO  http.HttpServer2 (HttpServer2.java:bindListener(1191)) - Jetty bound to port 33091
2019-06-14 07:39:30,574 INFO  server.Server (Server.java:doStart(351)) - jetty-9.3.24.v20180605, build timestamp: 2018-06-05T17:11:56Z, git hash: 84205aa28f11a4f31f2a3b86d1bba2cc8ab69827
2019-06-14 07:39:30,575 INFO  handler.ContextHandler (ContextHandler.java:doStart(781)) - Started o.e.j.s.ServletContextHandler@11b234aa{/logs,file:///opt/src/hadoop-ozone/integration-test/target/log,AVAILABLE}
2019-06-14 07:39:30,575 INFO  handler.ContextHandler (ContextHandler.java:doStart(781)) - Started o.e.j.s.ServletContextHandler@cfb462{/static,jar:file:/root/.m2/repository/org/apache/hadoop/hadoop-hdds-container-service/0.5.0-SNAPSHOT/hadoop-hdds-container-service-0.5.0-SNAPSHOT.jar!/webapps/static,AVAILABLE}
2019-06-14 07:39:30,602 INFO  handler.ContextHandler (ContextHandler.java:doStart(781)) - Started o.e.j.w.WebAppContext@345f4e0d{/,file:///tmp/jetty-0.0.0.0-33091-hddsDatanode-_-any-5786481936501293029.dir/webapp/,AVAILABLE}{/hddsDatanode}
2019-06-14 07:39:30,603 INFO  server.AbstractConnector (AbstractConnector.java:doStart(278)) - Started ServerConnector@1c3eeda4{HTTP/1.1,[http/1.1]}{0.0.0.0:33091}
2019-06-14 07:39:30,605 INFO  server.Server (Server.java:doStart(419)) - Started @101523ms
2019-06-14 07:39:30,606 INFO  server.BaseHttpServer (BaseHttpServer.java:updateConnectorAddress(207)) - HTTP server of HDDSDATANODE is listening at http://0.0.0.0:33091
2019-06-14 07:39:30,684 INFO  ozone.HddsDatanodeService (HddsDatanodeService.java:startPlugins(396)) - Started plug-in org.apache.hadoop.ozone.web.OzoneHddsDatanodeService@59456e1
2019-06-14 07:39:30,684 INFO  impl.MetricsSystemImpl (MetricsSystemImpl.java:init(158)) - HddsDatanode metrics system started (again)
2019-06-14 07:39:30,684 INFO  ozone.HddsDatanodeService (HddsDatanodeService.java:start(185)) - HddsDatanodeService host:ozone-tm9qp-197714850 ip:192.168.134.69
2019-06-14 07:39:30,685 INFO  util.JvmPauseMonitor (JvmPauseMonitor.java:run(188)) - Starting JVM pause monitor
2019-06-14 07:39:30,686 INFO  datanode.InitDatanodeState (InitDatanodeState.java:persistContainerDatanodeDetails(140)) - DatanodeDetails is persisted to /opt/src/hadoop-ozone/integration-test/target/test-dir/MiniOzoneClusterImpl-a27c14c1-682b-4cec-abd9-34db4490df93/datanode-5/meta/datanode.id
2019-06-14 07:39:30,691 INFO  volume.HddsVolume (HddsVolume.java:<init>(176)) - Creating Volume: /opt/src/hadoop-ozone/integration-test/target/test-dir/MiniOzoneClusterImpl-a27c14c1-682b-4cec-abd9-34db4490df93/datanode-6/data/containers/hdds of  storage type : DISK and capacity : 104021790720
2019-06-14 07:39:30,691 INFO  volume.VolumeSet (VolumeSet.java:initializeVolumeSet(170)) - Added Volume : /opt/src/hadoop-ozone/integration-test/target/test-dir/MiniOzoneClusterImpl-a27c14c1-682b-4cec-abd9-34db4490df93/datanode-6/data/containers/hdds to VolumeSet
2019-06-14 07:39:30,692 INFO  volume.ThrottledAsyncChecker (ThrottledAsyncChecker.java:schedule(140)) - Scheduling a check for org.apache.hadoop.ozone.container.common.volume.HddsVolume@539570b8
2019-06-14 07:39:30,692 INFO  volume.HddsVolumeChecker (HddsVolumeChecker.java:checkAllVolumes(203)) - Scheduled health check for volume org.apache.hadoop.ozone.container.common.volume.HddsVolume@539570b8
2019-06-14 07:39:30,741 INFO  ratis.XceiverServerRatis (XceiverServerRatis.java:newXceiverServerRatis(401)) - Found a free port for the server : 39307
2019-06-14 07:39:30,743 INFO  impl.RaftServerProxy (ConfUtils.java:logGet(43)) - raft.rpc.type = GRPC (default)
2019-06-14 07:39:30,744 INFO  grpc.GrpcConfigKeys$Server (ConfUtils.java:logGet(43)) - raft.grpc.server.port = 39307 (custom)
2019-06-14 07:39:30,744 INFO  server.GrpcService (ConfUtils.java:logGet(43)) - raft.grpc.message.size.max = 33570816 (custom)
2019-06-14 07:39:30,744 INFO  server.RaftServerConfigKeys (ConfUtils.java:logGet(43)) - raft.server.log.appender.buffer.byte-limit = 33554432 (custom)
2019-06-14 07:39:30,744 INFO  server.GrpcService (ConfUtils.java:logGet(43)) - raft.grpc.flow.control.window = 1MB (=1048576) (default)
2019-06-14 07:39:30,744 INFO  server.RaftServerConfigKeys (ConfUtils.java:logGet(43)) - raft.server.rpc.request.timeout = 3000ms (default)
2019-06-14 07:39:30,744 INFO  server.RaftServerConfigKeys (ConfUtils.java:logGet(43)) - raft.server.storage.dir = [/opt/src/hadoop-ozone/integration-test/target/test-dir/MiniOzoneClusterImpl-a27c14c1-682b-4cec-abd9-34db4490df93/datanode-6/data/ratis] (custom)
2019-06-14 07:39:30,745 INFO  server.XceiverServerGrpc (XceiverServerGrpc.java:<init>(97)) - Found a free port for the server : 40095
2019-06-14 07:39:30,745 INFO  replication.SimpleContainerDownloader (SimpleContainerDownloader.java:<init>(72)) - Starting container downloader service to copy containers to replicate.
2019-06-14 07:39:30,745 INFO  hdfs.DFSUtil (DFSUtil.java:httpServerTemplateForNNAndJN(1641)) - Starting Web-server for hddsDatanode at: http://0.0.0.0:0
2019-06-14 07:39:30,746 INFO  server.AuthenticationFilter (AuthenticationFilter.java:constructSecretProvider(240)) - Unable to initialize FileSignerSecretProvider, falling back to use random secrets.
2019-06-14 07:39:30,747 WARN  http.HttpRequestLog (HttpRequestLog.java:getRequestLog(97)) - Jetty request log can only be enabled using Log4j
2019-06-14 07:39:30,748 INFO  http.HttpServer2 (HttpServer2.java:addGlobalFilter(975)) - Added global filter 'safety' (class=org.apache.hadoop.http.HttpServer2$QuotingInputFilter)
2019-06-14 07:39:30,748 INFO  http.HttpServer2 (HttpServer2.java:addFilter(948)) - Added filter static_user_filter (class=org.apache.hadoop.http.lib.StaticUserWebFilter$StaticUserFilter) to context hddsDatanode
2019-06-14 07:39:30,748 INFO  http.HttpServer2 (HttpServer2.java:addFilter(958)) - Added filter static_user_filter (class=org.apache.hadoop.http.lib.StaticUserWebFilter$StaticUserFilter) to context static
2019-06-14 07:39:30,748 INFO  http.HttpServer2 (HttpServer2.java:addFilter(958)) - Added filter static_user_filter (class=org.apache.hadoop.http.lib.StaticUserWebFilter$StaticUserFilter) to context logs
2019-06-14 07:39:30,748 INFO  http.HttpServer2 (HttpServer2.java:bindListener(1191)) - Jetty bound to port 46069
2019-06-14 07:39:30,749 INFO  server.Server (Server.java:doStart(351)) - jetty-9.3.24.v20180605, build timestamp: 2018-06-05T17:11:56Z, git hash: 84205aa28f11a4f31f2a3b86d1bba2cc8ab69827
2019-06-14 07:39:30,749 INFO  handler.ContextHandler (ContextHandler.java:doStart(781)) - Started o.e.j.s.ServletContextHandler@1ced1fb9{/logs,file:///opt/src/hadoop-ozone/integration-test/target/log,AVAILABLE}
2019-06-14 07:39:30,750 INFO  handler.ContextHandler (ContextHandler.java:doStart(781)) - Started o.e.j.s.ServletContextHandler@4d2bcca8{/static,jar:file:/root/.m2/repository/org/apache/hadoop/hadoop-hdds-container-service/0.5.0-SNAPSHOT/hadoop-hdds-container-service-0.5.0-SNAPSHOT.jar!/webapps/static,AVAILABLE}
2019-06-14 07:39:30,754 WARN  events.EventQueue (EventQueue.java:fireEvent(147)) - Processing of TypedEvent{payloadType=DatanodeDetails, name='Stale_Node'} is skipped, EventQueue is not running
2019-06-14 07:39:30,769 INFO  handler.ContextHandler (ContextHandler.java:doStart(781)) - Started o.e.j.w.WebAppContext@509bf2d5{/,file:///tmp/jetty-0.0.0.0-46069-hddsDatanode-_-any-6364359291520372481.dir/webapp/,AVAILABLE}{/hddsDatanode}
2019-06-14 07:39:30,769 INFO  server.AbstractConnector (AbstractConnector.java:doStart(278)) - Started ServerConnector@68823b6b{HTTP/1.1,[http/1.1]}{0.0.0.0:46069}
2019-06-14 07:39:30,771 INFO  server.Server (Server.java:doStart(419)) - Started @101688ms
2019-06-14 07:39:30,771 INFO  server.BaseHttpServer (BaseHttpServer.java:updateConnectorAddress(207)) - HTTP server of HDDSDATANODE is listening at http://0.0.0.0:46069
2019-06-14 07:39:30,849 INFO  ozone.HddsDatanodeService (HddsDatanodeService.java:startPlugins(396)) - Started plug-in org.apache.hadoop.ozone.web.OzoneHddsDatanodeService@5a513627
2019-06-14 07:39:30,849 INFO  ozone.MiniOzoneClusterImpl (MiniOzoneClusterImpl.java:lambda$waitForClusterToBeReady$0(142)) - Waiting for cluster to be ready. Got 0 of 7 DN Heartbeats.
2019-06-14 07:39:30,850 INFO  util.JvmPauseMonitor (JvmPauseMonitor.java:run(188)) - Starting JVM pause monitor
2019-06-14 07:39:30,850 INFO  datanode.InitDatanodeState (InitDatanodeState.java:persistContainerDatanodeDetails(140)) - DatanodeDetails is persisted to /opt/src/hadoop-ozone/integration-test/target/test-dir/MiniOzoneClusterImpl-a27c14c1-682b-4cec-abd9-34db4490df93/datanode-6/meta/datanode.id
2019-06-14 07:39:30,869 WARN  server.GrpcLogAppender (LogUtils.java:warn(134)) - 578092ab-b70b-4ebd-aded-cbd888e596c7: Failed appendEntries to 9d8be9db-f9cb-434a-8bf3-cbb66516a036:192.168.134.69:39813: org.apache.ratis.thirdparty.io.grpc.StatusRuntimeException: UNAVAILABLE: io exception
2019-06-14 07:39:30,869 INFO  impl.FollowerInfo (FollowerInfo.java:lambda$new$0(50)) - 578092ab-b70b-4ebd-aded-cbd888e596c7->9d8be9db-f9cb-434a-8bf3-cbb66516a036: nextIndex: updateUnconditionally 0 -> 0
2019-06-14 07:39:30,869 WARN  server.GrpcLogAppender (LogUtils.java:warn(134)) - 578092ab-b70b-4ebd-aded-cbd888e596c7: Failed appendEntries to 45a18b76-154b-4bb1-adcb-fc939f971433:192.168.134.69:38345: org.apache.ratis.thirdparty.io.grpc.StatusRuntimeException: UNAVAILABLE: io exception
2019-06-14 07:39:30,870 INFO  impl.FollowerInfo (FollowerInfo.java:lambda$new$0(50)) - 578092ab-b70b-4ebd-aded-cbd888e596c7->45a18b76-154b-4bb1-adcb-fc939f971433: nextIndex: updateUnconditionally 0 -> 0
2019-06-14 07:39:30,954 WARN  events.EventQueue (EventQueue.java:fireEvent(147)) - Processing of TypedEvent{payloadType=DatanodeDetails, name='Stale_Node'} is skipped, EventQueue is not running
2019-06-14 07:39:31,369 WARN  server.GrpcLogAppender (LogUtils.java:warn(134)) - 578092ab-b70b-4ebd-aded-cbd888e596c7: Failed appendEntries to 9d8be9db-f9cb-434a-8bf3-cbb66516a036:192.168.134.69:39813: org.apache.ratis.thirdparty.io.grpc.StatusRuntimeException: UNAVAILABLE: io exception
2019-06-14 07:39:31,370 INFO  impl.FollowerInfo (FollowerInfo.java:lambda$new$0(50)) - 578092ab-b70b-4ebd-aded-cbd888e596c7->9d8be9db-f9cb-434a-8bf3-cbb66516a036: nextIndex: updateUnconditionally 0 -> 0
2019-06-14 07:39:31,370 WARN  server.GrpcLogAppender (LogUtils.java:warn(134)) - 578092ab-b70b-4ebd-aded-cbd888e596c7: Failed appendEntries to 45a18b76-154b-4bb1-adcb-fc939f971433:192.168.134.69:38345: org.apache.ratis.thirdparty.io.grpc.StatusRuntimeException: UNAVAILABLE: io exception
2019-06-14 07:39:31,370 INFO  impl.FollowerInfo (FollowerInfo.java:lambda$new$0(50)) - 578092ab-b70b-4ebd-aded-cbd888e596c7->45a18b76-154b-4bb1-adcb-fc939f971433: nextIndex: updateUnconditionally 0 -> 0
2019-06-14 07:39:31,849 INFO  ozone.MiniOzoneClusterImpl (MiniOzoneClusterImpl.java:lambda$waitForClusterToBeReady$0(142)) - Waiting for cluster to be ready. Got 0 of 7 DN Heartbeats.
2019-06-14 07:39:31,870 WARN  server.GrpcLogAppender (LogUtils.java:warn(134)) - 578092ab-b70b-4ebd-aded-cbd888e596c7: Failed appendEntries to 9d8be9db-f9cb-434a-8bf3-cbb66516a036:192.168.134.69:39813: org.apache.ratis.thirdparty.io.grpc.StatusRuntimeException: UNAVAILABLE: io exception
2019-06-14 07:39:31,870 WARN  server.GrpcLogAppender (LogUtils.java:warn(134)) - 578092ab-b70b-4ebd-aded-cbd888e596c7: Failed appendEntries to 45a18b76-154b-4bb1-adcb-fc939f971433:192.168.134.69:38345: org.apache.ratis.thirdparty.io.grpc.StatusRuntimeException: UNAVAILABLE: io exception
2019-06-14 07:39:31,870 INFO  impl.FollowerInfo (FollowerInfo.java:lambda$new$0(50)) - 578092ab-b70b-4ebd-aded-cbd888e596c7->9d8be9db-f9cb-434a-8bf3-cbb66516a036: nextIndex: updateUnconditionally 0 -> 0
2019-06-14 07:39:31,870 INFO  impl.FollowerInfo (FollowerInfo.java:lambda$new$0(50)) - 578092ab-b70b-4ebd-aded-cbd888e596c7->45a18b76-154b-4bb1-adcb-fc939f971433: nextIndex: updateUnconditionally 0 -> 0
2019-06-14 07:39:31,933 INFO  ozoneimpl.OzoneContainer (OzoneContainer.java:start(186)) - Attempting to start container services.
2019-06-14 07:39:31,933 INFO  ozoneimpl.OzoneContainer (OzoneContainer.java:startContainerScrub(160)) - Background container scrubber has been disabled by hdds.containerscrub.enabled
2019-06-14 07:39:31,933 INFO  ratis.XceiverServerRatis (XceiverServerRatis.java:start(418)) - Starting XceiverServerRatis 902dd3bd-fbe7-4201-8829-336551627606 at port 41037
2019-06-14 07:39:31,936 INFO  impl.RaftServerProxy (RaftServerProxy.java:lambda$start$3(299)) - 902dd3bd-fbe7-4201-8829-336551627606: start RPC server
2019-06-14 07:39:31,937 INFO  server.GrpcService (GrpcService.java:startImpl(148)) - 902dd3bd-fbe7-4201-8829-336551627606: GrpcService started, listening on 0.0.0.0/0.0.0.0:41037
2019-06-14 07:39:31,955 WARN  events.EventQueue (EventQueue.java:fireEvent(147)) - Processing of TypedEvent{payloadType=DatanodeDetails, name='Stale_Node'} is skipped, EventQueue is not running
2019-06-14 07:39:31,956 WARN  events.EventQueue (EventQueue.java:fireEvent(147)) - Processing of TypedEvent{payloadType=DatanodeDetails, name='Stale_Node'} is skipped, EventQueue is not running
2019-06-14 07:39:32,056 WARN  events.EventQueue (EventQueue.java:fireEvent(147)) - Processing of TypedEvent{payloadType=DatanodeDetails, name='Stale_Node'} is skipped, EventQueue is not running
2019-06-14 07:39:32,069 INFO  ozoneimpl.OzoneContainer (OzoneContainer.java:start(186)) - Attempting to start container services.
2019-06-14 07:39:32,069 INFO  ozoneimpl.OzoneContainer (OzoneContainer.java:startContainerScrub(160)) - Background container scrubber has been disabled by hdds.containerscrub.enabled
2019-06-14 07:39:32,069 INFO  ratis.XceiverServerRatis (XceiverServerRatis.java:start(418)) - Starting XceiverServerRatis 6d3b831f-8970-4c3a-84e0-257894478649 at port 40863
2019-06-14 07:39:32,072 INFO  impl.RaftServerProxy (RaftServerProxy.java:lambda$start$3(299)) - 6d3b831f-8970-4c3a-84e0-257894478649: start RPC server
2019-06-14 07:39:32,073 INFO  server.GrpcService (GrpcService.java:startImpl(148)) - 6d3b831f-8970-4c3a-84e0-257894478649: GrpcService started, listening on 0.0.0.0/0.0.0.0:40863
2019-06-14 07:39:32,278 INFO  ozoneimpl.OzoneContainer (OzoneContainer.java:start(186)) - Attempting to start container services.
2019-06-14 07:39:32,278 INFO  ozoneimpl.OzoneContainer (OzoneContainer.java:startContainerScrub(160)) - Background container scrubber has been disabled by hdds.containerscrub.enabled
2019-06-14 07:39:32,278 INFO  ratis.XceiverServerRatis (XceiverServerRatis.java:start(418)) - Starting XceiverServerRatis 22e46568-4fda-4945-b1b9-d2eef8972df7 at port 41973
2019-06-14 07:39:32,281 INFO  impl.RaftServerProxy (RaftServerProxy.java:lambda$start$3(299)) - 22e46568-4fda-4945-b1b9-d2eef8972df7: start RPC server
2019-06-14 07:39:32,281 INFO  server.GrpcService (GrpcService.java:startImpl(148)) - 22e46568-4fda-4945-b1b9-d2eef8972df7: GrpcService started, listening on 0.0.0.0/0.0.0.0:41973
2019-06-14 07:39:32,370 WARN  server.GrpcLogAppender (LogUtils.java:warn(134)) - 578092ab-b70b-4ebd-aded-cbd888e596c7: Failed appendEntries to 9d8be9db-f9cb-434a-8bf3-cbb66516a036:192.168.134.69:39813: org.apache.ratis.thirdparty.io.grpc.StatusRuntimeException: UNAVAILABLE: io exception
2019-06-14 07:39:32,370 WARN  server.GrpcLogAppender (LogUtils.java:warn(134)) - 578092ab-b70b-4ebd-aded-cbd888e596c7: Failed appendEntries to 45a18b76-154b-4bb1-adcb-fc939f971433:192.168.134.69:38345: org.apache.ratis.thirdparty.io.grpc.StatusRuntimeException: UNAVAILABLE: io exception
2019-06-14 07:39:32,370 INFO  impl.FollowerInfo (FollowerInfo.java:lambda$new$0(50)) - 578092ab-b70b-4ebd-aded-cbd888e596c7->9d8be9db-f9cb-434a-8bf3-cbb66516a036: nextIndex: updateUnconditionally 0 -> 0
2019-06-14 07:39:32,371 INFO  impl.FollowerInfo (FollowerInfo.java:lambda$new$0(50)) - 578092ab-b70b-4ebd-aded-cbd888e596c7->45a18b76-154b-4bb1-adcb-fc939f971433: nextIndex: updateUnconditionally 0 -> 0
2019-06-14 07:39:32,425 INFO  ozoneimpl.OzoneContainer (OzoneContainer.java:start(186)) - Attempting to start container services.
2019-06-14 07:39:32,425 INFO  ozoneimpl.OzoneContainer (OzoneContainer.java:startContainerScrub(160)) - Background container scrubber has been disabled by hdds.containerscrub.enabled
2019-06-14 07:39:32,425 INFO  ratis.XceiverServerRatis (XceiverServerRatis.java:start(418)) - Starting XceiverServerRatis 837be8a4-d5fd-444e-bd4d-ade02a35d707 at port 37713
2019-06-14 07:39:32,429 INFO  impl.RaftServerProxy (RaftServerProxy.java:lambda$start$3(299)) - 837be8a4-d5fd-444e-bd4d-ade02a35d707: start RPC server
2019-06-14 07:39:32,429 INFO  server.GrpcService (GrpcService.java:startImpl(148)) - 837be8a4-d5fd-444e-bd4d-ade02a35d707: GrpcService started, listening on 0.0.0.0/0.0.0.0:37713
2019-06-14 07:39:32,547 INFO  ozoneimpl.OzoneContainer (OzoneContainer.java:start(186)) - Attempting to start container services.
2019-06-14 07:39:32,547 INFO  ozoneimpl.OzoneContainer (OzoneContainer.java:startContainerScrub(160)) - Background container scrubber has been disabled by hdds.containerscrub.enabled
2019-06-14 07:39:32,547 INFO  ratis.XceiverServerRatis (XceiverServerRatis.java:start(418)) - Starting XceiverServerRatis 43d43680-0de6-4d78-ad3e-02d8dd48e337 at port 40219
2019-06-14 07:39:32,550 INFO  impl.RaftServerProxy (RaftServerProxy.java:lambda$start$3(299)) - 43d43680-0de6-4d78-ad3e-02d8dd48e337: start RPC server
2019-06-14 07:39:32,551 INFO  server.GrpcService (GrpcService.java:startImpl(148)) - 43d43680-0de6-4d78-ad3e-02d8dd48e337: GrpcService started, listening on 0.0.0.0/0.0.0.0:40219
2019-06-14 07:39:32,688 INFO  ozoneimpl.OzoneContainer (OzoneContainer.java:start(186)) - Attempting to start container services.
2019-06-14 07:39:32,688 INFO  ozoneimpl.OzoneContainer (OzoneContainer.java:startContainerScrub(160)) - Background container scrubber has been disabled by hdds.containerscrub.enabled
2019-06-14 07:39:32,688 INFO  ratis.XceiverServerRatis (XceiverServerRatis.java:start(418)) - Starting XceiverServerRatis c0f3488a-cd12-4adc-adfb-b0849b4c8847 at port 41899
2019-06-14 07:39:32,718 INFO  impl.RaftServerProxy (RaftServerProxy.java:lambda$start$3(299)) - c0f3488a-cd12-4adc-adfb-b0849b4c8847: start RPC server
2019-06-14 07:39:32,719 INFO  server.GrpcService (GrpcService.java:startImpl(148)) - c0f3488a-cd12-4adc-adfb-b0849b4c8847: GrpcService started, listening on 0.0.0.0/0.0.0.0:41899
2019-06-14 07:39:32,849 INFO  ozone.MiniOzoneClusterImpl (MiniOzoneClusterImpl.java:lambda$waitForClusterToBeReady$0(142)) - Waiting for cluster to be ready. Got 0 of 7 DN Heartbeats.
2019-06-14 07:39:32,852 INFO  ozoneimpl.OzoneContainer (OzoneContainer.java:start(186)) - Attempting to start container services.
2019-06-14 07:39:32,853 INFO  ozoneimpl.OzoneContainer (OzoneContainer.java:startContainerScrub(160)) - Background container scrubber has been disabled by hdds.containerscrub.enabled
2019-06-14 07:39:32,853 INFO  ratis.XceiverServerRatis (XceiverServerRatis.java:start(418)) - Starting XceiverServerRatis 018815b6-cd09-4598-9c07-f4b4fdcf9d15 at port 39307
2019-06-14 07:39:32,871 WARN  server.GrpcLogAppender (LogUtils.java:warn(134)) - 578092ab-b70b-4ebd-aded-cbd888e596c7: Failed appendEntries to 9d8be9db-f9cb-434a-8bf3-cbb66516a036:192.168.134.69:39813: org.apache.ratis.thirdparty.io.grpc.StatusRuntimeException: UNAVAILABLE: io exception
2019-06-14 07:39:32,871 INFO  impl.FollowerInfo (FollowerInfo.java:lambda$new$0(50)) - 578092ab-b70b-4ebd-aded-cbd888e596c7->9d8be9db-f9cb-434a-8bf3-cbb66516a036: nextIndex: updateUnconditionally 0 -> 0
2019-06-14 07:39:32,871 WARN  server.GrpcLogAppender (LogUtils.java:warn(134)) - 578092ab-b70b-4ebd-aded-cbd888e596c7: Failed appendEntries to 45a18b76-154b-4bb1-adcb-fc939f971433:192.168.134.69:38345: org.apache.ratis.thirdparty.io.grpc.StatusRuntimeException: UNAVAILABLE: io exception
2019-06-14 07:39:32,871 INFO  impl.FollowerInfo (FollowerInfo.java:lambda$new$0(50)) - 578092ab-b70b-4ebd-aded-cbd888e596c7->45a18b76-154b-4bb1-adcb-fc939f971433: nextIndex: updateUnconditionally 0 -> 0
2019-06-14 07:39:32,883 INFO  impl.RaftServerProxy (RaftServerProxy.java:lambda$start$3(299)) - 018815b6-cd09-4598-9c07-f4b4fdcf9d15: start RPC server
2019-06-14 07:39:32,883 INFO  server.GrpcService (GrpcService.java:startImpl(148)) - 018815b6-cd09-4598-9c07-f4b4fdcf9d15: GrpcService started, listening on 0.0.0.0/0.0.0.0:39307
2019-06-14 07:39:33,371 WARN  server.GrpcLogAppender (LogUtils.java:warn(134)) - 578092ab-b70b-4ebd-aded-cbd888e596c7: Failed appendEntries to 9d8be9db-f9cb-434a-8bf3-cbb66516a036:192.168.134.69:39813: org.apache.ratis.thirdparty.io.grpc.StatusRuntimeException: UNAVAILABLE: io exception
2019-06-14 07:39:33,371 INFO  impl.FollowerInfo (FollowerInfo.java:lambda$new$0(50)) - 578092ab-b70b-4ebd-aded-cbd888e596c7->9d8be9db-f9cb-434a-8bf3-cbb66516a036: nextIndex: updateUnconditionally 0 -> 0
2019-06-14 07:39:33,372 WARN  server.GrpcLogAppender (LogUtils.java:warn(134)) - 578092ab-b70b-4ebd-aded-cbd888e596c7: Failed appendEntries to 45a18b76-154b-4bb1-adcb-fc939f971433:192.168.134.69:38345: org.apache.ratis.thirdparty.io.grpc.StatusRuntimeException: UNAVAILABLE: io exception
2019-06-14 07:39:33,372 INFO  impl.FollowerInfo (FollowerInfo.java:lambda$new$0(50)) - 578092ab-b70b-4ebd-aded-cbd888e596c7->45a18b76-154b-4bb1-adcb-fc939f971433: nextIndex: updateUnconditionally 0 -> 0
2019-06-14 07:39:33,850 INFO  ozone.MiniOzoneClusterImpl (MiniOzoneClusterImpl.java:lambda$waitForClusterToBeReady$0(142)) - Waiting for cluster to be ready. Got 0 of 7 DN Heartbeats.
2019-06-14 07:39:33,872 WARN  server.GrpcLogAppender (LogUtils.java:warn(134)) - 578092ab-b70b-4ebd-aded-cbd888e596c7: Failed appendEntries to 45a18b76-154b-4bb1-adcb-fc939f971433:192.168.134.69:38345: org.apache.ratis.thirdparty.io.grpc.StatusRuntimeException: UNAVAILABLE: io exception
2019-06-14 07:39:33,872 WARN  server.GrpcLogAppender (LogUtils.java:warn(134)) - 578092ab-b70b-4ebd-aded-cbd888e596c7: Failed appendEntries to 9d8be9db-f9cb-434a-8bf3-cbb66516a036:192.168.134.69:39813: org.apache.ratis.thirdparty.io.grpc.StatusRuntimeException: UNAVAILABLE: io exception
2019-06-14 07:39:33,872 INFO  impl.FollowerInfo (FollowerInfo.java:lambda$new$0(50)) - 578092ab-b70b-4ebd-aded-cbd888e596c7->45a18b76-154b-4bb1-adcb-fc939f971433: nextIndex: updateUnconditionally 0 -> 0
2019-06-14 07:39:33,872 INFO  impl.FollowerInfo (FollowerInfo.java:lambda$new$0(50)) - 578092ab-b70b-4ebd-aded-cbd888e596c7->9d8be9db-f9cb-434a-8bf3-cbb66516a036: nextIndex: updateUnconditionally 0 -> 0
2019-06-14 07:39:33,926 INFO  node.SCMNodeManager (SCMNodeManager.java:register(234)) - Registered Data node : 902dd3bd-fbe7-4201-8829-336551627606{ip: 192.168.134.69, host: ozone-tm9qp-197714850, networkLocation: /default-rack, certSerialId: null}
2019-06-14 07:39:33,929 INFO  safemode.SCMSafeModeManager (DataNodeSafeModeRule.java:process(71)) - SCM in safe mode. 1 DataNodes registered, 1 required.
2019-06-14 07:39:33,931 INFO  safemode.SCMSafeModeManager (SCMSafeModeManager.java:validateSafeModeExitRules(177)) - ScmSafeModeManager, all rules are successfully validated
2019-06-14 07:39:33,931 INFO  safemode.SCMSafeModeManager (SCMSafeModeManager.java:exitSafeMode(193)) - SCM exiting safe mode.
2019-06-14 07:39:33,936 INFO  impl.RaftServerProxy (RaftServerProxy.java:addNew(89)) - 902dd3bd-fbe7-4201-8829-336551627606: addNew group-0D032340A2DB:[902dd3bd-fbe7-4201-8829-336551627606:192.168.134.69:41037] returns group-0D032340A2DB:java.util.concurrent.CompletableFuture@4714bb06[Not completed]
2019-06-14 07:39:33,936 INFO  impl.RaftServerImpl (RaftServerImpl.java:<init>(91)) - 902dd3bd-fbe7-4201-8829-336551627606: new RaftServerImpl for group-0D032340A2DB:[902dd3bd-fbe7-4201-8829-336551627606:192.168.134.69:41037] with ContainerStateMachine:uninitialized
2019-06-14 07:39:33,936 INFO  server.RaftServerConfigKeys (ConfUtils.java:logGet(43)) - raft.server.rpc.timeout.min = 1s (custom)
2019-06-14 07:39:33,937 INFO  server.RaftServerConfigKeys (ConfUtils.java:logGet(43)) - raft.server.rpc.timeout.max = 1200ms (custom)
2019-06-14 07:39:33,937 INFO  server.RaftServerConfigKeys (ConfUtils.java:logGet(43)) - raft.server.rpcslowness.timeout = 120s (custom)
2019-06-14 07:39:33,937 INFO  server.RaftServerConfigKeys (ConfUtils.java:logGet(43)) - raft.server.log.appender.install.snapshot.enabled = true (default)
2019-06-14 07:39:33,937 INFO  impl.RaftServerImpl (ServerState.java:<init>(101)) - 902dd3bd-fbe7-4201-8829-336551627606:group-0D032340A2DB ConfigurationManager, init=-1: [902dd3bd-fbe7-4201-8829-336551627606:192.168.134.69:41037], old=null, confs=<EMPTY_MAP>
2019-06-14 07:39:33,937 INFO  server.RaftServerConfigKeys (ConfUtils.java:logGet(43)) - raft.server.storage.dir = [/opt/src/hadoop-ozone/integration-test/target/test-dir/MiniOzoneClusterImpl-a27c14c1-682b-4cec-abd9-34db4490df93/datanode-0/data/ratis] (custom)
2019-06-14 07:39:33,937 INFO  storage.RaftStorageDirectory (RaftStorageDirectory.java:analyzeStorage(246)) - The storage directory /opt/src/hadoop-ozone/integration-test/target/test-dir/MiniOzoneClusterImpl-a27c14c1-682b-4cec-abd9-34db4490df93/datanode-0/data/ratis/e1a6a92e-861d-4d01-9204-0d032340a2db does not exist. Creating ...
2019-06-14 07:39:33,939 INFO  storage.RaftStorageDirectory (RaftStorageDirectory.java:tryLock(328)) - Lock on /opt/src/hadoop-ozone/integration-test/target/test-dir/MiniOzoneClusterImpl-a27c14c1-682b-4cec-abd9-34db4490df93/datanode-0/data/ratis/e1a6a92e-861d-4d01-9204-0d032340a2db/in_use.lock acquired by nodename 11294@ozone-tm9qp-197714850
2019-06-14 07:39:33,941 INFO  storage.RaftStorage (RaftStorage.java:format(75)) - Storage directory /opt/src/hadoop-ozone/integration-test/target/test-dir/MiniOzoneClusterImpl-a27c14c1-682b-4cec-abd9-34db4490df93/datanode-0/data/ratis/e1a6a92e-861d-4d01-9204-0d032340a2db has been successfully formatted.
2019-06-14 07:39:33,942 INFO  ratis.ContainerStateMachine (ContainerStateMachine.java:loadSnapshot(199)) - The snapshot info is null.Setting the last applied index to:(t:0, i:~)
2019-06-14 07:39:33,942 INFO  server.RaftServerConfigKeys (ConfUtils.java:logGet(43)) - raft.server.leader.election.timeout = 120s (custom)
2019-06-14 07:39:33,942 INFO  server.RaftServerConfigKeys (ConfUtils.java:logGet(43)) - raft.server.log.use.memory = false (default)
2019-06-14 07:39:33,942 INFO  server.RaftServerConfigKeys (ConfUtils.java:logGet(43)) - raft.server.log.appender.buffer.byte-limit = 33554432 (custom)
2019-06-14 07:39:33,942 INFO  server.RaftServerConfigKeys (ConfUtils.java:logGet(43)) - raft.server.log.segment.size.max = 16384 (custom)
2019-06-14 07:39:33,942 INFO  server.RaftServerConfigKeys (ConfUtils.java:logGet(43)) - raft.server.log.segment.cache.num.max = 2 (custom)
2019-06-14 07:39:33,942 INFO  storage.RaftLogWorker (RaftLogWorker.java:<init>(123)) - new 902dd3bd-fbe7-4201-8829-336551627606-RaftLogWorker for Storage Directory /opt/src/hadoop-ozone/integration-test/target/test-dir/MiniOzoneClusterImpl-a27c14c1-682b-4cec-abd9-34db4490df93/datanode-0/data/ratis/e1a6a92e-861d-4d01-9204-0d032340a2db
2019-06-14 07:39:33,942 INFO  server.RaftServerConfigKeys (ConfUtils.java:logGet(43)) - raft.server.log.queue.byte-limit = 2147483647 (custom)
2019-06-14 07:39:33,942 INFO  server.RaftServerConfigKeys (ConfUtils.java:logGet(43)) - raft.server.log.queue.element-limit = 1024 (custom)
2019-06-14 07:39:33,942 INFO  server.RaftServerConfigKeys (ConfUtils.java:logGet(43)) - raft.server.log.segment.size.max = 16384 (custom)
2019-06-14 07:39:33,942 INFO  server.RaftServerConfigKeys (ConfUtils.java:logGet(43)) - raft.server.log.preallocated.size = 16384 (custom)
2019-06-14 07:39:33,942 INFO  server.RaftServerConfigKeys (ConfUtils.java:logGet(43)) - raft.server.log.write.buffer.size = 33554432 (custom)
2019-06-14 07:39:33,942 INFO  server.RaftServerConfigKeys (ConfUtils.java:logGet(43)) - raft.server.log.force.sync.num = 128 (default)
2019-06-14 07:39:33,943 INFO  server.RaftServerConfigKeys (ConfUtils.java:logGet(43)) - raft.server.log.statemachine.data.sync = true (default)
2019-06-14 07:39:33,943 INFO  server.RaftServerConfigKeys (ConfUtils.java:logGet(43)) - raft.server.log.statemachine.data.sync.timeout = 10s (default)
2019-06-14 07:39:33,943 INFO  server.RaftServerConfigKeys (ConfUtils.java:logGet(43)) - raft.server.log.statemachine.data.sync.timeout.retry = -1 (default)
2019-06-14 07:39:33,943 INFO  server.RaftServerConfigKeys (ConfUtils.java:logGet(43)) - raft.server.log.statemachine.data.caching.enabled = true (custom)
2019-06-14 07:39:33,943 INFO  server.RaftServerConfigKeys (ConfUtils.java:logGet(43)) - raft.server.snapshot.auto.trigger.enabled = true (custom)
2019-06-14 07:39:33,943 INFO  server.RaftServerConfigKeys (ConfUtils.java:logGet(43)) - raft.server.snapshot.auto.trigger.threshold = 10000 (custom)
2019-06-14 07:39:33,943 INFO  server.RaftServerConfigKeys (ConfUtils.java:logGet(43)) - raft.server.retrycache.expirytime = 600000ms (custom)
2019-06-14 07:39:33,943 INFO  impl.RaftServerImpl (RaftServerImpl.java:start(173)) - 902dd3bd-fbe7-4201-8829-336551627606: start group-0D032340A2DB
2019-06-14 07:39:33,943 INFO  impl.RaftServerImpl (RaftServerImpl.java:setRole(164)) - 902dd3bd-fbe7-4201-8829-336551627606:group-0D032340A2DB changes role from null to FOLLOWER at term 0 for startAsFollower
2019-06-14 07:39:33,943 INFO  impl.RoleInfo (RoleInfo.java:updateAndGet(143)) - 902dd3bd-fbe7-4201-8829-336551627606: start FollowerState
2019-06-14 07:39:33,944 INFO  util.JmxRegister (JmxRegister.java:tryRegister(44)) - Successfully registered JMX Bean with object name Ratis:service=RaftServer,group=group-0D032340A2DB,id=902dd3bd-fbe7-4201-8829-336551627606
2019-06-14 07:39:33,945 INFO  pipeline.PipelineStateManager (PipelineStateManager.java:addPipeline(56)) - Created pipeline Pipeline[ Id: e1a6a92e-861d-4d01-9204-0d032340a2db, Nodes: 902dd3bd-fbe7-4201-8829-336551627606{ip: 192.168.134.69, host: ozone-tm9qp-197714850, networkLocation: /default-rack, certSerialId: null}, Type:RATIS, Factor:ONE, State:OPEN]
2019-06-14 07:39:34,067 INFO  node.SCMNodeManager (SCMNodeManager.java:register(234)) - Registered Data node : 6d3b831f-8970-4c3a-84e0-257894478649{ip: 192.168.134.69, host: ozone-tm9qp-197714850, networkLocation: /default-rack, certSerialId: null}
2019-06-14 07:39:34,073 INFO  impl.RaftServerProxy (RaftServerProxy.java:addNew(89)) - 6d3b831f-8970-4c3a-84e0-257894478649: addNew group-99A9F82A623E:[6d3b831f-8970-4c3a-84e0-257894478649:192.168.134.69:40863] returns group-99A9F82A623E:java.util.concurrent.CompletableFuture@38469f28[Not completed]
2019-06-14 07:39:34,074 INFO  impl.RaftServerImpl (RaftServerImpl.java:<init>(91)) - 6d3b831f-8970-4c3a-84e0-257894478649: new RaftServerImpl for group-99A9F82A623E:[6d3b831f-8970-4c3a-84e0-257894478649:192.168.134.69:40863] with ContainerStateMachine:uninitialized
2019-06-14 07:39:34,074 INFO  server.RaftServerConfigKeys (ConfUtils.java:logGet(43)) - raft.server.rpc.timeout.min = 1s (custom)
2019-06-14 07:39:34,074 INFO  server.RaftServerConfigKeys (ConfUtils.java:logGet(43)) - raft.server.rpc.timeout.max = 1200ms (custom)
2019-06-14 07:39:34,074 INFO  server.RaftServerConfigKeys (ConfUtils.java:logGet(43)) - raft.server.rpcslowness.timeout = 120s (custom)
2019-06-14 07:39:34,074 INFO  server.RaftServerConfigKeys (ConfUtils.java:logGet(43)) - raft.server.log.appender.install.snapshot.enabled = true (default)
2019-06-14 07:39:34,074 INFO  impl.RaftServerImpl (ServerState.java:<init>(101)) - 6d3b831f-8970-4c3a-84e0-257894478649:group-99A9F82A623E ConfigurationManager, init=-1: [6d3b831f-8970-4c3a-84e0-257894478649:192.168.134.69:40863], old=null, confs=<EMPTY_MAP>
2019-06-14 07:39:34,074 INFO  server.RaftServerConfigKeys (ConfUtils.java:logGet(43)) - raft.server.storage.dir = [/opt/src/hadoop-ozone/integration-test/target/test-dir/MiniOzoneClusterImpl-a27c14c1-682b-4cec-abd9-34db4490df93/datanode-1/data/ratis] (custom)
2019-06-14 07:39:34,074 INFO  storage.RaftStorageDirectory (RaftStorageDirectory.java:analyzeStorage(246)) - The storage directory /opt/src/hadoop-ozone/integration-test/target/test-dir/MiniOzoneClusterImpl-a27c14c1-682b-4cec-abd9-34db4490df93/datanode-1/data/ratis/eae85a62-4f01-4ee7-9a9f-99a9f82a623e does not exist. Creating ...
2019-06-14 07:39:34,076 INFO  storage.RaftStorageDirectory (RaftStorageDirectory.java:tryLock(328)) - Lock on /opt/src/hadoop-ozone/integration-test/target/test-dir/MiniOzoneClusterImpl-a27c14c1-682b-4cec-abd9-34db4490df93/datanode-1/data/ratis/eae85a62-4f01-4ee7-9a9f-99a9f82a623e/in_use.lock acquired by nodename 11294@ozone-tm9qp-197714850
2019-06-14 07:39:34,078 INFO  storage.RaftStorage (RaftStorage.java:format(75)) - Storage directory /opt/src/hadoop-ozone/integration-test/target/test-dir/MiniOzoneClusterImpl-a27c14c1-682b-4cec-abd9-34db4490df93/datanode-1/data/ratis/eae85a62-4f01-4ee7-9a9f-99a9f82a623e has been successfully formatted.
2019-06-14 07:39:34,078 INFO  ratis.ContainerStateMachine (ContainerStateMachine.java:loadSnapshot(199)) - The snapshot info is null.Setting the last applied index to:(t:0, i:~)
2019-06-14 07:39:34,078 INFO  server.RaftServerConfigKeys (ConfUtils.java:logGet(43)) - raft.server.leader.election.timeout = 120s (custom)
2019-06-14 07:39:34,078 INFO  server.RaftServerConfigKeys (ConfUtils.java:logGet(43)) - raft.server.log.use.memory = false (default)
2019-06-14 07:39:34,079 INFO  server.RaftServerConfigKeys (ConfUtils.java:logGet(43)) - raft.server.log.appender.buffer.byte-limit = 33554432 (custom)
2019-06-14 07:39:34,079 INFO  server.RaftServerConfigKeys (ConfUtils.java:logGet(43)) - raft.server.log.segment.size.max = 16384 (custom)
2019-06-14 07:39:34,079 INFO  server.RaftServerConfigKeys (ConfUtils.java:logGet(43)) - raft.server.log.segment.cache.num.max = 2 (custom)
2019-06-14 07:39:34,079 INFO  storage.RaftLogWorker (RaftLogWorker.java:<init>(123)) - new 6d3b831f-8970-4c3a-84e0-257894478649-RaftLogWorker for Storage Directory /opt/src/hadoop-ozone/integration-test/target/test-dir/MiniOzoneClusterImpl-a27c14c1-682b-4cec-abd9-34db4490df93/datanode-1/data/ratis/eae85a62-4f01-4ee7-9a9f-99a9f82a623e
2019-06-14 07:39:34,079 INFO  server.RaftServerConfigKeys (ConfUtils.java:logGet(43)) - raft.server.log.queue.byte-limit = 2147483647 (custom)
2019-06-14 07:39:34,079 INFO  server.RaftServerConfigKeys (ConfUtils.java:logGet(43)) - raft.server.log.queue.element-limit = 1024 (custom)
2019-06-14 07:39:34,079 INFO  server.RaftServerConfigKeys (ConfUtils.java:logGet(43)) - raft.server.log.segment.size.max = 16384 (custom)
2019-06-14 07:39:34,079 INFO  server.RaftServerConfigKeys (ConfUtils.java:logGet(43)) - raft.server.log.preallocated.size = 16384 (custom)
2019-06-14 07:39:34,079 INFO  server.RaftServerConfigKeys (ConfUtils.java:logGet(43)) - raft.server.log.write.buffer.size = 33554432 (custom)
2019-06-14 07:39:34,079 INFO  server.RaftServerConfigKeys (ConfUtils.java:logGet(43)) - raft.server.log.force.sync.num = 128 (default)
2019-06-14 07:39:34,079 INFO  server.RaftServerConfigKeys (ConfUtils.java:logGet(43)) - raft.server.log.statemachine.data.sync = true (default)
2019-06-14 07:39:34,079 INFO  server.RaftServerConfigKeys (ConfUtils.java:logGet(43)) - raft.server.log.statemachine.data.sync.timeout = 10s (default)
2019-06-14 07:39:34,079 INFO  server.RaftServerConfigKeys (ConfUtils.java:logGet(43)) - raft.server.log.statemachine.data.sync.timeout.retry = -1 (default)
2019-06-14 07:39:34,079 INFO  server.RaftServerConfigKeys (ConfUtils.java:logGet(43)) - raft.server.log.statemachine.data.caching.enabled = true (custom)
2019-06-14 07:39:34,080 INFO  server.RaftServerConfigKeys (ConfUtils.java:logGet(43)) - raft.server.snapshot.auto.trigger.enabled = true (custom)
2019-06-14 07:39:34,080 INFO  server.RaftServerConfigKeys (ConfUtils.java:logGet(43)) - raft.server.snapshot.auto.trigger.threshold = 10000 (custom)
2019-06-14 07:39:34,080 INFO  server.RaftServerConfigKeys (ConfUtils.java:logGet(43)) - raft.server.retrycache.expirytime = 600000ms (custom)
2019-06-14 07:39:34,080 INFO  impl.RaftServerImpl (RaftServerImpl.java:start(173)) - 6d3b831f-8970-4c3a-84e0-257894478649: start group-99A9F82A623E
2019-06-14 07:39:34,080 INFO  impl.RaftServerImpl (RaftServerImpl.java:setRole(164)) - 6d3b831f-8970-4c3a-84e0-257894478649:group-99A9F82A623E changes role from null to FOLLOWER at term 0 for startAsFollower
2019-06-14 07:39:34,080 INFO  impl.RoleInfo (RoleInfo.java:updateAndGet(143)) - 6d3b831f-8970-4c3a-84e0-257894478649: start FollowerState
2019-06-14 07:39:34,080 INFO  util.JmxRegister (JmxRegister.java:tryRegister(44)) - Successfully registered JMX Bean with object name Ratis:service=RaftServer,group=group-99A9F82A623E,id=6d3b831f-8970-4c3a-84e0-257894478649
2019-06-14 07:39:34,081 INFO  pipeline.PipelineStateManager (PipelineStateManager.java:addPipeline(56)) - Created pipeline Pipeline[ Id: eae85a62-4f01-4ee7-9a9f-99a9f82a623e, Nodes: 6d3b831f-8970-4c3a-84e0-257894478649{ip: 192.168.134.69, host: ozone-tm9qp-197714850, networkLocation: /default-rack, certSerialId: null}, Type:RATIS, Factor:ONE, State:OPEN]
2019-06-14 07:39:34,277 INFO  node.SCMNodeManager (SCMNodeManager.java:register(234)) - Registered Data node : 22e46568-4fda-4945-b1b9-d2eef8972df7{ip: 192.168.134.69, host: ozone-tm9qp-197714850, networkLocation: /default-rack, certSerialId: null}
2019-06-14 07:39:34,302 INFO  impl.RaftServerProxy (RaftServerProxy.java:addNew(89)) - 22e46568-4fda-4945-b1b9-d2eef8972df7: addNew group-466466F9ED1A:[22e46568-4fda-4945-b1b9-d2eef8972df7:192.168.134.69:41973] returns group-466466F9ED1A:java.util.concurrent.CompletableFuture@3b23e909[Not completed]
2019-06-14 07:39:34,303 INFO  impl.RaftServerImpl (RaftServerImpl.java:<init>(91)) - 22e46568-4fda-4945-b1b9-d2eef8972df7: new RaftServerImpl for group-466466F9ED1A:[22e46568-4fda-4945-b1b9-d2eef8972df7:192.168.134.69:41973] with ContainerStateMachine:uninitialized
2019-06-14 07:39:34,303 INFO  server.RaftServerConfigKeys (ConfUtils.java:logGet(43)) - raft.server.rpc.timeout.min = 1s (custom)
2019-06-14 07:39:34,303 INFO  server.RaftServerConfigKeys (ConfUtils.java:logGet(43)) - raft.server.rpc.timeout.max = 1200ms (custom)
2019-06-14 07:39:34,303 INFO  server.RaftServerConfigKeys (ConfUtils.java:logGet(43)) - raft.server.rpcslowness.timeout = 120s (custom)
2019-06-14 07:39:34,303 INFO  server.RaftServerConfigKeys (ConfUtils.java:logGet(43)) - raft.server.log.appender.install.snapshot.enabled = true (default)
2019-06-14 07:39:34,303 INFO  impl.RaftServerImpl (ServerState.java:<init>(101)) - 22e46568-4fda-4945-b1b9-d2eef8972df7:group-466466F9ED1A ConfigurationManager, init=-1: [22e46568-4fda-4945-b1b9-d2eef8972df7:192.168.134.69:41973], old=null, confs=<EMPTY_MAP>
2019-06-14 07:39:34,303 INFO  server.RaftServerConfigKeys (ConfUtils.java:logGet(43)) - raft.server.storage.dir = [/opt/src/hadoop-ozone/integration-test/target/test-dir/MiniOzoneClusterImpl-a27c14c1-682b-4cec-abd9-34db4490df93/datanode-2/data/ratis] (custom)
2019-06-14 07:39:34,303 INFO  storage.RaftStorageDirectory (RaftStorageDirectory.java:analyzeStorage(246)) - The storage directory /opt/src/hadoop-ozone/integration-test/target/test-dir/MiniOzoneClusterImpl-a27c14c1-682b-4cec-abd9-34db4490df93/datanode-2/data/ratis/9d532e67-df92-4324-8b56-466466f9ed1a does not exist. Creating ...
2019-06-14 07:39:34,305 INFO  storage.RaftStorageDirectory (RaftStorageDirectory.java:tryLock(328)) - Lock on /opt/src/hadoop-ozone/integration-test/target/test-dir/MiniOzoneClusterImpl-a27c14c1-682b-4cec-abd9-34db4490df93/datanode-2/data/ratis/9d532e67-df92-4324-8b56-466466f9ed1a/in_use.lock acquired by nodename 11294@ozone-tm9qp-197714850
2019-06-14 07:39:34,307 INFO  storage.RaftStorage (RaftStorage.java:format(75)) - Storage directory /opt/src/hadoop-ozone/integration-test/target/test-dir/MiniOzoneClusterImpl-a27c14c1-682b-4cec-abd9-34db4490df93/datanode-2/data/ratis/9d532e67-df92-4324-8b56-466466f9ed1a has been successfully formatted.
2019-06-14 07:39:34,308 INFO  ratis.ContainerStateMachine (ContainerStateMachine.java:loadSnapshot(199)) - The snapshot info is null.Setting the last applied index to:(t:0, i:~)
2019-06-14 07:39:34,308 INFO  server.RaftServerConfigKeys (ConfUtils.java:logGet(43)) - raft.server.leader.election.timeout = 120s (custom)
2019-06-14 07:39:34,308 INFO  server.RaftServerConfigKeys (ConfUtils.java:logGet(43)) - raft.server.log.use.memory = false (default)
2019-06-14 07:39:34,308 INFO  server.RaftServerConfigKeys (ConfUtils.java:logGet(43)) - raft.server.log.appender.buffer.byte-limit = 33554432 (custom)
2019-06-14 07:39:34,308 INFO  server.RaftServerConfigKeys (ConfUtils.java:logGet(43)) - raft.server.log.segment.size.max = 16384 (custom)
2019-06-14 07:39:34,308 INFO  server.RaftServerConfigKeys (ConfUtils.java:logGet(43)) - raft.server.log.segment.cache.num.max = 2 (custom)
2019-06-14 07:39:34,308 INFO  storage.RaftLogWorker (RaftLogWorker.java:<init>(123)) - new 22e46568-4fda-4945-b1b9-d2eef8972df7-RaftLogWorker for Storage Directory /opt/src/hadoop-ozone/integration-test/target/test-dir/MiniOzoneClusterImpl-a27c14c1-682b-4cec-abd9-34db4490df93/datanode-2/data/ratis/9d532e67-df92-4324-8b56-466466f9ed1a
2019-06-14 07:39:34,308 INFO  server.RaftServerConfigKeys (ConfUtils.java:logGet(43)) - raft.server.log.queue.byte-limit = 2147483647 (custom)
2019-06-14 07:39:34,308 INFO  server.RaftServerConfigKeys (ConfUtils.java:logGet(43)) - raft.server.log.queue.element-limit = 1024 (custom)
2019-06-14 07:39:34,308 INFO  server.RaftServerConfigKeys (ConfUtils.java:logGet(43)) - raft.server.log.segment.size.max = 16384 (custom)
2019-06-14 07:39:34,308 INFO  server.RaftServerConfigKeys (ConfUtils.java:logGet(43)) - raft.server.log.preallocated.size = 16384 (custom)
2019-06-14 07:39:34,308 INFO  server.RaftServerConfigKeys (ConfUtils.java:logGet(43)) - raft.server.log.write.buffer.size = 33554432 (custom)
2019-06-14 07:39:34,308 INFO  server.RaftServerConfigKeys (ConfUtils.java:logGet(43)) - raft.server.log.force.sync.num = 128 (default)
2019-06-14 07:39:34,308 INFO  server.RaftServerConfigKeys (ConfUtils.java:logGet(43)) - raft.server.log.statemachine.data.sync = true (default)
2019-06-14 07:39:34,308 INFO  server.RaftServerConfigKeys (ConfUtils.java:logGet(43)) - raft.server.log.statemachine.data.sync.timeout = 10s (default)
2019-06-14 07:39:34,308 INFO  server.RaftServerConfigKeys (ConfUtils.java:logGet(43)) - raft.server.log.statemachine.data.sync.timeout.retry = -1 (default)
2019-06-14 07:39:34,309 INFO  server.RaftServerConfigKeys (ConfUtils.java:logGet(43)) - raft.server.log.statemachine.data.caching.enabled = true (custom)
2019-06-14 07:39:34,309 INFO  server.RaftServerConfigKeys (ConfUtils.java:logGet(43)) - raft.server.snapshot.auto.trigger.enabled = true (custom)
2019-06-14 07:39:34,309 INFO  server.RaftServerConfigKeys (ConfUtils.java:logGet(43)) - raft.server.snapshot.auto.trigger.threshold = 10000 (custom)
2019-06-14 07:39:34,309 INFO  server.RaftServerConfigKeys (ConfUtils.java:logGet(43)) - raft.server.retrycache.expirytime = 600000ms (custom)
2019-06-14 07:39:34,309 INFO  impl.RaftServerImpl (RaftServerImpl.java:start(173)) - 22e46568-4fda-4945-b1b9-d2eef8972df7: start group-466466F9ED1A
2019-06-14 07:39:34,309 INFO  impl.RaftServerImpl (RaftServerImpl.java:setRole(164)) - 22e46568-4fda-4945-b1b9-d2eef8972df7:group-466466F9ED1A changes role from null to FOLLOWER at term 0 for startAsFollower
2019-06-14 07:39:34,309 INFO  impl.RoleInfo (RoleInfo.java:updateAndGet(143)) - 22e46568-4fda-4945-b1b9-d2eef8972df7: start FollowerState
2019-06-14 07:39:34,309 INFO  util.JmxRegister (JmxRegister.java:tryRegister(44)) - Successfully registered JMX Bean with object name Ratis:service=RaftServer,group=group-466466F9ED1A,id=22e46568-4fda-4945-b1b9-d2eef8972df7
2019-06-14 07:39:34,311 INFO  pipeline.PipelineStateManager (PipelineStateManager.java:addPipeline(56)) - Created pipeline Pipeline[ Id: 9d532e67-df92-4324-8b56-466466f9ed1a, Nodes: 22e46568-4fda-4945-b1b9-d2eef8972df7{ip: 192.168.134.69, host: ozone-tm9qp-197714850, networkLocation: /default-rack, certSerialId: null}, Type:RATIS, Factor:ONE, State:OPEN]
2019-06-14 07:39:34,319 INFO  impl.RaftServerProxy (RaftServerProxy.java:addNew(89)) - 6d3b831f-8970-4c3a-84e0-257894478649: addNew group-55A0BE056888:[22e46568-4fda-4945-b1b9-d2eef8972df7:192.168.134.69:41973, 902dd3bd-fbe7-4201-8829-336551627606:192.168.134.69:41037, 6d3b831f-8970-4c3a-84e0-257894478649:192.168.134.69:40863] returns group-55A0BE056888:java.util.concurrent.CompletableFuture@703b6886[Not completed]
2019-06-14 07:39:34,319 INFO  impl.RaftServerProxy (RaftServerProxy.java:addNew(89)) - 22e46568-4fda-4945-b1b9-d2eef8972df7: addNew group-55A0BE056888:[22e46568-4fda-4945-b1b9-d2eef8972df7:192.168.134.69:41973, 902dd3bd-fbe7-4201-8829-336551627606:192.168.134.69:41037, 6d3b831f-8970-4c3a-84e0-257894478649:192.168.134.69:40863] returns group-55A0BE056888:java.util.concurrent.CompletableFuture@e58b324[Not completed]
2019-06-14 07:39:34,319 INFO  impl.RaftServerImpl (RaftServerImpl.java:<init>(91)) - 6d3b831f-8970-4c3a-84e0-257894478649: new RaftServerImpl for group-55A0BE056888:[22e46568-4fda-4945-b1b9-d2eef8972df7:192.168.134.69:41973, 902dd3bd-fbe7-4201-8829-336551627606:192.168.134.69:41037, 6d3b831f-8970-4c3a-84e0-257894478649:192.168.134.69:40863] with ContainerStateMachine:uninitialized
2019-06-14 07:39:34,320 INFO  server.RaftServerConfigKeys (ConfUtils.java:logGet(43)) - raft.server.rpc.timeout.min = 1s (custom)
2019-06-14 07:39:34,320 INFO  server.RaftServerConfigKeys (ConfUtils.java:logGet(43)) - raft.server.rpc.timeout.max = 1200ms (custom)
2019-06-14 07:39:34,320 INFO  server.RaftServerConfigKeys (ConfUtils.java:logGet(43)) - raft.server.rpcslowness.timeout = 120s (custom)
2019-06-14 07:39:34,320 INFO  server.RaftServerConfigKeys (ConfUtils.java:logGet(43)) - raft.server.log.appender.install.snapshot.enabled = true (default)
2019-06-14 07:39:34,320 INFO  impl.RaftServerProxy (RaftServerProxy.java:addNew(89)) - 902dd3bd-fbe7-4201-8829-336551627606: addNew group-55A0BE056888:[22e46568-4fda-4945-b1b9-d2eef8972df7:192.168.134.69:41973, 902dd3bd-fbe7-4201-8829-336551627606:192.168.134.69:41037, 6d3b831f-8970-4c3a-84e0-257894478649:192.168.134.69:40863] returns group-55A0BE056888:java.util.concurrent.CompletableFuture@2a977847[Not completed]
2019-06-14 07:39:34,320 INFO  impl.RaftServerImpl (ServerState.java:<init>(101)) - 6d3b831f-8970-4c3a-84e0-257894478649:group-55A0BE056888 ConfigurationManager, init=-1: [22e46568-4fda-4945-b1b9-d2eef8972df7:192.168.134.69:41973, 902dd3bd-fbe7-4201-8829-336551627606:192.168.134.69:41037, 6d3b831f-8970-4c3a-84e0-257894478649:192.168.134.69:40863], old=null, confs=<EMPTY_MAP>
2019-06-14 07:39:34,320 INFO  impl.RaftServerImpl (RaftServerImpl.java:<init>(91)) - 902dd3bd-fbe7-4201-8829-336551627606: new RaftServerImpl for group-55A0BE056888:[22e46568-4fda-4945-b1b9-d2eef8972df7:192.168.134.69:41973, 902dd3bd-fbe7-4201-8829-336551627606:192.168.134.69:41037, 6d3b831f-8970-4c3a-84e0-257894478649:192.168.134.69:40863] with ContainerStateMachine:uninitialized
2019-06-14 07:39:34,320 INFO  server.RaftServerConfigKeys (ConfUtils.java:logGet(43)) - raft.server.storage.dir = [/opt/src/hadoop-ozone/integration-test/target/test-dir/MiniOzoneClusterImpl-a27c14c1-682b-4cec-abd9-34db4490df93/datanode-1/data/ratis] (custom)
2019-06-14 07:39:34,320 INFO  server.RaftServerConfigKeys (ConfUtils.java:logGet(43)) - raft.server.rpc.timeout.min = 1s (custom)
2019-06-14 07:39:34,320 INFO  server.RaftServerConfigKeys (ConfUtils.java:logGet(43)) - raft.server.rpc.timeout.max = 1200ms (custom)
2019-06-14 07:39:34,321 INFO  storage.RaftStorageDirectory (RaftStorageDirectory.java:analyzeStorage(246)) - The storage directory /opt/src/hadoop-ozone/integration-test/target/test-dir/MiniOzoneClusterImpl-a27c14c1-682b-4cec-abd9-34db4490df93/datanode-1/data/ratis/085f41b7-2ae8-4402-aa48-55a0be056888 does not exist. Creating ...
2019-06-14 07:39:34,321 INFO  server.RaftServerConfigKeys (ConfUtils.java:logGet(43)) - raft.server.rpcslowness.timeout = 120s (custom)
2019-06-14 07:39:34,321 INFO  server.RaftServerConfigKeys (ConfUtils.java:logGet(43)) - raft.server.log.appender.install.snapshot.enabled = true (default)
2019-06-14 07:39:34,321 INFO  impl.RaftServerImpl (ServerState.java:<init>(101)) - 902dd3bd-fbe7-4201-8829-336551627606:group-55A0BE056888 ConfigurationManager, init=-1: [22e46568-4fda-4945-b1b9-d2eef8972df7:192.168.134.69:41973, 902dd3bd-fbe7-4201-8829-336551627606:192.168.134.69:41037, 6d3b831f-8970-4c3a-84e0-257894478649:192.168.134.69:40863], old=null, confs=<EMPTY_MAP>
2019-06-14 07:39:34,321 INFO  server.RaftServerConfigKeys (ConfUtils.java:logGet(43)) - raft.server.storage.dir = [/opt/src/hadoop-ozone/integration-test/target/test-dir/MiniOzoneClusterImpl-a27c14c1-682b-4cec-abd9-34db4490df93/datanode-0/data/ratis] (custom)
2019-06-14 07:39:34,321 INFO  storage.RaftStorageDirectory (RaftStorageDirectory.java:analyzeStorage(246)) - The storage directory /opt/src/hadoop-ozone/integration-test/target/test-dir/MiniOzoneClusterImpl-a27c14c1-682b-4cec-abd9-34db4490df93/datanode-0/data/ratis/085f41b7-2ae8-4402-aa48-55a0be056888 does not exist. Creating ...
2019-06-14 07:39:34,322 INFO  impl.RaftServerImpl (RaftServerImpl.java:<init>(91)) - 22e46568-4fda-4945-b1b9-d2eef8972df7: new RaftServerImpl for group-55A0BE056888:[22e46568-4fda-4945-b1b9-d2eef8972df7:192.168.134.69:41973, 902dd3bd-fbe7-4201-8829-336551627606:192.168.134.69:41037, 6d3b831f-8970-4c3a-84e0-257894478649:192.168.134.69:40863] with ContainerStateMachine:uninitialized
2019-06-14 07:39:34,322 INFO  server.RaftServerConfigKeys (ConfUtils.java:logGet(43)) - raft.server.rpc.timeout.min = 1s (custom)
2019-06-14 07:39:34,322 INFO  server.RaftServerConfigKeys (ConfUtils.java:logGet(43)) - raft.server.rpc.timeout.max = 1200ms (custom)
2019-06-14 07:39:34,322 INFO  server.RaftServerConfigKeys (ConfUtils.java:logGet(43)) - raft.server.rpcslowness.timeout = 120s (custom)
2019-06-14 07:39:34,323 INFO  server.RaftServerConfigKeys (ConfUtils.java:logGet(43)) - raft.server.log.appender.install.snapshot.enabled = true (default)
2019-06-14 07:39:34,323 INFO  impl.RaftServerImpl (ServerState.java:<init>(101)) - 22e46568-4fda-4945-b1b9-d2eef8972df7:group-55A0BE056888 ConfigurationManager, init=-1: [22e46568-4fda-4945-b1b9-d2eef8972df7:192.168.134.69:41973, 902dd3bd-fbe7-4201-8829-336551627606:192.168.134.69:41037, 6d3b831f-8970-4c3a-84e0-257894478649:192.168.134.69:40863], old=null, confs=<EMPTY_MAP>
2019-06-14 07:39:34,323 INFO  storage.RaftStorageDirectory (RaftStorageDirectory.java:tryLock(328)) - Lock on /opt/src/hadoop-ozone/integration-test/target/test-dir/MiniOzoneClusterImpl-a27c14c1-682b-4cec-abd9-34db4490df93/datanode-1/data/ratis/085f41b7-2ae8-4402-aa48-55a0be056888/in_use.lock acquired by nodename 11294@ozone-tm9qp-197714850
2019-06-14 07:39:34,323 INFO  storage.RaftStorageDirectory (RaftStorageDirectory.java:tryLock(328)) - Lock on /opt/src/hadoop-ozone/integration-test/target/test-dir/MiniOzoneClusterImpl-a27c14c1-682b-4cec-abd9-34db4490df93/datanode-0/data/ratis/085f41b7-2ae8-4402-aa48-55a0be056888/in_use.lock acquired by nodename 11294@ozone-tm9qp-197714850
2019-06-14 07:39:34,323 INFO  server.RaftServerConfigKeys (ConfUtils.java:logGet(43)) - raft.server.storage.dir = [/opt/src/hadoop-ozone/integration-test/target/test-dir/MiniOzoneClusterImpl-a27c14c1-682b-4cec-abd9-34db4490df93/datanode-2/data/ratis] (custom)
2019-06-14 07:39:34,323 INFO  storage.RaftStorageDirectory (RaftStorageDirectory.java:analyzeStorage(246)) - The storage directory /opt/src/hadoop-ozone/integration-test/target/test-dir/MiniOzoneClusterImpl-a27c14c1-682b-4cec-abd9-34db4490df93/datanode-2/data/ratis/085f41b7-2ae8-4402-aa48-55a0be056888 does not exist. Creating ...
2019-06-14 07:39:34,325 INFO  storage.RaftStorageDirectory (RaftStorageDirectory.java:tryLock(328)) - Lock on /opt/src/hadoop-ozone/integration-test/target/test-dir/MiniOzoneClusterImpl-a27c14c1-682b-4cec-abd9-34db4490df93/datanode-2/data/ratis/085f41b7-2ae8-4402-aa48-55a0be056888/in_use.lock acquired by nodename 11294@ozone-tm9qp-197714850
2019-06-14 07:39:34,325 INFO  storage.RaftStorage (RaftStorage.java:format(75)) - Storage directory /opt/src/hadoop-ozone/integration-test/target/test-dir/MiniOzoneClusterImpl-a27c14c1-682b-4cec-abd9-34db4490df93/datanode-1/data/ratis/085f41b7-2ae8-4402-aa48-55a0be056888 has been successfully formatted.
2019-06-14 07:39:34,325 INFO  storage.RaftStorage (RaftStorage.java:format(75)) - Storage directory /opt/src/hadoop-ozone/integration-test/target/test-dir/MiniOzoneClusterImpl-a27c14c1-682b-4cec-abd9-34db4490df93/datanode-0/data/ratis/085f41b7-2ae8-4402-aa48-55a0be056888 has been successfully formatted.
2019-06-14 07:39:34,325 INFO  ratis.ContainerStateMachine (ContainerStateMachine.java:loadSnapshot(199)) - The snapshot info is null.Setting the last applied index to:(t:0, i:~)
2019-06-14 07:39:34,326 INFO  ratis.ContainerStateMachine (ContainerStateMachine.java:loadSnapshot(199)) - The snapshot info is null.Setting the last applied index to:(t:0, i:~)
2019-06-14 07:39:34,326 INFO  server.RaftServerConfigKeys (ConfUtils.java:logGet(43)) - raft.server.leader.election.timeout = 120s (custom)
2019-06-14 07:39:34,326 INFO  server.RaftServerConfigKeys (ConfUtils.java:logGet(43)) - raft.server.log.use.memory = false (default)
2019-06-14 07:39:34,326 INFO  server.RaftServerConfigKeys (ConfUtils.java:logGet(43)) - raft.server.log.appender.buffer.byte-limit = 33554432 (custom)
2019-06-14 07:39:34,326 INFO  server.RaftServerConfigKeys (ConfUtils.java:logGet(43)) - raft.server.log.segment.size.max = 16384 (custom)
2019-06-14 07:39:34,326 INFO  server.RaftServerConfigKeys (ConfUtils.java:logGet(43)) - raft.server.log.segment.cache.num.max = 2 (custom)
2019-06-14 07:39:34,326 INFO  storage.RaftLogWorker (RaftLogWorker.java:<init>(123)) - new 902dd3bd-fbe7-4201-8829-336551627606-RaftLogWorker for Storage Directory /opt/src/hadoop-ozone/integration-test/target/test-dir/MiniOzoneClusterImpl-a27c14c1-682b-4cec-abd9-34db4490df93/datanode-0/data/ratis/085f41b7-2ae8-4402-aa48-55a0be056888
2019-06-14 07:39:34,326 INFO  server.RaftServerConfigKeys (ConfUtils.java:logGet(43)) - raft.server.log.queue.byte-limit = 2147483647 (custom)
2019-06-14 07:39:34,326 INFO  server.RaftServerConfigKeys (ConfUtils.java:logGet(43)) - raft.server.log.queue.element-limit = 1024 (custom)
2019-06-14 07:39:34,326 INFO  server.RaftServerConfigKeys (ConfUtils.java:logGet(43)) - raft.server.log.segment.size.max = 16384 (custom)
2019-06-14 07:39:34,326 INFO  server.RaftServerConfigKeys (ConfUtils.java:logGet(43)) - raft.server.log.preallocated.size = 16384 (custom)
2019-06-14 07:39:34,326 INFO  server.RaftServerConfigKeys (ConfUtils.java:logGet(43)) - raft.server.log.write.buffer.size = 33554432 (custom)
2019-06-14 07:39:34,327 INFO  server.RaftServerConfigKeys (ConfUtils.java:logGet(43)) - raft.server.log.force.sync.num = 128 (default)
2019-06-14 07:39:34,327 INFO  server.RaftServerConfigKeys (ConfUtils.java:logGet(43)) - raft.server.log.statemachine.data.sync = true (default)
2019-06-14 07:39:34,327 INFO  server.RaftServerConfigKeys (ConfUtils.java:logGet(43)) - raft.server.log.statemachine.data.sync.timeout = 10s (default)
2019-06-14 07:39:34,327 INFO  server.RaftServerConfigKeys (ConfUtils.java:logGet(43)) - raft.server.log.statemachine.data.sync.timeout.retry = -1 (default)
2019-06-14 07:39:34,327 INFO  server.RaftServerConfigKeys (ConfUtils.java:logGet(43)) - raft.server.log.statemachine.data.caching.enabled = true (custom)
2019-06-14 07:39:34,326 INFO  server.RaftServerConfigKeys (ConfUtils.java:logGet(43)) - raft.server.leader.election.timeout = 120s (custom)
2019-06-14 07:39:34,327 INFO  server.RaftServerConfigKeys (ConfUtils.java:logGet(43)) - raft.server.log.use.memory = false (default)
2019-06-14 07:39:34,327 INFO  server.RaftServerConfigKeys (ConfUtils.java:logGet(43)) - raft.server.log.appender.buffer.byte-limit = 33554432 (custom)
2019-06-14 07:39:34,327 INFO  server.RaftServerConfigKeys (ConfUtils.java:logGet(43)) - raft.server.log.segment.size.max = 16384 (custom)
2019-06-14 07:39:34,327 INFO  server.RaftServerConfigKeys (ConfUtils.java:logGet(43)) - raft.server.snapshot.auto.trigger.enabled = true (custom)
2019-06-14 07:39:34,327 INFO  server.RaftServerConfigKeys (ConfUtils.java:logGet(43)) - raft.server.snapshot.auto.trigger.threshold = 10000 (custom)
2019-06-14 07:39:34,327 INFO  server.RaftServerConfigKeys (ConfUtils.java:logGet(43)) - raft.server.log.segment.cache.num.max = 2 (custom)
2019-06-14 07:39:34,327 INFO  server.RaftServerConfigKeys (ConfUtils.java:logGet(43)) - raft.server.retrycache.expirytime = 600000ms (custom)
2019-06-14 07:39:34,327 INFO  storage.RaftLogWorker (RaftLogWorker.java:<init>(123)) - new 6d3b831f-8970-4c3a-84e0-257894478649-RaftLogWorker for Storage Directory /opt/src/hadoop-ozone/integration-test/target/test-dir/MiniOzoneClusterImpl-a27c14c1-682b-4cec-abd9-34db4490df93/datanode-1/data/ratis/085f41b7-2ae8-4402-aa48-55a0be056888
2019-06-14 07:39:34,328 INFO  impl.RaftServerImpl (RaftServerImpl.java:start(173)) - 902dd3bd-fbe7-4201-8829-336551627606: start group-55A0BE056888
2019-06-14 07:39:34,328 INFO  storage.RaftStorage (RaftStorage.java:format(75)) - Storage directory /opt/src/hadoop-ozone/integration-test/target/test-dir/MiniOzoneClusterImpl-a27c14c1-682b-4cec-abd9-34db4490df93/datanode-2/data/ratis/085f41b7-2ae8-4402-aa48-55a0be056888 has been successfully formatted.
2019-06-14 07:39:34,328 INFO  impl.RaftServerImpl (RaftServerImpl.java:setRole(164)) - 902dd3bd-fbe7-4201-8829-336551627606:group-55A0BE056888 changes role from null to FOLLOWER at term 0 for startAsFollower
2019-06-14 07:39:34,328 INFO  server.RaftServerConfigKeys (ConfUtils.java:logGet(43)) - raft.server.log.queue.byte-limit = 2147483647 (custom)
2019-06-14 07:39:34,328 INFO  server.RaftServerConfigKeys (ConfUtils.java:logGet(43)) - raft.server.log.queue.element-limit = 1024 (custom)
2019-06-14 07:39:34,328 INFO  impl.RoleInfo (RoleInfo.java:updateAndGet(143)) - 902dd3bd-fbe7-4201-8829-336551627606: start FollowerState
2019-06-14 07:39:34,328 INFO  ratis.ContainerStateMachine (ContainerStateMachine.java:loadSnapshot(199)) - The snapshot info is null.Setting the last applied index to:(t:0, i:~)
2019-06-14 07:39:34,328 INFO  server.RaftServerConfigKeys (ConfUtils.java:logGet(43)) - raft.server.log.segment.size.max = 16384 (custom)
2019-06-14 07:39:34,328 INFO  server.RaftServerConfigKeys (ConfUtils.java:logGet(43)) - raft.server.log.preallocated.size = 16384 (custom)
2019-06-14 07:39:34,328 INFO  server.RaftServerConfigKeys (ConfUtils.java:logGet(43)) - raft.server.log.write.buffer.size = 33554432 (custom)
2019-06-14 07:39:34,339 INFO  server.RaftServerConfigKeys (ConfUtils.java:logGet(43)) - raft.server.leader.election.timeout = 120s (custom)
2019-06-14 07:39:34,339 INFO  util.JmxRegister (JmxRegister.java:tryRegister(44)) - Successfully registered JMX Bean with object name Ratis:service=RaftServer,group=group-55A0BE056888,id=902dd3bd-fbe7-4201-8829-336551627606
2019-06-14 07:39:34,339 INFO  server.RaftServerConfigKeys (ConfUtils.java:logGet(43)) - raft.server.log.use.memory = false (default)
2019-06-14 07:39:34,339 INFO  server.RaftServerConfigKeys (ConfUtils.java:logGet(43)) - raft.server.log.appender.buffer.byte-limit = 33554432 (custom)
2019-06-14 07:39:34,339 INFO  server.RaftServerConfigKeys (ConfUtils.java:logGet(43)) - raft.server.log.segment.size.max = 16384 (custom)
2019-06-14 07:39:34,339 INFO  server.RaftServerConfigKeys (ConfUtils.java:logGet(43)) - raft.server.log.force.sync.num = 128 (default)
2019-06-14 07:39:34,353 INFO  server.RaftServerConfigKeys (ConfUtils.java:logGet(43)) - raft.server.log.statemachine.data.sync = true (default)
2019-06-14 07:39:34,354 INFO  server.RaftServerConfigKeys (ConfUtils.java:logGet(43)) - raft.server.log.statemachine.data.sync.timeout = 10s (default)
2019-06-14 07:39:34,355 INFO  server.RaftServerConfigKeys (ConfUtils.java:logGet(43)) - raft.server.log.statemachine.data.sync.timeout.retry = -1 (default)
2019-06-14 07:39:34,355 INFO  server.RaftServerConfigKeys (ConfUtils.java:logGet(43)) - raft.server.log.statemachine.data.caching.enabled = true (custom)
2019-06-14 07:39:34,355 INFO  server.RaftServerConfigKeys (ConfUtils.java:logGet(43)) - raft.server.log.segment.cache.num.max = 2 (custom)
2019-06-14 07:39:34,355 INFO  storage.RaftLogWorker (RaftLogWorker.java:<init>(123)) - new 22e46568-4fda-4945-b1b9-d2eef8972df7-RaftLogWorker for Storage Directory /opt/src/hadoop-ozone/integration-test/target/test-dir/MiniOzoneClusterImpl-a27c14c1-682b-4cec-abd9-34db4490df93/datanode-2/data/ratis/085f41b7-2ae8-4402-aa48-55a0be056888
2019-06-14 07:39:34,355 INFO  server.RaftServerConfigKeys (ConfUtils.java:logGet(43)) - raft.server.snapshot.auto.trigger.enabled = true (custom)
2019-06-14 07:39:34,355 INFO  server.RaftServerConfigKeys (ConfUtils.java:logGet(43)) - raft.server.snapshot.auto.trigger.threshold = 10000 (custom)
2019-06-14 07:39:34,355 INFO  server.RaftServerConfigKeys (ConfUtils.java:logGet(43)) - raft.server.retrycache.expirytime = 600000ms (custom)
2019-06-14 07:39:34,355 INFO  impl.RaftServerImpl (RaftServerImpl.java:start(173)) - 6d3b831f-8970-4c3a-84e0-257894478649: start group-55A0BE056888
2019-06-14 07:39:34,356 INFO  impl.RaftServerImpl (RaftServerImpl.java:setRole(164)) - 6d3b831f-8970-4c3a-84e0-257894478649:group-55A0BE056888 changes role from null to FOLLOWER at term 0 for startAsFollower
2019-06-14 07:39:34,356 INFO  impl.RoleInfo (RoleInfo.java:updateAndGet(143)) - 6d3b831f-8970-4c3a-84e0-257894478649: start FollowerState
2019-06-14 07:39:34,356 INFO  server.RaftServerConfigKeys (ConfUtils.java:logGet(43)) - raft.server.log.queue.byte-limit = 2147483647 (custom)
2019-06-14 07:39:34,356 INFO  util.JmxRegister (JmxRegister.java:tryRegister(44)) - Successfully registered JMX Bean with object name Ratis:service=RaftServer,group=group-55A0BE056888,id=6d3b831f-8970-4c3a-84e0-257894478649
2019-06-14 07:39:34,356 INFO  server.RaftServerConfigKeys (ConfUtils.java:logGet(43)) - raft.server.log.queue.element-limit = 1024 (custom)
2019-06-14 07:39:34,356 INFO  server.RaftServerConfigKeys (ConfUtils.java:logGet(43)) - raft.server.log.segment.size.max = 16384 (custom)
2019-06-14 07:39:34,356 INFO  server.RaftServerConfigKeys (ConfUtils.java:logGet(43)) - raft.server.log.preallocated.size = 16384 (custom)
2019-06-14 07:39:34,356 INFO  server.RaftServerConfigKeys (ConfUtils.java:logGet(43)) - raft.server.log.write.buffer.size = 33554432 (custom)
2019-06-14 07:39:34,357 INFO  server.RaftServerConfigKeys (ConfUtils.java:logGet(43)) - raft.server.log.force.sync.num = 128 (default)
2019-06-14 07:39:34,357 INFO  server.RaftServerConfigKeys (ConfUtils.java:logGet(43)) - raft.server.log.statemachine.data.sync = true (default)
2019-06-14 07:39:34,357 INFO  server.RaftServerConfigKeys (ConfUtils.java:logGet(43)) - raft.server.log.statemachine.data.sync.timeout = 10s (default)
2019-06-14 07:39:34,357 INFO  server.RaftServerConfigKeys (ConfUtils.java:logGet(43)) - raft.server.log.statemachine.data.sync.timeout.retry = -1 (default)
2019-06-14 07:39:34,357 INFO  server.RaftServerConfigKeys (ConfUtils.java:logGet(43)) - raft.server.log.statemachine.data.caching.enabled = true (custom)
2019-06-14 07:39:34,358 INFO  server.RaftServerConfigKeys (ConfUtils.java:logGet(43)) - raft.server.snapshot.auto.trigger.enabled = true (custom)
2019-06-14 07:39:34,358 INFO  server.RaftServerConfigKeys (ConfUtils.java:logGet(43)) - raft.server.snapshot.auto.trigger.threshold = 10000 (custom)
2019-06-14 07:39:34,358 INFO  server.RaftServerConfigKeys (ConfUtils.java:logGet(43)) - raft.server.retrycache.expirytime = 600000ms (custom)
2019-06-14 07:39:34,358 INFO  impl.RaftServerImpl (RaftServerImpl.java:start(173)) - 22e46568-4fda-4945-b1b9-d2eef8972df7: start group-55A0BE056888
2019-06-14 07:39:34,358 INFO  impl.RaftServerImpl (RaftServerImpl.java:setRole(164)) - 22e46568-4fda-4945-b1b9-d2eef8972df7:group-55A0BE056888 changes role from null to FOLLOWER at term 0 for startAsFollower
2019-06-14 07:39:34,358 INFO  impl.RoleInfo (RoleInfo.java:updateAndGet(143)) - 22e46568-4fda-4945-b1b9-d2eef8972df7: start FollowerState
2019-06-14 07:39:34,358 INFO  util.JmxRegister (JmxRegister.java:tryRegister(44)) - Successfully registered JMX Bean with object name Ratis:service=RaftServer,group=group-55A0BE056888,id=22e46568-4fda-4945-b1b9-d2eef8972df7
2019-06-14 07:39:34,359 INFO  pipeline.PipelineStateManager (PipelineStateManager.java:addPipeline(56)) - Created pipeline Pipeline[ Id: 085f41b7-2ae8-4402-aa48-55a0be056888, Nodes: 22e46568-4fda-4945-b1b9-d2eef8972df7{ip: 192.168.134.69, host: ozone-tm9qp-197714850, networkLocation: /default-rack, certSerialId: null}6d3b831f-8970-4c3a-84e0-257894478649{ip: 192.168.134.69, host: ozone-tm9qp-197714850, networkLocation: /default-rack, certSerialId: null}902dd3bd-fbe7-4201-8829-336551627606{ip: 192.168.134.69, host: ozone-tm9qp-197714850, networkLocation: /default-rack, certSerialId: null}, Type:RATIS, Factor:THREE, State:OPEN]
2019-06-14 07:39:34,372 WARN  server.GrpcLogAppender (LogUtils.java:warn(134)) - 578092ab-b70b-4ebd-aded-cbd888e596c7: Failed appendEntries to 45a18b76-154b-4bb1-adcb-fc939f971433:192.168.134.69:38345: org.apache.ratis.thirdparty.io.grpc.StatusRuntimeException: UNAVAILABLE: io exception
2019-06-14 07:39:34,372 INFO  impl.FollowerInfo (FollowerInfo.java:lambda$new$0(50)) - 578092ab-b70b-4ebd-aded-cbd888e596c7->45a18b76-154b-4bb1-adcb-fc939f971433: nextIndex: updateUnconditionally 0 -> 0
2019-06-14 07:39:34,379 WARN  server.GrpcLogAppender (LogUtils.java:warn(134)) - 578092ab-b70b-4ebd-aded-cbd888e596c7: Failed appendEntries to 9d8be9db-f9cb-434a-8bf3-cbb66516a036:192.168.134.69:39813: org.apache.ratis.thirdparty.io.grpc.StatusRuntimeException: UNAVAILABLE: io exception
2019-06-14 07:39:34,383 INFO  impl.FollowerInfo (FollowerInfo.java:lambda$new$0(50)) - 578092ab-b70b-4ebd-aded-cbd888e596c7->9d8be9db-f9cb-434a-8bf3-cbb66516a036: nextIndex: updateUnconditionally 0 -> 0
2019-06-14 07:39:34,422 INFO  node.SCMNodeManager (SCMNodeManager.java:register(234)) - Registered Data node : 837be8a4-d5fd-444e-bd4d-ade02a35d707{ip: 192.168.134.69, host: ozone-tm9qp-197714850, networkLocation: /default-rack, certSerialId: null}
2019-06-14 07:39:34,429 INFO  impl.RaftServerProxy (RaftServerProxy.java:addNew(89)) - 837be8a4-d5fd-444e-bd4d-ade02a35d707: addNew group-6EFD2F01AC01:[837be8a4-d5fd-444e-bd4d-ade02a35d707:192.168.134.69:37713] returns group-6EFD2F01AC01:java.util.concurrent.CompletableFuture@166c318c[Not completed]
2019-06-14 07:39:34,429 INFO  impl.RaftServerImpl (RaftServerImpl.java:<init>(91)) - 837be8a4-d5fd-444e-bd4d-ade02a35d707: new RaftServerImpl for group-6EFD2F01AC01:[837be8a4-d5fd-444e-bd4d-ade02a35d707:192.168.134.69:37713] with ContainerStateMachine:uninitialized
2019-06-14 07:39:34,429 INFO  server.RaftServerConfigKeys (ConfUtils.java:logGet(43)) - raft.server.rpc.timeout.min = 1s (custom)
2019-06-14 07:39:34,429 INFO  server.RaftServerConfigKeys (ConfUtils.java:logGet(43)) - raft.server.rpc.timeout.max = 1200ms (custom)
2019-06-14 07:39:34,429 INFO  server.RaftServerConfigKeys (ConfUtils.java:logGet(43)) - raft.server.rpcslowness.timeout = 120s (custom)
2019-06-14 07:39:34,429 INFO  server.RaftServerConfigKeys (ConfUtils.java:logGet(43)) - raft.server.log.appender.install.snapshot.enabled = true (default)
2019-06-14 07:39:34,430 INFO  impl.RaftServerImpl (ServerState.java:<init>(101)) - 837be8a4-d5fd-444e-bd4d-ade02a35d707:group-6EFD2F01AC01 ConfigurationManager, init=-1: [837be8a4-d5fd-444e-bd4d-ade02a35d707:192.168.134.69:37713], old=null, confs=<EMPTY_MAP>
2019-06-14 07:39:34,430 INFO  server.RaftServerConfigKeys (ConfUtils.java:logGet(43)) - raft.server.storage.dir = [/opt/src/hadoop-ozone/integration-test/target/test-dir/MiniOzoneClusterImpl-a27c14c1-682b-4cec-abd9-34db4490df93/datanode-3/data/ratis] (custom)
2019-06-14 07:39:34,430 INFO  storage.RaftStorageDirectory (RaftStorageDirectory.java:analyzeStorage(246)) - The storage directory /opt/src/hadoop-ozone/integration-test/target/test-dir/MiniOzoneClusterImpl-a27c14c1-682b-4cec-abd9-34db4490df93/datanode-3/data/ratis/aaedd709-dfc5-419c-92d3-6efd2f01ac01 does not exist. Creating ...
2019-06-14 07:39:34,432 INFO  storage.RaftStorageDirectory (RaftStorageDirectory.java:tryLock(328)) - Lock on /opt/src/hadoop-ozone/integration-test/target/test-dir/MiniOzoneClusterImpl-a27c14c1-682b-4cec-abd9-34db4490df93/datanode-3/data/ratis/aaedd709-dfc5-419c-92d3-6efd2f01ac01/in_use.lock acquired by nodename 11294@ozone-tm9qp-197714850
2019-06-14 07:39:34,434 INFO  storage.RaftStorage (RaftStorage.java:format(75)) - Storage directory /opt/src/hadoop-ozone/integration-test/target/test-dir/MiniOzoneClusterImpl-a27c14c1-682b-4cec-abd9-34db4490df93/datanode-3/data/ratis/aaedd709-dfc5-419c-92d3-6efd2f01ac01 has been successfully formatted.
2019-06-14 07:39:34,434 INFO  ratis.ContainerStateMachine (ContainerStateMachine.java:loadSnapshot(199)) - The snapshot info is null.Setting the last applied index to:(t:0, i:~)
2019-06-14 07:39:34,434 INFO  server.RaftServerConfigKeys (ConfUtils.java:logGet(43)) - raft.server.leader.election.timeout = 120s (custom)
2019-06-14 07:39:34,434 INFO  server.RaftServerConfigKeys (ConfUtils.java:logGet(43)) - raft.server.log.use.memory = false (default)
2019-06-14 07:39:34,434 INFO  server.RaftServerConfigKeys (ConfUtils.java:logGet(43)) - raft.server.log.appender.buffer.byte-limit = 33554432 (custom)
2019-06-14 07:39:34,434 INFO  server.RaftServerConfigKeys (ConfUtils.java:logGet(43)) - raft.server.log.segment.size.max = 16384 (custom)
2019-06-14 07:39:34,434 INFO  server.RaftServerConfigKeys (ConfUtils.java:logGet(43)) - raft.server.log.segment.cache.num.max = 2 (custom)
2019-06-14 07:39:34,434 INFO  storage.RaftLogWorker (RaftLogWorker.java:<init>(123)) - new 837be8a4-d5fd-444e-bd4d-ade02a35d707-RaftLogWorker for Storage Directory /opt/src/hadoop-ozone/integration-test/target/test-dir/MiniOzoneClusterImpl-a27c14c1-682b-4cec-abd9-34db4490df93/datanode-3/data/ratis/aaedd709-dfc5-419c-92d3-6efd2f01ac01
2019-06-14 07:39:34,434 INFO  server.RaftServerConfigKeys (ConfUtils.java:logGet(43)) - raft.server.log.queue.byte-limit = 2147483647 (custom)
2019-06-14 07:39:34,435 INFO  server.RaftServerConfigKeys (ConfUtils.java:logGet(43)) - raft.server.log.queue.element-limit = 1024 (custom)
2019-06-14 07:39:34,435 INFO  server.RaftServerConfigKeys (ConfUtils.java:logGet(43)) - raft.server.log.segment.size.max = 16384 (custom)
2019-06-14 07:39:34,435 INFO  server.RaftServerConfigKeys (ConfUtils.java:logGet(43)) - raft.server.log.preallocated.size = 16384 (custom)
2019-06-14 07:39:34,435 INFO  server.RaftServerConfigKeys (ConfUtils.java:logGet(43)) - raft.server.log.write.buffer.size = 33554432 (custom)
2019-06-14 07:39:34,435 INFO  server.RaftServerConfigKeys (ConfUtils.java:logGet(43)) - raft.server.log.force.sync.num = 128 (default)
2019-06-14 07:39:34,435 INFO  server.RaftServerConfigKeys (ConfUtils.java:logGet(43)) - raft.server.log.statemachine.data.sync = true (default)
2019-06-14 07:39:34,435 INFO  server.RaftServerConfigKeys (ConfUtils.java:logGet(43)) - raft.server.log.statemachine.data.sync.timeout = 10s (default)
2019-06-14 07:39:34,435 INFO  server.RaftServerConfigKeys (ConfUtils.java:logGet(43)) - raft.server.log.statemachine.data.sync.timeout.retry = -1 (default)
2019-06-14 07:39:34,435 INFO  server.RaftServerConfigKeys (ConfUtils.java:logGet(43)) - raft.server.log.statemachine.data.caching.enabled = true (custom)
2019-06-14 07:39:34,435 INFO  server.RaftServerConfigKeys (ConfUtils.java:logGet(43)) - raft.server.snapshot.auto.trigger.enabled = true (custom)
2019-06-14 07:39:34,435 INFO  server.RaftServerConfigKeys (ConfUtils.java:logGet(43)) - raft.server.snapshot.auto.trigger.threshold = 10000 (custom)
2019-06-14 07:39:34,435 INFO  server.RaftServerConfigKeys (ConfUtils.java:logGet(43)) - raft.server.retrycache.expirytime = 600000ms (custom)
2019-06-14 07:39:34,436 INFO  impl.RaftServerImpl (RaftServerImpl.java:start(173)) - 837be8a4-d5fd-444e-bd4d-ade02a35d707: start group-6EFD2F01AC01
2019-06-14 07:39:34,436 INFO  impl.RaftServerImpl (RaftServerImpl.java:setRole(164)) - 837be8a4-d5fd-444e-bd4d-ade02a35d707:group-6EFD2F01AC01 changes role from null to FOLLOWER at term 0 for startAsFollower
2019-06-14 07:39:34,436 INFO  impl.RoleInfo (RoleInfo.java:updateAndGet(143)) - 837be8a4-d5fd-444e-bd4d-ade02a35d707: start FollowerState
2019-06-14 07:39:34,436 INFO  util.JmxRegister (JmxRegister.java:tryRegister(44)) - Successfully registered JMX Bean with object name Ratis:service=RaftServer,group=group-6EFD2F01AC01,id=837be8a4-d5fd-444e-bd4d-ade02a35d707
2019-06-14 07:39:34,443 INFO  pipeline.PipelineStateManager (PipelineStateManager.java:addPipeline(56)) - Created pipeline Pipeline[ Id: aaedd709-dfc5-419c-92d3-6efd2f01ac01, Nodes: 837be8a4-d5fd-444e-bd4d-ade02a35d707{ip: 192.168.134.69, host: ozone-tm9qp-197714850, networkLocation: /default-rack, certSerialId: null}, Type:RATIS, Factor:ONE, State:OPEN]
2019-06-14 07:39:34,545 INFO  node.SCMNodeManager (SCMNodeManager.java:register(234)) - Registered Data node : 43d43680-0de6-4d78-ad3e-02d8dd48e337{ip: 192.168.134.69, host: ozone-tm9qp-197714850, networkLocation: /default-rack, certSerialId: null}
2019-06-14 07:39:34,552 INFO  impl.RaftServerProxy (RaftServerProxy.java:addNew(89)) - 43d43680-0de6-4d78-ad3e-02d8dd48e337: addNew group-289266F8B8DF:[43d43680-0de6-4d78-ad3e-02d8dd48e337:192.168.134.69:40219] returns group-289266F8B8DF:java.util.concurrent.CompletableFuture@1e079a5e[Not completed]
2019-06-14 07:39:34,552 INFO  impl.RaftServerImpl (RaftServerImpl.java:<init>(91)) - 43d43680-0de6-4d78-ad3e-02d8dd48e337: new RaftServerImpl for group-289266F8B8DF:[43d43680-0de6-4d78-ad3e-02d8dd48e337:192.168.134.69:40219] with ContainerStateMachine:uninitialized
2019-06-14 07:39:34,552 INFO  server.RaftServerConfigKeys (ConfUtils.java:logGet(43)) - raft.server.rpc.timeout.min = 1s (custom)
2019-06-14 07:39:34,553 INFO  server.RaftServerConfigKeys (ConfUtils.java:logGet(43)) - raft.server.rpc.timeout.max = 1200ms (custom)
2019-06-14 07:39:34,553 INFO  server.RaftServerConfigKeys (ConfUtils.java:logGet(43)) - raft.server.rpcslowness.timeout = 120s (custom)
2019-06-14 07:39:34,553 INFO  server.RaftServerConfigKeys (ConfUtils.java:logGet(43)) - raft.server.log.appender.install.snapshot.enabled = true (default)
2019-06-14 07:39:34,553 INFO  impl.RaftServerImpl (ServerState.java:<init>(101)) - 43d43680-0de6-4d78-ad3e-02d8dd48e337:group-289266F8B8DF ConfigurationManager, init=-1: [43d43680-0de6-4d78-ad3e-02d8dd48e337:192.168.134.69:40219], old=null, confs=<EMPTY_MAP>
2019-06-14 07:39:34,553 INFO  server.RaftServerConfigKeys (ConfUtils.java:logGet(43)) - raft.server.storage.dir = [/opt/src/hadoop-ozone/integration-test/target/test-dir/MiniOzoneClusterImpl-a27c14c1-682b-4cec-abd9-34db4490df93/datanode-4/data/ratis] (custom)
2019-06-14 07:39:34,553 INFO  storage.RaftStorageDirectory (RaftStorageDirectory.java:analyzeStorage(246)) - The storage directory /opt/src/hadoop-ozone/integration-test/target/test-dir/MiniOzoneClusterImpl-a27c14c1-682b-4cec-abd9-34db4490df93/datanode-4/data/ratis/75b1b496-67c9-4392-a005-289266f8b8df does not exist. Creating ...
2019-06-14 07:39:34,556 INFO  storage.RaftStorageDirectory (RaftStorageDirectory.java:tryLock(328)) - Lock on /opt/src/hadoop-ozone/integration-test/target/test-dir/MiniOzoneClusterImpl-a27c14c1-682b-4cec-abd9-34db4490df93/datanode-4/data/ratis/75b1b496-67c9-4392-a005-289266f8b8df/in_use.lock acquired by nodename 11294@ozone-tm9qp-197714850
2019-06-14 07:39:34,558 INFO  storage.RaftStorage (RaftStorage.java:format(75)) - Storage directory /opt/src/hadoop-ozone/integration-test/target/test-dir/MiniOzoneClusterImpl-a27c14c1-682b-4cec-abd9-34db4490df93/datanode-4/data/ratis/75b1b496-67c9-4392-a005-289266f8b8df has been successfully formatted.
2019-06-14 07:39:34,558 INFO  ratis.ContainerStateMachine (ContainerStateMachine.java:loadSnapshot(199)) - The snapshot info is null.Setting the last applied index to:(t:0, i:~)
2019-06-14 07:39:34,558 INFO  server.RaftServerConfigKeys (ConfUtils.java:logGet(43)) - raft.server.leader.election.timeout = 120s (custom)
2019-06-14 07:39:34,558 INFO  server.RaftServerConfigKeys (ConfUtils.java:logGet(43)) - raft.server.log.use.memory = false (default)
2019-06-14 07:39:34,558 INFO  server.RaftServerConfigKeys (ConfUtils.java:logGet(43)) - raft.server.log.appender.buffer.byte-limit = 33554432 (custom)
2019-06-14 07:39:34,558 INFO  server.RaftServerConfigKeys (ConfUtils.java:logGet(43)) - raft.server.log.segment.size.max = 16384 (custom)
2019-06-14 07:39:34,558 INFO  server.RaftServerConfigKeys (ConfUtils.java:logGet(43)) - raft.server.log.segment.cache.num.max = 2 (custom)
2019-06-14 07:39:34,558 INFO  storage.RaftLogWorker (RaftLogWorker.java:<init>(123)) - new 43d43680-0de6-4d78-ad3e-02d8dd48e337-RaftLogWorker for Storage Directory /opt/src/hadoop-ozone/integration-test/target/test-dir/MiniOzoneClusterImpl-a27c14c1-682b-4cec-abd9-34db4490df93/datanode-4/data/ratis/75b1b496-67c9-4392-a005-289266f8b8df
2019-06-14 07:39:34,558 INFO  server.RaftServerConfigKeys (ConfUtils.java:logGet(43)) - raft.server.log.queue.byte-limit = 2147483647 (custom)
2019-06-14 07:39:34,558 INFO  server.RaftServerConfigKeys (ConfUtils.java:logGet(43)) - raft.server.log.queue.element-limit = 1024 (custom)
2019-06-14 07:39:34,558 INFO  server.RaftServerConfigKeys (ConfUtils.java:logGet(43)) - raft.server.log.segment.size.max = 16384 (custom)
2019-06-14 07:39:34,558 INFO  server.RaftServerConfigKeys (ConfUtils.java:logGet(43)) - raft.server.log.preallocated.size = 16384 (custom)
2019-06-14 07:39:34,559 INFO  server.RaftServerConfigKeys (ConfUtils.java:logGet(43)) - raft.server.log.write.buffer.size = 33554432 (custom)
2019-06-14 07:39:34,559 INFO  server.RaftServerConfigKeys (ConfUtils.java:logGet(43)) - raft.server.log.force.sync.num = 128 (default)
2019-06-14 07:39:34,559 INFO  server.RaftServerConfigKeys (ConfUtils.java:logGet(43)) - raft.server.log.statemachine.data.sync = true (default)
2019-06-14 07:39:34,559 INFO  server.RaftServerConfigKeys (ConfUtils.java:logGet(43)) - raft.server.log.statemachine.data.sync.timeout = 10s (default)
2019-06-14 07:39:34,559 INFO  server.RaftServerConfigKeys (ConfUtils.java:logGet(43)) - raft.server.log.statemachine.data.sync.timeout.retry = -1 (default)
2019-06-14 07:39:34,559 INFO  server.RaftServerConfigKeys (ConfUtils.java:logGet(43)) - raft.server.log.statemachine.data.caching.enabled = true (custom)
2019-06-14 07:39:34,559 INFO  server.RaftServerConfigKeys (ConfUtils.java:logGet(43)) - raft.server.snapshot.auto.trigger.enabled = true (custom)
2019-06-14 07:39:34,559 INFO  server.RaftServerConfigKeys (ConfUtils.java:logGet(43)) - raft.server.snapshot.auto.trigger.threshold = 10000 (custom)
2019-06-14 07:39:34,559 INFO  server.RaftServerConfigKeys (ConfUtils.java:logGet(43)) - raft.server.retrycache.expirytime = 600000ms (custom)
2019-06-14 07:39:34,559 INFO  impl.RaftServerImpl (RaftServerImpl.java:start(173)) - 43d43680-0de6-4d78-ad3e-02d8dd48e337: start group-289266F8B8DF
2019-06-14 07:39:34,559 INFO  impl.RaftServerImpl (RaftServerImpl.java:setRole(164)) - 43d43680-0de6-4d78-ad3e-02d8dd48e337:group-289266F8B8DF changes role from null to FOLLOWER at term 0 for startAsFollower
2019-06-14 07:39:34,560 INFO  impl.RoleInfo (RoleInfo.java:updateAndGet(143)) - 43d43680-0de6-4d78-ad3e-02d8dd48e337: start FollowerState
2019-06-14 07:39:34,560 INFO  util.JmxRegister (JmxRegister.java:tryRegister(44)) - Successfully registered JMX Bean with object name Ratis:service=RaftServer,group=group-289266F8B8DF,id=43d43680-0de6-4d78-ad3e-02d8dd48e337
2019-06-14 07:39:34,561 INFO  pipeline.PipelineStateManager (PipelineStateManager.java:addPipeline(56)) - Created pipeline Pipeline[ Id: 75b1b496-67c9-4392-a005-289266f8b8df, Nodes: 43d43680-0de6-4d78-ad3e-02d8dd48e337{ip: 192.168.134.69, host: ozone-tm9qp-197714850, networkLocation: /default-rack, certSerialId: null}, Type:RATIS, Factor:ONE, State:OPEN]
2019-06-14 07:39:34,686 INFO  node.SCMNodeManager (SCMNodeManager.java:register(234)) - Registered Data node : c0f3488a-cd12-4adc-adfb-b0849b4c8847{ip: 192.168.134.69, host: ozone-tm9qp-197714850, networkLocation: /default-rack, certSerialId: null}
2019-06-14 07:39:34,692 INFO  impl.RaftServerProxy (RaftServerProxy.java:addNew(89)) - c0f3488a-cd12-4adc-adfb-b0849b4c8847: addNew group-2808AD36DEDE:[c0f3488a-cd12-4adc-adfb-b0849b4c8847:192.168.134.69:41899] returns group-2808AD36DEDE:java.util.concurrent.CompletableFuture@3016857a[Not completed]
2019-06-14 07:39:34,693 INFO  impl.RaftServerImpl (RaftServerImpl.java:<init>(91)) - c0f3488a-cd12-4adc-adfb-b0849b4c8847: new RaftServerImpl for group-2808AD36DEDE:[c0f3488a-cd12-4adc-adfb-b0849b4c8847:192.168.134.69:41899] with ContainerStateMachine:uninitialized
2019-06-14 07:39:34,693 INFO  server.RaftServerConfigKeys (ConfUtils.java:logGet(43)) - raft.server.rpc.timeout.min = 1s (custom)
2019-06-14 07:39:34,693 INFO  server.RaftServerConfigKeys (ConfUtils.java:logGet(43)) - raft.server.rpc.timeout.max = 1200ms (custom)
2019-06-14 07:39:34,693 INFO  server.RaftServerConfigKeys (ConfUtils.java:logGet(43)) - raft.server.rpcslowness.timeout = 120s (custom)
2019-06-14 07:39:34,693 INFO  server.RaftServerConfigKeys (ConfUtils.java:logGet(43)) - raft.server.log.appender.install.snapshot.enabled = true (default)
2019-06-14 07:39:34,693 INFO  impl.RaftServerImpl (ServerState.java:<init>(101)) - c0f3488a-cd12-4adc-adfb-b0849b4c8847:group-2808AD36DEDE ConfigurationManager, init=-1: [c0f3488a-cd12-4adc-adfb-b0849b4c8847:192.168.134.69:41899], old=null, confs=<EMPTY_MAP>
2019-06-14 07:39:34,693 INFO  server.RaftServerConfigKeys (ConfUtils.java:logGet(43)) - raft.server.storage.dir = [/opt/src/hadoop-ozone/integration-test/target/test-dir/MiniOzoneClusterImpl-a27c14c1-682b-4cec-abd9-34db4490df93/datanode-5/data/ratis] (custom)
2019-06-14 07:39:34,693 INFO  storage.RaftStorageDirectory (RaftStorageDirectory.java:analyzeStorage(246)) - The storage directory /opt/src/hadoop-ozone/integration-test/target/test-dir/MiniOzoneClusterImpl-a27c14c1-682b-4cec-abd9-34db4490df93/datanode-5/data/ratis/db0e2e3a-1513-4012-ad69-2808ad36dede does not exist. Creating ...
2019-06-14 07:39:34,696 INFO  storage.RaftStorageDirectory (RaftStorageDirectory.java:tryLock(328)) - Lock on /opt/src/hadoop-ozone/integration-test/target/test-dir/MiniOzoneClusterImpl-a27c14c1-682b-4cec-abd9-34db4490df93/datanode-5/data/ratis/db0e2e3a-1513-4012-ad69-2808ad36dede/in_use.lock acquired by nodename 11294@ozone-tm9qp-197714850
2019-06-14 07:39:34,698 INFO  storage.RaftStorage (RaftStorage.java:format(75)) - Storage directory /opt/src/hadoop-ozone/integration-test/target/test-dir/MiniOzoneClusterImpl-a27c14c1-682b-4cec-abd9-34db4490df93/datanode-5/data/ratis/db0e2e3a-1513-4012-ad69-2808ad36dede has been successfully formatted.
2019-06-14 07:39:34,698 INFO  ratis.ContainerStateMachine (ContainerStateMachine.java:loadSnapshot(199)) - The snapshot info is null.Setting the last applied index to:(t:0, i:~)
2019-06-14 07:39:34,698 INFO  server.RaftServerConfigKeys (ConfUtils.java:logGet(43)) - raft.server.leader.election.timeout = 120s (custom)
2019-06-14 07:39:34,698 INFO  server.RaftServerConfigKeys (ConfUtils.java:logGet(43)) - raft.server.log.use.memory = false (default)
2019-06-14 07:39:34,698 INFO  server.RaftServerConfigKeys (ConfUtils.java:logGet(43)) - raft.server.log.appender.buffer.byte-limit = 33554432 (custom)
2019-06-14 07:39:34,698 INFO  server.RaftServerConfigKeys (ConfUtils.java:logGet(43)) - raft.server.log.segment.size.max = 16384 (custom)
2019-06-14 07:39:34,698 INFO  server.RaftServerConfigKeys (ConfUtils.java:logGet(43)) - raft.server.log.segment.cache.num.max = 2 (custom)
2019-06-14 07:39:34,698 INFO  storage.RaftLogWorker (RaftLogWorker.java:<init>(123)) - new c0f3488a-cd12-4adc-adfb-b0849b4c8847-RaftLogWorker for Storage Directory /opt/src/hadoop-ozone/integration-test/target/test-dir/MiniOzoneClusterImpl-a27c14c1-682b-4cec-abd9-34db4490df93/datanode-5/data/ratis/db0e2e3a-1513-4012-ad69-2808ad36dede
2019-06-14 07:39:34,698 INFO  server.RaftServerConfigKeys (ConfUtils.java:logGet(43)) - raft.server.log.queue.byte-limit = 2147483647 (custom)
2019-06-14 07:39:34,698 INFO  server.RaftServerConfigKeys (ConfUtils.java:logGet(43)) - raft.server.log.queue.element-limit = 1024 (custom)
2019-06-14 07:39:34,698 INFO  server.RaftServerConfigKeys (ConfUtils.java:logGet(43)) - raft.server.log.segment.size.max = 16384 (custom)
2019-06-14 07:39:34,699 INFO  server.RaftServerConfigKeys (ConfUtils.java:logGet(43)) - raft.server.log.preallocated.size = 16384 (custom)
2019-06-14 07:39:34,699 INFO  server.RaftServerConfigKeys (ConfUtils.java:logGet(43)) - raft.server.log.write.buffer.size = 33554432 (custom)
2019-06-14 07:39:34,699 INFO  server.RaftServerConfigKeys (ConfUtils.java:logGet(43)) - raft.server.log.force.sync.num = 128 (default)
2019-06-14 07:39:34,699 INFO  server.RaftServerConfigKeys (ConfUtils.java:logGet(43)) - raft.server.log.statemachine.data.sync = true (default)
2019-06-14 07:39:34,699 INFO  server.RaftServerConfigKeys (ConfUtils.java:logGet(43)) - raft.server.log.statemachine.data.sync.timeout = 10s (default)
2019-06-14 07:39:34,699 INFO  server.RaftServerConfigKeys (ConfUtils.java:logGet(43)) - raft.server.log.statemachine.data.sync.timeout.retry = -1 (default)
2019-06-14 07:39:34,699 INFO  server.RaftServerConfigKeys (ConfUtils.java:logGet(43)) - raft.server.log.statemachine.data.caching.enabled = true (custom)
2019-06-14 07:39:34,699 INFO  server.RaftServerConfigKeys (ConfUtils.java:logGet(43)) - raft.server.snapshot.auto.trigger.enabled = true (custom)
2019-06-14 07:39:34,699 INFO  server.RaftServerConfigKeys (ConfUtils.java:logGet(43)) - raft.server.snapshot.auto.trigger.threshold = 10000 (custom)
2019-06-14 07:39:34,699 INFO  server.RaftServerConfigKeys (ConfUtils.java:logGet(43)) - raft.server.retrycache.expirytime = 600000ms (custom)
2019-06-14 07:39:34,700 INFO  impl.RaftServerImpl (RaftServerImpl.java:start(173)) - c0f3488a-cd12-4adc-adfb-b0849b4c8847: start group-2808AD36DEDE
2019-06-14 07:39:34,700 INFO  impl.RaftServerImpl (RaftServerImpl.java:setRole(164)) - c0f3488a-cd12-4adc-adfb-b0849b4c8847:group-2808AD36DEDE changes role from null to FOLLOWER at term 0 for startAsFollower
2019-06-14 07:39:34,700 INFO  impl.RoleInfo (RoleInfo.java:updateAndGet(143)) - c0f3488a-cd12-4adc-adfb-b0849b4c8847: start FollowerState
2019-06-14 07:39:34,700 INFO  util.JmxRegister (JmxRegister.java:tryRegister(44)) - Successfully registered JMX Bean with object name Ratis:service=RaftServer,group=group-2808AD36DEDE,id=c0f3488a-cd12-4adc-adfb-b0849b4c8847
2019-06-14 07:39:34,701 INFO  pipeline.PipelineStateManager (PipelineStateManager.java:addPipeline(56)) - Created pipeline Pipeline[ Id: db0e2e3a-1513-4012-ad69-2808ad36dede, Nodes: c0f3488a-cd12-4adc-adfb-b0849b4c8847{ip: 192.168.134.69, host: ozone-tm9qp-197714850, networkLocation: /default-rack, certSerialId: null}, Type:RATIS, Factor:ONE, State:OPEN]
2019-06-14 07:39:34,716 INFO  impl.RaftServerProxy (RaftServerProxy.java:addNew(89)) - c0f3488a-cd12-4adc-adfb-b0849b4c8847: addNew group-CD9282DD3767:[43d43680-0de6-4d78-ad3e-02d8dd48e337:192.168.134.69:40219, 837be8a4-d5fd-444e-bd4d-ade02a35d707:192.168.134.69:37713, c0f3488a-cd12-4adc-adfb-b0849b4c8847:192.168.134.69:41899] returns group-CD9282DD3767:java.util.concurrent.CompletableFuture@306269eb[Not completed]
2019-06-14 07:39:34,717 INFO  impl.RaftServerImpl (RaftServerImpl.java:<init>(91)) - c0f3488a-cd12-4adc-adfb-b0849b4c8847: new RaftServerImpl for group-CD9282DD3767:[43d43680-0de6-4d78-ad3e-02d8dd48e337:192.168.134.69:40219, 837be8a4-d5fd-444e-bd4d-ade02a35d707:192.168.134.69:37713, c0f3488a-cd12-4adc-adfb-b0849b4c8847:192.168.134.69:41899] with ContainerStateMachine:uninitialized
2019-06-14 07:39:34,717 INFO  server.RaftServerConfigKeys (ConfUtils.java:logGet(43)) - raft.server.rpc.timeout.min = 1s (custom)
2019-06-14 07:39:34,717 INFO  server.RaftServerConfigKeys (ConfUtils.java:logGet(43)) - raft.server.rpc.timeout.max = 1200ms (custom)
2019-06-14 07:39:34,717 INFO  impl.RaftServerProxy (RaftServerProxy.java:addNew(89)) - 837be8a4-d5fd-444e-bd4d-ade02a35d707: addNew group-CD9282DD3767:[43d43680-0de6-4d78-ad3e-02d8dd48e337:192.168.134.69:40219, 837be8a4-d5fd-444e-bd4d-ade02a35d707:192.168.134.69:37713, c0f3488a-cd12-4adc-adfb-b0849b4c8847:192.168.134.69:41899] returns group-CD9282DD3767:java.util.concurrent.CompletableFuture@6ff6186a[Not completed]
2019-06-14 07:39:34,717 INFO  server.RaftServerConfigKeys (ConfUtils.java:logGet(43)) - raft.server.rpcslowness.timeout = 120s (custom)
2019-06-14 07:39:34,717 INFO  impl.RaftServerProxy (RaftServerProxy.java:addNew(89)) - 43d43680-0de6-4d78-ad3e-02d8dd48e337: addNew group-CD9282DD3767:[43d43680-0de6-4d78-ad3e-02d8dd48e337:192.168.134.69:40219, 837be8a4-d5fd-444e-bd4d-ade02a35d707:192.168.134.69:37713, c0f3488a-cd12-4adc-adfb-b0849b4c8847:192.168.134.69:41899] returns group-CD9282DD3767:java.util.concurrent.CompletableFuture@21267ae0[Not completed]
2019-06-14 07:39:34,717 INFO  impl.RaftServerImpl (RaftServerImpl.java:<init>(91)) - 43d43680-0de6-4d78-ad3e-02d8dd48e337: new RaftServerImpl for group-CD9282DD3767:[43d43680-0de6-4d78-ad3e-02d8dd48e337:192.168.134.69:40219, 837be8a4-d5fd-444e-bd4d-ade02a35d707:192.168.134.69:37713, c0f3488a-cd12-4adc-adfb-b0849b4c8847:192.168.134.69:41899] with ContainerStateMachine:uninitialized
2019-06-14 07:39:34,717 INFO  server.RaftServerConfigKeys (ConfUtils.java:logGet(43)) - raft.server.log.appender.install.snapshot.enabled = true (default)
2019-06-14 07:39:34,717 INFO  server.RaftServerConfigKeys (ConfUtils.java:logGet(43)) - raft.server.rpc.timeout.min = 1s (custom)
2019-06-14 07:39:34,717 INFO  impl.RaftServerImpl (RaftServerImpl.java:<init>(91)) - 837be8a4-d5fd-444e-bd4d-ade02a35d707: new RaftServerImpl for group-CD9282DD3767:[43d43680-0de6-4d78-ad3e-02d8dd48e337:192.168.134.69:40219, 837be8a4-d5fd-444e-bd4d-ade02a35d707:192.168.134.69:37713, c0f3488a-cd12-4adc-adfb-b0849b4c8847:192.168.134.69:41899] with ContainerStateMachine:uninitialized
2019-06-14 07:39:34,717 INFO  impl.RaftServerImpl (ServerState.java:<init>(101)) - c0f3488a-cd12-4adc-adfb-b0849b4c8847:group-CD9282DD3767 ConfigurationManager, init=-1: [43d43680-0de6-4d78-ad3e-02d8dd48e337:192.168.134.69:40219, 837be8a4-d5fd-444e-bd4d-ade02a35d707:192.168.134.69:37713, c0f3488a-cd12-4adc-adfb-b0849b4c8847:192.168.134.69:41899], old=null, confs=<EMPTY_MAP>
2019-06-14 07:39:34,718 INFO  server.RaftServerConfigKeys (ConfUtils.java:logGet(43)) - raft.server.rpc.timeout.min = 1s (custom)
2019-06-14 07:39:34,717 INFO  server.RaftServerConfigKeys (ConfUtils.java:logGet(43)) - raft.server.rpc.timeout.max = 1200ms (custom)
2019-06-14 07:39:34,718 INFO  server.RaftServerConfigKeys (ConfUtils.java:logGet(43)) - raft.server.storage.dir = [/opt/src/hadoop-ozone/integration-test/target/test-dir/MiniOzoneClusterImpl-a27c14c1-682b-4cec-abd9-34db4490df93/datanode-5/data/ratis] (custom)
2019-06-14 07:39:34,718 INFO  server.RaftServerConfigKeys (ConfUtils.java:logGet(43)) - raft.server.rpc.timeout.max = 1200ms (custom)
2019-06-14 07:39:34,718 INFO  server.RaftServerConfigKeys (ConfUtils.java:logGet(43)) - raft.server.rpcslowness.timeout = 120s (custom)
2019-06-14 07:39:34,718 INFO  server.RaftServerConfigKeys (ConfUtils.java:logGet(43)) - raft.server.rpcslowness.timeout = 120s (custom)
2019-06-14 07:39:34,718 INFO  storage.RaftStorageDirectory (RaftStorageDirectory.java:analyzeStorage(246)) - The storage directory /opt/src/hadoop-ozone/integration-test/target/test-dir/MiniOzoneClusterImpl-a27c14c1-682b-4cec-abd9-34db4490df93/datanode-5/data/ratis/02c61663-35b0-4c01-89d3-cd9282dd3767 does not exist. Creating ...
2019-06-14 07:39:34,718 INFO  server.RaftServerConfigKeys (ConfUtils.java:logGet(43)) - raft.server.log.appender.install.snapshot.enabled = true (default)
2019-06-14 07:39:34,718 INFO  server.RaftServerConfigKeys (ConfUtils.java:logGet(43)) - raft.server.log.appender.install.snapshot.enabled = true (default)
2019-06-14 07:39:34,718 INFO  impl.RaftServerImpl (ServerState.java:<init>(101)) - 43d43680-0de6-4d78-ad3e-02d8dd48e337:group-CD9282DD3767 ConfigurationManager, init=-1: [43d43680-0de6-4d78-ad3e-02d8dd48e337:192.168.134.69:40219, 837be8a4-d5fd-444e-bd4d-ade02a35d707:192.168.134.69:37713, c0f3488a-cd12-4adc-adfb-b0849b4c8847:192.168.134.69:41899], old=null, confs=<EMPTY_MAP>
2019-06-14 07:39:34,718 INFO  impl.RaftServerImpl (ServerState.java:<init>(101)) - 837be8a4-d5fd-444e-bd4d-ade02a35d707:group-CD9282DD3767 ConfigurationManager, init=-1: [43d43680-0de6-4d78-ad3e-02d8dd48e337:192.168.134.69:40219, 837be8a4-d5fd-444e-bd4d-ade02a35d707:192.168.134.69:37713, c0f3488a-cd12-4adc-adfb-b0849b4c8847:192.168.134.69:41899], old=null, confs=<EMPTY_MAP>
2019-06-14 07:39:34,718 INFO  server.RaftServerConfigKeys (ConfUtils.java:logGet(43)) - raft.server.storage.dir = [/opt/src/hadoop-ozone/integration-test/target/test-dir/MiniOzoneClusterImpl-a27c14c1-682b-4cec-abd9-34db4490df93/datanode-4/data/ratis] (custom)
2019-06-14 07:39:34,719 INFO  server.RaftServerConfigKeys (ConfUtils.java:logGet(43)) - raft.server.storage.dir = [/opt/src/hadoop-ozone/integration-test/target/test-dir/MiniOzoneClusterImpl-a27c14c1-682b-4cec-abd9-34db4490df93/datanode-3/data/ratis] (custom)
2019-06-14 07:39:34,719 INFO  storage.RaftStorageDirectory (RaftStorageDirectory.java:analyzeStorage(246)) - The storage directory /opt/src/hadoop-ozone/integration-test/target/test-dir/MiniOzoneClusterImpl-a27c14c1-682b-4cec-abd9-34db4490df93/datanode-4/data/ratis/02c61663-35b0-4c01-89d3-cd9282dd3767 does not exist. Creating ...
2019-06-14 07:39:34,719 INFO  storage.RaftStorageDirectory (RaftStorageDirectory.java:analyzeStorage(246)) - The storage directory /opt/src/hadoop-ozone/integration-test/target/test-dir/MiniOzoneClusterImpl-a27c14c1-682b-4cec-abd9-34db4490df93/datanode-3/data/ratis/02c61663-35b0-4c01-89d3-cd9282dd3767 does not exist. Creating ...
2019-06-14 07:39:34,721 INFO  storage.RaftStorageDirectory (RaftStorageDirectory.java:tryLock(328)) - Lock on /opt/src/hadoop-ozone/integration-test/target/test-dir/MiniOzoneClusterImpl-a27c14c1-682b-4cec-abd9-34db4490df93/datanode-4/data/ratis/02c61663-35b0-4c01-89d3-cd9282dd3767/in_use.lock acquired by nodename 11294@ozone-tm9qp-197714850
2019-06-14 07:39:34,721 INFO  storage.RaftStorageDirectory (RaftStorageDirectory.java:tryLock(328)) - Lock on /opt/src/hadoop-ozone/integration-test/target/test-dir/MiniOzoneClusterImpl-a27c14c1-682b-4cec-abd9-34db4490df93/datanode-5/data/ratis/02c61663-35b0-4c01-89d3-cd9282dd3767/in_use.lock acquired by nodename 11294@ozone-tm9qp-197714850
2019-06-14 07:39:34,721 INFO  storage.RaftStorageDirectory (RaftStorageDirectory.java:tryLock(328)) - Lock on /opt/src/hadoop-ozone/integration-test/target/test-dir/MiniOzoneClusterImpl-a27c14c1-682b-4cec-abd9-34db4490df93/datanode-3/data/ratis/02c61663-35b0-4c01-89d3-cd9282dd3767/in_use.lock acquired by nodename 11294@ozone-tm9qp-197714850
2019-06-14 07:39:34,723 INFO  storage.RaftStorage (RaftStorage.java:format(75)) - Storage directory /opt/src/hadoop-ozone/integration-test/target/test-dir/MiniOzoneClusterImpl-a27c14c1-682b-4cec-abd9-34db4490df93/datanode-5/data/ratis/02c61663-35b0-4c01-89d3-cd9282dd3767 has been successfully formatted.
2019-06-14 07:39:34,723 INFO  storage.RaftStorage (RaftStorage.java:format(75)) - Storage directory /opt/src/hadoop-ozone/integration-test/target/test-dir/MiniOzoneClusterImpl-a27c14c1-682b-4cec-abd9-34db4490df93/datanode-4/data/ratis/02c61663-35b0-4c01-89d3-cd9282dd3767 has been successfully formatted.
2019-06-14 07:39:34,723 INFO  storage.RaftStorage (RaftStorage.java:format(75)) - Storage directory /opt/src/hadoop-ozone/integration-test/target/test-dir/MiniOzoneClusterImpl-a27c14c1-682b-4cec-abd9-34db4490df93/datanode-3/data/ratis/02c61663-35b0-4c01-89d3-cd9282dd3767 has been successfully formatted.
2019-06-14 07:39:34,723 INFO  ratis.ContainerStateMachine (ContainerStateMachine.java:loadSnapshot(199)) - The snapshot info is null.Setting the last applied index to:(t:0, i:~)
2019-06-14 07:39:34,723 INFO  ratis.ContainerStateMachine (ContainerStateMachine.java:loadSnapshot(199)) - The snapshot info is null.Setting the last applied index to:(t:0, i:~)
2019-06-14 07:39:34,723 INFO  server.RaftServerConfigKeys (ConfUtils.java:logGet(43)) - raft.server.leader.election.timeout = 120s (custom)
2019-06-14 07:39:34,723 INFO  ratis.ContainerStateMachine (ContainerStateMachine.java:loadSnapshot(199)) - The snapshot info is null.Setting the last applied index to:(t:0, i:~)
2019-06-14 07:39:34,724 INFO  server.RaftServerConfigKeys (ConfUtils.java:logGet(43)) - raft.server.log.use.memory = false (default)
2019-06-14 07:39:34,723 INFO  server.RaftServerConfigKeys (ConfUtils.java:logGet(43)) - raft.server.leader.election.timeout = 120s (custom)
2019-06-14 07:39:34,724 INFO  server.RaftServerConfigKeys (ConfUtils.java:logGet(43)) - raft.server.log.appender.buffer.byte-limit = 33554432 (custom)
2019-06-14 07:39:34,724 INFO  server.RaftServerConfigKeys (ConfUtils.java:logGet(43)) - raft.server.leader.election.timeout = 120s (custom)
2019-06-14 07:39:34,724 INFO  server.RaftServerConfigKeys (ConfUtils.java:logGet(43)) - raft.server.log.segment.size.max = 16384 (custom)
2019-06-14 07:39:34,724 INFO  server.RaftServerConfigKeys (ConfUtils.java:logGet(43)) - raft.server.log.use.memory = false (default)
2019-06-14 07:39:34,724 INFO  server.RaftServerConfigKeys (ConfUtils.java:logGet(43)) - raft.server.log.segment.cache.num.max = 2 (custom)
2019-06-14 07:39:34,724 INFO  server.RaftServerConfigKeys (ConfUtils.java:logGet(43)) - raft.server.log.use.memory = false (default)
2019-06-14 07:39:34,724 INFO  storage.RaftLogWorker (RaftLogWorker.java:<init>(123)) - new 43d43680-0de6-4d78-ad3e-02d8dd48e337-RaftLogWorker for Storage Directory /opt/src/hadoop-ozone/integration-test/target/test-dir/MiniOzoneClusterImpl-a27c14c1-682b-4cec-abd9-34db4490df93/datanode-4/data/ratis/02c61663-35b0-4c01-89d3-cd9282dd3767
2019-06-14 07:39:34,724 INFO  server.RaftServerConfigKeys (ConfUtils.java:logGet(43)) - raft.server.log.appender.buffer.byte-limit = 33554432 (custom)
2019-06-14 07:39:34,724 INFO  server.RaftServerConfigKeys (ConfUtils.java:logGet(43)) - raft.server.log.queue.byte-limit = 2147483647 (custom)
2019-06-14 07:39:34,724 INFO  server.RaftServerConfigKeys (ConfUtils.java:logGet(43)) - raft.server.log.appender.buffer.byte-limit = 33554432 (custom)
2019-06-14 07:39:34,724 INFO  server.RaftServerConfigKeys (ConfUtils.java:logGet(43)) - raft.server.log.queue.element-limit = 1024 (custom)
2019-06-14 07:39:34,725 INFO  server.RaftServerConfigKeys (ConfUtils.java:logGet(43)) - raft.server.log.segment.size.max = 16384 (custom)
2019-06-14 07:39:34,725 INFO  server.RaftServerConfigKeys (ConfUtils.java:logGet(43)) - raft.server.log.preallocated.size = 16384 (custom)
2019-06-14 07:39:34,724 INFO  server.RaftServerConfigKeys (ConfUtils.java:logGet(43)) - raft.server.log.segment.size.max = 16384 (custom)
2019-06-14 07:39:34,725 INFO  server.RaftServerConfigKeys (ConfUtils.java:logGet(43)) - raft.server.log.write.buffer.size = 33554432 (custom)
2019-06-14 07:39:34,724 INFO  server.RaftServerConfigKeys (ConfUtils.java:logGet(43)) - raft.server.log.segment.size.max = 16384 (custom)
2019-06-14 07:39:34,725 INFO  server.RaftServerConfigKeys (ConfUtils.java:logGet(43)) - raft.server.log.force.sync.num = 128 (default)
2019-06-14 07:39:34,725 INFO  server.RaftServerConfigKeys (ConfUtils.java:logGet(43)) - raft.server.log.segment.cache.num.max = 2 (custom)
2019-06-14 07:39:34,725 INFO  server.RaftServerConfigKeys (ConfUtils.java:logGet(43)) - raft.server.log.statemachine.data.sync = true (default)
2019-06-14 07:39:34,725 INFO  server.RaftServerConfigKeys (ConfUtils.java:logGet(43)) - raft.server.log.segment.cache.num.max = 2 (custom)
2019-06-14 07:39:34,725 INFO  server.RaftServerConfigKeys (ConfUtils.java:logGet(43)) - raft.server.log.statemachine.data.sync.timeout = 10s (default)
2019-06-14 07:39:34,725 INFO  storage.RaftLogWorker (RaftLogWorker.java:<init>(123)) - new c0f3488a-cd12-4adc-adfb-b0849b4c8847-RaftLogWorker for Storage Directory /opt/src/hadoop-ozone/integration-test/target/test-dir/MiniOzoneClusterImpl-a27c14c1-682b-4cec-abd9-34db4490df93/datanode-5/data/ratis/02c61663-35b0-4c01-89d3-cd9282dd3767
2019-06-14 07:39:34,725 INFO  server.RaftServerConfigKeys (ConfUtils.java:logGet(43)) - raft.server.log.statemachine.data.sync.timeout.retry = -1 (default)
2019-06-14 07:39:34,725 INFO  storage.RaftLogWorker (RaftLogWorker.java:<init>(123)) - new 837be8a4-d5fd-444e-bd4d-ade02a35d707-RaftLogWorker for Storage Directory /opt/src/hadoop-ozone/integration-test/target/test-dir/MiniOzoneClusterImpl-a27c14c1-682b-4cec-abd9-34db4490df93/datanode-3/data/ratis/02c61663-35b0-4c01-89d3-cd9282dd3767
2019-06-14 07:39:34,726 INFO  server.RaftServerConfigKeys (ConfUtils.java:logGet(43)) - raft.server.log.statemachine.data.caching.enabled = true (custom)
2019-06-14 07:39:34,725 INFO  server.RaftServerConfigKeys (ConfUtils.java:logGet(43)) - raft.server.log.queue.byte-limit = 2147483647 (custom)
2019-06-14 07:39:34,726 INFO  server.RaftServerConfigKeys (ConfUtils.java:logGet(43)) - raft.server.log.queue.byte-limit = 2147483647 (custom)
2019-06-14 07:39:34,726 INFO  server.RaftServerConfigKeys (ConfUtils.java:logGet(43)) - raft.server.log.queue.element-limit = 1024 (custom)
2019-06-14 07:39:34,726 INFO  server.RaftServerConfigKeys (ConfUtils.java:logGet(43)) - raft.server.log.segment.size.max = 16384 (custom)
2019-06-14 07:39:34,726 INFO  server.RaftServerConfigKeys (ConfUtils.java:logGet(43)) - raft.server.snapshot.auto.trigger.enabled = true (custom)
2019-06-14 07:39:34,726 INFO  server.RaftServerConfigKeys (ConfUtils.java:logGet(43)) - raft.server.log.queue.element-limit = 1024 (custom)
2019-06-14 07:39:34,726 INFO  server.RaftServerConfigKeys (ConfUtils.java:logGet(43)) - raft.server.log.preallocated.size = 16384 (custom)
2019-06-14 07:39:34,726 INFO  server.RaftServerConfigKeys (ConfUtils.java:logGet(43)) - raft.server.log.segment.size.max = 16384 (custom)
2019-06-14 07:39:34,726 INFO  server.RaftServerConfigKeys (ConfUtils.java:logGet(43)) - raft.server.snapshot.auto.trigger.threshold = 10000 (custom)
2019-06-14 07:39:34,726 INFO  server.RaftServerConfigKeys (ConfUtils.java:logGet(43)) - raft.server.log.preallocated.size = 16384 (custom)
2019-06-14 07:39:34,726 INFO  server.RaftServerConfigKeys (ConfUtils.java:logGet(43)) - raft.server.log.write.buffer.size = 33554432 (custom)
2019-06-14 07:39:34,726 INFO  server.RaftServerConfigKeys (ConfUtils.java:logGet(43)) - raft.server.log.write.buffer.size = 33554432 (custom)
2019-06-14 07:39:34,726 INFO  server.RaftServerConfigKeys (ConfUtils.java:logGet(43)) - raft.server.retrycache.expirytime = 600000ms (custom)
2019-06-14 07:39:34,727 INFO  server.RaftServerConfigKeys (ConfUtils.java:logGet(43)) - raft.server.log.force.sync.num = 128 (default)
2019-06-14 07:39:34,727 INFO  impl.RaftServerImpl (RaftServerImpl.java:start(173)) - 43d43680-0de6-4d78-ad3e-02d8dd48e337: start group-CD9282DD3767
2019-06-14 07:39:34,727 INFO  server.RaftServerConfigKeys (ConfUtils.java:logGet(43)) - raft.server.log.force.sync.num = 128 (default)
2019-06-14 07:39:34,727 INFO  impl.RaftServerImpl (RaftServerImpl.java:setRole(164)) - 43d43680-0de6-4d78-ad3e-02d8dd48e337:group-CD9282DD3767 changes role from null to FOLLOWER at term 0 for startAsFollower
2019-06-14 07:39:34,727 INFO  server.RaftServerConfigKeys (ConfUtils.java:logGet(43)) - raft.server.log.statemachine.data.sync = true (default)
2019-06-14 07:39:34,727 INFO  impl.RoleInfo (RoleInfo.java:updateAndGet(143)) - 43d43680-0de6-4d78-ad3e-02d8dd48e337: start FollowerState
2019-06-14 07:39:34,727 INFO  server.RaftServerConfigKeys (ConfUtils.java:logGet(43)) - raft.server.log.statemachine.data.sync = true (default)
2019-06-14 07:39:34,727 INFO  server.RaftServerConfigKeys (ConfUtils.java:logGet(43)) - raft.server.log.statemachine.data.sync.timeout = 10s (default)
2019-06-14 07:39:34,727 INFO  server.RaftServerConfigKeys (ConfUtils.java:logGet(43)) - raft.server.log.statemachine.data.sync.timeout.retry = -1 (default)
2019-06-14 07:39:34,727 INFO  server.RaftServerConfigKeys (ConfUtils.java:logGet(43)) - raft.server.log.statemachine.data.caching.enabled = true (custom)
2019-06-14 07:39:34,727 INFO  server.RaftServerConfigKeys (ConfUtils.java:logGet(43)) - raft.server.log.statemachine.data.sync.timeout = 10s (default)
2019-06-14 07:39:34,727 INFO  server.RaftServerConfigKeys (ConfUtils.java:logGet(43)) - raft.server.snapshot.auto.trigger.enabled = true (custom)
2019-06-14 07:39:34,727 INFO  util.JmxRegister (JmxRegister.java:tryRegister(44)) - Successfully registered JMX Bean with object name Ratis:service=RaftServer,group=group-CD9282DD3767,id=43d43680-0de6-4d78-ad3e-02d8dd48e337
2019-06-14 07:39:34,728 INFO  server.RaftServerConfigKeys (ConfUtils.java:logGet(43)) - raft.server.snapshot.auto.trigger.threshold = 10000 (custom)
2019-06-14 07:39:34,728 INFO  server.RaftServerConfigKeys (ConfUtils.java:logGet(43)) - raft.server.log.statemachine.data.sync.timeout.retry = -1 (default)
2019-06-14 07:39:34,728 INFO  server.RaftServerConfigKeys (ConfUtils.java:logGet(43)) - raft.server.retrycache.expirytime = 600000ms (custom)
2019-06-14 07:39:34,728 INFO  server.RaftServerConfigKeys (ConfUtils.java:logGet(43)) - raft.server.log.statemachine.data.caching.enabled = true (custom)
2019-06-14 07:39:34,728 INFO  impl.RaftServerImpl (RaftServerImpl.java:start(173)) - 837be8a4-d5fd-444e-bd4d-ade02a35d707: start group-CD9282DD3767
2019-06-14 07:39:34,728 INFO  impl.RaftServerImpl (RaftServerImpl.java:setRole(164)) - 837be8a4-d5fd-444e-bd4d-ade02a35d707:group-CD9282DD3767 changes role from null to FOLLOWER at term 0 for startAsFollower
2019-06-14 07:39:34,728 INFO  server.RaftServerConfigKeys (ConfUtils.java:logGet(43)) - raft.server.snapshot.auto.trigger.enabled = true (custom)
2019-06-14 07:39:34,729 INFO  impl.RoleInfo (RoleInfo.java:updateAndGet(143)) - 837be8a4-d5fd-444e-bd4d-ade02a35d707: start FollowerState
2019-06-14 07:39:34,729 INFO  server.RaftServerConfigKeys (ConfUtils.java:logGet(43)) - raft.server.snapshot.auto.trigger.threshold = 10000 (custom)
2019-06-14 07:39:34,729 INFO  server.RaftServerConfigKeys (ConfUtils.java:logGet(43)) - raft.server.retrycache.expirytime = 600000ms (custom)
2019-06-14 07:39:34,729 INFO  util.JmxRegister (JmxRegister.java:tryRegister(44)) - Successfully registered JMX Bean with object name Ratis:service=RaftServer,group=group-CD9282DD3767,id=837be8a4-d5fd-444e-bd4d-ade02a35d707
2019-06-14 07:39:34,729 INFO  impl.RaftServerImpl (RaftServerImpl.java:start(173)) - c0f3488a-cd12-4adc-adfb-b0849b4c8847: start group-CD9282DD3767
2019-06-14 07:39:34,729 INFO  impl.RaftServerImpl (RaftServerImpl.java:setRole(164)) - c0f3488a-cd12-4adc-adfb-b0849b4c8847:group-CD9282DD3767 changes role from null to FOLLOWER at term 0 for startAsFollower
2019-06-14 07:39:34,729 INFO  impl.RoleInfo (RoleInfo.java:updateAndGet(143)) - c0f3488a-cd12-4adc-adfb-b0849b4c8847: start FollowerState
2019-06-14 07:39:34,730 INFO  util.JmxRegister (JmxRegister.java:tryRegister(44)) - Successfully registered JMX Bean with object name Ratis:service=RaftServer,group=group-CD9282DD3767,id=c0f3488a-cd12-4adc-adfb-b0849b4c8847
2019-06-14 07:39:34,731 INFO  pipeline.PipelineStateManager (PipelineStateManager.java:addPipeline(56)) - Created pipeline Pipeline[ Id: 02c61663-35b0-4c01-89d3-cd9282dd3767, Nodes: 837be8a4-d5fd-444e-bd4d-ade02a35d707{ip: 192.168.134.69, host: ozone-tm9qp-197714850, networkLocation: /default-rack, certSerialId: null}43d43680-0de6-4d78-ad3e-02d8dd48e337{ip: 192.168.134.69, host: ozone-tm9qp-197714850, networkLocation: /default-rack, certSerialId: null}c0f3488a-cd12-4adc-adfb-b0849b4c8847{ip: 192.168.134.69, host: ozone-tm9qp-197714850, networkLocation: /default-rack, certSerialId: null}, Type:RATIS, Factor:THREE, State:OPEN]
2019-06-14 07:39:34,850 INFO  node.SCMNodeManager (SCMNodeManager.java:register(234)) - Registered Data node : 018815b6-cd09-4598-9c07-f4b4fdcf9d15{ip: 192.168.134.69, host: ozone-tm9qp-197714850, networkLocation: /default-rack, certSerialId: null}
2019-06-14 07:39:34,850 INFO  ozone.MiniOzoneClusterImpl (MiniOzoneClusterImpl.java:lambda$waitForClusterToBeReady$0(142)) - Cluster is ready. Got 7 of 7 DN Heartbeats.
2019-06-14 07:39:34,869 INFO  impl.RaftServerProxy (RaftServerProxy.java:addNew(89)) - 018815b6-cd09-4598-9c07-f4b4fdcf9d15: addNew group-64DAF33C5BDC:[018815b6-cd09-4598-9c07-f4b4fdcf9d15:192.168.134.69:39307] returns group-64DAF33C5BDC:java.util.concurrent.CompletableFuture@315daebe[Not completed]
2019-06-14 07:39:34,873 INFO  impl.RaftServerImpl (RaftServerImpl.java:<init>(91)) - 018815b6-cd09-4598-9c07-f4b4fdcf9d15: new RaftServerImpl for group-64DAF33C5BDC:[018815b6-cd09-4598-9c07-f4b4fdcf9d15:192.168.134.69:39307] with ContainerStateMachine:uninitialized
2019-06-14 07:39:34,873 INFO  server.RaftServerConfigKeys (ConfUtils.java:logGet(43)) - raft.server.rpc.timeout.min = 1s (custom)
2019-06-14 07:39:34,873 INFO  server.RaftServerConfigKeys (ConfUtils.java:logGet(43)) - raft.server.rpc.timeout.max = 1200ms (custom)
2019-06-14 07:39:34,873 INFO  server.RaftServerConfigKeys (ConfUtils.java:logGet(43)) - raft.server.rpcslowness.timeout = 120s (custom)
2019-06-14 07:39:34,875 INFO  server.RaftServerConfigKeys (ConfUtils.java:logGet(43)) - raft.server.log.appender.install.snapshot.enabled = true (default)
2019-06-14 07:39:34,876 INFO  impl.RaftServerImpl (ServerState.java:<init>(101)) - 018815b6-cd09-4598-9c07-f4b4fdcf9d15:group-64DAF33C5BDC ConfigurationManager, init=-1: [018815b6-cd09-4598-9c07-f4b4fdcf9d15:192.168.134.69:39307], old=null, confs=<EMPTY_MAP>
2019-06-14 07:39:34,876 INFO  server.RaftServerConfigKeys (ConfUtils.java:logGet(43)) - raft.server.storage.dir = [/opt/src/hadoop-ozone/integration-test/target/test-dir/MiniOzoneClusterImpl-a27c14c1-682b-4cec-abd9-34db4490df93/datanode-6/data/ratis] (custom)
2019-06-14 07:39:34,876 INFO  storage.RaftStorageDirectory (RaftStorageDirectory.java:analyzeStorage(246)) - The storage directory /opt/src/hadoop-ozone/integration-test/target/test-dir/MiniOzoneClusterImpl-a27c14c1-682b-4cec-abd9-34db4490df93/datanode-6/data/ratis/dae4911b-2384-4fa6-9c0b-64daf33c5bdc does not exist. Creating ...
2019-06-14 07:39:34,876 WARN  server.GrpcLogAppender (LogUtils.java:warn(134)) - 578092ab-b70b-4ebd-aded-cbd888e596c7: Failed appendEntries to 45a18b76-154b-4bb1-adcb-fc939f971433:192.168.134.69:38345: org.apache.ratis.thirdparty.io.grpc.StatusRuntimeException: UNAVAILABLE: io exception
2019-06-14 07:39:34,878 INFO  storage.RaftStorageDirectory (RaftStorageDirectory.java:tryLock(328)) - Lock on /opt/src/hadoop-ozone/integration-test/target/test-dir/MiniOzoneClusterImpl-a27c14c1-682b-4cec-abd9-34db4490df93/datanode-6/data/ratis/dae4911b-2384-4fa6-9c0b-64daf33c5bdc/in_use.lock acquired by nodename 11294@ozone-tm9qp-197714850
2019-06-14 07:39:34,878 INFO  impl.FollowerInfo (FollowerInfo.java:lambda$new$0(50)) - 578092ab-b70b-4ebd-aded-cbd888e596c7->45a18b76-154b-4bb1-adcb-fc939f971433: nextIndex: updateUnconditionally 0 -> 0
2019-06-14 07:39:34,878 WARN  server.GrpcLogAppender (LogUtils.java:warn(134)) - 578092ab-b70b-4ebd-aded-cbd888e596c7: Failed appendEntries to 9d8be9db-f9cb-434a-8bf3-cbb66516a036:192.168.134.69:39813: org.apache.ratis.thirdparty.io.grpc.StatusRuntimeException: UNAVAILABLE: io exception
2019-06-14 07:39:34,881 INFO  impl.FollowerInfo (FollowerInfo.java:lambda$new$0(50)) - 578092ab-b70b-4ebd-aded-cbd888e596c7->9d8be9db-f9cb-434a-8bf3-cbb66516a036: nextIndex: updateUnconditionally 0 -> 0
2019-06-14 07:39:34,885 INFO  storage.RaftStorage (RaftStorage.java:format(75)) - Storage directory /opt/src/hadoop-ozone/integration-test/target/test-dir/MiniOzoneClusterImpl-a27c14c1-682b-4cec-abd9-34db4490df93/datanode-6/data/ratis/dae4911b-2384-4fa6-9c0b-64daf33c5bdc has been successfully formatted.
2019-06-14 07:39:34,885 INFO  ratis.ContainerStateMachine (ContainerStateMachine.java:loadSnapshot(199)) - The snapshot info is null.Setting the last applied index to:(t:0, i:~)
2019-06-14 07:39:34,886 INFO  server.RaftServerConfigKeys (ConfUtils.java:logGet(43)) - raft.server.leader.election.timeout = 120s (custom)
2019-06-14 07:39:34,886 INFO  server.RaftServerConfigKeys (ConfUtils.java:logGet(43)) - raft.server.log.use.memory = false (default)
2019-06-14 07:39:34,886 INFO  server.RaftServerConfigKeys (ConfUtils.java:logGet(43)) - raft.server.log.appender.buffer.byte-limit = 33554432 (custom)
2019-06-14 07:39:34,890 INFO  server.RaftServerConfigKeys (ConfUtils.java:logGet(43)) - raft.server.log.segment.size.max = 16384 (custom)
2019-06-14 07:39:34,890 INFO  server.RaftServerConfigKeys (ConfUtils.java:logGet(43)) - raft.server.log.segment.cache.num.max = 2 (custom)
2019-06-14 07:39:34,890 INFO  storage.RaftLogWorker (RaftLogWorker.java:<init>(123)) - new 018815b6-cd09-4598-9c07-f4b4fdcf9d15-RaftLogWorker for Storage Directory /opt/src/hadoop-ozone/integration-test/target/test-dir/MiniOzoneClusterImpl-a27c14c1-682b-4cec-abd9-34db4490df93/datanode-6/data/ratis/dae4911b-2384-4fa6-9c0b-64daf33c5bdc
2019-06-14 07:39:34,890 INFO  server.RaftServerConfigKeys (ConfUtils.java:logGet(43)) - raft.server.log.queue.byte-limit = 2147483647 (custom)
2019-06-14 07:39:34,890 INFO  server.RaftServerConfigKeys (ConfUtils.java:logGet(43)) - raft.server.log.queue.element-limit = 1024 (custom)
2019-06-14 07:39:34,890 INFO  server.RaftServerConfigKeys (ConfUtils.java:logGet(43)) - raft.server.log.segment.size.max = 16384 (custom)
2019-06-14 07:39:34,890 INFO  server.RaftServerConfigKeys (ConfUtils.java:logGet(43)) - raft.server.log.preallocated.size = 16384 (custom)
2019-06-14 07:39:34,891 INFO  server.RaftServerConfigKeys (ConfUtils.java:logGet(43)) - raft.server.log.write.buffer.size = 33554432 (custom)
2019-06-14 07:39:34,891 INFO  server.RaftServerConfigKeys (ConfUtils.java:logGet(43)) - raft.server.log.force.sync.num = 128 (default)
2019-06-14 07:39:34,891 INFO  server.RaftServerConfigKeys (ConfUtils.java:logGet(43)) - raft.server.log.statemachine.data.sync = true (default)
2019-06-14 07:39:34,891 INFO  server.RaftServerConfigKeys (ConfUtils.java:logGet(43)) - raft.server.log.statemachine.data.sync.timeout = 10s (default)
2019-06-14 07:39:34,891 INFO  server.RaftServerConfigKeys (ConfUtils.java:logGet(43)) - raft.server.log.statemachine.data.sync.timeout.retry = -1 (default)
2019-06-14 07:39:34,891 INFO  rpc.RpcClient (RpcClient.java:createVolume(289)) - Creating Volume: watchforcommithandlingtest, with root as owner.
2019-06-14 07:39:34,892 INFO  server.RaftServerConfigKeys (ConfUtils.java:logGet(43)) - raft.server.log.statemachine.data.caching.enabled = true (custom)
2019-06-14 07:39:34,893 INFO  server.RaftServerConfigKeys (ConfUtils.java:logGet(43)) - raft.server.snapshot.auto.trigger.enabled = true (custom)
2019-06-14 07:39:34,899 INFO  server.RaftServerConfigKeys (ConfUtils.java:logGet(43)) - raft.server.snapshot.auto.trigger.threshold = 10000 (custom)
2019-06-14 07:39:34,901 INFO  server.RaftServerConfigKeys (ConfUtils.java:logGet(43)) - raft.server.retrycache.expirytime = 600000ms (custom)
2019-06-14 07:39:34,901 INFO  impl.RaftServerImpl (RaftServerImpl.java:start(173)) - 018815b6-cd09-4598-9c07-f4b4fdcf9d15: start group-64DAF33C5BDC
2019-06-14 07:39:34,901 INFO  impl.RaftServerImpl (RaftServerImpl.java:setRole(164)) - 018815b6-cd09-4598-9c07-f4b4fdcf9d15:group-64DAF33C5BDC changes role from null to FOLLOWER at term 0 for startAsFollower
2019-06-14 07:39:34,901 INFO  impl.RoleInfo (RoleInfo.java:updateAndGet(143)) - 018815b6-cd09-4598-9c07-f4b4fdcf9d15: start FollowerState
2019-06-14 07:39:34,901 INFO  rpc.RpcClient (RpcClient.java:createBucket(426)) - Creating Bucket: watchforcommithandlingtest/watchforcommithandlingtest, with Versioning false and Storage Type set to DISK and Encryption set to false 
2019-06-14 07:39:34,901 INFO  util.JmxRegister (JmxRegister.java:tryRegister(44)) - Successfully registered JMX Bean with object name Ratis:service=RaftServer,group=group-64DAF33C5BDC,id=018815b6-cd09-4598-9c07-f4b4fdcf9d15
2019-06-14 07:39:34,905 INFO  pipeline.PipelineStateManager (PipelineStateManager.java:addPipeline(56)) - Created pipeline Pipeline[ Id: dae4911b-2384-4fa6-9c0b-64daf33c5bdc, Nodes: 018815b6-cd09-4598-9c07-f4b4fdcf9d15{ip: 192.168.134.69, host: ozone-tm9qp-197714850, networkLocation: /default-rack, certSerialId: null}, Type:RATIS, Factor:ONE, State:OPEN]
2019-06-14 07:39:34,906 INFO  ozone.MiniOzoneClusterImpl (MiniOzoneClusterImpl.java:getStorageContainerLocationClient(241)) - Creating StorageContainerLocationProtocol RPC client with address /0.0.0.0:33503
2019-06-14 07:39:34,923 INFO  client.GrpcClientProtocolClient (GrpcClientProtocolClient.java:onNext(254)) - client-5C514A69DA34->22e46568-4fda-4945-b1b9-d2eef8972df7: receive RaftClientReply:client-5C514A69DA34->22e46568-4fda-4945-b1b9-d2eef8972df7@group-55A0BE056888, cid=103, FAILED org.apache.ratis.protocol.NotLeaderException: Server 22e46568-4fda-4945-b1b9-d2eef8972df7 is not the leader (6d3b831f-8970-4c3a-84e0-257894478649:192.168.134.69:40863). Request must be sent to leader., logIndex=0, commits[22e46568-4fda-4945-b1b9-d2eef8972df7:c-1]
2019-06-14 07:39:34,925 WARN  client.GrpcClientProtocolService (LogUtils.java:warn(134)) - 0-OrderedRequestStreamObserver0: onError: org.apache.ratis.thirdparty.io.grpc.StatusRuntimeException: CANCELLED: cancelled before receiving half close
2019-06-14 07:39:35,022 INFO  client.GrpcClientProtocolService (GrpcClientProtocolService.java:lambda$processClientRequest$0(264)) - Failed RaftClientRequest:client-E45D6143CD1B->578092ab-b70b-4ebd-aded-cbd888e596c7@group-C8609E592D4F, cid=68, seq=0, Watch-MAJORITY_COMMITTED(2), Message:<EMPTY>, reply=RaftClientReply:client-E45D6143CD1B->578092ab-b70b-4ebd-aded-cbd888e596c7@group-C8609E592D4F, cid=68, FAILED org.apache.ratis.protocol.NotReplicatedException: Request with call Id 68 and log index 2 is not yet replicated to MAJORITY_COMMITTED, logIndex=2, commits[578092ab-b70b-4ebd-aded-cbd888e596c7:c2, 45a18b76-154b-4bb1-adcb-fc939f971433:c1, 9d8be9db-f9cb-434a-8bf3-cbb66516a036:c1]
2019-06-14 07:39:35,030 INFO  client.GrpcClientProtocolClient (GrpcClientProtocolClient.java:onNext(254)) - client-E45D6143CD1B->578092ab-b70b-4ebd-aded-cbd888e596c7: receive RaftClientReply:client-E45D6143CD1B->578092ab-b70b-4ebd-aded-cbd888e596c7@group-C8609E592D4F, cid=68, FAILED org.apache.ratis.protocol.NotReplicatedException: Request with call Id 68 and log index 2 is not yet replicated to MAJORITY_COMMITTED, logIndex=2, commits[578092ab-b70b-4ebd-aded-cbd888e596c7:c2, 45a18b76-154b-4bb1-adcb-fc939f971433:c1, 9d8be9db-f9cb-434a-8bf3-cbb66516a036:c1]
2019-06-14 07:39:35,084 INFO  impl.FollowerState (FollowerState.java:run(101)) - 902dd3bd-fbe7-4201-8829-336551627606:group-0D032340A2DB changes to CANDIDATE, lastRpcTime:1140, electionTimeout:1140ms
2019-06-14 07:39:35,087 INFO  impl.RoleInfo (RoleInfo.java:shutdownFollowerState(121)) - 902dd3bd-fbe7-4201-8829-336551627606: shutdown FollowerState
2019-06-14 07:39:35,087 INFO  impl.RaftServerImpl (RaftServerImpl.java:setRole(164)) - 902dd3bd-fbe7-4201-8829-336551627606:group-0D032340A2DB changes role from FOLLOWER to CANDIDATE at term 0 for changeToCandidate
2019-06-14 07:39:35,087 INFO  impl.RoleInfo (RoleInfo.java:updateAndGet(143)) - 902dd3bd-fbe7-4201-8829-336551627606: start LeaderElection
2019-06-14 07:39:35,093 INFO  impl.LeaderElection (LeaderElection.java:askForVotes(181)) - 902dd3bd-fbe7-4201-8829-336551627606:group-0D032340A2DB:LeaderElection45: begin an election at term 1 for -1: [902dd3bd-fbe7-4201-8829-336551627606:192.168.134.69:41037], old=null
2019-06-14 07:39:35,095 INFO  impl.RoleInfo (RoleInfo.java:shutdownLeaderElection(134)) - 902dd3bd-fbe7-4201-8829-336551627606: shutdown LeaderElection
2019-06-14 07:39:35,095 INFO  impl.RaftServerImpl (RaftServerImpl.java:setRole(164)) - 902dd3bd-fbe7-4201-8829-336551627606:group-0D032340A2DB changes role from CANDIDATE to LEADER at term 1 for changeToLeader
2019-06-14 07:39:35,095 INFO  impl.RaftServerImpl (ServerState.java:setLeader(263)) - 902dd3bd-fbe7-4201-8829-336551627606:group-0D032340A2DB change Leader from null to 902dd3bd-fbe7-4201-8829-336551627606 at term 1 for becomeLeader, leader elected after 1153ms
2019-06-14 07:39:35,095 INFO  server.RaftServerConfigKeys (ConfUtils.java:logGet(43)) - raft.server.staging.catchup.gap = 1000 (default)
2019-06-14 07:39:35,095 INFO  server.RaftServerConfigKeys (ConfUtils.java:logGet(43)) - raft.server.rpc.sleep.time = 25ms (default)
2019-06-14 07:39:35,095 INFO  server.RaftServerConfigKeys (ConfUtils.java:logGet(43)) - raft.server.watch.timeout = 10s (default)
2019-06-14 07:39:35,095 INFO  server.RaftServerConfigKeys (ConfUtils.java:logGet(43)) - raft.server.watch.timeout.denomination = 1s (default)
2019-06-14 07:39:35,095 INFO  impl.RoleInfo (RoleInfo.java:updateAndGet(143)) - 902dd3bd-fbe7-4201-8829-336551627606: start LeaderState
2019-06-14 07:39:35,095 INFO  storage.RaftLogWorker (RaftLogWorker.java:startLogSegment(298)) - 902dd3bd-fbe7-4201-8829-336551627606-RaftLogWorker: Starting segment from index:0
2019-06-14 07:39:35,096 INFO  impl.RaftServerImpl (ServerState.java:setRaftConf(361)) - 902dd3bd-fbe7-4201-8829-336551627606:group-0D032340A2DB set configuration 0: [902dd3bd-fbe7-4201-8829-336551627606:192.168.134.69:41037], old=null at 0
2019-06-14 07:39:35,131 INFO  storage.RaftLogWorker (RaftLogWorker.java:execute(469)) - 902dd3bd-fbe7-4201-8829-336551627606-RaftLogWorker: created new log segment /opt/src/hadoop-ozone/integration-test/target/test-dir/MiniOzoneClusterImpl-a27c14c1-682b-4cec-abd9-34db4490df93/datanode-0/data/ratis/e1a6a92e-861d-4d01-9204-0d032340a2db/current/log_inprogress_0
2019-06-14 07:39:35,136 INFO  impl.FollowerState (FollowerState.java:run(101)) - 6d3b831f-8970-4c3a-84e0-257894478649:group-99A9F82A623E changes to CANDIDATE, lastRpcTime:1055, electionTimeout:1054ms
2019-06-14 07:39:35,136 INFO  impl.RoleInfo (RoleInfo.java:shutdownFollowerState(121)) - 6d3b831f-8970-4c3a-84e0-257894478649: shutdown FollowerState
2019-06-14 07:39:35,136 INFO  impl.RaftServerImpl (RaftServerImpl.java:setRole(164)) - 6d3b831f-8970-4c3a-84e0-257894478649:group-99A9F82A623E changes role from FOLLOWER to CANDIDATE at term 0 for changeToCandidate
2019-06-14 07:39:35,136 INFO  impl.RoleInfo (RoleInfo.java:updateAndGet(143)) - 6d3b831f-8970-4c3a-84e0-257894478649: start LeaderElection
2019-06-14 07:39:35,143 INFO  impl.LeaderElection (LeaderElection.java:askForVotes(181)) - 6d3b831f-8970-4c3a-84e0-257894478649:group-99A9F82A623E:LeaderElection46: begin an election at term 1 for -1: [6d3b831f-8970-4c3a-84e0-257894478649:192.168.134.69:40863], old=null
2019-06-14 07:39:35,143 INFO  impl.RoleInfo (RoleInfo.java:shutdownLeaderElection(134)) - 6d3b831f-8970-4c3a-84e0-257894478649: shutdown LeaderElection
2019-06-14 07:39:35,143 INFO  impl.RaftServerImpl (RaftServerImpl.java:setRole(164)) - 6d3b831f-8970-4c3a-84e0-257894478649:group-99A9F82A623E changes role from CANDIDATE to LEADER at term 1 for changeToLeader
2019-06-14 07:39:35,143 INFO  impl.RaftServerImpl (ServerState.java:setLeader(263)) - 6d3b831f-8970-4c3a-84e0-257894478649:group-99A9F82A623E change Leader from null to 6d3b831f-8970-4c3a-84e0-257894478649 at term 1 for becomeLeader, leader elected after 1064ms
2019-06-14 07:39:35,143 INFO  server.RaftServerConfigKeys (ConfUtils.java:logGet(43)) - raft.server.staging.catchup.gap = 1000 (default)
2019-06-14 07:39:35,143 INFO  server.RaftServerConfigKeys (ConfUtils.java:logGet(43)) - raft.server.rpc.sleep.time = 25ms (default)
2019-06-14 07:39:35,143 INFO  server.RaftServerConfigKeys (ConfUtils.java:logGet(43)) - raft.server.watch.timeout = 10s (default)
2019-06-14 07:39:35,143 INFO  server.RaftServerConfigKeys (ConfUtils.java:logGet(43)) - raft.server.watch.timeout.denomination = 1s (default)
2019-06-14 07:39:35,143 INFO  impl.RoleInfo (RoleInfo.java:updateAndGet(143)) - 6d3b831f-8970-4c3a-84e0-257894478649: start LeaderState
2019-06-14 07:39:35,143 INFO  storage.RaftLogWorker (RaftLogWorker.java:startLogSegment(298)) - 6d3b831f-8970-4c3a-84e0-257894478649-RaftLogWorker: Starting segment from index:0
2019-06-14 07:39:35,144 INFO  impl.RaftServerImpl (ServerState.java:setRaftConf(361)) - 6d3b831f-8970-4c3a-84e0-257894478649:group-99A9F82A623E set configuration 0: [6d3b831f-8970-4c3a-84e0-257894478649:192.168.134.69:40863], old=null at 0
2019-06-14 07:39:35,178 INFO  storage.RaftLogWorker (RaftLogWorker.java:execute(469)) - 6d3b831f-8970-4c3a-84e0-257894478649-RaftLogWorker: created new log segment /opt/src/hadoop-ozone/integration-test/target/test-dir/MiniOzoneClusterImpl-a27c14c1-682b-4cec-abd9-34db4490df93/datanode-1/data/ratis/eae85a62-4f01-4ee7-9a9f-99a9f82a623e/current/log_inprogress_0
2019-06-14 07:39:35,374 WARN  server.GrpcLogAppender (LogUtils.java:warn(134)) - 578092ab-b70b-4ebd-aded-cbd888e596c7: Failed appendEntries to 9d8be9db-f9cb-434a-8bf3-cbb66516a036:192.168.134.69:39813: org.apache.ratis.thirdparty.io.grpc.StatusRuntimeException: UNAVAILABLE: io exception
2019-06-14 07:39:35,375 INFO  impl.FollowerInfo (FollowerInfo.java:lambda$new$0(50)) - 578092ab-b70b-4ebd-aded-cbd888e596c7->9d8be9db-f9cb-434a-8bf3-cbb66516a036: nextIndex: updateUnconditionally 0 -> 0
2019-06-14 07:39:35,375 WARN  server.GrpcLogAppender (LogUtils.java:warn(134)) - 578092ab-b70b-4ebd-aded-cbd888e596c7: Failed appendEntries to 45a18b76-154b-4bb1-adcb-fc939f971433:192.168.134.69:38345: org.apache.ratis.thirdparty.io.grpc.StatusRuntimeException: UNAVAILABLE: io exception
2019-06-14 07:39:35,375 INFO  impl.FollowerInfo (FollowerInfo.java:lambda$new$0(50)) - 578092ab-b70b-4ebd-aded-cbd888e596c7->45a18b76-154b-4bb1-adcb-fc939f971433: nextIndex: updateUnconditionally 0 -> 0
2019-06-14 07:39:35,445 INFO  impl.FollowerState (FollowerState.java:run(101)) - 22e46568-4fda-4945-b1b9-d2eef8972df7:group-55A0BE056888 changes to CANDIDATE, lastRpcTime:1087, electionTimeout:1087ms
2019-06-14 07:39:35,445 INFO  impl.RoleInfo (RoleInfo.java:shutdownFollowerState(121)) - 22e46568-4fda-4945-b1b9-d2eef8972df7: shutdown FollowerState
2019-06-14 07:39:35,445 INFO  impl.RaftServerImpl (RaftServerImpl.java:setRole(164)) - 22e46568-4fda-4945-b1b9-d2eef8972df7:group-55A0BE056888 changes role from FOLLOWER to CANDIDATE at term 0 for changeToCandidate
2019-06-14 07:39:35,446 INFO  impl.RoleInfo (RoleInfo.java:updateAndGet(143)) - 22e46568-4fda-4945-b1b9-d2eef8972df7: start LeaderElection
2019-06-14 07:39:35,448 INFO  impl.LeaderElection (LeaderElection.java:askForVotes(181)) - 22e46568-4fda-4945-b1b9-d2eef8972df7:group-55A0BE056888:LeaderElection47: begin an election at term 1 for -1: [22e46568-4fda-4945-b1b9-d2eef8972df7:192.168.134.69:41973, 902dd3bd-fbe7-4201-8829-336551627606:192.168.134.69:41037, 6d3b831f-8970-4c3a-84e0-257894478649:192.168.134.69:40863], old=null
2019-06-14 07:39:35,460 INFO  impl.RaftServerImpl (RaftServerImpl.java:setRole(164)) - 902dd3bd-fbe7-4201-8829-336551627606:group-55A0BE056888 changes role from FOLLOWER to FOLLOWER at term 1 for recognizeCandidate:22e46568-4fda-4945-b1b9-d2eef8972df7
2019-06-14 07:39:35,460 INFO  impl.RoleInfo (RoleInfo.java:shutdownFollowerState(121)) - 902dd3bd-fbe7-4201-8829-336551627606: shutdown FollowerState
2019-06-14 07:39:35,460 INFO  impl.RoleInfo (RoleInfo.java:updateAndGet(143)) - 902dd3bd-fbe7-4201-8829-336551627606: start FollowerState
2019-06-14 07:39:35,461 INFO  impl.FollowerState (FollowerState.java:run(109)) - 902dd3bd-fbe7-4201-8829-336551627606: FollowerState was interrupted: java.lang.InterruptedException: sleep interrupted
2019-06-14 07:39:35,463 INFO  impl.RaftServerImpl (RaftServerImpl.java:setRole(164)) - 6d3b831f-8970-4c3a-84e0-257894478649:group-55A0BE056888 changes role from FOLLOWER to FOLLOWER at term 1 for recognizeCandidate:22e46568-4fda-4945-b1b9-d2eef8972df7
2019-06-14 07:39:35,463 INFO  impl.RoleInfo (RoleInfo.java:shutdownFollowerState(121)) - 6d3b831f-8970-4c3a-84e0-257894478649: shutdown FollowerState
2019-06-14 07:39:35,463 INFO  impl.RoleInfo (RoleInfo.java:updateAndGet(143)) - 6d3b831f-8970-4c3a-84e0-257894478649: start FollowerState
2019-06-14 07:39:35,464 INFO  impl.FollowerState (FollowerState.java:run(109)) - 6d3b831f-8970-4c3a-84e0-257894478649: FollowerState was interrupted: java.lang.InterruptedException: sleep interrupted
2019-06-14 07:39:35,466 INFO  impl.LeaderElection (LeaderElection.java:logAndReturn(56)) - 22e46568-4fda-4945-b1b9-d2eef8972df7:group-55A0BE056888:LeaderElection47: Election PASSED; received 1 response(s) [22e46568-4fda-4945-b1b9-d2eef8972df7->902dd3bd-fbe7-4201-8829-336551627606,true-t1] and 0 exception(s); 22e46568-4fda-4945-b1b9-d2eef8972df7:t1, leader=null, voted=22e46568-4fda-4945-b1b9-d2eef8972df7, raftlog=22e46568-4fda-4945-b1b9-d2eef8972df7-SegmentedRaftLog:OPENED:c-1,f-1,i0, conf=-1: [22e46568-4fda-4945-b1b9-d2eef8972df7:192.168.134.69:41973, 902dd3bd-fbe7-4201-8829-336551627606:192.168.134.69:41037, 6d3b831f-8970-4c3a-84e0-257894478649:192.168.134.69:40863], old=null
2019-06-14 07:39:35,466 INFO  impl.RoleInfo (RoleInfo.java:shutdownLeaderElection(134)) - 22e46568-4fda-4945-b1b9-d2eef8972df7: shutdown LeaderElection
2019-06-14 07:39:35,466 INFO  impl.RaftServerImpl (RaftServerImpl.java:setRole(164)) - 22e46568-4fda-4945-b1b9-d2eef8972df7:group-55A0BE056888 changes role from CANDIDATE to LEADER at term 1 for changeToLeader
2019-06-14 07:39:35,466 INFO  impl.RaftServerImpl (ServerState.java:setLeader(263)) - 22e46568-4fda-4945-b1b9-d2eef8972df7:group-55A0BE056888 change Leader from null to 22e46568-4fda-4945-b1b9-d2eef8972df7 at term 1 for becomeLeader, leader elected after 1137ms
2019-06-14 07:39:35,466 INFO  server.RaftServerConfigKeys (ConfUtils.java:logGet(43)) - raft.server.staging.catchup.gap = 1000 (default)
2019-06-14 07:39:35,466 INFO  server.RaftServerConfigKeys (ConfUtils.java:logGet(43)) - raft.server.rpc.sleep.time = 25ms (default)
2019-06-14 07:39:35,466 INFO  server.RaftServerConfigKeys (ConfUtils.java:logGet(43)) - raft.server.watch.timeout = 10s (default)
2019-06-14 07:39:35,466 INFO  server.RaftServerConfigKeys (ConfUtils.java:logGet(43)) - raft.server.watch.timeout.denomination = 1s (default)
2019-06-14 07:39:35,467 INFO  server.RaftServerConfigKeys (ConfUtils.java:logGet(43)) - raft.server.log.appender.snapshot.chunk.size.max = 16MB (=16777216) (default)
2019-06-14 07:39:35,467 INFO  server.RaftServerConfigKeys (ConfUtils.java:logGet(43)) - raft.server.log.appender.buffer.byte-limit = 33554432 (custom)
2019-06-14 07:39:35,467 INFO  server.RaftServerConfigKeys (ConfUtils.java:logGet(43)) - raft.server.log.appender.buffer.element-limit = 1 (custom)
2019-06-14 07:39:35,467 INFO  grpc.GrpcConfigKeys$Server (ConfUtils.java:logGet(43)) - raft.grpc.server.leader.outstanding.appends.max = 128 (default)
2019-06-14 07:39:35,467 INFO  server.RaftServerConfigKeys (ConfUtils.java:logGet(43)) - raft.server.rpc.request.timeout = 3000ms (default)
2019-06-14 07:39:35,467 INFO  server.RaftServerConfigKeys (ConfUtils.java:logGet(43)) - raft.server.log.appender.install.snapshot.enabled = true (default)
2019-06-14 07:39:35,467 INFO  server.RaftServerConfigKeys (ConfUtils.java:logGet(43)) - raft.server.log.appender.snapshot.chunk.size.max = 16MB (=16777216) (default)
2019-06-14 07:39:35,467 INFO  server.RaftServerConfigKeys (ConfUtils.java:logGet(43)) - raft.server.log.appender.buffer.byte-limit = 33554432 (custom)
2019-06-14 07:39:35,467 INFO  server.RaftServerConfigKeys (ConfUtils.java:logGet(43)) - raft.server.log.appender.buffer.element-limit = 1 (custom)
2019-06-14 07:39:35,467 INFO  grpc.GrpcConfigKeys$Server (ConfUtils.java:logGet(43)) - raft.grpc.server.leader.outstanding.appends.max = 128 (default)
2019-06-14 07:39:35,467 INFO  server.RaftServerConfigKeys (ConfUtils.java:logGet(43)) - raft.server.rpc.request.timeout = 3000ms (default)
2019-06-14 07:39:35,468 INFO  server.RaftServerConfigKeys (ConfUtils.java:logGet(43)) - raft.server.log.appender.install.snapshot.enabled = true (default)
2019-06-14 07:39:35,468 INFO  impl.RoleInfo (RoleInfo.java:updateAndGet(143)) - 22e46568-4fda-4945-b1b9-d2eef8972df7: start LeaderState
2019-06-14 07:39:35,468 INFO  storage.RaftLogWorker (RaftLogWorker.java:startLogSegment(298)) - 22e46568-4fda-4945-b1b9-d2eef8972df7-RaftLogWorker: Starting segment from index:0
2019-06-14 07:39:35,470 INFO  impl.RaftServerImpl (ServerState.java:setLeader(263)) - 902dd3bd-fbe7-4201-8829-336551627606:group-55A0BE056888 change Leader from null to 22e46568-4fda-4945-b1b9-d2eef8972df7 at term 1 for appendEntries, leader elected after 1143ms
2019-06-14 07:39:35,491 INFO  impl.RaftServerImpl (ServerState.java:setRaftConf(361)) - 22e46568-4fda-4945-b1b9-d2eef8972df7:group-55A0BE056888 set configuration 0: [22e46568-4fda-4945-b1b9-d2eef8972df7:192.168.134.69:41973, 902dd3bd-fbe7-4201-8829-336551627606:192.168.134.69:41037, 6d3b831f-8970-4c3a-84e0-257894478649:192.168.134.69:40863], old=null at 0
2019-06-14 07:39:35,493 INFO  impl.RaftServerImpl (ServerState.java:setRaftConf(361)) - 902dd3bd-fbe7-4201-8829-336551627606:group-55A0BE056888 set configuration 0: [22e46568-4fda-4945-b1b9-d2eef8972df7:192.168.134.69:41973, 902dd3bd-fbe7-4201-8829-336551627606:192.168.134.69:41037, 6d3b831f-8970-4c3a-84e0-257894478649:192.168.134.69:40863], old=null at 0
2019-06-14 07:39:35,493 INFO  storage.RaftLogWorker (RaftLogWorker.java:startLogSegment(298)) - 902dd3bd-fbe7-4201-8829-336551627606-RaftLogWorker: Starting segment from index:0
2019-06-14 07:39:35,495 INFO  impl.RaftServerImpl (ServerState.java:setLeader(263)) - 6d3b831f-8970-4c3a-84e0-257894478649:group-55A0BE056888 change Leader from null to 22e46568-4fda-4945-b1b9-d2eef8972df7 at term 1 for appendEntries, leader elected after 1169ms
2019-06-14 07:39:35,498 INFO  impl.FollowerState (FollowerState.java:run(101)) - 22e46568-4fda-4945-b1b9-d2eef8972df7:group-466466F9ED1A changes to CANDIDATE, lastRpcTime:1189, electionTimeout:1189ms
2019-06-14 07:39:35,499 INFO  impl.RoleInfo (RoleInfo.java:shutdownFollowerState(121)) - 22e46568-4fda-4945-b1b9-d2eef8972df7: shutdown FollowerState
2019-06-14 07:39:35,499 INFO  impl.RaftServerImpl (RaftServerImpl.java:setRole(164)) - 22e46568-4fda-4945-b1b9-d2eef8972df7:group-466466F9ED1A changes role from FOLLOWER to CANDIDATE at term 0 for changeToCandidate
2019-06-14 07:39:35,501 INFO  impl.RoleInfo (RoleInfo.java:updateAndGet(143)) - 22e46568-4fda-4945-b1b9-d2eef8972df7: start LeaderElection
2019-06-14 07:39:35,503 INFO  impl.RaftServerImpl (ServerState.java:setRaftConf(361)) - 6d3b831f-8970-4c3a-84e0-257894478649:group-55A0BE056888 set configuration 0: [22e46568-4fda-4945-b1b9-d2eef8972df7:192.168.134.69:41973, 902dd3bd-fbe7-4201-8829-336551627606:192.168.134.69:41037, 6d3b831f-8970-4c3a-84e0-257894478649:192.168.134.69:40863], old=null at 0
2019-06-14 07:39:35,503 INFO  storage.RaftLogWorker (RaftLogWorker.java:startLogSegment(298)) - 6d3b831f-8970-4c3a-84e0-257894478649-RaftLogWorker: Starting segment from index:0
2019-06-14 07:39:35,528 INFO  impl.FollowerState (FollowerState.java:run(101)) - 837be8a4-d5fd-444e-bd4d-ade02a35d707:group-6EFD2F01AC01 changes to CANDIDATE, lastRpcTime:1092, electionTimeout:1080ms
2019-06-14 07:39:35,528 INFO  impl.RoleInfo (RoleInfo.java:shutdownFollowerState(121)) - 837be8a4-d5fd-444e-bd4d-ade02a35d707: shutdown FollowerState
2019-06-14 07:39:35,528 INFO  impl.RaftServerImpl (RaftServerImpl.java:setRole(164)) - 837be8a4-d5fd-444e-bd4d-ade02a35d707:group-6EFD2F01AC01 changes role from FOLLOWER to CANDIDATE at term 0 for changeToCandidate
2019-06-14 07:39:35,528 INFO  impl.RoleInfo (RoleInfo.java:updateAndGet(143)) - 837be8a4-d5fd-444e-bd4d-ade02a35d707: start LeaderElection
2019-06-14 07:39:35,559 INFO  storage.RaftLogWorker (RaftLogWorker.java:execute(469)) - 22e46568-4fda-4945-b1b9-d2eef8972df7-RaftLogWorker: created new log segment /opt/src/hadoop-ozone/integration-test/target/test-dir/MiniOzoneClusterImpl-a27c14c1-682b-4cec-abd9-34db4490df93/datanode-2/data/ratis/085f41b7-2ae8-4402-aa48-55a0be056888/current/log_inprogress_0
2019-06-14 07:39:35,559 INFO  impl.LeaderElection (LeaderElection.java:askForVotes(181)) - 22e46568-4fda-4945-b1b9-d2eef8972df7:group-466466F9ED1A:LeaderElection48: begin an election at term 1 for -1: [22e46568-4fda-4945-b1b9-d2eef8972df7:192.168.134.69:41973], old=null
2019-06-14 07:39:35,559 INFO  impl.RoleInfo (RoleInfo.java:shutdownLeaderElection(134)) - 22e46568-4fda-4945-b1b9-d2eef8972df7: shutdown LeaderElection
2019-06-14 07:39:35,560 INFO  impl.RaftServerImpl (RaftServerImpl.java:setRole(164)) - 22e46568-4fda-4945-b1b9-d2eef8972df7:group-466466F9ED1A changes role from CANDIDATE to LEADER at term 1 for changeToLeader
2019-06-14 07:39:35,560 INFO  impl.RaftServerImpl (ServerState.java:setLeader(263)) - 22e46568-4fda-4945-b1b9-d2eef8972df7:group-466466F9ED1A change Leader from null to 22e46568-4fda-4945-b1b9-d2eef8972df7 at term 1 for becomeLeader, leader elected after 1251ms
2019-06-14 07:39:35,560 INFO  server.RaftServerConfigKeys (ConfUtils.java:logGet(43)) - raft.server.staging.catchup.gap = 1000 (default)
2019-06-14 07:39:35,560 INFO  server.RaftServerConfigKeys (ConfUtils.java:logGet(43)) - raft.server.rpc.sleep.time = 25ms (default)
2019-06-14 07:39:35,560 INFO  server.RaftServerConfigKeys (ConfUtils.java:logGet(43)) - raft.server.watch.timeout = 10s (default)
2019-06-14 07:39:35,560 INFO  server.RaftServerConfigKeys (ConfUtils.java:logGet(43)) - raft.server.watch.timeout.denomination = 1s (default)
2019-06-14 07:39:35,560 INFO  impl.RoleInfo (RoleInfo.java:updateAndGet(143)) - 22e46568-4fda-4945-b1b9-d2eef8972df7: start LeaderState
2019-06-14 07:39:35,560 INFO  storage.RaftLogWorker (RaftLogWorker.java:startLogSegment(298)) - 22e46568-4fda-4945-b1b9-d2eef8972df7-RaftLogWorker: Starting segment from index:0
2019-06-14 07:39:35,561 INFO  impl.RaftServerImpl (ServerState.java:setRaftConf(361)) - 22e46568-4fda-4945-b1b9-d2eef8972df7:group-466466F9ED1A set configuration 0: [22e46568-4fda-4945-b1b9-d2eef8972df7:192.168.134.69:41973], old=null at 0
2019-06-14 07:39:35,561 INFO  storage.RaftLogWorker (RaftLogWorker.java:execute(469)) - 902dd3bd-fbe7-4201-8829-336551627606-RaftLogWorker: created new log segment /opt/src/hadoop-ozone/integration-test/target/test-dir/MiniOzoneClusterImpl-a27c14c1-682b-4cec-abd9-34db4490df93/datanode-0/data/ratis/085f41b7-2ae8-4402-aa48-55a0be056888/current/log_inprogress_0
2019-06-14 07:39:35,561 INFO  impl.LeaderElection (LeaderElection.java:askForVotes(181)) - 837be8a4-d5fd-444e-bd4d-ade02a35d707:group-6EFD2F01AC01:LeaderElection49: begin an election at term 1 for -1: [837be8a4-d5fd-444e-bd4d-ade02a35d707:192.168.134.69:37713], old=null
2019-06-14 07:39:35,561 INFO  impl.RoleInfo (RoleInfo.java:shutdownLeaderElection(134)) - 837be8a4-d5fd-444e-bd4d-ade02a35d707: shutdown LeaderElection
2019-06-14 07:39:35,561 INFO  storage.RaftLogWorker (RaftLogWorker.java:execute(469)) - 6d3b831f-8970-4c3a-84e0-257894478649-RaftLogWorker: created new log segment /opt/src/hadoop-ozone/integration-test/target/test-dir/MiniOzoneClusterImpl-a27c14c1-682b-4cec-abd9-34db4490df93/datanode-1/data/ratis/085f41b7-2ae8-4402-aa48-55a0be056888/current/log_inprogress_0
2019-06-14 07:39:35,561 INFO  impl.RaftServerImpl (RaftServerImpl.java:setRole(164)) - 837be8a4-d5fd-444e-bd4d-ade02a35d707:group-6EFD2F01AC01 changes role from CANDIDATE to LEADER at term 1 for changeToLeader
2019-06-14 07:39:35,561 INFO  impl.RaftServerImpl (ServerState.java:setLeader(263)) - 837be8a4-d5fd-444e-bd4d-ade02a35d707:group-6EFD2F01AC01 change Leader from null to 837be8a4-d5fd-444e-bd4d-ade02a35d707 at term 1 for becomeLeader, leader elected after 1127ms
2019-06-14 07:39:35,561 INFO  server.RaftServerConfigKeys (ConfUtils.java:logGet(43)) - raft.server.staging.catchup.gap = 1000 (default)
2019-06-14 07:39:35,561 INFO  server.RaftServerConfigKeys (ConfUtils.java:logGet(43)) - raft.server.rpc.sleep.time = 25ms (default)
2019-06-14 07:39:35,561 INFO  server.RaftServerConfigKeys (ConfUtils.java:logGet(43)) - raft.server.watch.timeout = 10s (default)
2019-06-14 07:39:35,562 INFO  server.RaftServerConfigKeys (ConfUtils.java:logGet(43)) - raft.server.watch.timeout.denomination = 1s (default)
2019-06-14 07:39:35,562 INFO  impl.RoleInfo (RoleInfo.java:updateAndGet(143)) - 837be8a4-d5fd-444e-bd4d-ade02a35d707: start LeaderState
2019-06-14 07:39:35,562 INFO  storage.RaftLogWorker (RaftLogWorker.java:startLogSegment(298)) - 837be8a4-d5fd-444e-bd4d-ade02a35d707-RaftLogWorker: Starting segment from index:0
2019-06-14 07:39:35,566 INFO  impl.RaftServerImpl (ServerState.java:setRaftConf(361)) - 837be8a4-d5fd-444e-bd4d-ade02a35d707:group-6EFD2F01AC01 set configuration 0: [837be8a4-d5fd-444e-bd4d-ade02a35d707:192.168.134.69:37713], old=null at 0
2019-06-14 07:39:35,608 INFO  storage.RaftLogWorker (RaftLogWorker.java:execute(469)) - 22e46568-4fda-4945-b1b9-d2eef8972df7-RaftLogWorker: created new log segment /opt/src/hadoop-ozone/integration-test/target/test-dir/MiniOzoneClusterImpl-a27c14c1-682b-4cec-abd9-34db4490df93/datanode-2/data/ratis/9d532e67-df92-4324-8b56-466466f9ed1a/current/log_inprogress_0
2019-06-14 07:39:35,608 INFO  storage.RaftLogWorker (RaftLogWorker.java:execute(469)) - 837be8a4-d5fd-444e-bd4d-ade02a35d707-RaftLogWorker: created new log segment /opt/src/hadoop-ozone/integration-test/target/test-dir/MiniOzoneClusterImpl-a27c14c1-682b-4cec-abd9-34db4490df93/datanode-3/data/ratis/aaedd709-dfc5-419c-92d3-6efd2f01ac01/current/log_inprogress_0
2019-06-14 07:39:35,652 INFO  impl.FollowerState (FollowerState.java:run(101)) - 43d43680-0de6-4d78-ad3e-02d8dd48e337:group-289266F8B8DF changes to CANDIDATE, lastRpcTime:1092, electionTimeout:1092ms
2019-06-14 07:39:35,652 INFO  impl.RoleInfo (RoleInfo.java:shutdownFollowerState(121)) - 43d43680-0de6-4d78-ad3e-02d8dd48e337: shutdown FollowerState
2019-06-14 07:39:35,652 INFO  impl.RaftServerImpl (RaftServerImpl.java:setRole(164)) - 43d43680-0de6-4d78-ad3e-02d8dd48e337:group-289266F8B8DF changes role from FOLLOWER to CANDIDATE at term 0 for changeToCandidate
2019-06-14 07:39:35,652 INFO  impl.RoleInfo (RoleInfo.java:updateAndGet(143)) - 43d43680-0de6-4d78-ad3e-02d8dd48e337: start LeaderElection
2019-06-14 07:39:35,654 INFO  impl.LeaderElection (LeaderElection.java:askForVotes(181)) - 43d43680-0de6-4d78-ad3e-02d8dd48e337:group-289266F8B8DF:LeaderElection50: begin an election at term 1 for -1: [43d43680-0de6-4d78-ad3e-02d8dd48e337:192.168.134.69:40219], old=null
2019-06-14 07:39:35,654 INFO  impl.RoleInfo (RoleInfo.java:shutdownLeaderElection(134)) - 43d43680-0de6-4d78-ad3e-02d8dd48e337: shutdown LeaderElection
2019-06-14 07:39:35,654 INFO  impl.RaftServerImpl (RaftServerImpl.java:setRole(164)) - 43d43680-0de6-4d78-ad3e-02d8dd48e337:group-289266F8B8DF changes role from CANDIDATE to LEADER at term 1 for changeToLeader
2019-06-14 07:39:35,654 INFO  impl.RaftServerImpl (ServerState.java:setLeader(263)) - 43d43680-0de6-4d78-ad3e-02d8dd48e337:group-289266F8B8DF change Leader from null to 43d43680-0de6-4d78-ad3e-02d8dd48e337 at term 1 for becomeLeader, leader elected after 1096ms
2019-06-14 07:39:35,655 INFO  server.RaftServerConfigKeys (ConfUtils.java:logGet(43)) - raft.server.staging.catchup.gap = 1000 (default)
2019-06-14 07:39:35,655 INFO  server.RaftServerConfigKeys (ConfUtils.java:logGet(43)) - raft.server.rpc.sleep.time = 25ms (default)
2019-06-14 07:39:35,655 INFO  server.RaftServerConfigKeys (ConfUtils.java:logGet(43)) - raft.server.watch.timeout = 10s (default)
2019-06-14 07:39:35,655 INFO  server.RaftServerConfigKeys (ConfUtils.java:logGet(43)) - raft.server.watch.timeout.denomination = 1s (default)
2019-06-14 07:39:35,655 INFO  impl.RoleInfo (RoleInfo.java:updateAndGet(143)) - 43d43680-0de6-4d78-ad3e-02d8dd48e337: start LeaderState
2019-06-14 07:39:35,655 INFO  storage.RaftLogWorker (RaftLogWorker.java:startLogSegment(298)) - 43d43680-0de6-4d78-ad3e-02d8dd48e337-RaftLogWorker: Starting segment from index:0
2019-06-14 07:39:35,655 INFO  impl.RaftServerImpl (ServerState.java:setRaftConf(361)) - 43d43680-0de6-4d78-ad3e-02d8dd48e337:group-289266F8B8DF set configuration 0: [43d43680-0de6-4d78-ad3e-02d8dd48e337:192.168.134.69:40219], old=null at 0
2019-06-14 07:39:35,692 INFO  storage.RaftLogWorker (RaftLogWorker.java:execute(469)) - 43d43680-0de6-4d78-ad3e-02d8dd48e337-RaftLogWorker: created new log segment /opt/src/hadoop-ozone/integration-test/target/test-dir/MiniOzoneClusterImpl-a27c14c1-682b-4cec-abd9-34db4490df93/datanode-4/data/ratis/75b1b496-67c9-4392-a005-289266f8b8df/current/log_inprogress_0
2019-06-14 07:39:35,817 INFO  impl.FollowerState (FollowerState.java:run(101)) - 837be8a4-d5fd-444e-bd4d-ade02a35d707:group-CD9282DD3767 changes to CANDIDATE, lastRpcTime:1088, electionTimeout:1088ms
2019-06-14 07:39:35,817 INFO  impl.RoleInfo (RoleInfo.java:shutdownFollowerState(121)) - 837be8a4-d5fd-444e-bd4d-ade02a35d707: shutdown FollowerState
2019-06-14 07:39:35,817 INFO  impl.RaftServerImpl (RaftServerImpl.java:setRole(164)) - 837be8a4-d5fd-444e-bd4d-ade02a35d707:group-CD9282DD3767 changes role from FOLLOWER to CANDIDATE at term 0 for changeToCandidate
2019-06-14 07:39:35,817 INFO  impl.RoleInfo (RoleInfo.java:updateAndGet(143)) - 837be8a4-d5fd-444e-bd4d-ade02a35d707: start LeaderElection
2019-06-14 07:39:35,820 INFO  impl.LeaderElection (LeaderElection.java:askForVotes(181)) - 837be8a4-d5fd-444e-bd4d-ade02a35d707:group-CD9282DD3767:LeaderElection51: begin an election at term 1 for -1: [43d43680-0de6-4d78-ad3e-02d8dd48e337:192.168.134.69:40219, 837be8a4-d5fd-444e-bd4d-ade02a35d707:192.168.134.69:37713, c0f3488a-cd12-4adc-adfb-b0849b4c8847:192.168.134.69:41899], old=null
2019-06-14 07:39:35,827 INFO  impl.RaftServerImpl (RaftServerImpl.java:setRole(164)) - 43d43680-0de6-4d78-ad3e-02d8dd48e337:group-CD9282DD3767 changes role from FOLLOWER to FOLLOWER at term 1 for recognizeCandidate:837be8a4-d5fd-444e-bd4d-ade02a35d707
2019-06-14 07:39:35,827 INFO  impl.RaftServerImpl (RaftServerImpl.java:setRole(164)) - c0f3488a-cd12-4adc-adfb-b0849b4c8847:group-CD9282DD3767 changes role from FOLLOWER to FOLLOWER at term 1 for recognizeCandidate:837be8a4-d5fd-444e-bd4d-ade02a35d707
2019-06-14 07:39:35,827 INFO  impl.RoleInfo (RoleInfo.java:shutdownFollowerState(121)) - c0f3488a-cd12-4adc-adfb-b0849b4c8847: shutdown FollowerState
2019-06-14 07:39:35,827 INFO  impl.RoleInfo (RoleInfo.java:shutdownFollowerState(121)) - 43d43680-0de6-4d78-ad3e-02d8dd48e337: shutdown FollowerState
2019-06-14 07:39:35,827 INFO  impl.FollowerState (FollowerState.java:run(109)) - c0f3488a-cd12-4adc-adfb-b0849b4c8847: FollowerState was interrupted: java.lang.InterruptedException: sleep interrupted
2019-06-14 07:39:35,828 INFO  impl.FollowerState (FollowerState.java:run(109)) - 43d43680-0de6-4d78-ad3e-02d8dd48e337: FollowerState was interrupted: java.lang.InterruptedException: sleep interrupted
2019-06-14 07:39:35,827 INFO  impl.RoleInfo (RoleInfo.java:updateAndGet(143)) - c0f3488a-cd12-4adc-adfb-b0849b4c8847: start FollowerState
2019-06-14 07:39:35,827 INFO  impl.RoleInfo (RoleInfo.java:updateAndGet(143)) - 43d43680-0de6-4d78-ad3e-02d8dd48e337: start FollowerState
2019-06-14 07:39:35,831 INFO  impl.LeaderElection (LeaderElection.java:logAndReturn(56)) - 837be8a4-d5fd-444e-bd4d-ade02a35d707:group-CD9282DD3767:LeaderElection51: Election PASSED; received 1 response(s) [837be8a4-d5fd-444e-bd4d-ade02a35d707->c0f3488a-cd12-4adc-adfb-b0849b4c8847,true-t1] and 0 exception(s); 837be8a4-d5fd-444e-bd4d-ade02a35d707:t1, leader=null, voted=837be8a4-d5fd-444e-bd4d-ade02a35d707, raftlog=837be8a4-d5fd-444e-bd4d-ade02a35d707-SegmentedRaftLog:OPENED:c-1,f-1,i0, conf=-1: [43d43680-0de6-4d78-ad3e-02d8dd48e337:192.168.134.69:40219, 837be8a4-d5fd-444e-bd4d-ade02a35d707:192.168.134.69:37713, c0f3488a-cd12-4adc-adfb-b0849b4c8847:192.168.134.69:41899], old=null
2019-06-14 07:39:35,831 INFO  impl.RoleInfo (RoleInfo.java:shutdownLeaderElection(134)) - 837be8a4-d5fd-444e-bd4d-ade02a35d707: shutdown LeaderElection
2019-06-14 07:39:35,831 INFO  impl.RaftServerImpl (RaftServerImpl.java:setRole(164)) - 837be8a4-d5fd-444e-bd4d-ade02a35d707:group-CD9282DD3767 changes role from CANDIDATE to LEADER at term 1 for changeToLeader
2019-06-14 07:39:35,831 INFO  impl.RaftServerImpl (ServerState.java:setLeader(263)) - 837be8a4-d5fd-444e-bd4d-ade02a35d707:group-CD9282DD3767 change Leader from null to 837be8a4-d5fd-444e-bd4d-ade02a35d707 at term 1 for becomeLeader, leader elected after 1107ms
2019-06-14 07:39:35,831 INFO  server.RaftServerConfigKeys (ConfUtils.java:logGet(43)) - raft.server.staging.catchup.gap = 1000 (default)
2019-06-14 07:39:35,831 INFO  server.RaftServerConfigKeys (ConfUtils.java:logGet(43)) - raft.server.rpc.sleep.time = 25ms (default)
2019-06-14 07:39:35,831 INFO  server.RaftServerConfigKeys (ConfUtils.java:logGet(43)) - raft.server.watch.timeout = 10s (default)
2019-06-14 07:39:35,831 INFO  server.RaftServerConfigKeys (ConfUtils.java:logGet(43)) - raft.server.watch.timeout.denomination = 1s (default)
2019-06-14 07:39:35,831 INFO  server.RaftServerConfigKeys (ConfUtils.java:logGet(43)) - raft.server.log.appender.snapshot.chunk.size.max = 16MB (=16777216) (default)
2019-06-14 07:39:35,832 INFO  server.RaftServerConfigKeys (ConfUtils.java:logGet(43)) - raft.server.log.appender.buffer.byte-limit = 33554432 (custom)
2019-06-14 07:39:35,832 INFO  server.RaftServerConfigKeys (ConfUtils.java:logGet(43)) - raft.server.log.appender.buffer.element-limit = 1 (custom)
2019-06-14 07:39:35,832 INFO  grpc.GrpcConfigKeys$Server (ConfUtils.java:logGet(43)) - raft.grpc.server.leader.outstanding.appends.max = 128 (default)
2019-06-14 07:39:35,832 INFO  server.RaftServerConfigKeys (ConfUtils.java:logGet(43)) - raft.server.rpc.request.timeout = 3000ms (default)
2019-06-14 07:39:35,832 INFO  server.RaftServerConfigKeys (ConfUtils.java:logGet(43)) - raft.server.log.appender.install.snapshot.enabled = true (default)
2019-06-14 07:39:35,832 INFO  server.RaftServerConfigKeys (ConfUtils.java:logGet(43)) - raft.server.log.appender.snapshot.chunk.size.max = 16MB (=16777216) (default)
2019-06-14 07:39:35,832 INFO  server.RaftServerConfigKeys (ConfUtils.java:logGet(43)) - raft.server.log.appender.buffer.byte-limit = 33554432 (custom)
2019-06-14 07:39:35,832 INFO  server.RaftServerConfigKeys (ConfUtils.java:logGet(43)) - raft.server.log.appender.buffer.element-limit = 1 (custom)
2019-06-14 07:39:35,832 INFO  grpc.GrpcConfigKeys$Server (ConfUtils.java:logGet(43)) - raft.grpc.server.leader.outstanding.appends.max = 128 (default)
2019-06-14 07:39:35,833 INFO  server.RaftServerConfigKeys (ConfUtils.java:logGet(43)) - raft.server.rpc.request.timeout = 3000ms (default)
2019-06-14 07:39:35,833 INFO  server.RaftServerConfigKeys (ConfUtils.java:logGet(43)) - raft.server.log.appender.install.snapshot.enabled = true (default)
2019-06-14 07:39:35,833 INFO  impl.RoleInfo (RoleInfo.java:updateAndGet(143)) - 837be8a4-d5fd-444e-bd4d-ade02a35d707: start LeaderState
2019-06-14 07:39:35,833 INFO  storage.RaftLogWorker (RaftLogWorker.java:startLogSegment(298)) - 837be8a4-d5fd-444e-bd4d-ade02a35d707-RaftLogWorker: Starting segment from index:0
2019-06-14 07:39:35,836 INFO  impl.RaftServerImpl (ServerState.java:setLeader(263)) - 43d43680-0de6-4d78-ad3e-02d8dd48e337:group-CD9282DD3767 change Leader from null to 837be8a4-d5fd-444e-bd4d-ade02a35d707 at term 1 for appendEntries, leader elected after 1112ms
2019-06-14 07:39:35,853 INFO  impl.RaftServerImpl (ServerState.java:setRaftConf(361)) - 837be8a4-d5fd-444e-bd4d-ade02a35d707:group-CD9282DD3767 set configuration 0: [43d43680-0de6-4d78-ad3e-02d8dd48e337:192.168.134.69:40219, 837be8a4-d5fd-444e-bd4d-ade02a35d707:192.168.134.69:37713, c0f3488a-cd12-4adc-adfb-b0849b4c8847:192.168.134.69:41899], old=null at 0
2019-06-14 07:39:35,872 INFO  impl.FollowerState (FollowerState.java:run(101)) - c0f3488a-cd12-4adc-adfb-b0849b4c8847:group-2808AD36DEDE changes to CANDIDATE, lastRpcTime:1172, electionTimeout:1157ms
2019-06-14 07:39:35,872 INFO  impl.RoleInfo (RoleInfo.java:shutdownFollowerState(121)) - c0f3488a-cd12-4adc-adfb-b0849b4c8847: shutdown FollowerState
2019-06-14 07:39:35,872 INFO  impl.RaftServerImpl (RaftServerImpl.java:setRole(164)) - c0f3488a-cd12-4adc-adfb-b0849b4c8847:group-2808AD36DEDE changes role from FOLLOWER to CANDIDATE at term 0 for changeToCandidate
2019-06-14 07:39:35,872 INFO  impl.RoleInfo (RoleInfo.java:updateAndGet(143)) - c0f3488a-cd12-4adc-adfb-b0849b4c8847: start LeaderElection
2019-06-14 07:39:35,873 INFO  impl.RaftServerImpl (ServerState.java:setLeader(263)) - c0f3488a-cd12-4adc-adfb-b0849b4c8847:group-CD9282DD3767 change Leader from null to 837be8a4-d5fd-444e-bd4d-ade02a35d707 at term 1 for appendEntries, leader elected after 1149ms
2019-06-14 07:39:35,874 INFO  storage.RaftLogWorker (RaftLogWorker.java:execute(469)) - 837be8a4-d5fd-444e-bd4d-ade02a35d707-RaftLogWorker: created new log segment /opt/src/hadoop-ozone/integration-test/target/test-dir/MiniOzoneClusterImpl-a27c14c1-682b-4cec-abd9-34db4490df93/datanode-3/data/ratis/02c61663-35b0-4c01-89d3-cd9282dd3767/current/log_inprogress_0
2019-06-14 07:39:35,878 INFO  impl.RaftServerImpl (ServerState.java:setRaftConf(361)) - 43d43680-0de6-4d78-ad3e-02d8dd48e337:group-CD9282DD3767 set configuration 0: [43d43680-0de6-4d78-ad3e-02d8dd48e337:192.168.134.69:40219, 837be8a4-d5fd-444e-bd4d-ade02a35d707:192.168.134.69:37713, c0f3488a-cd12-4adc-adfb-b0849b4c8847:192.168.134.69:41899], old=null at 0
2019-06-14 07:39:35,878 INFO  impl.LeaderElection (LeaderElection.java:askForVotes(181)) - c0f3488a-cd12-4adc-adfb-b0849b4c8847:group-2808AD36DEDE:LeaderElection52: begin an election at term 1 for -1: [c0f3488a-cd12-4adc-adfb-b0849b4c8847:192.168.134.69:41899], old=null
2019-06-14 07:39:35,878 INFO  impl.RoleInfo (RoleInfo.java:shutdownLeaderElection(134)) - c0f3488a-cd12-4adc-adfb-b0849b4c8847: shutdown LeaderElection
2019-06-14 07:39:35,878 INFO  impl.RaftServerImpl (RaftServerImpl.java:setRole(164)) - c0f3488a-cd12-4adc-adfb-b0849b4c8847:group-2808AD36DEDE changes role from CANDIDATE to LEADER at term 1 for changeToLeader
2019-06-14 07:39:35,879 INFO  impl.RaftServerImpl (ServerState.java:setLeader(263)) - c0f3488a-cd12-4adc-adfb-b0849b4c8847:group-2808AD36DEDE change Leader from null to c0f3488a-cd12-4adc-adfb-b0849b4c8847 at term 1 for becomeLeader, leader elected after 1180ms
2019-06-14 07:39:35,878 INFO  storage.RaftLogWorker (RaftLogWorker.java:startLogSegment(298)) - 43d43680-0de6-4d78-ad3e-02d8dd48e337-RaftLogWorker: Starting segment from index:0
2019-06-14 07:39:35,879 INFO  server.RaftServerConfigKeys (ConfUtils.java:logGet(43)) - raft.server.staging.catchup.gap = 1000 (default)
2019-06-14 07:39:35,879 INFO  server.RaftServerConfigKeys (ConfUtils.java:logGet(43)) - raft.server.rpc.sleep.time = 25ms (default)
2019-06-14 07:39:35,879 INFO  server.RaftServerConfigKeys (ConfUtils.java:logGet(43)) - raft.server.watch.timeout = 10s (default)
2019-06-14 07:39:35,879 INFO  server.RaftServerConfigKeys (ConfUtils.java:logGet(43)) - raft.server.watch.timeout.denomination = 1s (default)
2019-06-14 07:39:35,879 INFO  impl.RoleInfo (RoleInfo.java:updateAndGet(143)) - c0f3488a-cd12-4adc-adfb-b0849b4c8847: start LeaderState
2019-06-14 07:39:35,879 INFO  storage.RaftLogWorker (RaftLogWorker.java:startLogSegment(298)) - c0f3488a-cd12-4adc-adfb-b0849b4c8847-RaftLogWorker: Starting segment from index:0
2019-06-14 07:39:35,880 INFO  impl.RaftServerImpl (ServerState.java:setRaftConf(361)) - c0f3488a-cd12-4adc-adfb-b0849b4c8847:group-2808AD36DEDE set configuration 0: [c0f3488a-cd12-4adc-adfb-b0849b4c8847:192.168.134.69:41899], old=null at 0
2019-06-14 07:39:35,900 INFO  impl.RaftServerImpl (ServerState.java:setRaftConf(361)) - c0f3488a-cd12-4adc-adfb-b0849b4c8847:group-CD9282DD3767 set configuration 0: [43d43680-0de6-4d78-ad3e-02d8dd48e337:192.168.134.69:40219, 837be8a4-d5fd-444e-bd4d-ade02a35d707:192.168.134.69:37713, c0f3488a-cd12-4adc-adfb-b0849b4c8847:192.168.134.69:41899], old=null at 0
2019-06-14 07:39:35,901 INFO  storage.RaftLogWorker (RaftLogWorker.java:startLogSegment(298)) - c0f3488a-cd12-4adc-adfb-b0849b4c8847-RaftLogWorker: Starting segment from index:0
2019-06-14 07:39:35,902 WARN  server.GrpcLogAppender (LogUtils.java:warn(134)) - 578092ab-b70b-4ebd-aded-cbd888e596c7: Failed appendEntries to 9d8be9db-f9cb-434a-8bf3-cbb66516a036:192.168.134.69:39813: org.apache.ratis.thirdparty.io.grpc.StatusRuntimeException: UNAVAILABLE: io exception
2019-06-14 07:39:35,902 INFO  impl.FollowerInfo (FollowerInfo.java:lambda$new$0(50)) - 578092ab-b70b-4ebd-aded-cbd888e596c7->9d8be9db-f9cb-434a-8bf3-cbb66516a036: nextIndex: updateUnconditionally 0 -> 0
2019-06-14 07:39:35,902 WARN  server.GrpcLogAppender (LogUtils.java:warn(134)) - 578092ab-b70b-4ebd-aded-cbd888e596c7: Failed appendEntries to 45a18b76-154b-4bb1-adcb-fc939f971433:192.168.134.69:38345: org.apache.ratis.thirdparty.io.grpc.StatusRuntimeException: UNAVAILABLE: io exception
2019-06-14 07:39:35,902 INFO  impl.FollowerInfo (FollowerInfo.java:lambda$new$0(50)) - 578092ab-b70b-4ebd-aded-cbd888e596c7->45a18b76-154b-4bb1-adcb-fc939f971433: nextIndex: updateUnconditionally 0 -> 0
2019-06-14 07:39:35,998 INFO  impl.FollowerState (FollowerState.java:run(101)) - 018815b6-cd09-4598-9c07-f4b4fdcf9d15:group-64DAF33C5BDC changes to CANDIDATE, lastRpcTime:1065, electionTimeout:1065ms
2019-06-14 07:39:35,998 INFO  impl.RoleInfo (RoleInfo.java:shutdownFollowerState(121)) - 018815b6-cd09-4598-9c07-f4b4fdcf9d15: shutdown FollowerState
2019-06-14 07:39:35,998 INFO  impl.RaftServerImpl (RaftServerImpl.java:setRole(164)) - 018815b6-cd09-4598-9c07-f4b4fdcf9d15:group-64DAF33C5BDC changes role from FOLLOWER to CANDIDATE at term 0 for changeToCandidate
2019-06-14 07:39:36,008 INFO  impl.RoleInfo (RoleInfo.java:updateAndGet(143)) - 018815b6-cd09-4598-9c07-f4b4fdcf9d15: start LeaderElection
2019-06-14 07:39:36,012 INFO  storage.RaftLogWorker (RaftLogWorker.java:execute(469)) - 43d43680-0de6-4d78-ad3e-02d8dd48e337-RaftLogWorker: created new log segment /opt/src/hadoop-ozone/integration-test/target/test-dir/MiniOzoneClusterImpl-a27c14c1-682b-4cec-abd9-34db4490df93/datanode-4/data/ratis/02c61663-35b0-4c01-89d3-cd9282dd3767/current/log_inprogress_0
2019-06-14 07:39:36,036 INFO  client.GrpcClientProtocolClient (GrpcClientProtocolClient.java:onNext(254)) - client-5C514A69DA34->6d3b831f-8970-4c3a-84e0-257894478649: receive RaftClientReply:client-5C514A69DA34->6d3b831f-8970-4c3a-84e0-257894478649@group-55A0BE056888, cid=103, FAILED org.apache.ratis.protocol.NotLeaderException: Server 6d3b831f-8970-4c3a-84e0-257894478649 is not the leader (22e46568-4fda-4945-b1b9-d2eef8972df7:192.168.134.69:41973). Request must be sent to leader., logIndex=0, commits[6d3b831f-8970-4c3a-84e0-257894478649:c-1, 22e46568-4fda-4945-b1b9-d2eef8972df7:c-1, 902dd3bd-fbe7-4201-8829-336551627606:c-1]
2019-06-14 07:39:36,037 WARN  client.GrpcClientProtocolService (LogUtils.java:warn(134)) - 0-OrderedRequestStreamObserver0: onError: org.apache.ratis.thirdparty.io.grpc.StatusRuntimeException: CANCELLED: cancelled before receiving half close
2019-06-14 07:39:36,037 INFO  storage.RaftLogWorker (RaftLogWorker.java:execute(469)) - c0f3488a-cd12-4adc-adfb-b0849b4c8847-RaftLogWorker: created new log segment /opt/src/hadoop-ozone/integration-test/target/test-dir/MiniOzoneClusterImpl-a27c14c1-682b-4cec-abd9-34db4490df93/datanode-5/data/ratis/db0e2e3a-1513-4012-ad69-2808ad36dede/current/log_inprogress_0
2019-06-14 07:39:36,041 INFO  storage.RaftLogWorker (RaftLogWorker.java:execute(469)) - c0f3488a-cd12-4adc-adfb-b0849b4c8847-RaftLogWorker: created new log segment /opt/src/hadoop-ozone/integration-test/target/test-dir/MiniOzoneClusterImpl-a27c14c1-682b-4cec-abd9-34db4490df93/datanode-5/data/ratis/02c61663-35b0-4c01-89d3-cd9282dd3767/current/log_inprogress_0
2019-06-14 07:39:36,041 INFO  impl.LeaderElection (LeaderElection.java:askForVotes(181)) - 018815b6-cd09-4598-9c07-f4b4fdcf9d15:group-64DAF33C5BDC:LeaderElection53: begin an election at term 1 for -1: [018815b6-cd09-4598-9c07-f4b4fdcf9d15:192.168.134.69:39307], old=null
2019-06-14 07:39:36,041 INFO  impl.RoleInfo (RoleInfo.java:shutdownLeaderElection(134)) - 018815b6-cd09-4598-9c07-f4b4fdcf9d15: shutdown LeaderElection
2019-06-14 07:39:36,041 INFO  impl.RaftServerImpl (RaftServerImpl.java:setRole(164)) - 018815b6-cd09-4598-9c07-f4b4fdcf9d15:group-64DAF33C5BDC changes role from CANDIDATE to LEADER at term 1 for changeToLeader
2019-06-14 07:39:36,041 INFO  impl.RaftServerImpl (ServerState.java:setLeader(263)) - 018815b6-cd09-4598-9c07-f4b4fdcf9d15:group-64DAF33C5BDC change Leader from null to 018815b6-cd09-4598-9c07-f4b4fdcf9d15 at term 1 for becomeLeader, leader elected after 1155ms
2019-06-14 07:39:36,041 INFO  server.RaftServerConfigKeys (ConfUtils.java:logGet(43)) - raft.server.staging.catchup.gap = 1000 (default)
2019-06-14 07:39:36,041 INFO  server.RaftServerConfigKeys (ConfUtils.java:logGet(43)) - raft.server.rpc.sleep.time = 25ms (default)
2019-06-14 07:39:36,041 INFO  server.RaftServerConfigKeys (ConfUtils.java:logGet(43)) - raft.server.watch.timeout = 10s (default)
2019-06-14 07:39:36,041 INFO  server.RaftServerConfigKeys (ConfUtils.java:logGet(43)) - raft.server.watch.timeout.denomination = 1s (default)
2019-06-14 07:39:36,041 INFO  impl.RoleInfo (RoleInfo.java:updateAndGet(143)) - 018815b6-cd09-4598-9c07-f4b4fdcf9d15: start LeaderState
2019-06-14 07:39:36,042 INFO  storage.RaftLogWorker (RaftLogWorker.java:startLogSegment(298)) - 018815b6-cd09-4598-9c07-f4b4fdcf9d15-RaftLogWorker: Starting segment from index:0
2019-06-14 07:39:36,046 INFO  impl.RaftServerImpl (ServerState.java:setRaftConf(361)) - 018815b6-cd09-4598-9c07-f4b4fdcf9d15:group-64DAF33C5BDC set configuration 0: [018815b6-cd09-4598-9c07-f4b4fdcf9d15:192.168.134.69:39307], old=null at 0
2019-06-14 07:39:36,143 INFO  storage.RaftLogWorker (RaftLogWorker.java:execute(469)) - 018815b6-cd09-4598-9c07-f4b4fdcf9d15-RaftLogWorker: created new log segment /opt/src/hadoop-ozone/integration-test/target/test-dir/MiniOzoneClusterImpl-a27c14c1-682b-4cec-abd9-34db4490df93/datanode-6/data/ratis/dae4911b-2384-4fa6-9c0b-64daf33c5bdc/current/log_inprogress_0
2019-06-14 07:39:36,375 WARN  server.GrpcLogAppender (LogUtils.java:warn(134)) - 578092ab-b70b-4ebd-aded-cbd888e596c7: Failed appendEntries to 9d8be9db-f9cb-434a-8bf3-cbb66516a036:192.168.134.69:39813: org.apache.ratis.thirdparty.io.grpc.StatusRuntimeException: UNAVAILABLE: io exception
2019-06-14 07:39:36,375 WARN  server.GrpcLogAppender (LogUtils.java:warn(134)) - 578092ab-b70b-4ebd-aded-cbd888e596c7: Failed appendEntries to 45a18b76-154b-4bb1-adcb-fc939f971433:192.168.134.69:38345: org.apache.ratis.thirdparty.io.grpc.StatusRuntimeException: UNAVAILABLE: io exception
2019-06-14 07:39:36,376 INFO  impl.FollowerInfo (FollowerInfo.java:lambda$new$0(50)) - 578092ab-b70b-4ebd-aded-cbd888e596c7->9d8be9db-f9cb-434a-8bf3-cbb66516a036: nextIndex: updateUnconditionally 0 -> 0
2019-06-14 07:39:36,376 INFO  impl.FollowerInfo (FollowerInfo.java:lambda$new$0(50)) - 578092ab-b70b-4ebd-aded-cbd888e596c7->45a18b76-154b-4bb1-adcb-fc939f971433: nextIndex: updateUnconditionally 0 -> 0
2019-06-14 07:39:36,876 WARN  server.GrpcLogAppender (LogUtils.java:warn(134)) - 578092ab-b70b-4ebd-aded-cbd888e596c7: Failed appendEntries to 9d8be9db-f9cb-434a-8bf3-cbb66516a036:192.168.134.69:39813: org.apache.ratis.thirdparty.io.grpc.StatusRuntimeException: UNAVAILABLE: io exception
2019-06-14 07:39:36,876 INFO  impl.FollowerInfo (FollowerInfo.java:lambda$new$0(50)) - 578092ab-b70b-4ebd-aded-cbd888e596c7->9d8be9db-f9cb-434a-8bf3-cbb66516a036: nextIndex: updateUnconditionally 0 -> 0
2019-06-14 07:39:36,876 WARN  server.GrpcLogAppender (LogUtils.java:warn(134)) - 578092ab-b70b-4ebd-aded-cbd888e596c7: Failed appendEntries to 45a18b76-154b-4bb1-adcb-fc939f971433:192.168.134.69:38345: org.apache.ratis.thirdparty.io.grpc.StatusRuntimeException: UNAVAILABLE: io exception
2019-06-14 07:39:36,876 INFO  impl.FollowerInfo (FollowerInfo.java:lambda$new$0(50)) - 578092ab-b70b-4ebd-aded-cbd888e596c7->45a18b76-154b-4bb1-adcb-fc939f971433: nextIndex: updateUnconditionally 0 -> 0
2019-06-14 07:39:37,042 INFO  client.GrpcClientProtocolClient (GrpcClientProtocolClient.java:onNext(254)) - client-5C514A69DA34->902dd3bd-fbe7-4201-8829-336551627606: receive RaftClientReply:client-5C514A69DA34->902dd3bd-fbe7-4201-8829-336551627606@group-55A0BE056888, cid=103, FAILED org.apache.ratis.protocol.NotLeaderException: Server 902dd3bd-fbe7-4201-8829-336551627606 is not the leader (22e46568-4fda-4945-b1b9-d2eef8972df7:192.168.134.69:41973). Request must be sent to leader., logIndex=0, commits[902dd3bd-fbe7-4201-8829-336551627606:c0, 22e46568-4fda-4945-b1b9-d2eef8972df7:c0, 6d3b831f-8970-4c3a-84e0-257894478649:c0]
2019-06-14 07:39:37,043 WARN  client.GrpcClientProtocolService (LogUtils.java:warn(134)) - 0-OrderedRequestStreamObserver0: onError: org.apache.ratis.thirdparty.io.grpc.StatusRuntimeException: CANCELLED: cancelled before receiving half close
2019-06-14 07:39:37,376 WARN  server.GrpcLogAppender (LogUtils.java:warn(134)) - 578092ab-b70b-4ebd-aded-cbd888e596c7: Failed appendEntries to 9d8be9db-f9cb-434a-8bf3-cbb66516a036:192.168.134.69:39813: org.apache.ratis.thirdparty.io.grpc.StatusRuntimeException: UNAVAILABLE: io exception
2019-06-14 07:39:37,376 INFO  impl.FollowerInfo (FollowerInfo.java:lambda$new$0(50)) - 578092ab-b70b-4ebd-aded-cbd888e596c7->9d8be9db-f9cb-434a-8bf3-cbb66516a036: nextIndex: updateUnconditionally 0 -> 0
2019-06-14 07:39:37,376 WARN  server.GrpcLogAppender (LogUtils.java:warn(134)) - 578092ab-b70b-4ebd-aded-cbd888e596c7: Failed appendEntries to 45a18b76-154b-4bb1-adcb-fc939f971433:192.168.134.69:38345: org.apache.ratis.thirdparty.io.grpc.StatusRuntimeException: UNAVAILABLE: io exception
2019-06-14 07:39:37,380 INFO  impl.FollowerInfo (FollowerInfo.java:lambda$new$0(50)) - 578092ab-b70b-4ebd-aded-cbd888e596c7->45a18b76-154b-4bb1-adcb-fc939f971433: nextIndex: updateUnconditionally 0 -> 0
2019-06-14 07:39:37,876 WARN  server.GrpcLogAppender (LogUtils.java:warn(134)) - 578092ab-b70b-4ebd-aded-cbd888e596c7: Failed appendEntries to 9d8be9db-f9cb-434a-8bf3-cbb66516a036:192.168.134.69:39813: org.apache.ratis.thirdparty.io.grpc.StatusRuntimeException: UNAVAILABLE: io exception
2019-06-14 07:39:37,876 WARN  server.GrpcLogAppender (LogUtils.java:warn(134)) - 578092ab-b70b-4ebd-aded-cbd888e596c7: Failed appendEntries to 45a18b76-154b-4bb1-adcb-fc939f971433:192.168.134.69:38345: org.apache.ratis.thirdparty.io.grpc.StatusRuntimeException: UNAVAILABLE: io exception
2019-06-14 07:39:37,877 INFO  impl.FollowerInfo (FollowerInfo.java:lambda$new$0(50)) - 578092ab-b70b-4ebd-aded-cbd888e596c7->9d8be9db-f9cb-434a-8bf3-cbb66516a036: nextIndex: updateUnconditionally 0 -> 0
2019-06-14 07:39:37,877 INFO  impl.FollowerInfo (FollowerInfo.java:lambda$new$0(50)) - 578092ab-b70b-4ebd-aded-cbd888e596c7->45a18b76-154b-4bb1-adcb-fc939f971433: nextIndex: updateUnconditionally 0 -> 0
2019-06-14 07:39:38,090 INFO  client.GrpcClientProtocolClient (GrpcClientProtocolClient.java:onNext(254)) - client-5C514A69DA34->22e46568-4fda-4945-b1b9-d2eef8972df7: receive RaftClientReply:client-5C514A69DA34->22e46568-4fda-4945-b1b9-d2eef8972df7@group-55A0BE056888, cid=103, SUCCESS, logIndex=1, commits[22e46568-4fda-4945-b1b9-d2eef8972df7:c2, 902dd3bd-fbe7-4201-8829-336551627606:c1, 6d3b831f-8970-4c3a-84e0-257894478649:c1]
2019-06-14 07:39:38,090 INFO  datanode.ObjectStoreHandler (ObjectStoreHandler.java:close(155)) - Closing ObjectStoreHandler.
2019-06-14 07:39:38,091 INFO  ozone.HddsDatanodeService (HddsDatanodeService.java:stop(452)) - Stopped plug-in org.apache.hadoop.ozone.web.OzoneHddsDatanodeService@14060410
2019-06-14 07:39:38,091 INFO  statemachine.DatanodeStateMachine (DatanodeStateMachine.java:lambda$startDaemon$0(350)) - Ozone container server started.
2019-06-14 07:39:38,091 INFO  ozoneimpl.OzoneContainer (OzoneContainer.java:stop(199)) - Attempting to stop container services.
2019-06-14 07:39:38,091 INFO  impl.RaftServerProxy (RaftServerProxy.java:lambda$close$4(314)) - 22e46568-4fda-4945-b1b9-d2eef8972df7: close
2019-06-14 07:39:38,092 INFO  impl.RaftServerImpl (RaftServerImpl.java:lambda$shutdown$3(238)) - 22e46568-4fda-4945-b1b9-d2eef8972df7: shutdown group-466466F9ED1A
2019-06-14 07:39:38,092 INFO  util.JmxRegister (JmxRegister.java:unregister(73)) - Successfully un-registered JMX Bean with object name Ratis:service=RaftServer,group=group-466466F9ED1A,id=22e46568-4fda-4945-b1b9-d2eef8972df7
2019-06-14 07:39:38,092 INFO  impl.RoleInfo (RoleInfo.java:shutdownLeaderState(104)) - 22e46568-4fda-4945-b1b9-d2eef8972df7: shutdown LeaderState
2019-06-14 07:39:38,092 INFO  impl.PendingRequests (PendingRequests.java:sendNotLeaderResponses(140)) - 22e46568-4fda-4945-b1b9-d2eef8972df7-PendingRequests: sendNotLeaderResponses
2019-06-14 07:39:38,099 INFO  impl.StateMachineUpdater (StateMachineUpdater.java:stopAndJoin(109)) - StateMachineUpdater-22e46568-4fda-4945-b1b9-d2eef8972df7-group-466466F9ED1A: set stopIndex = 0
2019-06-14 07:39:38,099 INFO  ratis.ContainerStateMachine (ContainerStateMachine.java:takeSnapshot(245)) - Taking snapshot at termIndex:(t:0, i:~)
2019-06-14 07:39:38,100 INFO  impl.RaftServerImpl (ServerState.java:close(394)) - 22e46568-4fda-4945-b1b9-d2eef8972df7:group-466466F9ED1A closes. The last applied log index is 0
2019-06-14 07:39:38,100 INFO  storage.RaftLogWorker (RaftLogWorker.java:run(236)) - 22e46568-4fda-4945-b1b9-d2eef8972df7-RaftLogWorker was interrupted, exiting. There are 0 tasks remaining in the queue.
2019-06-14 07:39:38,102 INFO  storage.RaftLogWorker (RaftLogWorker.java:close(168)) - 22e46568-4fda-4945-b1b9-d2eef8972df7-RaftLogWorker close()
2019-06-14 07:39:38,104 INFO  impl.RaftServerImpl (RaftServerImpl.java:lambda$shutdown$3(238)) - 22e46568-4fda-4945-b1b9-d2eef8972df7: shutdown group-55A0BE056888
2019-06-14 07:39:38,104 INFO  util.JmxRegister (JmxRegister.java:unregister(73)) - Successfully un-registered JMX Bean with object name Ratis:service=RaftServer,group=group-55A0BE056888,id=22e46568-4fda-4945-b1b9-d2eef8972df7
2019-06-14 07:39:38,105 INFO  impl.RoleInfo (RoleInfo.java:shutdownLeaderState(104)) - 22e46568-4fda-4945-b1b9-d2eef8972df7: shutdown LeaderState
2019-06-14 07:39:38,105 INFO  impl.PendingRequests (PendingRequests.java:sendNotLeaderResponses(140)) - 22e46568-4fda-4945-b1b9-d2eef8972df7-PendingRequests: sendNotLeaderResponses
2019-06-14 07:39:38,105 WARN  server.GrpcLogAppender (GrpcLogAppender.java:mayWait(142)) - GrpcLogAppender(22e46568-4fda-4945-b1b9-d2eef8972df7 -> 902dd3bd-fbe7-4201-8829-336551627606): Wait interrupted by java.lang.InterruptedException
2019-06-14 07:39:38,105 WARN  server.GrpcLogAppender (GrpcLogAppender.java:mayWait(142)) - GrpcLogAppender(22e46568-4fda-4945-b1b9-d2eef8972df7 -> 6d3b831f-8970-4c3a-84e0-257894478649): Wait interrupted by java.lang.InterruptedException
2019-06-14 07:39:38,119 INFO  ratis.ContainerStateMachine (ContainerStateMachine.java:takeSnapshot(245)) - Taking snapshot at termIndex:(t:1, i:2)
2019-06-14 07:39:38,119 INFO  impl.StateMachineUpdater (StateMachineUpdater.java:stopAndJoin(109)) - StateMachineUpdater-22e46568-4fda-4945-b1b9-d2eef8972df7-group-55A0BE056888: set stopIndex = 2
2019-06-14 07:39:38,119 INFO  server.GrpcServerProtocolService (GrpcServerProtocolService.java:onCompleted(104)) - 902dd3bd-fbe7-4201-8829-336551627606: appendEntries completed
2019-06-14 07:39:38,119 INFO  server.GrpcServerProtocolService (GrpcServerProtocolService.java:onCompleted(104)) - 6d3b831f-8970-4c3a-84e0-257894478649: appendEntries completed
2019-06-14 07:39:38,119 INFO  ratis.ContainerStateMachine (ContainerStateMachine.java:takeSnapshot(249)) - Taking a snapshot to file /opt/src/hadoop-ozone/integration-test/target/test-dir/MiniOzoneClusterImpl-a27c14c1-682b-4cec-abd9-34db4490df93/datanode-2/data/ratis/085f41b7-2ae8-4402-aa48-55a0be056888/sm/snapshot.1_2
2019-06-14 07:39:38,119 INFO  server.GrpcLogAppender (GrpcLogAppender.java:onCompleted(277)) - 22e46568-4fda-4945-b1b9-d2eef8972df7: follower 22e46568-4fda-4945-b1b9-d2eef8972df7->902dd3bd-fbe7-4201-8829-336551627606(c1,m2,n3, attendVote=true, lastRpcSendTime=71, lastRpcResponseTime=69) response Completed
2019-06-14 07:39:38,119 INFO  server.GrpcLogAppender (GrpcLogAppender.java:onCompleted(277)) - 22e46568-4fda-4945-b1b9-d2eef8972df7: follower 22e46568-4fda-4945-b1b9-d2eef8972df7->6d3b831f-8970-4c3a-84e0-257894478649(c1,m2,n3, attendVote=true, lastRpcSendTime=71, lastRpcResponseTime=70) response Completed
2019-06-14 07:39:38,120 INFO  impl.RaftServerImpl (ServerState.java:close(394)) - 22e46568-4fda-4945-b1b9-d2eef8972df7:group-55A0BE056888 closes. The last applied log index is 2
2019-06-14 07:39:38,120 INFO  impl.FollowerInfo (FollowerInfo.java:lambda$new$0(50)) - 22e46568-4fda-4945-b1b9-d2eef8972df7->902dd3bd-fbe7-4201-8829-336551627606: nextIndex: updateUnconditionally 3 -> 0
2019-06-14 07:39:38,120 INFO  impl.FollowerInfo (FollowerInfo.java:lambda$new$0(50)) - 22e46568-4fda-4945-b1b9-d2eef8972df7->6d3b831f-8970-4c3a-84e0-257894478649: nextIndex: updateUnconditionally 3 -> 0
2019-06-14 07:39:38,120 INFO  storage.RaftLogWorker (RaftLogWorker.java:run(236)) - 22e46568-4fda-4945-b1b9-d2eef8972df7-RaftLogWorker was interrupted, exiting. There are 0 tasks remaining in the queue.
2019-06-14 07:39:38,123 INFO  storage.RaftLogWorker (RaftLogWorker.java:close(168)) - 22e46568-4fda-4945-b1b9-d2eef8972df7-RaftLogWorker close()
2019-06-14 07:39:38,125 INFO  server.GrpcService (GrpcService.java:closeImpl(154)) - 22e46568-4fda-4945-b1b9-d2eef8972df7: shutdown server with port 41973 now
2019-06-14 07:39:38,125 INFO  server.GrpcService (GrpcService.java:closeImpl(162)) - 22e46568-4fda-4945-b1b9-d2eef8972df7: shutdown server with port 41973 successfully
2019-06-14 07:39:38,127 WARN  fs.CachingGetSpaceUsed (CachingGetSpaceUsed.java:run(183)) - Thread Interrupted waiting to refresh disk information: sleep interrupted
2019-06-14 07:39:38,142 INFO  statemachine.DatanodeStateMachine (DatanodeStateMachine.java:stopDaemon(395)) - Ozone container server stopped.
2019-06-14 07:39:38,142 INFO  handler.ContextHandler (ContextHandler.java:doStop(910)) - Stopped o.e.j.w.WebAppContext@5ab1107d{/,null,UNAVAILABLE}{/hddsDatanode}
2019-06-14 07:39:38,143 INFO  server.AbstractConnector (AbstractConnector.java:doStop(318)) - Stopped ServerConnector@671561b9{HTTP/1.1,[http/1.1]}{0.0.0.0:0}
2019-06-14 07:39:38,143 INFO  handler.ContextHandler (ContextHandler.java:doStop(910)) - Stopped o.e.j.s.ServletContextHandler@273e622f{/static,jar:file:/root/.m2/repository/org/apache/hadoop/hadoop-hdds-container-service/0.5.0-SNAPSHOT/hadoop-hdds-container-service-0.5.0-SNAPSHOT.jar!/webapps/static,UNAVAILABLE}
2019-06-14 07:39:38,143 INFO  handler.ContextHandler (ContextHandler.java:doStop(910)) - Stopped o.e.j.s.ServletContextHandler@25dacc5a{/logs,file:///opt/src/hadoop-ozone/integration-test/target/log,UNAVAILABLE}
2019-06-14 07:39:38,377 WARN  server.GrpcLogAppender (LogUtils.java:warn(134)) - 578092ab-b70b-4ebd-aded-cbd888e596c7: Failed appendEntries to 45a18b76-154b-4bb1-adcb-fc939f971433:192.168.134.69:38345: org.apache.ratis.thirdparty.io.grpc.StatusRuntimeException: UNAVAILABLE: io exception
2019-06-14 07:39:38,377 WARN  server.GrpcLogAppender (LogUtils.java:warn(134)) - 578092ab-b70b-4ebd-aded-cbd888e596c7: Failed appendEntries to 9d8be9db-f9cb-434a-8bf3-cbb66516a036:192.168.134.69:39813: org.apache.ratis.thirdparty.io.grpc.StatusRuntimeException: UNAVAILABLE: io exception
2019-06-14 07:39:38,377 INFO  impl.FollowerInfo (FollowerInfo.java:lambda$new$0(50)) - 578092ab-b70b-4ebd-aded-cbd888e596c7->45a18b76-154b-4bb1-adcb-fc939f971433: nextIndex: updateUnconditionally 0 -> 0
2019-06-14 07:39:38,377 INFO  impl.FollowerInfo (FollowerInfo.java:lambda$new$0(50)) - 578092ab-b70b-4ebd-aded-cbd888e596c7->9d8be9db-f9cb-434a-8bf3-cbb66516a036: nextIndex: updateUnconditionally 0 -> 0
2019-06-14 07:39:38,877 WARN  server.GrpcLogAppender (LogUtils.java:warn(134)) - 578092ab-b70b-4ebd-aded-cbd888e596c7: Failed appendEntries to 9d8be9db-f9cb-434a-8bf3-cbb66516a036:192.168.134.69:39813: org.apache.ratis.thirdparty.io.grpc.StatusRuntimeException: UNAVAILABLE: io exception
2019-06-14 07:39:38,877 WARN  server.GrpcLogAppender (LogUtils.java:warn(134)) - 578092ab-b70b-4ebd-aded-cbd888e596c7: Failed appendEntries to 45a18b76-154b-4bb1-adcb-fc939f971433:192.168.134.69:38345: org.apache.ratis.thirdparty.io.grpc.StatusRuntimeException: UNAVAILABLE: io exception
2019-06-14 07:39:38,877 INFO  impl.FollowerInfo (FollowerInfo.java:lambda$new$0(50)) - 578092ab-b70b-4ebd-aded-cbd888e596c7->9d8be9db-f9cb-434a-8bf3-cbb66516a036: nextIndex: updateUnconditionally 0 -> 0
2019-06-14 07:39:38,878 INFO  impl.FollowerInfo (FollowerInfo.java:lambda$new$0(50)) - 578092ab-b70b-4ebd-aded-cbd888e596c7->45a18b76-154b-4bb1-adcb-fc939f971433: nextIndex: updateUnconditionally 0 -> 0
2019-06-14 07:39:39,151 INFO  client.GrpcClientProtocolClient (GrpcClientProtocolClient.java:onNext(254)) - client-5C514A69DA34->6d3b831f-8970-4c3a-84e0-257894478649: receive RaftClientReply:client-5C514A69DA34->6d3b831f-8970-4c3a-84e0-257894478649@group-55A0BE056888, cid=104, FAILED org.apache.ratis.protocol.NotLeaderException: Server 6d3b831f-8970-4c3a-84e0-257894478649 is not the leader (22e46568-4fda-4945-b1b9-d2eef8972df7:192.168.134.69:41973). Request must be sent to leader., logIndex=0, commits[6d3b831f-8970-4c3a-84e0-257894478649:c1, 22e46568-4fda-4945-b1b9-d2eef8972df7:c1, 902dd3bd-fbe7-4201-8829-336551627606:c0]
2019-06-14 07:39:39,152 WARN  client.GrpcClientProtocolService (LogUtils.java:warn(134)) - 1-OrderedRequestStreamObserver1: onError: org.apache.ratis.thirdparty.io.grpc.StatusRuntimeException: CANCELLED: cancelled before receiving half close
2019-06-14 07:39:39,378 WARN  server.GrpcLogAppender (LogUtils.java:warn(134)) - 578092ab-b70b-4ebd-aded-cbd888e596c7: Failed appendEntries to 9d8be9db-f9cb-434a-8bf3-cbb66516a036:192.168.134.69:39813: org.apache.ratis.thirdparty.io.grpc.StatusRuntimeException: UNAVAILABLE: io exception
2019-06-14 07:39:39,382 WARN  server.GrpcLogAppender (LogUtils.java:warn(134)) - 578092ab-b70b-4ebd-aded-cbd888e596c7: Failed appendEntries to 45a18b76-154b-4bb1-adcb-fc939f971433:192.168.134.69:38345: org.apache.ratis.thirdparty.io.grpc.StatusRuntimeException: UNAVAILABLE: io exception
2019-06-14 07:39:39,382 INFO  impl.FollowerInfo (FollowerInfo.java:lambda$new$0(50)) - 578092ab-b70b-4ebd-aded-cbd888e596c7->9d8be9db-f9cb-434a-8bf3-cbb66516a036: nextIndex: updateUnconditionally 0 -> 0
2019-06-14 07:39:39,383 INFO  impl.FollowerInfo (FollowerInfo.java:lambda$new$0(50)) - 578092ab-b70b-4ebd-aded-cbd888e596c7->45a18b76-154b-4bb1-adcb-fc939f971433: nextIndex: updateUnconditionally 0 -> 0
2019-06-14 07:39:39,794 INFO  impl.FollowerState (FollowerState.java:run(101)) - 902dd3bd-fbe7-4201-8829-336551627606:group-55A0BE056888 changes to CANDIDATE, lastRpcTime:1744, electionTimeout:1127ms
2019-06-14 07:39:39,794 INFO  impl.RoleInfo (RoleInfo.java:shutdownFollowerState(121)) - 902dd3bd-fbe7-4201-8829-336551627606: shutdown FollowerState
2019-06-14 07:39:39,794 INFO  impl.RaftServerImpl (RaftServerImpl.java:setRole(164)) - 902dd3bd-fbe7-4201-8829-336551627606:group-55A0BE056888 changes role from FOLLOWER to CANDIDATE at term 1 for changeToCandidate
2019-06-14 07:39:39,794 INFO  impl.RoleInfo (RoleInfo.java:updateAndGet(143)) - 902dd3bd-fbe7-4201-8829-336551627606: start LeaderElection
2019-06-14 07:39:39,794 INFO  impl.RaftServerImpl (ServerState.java:setLeader(263)) - 902dd3bd-fbe7-4201-8829-336551627606:group-55A0BE056888 change Leader from 22e46568-4fda-4945-b1b9-d2eef8972df7 to null at term 1 for initElection
2019-06-14 07:39:39,797 INFO  impl.LeaderElection (LeaderElection.java:askForVotes(181)) - 902dd3bd-fbe7-4201-8829-336551627606:group-55A0BE056888:LeaderElection54: begin an election at term 2 for 0: [22e46568-4fda-4945-b1b9-d2eef8972df7:192.168.134.69:41973, 902dd3bd-fbe7-4201-8829-336551627606:192.168.134.69:41037, 6d3b831f-8970-4c3a-84e0-257894478649:192.168.134.69:40863], old=null
2019-06-14 07:39:39,798 INFO  impl.LeaderElection (LogUtils.java:infoOrTrace(149)) - 902dd3bd-fbe7-4201-8829-336551627606:group-55A0BE056888:LeaderElection54 got exception when requesting votes: {}
java.util.concurrent.ExecutionException: org.apache.ratis.thirdparty.io.grpc.StatusRuntimeException: UNAVAILABLE: io exception
	at java.util.concurrent.FutureTask.report(FutureTask.java:122)
	at java.util.concurrent.FutureTask.get(FutureTask.java:192)
	at org.apache.ratis.server.impl.LeaderElection.waitForResults(LeaderElection.java:262)
	at org.apache.ratis.server.impl.LeaderElection.askForVotes(LeaderElection.java:200)
	at org.apache.ratis.server.impl.LeaderElection.run(LeaderElection.java:130)
	at java.lang.Thread.run(Thread.java:748)
Caused by: org.apache.ratis.thirdparty.io.grpc.StatusRuntimeException: UNAVAILABLE: io exception
	at org.apache.ratis.thirdparty.io.grpc.stub.ClientCalls.toStatusRuntimeException(ClientCalls.java:233)
	at org.apache.ratis.thirdparty.io.grpc.stub.ClientCalls.getUnchecked(ClientCalls.java:214)
	at org.apache.ratis.thirdparty.io.grpc.stub.ClientCalls.blockingUnaryCall(ClientCalls.java:139)
	at org.apache.ratis.proto.grpc.RaftServerProtocolServiceGrpc$RaftServerProtocolServiceBlockingStub.requestVote(RaftServerProtocolServiceGrpc.java:265)
	at org.apache.ratis.grpc.server.GrpcServerProtocolClient.requestVote(GrpcServerProtocolClient.java:83)
	at org.apache.ratis.grpc.server.GrpcService.requestVote(GrpcService.java:194)
	at org.apache.ratis.server.impl.LeaderElection.lambda$submitRequests$1(LeaderElection.java:237)
	at java.util.concurrent.FutureTask.run(FutureTask.java:266)
	at java.util.concurrent.Executors$RunnableAdapter.call(Executors.java:511)
	at java.util.concurrent.FutureTask.run(FutureTask.java:266)
	at java.util.concurrent.ThreadPoolExecutor.runWorker(ThreadPoolExecutor.java:1149)
	at java.util.concurrent.ThreadPoolExecutor$Worker.run(ThreadPoolExecutor.java:624)
	... 1 more
Caused by: org.apache.ratis.thirdparty.io.netty.channel.AbstractChannel$AnnotatedConnectException: Connection refused: /192.168.134.69:41973
	at sun.nio.ch.SocketChannelImpl.checkConnect(Native Method)
	at sun.nio.ch.SocketChannelImpl.finishConnect(SocketChannelImpl.java:717)
	at org.apache.ratis.thirdparty.io.netty.channel.socket.nio.NioSocketChannel.doFinishConnect(NioSocketChannel.java:327)
	at org.apache.ratis.thirdparty.io.netty.channel.nio.AbstractNioChannel$AbstractNioUnsafe.finishConnect(AbstractNioChannel.java:340)
	at org.apache.ratis.thirdparty.io.netty.channel.nio.NioEventLoop.processSelectedKey(NioEventLoop.java:632)
	at org.apache.ratis.thirdparty.io.netty.channel.nio.NioEventLoop.processSelectedKeysOptimized(NioEventLoop.java:579)
	at org.apache.ratis.thirdparty.io.netty.channel.nio.NioEventLoop.processSelectedKeys(NioEventLoop.java:496)
	at org.apache.ratis.thirdparty.io.netty.channel.nio.NioEventLoop.run(NioEventLoop.java:458)
	at org.apache.ratis.thirdparty.io.netty.util.concurrent.SingleThreadEventExecutor$5.run(SingleThreadEventExecutor.java:897)
	at org.apache.ratis.thirdparty.io.netty.util.concurrent.FastThreadLocalRunnable.run(FastThreadLocalRunnable.java:30)
	... 1 more
Caused by: java.net.ConnectException: Connection refused
	... 11 more
2019-06-14 07:39:39,803 INFO  impl.RaftServerImpl (ServerState.java:setLeader(263)) - 6d3b831f-8970-4c3a-84e0-257894478649:group-55A0BE056888 change Leader from 22e46568-4fda-4945-b1b9-d2eef8972df7 to null at term 2 for updateCurrentTerm
2019-06-14 07:39:39,803 INFO  impl.RaftServerImpl (RaftServerImpl.java:setRole(164)) - 6d3b831f-8970-4c3a-84e0-257894478649:group-55A0BE056888 changes role from FOLLOWER to FOLLOWER at term 2 for recognizeCandidate:902dd3bd-fbe7-4201-8829-336551627606
2019-06-14 07:39:39,803 INFO  impl.RoleInfo (RoleInfo.java:shutdownFollowerState(121)) - 6d3b831f-8970-4c3a-84e0-257894478649: shutdown FollowerState
2019-06-14 07:39:39,803 INFO  impl.RoleInfo (RoleInfo.java:updateAndGet(143)) - 6d3b831f-8970-4c3a-84e0-257894478649: start FollowerState
2019-06-14 07:39:39,803 INFO  impl.FollowerState (FollowerState.java:run(109)) - 6d3b831f-8970-4c3a-84e0-257894478649: FollowerState was interrupted: java.lang.InterruptedException: sleep interrupted
2019-06-14 07:39:39,806 INFO  impl.LeaderElection (LeaderElection.java:logAndReturn(56)) - 902dd3bd-fbe7-4201-8829-336551627606:group-55A0BE056888:LeaderElection54: Election PASSED; received 1 response(s) [902dd3bd-fbe7-4201-8829-336551627606->6d3b831f-8970-4c3a-84e0-257894478649,true-t2] and 1 exception(s); 902dd3bd-fbe7-4201-8829-336551627606:t2, leader=null, voted=902dd3bd-fbe7-4201-8829-336551627606, raftlog=902dd3bd-fbe7-4201-8829-336551627606-SegmentedRaftLog:OPENED:c1,f2,i2, conf=0: [22e46568-4fda-4945-b1b9-d2eef8972df7:192.168.134.69:41973, 902dd3bd-fbe7-4201-8829-336551627606:192.168.134.69:41037, 6d3b831f-8970-4c3a-84e0-257894478649:192.168.134.69:40863], old=null
2019-06-14 07:39:39,806 INFO  impl.LeaderElection (LogUtils.java:infoOrTrace(149)) -   Exception 0: {}
java.util.concurrent.ExecutionException: org.apache.ratis.thirdparty.io.grpc.StatusRuntimeException: UNAVAILABLE: io exception
	at java.util.concurrent.FutureTask.report(FutureTask.java:122)
	at java.util.concurrent.FutureTask.get(FutureTask.java:192)
	at org.apache.ratis.server.impl.LeaderElection.waitForResults(LeaderElection.java:262)
	at org.apache.ratis.server.impl.LeaderElection.askForVotes(LeaderElection.java:200)
	at org.apache.ratis.server.impl.LeaderElection.run(LeaderElection.java:130)
	at java.lang.Thread.run(Thread.java:748)
Caused by: org.apache.ratis.thirdparty.io.grpc.StatusRuntimeException: UNAVAILABLE: io exception
	at org.apache.ratis.thirdparty.io.grpc.stub.ClientCalls.toStatusRuntimeException(ClientCalls.java:233)
	at org.apache.ratis.thirdparty.io.grpc.stub.ClientCalls.getUnchecked(ClientCalls.java:214)
	at org.apache.ratis.thirdparty.io.grpc.stub.ClientCalls.blockingUnaryCall(ClientCalls.java:139)
	at org.apache.ratis.proto.grpc.RaftServerProtocolServiceGrpc$RaftServerProtocolServiceBlockingStub.requestVote(RaftServerProtocolServiceGrpc.java:265)
	at org.apache.ratis.grpc.server.GrpcServerProtocolClient.requestVote(GrpcServerProtocolClient.java:83)
	at org.apache.ratis.grpc.server.GrpcService.requestVote(GrpcService.java:194)
	at org.apache.ratis.server.impl.LeaderElection.lambda$submitRequests$1(LeaderElection.java:237)
	at java.util.concurrent.FutureTask.run(FutureTask.java:266)
	at java.util.concurrent.Executors$RunnableAdapter.call(Executors.java:511)
	at java.util.concurrent.FutureTask.run(FutureTask.java:266)
	at java.util.concurrent.ThreadPoolExecutor.runWorker(ThreadPoolExecutor.java:1149)
	at java.util.concurrent.ThreadPoolExecutor$Worker.run(ThreadPoolExecutor.java:624)
	... 1 more
Caused by: org.apache.ratis.thirdparty.io.netty.channel.AbstractChannel$AnnotatedConnectException: Connection refused: /192.168.134.69:41973
	at sun.nio.ch.SocketChannelImpl.checkConnect(Native Method)
	at sun.nio.ch.SocketChannelImpl.finishConnect(SocketChannelImpl.java:717)
	at org.apache.ratis.thirdparty.io.netty.channel.socket.nio.NioSocketChannel.doFinishConnect(NioSocketChannel.java:327)
	at org.apache.ratis.thirdparty.io.netty.channel.nio.AbstractNioChannel$AbstractNioUnsafe.finishConnect(AbstractNioChannel.java:340)
	at org.apache.ratis.thirdparty.io.netty.channel.nio.NioEventLoop.processSelectedKey(NioEventLoop.java:632)
	at org.apache.ratis.thirdparty.io.netty.channel.nio.NioEventLoop.processSelectedKeysOptimized(NioEventLoop.java:579)
	at org.apache.ratis.thirdparty.io.netty.channel.nio.NioEventLoop.processSelectedKeys(NioEventLoop.java:496)
	at org.apache.ratis.thirdparty.io.netty.channel.nio.NioEventLoop.run(NioEventLoop.java:458)
	at org.apache.ratis.thirdparty.io.netty.util.concurrent.SingleThreadEventExecutor$5.run(SingleThreadEventExecutor.java:897)
	at org.apache.ratis.thirdparty.io.netty.util.concurrent.FastThreadLocalRunnable.run(FastThreadLocalRunnable.java:30)
	... 1 more
Caused by: java.net.ConnectException: Connection refused
	... 11 more
2019-06-14 07:39:39,806 INFO  impl.RoleInfo (RoleInfo.java:shutdownLeaderElection(134)) - 902dd3bd-fbe7-4201-8829-336551627606: shutdown LeaderElection
2019-06-14 07:39:39,806 INFO  impl.RaftServerImpl (RaftServerImpl.java:setRole(164)) - 902dd3bd-fbe7-4201-8829-336551627606:group-55A0BE056888 changes role from CANDIDATE to LEADER at term 2 for changeToLeader
2019-06-14 07:39:39,806 INFO  impl.RaftServerImpl (ServerState.java:setLeader(263)) - 902dd3bd-fbe7-4201-8829-336551627606:group-55A0BE056888 change Leader from null to 902dd3bd-fbe7-4201-8829-336551627606 at term 2 for becomeLeader, leader elected after 12ms
2019-06-14 07:39:39,807 INFO  server.RaftServerConfigKeys (ConfUtils.java:logGet(43)) - raft.server.staging.catchup.gap = 1000 (default)
2019-06-14 07:39:39,807 INFO  server.RaftServerConfigKeys (ConfUtils.java:logGet(43)) - raft.server.rpc.sleep.time = 25ms (default)
2019-06-14 07:39:39,807 INFO  server.RaftServerConfigKeys (ConfUtils.java:logGet(43)) - raft.server.watch.timeout = 10s (default)
2019-06-14 07:39:39,807 INFO  server.RaftServerConfigKeys (ConfUtils.java:logGet(43)) - raft.server.watch.timeout.denomination = 1s (default)
2019-06-14 07:39:39,807 INFO  server.RaftServerConfigKeys (ConfUtils.java:logGet(43)) - raft.server.log.appender.snapshot.chunk.size.max = 16MB (=16777216) (default)
2019-06-14 07:39:39,807 INFO  server.RaftServerConfigKeys (ConfUtils.java:logGet(43)) - raft.server.log.appender.buffer.byte-limit = 33554432 (custom)
2019-06-14 07:39:39,807 INFO  server.RaftServerConfigKeys (ConfUtils.java:logGet(43)) - raft.server.log.appender.buffer.element-limit = 1 (custom)
2019-06-14 07:39:39,807 INFO  grpc.GrpcConfigKeys$Server (ConfUtils.java:logGet(43)) - raft.grpc.server.leader.outstanding.appends.max = 128 (default)
2019-06-14 07:39:39,807 INFO  server.RaftServerConfigKeys (ConfUtils.java:logGet(43)) - raft.server.rpc.request.timeout = 3000ms (default)
2019-06-14 07:39:39,807 INFO  server.RaftServerConfigKeys (ConfUtils.java:logGet(43)) - raft.server.log.appender.install.snapshot.enabled = true (default)
2019-06-14 07:39:39,807 INFO  server.RaftServerConfigKeys (ConfUtils.java:logGet(43)) - raft.server.log.appender.snapshot.chunk.size.max = 16MB (=16777216) (default)
2019-06-14 07:39:39,807 INFO  server.RaftServerConfigKeys (ConfUtils.java:logGet(43)) - raft.server.log.appender.buffer.byte-limit = 33554432 (custom)
2019-06-14 07:39:39,808 INFO  server.RaftServerConfigKeys (ConfUtils.java:logGet(43)) - raft.server.log.appender.buffer.element-limit = 1 (custom)
2019-06-14 07:39:39,808 INFO  grpc.GrpcConfigKeys$Server (ConfUtils.java:logGet(43)) - raft.grpc.server.leader.outstanding.appends.max = 128 (default)
2019-06-14 07:39:39,808 INFO  server.RaftServerConfigKeys (ConfUtils.java:logGet(43)) - raft.server.rpc.request.timeout = 3000ms (default)
2019-06-14 07:39:39,808 INFO  server.RaftServerConfigKeys (ConfUtils.java:logGet(43)) - raft.server.log.appender.install.snapshot.enabled = true (default)
2019-06-14 07:39:39,808 INFO  impl.RoleInfo (RoleInfo.java:updateAndGet(143)) - 902dd3bd-fbe7-4201-8829-336551627606: start LeaderState
2019-06-14 07:39:39,808 INFO  storage.RaftLogWorker (RaftLogWorker.java:rollLogSegment(303)) - 902dd3bd-fbe7-4201-8829-336551627606-RaftLogWorker: Rolling segment log-0_2 to index:2
2019-06-14 07:39:39,809 WARN  server.GrpcLogAppender (LogUtils.java:warn(134)) - 902dd3bd-fbe7-4201-8829-336551627606: Failed appendEntries to 22e46568-4fda-4945-b1b9-d2eef8972df7:192.168.134.69:41973: org.apache.ratis.thirdparty.io.grpc.StatusRuntimeException: UNAVAILABLE: io exception
2019-06-14 07:39:39,812 INFO  impl.RaftServerImpl (ServerState.java:setRaftConf(361)) - 902dd3bd-fbe7-4201-8829-336551627606:group-55A0BE056888 set configuration 3: [22e46568-4fda-4945-b1b9-d2eef8972df7:192.168.134.69:41973, 902dd3bd-fbe7-4201-8829-336551627606:192.168.134.69:41037, 6d3b831f-8970-4c3a-84e0-257894478649:192.168.134.69:40863], old=null at 3
2019-06-14 07:39:39,812 INFO  storage.RaftLogWorker (RaftLogWorker.java:execute(433)) - 902dd3bd-fbe7-4201-8829-336551627606-RaftLogWorker: Rolled log segment from /opt/src/hadoop-ozone/integration-test/target/test-dir/MiniOzoneClusterImpl-a27c14c1-682b-4cec-abd9-34db4490df93/datanode-0/data/ratis/085f41b7-2ae8-4402-aa48-55a0be056888/current/log_inprogress_0 to /opt/src/hadoop-ozone/integration-test/target/test-dir/MiniOzoneClusterImpl-a27c14c1-682b-4cec-abd9-34db4490df93/datanode-0/data/ratis/085f41b7-2ae8-4402-aa48-55a0be056888/current/log_0-2
2019-06-14 07:39:39,826 INFO  impl.FollowerInfo (FollowerInfo.java:lambda$new$0(50)) - 902dd3bd-fbe7-4201-8829-336551627606->22e46568-4fda-4945-b1b9-d2eef8972df7: nextIndex: updateUnconditionally 3 -> 0
2019-06-14 07:39:39,827 INFO  impl.RaftServerImpl (ServerState.java:setLeader(263)) - 6d3b831f-8970-4c3a-84e0-257894478649:group-55A0BE056888 change Leader from null to 902dd3bd-fbe7-4201-8829-336551627606 at term 2 for appendEntries, leader elected after 24ms
2019-06-14 07:39:39,847 INFO  impl.RaftServerImpl (ServerState.java:setRaftConf(361)) - 6d3b831f-8970-4c3a-84e0-257894478649:group-55A0BE056888 set configuration 3: [22e46568-4fda-4945-b1b9-d2eef8972df7:192.168.134.69:41973, 902dd3bd-fbe7-4201-8829-336551627606:192.168.134.69:41037, 6d3b831f-8970-4c3a-84e0-257894478649:192.168.134.69:40863], old=null at 3
2019-06-14 07:39:39,847 INFO  storage.RaftLogWorker (RaftLogWorker.java:rollLogSegment(303)) - 6d3b831f-8970-4c3a-84e0-257894478649-RaftLogWorker: Rolling segment log-0_2 to index:2
2019-06-14 07:39:39,847 INFO  storage.RaftLogWorker (RaftLogWorker.java:execute(433)) - 6d3b831f-8970-4c3a-84e0-257894478649-RaftLogWorker: Rolled log segment from /opt/src/hadoop-ozone/integration-test/target/test-dir/MiniOzoneClusterImpl-a27c14c1-682b-4cec-abd9-34db4490df93/datanode-1/data/ratis/085f41b7-2ae8-4402-aa48-55a0be056888/current/log_inprogress_0 to /opt/src/hadoop-ozone/integration-test/target/test-dir/MiniOzoneClusterImpl-a27c14c1-682b-4cec-abd9-34db4490df93/datanode-1/data/ratis/085f41b7-2ae8-4402-aa48-55a0be056888/current/log_0-2
2019-06-14 07:39:39,869 INFO  storage.RaftLogWorker (RaftLogWorker.java:execute(469)) - 902dd3bd-fbe7-4201-8829-336551627606-RaftLogWorker: created new log segment /opt/src/hadoop-ozone/integration-test/target/test-dir/MiniOzoneClusterImpl-a27c14c1-682b-4cec-abd9-34db4490df93/datanode-0/data/ratis/085f41b7-2ae8-4402-aa48-55a0be056888/current/log_inprogress_3
2019-06-14 07:39:39,878 WARN  server.GrpcLogAppender (LogUtils.java:warn(134)) - 578092ab-b70b-4ebd-aded-cbd888e596c7: Failed appendEntries to 45a18b76-154b-4bb1-adcb-fc939f971433:192.168.134.69:38345: org.apache.ratis.thirdparty.io.grpc.StatusRuntimeException: UNAVAILABLE: io exception
2019-06-14 07:39:39,889 WARN  server.GrpcLogAppender (LogUtils.java:warn(134)) - 578092ab-b70b-4ebd-aded-cbd888e596c7: Failed appendEntries to 9d8be9db-f9cb-434a-8bf3-cbb66516a036:192.168.134.69:39813: org.apache.ratis.thirdparty.io.grpc.StatusRuntimeException: UNAVAILABLE: io exception
2019-06-14 07:39:39,889 INFO  impl.FollowerInfo (FollowerInfo.java:lambda$new$0(50)) - 578092ab-b70b-4ebd-aded-cbd888e596c7->45a18b76-154b-4bb1-adcb-fc939f971433: nextIndex: updateUnconditionally 0 -> 0
2019-06-14 07:39:39,889 INFO  impl.FollowerInfo (FollowerInfo.java:lambda$new$0(50)) - 578092ab-b70b-4ebd-aded-cbd888e596c7->9d8be9db-f9cb-434a-8bf3-cbb66516a036: nextIndex: updateUnconditionally 0 -> 0
2019-06-14 07:39:39,890 INFO  storage.RaftLogWorker (RaftLogWorker.java:execute(469)) - 6d3b831f-8970-4c3a-84e0-257894478649-RaftLogWorker: created new log segment /opt/src/hadoop-ozone/integration-test/target/test-dir/MiniOzoneClusterImpl-a27c14c1-682b-4cec-abd9-34db4490df93/datanode-1/data/ratis/085f41b7-2ae8-4402-aa48-55a0be056888/current/log_inprogress_3
2019-06-14 07:39:39,895 WARN  server.GrpcLogAppender (LogUtils.java:warn(134)) - 902dd3bd-fbe7-4201-8829-336551627606: Failed appendEntries to 22e46568-4fda-4945-b1b9-d2eef8972df7:192.168.134.69:41973: org.apache.ratis.thirdparty.io.grpc.StatusRuntimeException: UNAVAILABLE: io exception
2019-06-14 07:39:39,896 INFO  impl.FollowerInfo (FollowerInfo.java:lambda$new$0(50)) - 902dd3bd-fbe7-4201-8829-336551627606->22e46568-4fda-4945-b1b9-d2eef8972df7: nextIndex: updateUnconditionally 1 -> 0
2019-06-14 07:39:39,897 WARN  server.GrpcLogAppender (LogUtils.java:warn(134)) - 902dd3bd-fbe7-4201-8829-336551627606: Failed appendEntries to 22e46568-4fda-4945-b1b9-d2eef8972df7:192.168.134.69:41973: org.apache.ratis.thirdparty.io.grpc.StatusRuntimeException: UNAVAILABLE: io exception
2019-06-14 07:39:39,897 INFO  impl.FollowerInfo (FollowerInfo.java:lambda$new$0(50)) - 902dd3bd-fbe7-4201-8829-336551627606->22e46568-4fda-4945-b1b9-d2eef8972df7: nextIndex: updateUnconditionally 1 -> 0
2019-06-14 07:39:40,378 WARN  server.GrpcLogAppender (LogUtils.java:warn(134)) - 578092ab-b70b-4ebd-aded-cbd888e596c7: Failed appendEntries to 45a18b76-154b-4bb1-adcb-fc939f971433:192.168.134.69:38345: org.apache.ratis.thirdparty.io.grpc.StatusRuntimeException: UNAVAILABLE: io exception
2019-06-14 07:39:40,378 WARN  server.GrpcLogAppender (LogUtils.java:warn(134)) - 578092ab-b70b-4ebd-aded-cbd888e596c7: Failed appendEntries to 9d8be9db-f9cb-434a-8bf3-cbb66516a036:192.168.134.69:39813: org.apache.ratis.thirdparty.io.grpc.StatusRuntimeException: UNAVAILABLE: io exception
2019-06-14 07:39:40,379 INFO  impl.FollowerInfo (FollowerInfo.java:lambda$new$0(50)) - 578092ab-b70b-4ebd-aded-cbd888e596c7->45a18b76-154b-4bb1-adcb-fc939f971433: nextIndex: updateUnconditionally 0 -> 0
2019-06-14 07:39:40,379 INFO  impl.FollowerInfo (FollowerInfo.java:lambda$new$0(50)) - 578092ab-b70b-4ebd-aded-cbd888e596c7->9d8be9db-f9cb-434a-8bf3-cbb66516a036: nextIndex: updateUnconditionally 0 -> 0
2019-06-14 07:39:40,401 WARN  server.GrpcLogAppender (LogUtils.java:warn(134)) - 902dd3bd-fbe7-4201-8829-336551627606: Failed appendEntries to 22e46568-4fda-4945-b1b9-d2eef8972df7:192.168.134.69:41973: org.apache.ratis.thirdparty.io.grpc.StatusRuntimeException: UNAVAILABLE: io exception
2019-06-14 07:39:40,401 INFO  impl.FollowerInfo (FollowerInfo.java:lambda$new$0(50)) - 902dd3bd-fbe7-4201-8829-336551627606->22e46568-4fda-4945-b1b9-d2eef8972df7: nextIndex: updateUnconditionally 0 -> 0
2019-06-14 07:39:40,879 WARN  server.GrpcLogAppender (LogUtils.java:warn(134)) - 578092ab-b70b-4ebd-aded-cbd888e596c7: Failed appendEntries to 45a18b76-154b-4bb1-adcb-fc939f971433:192.168.134.69:38345: org.apache.ratis.thirdparty.io.grpc.StatusRuntimeException: UNAVAILABLE: io exception
2019-06-14 07:39:40,879 WARN  server.GrpcLogAppender (LogUtils.java:warn(134)) - 578092ab-b70b-4ebd-aded-cbd888e596c7: Failed appendEntries to 9d8be9db-f9cb-434a-8bf3-cbb66516a036:192.168.134.69:39813: org.apache.ratis.thirdparty.io.grpc.StatusRuntimeException: UNAVAILABLE: io exception
2019-06-14 07:39:40,879 INFO  impl.FollowerInfo (FollowerInfo.java:lambda$new$0(50)) - 578092ab-b70b-4ebd-aded-cbd888e596c7->45a18b76-154b-4bb1-adcb-fc939f971433: nextIndex: updateUnconditionally 0 -> 0
2019-06-14 07:39:40,879 INFO  impl.FollowerInfo (FollowerInfo.java:lambda$new$0(50)) - 578092ab-b70b-4ebd-aded-cbd888e596c7->9d8be9db-f9cb-434a-8bf3-cbb66516a036: nextIndex: updateUnconditionally 0 -> 0
2019-06-14 07:39:40,898 WARN  server.GrpcLogAppender (LogUtils.java:warn(134)) - 902dd3bd-fbe7-4201-8829-336551627606: Failed appendEntries to 22e46568-4fda-4945-b1b9-d2eef8972df7:192.168.134.69:41973: org.apache.ratis.thirdparty.io.grpc.StatusRuntimeException: UNAVAILABLE: io exception
2019-06-14 07:39:40,898 INFO  impl.FollowerInfo (FollowerInfo.java:lambda$new$0(50)) - 902dd3bd-fbe7-4201-8829-336551627606->22e46568-4fda-4945-b1b9-d2eef8972df7: nextIndex: updateUnconditionally 0 -> 0
2019-06-14 07:39:41,159 INFO  client.GrpcClientProtocolClient (GrpcClientProtocolClient.java:onNext(254)) - client-5C514A69DA34->6d3b831f-8970-4c3a-84e0-257894478649: receive RaftClientReply:client-5C514A69DA34->6d3b831f-8970-4c3a-84e0-257894478649@group-55A0BE056888, cid=104, FAILED org.apache.ratis.protocol.NotLeaderException: Server 6d3b831f-8970-4c3a-84e0-257894478649 is not the leader (902dd3bd-fbe7-4201-8829-336551627606:192.168.134.69:41037). Request must be sent to leader., logIndex=0, commits[6d3b831f-8970-4c3a-84e0-257894478649:c4, 22e46568-4fda-4945-b1b9-d2eef8972df7:c1, 902dd3bd-fbe7-4201-8829-336551627606:c4]
2019-06-14 07:39:41,160 WARN  client.GrpcClientProtocolService (LogUtils.java:warn(134)) - 2-OrderedRequestStreamObserver2: onError: org.apache.ratis.thirdparty.io.grpc.StatusRuntimeException: CANCELLED: cancelled before receiving half close
2019-06-14 07:39:41,379 WARN  server.GrpcLogAppender (LogUtils.java:warn(134)) - 578092ab-b70b-4ebd-aded-cbd888e596c7: Failed appendEntries to 9d8be9db-f9cb-434a-8bf3-cbb66516a036:192.168.134.69:39813: org.apache.ratis.thirdparty.io.grpc.StatusRuntimeException: UNAVAILABLE: io exception
2019-06-14 07:39:41,379 WARN  server.GrpcLogAppender (LogUtils.java:warn(134)) - 578092ab-b70b-4ebd-aded-cbd888e596c7: Failed appendEntries to 45a18b76-154b-4bb1-adcb-fc939f971433:192.168.134.69:38345: org.apache.ratis.thirdparty.io.grpc.StatusRuntimeException: UNAVAILABLE: io exception
2019-06-14 07:39:41,383 INFO  impl.FollowerInfo (FollowerInfo.java:lambda$new$0(50)) - 578092ab-b70b-4ebd-aded-cbd888e596c7->9d8be9db-f9cb-434a-8bf3-cbb66516a036: nextIndex: updateUnconditionally 0 -> 0
2019-06-14 07:39:41,383 INFO  impl.FollowerInfo (FollowerInfo.java:lambda$new$0(50)) - 578092ab-b70b-4ebd-aded-cbd888e596c7->45a18b76-154b-4bb1-adcb-fc939f971433: nextIndex: updateUnconditionally 0 -> 0
2019-06-14 07:39:41,399 WARN  server.GrpcLogAppender (LogUtils.java:warn(134)) - 902dd3bd-fbe7-4201-8829-336551627606: Failed appendEntries to 22e46568-4fda-4945-b1b9-d2eef8972df7:192.168.134.69:41973: org.apache.ratis.thirdparty.io.grpc.StatusRuntimeException: UNAVAILABLE: io exception
2019-06-14 07:39:41,399 INFO  impl.FollowerInfo (FollowerInfo.java:lambda$new$0(50)) - 902dd3bd-fbe7-4201-8829-336551627606->22e46568-4fda-4945-b1b9-d2eef8972df7: nextIndex: updateUnconditionally 0 -> 0
2019-06-14 07:39:41,880 WARN  server.GrpcLogAppender (LogUtils.java:warn(134)) - 578092ab-b70b-4ebd-aded-cbd888e596c7: Failed appendEntries to 45a18b76-154b-4bb1-adcb-fc939f971433:192.168.134.69:38345: org.apache.ratis.thirdparty.io.grpc.StatusRuntimeException: UNAVAILABLE: io exception
2019-06-14 07:39:41,880 INFO  impl.FollowerInfo (FollowerInfo.java:lambda$new$0(50)) - 578092ab-b70b-4ebd-aded-cbd888e596c7->45a18b76-154b-4bb1-adcb-fc939f971433: nextIndex: updateUnconditionally 0 -> 0
2019-06-14 07:39:41,880 WARN  server.GrpcLogAppender (LogUtils.java:warn(134)) - 578092ab-b70b-4ebd-aded-cbd888e596c7: Failed appendEntries to 9d8be9db-f9cb-434a-8bf3-cbb66516a036:192.168.134.69:39813: org.apache.ratis.thirdparty.io.grpc.StatusRuntimeException: UNAVAILABLE: io exception
2019-06-14 07:39:41,880 INFO  impl.FollowerInfo (FollowerInfo.java:lambda$new$0(50)) - 578092ab-b70b-4ebd-aded-cbd888e596c7->9d8be9db-f9cb-434a-8bf3-cbb66516a036: nextIndex: updateUnconditionally 0 -> 0
2019-06-14 07:39:41,898 WARN  server.GrpcLogAppender (LogUtils.java:warn(134)) - 902dd3bd-fbe7-4201-8829-336551627606: Failed appendEntries to 22e46568-4fda-4945-b1b9-d2eef8972df7:192.168.134.69:41973: org.apache.ratis.thirdparty.io.grpc.StatusRuntimeException: UNAVAILABLE: io exception
2019-06-14 07:39:41,898 INFO  impl.FollowerInfo (FollowerInfo.java:lambda$new$0(50)) - 902dd3bd-fbe7-4201-8829-336551627606->22e46568-4fda-4945-b1b9-d2eef8972df7: nextIndex: updateUnconditionally 0 -> 0
2019-06-14 07:39:42,162 WARN  server.GrpcLogAppender (LogUtils.java:warn(134)) - 902dd3bd-fbe7-4201-8829-336551627606: Failed appendEntries to 22e46568-4fda-4945-b1b9-d2eef8972df7:192.168.134.69:41973: org.apache.ratis.thirdparty.io.grpc.StatusRuntimeException: UNAVAILABLE: io exception
2019-06-14 07:39:42,163 INFO  impl.FollowerInfo (FollowerInfo.java:lambda$new$0(50)) - 902dd3bd-fbe7-4201-8829-336551627606->22e46568-4fda-4945-b1b9-d2eef8972df7: nextIndex: updateUnconditionally 1 -> 0
2019-06-14 07:39:42,169 WARN  server.GrpcLogAppender (LogUtils.java:warn(134)) - 902dd3bd-fbe7-4201-8829-336551627606: Failed appendEntries to 22e46568-4fda-4945-b1b9-d2eef8972df7:192.168.134.69:41973: org.apache.ratis.thirdparty.io.grpc.StatusRuntimeException: UNAVAILABLE: io exception
2019-06-14 07:39:42,170 INFO  impl.FollowerInfo (FollowerInfo.java:lambda$new$0(50)) - 902dd3bd-fbe7-4201-8829-336551627606->22e46568-4fda-4945-b1b9-d2eef8972df7: nextIndex: updateUnconditionally 1 -> 0
2019-06-14 07:39:42,171 WARN  server.GrpcLogAppender (LogUtils.java:warn(134)) - 902dd3bd-fbe7-4201-8829-336551627606: Failed appendEntries to 22e46568-4fda-4945-b1b9-d2eef8972df7:192.168.134.69:41973: org.apache.ratis.thirdparty.io.grpc.StatusRuntimeException: UNAVAILABLE: io exception
2019-06-14 07:39:42,172 INFO  impl.FollowerInfo (FollowerInfo.java:lambda$new$0(50)) - 902dd3bd-fbe7-4201-8829-336551627606->22e46568-4fda-4945-b1b9-d2eef8972df7: nextIndex: updateUnconditionally 1 -> 0
2019-06-14 07:39:42,179 INFO  interfaces.Container (KeyValueContainer.java:compactDB(356)) - Container 1 is closed with bcsId 0.
2019-06-14 07:39:42,184 INFO  client.GrpcClientProtocolClient (GrpcClientProtocolClient.java:onNext(254)) - client-5C514A69DA34->902dd3bd-fbe7-4201-8829-336551627606: receive RaftClientReply:client-5C514A69DA34->902dd3bd-fbe7-4201-8829-336551627606@group-55A0BE056888, cid=104, SUCCESS, logIndex=5, commits[902dd3bd-fbe7-4201-8829-336551627606:c6, 22e46568-4fda-4945-b1b9-d2eef8972df7:c1, 6d3b831f-8970-4c3a-84e0-257894478649:c5]
2019-06-14 07:39:42,192 INFO  interfaces.Container (KeyValueContainer.java:compactDB(356)) - Container 1 is closed with bcsId 0.
2019-06-14 07:39:42,380 WARN  server.GrpcLogAppender (LogUtils.java:warn(134)) - 578092ab-b70b-4ebd-aded-cbd888e596c7: Failed appendEntries to 45a18b76-154b-4bb1-adcb-fc939f971433:192.168.134.69:38345: org.apache.ratis.thirdparty.io.grpc.StatusRuntimeException: UNAVAILABLE: io exception
2019-06-14 07:39:42,380 WARN  server.GrpcLogAppender (LogUtils.java:warn(134)) - 578092ab-b70b-4ebd-aded-cbd888e596c7: Failed appendEntries to 9d8be9db-f9cb-434a-8bf3-cbb66516a036:192.168.134.69:39813: org.apache.ratis.thirdparty.io.grpc.StatusRuntimeException: UNAVAILABLE: io exception
2019-06-14 07:39:42,380 INFO  impl.FollowerInfo (FollowerInfo.java:lambda$new$0(50)) - 578092ab-b70b-4ebd-aded-cbd888e596c7->45a18b76-154b-4bb1-adcb-fc939f971433: nextIndex: updateUnconditionally 0 -> 0
2019-06-14 07:39:42,380 INFO  impl.FollowerInfo (FollowerInfo.java:lambda$new$0(50)) - 578092ab-b70b-4ebd-aded-cbd888e596c7->9d8be9db-f9cb-434a-8bf3-cbb66516a036: nextIndex: updateUnconditionally 0 -> 0
2019-06-14 07:39:42,672 WARN  server.GrpcLogAppender (LogUtils.java:warn(134)) - 902dd3bd-fbe7-4201-8829-336551627606: Failed appendEntries to 22e46568-4fda-4945-b1b9-d2eef8972df7:192.168.134.69:41973: org.apache.ratis.thirdparty.io.grpc.StatusRuntimeException: UNAVAILABLE: io exception
2019-06-14 07:39:42,672 INFO  impl.FollowerInfo (FollowerInfo.java:lambda$new$0(50)) - 902dd3bd-fbe7-4201-8829-336551627606->22e46568-4fda-4945-b1b9-d2eef8972df7: nextIndex: updateUnconditionally 0 -> 0
2019-06-14 07:39:42,881 WARN  server.GrpcLogAppender (LogUtils.java:warn(134)) - 578092ab-b70b-4ebd-aded-cbd888e596c7: Failed appendEntries to 9d8be9db-f9cb-434a-8bf3-cbb66516a036:192.168.134.69:39813: org.apache.ratis.thirdparty.io.grpc.StatusRuntimeException: UNAVAILABLE: io exception
2019-06-14 07:39:42,881 WARN  server.GrpcLogAppender (LogUtils.java:warn(134)) - 578092ab-b70b-4ebd-aded-cbd888e596c7: Failed appendEntries to 45a18b76-154b-4bb1-adcb-fc939f971433:192.168.134.69:38345: org.apache.ratis.thirdparty.io.grpc.StatusRuntimeException: UNAVAILABLE: io exception
2019-06-14 07:39:42,881 INFO  impl.FollowerInfo (FollowerInfo.java:lambda$new$0(50)) - 578092ab-b70b-4ebd-aded-cbd888e596c7->9d8be9db-f9cb-434a-8bf3-cbb66516a036: nextIndex: updateUnconditionally 0 -> 0
2019-06-14 07:39:42,881 INFO  impl.FollowerInfo (FollowerInfo.java:lambda$new$0(50)) - 578092ab-b70b-4ebd-aded-cbd888e596c7->45a18b76-154b-4bb1-adcb-fc939f971433: nextIndex: updateUnconditionally 0 -> 0
2019-06-14 07:39:43,172 WARN  server.GrpcLogAppender (LogUtils.java:warn(134)) - 902dd3bd-fbe7-4201-8829-336551627606: Failed appendEntries to 22e46568-4fda-4945-b1b9-d2eef8972df7:192.168.134.69:41973: org.apache.ratis.thirdparty.io.grpc.StatusRuntimeException: UNAVAILABLE: io exception
2019-06-14 07:39:43,173 INFO  impl.FollowerInfo (FollowerInfo.java:lambda$new$0(50)) - 902dd3bd-fbe7-4201-8829-336551627606->22e46568-4fda-4945-b1b9-d2eef8972df7: nextIndex: updateUnconditionally 0 -> 0
2019-06-14 07:39:43,381 WARN  server.GrpcLogAppender (LogUtils.java:warn(134)) - 578092ab-b70b-4ebd-aded-cbd888e596c7: Failed appendEntries to 9d8be9db-f9cb-434a-8bf3-cbb66516a036:192.168.134.69:39813: org.apache.ratis.thirdparty.io.grpc.StatusRuntimeException: UNAVAILABLE: io exception
2019-06-14 07:39:43,381 INFO  impl.FollowerInfo (FollowerInfo.java:lambda$new$0(50)) - 578092ab-b70b-4ebd-aded-cbd888e596c7->9d8be9db-f9cb-434a-8bf3-cbb66516a036: nextIndex: updateUnconditionally 0 -> 0
2019-06-14 07:39:43,381 WARN  server.GrpcLogAppender (LogUtils.java:warn(134)) - 578092ab-b70b-4ebd-aded-cbd888e596c7: Failed appendEntries to 45a18b76-154b-4bb1-adcb-fc939f971433:192.168.134.69:38345: org.apache.ratis.thirdparty.io.grpc.StatusRuntimeException: UNAVAILABLE: io exception
2019-06-14 07:39:43,382 INFO  impl.FollowerInfo (FollowerInfo.java:lambda$new$0(50)) - 578092ab-b70b-4ebd-aded-cbd888e596c7->45a18b76-154b-4bb1-adcb-fc939f971433: nextIndex: updateUnconditionally 0 -> 0
2019-06-14 07:39:43,673 WARN  server.GrpcLogAppender (LogUtils.java:warn(134)) - 902dd3bd-fbe7-4201-8829-336551627606: Failed appendEntries to 22e46568-4fda-4945-b1b9-d2eef8972df7:192.168.134.69:41973: org.apache.ratis.thirdparty.io.grpc.StatusRuntimeException: UNAVAILABLE: io exception
2019-06-14 07:39:43,673 INFO  impl.FollowerInfo (FollowerInfo.java:lambda$new$0(50)) - 902dd3bd-fbe7-4201-8829-336551627606->22e46568-4fda-4945-b1b9-d2eef8972df7: nextIndex: updateUnconditionally 0 -> 0
2019-06-14 07:39:43,881 WARN  server.GrpcLogAppender (LogUtils.java:warn(134)) - 578092ab-b70b-4ebd-aded-cbd888e596c7: Failed appendEntries to 9d8be9db-f9cb-434a-8bf3-cbb66516a036:192.168.134.69:39813: org.apache.ratis.thirdparty.io.grpc.StatusRuntimeException: UNAVAILABLE: io exception
2019-06-14 07:39:43,881 WARN  server.GrpcLogAppender (LogUtils.java:warn(134)) - 578092ab-b70b-4ebd-aded-cbd888e596c7: Failed appendEntries to 45a18b76-154b-4bb1-adcb-fc939f971433:192.168.134.69:38345: org.apache.ratis.thirdparty.io.grpc.StatusRuntimeException: UNAVAILABLE: io exception
2019-06-14 07:39:43,882 INFO  impl.FollowerInfo (FollowerInfo.java:lambda$new$0(50)) - 578092ab-b70b-4ebd-aded-cbd888e596c7->9d8be9db-f9cb-434a-8bf3-cbb66516a036: nextIndex: updateUnconditionally 0 -> 0
2019-06-14 07:39:43,882 INFO  impl.FollowerInfo (FollowerInfo.java:lambda$new$0(50)) - 578092ab-b70b-4ebd-aded-cbd888e596c7->45a18b76-154b-4bb1-adcb-fc939f971433: nextIndex: updateUnconditionally 0 -> 0
2019-06-14 07:39:44,173 WARN  server.GrpcLogAppender (LogUtils.java:warn(134)) - 902dd3bd-fbe7-4201-8829-336551627606: Failed appendEntries to 22e46568-4fda-4945-b1b9-d2eef8972df7:192.168.134.69:41973: org.apache.ratis.thirdparty.io.grpc.StatusRuntimeException: UNAVAILABLE: io exception
2019-06-14 07:39:44,174 INFO  impl.FollowerInfo (FollowerInfo.java:lambda$new$0(50)) - 902dd3bd-fbe7-4201-8829-336551627606->22e46568-4fda-4945-b1b9-d2eef8972df7: nextIndex: updateUnconditionally 0 -> 0
2019-06-14 07:39:44,382 WARN  server.GrpcLogAppender (LogUtils.java:warn(134)) - 578092ab-b70b-4ebd-aded-cbd888e596c7: Failed appendEntries to 45a18b76-154b-4bb1-adcb-fc939f971433:192.168.134.69:38345: org.apache.ratis.thirdparty.io.grpc.StatusRuntimeException: UNAVAILABLE: io exception
2019-06-14 07:39:44,382 WARN  server.GrpcLogAppender (LogUtils.java:warn(134)) - 578092ab-b70b-4ebd-aded-cbd888e596c7: Failed appendEntries to 9d8be9db-f9cb-434a-8bf3-cbb66516a036:192.168.134.69:39813: org.apache.ratis.thirdparty.io.grpc.StatusRuntimeException: UNAVAILABLE: io exception
2019-06-14 07:39:44,382 INFO  impl.FollowerInfo (FollowerInfo.java:lambda$new$0(50)) - 578092ab-b70b-4ebd-aded-cbd888e596c7->45a18b76-154b-4bb1-adcb-fc939f971433: nextIndex: updateUnconditionally 0 -> 0
2019-06-14 07:39:44,382 INFO  impl.FollowerInfo (FollowerInfo.java:lambda$new$0(50)) - 578092ab-b70b-4ebd-aded-cbd888e596c7->9d8be9db-f9cb-434a-8bf3-cbb66516a036: nextIndex: updateUnconditionally 0 -> 0
2019-06-14 07:39:44,674 WARN  server.GrpcLogAppender (LogUtils.java:warn(134)) - 902dd3bd-fbe7-4201-8829-336551627606: Failed appendEntries to 22e46568-4fda-4945-b1b9-d2eef8972df7:192.168.134.69:41973: org.apache.ratis.thirdparty.io.grpc.StatusRuntimeException: UNAVAILABLE: io exception
2019-06-14 07:39:44,674 INFO  impl.FollowerInfo (FollowerInfo.java:lambda$new$0(50)) - 902dd3bd-fbe7-4201-8829-336551627606->22e46568-4fda-4945-b1b9-d2eef8972df7: nextIndex: updateUnconditionally 0 -> 0
2019-06-14 07:39:44,882 WARN  server.GrpcLogAppender (LogUtils.java:warn(134)) - 578092ab-b70b-4ebd-aded-cbd888e596c7: Failed appendEntries to 9d8be9db-f9cb-434a-8bf3-cbb66516a036:192.168.134.69:39813: org.apache.ratis.thirdparty.io.grpc.StatusRuntimeException: UNAVAILABLE: io exception
2019-06-14 07:39:44,883 INFO  impl.FollowerInfo (FollowerInfo.java:lambda$new$0(50)) - 578092ab-b70b-4ebd-aded-cbd888e596c7->9d8be9db-f9cb-434a-8bf3-cbb66516a036: nextIndex: updateUnconditionally 0 -> 0
2019-06-14 07:39:44,883 WARN  server.GrpcLogAppender (LogUtils.java:warn(134)) - 578092ab-b70b-4ebd-aded-cbd888e596c7: Failed appendEntries to 45a18b76-154b-4bb1-adcb-fc939f971433:192.168.134.69:38345: org.apache.ratis.thirdparty.io.grpc.StatusRuntimeException: UNAVAILABLE: io exception
2019-06-14 07:39:44,884 INFO  impl.FollowerInfo (FollowerInfo.java:lambda$new$0(50)) - 578092ab-b70b-4ebd-aded-cbd888e596c7->45a18b76-154b-4bb1-adcb-fc939f971433: nextIndex: updateUnconditionally 0 -> 0
2019-06-14 07:39:45,174 WARN  server.GrpcLogAppender (LogUtils.java:warn(134)) - 902dd3bd-fbe7-4201-8829-336551627606: Failed appendEntries to 22e46568-4fda-4945-b1b9-d2eef8972df7:192.168.134.69:41973: org.apache.ratis.thirdparty.io.grpc.StatusRuntimeException: UNAVAILABLE: io exception
2019-06-14 07:39:45,175 INFO  impl.FollowerInfo (FollowerInfo.java:lambda$new$0(50)) - 902dd3bd-fbe7-4201-8829-336551627606->22e46568-4fda-4945-b1b9-d2eef8972df7: nextIndex: updateUnconditionally 0 -> 0
2019-06-14 07:39:45,185 WARN  scm.XceiverClientRatis (XceiverClientRatis.java:watchForCommit(260)) - 3 way commit failed 
java.util.concurrent.TimeoutException
	at java.util.concurrent.CompletableFuture.timedGet(CompletableFuture.java:1771)
	at java.util.concurrent.CompletableFuture.get(CompletableFuture.java:1915)
	at org.apache.hadoop.hdds.scm.XceiverClientRatis.watchForCommit(XceiverClientRatis.java:257)
	at org.apache.hadoop.ozone.client.rpc.TestWatchForCommit.test2WayCommitForTimeoutException(TestWatchForCommit.java:433)
	at sun.reflect.NativeMethodAccessorImpl.invoke0(Native Method)
	at sun.reflect.NativeMethodAccessorImpl.invoke(NativeMethodAccessorImpl.java:62)
	at sun.reflect.DelegatingMethodAccessorImpl.invoke(DelegatingMethodAccessorImpl.java:43)
	at java.lang.reflect.Method.invoke(Method.java:498)
	at org.junit.runners.model.FrameworkMethod$1.runReflectiveCall(FrameworkMethod.java:47)
	at org.junit.internal.runners.model.ReflectiveCallable.run(ReflectiveCallable.java:12)
	at org.junit.runners.model.FrameworkMethod.invokeExplosively(FrameworkMethod.java:44)
	at org.junit.internal.runners.statements.InvokeMethod.evaluate(InvokeMethod.java:17)
	at org.junit.runners.ParentRunner.runLeaf(ParentRunner.java:271)
	at org.junit.runners.BlockJUnit4ClassRunner.runChild(BlockJUnit4ClassRunner.java:70)
	at org.junit.runners.BlockJUnit4ClassRunner.runChild(BlockJUnit4ClassRunner.java:50)
	at org.junit.runners.ParentRunner$3.run(ParentRunner.java:238)
	at org.junit.runners.ParentRunner$1.schedule(ParentRunner.java:63)
	at org.junit.runners.ParentRunner.runChildren(ParentRunner.java:236)
	at org.junit.runners.ParentRunner.access$000(ParentRunner.java:53)
	at org.junit.runners.ParentRunner$2.evaluate(ParentRunner.java:229)
	at org.junit.runners.ParentRunner.run(ParentRunner.java:309)
	at org.apache.maven.surefire.junit4.JUnit4Provider.execute(JUnit4Provider.java:365)
	at org.apache.maven.surefire.junit4.JUnit4Provider.executeWithRerun(JUnit4Provider.java:273)
	at org.apache.maven.surefire.junit4.JUnit4Provider.executeTestSet(JUnit4Provider.java:238)
	at org.apache.maven.surefire.junit4.JUnit4Provider.invoke(JUnit4Provider.java:159)
	at org.apache.maven.surefire.booter.ForkedBooter.invokeProviderInSameClassLoader(ForkedBooter.java:384)
	at org.apache.maven.surefire.booter.ForkedBooter.runSuitesInProcess(ForkedBooter.java:345)
	at org.apache.maven.surefire.booter.ForkedBooter.execute(ForkedBooter.java:126)
	at org.apache.maven.surefire.booter.ForkedBooter.main(ForkedBooter.java:418)
2019-06-14 07:39:45,383 WARN  server.GrpcLogAppender (LogUtils.java:warn(134)) - 578092ab-b70b-4ebd-aded-cbd888e596c7: Failed appendEntries to 9d8be9db-f9cb-434a-8bf3-cbb66516a036:192.168.134.69:39813: org.apache.ratis.thirdparty.io.grpc.StatusRuntimeException: UNAVAILABLE: io exception
2019-06-14 07:39:45,383 WARN  server.GrpcLogAppender (LogUtils.java:warn(134)) - 578092ab-b70b-4ebd-aded-cbd888e596c7: Failed appendEntries to 45a18b76-154b-4bb1-adcb-fc939f971433:192.168.134.69:38345: org.apache.ratis.thirdparty.io.grpc.StatusRuntimeException: UNAVAILABLE: io exception
2019-06-14 07:39:45,383 INFO  impl.FollowerInfo (FollowerInfo.java:lambda$new$0(50)) - 578092ab-b70b-4ebd-aded-cbd888e596c7->9d8be9db-f9cb-434a-8bf3-cbb66516a036: nextIndex: updateUnconditionally 0 -> 0
2019-06-14 07:39:45,383 INFO  impl.FollowerInfo (FollowerInfo.java:lambda$new$0(50)) - 578092ab-b70b-4ebd-aded-cbd888e596c7->45a18b76-154b-4bb1-adcb-fc939f971433: nextIndex: updateUnconditionally 0 -> 0
2019-06-14 07:39:45,674 WARN  server.GrpcLogAppender (LogUtils.java:warn(134)) - 902dd3bd-fbe7-4201-8829-336551627606: Failed appendEntries to 22e46568-4fda-4945-b1b9-d2eef8972df7:192.168.134.69:41973: org.apache.ratis.thirdparty.io.grpc.StatusRuntimeException: UNAVAILABLE: io exception
2019-06-14 07:39:45,675 INFO  impl.FollowerInfo (FollowerInfo.java:lambda$new$0(50)) - 902dd3bd-fbe7-4201-8829-336551627606->22e46568-4fda-4945-b1b9-d2eef8972df7: nextIndex: updateUnconditionally 0 -> 0
2019-06-14 07:39:45,883 WARN  server.GrpcLogAppender (LogUtils.java:warn(134)) - 578092ab-b70b-4ebd-aded-cbd888e596c7: Failed appendEntries to 9d8be9db-f9cb-434a-8bf3-cbb66516a036:192.168.134.69:39813: org.apache.ratis.thirdparty.io.grpc.StatusRuntimeException: UNAVAILABLE: io exception
2019-06-14 07:39:45,883 WARN  server.GrpcLogAppender (LogUtils.java:warn(134)) - 578092ab-b70b-4ebd-aded-cbd888e596c7: Failed appendEntries to 45a18b76-154b-4bb1-adcb-fc939f971433:192.168.134.69:38345: org.apache.ratis.thirdparty.io.grpc.StatusRuntimeException: UNAVAILABLE: io exception
2019-06-14 07:39:45,883 INFO  impl.FollowerInfo (FollowerInfo.java:lambda$new$0(50)) - 578092ab-b70b-4ebd-aded-cbd888e596c7->9d8be9db-f9cb-434a-8bf3-cbb66516a036: nextIndex: updateUnconditionally 0 -> 0
2019-06-14 07:39:45,883 INFO  impl.FollowerInfo (FollowerInfo.java:lambda$new$0(50)) - 578092ab-b70b-4ebd-aded-cbd888e596c7->45a18b76-154b-4bb1-adcb-fc939f971433: nextIndex: updateUnconditionally 0 -> 0
2019-06-14 07:39:46,175 WARN  server.GrpcLogAppender (LogUtils.java:warn(134)) - 902dd3bd-fbe7-4201-8829-336551627606: Failed appendEntries to 22e46568-4fda-4945-b1b9-d2eef8972df7:192.168.134.69:41973: org.apache.ratis.thirdparty.io.grpc.StatusRuntimeException: UNAVAILABLE: io exception
2019-06-14 07:39:46,175 INFO  impl.FollowerInfo (FollowerInfo.java:lambda$new$0(50)) - 902dd3bd-fbe7-4201-8829-336551627606->22e46568-4fda-4945-b1b9-d2eef8972df7: nextIndex: updateUnconditionally 0 -> 0
2019-06-14 07:39:46,196 INFO  client.GrpcClientProtocolService (GrpcClientProtocolService.java:lambda$processClientRequest$0(264)) - Failed RaftClientRequest:client-5C514A69DA34->6d3b831f-8970-4c3a-84e0-257894478649@group-55A0BE056888, cid=105, seq=0, Watch-ALL_COMMITTED(5), Message:<EMPTY>, reply=RaftClientReply:client-5C514A69DA34->6d3b831f-8970-4c3a-84e0-257894478649@group-55A0BE056888, cid=105, FAILED org.apache.ratis.protocol.NotLeaderException: Server 6d3b831f-8970-4c3a-84e0-257894478649 is not the leader (902dd3bd-fbe7-4201-8829-336551627606:192.168.134.69:41037). Request must be sent to leader., logIndex=0, commits[6d3b831f-8970-4c3a-84e0-257894478649:c6, 22e46568-4fda-4945-b1b9-d2eef8972df7:c1, 902dd3bd-fbe7-4201-8829-336551627606:c6]
2019-06-14 07:39:46,200 INFO  client.GrpcClientProtocolClient (GrpcClientProtocolClient.java:onNext(254)) - client-5C514A69DA34->6d3b831f-8970-4c3a-84e0-257894478649: receive RaftClientReply:client-5C514A69DA34->6d3b831f-8970-4c3a-84e0-257894478649@group-55A0BE056888, cid=105, FAILED org.apache.ratis.protocol.NotLeaderException: Server 6d3b831f-8970-4c3a-84e0-257894478649 is not the leader (902dd3bd-fbe7-4201-8829-336551627606:192.168.134.69:41037). Request must be sent to leader., logIndex=0, commits[6d3b831f-8970-4c3a-84e0-257894478649:c6, 22e46568-4fda-4945-b1b9-d2eef8972df7:c1, 902dd3bd-fbe7-4201-8829-336551627606:c6]
2019-06-14 07:39:46,208 WARN  client.GrpcClientProtocolService (LogUtils.java:warn(134)) - 4-UnorderedRequestStreamObserver4: onError: org.apache.ratis.thirdparty.io.grpc.StatusRuntimeException: CANCELLED: cancelled before receiving half close
2019-06-14 07:39:46,208 WARN  client.GrpcClientProtocolService (LogUtils.java:warn(134)) - 3-UnorderedRequestStreamObserver3: onError: org.apache.ratis.thirdparty.io.grpc.StatusRuntimeException: CANCELLED: cancelled before receiving half close
2019-06-14 07:39:46,383 WARN  server.GrpcLogAppender (LogUtils.java:warn(134)) - 578092ab-b70b-4ebd-aded-cbd888e596c7: Failed appendEntries to 9d8be9db-f9cb-434a-8bf3-cbb66516a036:192.168.134.69:39813: org.apache.ratis.thirdparty.io.grpc.StatusRuntimeException: UNAVAILABLE: io exception
2019-06-14 07:39:46,384 INFO  impl.FollowerInfo (FollowerInfo.java:lambda$new$0(50)) - 578092ab-b70b-4ebd-aded-cbd888e596c7->9d8be9db-f9cb-434a-8bf3-cbb66516a036: nextIndex: updateUnconditionally 0 -> 0
2019-06-14 07:39:46,384 WARN  server.GrpcLogAppender (LogUtils.java:warn(134)) - 578092ab-b70b-4ebd-aded-cbd888e596c7: Failed appendEntries to 45a18b76-154b-4bb1-adcb-fc939f971433:192.168.134.69:38345: org.apache.ratis.thirdparty.io.grpc.StatusRuntimeException: UNAVAILABLE: io exception
2019-06-14 07:39:46,384 INFO  impl.FollowerInfo (FollowerInfo.java:lambda$new$0(50)) - 578092ab-b70b-4ebd-aded-cbd888e596c7->45a18b76-154b-4bb1-adcb-fc939f971433: nextIndex: updateUnconditionally 0 -> 0
2019-06-14 07:39:46,495 WARN  events.EventQueue (EventQueue.java:fireEvent(147)) - Processing of TypedEvent{payloadType=DatanodeDetails, name='Stale_Node'} is skipped, EventQueue is not running
2019-06-14 07:39:46,495 WARN  events.EventQueue (EventQueue.java:fireEvent(147)) - Processing of TypedEvent{payloadType=DatanodeDetails, name='Stale_Node'} is skipped, EventQueue is not running
2019-06-14 07:39:46,675 WARN  server.GrpcLogAppender (LogUtils.java:warn(134)) - 902dd3bd-fbe7-4201-8829-336551627606: Failed appendEntries to 22e46568-4fda-4945-b1b9-d2eef8972df7:192.168.134.69:41973: org.apache.ratis.thirdparty.io.grpc.StatusRuntimeException: UNAVAILABLE: io exception
2019-06-14 07:39:46,676 INFO  impl.FollowerInfo (FollowerInfo.java:lambda$new$0(50)) - 902dd3bd-fbe7-4201-8829-336551627606->22e46568-4fda-4945-b1b9-d2eef8972df7: nextIndex: updateUnconditionally 0 -> 0
2019-06-14 07:39:46,884 WARN  server.GrpcLogAppender (LogUtils.java:warn(134)) - 578092ab-b70b-4ebd-aded-cbd888e596c7: Failed appendEntries to 45a18b76-154b-4bb1-adcb-fc939f971433:192.168.134.69:38345: org.apache.ratis.thirdparty.io.grpc.StatusRuntimeException: UNAVAILABLE: io exception
2019-06-14 07:39:46,884 WARN  server.GrpcLogAppender (LogUtils.java:warn(134)) - 578092ab-b70b-4ebd-aded-cbd888e596c7: Failed appendEntries to 9d8be9db-f9cb-434a-8bf3-cbb66516a036:192.168.134.69:39813: org.apache.ratis.thirdparty.io.grpc.StatusRuntimeException: UNAVAILABLE: io exception
2019-06-14 07:39:46,884 INFO  impl.FollowerInfo (FollowerInfo.java:lambda$new$0(50)) - 578092ab-b70b-4ebd-aded-cbd888e596c7->45a18b76-154b-4bb1-adcb-fc939f971433: nextIndex: updateUnconditionally 0 -> 0
2019-06-14 07:39:46,884 INFO  impl.FollowerInfo (FollowerInfo.java:lambda$new$0(50)) - 578092ab-b70b-4ebd-aded-cbd888e596c7->9d8be9db-f9cb-434a-8bf3-cbb66516a036: nextIndex: updateUnconditionally 0 -> 0
2019-06-14 07:39:47,176 WARN  server.GrpcLogAppender (LogUtils.java:warn(134)) - 902dd3bd-fbe7-4201-8829-336551627606: Failed appendEntries to 22e46568-4fda-4945-b1b9-d2eef8972df7:192.168.134.69:41973: org.apache.ratis.thirdparty.io.grpc.StatusRuntimeException: UNAVAILABLE: io exception
2019-06-14 07:39:47,176 INFO  impl.FollowerInfo (FollowerInfo.java:lambda$new$0(50)) - 902dd3bd-fbe7-4201-8829-336551627606->22e46568-4fda-4945-b1b9-d2eef8972df7: nextIndex: updateUnconditionally 0 -> 0
2019-06-14 07:39:47,210 INFO  client.GrpcClientProtocolService (GrpcClientProtocolService.java:lambda$processClientRequest$0(264)) - Failed RaftClientRequest:client-5C514A69DA34->6d3b831f-8970-4c3a-84e0-257894478649@group-55A0BE056888, cid=106, seq=0, Watch-MAJORITY_COMMITTED(5), Message:<EMPTY>, reply=RaftClientReply:client-5C514A69DA34->6d3b831f-8970-4c3a-84e0-257894478649@group-55A0BE056888, cid=106, FAILED org.apache.ratis.protocol.NotLeaderException: Server 6d3b831f-8970-4c3a-84e0-257894478649 is not the leader (902dd3bd-fbe7-4201-8829-336551627606:192.168.134.69:41037). Request must be sent to leader., logIndex=0, commits[6d3b831f-8970-4c3a-84e0-257894478649:c6, 22e46568-4fda-4945-b1b9-d2eef8972df7:c1, 902dd3bd-fbe7-4201-8829-336551627606:c6]
2019-06-14 07:39:47,214 INFO  client.GrpcClientProtocolClient (GrpcClientProtocolClient.java:onNext(254)) - client-5C514A69DA34->6d3b831f-8970-4c3a-84e0-257894478649: receive RaftClientReply:client-5C514A69DA34->6d3b831f-8970-4c3a-84e0-257894478649@group-55A0BE056888, cid=106, FAILED org.apache.ratis.protocol.NotLeaderException: Server 6d3b831f-8970-4c3a-84e0-257894478649 is not the leader (902dd3bd-fbe7-4201-8829-336551627606:192.168.134.69:41037). Request must be sent to leader., logIndex=0, commits[6d3b831f-8970-4c3a-84e0-257894478649:c6, 22e46568-4fda-4945-b1b9-d2eef8972df7:c1, 902dd3bd-fbe7-4201-8829-336551627606:c6]
2019-06-14 07:39:47,217 WARN  client.GrpcClientProtocolService (LogUtils.java:warn(134)) - 5-UnorderedRequestStreamObserver5: onError: org.apache.ratis.thirdparty.io.grpc.StatusRuntimeException: CANCELLED: cancelled before receiving half close
2019-06-14 07:39:47,384 WARN  server.GrpcLogAppender (LogUtils.java:warn(134)) - 578092ab-b70b-4ebd-aded-cbd888e596c7: Failed appendEntries to 9d8be9db-f9cb-434a-8bf3-cbb66516a036:192.168.134.69:39813: org.apache.ratis.thirdparty.io.grpc.StatusRuntimeException: UNAVAILABLE: io exception
2019-06-14 07:39:47,384 WARN  server.GrpcLogAppender (LogUtils.java:warn(134)) - 578092ab-b70b-4ebd-aded-cbd888e596c7: Failed appendEntries to 45a18b76-154b-4bb1-adcb-fc939f971433:192.168.134.69:38345: org.apache.ratis.thirdparty.io.grpc.StatusRuntimeException: UNAVAILABLE: io exception
2019-06-14 07:39:47,385 INFO  impl.FollowerInfo (FollowerInfo.java:lambda$new$0(50)) - 578092ab-b70b-4ebd-aded-cbd888e596c7->9d8be9db-f9cb-434a-8bf3-cbb66516a036: nextIndex: updateUnconditionally 0 -> 0
2019-06-14 07:39:47,385 INFO  impl.FollowerInfo (FollowerInfo.java:lambda$new$0(50)) - 578092ab-b70b-4ebd-aded-cbd888e596c7->45a18b76-154b-4bb1-adcb-fc939f971433: nextIndex: updateUnconditionally 0 -> 0
2019-06-14 07:39:47,676 WARN  server.GrpcLogAppender (LogUtils.java:warn(134)) - 902dd3bd-fbe7-4201-8829-336551627606: Failed appendEntries to 22e46568-4fda-4945-b1b9-d2eef8972df7:192.168.134.69:41973: org.apache.ratis.thirdparty.io.grpc.StatusRuntimeException: UNAVAILABLE: io exception
2019-06-14 07:39:47,676 INFO  impl.FollowerInfo (FollowerInfo.java:lambda$new$0(50)) - 902dd3bd-fbe7-4201-8829-336551627606->22e46568-4fda-4945-b1b9-d2eef8972df7: nextIndex: updateUnconditionally 0 -> 0
2019-06-14 07:39:47,885 WARN  server.GrpcLogAppender (LogUtils.java:warn(134)) - 578092ab-b70b-4ebd-aded-cbd888e596c7: Failed appendEntries to 9d8be9db-f9cb-434a-8bf3-cbb66516a036:192.168.134.69:39813: org.apache.ratis.thirdparty.io.grpc.StatusRuntimeException: UNAVAILABLE: io exception
2019-06-14 07:39:47,885 INFO  impl.FollowerInfo (FollowerInfo.java:lambda$new$0(50)) - 578092ab-b70b-4ebd-aded-cbd888e596c7->9d8be9db-f9cb-434a-8bf3-cbb66516a036: nextIndex: updateUnconditionally 0 -> 0
2019-06-14 07:39:47,885 WARN  server.GrpcLogAppender (LogUtils.java:warn(134)) - 578092ab-b70b-4ebd-aded-cbd888e596c7: Failed appendEntries to 45a18b76-154b-4bb1-adcb-fc939f971433:192.168.134.69:38345: org.apache.ratis.thirdparty.io.grpc.StatusRuntimeException: UNAVAILABLE: io exception
2019-06-14 07:39:47,885 INFO  impl.FollowerInfo (FollowerInfo.java:lambda$new$0(50)) - 578092ab-b70b-4ebd-aded-cbd888e596c7->45a18b76-154b-4bb1-adcb-fc939f971433: nextIndex: updateUnconditionally 0 -> 0
2019-06-14 07:39:48,176 WARN  server.GrpcLogAppender (LogUtils.java:warn(134)) - 902dd3bd-fbe7-4201-8829-336551627606: Failed appendEntries to 22e46568-4fda-4945-b1b9-d2eef8972df7:192.168.134.69:41973: org.apache.ratis.thirdparty.io.grpc.StatusRuntimeException: UNAVAILABLE: io exception
2019-06-14 07:39:48,177 INFO  impl.FollowerInfo (FollowerInfo.java:lambda$new$0(50)) - 902dd3bd-fbe7-4201-8829-336551627606->22e46568-4fda-4945-b1b9-d2eef8972df7: nextIndex: updateUnconditionally 0 -> 0
]]></system-out>
    <system-err><![CDATA[Jun 14, 2019 7:39:29 AM com.sun.jersey.server.impl.application.WebApplicationImpl _initiate
INFO: Initiating Jersey application, version 'Jersey: 1.19 02/11/2015 03:25 AM'
Jun 14, 2019 7:39:29 AM com.sun.jersey.server.impl.application.WebApplicationImpl _initiate
INFO: Initiating Jersey application, version 'Jersey: 1.19 02/11/2015 03:25 AM'
Jun 14, 2019 7:39:30 AM com.sun.jersey.server.impl.application.WebApplicationImpl _initiate
INFO: Initiating Jersey application, version 'Jersey: 1.19 02/11/2015 03:25 AM'
Jun 14, 2019 7:39:30 AM com.sun.jersey.server.impl.application.WebApplicationImpl _initiate
INFO: Initiating Jersey application, version 'Jersey: 1.19 02/11/2015 03:25 AM'
Jun 14, 2019 7:39:30 AM org.apache.ratis.thirdparty.io.grpc.internal.ManagedChannelOrphanWrapper$ManagedChannelReference cleanQueue
SEVERE: *~*~*~ Channel ManagedChannelImpl{logId=1745, target=192.168.134.69:42845} was not shutdown properly!!! ~*~*~*
    Make sure to call shutdown()/shutdownNow() and wait until awaitTermination() returns true.
java.lang.RuntimeException: ManagedChannel allocation site
	at org.apache.ratis.thirdparty.io.grpc.internal.ManagedChannelOrphanWrapper$ManagedChannelReference.<init>(ManagedChannelOrphanWrapper.java:103)
	at org.apache.ratis.thirdparty.io.grpc.internal.ManagedChannelOrphanWrapper.<init>(ManagedChannelOrphanWrapper.java:53)
	at org.apache.ratis.thirdparty.io.grpc.internal.ManagedChannelOrphanWrapper.<init>(ManagedChannelOrphanWrapper.java:44)
	at org.apache.ratis.thirdparty.io.grpc.internal.AbstractManagedChannelImplBuilder.build(AbstractManagedChannelImplBuilder.java:411)
	at org.apache.ratis.grpc.client.GrpcClientProtocolClient.<init>(GrpcClientProtocolClient.java:118)
	at org.apache.ratis.grpc.client.GrpcClientRpc.lambda$new$0(GrpcClientRpc.java:55)
	at org.apache.ratis.util.PeerProxyMap$PeerAndProxy.lambda$getProxy$0(PeerProxyMap.java:61)
	at org.apache.ratis.util.LifeCycle.startAndTransition(LifeCycle.java:202)
	at org.apache.ratis.util.PeerProxyMap$PeerAndProxy.getProxy(PeerProxyMap.java:60)
	at org.apache.ratis.util.PeerProxyMap.getProxy(PeerProxyMap.java:107)
	at org.apache.ratis.grpc.client.GrpcClientRpc.sendRequest(GrpcClientRpc.java:91)
	at org.apache.ratis.client.impl.RaftClientImpl.sendRequest(RaftClientImpl.java:401)
	at org.apache.ratis.client.impl.RaftClientImpl.groupRemove(RaftClientImpl.java:280)
	at org.apache.hadoop.hdds.scm.pipeline.RatisPipelineUtils.destroyPipeline(RatisPipelineUtils.java:97)
	at org.apache.hadoop.hdds.scm.pipeline.RatisPipelineUtils.destroyPipeline(RatisPipelineUtils.java:64)
	at org.apache.hadoop.hdds.scm.pipeline.SCMPipelineManager.destroyPipeline(SCMPipelineManager.java:378)
	at org.apache.hadoop.hdds.scm.pipeline.SCMPipelineManager.finalizeAndDestroyPipeline(SCMPipelineManager.java:318)
	at org.apache.hadoop.ozone.container.ContainerTestHelper.waitForPipelineClose(ContainerTestHelper.java:799)
	at org.apache.hadoop.ozone.client.rpc.TestWatchForCommit.testWatchForCommitForGroupMismatchException(TestWatchForCommit.java:478)
	at sun.reflect.NativeMethodAccessorImpl.invoke0(Native Method)
	at sun.reflect.NativeMethodAccessorImpl.invoke(NativeMethodAccessorImpl.java:62)
	at sun.reflect.DelegatingMethodAccessorImpl.invoke(DelegatingMethodAccessorImpl.java:43)
	at java.lang.reflect.Method.invoke(Method.java:498)
	at org.junit.runners.model.FrameworkMethod$1.runReflectiveCall(FrameworkMethod.java:47)
	at org.junit.internal.runners.model.ReflectiveCallable.run(ReflectiveCallable.java:12)
	at org.junit.runners.model.FrameworkMethod.invokeExplosively(FrameworkMethod.java:44)
	at org.junit.internal.runners.statements.InvokeMethod.evaluate(InvokeMethod.java:17)
	at org.junit.runners.ParentRunner.runLeaf(ParentRunner.java:271)
	at org.junit.runners.BlockJUnit4ClassRunner.runChild(BlockJUnit4ClassRunner.java:70)
	at org.junit.runners.BlockJUnit4ClassRunner.runChild(BlockJUnit4ClassRunner.java:50)
	at org.junit.runners.ParentRunner$3.run(ParentRunner.java:238)
	at org.junit.runners.ParentRunner$1.schedule(ParentRunner.java:63)
	at org.junit.runners.ParentRunner.runChildren(ParentRunner.java:236)
	at org.junit.runners.ParentRunner.access$000(ParentRunner.java:53)
	at org.junit.runners.ParentRunner$2.evaluate(ParentRunner.java:229)
	at org.junit.runners.ParentRunner.run(ParentRunner.java:309)
	at org.apache.maven.surefire.junit4.JUnit4Provider.execute(JUnit4Provider.java:365)
	at org.apache.maven.surefire.junit4.JUnit4Provider.executeWithRerun(JUnit4Provider.java:273)
	at org.apache.maven.surefire.junit4.JUnit4Provider.executeTestSet(JUnit4Provider.java:238)
	at org.apache.maven.surefire.junit4.JUnit4Provider.invoke(JUnit4Provider.java:159)
	at org.apache.maven.surefire.booter.ForkedBooter.invokeProviderInSameClassLoader(ForkedBooter.java:384)
	at org.apache.maven.surefire.booter.ForkedBooter.runSuitesInProcess(ForkedBooter.java:345)
	at org.apache.maven.surefire.booter.ForkedBooter.execute(ForkedBooter.java:126)
	at org.apache.maven.surefire.booter.ForkedBooter.main(ForkedBooter.java:418)

Jun 14, 2019 7:39:30 AM org.apache.ratis.thirdparty.io.grpc.internal.ManagedChannelOrphanWrapper$ManagedChannelReference cleanQueue
SEVERE: *~*~*~ Channel ManagedChannelImpl{logId=1755, target=192.168.134.69:41291} was not shutdown properly!!! ~*~*~*
    Make sure to call shutdown()/shutdownNow() and wait until awaitTermination() returns true.
java.lang.RuntimeException: ManagedChannel allocation site
	at org.apache.ratis.thirdparty.io.grpc.internal.ManagedChannelOrphanWrapper$ManagedChannelReference.<init>(ManagedChannelOrphanWrapper.java:103)
	at org.apache.ratis.thirdparty.io.grpc.internal.ManagedChannelOrphanWrapper.<init>(ManagedChannelOrphanWrapper.java:53)
	at org.apache.ratis.thirdparty.io.grpc.internal.ManagedChannelOrphanWrapper.<init>(ManagedChannelOrphanWrapper.java:44)
	at org.apache.ratis.thirdparty.io.grpc.internal.AbstractManagedChannelImplBuilder.build(AbstractManagedChannelImplBuilder.java:411)
	at org.apache.ratis.grpc.client.GrpcClientProtocolClient.<init>(GrpcClientProtocolClient.java:118)
	at org.apache.ratis.grpc.client.GrpcClientRpc.lambda$new$0(GrpcClientRpc.java:55)
	at org.apache.ratis.util.PeerProxyMap$PeerAndProxy.lambda$getProxy$0(PeerProxyMap.java:61)
	at org.apache.ratis.util.LifeCycle.startAndTransition(LifeCycle.java:202)
	at org.apache.ratis.util.PeerProxyMap$PeerAndProxy.getProxy(PeerProxyMap.java:60)
	at org.apache.ratis.util.PeerProxyMap.getProxy(PeerProxyMap.java:107)
	at org.apache.ratis.grpc.client.GrpcClientRpc.sendRequest(GrpcClientRpc.java:91)
	at org.apache.ratis.client.impl.RaftClientImpl.sendRequest(RaftClientImpl.java:401)
	at org.apache.ratis.client.impl.RaftClientImpl.groupRemove(RaftClientImpl.java:280)
	at org.apache.hadoop.hdds.scm.pipeline.RatisPipelineUtils.destroyPipeline(RatisPipelineUtils.java:97)
	at org.apache.hadoop.hdds.scm.pipeline.RatisPipelineUtils.destroyPipeline(RatisPipelineUtils.java:64)
	at org.apache.hadoop.hdds.scm.pipeline.SCMPipelineManager.destroyPipeline(SCMPipelineManager.java:378)
	at org.apache.hadoop.hdds.scm.pipeline.SCMPipelineManager.finalizeAndDestroyPipeline(SCMPipelineManager.java:318)
	at org.apache.hadoop.ozone.container.ContainerTestHelper.waitForPipelineClose(ContainerTestHelper.java:799)
	at org.apache.hadoop.ozone.client.rpc.TestWatchForCommit.testWatchForCommitForGroupMismatchException(TestWatchForCommit.java:478)
	at sun.reflect.NativeMethodAccessorImpl.invoke0(Native Method)
	at sun.reflect.NativeMethodAccessorImpl.invoke(NativeMethodAccessorImpl.java:62)
	at sun.reflect.DelegatingMethodAccessorImpl.invoke(DelegatingMethodAccessorImpl.java:43)
	at java.lang.reflect.Method.invoke(Method.java:498)
	at org.junit.runners.model.FrameworkMethod$1.runReflectiveCall(FrameworkMethod.java:47)
	at org.junit.internal.runners.model.ReflectiveCallable.run(ReflectiveCallable.java:12)
	at org.junit.runners.model.FrameworkMethod.invokeExplosively(FrameworkMethod.java:44)
	at org.junit.internal.runners.statements.InvokeMethod.evaluate(InvokeMethod.java:17)
	at org.junit.runners.ParentRunner.runLeaf(ParentRunner.java:271)
	at org.junit.runners.BlockJUnit4ClassRunner.runChild(BlockJUnit4ClassRunner.java:70)
	at org.junit.runners.BlockJUnit4ClassRunner.runChild(BlockJUnit4ClassRunner.java:50)
	at org.junit.runners.ParentRunner$3.run(ParentRunner.java:238)
	at org.junit.runners.ParentRunner$1.schedule(ParentRunner.java:63)
	at org.junit.runners.ParentRunner.runChildren(ParentRunner.java:236)
	at org.junit.runners.ParentRunner.access$000(ParentRunner.java:53)
	at org.junit.runners.ParentRunner$2.evaluate(ParentRunner.java:229)
	at org.junit.runners.ParentRunner.run(ParentRunner.java:309)
	at org.apache.maven.surefire.junit4.JUnit4Provider.execute(JUnit4Provider.java:365)
	at org.apache.maven.surefire.junit4.JUnit4Provider.executeWithRerun(JUnit4Provider.java:273)
	at org.apache.maven.surefire.junit4.JUnit4Provider.executeTestSet(JUnit4Provider.java:238)
	at org.apache.maven.surefire.junit4.JUnit4Provider.invoke(JUnit4Provider.java:159)
	at org.apache.maven.surefire.booter.ForkedBooter.invokeProviderInSameClassLoader(ForkedBooter.java:384)
	at org.apache.maven.surefire.booter.ForkedBooter.runSuitesInProcess(ForkedBooter.java:345)
	at org.apache.maven.surefire.booter.ForkedBooter.execute(ForkedBooter.java:126)
	at org.apache.maven.surefire.booter.ForkedBooter.main(ForkedBooter.java:418)

Jun 14, 2019 7:39:30 AM org.apache.ratis.thirdparty.io.grpc.internal.ManagedChannelOrphanWrapper$ManagedChannelReference cleanQueue
SEVERE: *~*~*~ Channel ManagedChannelImpl{logId=1750, target=192.168.134.69:41699} was not shutdown properly!!! ~*~*~*
    Make sure to call shutdown()/shutdownNow() and wait until awaitTermination() returns true.
java.lang.RuntimeException: ManagedChannel allocation site
	at org.apache.ratis.thirdparty.io.grpc.internal.ManagedChannelOrphanWrapper$ManagedChannelReference.<init>(ManagedChannelOrphanWrapper.java:103)
	at org.apache.ratis.thirdparty.io.grpc.internal.ManagedChannelOrphanWrapper.<init>(ManagedChannelOrphanWrapper.java:53)
	at org.apache.ratis.thirdparty.io.grpc.internal.ManagedChannelOrphanWrapper.<init>(ManagedChannelOrphanWrapper.java:44)
	at org.apache.ratis.thirdparty.io.grpc.internal.AbstractManagedChannelImplBuilder.build(AbstractManagedChannelImplBuilder.java:411)
	at org.apache.ratis.grpc.client.GrpcClientProtocolClient.<init>(GrpcClientProtocolClient.java:118)
	at org.apache.ratis.grpc.client.GrpcClientRpc.lambda$new$0(GrpcClientRpc.java:55)
	at org.apache.ratis.util.PeerProxyMap$PeerAndProxy.lambda$getProxy$0(PeerProxyMap.java:61)
	at org.apache.ratis.util.LifeCycle.startAndTransition(LifeCycle.java:202)
	at org.apache.ratis.util.PeerProxyMap$PeerAndProxy.getProxy(PeerProxyMap.java:60)
	at org.apache.ratis.util.PeerProxyMap.getProxy(PeerProxyMap.java:107)
	at org.apache.ratis.grpc.client.GrpcClientRpc.sendRequest(GrpcClientRpc.java:91)
	at org.apache.ratis.client.impl.RaftClientImpl.sendRequest(RaftClientImpl.java:401)
	at org.apache.ratis.client.impl.RaftClientImpl.groupRemove(RaftClientImpl.java:280)
	at org.apache.hadoop.hdds.scm.pipeline.RatisPipelineUtils.destroyPipeline(RatisPipelineUtils.java:97)
	at org.apache.hadoop.hdds.scm.pipeline.RatisPipelineUtils.destroyPipeline(RatisPipelineUtils.java:64)
	at org.apache.hadoop.hdds.scm.pipeline.SCMPipelineManager.destroyPipeline(SCMPipelineManager.java:378)
	at org.apache.hadoop.hdds.scm.pipeline.SCMPipelineManager.finalizeAndDestroyPipeline(SCMPipelineManager.java:318)
	at org.apache.hadoop.ozone.container.ContainerTestHelper.waitForPipelineClose(ContainerTestHelper.java:799)
	at org.apache.hadoop.ozone.client.rpc.TestWatchForCommit.testWatchForCommitForGroupMismatchException(TestWatchForCommit.java:478)
	at sun.reflect.NativeMethodAccessorImpl.invoke0(Native Method)
	at sun.reflect.NativeMethodAccessorImpl.invoke(NativeMethodAccessorImpl.java:62)
	at sun.reflect.DelegatingMethodAccessorImpl.invoke(DelegatingMethodAccessorImpl.java:43)
	at java.lang.reflect.Method.invoke(Method.java:498)
	at org.junit.runners.model.FrameworkMethod$1.runReflectiveCall(FrameworkMethod.java:47)
	at org.junit.internal.runners.model.ReflectiveCallable.run(ReflectiveCallable.java:12)
	at org.junit.runners.model.FrameworkMethod.invokeExplosively(FrameworkMethod.java:44)
	at org.junit.internal.runners.statements.InvokeMethod.evaluate(InvokeMethod.java:17)
	at org.junit.runners.ParentRunner.runLeaf(ParentRunner.java:271)
	at org.junit.runners.BlockJUnit4ClassRunner.runChild(BlockJUnit4ClassRunner.java:70)
	at org.junit.runners.BlockJUnit4ClassRunner.runChild(BlockJUnit4ClassRunner.java:50)
	at org.junit.runners.ParentRunner$3.run(ParentRunner.java:238)
	at org.junit.runners.ParentRunner$1.schedule(ParentRunner.java:63)
	at org.junit.runners.ParentRunner.runChildren(ParentRunner.java:236)
	at org.junit.runners.ParentRunner.access$000(ParentRunner.java:53)
	at org.junit.runners.ParentRunner$2.evaluate(ParentRunner.java:229)
	at org.junit.runners.ParentRunner.run(ParentRunner.java:309)
	at org.apache.maven.surefire.junit4.JUnit4Provider.execute(JUnit4Provider.java:365)
	at org.apache.maven.surefire.junit4.JUnit4Provider.executeWithRerun(JUnit4Provider.java:273)
	at org.apache.maven.surefire.junit4.JUnit4Provider.executeTestSet(JUnit4Provider.java:238)
	at org.apache.maven.surefire.junit4.JUnit4Provider.invoke(JUnit4Provider.java:159)
	at org.apache.maven.surefire.booter.ForkedBooter.invokeProviderInSameClassLoader(ForkedBooter.java:384)
	at org.apache.maven.surefire.booter.ForkedBooter.runSuitesInProcess(ForkedBooter.java:345)
	at org.apache.maven.surefire.booter.ForkedBooter.execute(ForkedBooter.java:126)
	at org.apache.maven.surefire.booter.ForkedBooter.main(ForkedBooter.java:418)

Jun 14, 2019 7:39:30 AM com.sun.jersey.server.impl.application.WebApplicationImpl _initiate
INFO: Initiating Jersey application, version 'Jersey: 1.19 02/11/2015 03:25 AM'
Jun 14, 2019 7:39:30 AM com.sun.jersey.server.impl.application.WebApplicationImpl _initiate
INFO: Initiating Jersey application, version 'Jersey: 1.19 02/11/2015 03:25 AM'
Jun 14, 2019 7:39:30 AM com.sun.jersey.server.impl.application.WebApplicationImpl _initiate
INFO: Initiating Jersey application, version 'Jersey: 1.19 02/11/2015 03:25 AM'
]]></system-err>
  </testcase>
  <testcase name="test2WayCommitForRetryfailure" classname="org.apache.hadoop.ozone.client.rpc.TestWatchForCommit" time="34.785"/>
</testsuite>