<?xml version="1.0" encoding="UTF-8"?>
<testsuite xmlns:xsi="http://www.w3.org/2001/XMLSchema-instance" xsi:noNamespaceSchemaLocation="https://maven.apache.org/surefire/maven-surefire-plugin/xsd/surefire-test-report.xsd" name="org.apache.hadoop.hdds.scm.pipeline.TestNodeFailure" time="12.079" tests="1" errors="0" skipped="1" failures="0">
  <properties>
    <property name="awt.toolkit" value="sun.awt.X11.XToolkit"/>
    <property name="file.encoding.pkg" value="sun.io"/>
    <property name="java.specification.version" value="1.8"/>
    <property name="sun.cpu.isalist" value=""/>
    <property name="sun.jnu.encoding" value="UTF-8"/>
    <property name="java.class.path" value="/opt/src/hadoop-ozone/integration-test/target/test-classes:/opt/src/hadoop-ozone/integration-test/target/classes:/root/.m2/repository/org/apache/hadoop/hadoop-ozone-common/0.5.0-SNAPSHOT/hadoop-ozone-common-0.5.0-SNAPSHOT.jar:/root/.m2/repository/org/apache/commons/commons-compress/1.4.1/commons-compress-1.4.1.jar:/root/.m2/repository/org/tukaani/xz/1.0/xz-1.0.jar:/root/.m2/repository/org/apache/hadoop/hadoop-common/3.2.0/hadoop-common-3.2.0.jar:/root/.m2/repository/org/apache/hadoop/hadoop-hdfs/3.2.0/hadoop-hdfs-3.2.0.jar:/root/.m2/repository/org/apache/hadoop/hadoop-hdfs-client/3.2.0/hadoop-hdfs-client-3.2.0.jar:/root/.m2/repository/com/fasterxml/jackson/core/jackson-annotations/2.9.5/jackson-annotations-2.9.5.jar:/root/.m2/repository/org/apache/hadoop/hadoop-hdds-common/0.5.0-SNAPSHOT/hadoop-hdds-common-0.5.0-SNAPSHOT.jar:/root/.m2/repository/javax/annotation/javax.annotation-api/1.2/javax.annotation-api-1.2.jar:/root/.m2/repository/org/apache/ratis/ratis-server/0.4.0-fe2b15d-SNAPSHOT/ratis-server-0.4.0-fe2b15d-SNAPSHOT.jar:/root/.m2/repository/org/apache/ratis/ratis-thirdparty-misc/0.2.0/ratis-thirdparty-misc-0.2.0.jar:/root/.m2/repository/org/apache/ratis/ratis-proto/0.4.0-fe2b15d-SNAPSHOT/ratis-proto-0.4.0-fe2b15d-SNAPSHOT.jar:/root/.m2/repository/org/apache/ratis/ratis-common/0.4.0-fe2b15d-SNAPSHOT/ratis-common-0.4.0-fe2b15d-SNAPSHOT.jar:/root/.m2/repository/org/apache/ratis/ratis-client/0.4.0-fe2b15d-SNAPSHOT/ratis-client-0.4.0-fe2b15d-SNAPSHOT.jar:/root/.m2/repository/org/apache/ratis/ratis-netty/0.4.0-fe2b15d-SNAPSHOT/ratis-netty-0.4.0-fe2b15d-SNAPSHOT.jar:/root/.m2/repository/org/apache/ratis/ratis-grpc/0.4.0-fe2b15d-SNAPSHOT/ratis-grpc-0.4.0-fe2b15d-SNAPSHOT.jar:/root/.m2/repository/org/rocksdb/rocksdbjni/5.14.2/rocksdbjni-5.14.2.jar:/root/.m2/repository/org/apache/logging/log4j/log4j-api/2.11.0/log4j-api-2.11.0.jar:/root/.m2/repository/org/apache/logging/log4j/log4j-core/2.11.0/log4j-core-2.11.0.jar:/root/.m2/repository/com/lmax/disruptor/3.4.2/disruptor-3.4.2.jar:/root/.m2/repository/org/apache/commons/commons-pool2/2.6.0/commons-pool2-2.6.0.jar:/root/.m2/repository/org/bouncycastle/bcpkix-jdk15on/1.60/bcpkix-jdk15on-1.60.jar:/root/.m2/repository/commons-validator/commons-validator/1.6/commons-validator-1.6.jar:/root/.m2/repository/commons-digester/commons-digester/1.8.1/commons-digester-1.8.1.jar:/root/.m2/repository/io/jaegertracing/jaeger-client/0.33.1/jaeger-client-0.33.1.jar:/root/.m2/repository/io/jaegertracing/jaeger-thrift/0.33.1/jaeger-thrift-0.33.1.jar:/root/.m2/repository/org/apache/thrift/libthrift/0.11.0/libthrift-0.11.0.jar:/root/.m2/repository/com/squareup/okhttp3/okhttp/3.9.0/okhttp-3.9.0.jar:/root/.m2/repository/com/squareup/okio/okio/1.13.0/okio-1.13.0.jar:/root/.m2/repository/io/jaegertracing/jaeger-core/0.33.1/jaeger-core-0.33.1.jar:/root/.m2/repository/io/jaegertracing/jaeger-tracerresolver/0.33.1/jaeger-tracerresolver-0.33.1.jar:/root/.m2/repository/io/opentracing/contrib/opentracing-tracerresolver/0.1.5/opentracing-tracerresolver-0.1.5.jar:/root/.m2/repository/io/opentracing/opentracing-util/0.31.0/opentracing-util-0.31.0.jar:/root/.m2/repository/io/opentracing/opentracing-api/0.31.0/opentracing-api-0.31.0.jar:/root/.m2/repository/io/opentracing/opentracing-noop/0.31.0/opentracing-noop-0.31.0.jar:/root/.m2/repository/org/apache/hadoop/hadoop-hdds-server-framework/0.5.0-SNAPSHOT/hadoop-hdds-server-framework-0.5.0-SNAPSHOT.jar:/root/.m2/repository/org/apache/hadoop/hadoop-hdds-server-scm/0.5.0-SNAPSHOT/hadoop-hdds-server-scm-0.5.0-SNAPSHOT.jar:/root/.m2/repository/org/apache/hadoop/hadoop-hdds-container-service/0.5.0-SNAPSHOT/hadoop-hdds-container-service-0.5.0-SNAPSHOT.jar:/root/.m2/repository/org/apache/hadoop/hadoop-hdds-client/0.5.0-SNAPSHOT/hadoop-hdds-client-0.5.0-SNAPSHOT.jar:/root/.m2/repository/org/apache/hadoop/hadoop-hdds-tools/0.5.0-SNAPSHOT/hadoop-hdds-tools-0.5.0-SNAPSHOT.jar:/root/.m2/repository/org/apache/hadoop/hadoop-ozone-ozone-manager/0.5.0-SNAPSHOT/hadoop-ozone-ozone-manager-0.5.0-SNAPSHOT.jar:/root/.m2/repository/org/apache/hadoop/hadoop-hdds-docs/0.5.0-SNAPSHOT/hadoop-hdds-docs-0.5.0-SNAPSHOT.jar:/root/.m2/repository/org/bouncycastle/bcprov-jdk15on/1.60/bcprov-jdk15on-1.60.jar:/root/.m2/repository/org/apache/hadoop/hadoop-minikdc/3.2.0/hadoop-minikdc-3.2.0.jar:/root/.m2/repository/commons-io/commons-io/2.5/commons-io-2.5.jar:/root/.m2/repository/org/apache/kerby/kerb-simplekdc/1.0.1/kerb-simplekdc-1.0.1.jar:/root/.m2/repository/org/apache/kerby/kerb-client/1.0.1/kerb-client-1.0.1.jar:/root/.m2/repository/org/apache/kerby/kerby-config/1.0.1/kerby-config-1.0.1.jar:/root/.m2/repository/org/apache/kerby/kerb-core/1.0.1/kerb-core-1.0.1.jar:/root/.m2/repository/org/apache/kerby/kerby-pkix/1.0.1/kerby-pkix-1.0.1.jar:/root/.m2/repository/org/apache/kerby/kerby-asn1/1.0.1/kerby-asn1-1.0.1.jar:/root/.m2/repository/org/apache/kerby/kerby-util/1.0.1/kerby-util-1.0.1.jar:/root/.m2/repository/org/apache/kerby/kerb-common/1.0.1/kerb-common-1.0.1.jar:/root/.m2/repository/org/apache/kerby/kerb-crypto/1.0.1/kerb-crypto-1.0.1.jar:/root/.m2/repository/org/apache/kerby/kerb-util/1.0.1/kerb-util-1.0.1.jar:/root/.m2/repository/org/apache/kerby/token-provider/1.0.1/token-provider-1.0.1.jar:/root/.m2/repository/org/apache/kerby/kerb-admin/1.0.1/kerb-admin-1.0.1.jar:/root/.m2/repository/org/apache/kerby/kerb-server/1.0.1/kerb-server-1.0.1.jar:/root/.m2/repository/org/apache/kerby/kerb-identity/1.0.1/kerb-identity-1.0.1.jar:/root/.m2/repository/org/apache/kerby/kerby-xdr/1.0.1/kerby-xdr-1.0.1.jar:/root/.m2/repository/org/slf4j/slf4j-log4j12/1.7.25/slf4j-log4j12-1.7.25.jar:/root/.m2/repository/org/apache/hadoop/hadoop-ozone-objectstore-service/0.5.0-SNAPSHOT/hadoop-ozone-objectstore-service-0.5.0-SNAPSHOT.jar:/root/.m2/repository/org/apache/hadoop/hadoop-ozone-s3gateway/0.5.0-SNAPSHOT/hadoop-ozone-s3gateway-0.5.0-SNAPSHOT.jar:/root/.m2/repository/org/jboss/weld/servlet/weld-servlet/2.4.7.Final/weld-servlet-2.4.7.Final.jar:/root/.m2/repository/org/glassfish/jersey/containers/jersey-container-servlet-core/2.27/jersey-container-servlet-core-2.27.jar:/root/.m2/repository/org/glassfish/hk2/external/javax.inject/2.5.0-b42/javax.inject-2.5.0-b42.jar:/root/.m2/repository/org/glassfish/jersey/core/jersey-common/2.27/jersey-common-2.27.jar:/root/.m2/repository/org/glassfish/hk2/osgi-resource-locator/1.0.1/osgi-resource-locator-1.0.1.jar:/root/.m2/repository/javax/ws/rs/javax.ws.rs-api/2.1/javax.ws.rs-api-2.1.jar:/root/.m2/repository/org/glassfish/jersey/ext/cdi/jersey-cdi1x/2.27/jersey-cdi1x-2.27.jar:/root/.m2/repository/org/glassfish/jersey/inject/jersey-hk2/2.27/jersey-hk2-2.27.jar:/root/.m2/repository/org/glassfish/hk2/hk2-locator/2.5.0-b42/hk2-locator-2.5.0-b42.jar:/root/.m2/repository/org/javassist/javassist/3.22.0-CR2/javassist-3.22.0-CR2.jar:/root/.m2/repository/org/glassfish/hk2/hk2-api/2.5.0/hk2-api-2.5.0.jar:/root/.m2/repository/org/glassfish/hk2/external/jakarta.inject/2.5.0/jakarta.inject-2.5.0.jar:/root/.m2/repository/org/glassfish/hk2/hk2-utils/2.5.0/hk2-utils-2.5.0.jar:/root/.m2/repository/jakarta/annotation/jakarta.annotation-api/1.3.4/jakarta.annotation-api-1.3.4.jar:/root/.m2/repository/org/glassfish/hk2/external/aopalliance-repackaged/2.5.0/aopalliance-repackaged-2.5.0.jar:/root/.m2/repository/com/fasterxml/jackson/dataformat/jackson-dataformat-xml/2.9.0/jackson-dataformat-xml-2.9.0.jar:/root/.m2/repository/com/fasterxml/jackson/core/jackson-core/2.9.5/jackson-core-2.9.5.jar:/root/.m2/repository/com/fasterxml/jackson/module/jackson-module-jaxb-annotations/2.9.5/jackson-module-jaxb-annotations-2.9.5.jar:/root/.m2/repository/javax/enterprise/cdi-api/1.2/cdi-api-1.2.jar:/root/.m2/repository/javax/el/javax.el-api/3.0.0/javax.el-api-3.0.0.jar:/root/.m2/repository/javax/interceptor/javax.interceptor-api/1.2/javax.interceptor-api-1.2.jar:/root/.m2/repository/javax/inject/javax.inject/1/javax.inject-1.jar:/root/.m2/repository/com/sun/xml/bind/jaxb-impl/2.3.0.1/jaxb-impl-2.3.0.1.jar:/root/.m2/repository/com/sun/xml/bind/jaxb-core/2.3.0.1/jaxb-core-2.3.0.1.jar:/root/.m2/repository/javax/xml/bind/jaxb-api/2.3.0/jaxb-api-2.3.0.jar:/root/.m2/repository/javax/activation/activation/1.1.1/activation-1.1.1.jar:/root/.m2/repository/org/apache/hadoop/hadoop-ozone-csi/0.5.0-SNAPSHOT/hadoop-ozone-csi-0.5.0-SNAPSHOT.jar:/root/.m2/repository/com/google/protobuf/protobuf-java-util/3.5.1/protobuf-java-util-3.5.1.jar:/root/.m2/repository/org/apache/hadoop/hadoop-hdds-config/0.5.0-SNAPSHOT/hadoop-hdds-config-0.5.0-SNAPSHOT.jar:/root/.m2/repository/com/google/guava/guava/11.0.2/guava-11.0.2.jar:/root/.m2/repository/com/google/protobuf/protobuf-java/2.5.0/protobuf-java-2.5.0.jar:/root/.m2/repository/io/grpc/grpc-netty/1.17.1/grpc-netty-1.17.1.jar:/root/.m2/repository/io/grpc/grpc-core/1.17.1/grpc-core-1.17.1.jar:/root/.m2/repository/io/grpc/grpc-context/1.17.1/grpc-context-1.17.1.jar:/root/.m2/repository/com/google/errorprone/error_prone_annotations/2.2.0/error_prone_annotations-2.2.0.jar:/root/.m2/repository/org/codehaus/mojo/animal-sniffer-annotations/1.17/animal-sniffer-annotations-1.17.jar:/root/.m2/repository/io/opencensus/opencensus-api/0.17.0/opencensus-api-0.17.0.jar:/root/.m2/repository/io/opencensus/opencensus-contrib-grpc-metrics/0.17.0/opencensus-contrib-grpc-metrics-0.17.0.jar:/root/.m2/repository/io/netty/netty-codec-http2/4.1.30.Final/netty-codec-http2-4.1.30.Final.jar:/root/.m2/repository/io/netty/netty-codec-http/4.1.30.Final/netty-codec-http-4.1.30.Final.jar:/root/.m2/repository/io/netty/netty-codec/4.1.30.Final/netty-codec-4.1.30.Final.jar:/root/.m2/repository/io/netty/netty-handler/4.1.30.Final/netty-handler-4.1.30.Final.jar:/root/.m2/repository/io/netty/netty-handler-proxy/4.1.30.Final/netty-handler-proxy-4.1.30.Final.jar:/root/.m2/repository/io/netty/netty-codec-socks/4.1.30.Final/netty-codec-socks-4.1.30.Final.jar:/root/.m2/repository/io/netty/netty-transport-native-epoll/4.1.30.Final/netty-transport-native-epoll-4.1.30.Final.jar:/root/.m2/repository/io/netty/netty-common/4.1.30.Final/netty-common-4.1.30.Final.jar:/root/.m2/repository/io/netty/netty-buffer/4.1.30.Final/netty-buffer-4.1.30.Final.jar:/root/.m2/repository/io/netty/netty-transport/4.1.30.Final/netty-transport-4.1.30.Final.jar:/root/.m2/repository/io/netty/netty-resolver/4.1.30.Final/netty-resolver-4.1.30.Final.jar:/root/.m2/repository/io/netty/netty-transport-native-unix-common/4.1.30.Final/netty-transport-native-unix-common-4.1.30.Final.jar:/root/.m2/repository/io/grpc/grpc-protobuf/1.17.1/grpc-protobuf-1.17.1.jar:/root/.m2/repository/com/google/api/grpc/proto-google-common-protos/1.0.0/proto-google-common-protos-1.0.0.jar:/root/.m2/repository/io/grpc/grpc-protobuf-lite/1.17.1/grpc-protobuf-lite-1.17.1.jar:/root/.m2/repository/io/grpc/grpc-stub/1.17.1/grpc-stub-1.17.1.jar:/root/.m2/repository/org/apache/hadoop/hadoop-ozone-recon/0.5.0-SNAPSHOT/hadoop-ozone-recon-0.5.0-SNAPSHOT.jar:/root/.m2/repository/org/apache/hadoop/hadoop-ozone-reconcodegen/0.5.0-SNAPSHOT/hadoop-ozone-reconcodegen-0.5.0-SNAPSHOT.jar:/root/.m2/repository/com/google/inject/extensions/guice-multibindings/4.0/guice-multibindings-4.0.jar:/root/.m2/repository/com/google/inject/guice/4.0/guice-4.0.jar:/root/.m2/repository/aopalliance/aopalliance/1.0/aopalliance-1.0.jar:/root/.m2/repository/com/google/inject/extensions/guice-servlet/4.0/guice-servlet-4.0.jar:/root/.m2/repository/org/glassfish/jersey/containers/jersey-container-servlet/2.27/jersey-container-servlet-2.27.jar:/root/.m2/repository/org/glassfish/hk2/guice-bridge/2.5.0/guice-bridge-2.5.0.jar:/root/.m2/repository/org/glassfish/jersey/core/jersey-server/2.27/jersey-server-2.27.jar:/root/.m2/repository/org/glassfish/jersey/core/jersey-client/2.27/jersey-client-2.27.jar:/root/.m2/repository/org/glassfish/jersey/media/jersey-media-jaxb/2.27/jersey-media-jaxb-2.27.jar:/root/.m2/repository/javax/validation/validation-api/1.1.0.Final/validation-api-1.1.0.Final.jar:/root/.m2/repository/org/glassfish/jersey/media/jersey-media-json-jackson/2.27/jersey-media-json-jackson-2.27.jar:/root/.m2/repository/org/glassfish/jersey/ext/jersey-entity-filtering/2.27/jersey-entity-filtering-2.27.jar:/root/.m2/repository/com/google/inject/extensions/guice-assistedinject/4.0/guice-assistedinject-4.0.jar:/root/.m2/repository/org/jooq/jooq/3.11.10/jooq-3.11.10.jar:/root/.m2/repository/org/jooq/jooq-meta/3.11.10/jooq-meta-3.11.10.jar:/root/.m2/repository/org/jooq/jooq-codegen/3.11.10/jooq-codegen-3.11.10.jar:/root/.m2/repository/com/jolbox/bonecp/0.8.0.RELEASE/bonecp-0.8.0.RELEASE.jar:/root/.m2/repository/org/xerial/sqlite-jdbc/3.25.2/sqlite-jdbc-3.25.2.jar:/root/.m2/repository/org/springframework/spring-jdbc/5.1.3.RELEASE/spring-jdbc-5.1.3.RELEASE.jar:/root/.m2/repository/org/springframework/spring-beans/5.1.3.RELEASE/spring-beans-5.1.3.RELEASE.jar:/root/.m2/repository/org/springframework/spring-core/5.1.3.RELEASE/spring-core-5.1.3.RELEASE.jar:/root/.m2/repository/org/springframework/spring-jcl/5.1.3.RELEASE/spring-jcl-5.1.3.RELEASE.jar:/root/.m2/repository/org/springframework/spring-tx/5.1.3.RELEASE/spring-tx-5.1.3.RELEASE.jar:/root/.m2/repository/org/apache/hadoop/hadoop-ozone-client/0.5.0-SNAPSHOT/hadoop-ozone-client-0.5.0-SNAPSHOT.jar:/root/.m2/repository/org/apache/hadoop/hadoop-ozone-ozone-manager/0.5.0-SNAPSHOT/hadoop-ozone-ozone-manager-0.5.0-SNAPSHOT-tests.jar:/root/.m2/repository/junit/junit/4.11/junit-4.11.jar:/root/.m2/repository/org/hamcrest/hamcrest-core/1.3/hamcrest-core-1.3.jar:/root/.m2/repository/org/openjdk/jmh/jmh-core/1.19/jmh-core-1.19.jar:/root/.m2/repository/net/sf/jopt-simple/jopt-simple/4.6/jopt-simple-4.6.jar:/root/.m2/repository/org/apache/commons/commons-math3/3.1.1/commons-math3-3.1.1.jar:/root/.m2/repository/org/openjdk/jmh/jmh-generator-annprocess/1.19/jmh-generator-annprocess-1.19.jar:/root/.m2/repository/org/mockito/mockito-all/1.8.5/mockito-all-1.8.5.jar:/root/.m2/repository/org/apache/hadoop/hadoop-kms/3.2.0/hadoop-kms-3.2.0.jar:/root/.m2/repository/org/apache/hadoop/hadoop-auth/3.2.0/hadoop-auth-3.2.0.jar:/root/.m2/repository/com/nimbusds/nimbus-jose-jwt/4.41.1/nimbus-jose-jwt-4.41.1.jar:/root/.m2/repository/com/github/stephenc/jcip/jcip-annotations/1.0-1/jcip-annotations-1.0-1.jar:/root/.m2/repository/net/minidev/json-smart/2.3/json-smart-2.3.jar:/root/.m2/repository/net/minidev/accessors-smart/1.2/accessors-smart-1.2.jar:/root/.m2/repository/org/ow2/asm/asm/5.0.4/asm-5.0.4.jar:/root/.m2/repository/org/apache/curator/curator-framework/2.12.0/curator-framework-2.12.0.jar:/root/.m2/repository/com/sun/jersey/jersey-core/1.19/jersey-core-1.19.jar:/root/.m2/repository/javax/ws/rs/jsr311-api/1.1.1/jsr311-api-1.1.1.jar:/root/.m2/repository/com/sun/jersey/jersey-server/1.19/jersey-server-1.19.jar:/root/.m2/repository/javax/servlet/javax.servlet-api/3.1.0/javax.servlet-api-3.1.0.jar:/root/.m2/repository/org/eclipse/jetty/jetty-server/9.3.24.v20180605/jetty-server-9.3.24.v20180605.jar:/root/.m2/repository/org/eclipse/jetty/jetty-http/9.3.24.v20180605/jetty-http-9.3.24.v20180605.jar:/root/.m2/repository/org/eclipse/jetty/jetty-io/9.3.24.v20180605/jetty-io-9.3.24.v20180605.jar:/root/.m2/repository/org/eclipse/jetty/jetty-webapp/9.3.24.v20180605/jetty-webapp-9.3.24.v20180605.jar:/root/.m2/repository/org/eclipse/jetty/jetty-xml/9.3.24.v20180605/jetty-xml-9.3.24.v20180605.jar:/root/.m2/repository/log4j/log4j/1.2.17/log4j-1.2.17.jar:/root/.m2/repository/org/slf4j/slf4j-api/1.7.25/slf4j-api-1.7.25.jar:/root/.m2/repository/org/slf4j/jul-to-slf4j/1.7.25/jul-to-slf4j-1.7.25.jar:/root/.m2/repository/org/eclipse/jetty/jetty-util/9.3.24.v20180605/jetty-util-9.3.24.v20180605.jar:/root/.m2/repository/io/dropwizard/metrics/metrics-core/3.2.4/metrics-core-3.2.4.jar:/root/.m2/repository/com/fasterxml/jackson/core/jackson-databind/2.9.5/jackson-databind-2.9.5.jar:/root/.m2/repository/org/apache/hadoop/hadoop-kms/3.2.0/hadoop-kms-3.2.0-tests.jar:/root/.m2/repository/org/apache/hadoop/hadoop-hdds-server-scm/0.5.0-SNAPSHOT/hadoop-hdds-server-scm-0.5.0-SNAPSHOT-tests.jar:/root/.m2/repository/org/hamcrest/hamcrest-all/1.3/hamcrest-all-1.3.jar:/root/.m2/repository/info/picocli/picocli/3.9.6/picocli-3.9.6.jar:/root/.m2/repository/org/apache/hadoop/hadoop-hdds-container-service/0.5.0-SNAPSHOT/hadoop-hdds-container-service-0.5.0-SNAPSHOT-tests.jar:/root/.m2/repository/org/yaml/snakeyaml/1.16/snakeyaml-1.16.jar:/root/.m2/repository/org/apache/hadoop/hadoop-common/3.2.0/hadoop-common-3.2.0-tests.jar:/root/.m2/repository/org/apache/hadoop/hadoop-annotations/3.2.0/hadoop-annotations-3.2.0.jar:/usr/lib/jvm/java-1.8-openjdk/jre/../lib/tools.jar:/root/.m2/repository/commons-cli/commons-cli/1.2/commons-cli-1.2.jar:/root/.m2/repository/org/apache/httpcomponents/httpclient/4.5.2/httpclient-4.5.2.jar:/root/.m2/repository/org/apache/httpcomponents/httpcore/4.4.4/httpcore-4.4.4.jar:/root/.m2/repository/commons-codec/commons-codec/1.11/commons-codec-1.11.jar:/root/.m2/repository/commons-net/commons-net/3.6/commons-net-3.6.jar:/root/.m2/repository/commons-collections/commons-collections/3.2.2/commons-collections-3.2.2.jar:/root/.m2/repository/org/eclipse/jetty/jetty-servlet/9.3.24.v20180605/jetty-servlet-9.3.24.v20180605.jar:/root/.m2/repository/org/eclipse/jetty/jetty-security/9.3.24.v20180605/jetty-security-9.3.24.v20180605.jar:/root/.m2/repository/javax/servlet/jsp/jsp-api/2.1/jsp-api-2.1.jar:/root/.m2/repository/com/sun/jersey/jersey-servlet/1.19/jersey-servlet-1.19.jar:/root/.m2/repository/com/sun/jersey/jersey-json/1.19/jersey-json-1.19.jar:/root/.m2/repository/org/codehaus/jettison/jettison/1.1/jettison-1.1.jar:/root/.m2/repository/org/codehaus/jackson/jackson-core-asl/1.9.13/jackson-core-asl-1.9.13.jar:/root/.m2/repository/org/codehaus/jackson/jackson-mapper-asl/1.9.13/jackson-mapper-asl-1.9.13.jar:/root/.m2/repository/org/codehaus/jackson/jackson-jaxrs/1.9.13/jackson-jaxrs-1.9.13.jar:/root/.m2/repository/org/codehaus/jackson/jackson-xc/1.9.13/jackson-xc-1.9.13.jar:/root/.m2/repository/commons-logging/commons-logging/1.1.3/commons-logging-1.1.3.jar:/root/.m2/repository/commons-beanutils/commons-beanutils/1.9.3/commons-beanutils-1.9.3.jar:/root/.m2/repository/org/apache/commons/commons-configuration2/2.1.1/commons-configuration2-2.1.1.jar:/root/.m2/repository/org/apache/commons/commons-lang3/3.7/commons-lang3-3.7.jar:/root/.m2/repository/org/apache/commons/commons-text/1.4/commons-text-1.4.jar:/root/.m2/repository/org/apache/avro/avro/1.7.7/avro-1.7.7.jar:/root/.m2/repository/com/thoughtworks/paranamer/paranamer/2.3/paranamer-2.3.jar:/root/.m2/repository/org/xerial/snappy/snappy-java/1.0.5/snappy-java-1.0.5.jar:/root/.m2/repository/com/google/re2j/re2j/1.1/re2j-1.1.jar:/root/.m2/repository/com/google/code/gson/gson/2.2.4/gson-2.2.4.jar:/root/.m2/repository/com/jcraft/jsch/0.1.54/jsch-0.1.54.jar:/root/.m2/repository/org/apache/curator/curator-client/2.12.0/curator-client-2.12.0.jar:/root/.m2/repository/org/apache/curator/curator-recipes/2.12.0/curator-recipes-2.12.0.jar:/root/.m2/repository/com/google/code/findbugs/jsr305/3.0.0/jsr305-3.0.0.jar:/root/.m2/repository/org/apache/htrace/htrace-core4/4.1.0-incubating/htrace-core4-4.1.0-incubating.jar:/root/.m2/repository/org/apache/zookeeper/zookeeper/3.4.13/zookeeper-3.4.13.jar:/root/.m2/repository/org/apache/yetus/audience-annotations/0.5.0/audience-annotations-0.5.0.jar:/root/.m2/repository/org/codehaus/woodstox/stax2-api/3.1.4/stax2-api-3.1.4.jar:/root/.m2/repository/com/fasterxml/woodstox/woodstox-core/5.0.3/woodstox-core-5.0.3.jar:/root/.m2/repository/dnsjava/dnsjava/2.1.7/dnsjava-2.1.7.jar:/root/.m2/repository/org/apache/hadoop/hadoop-hdfs/3.2.0/hadoop-hdfs-3.2.0-tests.jar:/root/.m2/repository/org/eclipse/jetty/jetty-util-ajax/9.3.24.v20180605/jetty-util-ajax-9.3.24.v20180605.jar:/root/.m2/repository/commons-daemon/commons-daemon/1.0.13/commons-daemon-1.0.13.jar:/root/.m2/repository/io/netty/netty/3.10.5.Final/netty-3.10.5.Final.jar:/root/.m2/repository/io/netty/netty-all/4.0.52.Final/netty-all-4.0.52.Final.jar:/root/.m2/repository/org/fusesource/leveldbjni/leveldbjni-all/1.8/leveldbjni-all-1.8.jar:"/>
    <property name="java.vm.vendor" value="IcedTea"/>
    <property name="sun.arch.data.model" value="64"/>
    <property name="test.build.dir" value="/opt/src/hadoop-ozone/integration-test/target/test-dir"/>
    <property name="test.cache.data" value=""/>
    <property name="java.vendor.url" value="https://icedtea.classpath.org"/>
    <property name="user.timezone" value=""/>
    <property name="java.vm.specification.version" value="1.8"/>
    <property name="os.name" value="Linux"/>
    <property name="test.build.data" value="/opt/src/hadoop-ozone/integration-test/target/test-dir"/>
    <property name="user.country" value="US"/>
    <property name="sun.java.launcher" value="SUN_STANDARD"/>
    <property name="sun.boot.library.path" value="/usr/lib/jvm/java-1.8-openjdk/jre/lib/amd64"/>
    <property name="sun.java.command" value="/opt/src/hadoop-ozone/integration-test/target/surefire/surefirebooter6953512625197408085.jar /opt/src/hadoop-ozone/integration-test/target/surefire 2019-06-14T07-21-36_241-jvmRun1 surefire4188885742405400902tmp surefire_87971214244996342895tmp"/>
    <property name="surefire.test.class.path" value="/opt/src/hadoop-ozone/integration-test/target/test-classes:/opt/src/hadoop-ozone/integration-test/target/classes:/root/.m2/repository/org/apache/hadoop/hadoop-ozone-common/0.5.0-SNAPSHOT/hadoop-ozone-common-0.5.0-SNAPSHOT.jar:/root/.m2/repository/org/apache/commons/commons-compress/1.4.1/commons-compress-1.4.1.jar:/root/.m2/repository/org/tukaani/xz/1.0/xz-1.0.jar:/root/.m2/repository/org/apache/hadoop/hadoop-common/3.2.0/hadoop-common-3.2.0.jar:/root/.m2/repository/org/apache/hadoop/hadoop-hdfs/3.2.0/hadoop-hdfs-3.2.0.jar:/root/.m2/repository/org/apache/hadoop/hadoop-hdfs-client/3.2.0/hadoop-hdfs-client-3.2.0.jar:/root/.m2/repository/com/fasterxml/jackson/core/jackson-annotations/2.9.5/jackson-annotations-2.9.5.jar:/root/.m2/repository/org/apache/hadoop/hadoop-hdds-common/0.5.0-SNAPSHOT/hadoop-hdds-common-0.5.0-SNAPSHOT.jar:/root/.m2/repository/javax/annotation/javax.annotation-api/1.2/javax.annotation-api-1.2.jar:/root/.m2/repository/org/apache/ratis/ratis-server/0.4.0-fe2b15d-SNAPSHOT/ratis-server-0.4.0-fe2b15d-SNAPSHOT.jar:/root/.m2/repository/org/apache/ratis/ratis-thirdparty-misc/0.2.0/ratis-thirdparty-misc-0.2.0.jar:/root/.m2/repository/org/apache/ratis/ratis-proto/0.4.0-fe2b15d-SNAPSHOT/ratis-proto-0.4.0-fe2b15d-SNAPSHOT.jar:/root/.m2/repository/org/apache/ratis/ratis-common/0.4.0-fe2b15d-SNAPSHOT/ratis-common-0.4.0-fe2b15d-SNAPSHOT.jar:/root/.m2/repository/org/apache/ratis/ratis-client/0.4.0-fe2b15d-SNAPSHOT/ratis-client-0.4.0-fe2b15d-SNAPSHOT.jar:/root/.m2/repository/org/apache/ratis/ratis-netty/0.4.0-fe2b15d-SNAPSHOT/ratis-netty-0.4.0-fe2b15d-SNAPSHOT.jar:/root/.m2/repository/org/apache/ratis/ratis-grpc/0.4.0-fe2b15d-SNAPSHOT/ratis-grpc-0.4.0-fe2b15d-SNAPSHOT.jar:/root/.m2/repository/org/rocksdb/rocksdbjni/5.14.2/rocksdbjni-5.14.2.jar:/root/.m2/repository/org/apache/logging/log4j/log4j-api/2.11.0/log4j-api-2.11.0.jar:/root/.m2/repository/org/apache/logging/log4j/log4j-core/2.11.0/log4j-core-2.11.0.jar:/root/.m2/repository/com/lmax/disruptor/3.4.2/disruptor-3.4.2.jar:/root/.m2/repository/org/apache/commons/commons-pool2/2.6.0/commons-pool2-2.6.0.jar:/root/.m2/repository/org/bouncycastle/bcpkix-jdk15on/1.60/bcpkix-jdk15on-1.60.jar:/root/.m2/repository/commons-validator/commons-validator/1.6/commons-validator-1.6.jar:/root/.m2/repository/commons-digester/commons-digester/1.8.1/commons-digester-1.8.1.jar:/root/.m2/repository/io/jaegertracing/jaeger-client/0.33.1/jaeger-client-0.33.1.jar:/root/.m2/repository/io/jaegertracing/jaeger-thrift/0.33.1/jaeger-thrift-0.33.1.jar:/root/.m2/repository/org/apache/thrift/libthrift/0.11.0/libthrift-0.11.0.jar:/root/.m2/repository/com/squareup/okhttp3/okhttp/3.9.0/okhttp-3.9.0.jar:/root/.m2/repository/com/squareup/okio/okio/1.13.0/okio-1.13.0.jar:/root/.m2/repository/io/jaegertracing/jaeger-core/0.33.1/jaeger-core-0.33.1.jar:/root/.m2/repository/io/jaegertracing/jaeger-tracerresolver/0.33.1/jaeger-tracerresolver-0.33.1.jar:/root/.m2/repository/io/opentracing/contrib/opentracing-tracerresolver/0.1.5/opentracing-tracerresolver-0.1.5.jar:/root/.m2/repository/io/opentracing/opentracing-util/0.31.0/opentracing-util-0.31.0.jar:/root/.m2/repository/io/opentracing/opentracing-api/0.31.0/opentracing-api-0.31.0.jar:/root/.m2/repository/io/opentracing/opentracing-noop/0.31.0/opentracing-noop-0.31.0.jar:/root/.m2/repository/org/apache/hadoop/hadoop-hdds-server-framework/0.5.0-SNAPSHOT/hadoop-hdds-server-framework-0.5.0-SNAPSHOT.jar:/root/.m2/repository/org/apache/hadoop/hadoop-hdds-server-scm/0.5.0-SNAPSHOT/hadoop-hdds-server-scm-0.5.0-SNAPSHOT.jar:/root/.m2/repository/org/apache/hadoop/hadoop-hdds-container-service/0.5.0-SNAPSHOT/hadoop-hdds-container-service-0.5.0-SNAPSHOT.jar:/root/.m2/repository/org/apache/hadoop/hadoop-hdds-client/0.5.0-SNAPSHOT/hadoop-hdds-client-0.5.0-SNAPSHOT.jar:/root/.m2/repository/org/apache/hadoop/hadoop-hdds-tools/0.5.0-SNAPSHOT/hadoop-hdds-tools-0.5.0-SNAPSHOT.jar:/root/.m2/repository/org/apache/hadoop/hadoop-ozone-ozone-manager/0.5.0-SNAPSHOT/hadoop-ozone-ozone-manager-0.5.0-SNAPSHOT.jar:/root/.m2/repository/org/apache/hadoop/hadoop-hdds-docs/0.5.0-SNAPSHOT/hadoop-hdds-docs-0.5.0-SNAPSHOT.jar:/root/.m2/repository/org/bouncycastle/bcprov-jdk15on/1.60/bcprov-jdk15on-1.60.jar:/root/.m2/repository/org/apache/hadoop/hadoop-minikdc/3.2.0/hadoop-minikdc-3.2.0.jar:/root/.m2/repository/commons-io/commons-io/2.5/commons-io-2.5.jar:/root/.m2/repository/org/apache/kerby/kerb-simplekdc/1.0.1/kerb-simplekdc-1.0.1.jar:/root/.m2/repository/org/apache/kerby/kerb-client/1.0.1/kerb-client-1.0.1.jar:/root/.m2/repository/org/apache/kerby/kerby-config/1.0.1/kerby-config-1.0.1.jar:/root/.m2/repository/org/apache/kerby/kerb-core/1.0.1/kerb-core-1.0.1.jar:/root/.m2/repository/org/apache/kerby/kerby-pkix/1.0.1/kerby-pkix-1.0.1.jar:/root/.m2/repository/org/apache/kerby/kerby-asn1/1.0.1/kerby-asn1-1.0.1.jar:/root/.m2/repository/org/apache/kerby/kerby-util/1.0.1/kerby-util-1.0.1.jar:/root/.m2/repository/org/apache/kerby/kerb-common/1.0.1/kerb-common-1.0.1.jar:/root/.m2/repository/org/apache/kerby/kerb-crypto/1.0.1/kerb-crypto-1.0.1.jar:/root/.m2/repository/org/apache/kerby/kerb-util/1.0.1/kerb-util-1.0.1.jar:/root/.m2/repository/org/apache/kerby/token-provider/1.0.1/token-provider-1.0.1.jar:/root/.m2/repository/org/apache/kerby/kerb-admin/1.0.1/kerb-admin-1.0.1.jar:/root/.m2/repository/org/apache/kerby/kerb-server/1.0.1/kerb-server-1.0.1.jar:/root/.m2/repository/org/apache/kerby/kerb-identity/1.0.1/kerb-identity-1.0.1.jar:/root/.m2/repository/org/apache/kerby/kerby-xdr/1.0.1/kerby-xdr-1.0.1.jar:/root/.m2/repository/org/slf4j/slf4j-log4j12/1.7.25/slf4j-log4j12-1.7.25.jar:/root/.m2/repository/org/apache/hadoop/hadoop-ozone-objectstore-service/0.5.0-SNAPSHOT/hadoop-ozone-objectstore-service-0.5.0-SNAPSHOT.jar:/root/.m2/repository/org/apache/hadoop/hadoop-ozone-s3gateway/0.5.0-SNAPSHOT/hadoop-ozone-s3gateway-0.5.0-SNAPSHOT.jar:/root/.m2/repository/org/jboss/weld/servlet/weld-servlet/2.4.7.Final/weld-servlet-2.4.7.Final.jar:/root/.m2/repository/org/glassfish/jersey/containers/jersey-container-servlet-core/2.27/jersey-container-servlet-core-2.27.jar:/root/.m2/repository/org/glassfish/hk2/external/javax.inject/2.5.0-b42/javax.inject-2.5.0-b42.jar:/root/.m2/repository/org/glassfish/jersey/core/jersey-common/2.27/jersey-common-2.27.jar:/root/.m2/repository/org/glassfish/hk2/osgi-resource-locator/1.0.1/osgi-resource-locator-1.0.1.jar:/root/.m2/repository/javax/ws/rs/javax.ws.rs-api/2.1/javax.ws.rs-api-2.1.jar:/root/.m2/repository/org/glassfish/jersey/ext/cdi/jersey-cdi1x/2.27/jersey-cdi1x-2.27.jar:/root/.m2/repository/org/glassfish/jersey/inject/jersey-hk2/2.27/jersey-hk2-2.27.jar:/root/.m2/repository/org/glassfish/hk2/hk2-locator/2.5.0-b42/hk2-locator-2.5.0-b42.jar:/root/.m2/repository/org/javassist/javassist/3.22.0-CR2/javassist-3.22.0-CR2.jar:/root/.m2/repository/org/glassfish/hk2/hk2-api/2.5.0/hk2-api-2.5.0.jar:/root/.m2/repository/org/glassfish/hk2/external/jakarta.inject/2.5.0/jakarta.inject-2.5.0.jar:/root/.m2/repository/org/glassfish/hk2/hk2-utils/2.5.0/hk2-utils-2.5.0.jar:/root/.m2/repository/jakarta/annotation/jakarta.annotation-api/1.3.4/jakarta.annotation-api-1.3.4.jar:/root/.m2/repository/org/glassfish/hk2/external/aopalliance-repackaged/2.5.0/aopalliance-repackaged-2.5.0.jar:/root/.m2/repository/com/fasterxml/jackson/dataformat/jackson-dataformat-xml/2.9.0/jackson-dataformat-xml-2.9.0.jar:/root/.m2/repository/com/fasterxml/jackson/core/jackson-core/2.9.5/jackson-core-2.9.5.jar:/root/.m2/repository/com/fasterxml/jackson/module/jackson-module-jaxb-annotations/2.9.5/jackson-module-jaxb-annotations-2.9.5.jar:/root/.m2/repository/javax/enterprise/cdi-api/1.2/cdi-api-1.2.jar:/root/.m2/repository/javax/el/javax.el-api/3.0.0/javax.el-api-3.0.0.jar:/root/.m2/repository/javax/interceptor/javax.interceptor-api/1.2/javax.interceptor-api-1.2.jar:/root/.m2/repository/javax/inject/javax.inject/1/javax.inject-1.jar:/root/.m2/repository/com/sun/xml/bind/jaxb-impl/2.3.0.1/jaxb-impl-2.3.0.1.jar:/root/.m2/repository/com/sun/xml/bind/jaxb-core/2.3.0.1/jaxb-core-2.3.0.1.jar:/root/.m2/repository/javax/xml/bind/jaxb-api/2.3.0/jaxb-api-2.3.0.jar:/root/.m2/repository/javax/activation/activation/1.1.1/activation-1.1.1.jar:/root/.m2/repository/org/apache/hadoop/hadoop-ozone-csi/0.5.0-SNAPSHOT/hadoop-ozone-csi-0.5.0-SNAPSHOT.jar:/root/.m2/repository/com/google/protobuf/protobuf-java-util/3.5.1/protobuf-java-util-3.5.1.jar:/root/.m2/repository/org/apache/hadoop/hadoop-hdds-config/0.5.0-SNAPSHOT/hadoop-hdds-config-0.5.0-SNAPSHOT.jar:/root/.m2/repository/com/google/guava/guava/11.0.2/guava-11.0.2.jar:/root/.m2/repository/com/google/protobuf/protobuf-java/2.5.0/protobuf-java-2.5.0.jar:/root/.m2/repository/io/grpc/grpc-netty/1.17.1/grpc-netty-1.17.1.jar:/root/.m2/repository/io/grpc/grpc-core/1.17.1/grpc-core-1.17.1.jar:/root/.m2/repository/io/grpc/grpc-context/1.17.1/grpc-context-1.17.1.jar:/root/.m2/repository/com/google/errorprone/error_prone_annotations/2.2.0/error_prone_annotations-2.2.0.jar:/root/.m2/repository/org/codehaus/mojo/animal-sniffer-annotations/1.17/animal-sniffer-annotations-1.17.jar:/root/.m2/repository/io/opencensus/opencensus-api/0.17.0/opencensus-api-0.17.0.jar:/root/.m2/repository/io/opencensus/opencensus-contrib-grpc-metrics/0.17.0/opencensus-contrib-grpc-metrics-0.17.0.jar:/root/.m2/repository/io/netty/netty-codec-http2/4.1.30.Final/netty-codec-http2-4.1.30.Final.jar:/root/.m2/repository/io/netty/netty-codec-http/4.1.30.Final/netty-codec-http-4.1.30.Final.jar:/root/.m2/repository/io/netty/netty-codec/4.1.30.Final/netty-codec-4.1.30.Final.jar:/root/.m2/repository/io/netty/netty-handler/4.1.30.Final/netty-handler-4.1.30.Final.jar:/root/.m2/repository/io/netty/netty-handler-proxy/4.1.30.Final/netty-handler-proxy-4.1.30.Final.jar:/root/.m2/repository/io/netty/netty-codec-socks/4.1.30.Final/netty-codec-socks-4.1.30.Final.jar:/root/.m2/repository/io/netty/netty-transport-native-epoll/4.1.30.Final/netty-transport-native-epoll-4.1.30.Final.jar:/root/.m2/repository/io/netty/netty-common/4.1.30.Final/netty-common-4.1.30.Final.jar:/root/.m2/repository/io/netty/netty-buffer/4.1.30.Final/netty-buffer-4.1.30.Final.jar:/root/.m2/repository/io/netty/netty-transport/4.1.30.Final/netty-transport-4.1.30.Final.jar:/root/.m2/repository/io/netty/netty-resolver/4.1.30.Final/netty-resolver-4.1.30.Final.jar:/root/.m2/repository/io/netty/netty-transport-native-unix-common/4.1.30.Final/netty-transport-native-unix-common-4.1.30.Final.jar:/root/.m2/repository/io/grpc/grpc-protobuf/1.17.1/grpc-protobuf-1.17.1.jar:/root/.m2/repository/com/google/api/grpc/proto-google-common-protos/1.0.0/proto-google-common-protos-1.0.0.jar:/root/.m2/repository/io/grpc/grpc-protobuf-lite/1.17.1/grpc-protobuf-lite-1.17.1.jar:/root/.m2/repository/io/grpc/grpc-stub/1.17.1/grpc-stub-1.17.1.jar:/root/.m2/repository/org/apache/hadoop/hadoop-ozone-recon/0.5.0-SNAPSHOT/hadoop-ozone-recon-0.5.0-SNAPSHOT.jar:/root/.m2/repository/org/apache/hadoop/hadoop-ozone-reconcodegen/0.5.0-SNAPSHOT/hadoop-ozone-reconcodegen-0.5.0-SNAPSHOT.jar:/root/.m2/repository/com/google/inject/extensions/guice-multibindings/4.0/guice-multibindings-4.0.jar:/root/.m2/repository/com/google/inject/guice/4.0/guice-4.0.jar:/root/.m2/repository/aopalliance/aopalliance/1.0/aopalliance-1.0.jar:/root/.m2/repository/com/google/inject/extensions/guice-servlet/4.0/guice-servlet-4.0.jar:/root/.m2/repository/org/glassfish/jersey/containers/jersey-container-servlet/2.27/jersey-container-servlet-2.27.jar:/root/.m2/repository/org/glassfish/hk2/guice-bridge/2.5.0/guice-bridge-2.5.0.jar:/root/.m2/repository/org/glassfish/jersey/core/jersey-server/2.27/jersey-server-2.27.jar:/root/.m2/repository/org/glassfish/jersey/core/jersey-client/2.27/jersey-client-2.27.jar:/root/.m2/repository/org/glassfish/jersey/media/jersey-media-jaxb/2.27/jersey-media-jaxb-2.27.jar:/root/.m2/repository/javax/validation/validation-api/1.1.0.Final/validation-api-1.1.0.Final.jar:/root/.m2/repository/org/glassfish/jersey/media/jersey-media-json-jackson/2.27/jersey-media-json-jackson-2.27.jar:/root/.m2/repository/org/glassfish/jersey/ext/jersey-entity-filtering/2.27/jersey-entity-filtering-2.27.jar:/root/.m2/repository/com/google/inject/extensions/guice-assistedinject/4.0/guice-assistedinject-4.0.jar:/root/.m2/repository/org/jooq/jooq/3.11.10/jooq-3.11.10.jar:/root/.m2/repository/org/jooq/jooq-meta/3.11.10/jooq-meta-3.11.10.jar:/root/.m2/repository/org/jooq/jooq-codegen/3.11.10/jooq-codegen-3.11.10.jar:/root/.m2/repository/com/jolbox/bonecp/0.8.0.RELEASE/bonecp-0.8.0.RELEASE.jar:/root/.m2/repository/org/xerial/sqlite-jdbc/3.25.2/sqlite-jdbc-3.25.2.jar:/root/.m2/repository/org/springframework/spring-jdbc/5.1.3.RELEASE/spring-jdbc-5.1.3.RELEASE.jar:/root/.m2/repository/org/springframework/spring-beans/5.1.3.RELEASE/spring-beans-5.1.3.RELEASE.jar:/root/.m2/repository/org/springframework/spring-core/5.1.3.RELEASE/spring-core-5.1.3.RELEASE.jar:/root/.m2/repository/org/springframework/spring-jcl/5.1.3.RELEASE/spring-jcl-5.1.3.RELEASE.jar:/root/.m2/repository/org/springframework/spring-tx/5.1.3.RELEASE/spring-tx-5.1.3.RELEASE.jar:/root/.m2/repository/org/apache/hadoop/hadoop-ozone-client/0.5.0-SNAPSHOT/hadoop-ozone-client-0.5.0-SNAPSHOT.jar:/root/.m2/repository/org/apache/hadoop/hadoop-ozone-ozone-manager/0.5.0-SNAPSHOT/hadoop-ozone-ozone-manager-0.5.0-SNAPSHOT-tests.jar:/root/.m2/repository/junit/junit/4.11/junit-4.11.jar:/root/.m2/repository/org/hamcrest/hamcrest-core/1.3/hamcrest-core-1.3.jar:/root/.m2/repository/org/openjdk/jmh/jmh-core/1.19/jmh-core-1.19.jar:/root/.m2/repository/net/sf/jopt-simple/jopt-simple/4.6/jopt-simple-4.6.jar:/root/.m2/repository/org/apache/commons/commons-math3/3.1.1/commons-math3-3.1.1.jar:/root/.m2/repository/org/openjdk/jmh/jmh-generator-annprocess/1.19/jmh-generator-annprocess-1.19.jar:/root/.m2/repository/org/mockito/mockito-all/1.8.5/mockito-all-1.8.5.jar:/root/.m2/repository/org/apache/hadoop/hadoop-kms/3.2.0/hadoop-kms-3.2.0.jar:/root/.m2/repository/org/apache/hadoop/hadoop-auth/3.2.0/hadoop-auth-3.2.0.jar:/root/.m2/repository/com/nimbusds/nimbus-jose-jwt/4.41.1/nimbus-jose-jwt-4.41.1.jar:/root/.m2/repository/com/github/stephenc/jcip/jcip-annotations/1.0-1/jcip-annotations-1.0-1.jar:/root/.m2/repository/net/minidev/json-smart/2.3/json-smart-2.3.jar:/root/.m2/repository/net/minidev/accessors-smart/1.2/accessors-smart-1.2.jar:/root/.m2/repository/org/ow2/asm/asm/5.0.4/asm-5.0.4.jar:/root/.m2/repository/org/apache/curator/curator-framework/2.12.0/curator-framework-2.12.0.jar:/root/.m2/repository/com/sun/jersey/jersey-core/1.19/jersey-core-1.19.jar:/root/.m2/repository/javax/ws/rs/jsr311-api/1.1.1/jsr311-api-1.1.1.jar:/root/.m2/repository/com/sun/jersey/jersey-server/1.19/jersey-server-1.19.jar:/root/.m2/repository/javax/servlet/javax.servlet-api/3.1.0/javax.servlet-api-3.1.0.jar:/root/.m2/repository/org/eclipse/jetty/jetty-server/9.3.24.v20180605/jetty-server-9.3.24.v20180605.jar:/root/.m2/repository/org/eclipse/jetty/jetty-http/9.3.24.v20180605/jetty-http-9.3.24.v20180605.jar:/root/.m2/repository/org/eclipse/jetty/jetty-io/9.3.24.v20180605/jetty-io-9.3.24.v20180605.jar:/root/.m2/repository/org/eclipse/jetty/jetty-webapp/9.3.24.v20180605/jetty-webapp-9.3.24.v20180605.jar:/root/.m2/repository/org/eclipse/jetty/jetty-xml/9.3.24.v20180605/jetty-xml-9.3.24.v20180605.jar:/root/.m2/repository/log4j/log4j/1.2.17/log4j-1.2.17.jar:/root/.m2/repository/org/slf4j/slf4j-api/1.7.25/slf4j-api-1.7.25.jar:/root/.m2/repository/org/slf4j/jul-to-slf4j/1.7.25/jul-to-slf4j-1.7.25.jar:/root/.m2/repository/org/eclipse/jetty/jetty-util/9.3.24.v20180605/jetty-util-9.3.24.v20180605.jar:/root/.m2/repository/io/dropwizard/metrics/metrics-core/3.2.4/metrics-core-3.2.4.jar:/root/.m2/repository/com/fasterxml/jackson/core/jackson-databind/2.9.5/jackson-databind-2.9.5.jar:/root/.m2/repository/org/apache/hadoop/hadoop-kms/3.2.0/hadoop-kms-3.2.0-tests.jar:/root/.m2/repository/org/apache/hadoop/hadoop-hdds-server-scm/0.5.0-SNAPSHOT/hadoop-hdds-server-scm-0.5.0-SNAPSHOT-tests.jar:/root/.m2/repository/org/hamcrest/hamcrest-all/1.3/hamcrest-all-1.3.jar:/root/.m2/repository/info/picocli/picocli/3.9.6/picocli-3.9.6.jar:/root/.m2/repository/org/apache/hadoop/hadoop-hdds-container-service/0.5.0-SNAPSHOT/hadoop-hdds-container-service-0.5.0-SNAPSHOT-tests.jar:/root/.m2/repository/org/yaml/snakeyaml/1.16/snakeyaml-1.16.jar:/root/.m2/repository/org/apache/hadoop/hadoop-common/3.2.0/hadoop-common-3.2.0-tests.jar:/root/.m2/repository/org/apache/hadoop/hadoop-annotations/3.2.0/hadoop-annotations-3.2.0.jar:/usr/lib/jvm/java-1.8-openjdk/jre/../lib/tools.jar:/root/.m2/repository/commons-cli/commons-cli/1.2/commons-cli-1.2.jar:/root/.m2/repository/org/apache/httpcomponents/httpclient/4.5.2/httpclient-4.5.2.jar:/root/.m2/repository/org/apache/httpcomponents/httpcore/4.4.4/httpcore-4.4.4.jar:/root/.m2/repository/commons-codec/commons-codec/1.11/commons-codec-1.11.jar:/root/.m2/repository/commons-net/commons-net/3.6/commons-net-3.6.jar:/root/.m2/repository/commons-collections/commons-collections/3.2.2/commons-collections-3.2.2.jar:/root/.m2/repository/org/eclipse/jetty/jetty-servlet/9.3.24.v20180605/jetty-servlet-9.3.24.v20180605.jar:/root/.m2/repository/org/eclipse/jetty/jetty-security/9.3.24.v20180605/jetty-security-9.3.24.v20180605.jar:/root/.m2/repository/javax/servlet/jsp/jsp-api/2.1/jsp-api-2.1.jar:/root/.m2/repository/com/sun/jersey/jersey-servlet/1.19/jersey-servlet-1.19.jar:/root/.m2/repository/com/sun/jersey/jersey-json/1.19/jersey-json-1.19.jar:/root/.m2/repository/org/codehaus/jettison/jettison/1.1/jettison-1.1.jar:/root/.m2/repository/org/codehaus/jackson/jackson-core-asl/1.9.13/jackson-core-asl-1.9.13.jar:/root/.m2/repository/org/codehaus/jackson/jackson-mapper-asl/1.9.13/jackson-mapper-asl-1.9.13.jar:/root/.m2/repository/org/codehaus/jackson/jackson-jaxrs/1.9.13/jackson-jaxrs-1.9.13.jar:/root/.m2/repository/org/codehaus/jackson/jackson-xc/1.9.13/jackson-xc-1.9.13.jar:/root/.m2/repository/commons-logging/commons-logging/1.1.3/commons-logging-1.1.3.jar:/root/.m2/repository/commons-beanutils/commons-beanutils/1.9.3/commons-beanutils-1.9.3.jar:/root/.m2/repository/org/apache/commons/commons-configuration2/2.1.1/commons-configuration2-2.1.1.jar:/root/.m2/repository/org/apache/commons/commons-lang3/3.7/commons-lang3-3.7.jar:/root/.m2/repository/org/apache/commons/commons-text/1.4/commons-text-1.4.jar:/root/.m2/repository/org/apache/avro/avro/1.7.7/avro-1.7.7.jar:/root/.m2/repository/com/thoughtworks/paranamer/paranamer/2.3/paranamer-2.3.jar:/root/.m2/repository/org/xerial/snappy/snappy-java/1.0.5/snappy-java-1.0.5.jar:/root/.m2/repository/com/google/re2j/re2j/1.1/re2j-1.1.jar:/root/.m2/repository/com/google/code/gson/gson/2.2.4/gson-2.2.4.jar:/root/.m2/repository/com/jcraft/jsch/0.1.54/jsch-0.1.54.jar:/root/.m2/repository/org/apache/curator/curator-client/2.12.0/curator-client-2.12.0.jar:/root/.m2/repository/org/apache/curator/curator-recipes/2.12.0/curator-recipes-2.12.0.jar:/root/.m2/repository/com/google/code/findbugs/jsr305/3.0.0/jsr305-3.0.0.jar:/root/.m2/repository/org/apache/htrace/htrace-core4/4.1.0-incubating/htrace-core4-4.1.0-incubating.jar:/root/.m2/repository/org/apache/zookeeper/zookeeper/3.4.13/zookeeper-3.4.13.jar:/root/.m2/repository/org/apache/yetus/audience-annotations/0.5.0/audience-annotations-0.5.0.jar:/root/.m2/repository/org/codehaus/woodstox/stax2-api/3.1.4/stax2-api-3.1.4.jar:/root/.m2/repository/com/fasterxml/woodstox/woodstox-core/5.0.3/woodstox-core-5.0.3.jar:/root/.m2/repository/dnsjava/dnsjava/2.1.7/dnsjava-2.1.7.jar:/root/.m2/repository/org/apache/hadoop/hadoop-hdfs/3.2.0/hadoop-hdfs-3.2.0-tests.jar:/root/.m2/repository/org/eclipse/jetty/jetty-util-ajax/9.3.24.v20180605/jetty-util-ajax-9.3.24.v20180605.jar:/root/.m2/repository/commons-daemon/commons-daemon/1.0.13/commons-daemon-1.0.13.jar:/root/.m2/repository/io/netty/netty/3.10.5.Final/netty-3.10.5.Final.jar:/root/.m2/repository/io/netty/netty-all/4.0.52.Final/netty-all-4.0.52.Final.jar:/root/.m2/repository/org/fusesource/leveldbjni/leveldbjni-all/1.8/leveldbjni-all-1.8.jar:"/>
    <property name="sun.cpu.endian" value="little"/>
    <property name="user.home" value="/root"/>
    <property name="user.language" value="en"/>
    <property name="java.specification.vendor" value="Oracle Corporation"/>
    <property name="java.home" value="/usr/lib/jvm/java-1.8-openjdk/jre"/>
    <property name="java.security.krb5.conf" value="/opt/src/hadoop-ozone/integration-test/target/test-classes/krb5.conf"/>
    <property name="basedir" value="/opt/src/hadoop-ozone/integration-test"/>
    <property name="file.separator" value="/"/>
    <property name="line.separator" value="&#10;"/>
    <property name="java.vm.specification.vendor" value="Oracle Corporation"/>
    <property name="java.specification.name" value="Java Platform API Specification"/>
    <property name="java.awt.graphicsenv" value="sun.awt.X11GraphicsEnvironment"/>
    <property name="surefire.real.class.path" value="/opt/src/hadoop-ozone/integration-test/target/surefire/surefirebooter6953512625197408085.jar"/>
    <property name="hadoop.log.dir" value="/opt/src/hadoop-ozone/integration-test/target/log"/>
    <property name="sun.boot.class.path" value="/usr/lib/jvm/java-1.8-openjdk/jre/lib/resources.jar:/usr/lib/jvm/java-1.8-openjdk/jre/lib/rt.jar:/usr/lib/jvm/java-1.8-openjdk/jre/lib/sunrsasign.jar:/usr/lib/jvm/java-1.8-openjdk/jre/lib/jsse.jar:/usr/lib/jvm/java-1.8-openjdk/jre/lib/jce.jar:/usr/lib/jvm/java-1.8-openjdk/jre/lib/charsets.jar:/usr/lib/jvm/java-1.8-openjdk/jre/lib/jfr.jar:/usr/lib/jvm/java-1.8-openjdk/jre/classes"/>
    <property name="sun.management.compiler" value="HotSpot 64-Bit Tiered Compilers"/>
    <property name="java.runtime.version" value="1.8.0_212-b04"/>
    <property name="java.net.preferIPv4Stack" value="true"/>
    <property name="user.name" value="root"/>
    <property name="path.separator" value=":"/>
    <property name="java.security.egd" value="file:///dev/urandom"/>
    <property name="os.version" value="4.15.0-1021-aws"/>
    <property name="java.endorsed.dirs" value="/usr/lib/jvm/java-1.8-openjdk/jre/lib/endorsed"/>
    <property name="java.runtime.name" value="OpenJDK Runtime Environment"/>
    <property name="file.encoding" value="UTF-8"/>
    <property name="java.vm.name" value="OpenJDK 64-Bit Server VM"/>
    <property name="test.build.webapps" value=""/>
    <property name="localRepository" value="/root/.m2/repository"/>
    <property name="java.vendor.url.bug" value="https://icedtea.classpath.org/bugzilla"/>
    <property name="java.io.tmpdir" value="/tmp"/>
    <property name="require.test.libhadoop" value=""/>
    <property name="java.version" value="1.8.0_212"/>
    <property name="user.dir" value="/opt/src/hadoop-ozone/integration-test"/>
    <property name="os.arch" value="amd64"/>
    <property name="java.vm.specification.name" value="Java Virtual Machine Specification"/>
    <property name="test.build.classes" value="/opt/src/hadoop-ozone/integration-test/target/test-classes"/>
    <property name="java.awt.printerjob" value="sun.print.PSPrinterJob"/>
    <property name="sun.os.patch.level" value="unknown"/>
    <property name="hadoop.tmp.dir" value="/opt/src/hadoop-ozone/integration-test/target/tmp"/>
    <property name="java.library.path" value="/usr/lib/jvm/java-1.8-openjdk/jre/lib/amd64/server:/usr/lib/jvm/java-1.8-openjdk/jre/lib/amd64:/usr/lib/jvm/java-1.8-openjdk/jre/../lib/amd64:/opt/src/hadoop-ozone/integration-test/target/native/target/usr/local/lib:/opt/src/hadoop-ozone/integration-test/../../hadoop-common-project/hadoop-common/target/native/target/usr/local/lib:/usr/java/packages/lib/amd64:/usr/lib64:/lib64:/lib:/usr/lib"/>
    <property name="java.vm.info" value="mixed mode"/>
    <property name="java.vendor" value="IcedTea"/>
    <property name="java.vm.version" value="25.212-b04"/>
    <property name="java.ext.dirs" value="/usr/lib/jvm/java-1.8-openjdk/jre/lib/ext:/usr/java/packages/lib/ext"/>
    <property name="sun.io.unicode.encoding" value="UnicodeLittle"/>
    <property name="java.class.version" value="52.0"/>
  </properties>
  <testcase name="testPipelineFail" classname="org.apache.hadoop.hdds.scm.pipeline.TestNodeFailure" time="0">
    <skipped/>
    <system-out><![CDATA[2019-06-14 07:25:54,178 WARN  server.ServerUtils (ServerUtils.java:getScmDbDir(145)) - ozone.scm.db.dirs is not configured. We recommend adding this setting. Falling back to ozone.metadata.dirs instead.
2019-06-14 07:25:54,272 WARN  server.ServerUtils (ServerUtils.java:getScmDbDir(145)) - ozone.scm.db.dirs is not configured. We recommend adding this setting. Falling back to ozone.metadata.dirs instead.
2019-06-14 07:25:54,276 WARN  server.ServerUtils (ServerUtils.java:getScmDbDir(145)) - ozone.scm.db.dirs is not configured. We recommend adding this setting. Falling back to ozone.metadata.dirs instead.
2019-06-14 07:25:54,294 INFO  util.log (Log.java:initialized(192)) - Logging initialized @836ms
2019-06-14 07:25:54,403 INFO  db.DBStoreBuilder (DBStoreBuilder.java:addTable(110)) - using custom profile for table: deletedBlocks
2019-06-14 07:25:54,403 INFO  db.DBStoreBuilder (DBStoreBuilder.java:processTables(161)) - Using default column profile:DBProfile.DISK for Table:deletedBlocks
2019-06-14 07:25:54,403 INFO  db.DBStoreBuilder (DBStoreBuilder.java:addTable(110)) - using custom profile for table: validCerts
2019-06-14 07:25:54,404 INFO  db.DBStoreBuilder (DBStoreBuilder.java:processTables(161)) - Using default column profile:DBProfile.DISK for Table:validCerts
2019-06-14 07:25:54,404 INFO  db.DBStoreBuilder (DBStoreBuilder.java:addTable(110)) - using custom profile for table: revokedCerts
2019-06-14 07:25:54,404 INFO  db.DBStoreBuilder (DBStoreBuilder.java:processTables(161)) - Using default column profile:DBProfile.DISK for Table:revokedCerts
2019-06-14 07:25:54,415 INFO  db.DBStoreBuilder (DBStoreBuilder.java:addTable(110)) - using custom profile for table: default
2019-06-14 07:25:54,416 INFO  db.DBStoreBuilder (DBStoreBuilder.java:processTables(167)) - Using default column profile:DBProfile.DISK for Table:default
2019-06-14 07:25:54,418 INFO  db.DBStoreBuilder (DBStoreBuilder.java:getDbProfile(198)) - Using default options. DBProfile.DISK
2019-06-14 07:25:54,501 INFO  node.SCMNodeManager (SCMNodeManager.java:<init>(108)) - Entering startup safe mode.
2019-06-14 07:25:54,565 INFO  net.NodeSchemaLoader (NodeSchemaLoader.java:loadSchemaFromFile(125)) - Loading file from sun.misc.CompoundEnumeration@443118b0
2019-06-14 07:25:54,566 INFO  net.NodeSchemaLoader (NodeSchemaLoader.java:loadSchema(171)) - Loading network topology layer schema file
2019-06-14 07:25:54,632 WARN  server.ServerUtils (ServerUtils.java:getScmDbDir(145)) - ozone.scm.db.dirs is not configured. We recommend adding this setting. Falling back to ozone.metadata.dirs instead.
2019-06-14 07:25:54,658 INFO  pipeline.SCMPipelineManager (SCMPipelineManager.java:initializePipelineState(126)) - No pipeline exists in current db
2019-06-14 07:25:54,660 WARN  server.ServerUtils (ServerUtils.java:getScmDbDir(145)) - ozone.scm.db.dirs is not configured. We recommend adding this setting. Falling back to ozone.metadata.dirs instead.
2019-06-14 07:25:54,720 WARN  events.EventQueue (EventQueue.java:fireEvent(175)) - No event handler registered for event TypedEvent{payloadType=SafeModeStatus, name='SafeModeStatus'}
2019-06-14 07:25:55,077 INFO  ipc.CallQueueManager (CallQueueManager.java:<init>(84)) - Using callQueue: class java.util.concurrent.LinkedBlockingQueue, queueCapacity: 2000, scheduler: class org.apache.hadoop.ipc.DefaultRpcScheduler, ipcBackoff: false.
2019-06-14 07:25:55,110 INFO  ipc.Server (Server.java:run(1074)) - Starting Socket Reader #1 for port 39581
2019-06-14 07:25:55,148 INFO  ipc.CallQueueManager (CallQueueManager.java:<init>(84)) - Using callQueue: class java.util.concurrent.LinkedBlockingQueue, queueCapacity: 2000, scheduler: class org.apache.hadoop.ipc.DefaultRpcScheduler, ipcBackoff: false.
2019-06-14 07:25:55,150 INFO  ipc.Server (Server.java:run(1074)) - Starting Socket Reader #1 for port 37625
2019-06-14 07:25:55,159 INFO  ipc.CallQueueManager (CallQueueManager.java:<init>(84)) - Using callQueue: class java.util.concurrent.LinkedBlockingQueue, queueCapacity: 2000, scheduler: class org.apache.hadoop.ipc.DefaultRpcScheduler, ipcBackoff: false.
2019-06-14 07:25:55,201 INFO  ipc.Server (Server.java:run(1074)) - Starting Socket Reader #1 for port 35895
2019-06-14 07:25:55,227 INFO  hdfs.DFSUtil (DFSUtil.java:httpServerTemplateForNNAndJN(1641)) - Starting Web-server for scm at: http://0.0.0.0:0
2019-06-14 07:25:55,390 INFO  server.AuthenticationFilter (AuthenticationFilter.java:constructSecretProvider(240)) - Unable to initialize FileSignerSecretProvider, falling back to use random secrets.
2019-06-14 07:25:55,398 WARN  http.HttpRequestLog (HttpRequestLog.java:getRequestLog(97)) - Jetty request log can only be enabled using Log4j
2019-06-14 07:25:55,406 INFO  http.HttpServer2 (HttpServer2.java:addGlobalFilter(975)) - Added global filter 'safety' (class=org.apache.hadoop.http.HttpServer2$QuotingInputFilter)
2019-06-14 07:25:55,409 INFO  http.HttpServer2 (HttpServer2.java:addFilter(948)) - Added filter static_user_filter (class=org.apache.hadoop.http.lib.StaticUserWebFilter$StaticUserFilter) to context scm
2019-06-14 07:25:55,409 INFO  http.HttpServer2 (HttpServer2.java:addFilter(958)) - Added filter static_user_filter (class=org.apache.hadoop.http.lib.StaticUserWebFilter$StaticUserFilter) to context logs
2019-06-14 07:25:55,409 INFO  http.HttpServer2 (HttpServer2.java:addFilter(958)) - Added filter static_user_filter (class=org.apache.hadoop.http.lib.StaticUserWebFilter$StaticUserFilter) to context static
2019-06-14 07:25:55,438 INFO  server.StorageContainerManager (StorageContainerManager.java:start(752)) - StorageContainerLocationProtocol RPC server is listening at /0.0.0.0:35895
2019-06-14 07:25:55,502 WARN  impl.MetricsConfig (MetricsConfig.java:loadFirst(134)) - Cannot locate configuration: tried hadoop-metrics2-storagecontainermanager.properties,hadoop-metrics2.properties
2019-06-14 07:25:55,515 INFO  impl.MetricsSystemImpl (MetricsSystemImpl.java:startTimer(374)) - Scheduled Metric snapshot period at 10 second(s).
2019-06-14 07:25:55,515 INFO  impl.MetricsSystemImpl (MetricsSystemImpl.java:start(191)) - StorageContainerManager metrics system started
2019-06-14 07:25:55,757 INFO  server.SCMClientProtocolServer (SCMClientProtocolServer.java:start(149)) - RPC server for Client  is listening at /0.0.0.0:35895
2019-06-14 07:25:55,757 INFO  ipc.Server (Server.java:run(1314)) - IPC Server Responder: starting
2019-06-14 07:25:55,758 INFO  ipc.Server (Server.java:run(1153)) - IPC Server listener on 35895: starting
2019-06-14 07:25:55,766 INFO  server.StorageContainerManager (StorageContainerManager.java:start(761)) - ScmBlockLocationProtocol RPC server is listening at /0.0.0.0:37625
2019-06-14 07:25:55,766 INFO  server.SCMBlockProtocolServer (SCMBlockProtocolServer.java:start(137)) - RPC server for Block Protocol is listening at /0.0.0.0:37625
2019-06-14 07:25:55,766 INFO  ipc.Server (Server.java:run(1314)) - IPC Server Responder: starting
2019-06-14 07:25:55,767 INFO  ipc.Server (Server.java:run(1153)) - IPC Server listener on 37625: starting
2019-06-14 07:25:55,769 INFO  server.StorageContainerManager (StorageContainerManager.java:start(765)) - ScmDatanodeProtocl RPC server is listening at /0.0.0.0:39581
2019-06-14 07:25:55,769 INFO  server.SCMDatanodeProtocolServer (SCMDatanodeProtocolServer.java:start(191)) - RPC server for DataNodes is listening at /0.0.0.0:39581
2019-06-14 07:25:55,770 INFO  ipc.Server (Server.java:run(1314)) - IPC Server Responder: starting
2019-06-14 07:25:55,770 INFO  ipc.Server (Server.java:run(1153)) - IPC Server listener on 39581: starting
2019-06-14 07:25:55,773 INFO  http.HttpServer2 (HttpServer2.java:bindListener(1191)) - Jetty bound to port 40695
2019-06-14 07:25:55,775 INFO  server.Server (Server.java:doStart(351)) - jetty-9.3.24.v20180605, build timestamp: 2018-06-05T17:11:56Z, git hash: 84205aa28f11a4f31f2a3b86d1bba2cc8ab69827
2019-06-14 07:25:55,823 INFO  handler.ContextHandler (ContextHandler.java:doStart(781)) - Started o.e.j.s.ServletContextHandler@2df6226d{/logs,file:///opt/src/hadoop-ozone/integration-test/target/log,AVAILABLE}
2019-06-14 07:25:55,825 INFO  handler.ContextHandler (ContextHandler.java:doStart(781)) - Started o.e.j.s.ServletContextHandler@4ff4357f{/static,file:///opt/src/hadoop-ozone/integration-test/target/test-classes/webapps/static,AVAILABLE}
2019-06-14 07:25:55,860 INFO  handler.ContextHandler (ContextHandler.java:doStart(781)) - Started o.e.j.w.WebAppContext@34645867{/,file:///opt/src/hadoop-ozone/integration-test/target/test-classes/webapps/scm/,AVAILABLE}{/scm}
2019-06-14 07:25:55,867 INFO  server.AbstractConnector (AbstractConnector.java:doStart(278)) - Started ServerConnector@124a999{HTTP/1.1,[http/1.1]}{0.0.0.0:40695}
2019-06-14 07:25:55,867 INFO  server.Server (Server.java:doStart(419)) - Started @2409ms
2019-06-14 07:25:55,868 INFO  server.BaseHttpServer (BaseHttpServer.java:updateConnectorAddress(207)) - HTTP server of SCM is listening at http://0.0.0.0:40695
2019-06-14 07:25:55,887 INFO  util.JvmPauseMonitor (JvmPauseMonitor.java:run(188)) - Starting JVM pause monitor
2019-06-14 07:25:55,888 WARN  scm.ScmUtils (ScmUtils.java:getDBPath(63)) - ozone.om.db.dirs is not configured. We recommend adding this setting. Falling back to ozone.metadata.dirs instead.
2019-06-14 07:25:55,974 WARN  scm.ScmUtils (ScmUtils.java:getDBPath(63)) - ozone.om.db.dirs is not configured. We recommend adding this setting. Falling back to ozone.metadata.dirs instead.
2019-06-14 07:25:55,976 INFO  om.OzoneManager (OzoneManager.java:setOMNodeDetails(519)) - OM Service ID is not set. Setting it to the default ID: omServiceIdDefault
2019-06-14 07:25:55,976 INFO  om.OzoneManager (OzoneManager.java:setOMNodeDetails(525)) - OM Node ID is not set. Setting it to the OmStorage's OmID: 63bf60a1-8279-4b5f-9e9e-b4c4921c3be4
2019-06-14 07:25:55,978 WARN  scm.HddsServerUtil (HddsServerUtil.java:getDefaultRatisDirectory(354)) - Storage directory for Ratis is not configured. It is a good idea to map this to an SSD disk. Falling back to ozone.metadata.dirs
2019-06-14 07:25:55,978 WARN  scm.HddsServerUtil (HddsServerUtil.java:getDefaultRatisDirectory(354)) - Storage directory for Ratis is not configured. It is a good idea to map this to an SSD disk. Falling back to ozone.metadata.dirs
2019-06-14 07:25:55,979 INFO  om.OzoneManager (OzoneManager.java:loadOMHAConfigs(476)) - Found matching OM address with OMServiceId: null, OMNodeId: null, RPC Address: localhost:0 and Ratis port: 9872
2019-06-14 07:25:56,206 WARN  scm.ScmUtils (ScmUtils.java:getDBPath(63)) - ozone.om.db.dirs is not configured. We recommend adding this setting. Falling back to ozone.metadata.dirs instead.
2019-06-14 07:25:56,214 INFO  db.DBStoreBuilder (DBStoreBuilder.java:addTable(110)) - using custom profile for table: userTable
2019-06-14 07:25:56,214 INFO  db.DBStoreBuilder (DBStoreBuilder.java:processTables(161)) - Using default column profile:DBProfile.DISK for Table:userTable
2019-06-14 07:25:56,215 INFO  db.DBStoreBuilder (DBStoreBuilder.java:addTable(110)) - using custom profile for table: volumeTable
2019-06-14 07:25:56,215 INFO  db.DBStoreBuilder (DBStoreBuilder.java:processTables(161)) - Using default column profile:DBProfile.DISK for Table:volumeTable
2019-06-14 07:25:56,215 INFO  db.DBStoreBuilder (DBStoreBuilder.java:addTable(110)) - using custom profile for table: bucketTable
2019-06-14 07:25:56,215 INFO  db.DBStoreBuilder (DBStoreBuilder.java:processTables(161)) - Using default column profile:DBProfile.DISK for Table:bucketTable
2019-06-14 07:25:56,216 INFO  db.DBStoreBuilder (DBStoreBuilder.java:addTable(110)) - using custom profile for table: keyTable
2019-06-14 07:25:56,216 INFO  db.DBStoreBuilder (DBStoreBuilder.java:processTables(161)) - Using default column profile:DBProfile.DISK for Table:keyTable
2019-06-14 07:25:56,216 INFO  db.DBStoreBuilder (DBStoreBuilder.java:addTable(110)) - using custom profile for table: deletedTable
2019-06-14 07:25:56,216 INFO  db.DBStoreBuilder (DBStoreBuilder.java:processTables(161)) - Using default column profile:DBProfile.DISK for Table:deletedTable
2019-06-14 07:25:56,217 INFO  db.DBStoreBuilder (DBStoreBuilder.java:addTable(110)) - using custom profile for table: openKeyTable
2019-06-14 07:25:56,217 INFO  db.DBStoreBuilder (DBStoreBuilder.java:processTables(161)) - Using default column profile:DBProfile.DISK for Table:openKeyTable
2019-06-14 07:25:56,217 INFO  db.DBStoreBuilder (DBStoreBuilder.java:addTable(110)) - using custom profile for table: s3Table
2019-06-14 07:25:56,217 INFO  db.DBStoreBuilder (DBStoreBuilder.java:processTables(161)) - Using default column profile:DBProfile.DISK for Table:s3Table
2019-06-14 07:25:56,218 INFO  db.DBStoreBuilder (DBStoreBuilder.java:addTable(110)) - using custom profile for table: multipartInfoTable
2019-06-14 07:25:56,218 INFO  db.DBStoreBuilder (DBStoreBuilder.java:processTables(161)) - Using default column profile:DBProfile.DISK for Table:multipartInfoTable
2019-06-14 07:25:56,218 INFO  db.DBStoreBuilder (DBStoreBuilder.java:addTable(110)) - using custom profile for table: dTokenTable
2019-06-14 07:25:56,218 INFO  db.DBStoreBuilder (DBStoreBuilder.java:processTables(161)) - Using default column profile:DBProfile.DISK for Table:dTokenTable
2019-06-14 07:25:56,219 INFO  db.DBStoreBuilder (DBStoreBuilder.java:addTable(110)) - using custom profile for table: s3SecretTable
2019-06-14 07:25:56,219 INFO  db.DBStoreBuilder (DBStoreBuilder.java:processTables(161)) - Using default column profile:DBProfile.DISK for Table:s3SecretTable
2019-06-14 07:25:56,219 INFO  db.DBStoreBuilder (DBStoreBuilder.java:addTable(110)) - using custom profile for table: prefixTable
2019-06-14 07:25:56,219 INFO  db.DBStoreBuilder (DBStoreBuilder.java:processTables(161)) - Using default column profile:DBProfile.DISK for Table:prefixTable
2019-06-14 07:25:56,220 INFO  db.DBStoreBuilder (DBStoreBuilder.java:addTable(110)) - using custom profile for table: default
2019-06-14 07:25:56,220 INFO  db.DBStoreBuilder (DBStoreBuilder.java:processTables(167)) - Using default column profile:DBProfile.DISK for Table:default
2019-06-14 07:25:56,220 INFO  db.DBStoreBuilder (DBStoreBuilder.java:getDbProfile(198)) - Using default options. DBProfile.DISK
2019-06-14 07:25:56,805 INFO  ipc.CallQueueManager (CallQueueManager.java:<init>(84)) - Using callQueue: class java.util.concurrent.LinkedBlockingQueue, queueCapacity: 2000, scheduler: class org.apache.hadoop.ipc.DefaultRpcScheduler, ipcBackoff: false.
2019-06-14 07:25:56,806 INFO  ipc.Server (Server.java:run(1074)) - Starting Socket Reader #1 for port 35723
2019-06-14 07:25:56,835 WARN  scm.ScmUtils (ScmUtils.java:getDBPath(63)) - ozone.om.db.dirs is not configured. We recommend adding this setting. Falling back to ozone.metadata.dirs instead.
2019-06-14 07:25:56,835 INFO  om.OzoneManager (OzoneManager.java:start(1217)) - OzoneManager RPC server is listening at localhost/127.0.0.1:35723
2019-06-14 07:25:56,835 INFO  impl.MetricsSystemImpl (MetricsSystemImpl.java:init(158)) - OzoneManager metrics system started (again)
2019-06-14 07:25:56,836 INFO  ipc.Server (Server.java:run(1314)) - IPC Server Responder: starting
2019-06-14 07:25:56,836 INFO  ipc.Server (Server.java:run(1153)) - IPC Server listener on 35723: starting
2019-06-14 07:25:56,915 INFO  hdfs.DFSUtil (DFSUtil.java:httpServerTemplateForNNAndJN(1641)) - Starting Web-server for ozoneManager at: http://0.0.0.0:0
2019-06-14 07:25:56,917 INFO  server.AuthenticationFilter (AuthenticationFilter.java:constructSecretProvider(240)) - Unable to initialize FileSignerSecretProvider, falling back to use random secrets.
2019-06-14 07:25:56,922 WARN  http.HttpRequestLog (HttpRequestLog.java:getRequestLog(97)) - Jetty request log can only be enabled using Log4j
2019-06-14 07:25:56,924 INFO  http.HttpServer2 (HttpServer2.java:addGlobalFilter(975)) - Added global filter 'safety' (class=org.apache.hadoop.http.HttpServer2$QuotingInputFilter)
2019-06-14 07:25:56,925 INFO  http.HttpServer2 (HttpServer2.java:addFilter(948)) - Added filter static_user_filter (class=org.apache.hadoop.http.lib.StaticUserWebFilter$StaticUserFilter) to context ozoneManager
2019-06-14 07:25:56,925 INFO  http.HttpServer2 (HttpServer2.java:addFilter(958)) - Added filter static_user_filter (class=org.apache.hadoop.http.lib.StaticUserWebFilter$StaticUserFilter) to context logs
2019-06-14 07:25:56,925 INFO  http.HttpServer2 (HttpServer2.java:addFilter(958)) - Added filter static_user_filter (class=org.apache.hadoop.http.lib.StaticUserWebFilter$StaticUserFilter) to context static
2019-06-14 07:25:56,927 INFO  http.HttpServer2 (HttpServer2.java:bindListener(1191)) - Jetty bound to port 36607
2019-06-14 07:25:56,927 INFO  server.Server (Server.java:doStart(351)) - jetty-9.3.24.v20180605, build timestamp: 2018-06-05T17:11:56Z, git hash: 84205aa28f11a4f31f2a3b86d1bba2cc8ab69827
2019-06-14 07:25:56,929 INFO  handler.ContextHandler (ContextHandler.java:doStart(781)) - Started o.e.j.s.ServletContextHandler@67207d8a{/logs,file:///opt/src/hadoop-ozone/integration-test/target/log,AVAILABLE}
2019-06-14 07:25:56,929 INFO  handler.ContextHandler (ContextHandler.java:doStart(781)) - Started o.e.j.s.ServletContextHandler@7c2a69b4{/static,file:///opt/src/hadoop-ozone/integration-test/target/test-classes/webapps/static,AVAILABLE}
2019-06-14 07:25:56,935 INFO  handler.ContextHandler (ContextHandler.java:doStart(781)) - Started o.e.j.w.WebAppContext@69ce2f62{/,file:///opt/src/hadoop-ozone/integration-test/target/test-classes/webapps/ozoneManager/,AVAILABLE}{/ozoneManager}
2019-06-14 07:25:56,935 INFO  server.AbstractConnector (AbstractConnector.java:doStart(278)) - Started ServerConnector@c9d82f9{HTTP/1.1,[http/1.1]}{0.0.0.0:36607}
2019-06-14 07:25:56,935 INFO  server.Server (Server.java:doStart(419)) - Started @3477ms
2019-06-14 07:25:56,936 INFO  server.BaseHttpServer (BaseHttpServer.java:updateConnectorAddress(207)) - HTTP server of OZONEMANAGER is listening at http://0.0.0.0:36607
2019-06-14 07:25:57,107 INFO  impl.MetricsSystemImpl (MetricsSystemImpl.java:init(158)) - HddsDatanode metrics system started (again)
2019-06-14 07:25:57,261 INFO  ozone.HddsDatanodeService (HddsDatanodeService.java:start(185)) - HddsDatanodeService host:ozone-tm9qp-197714850 ip:192.168.134.69
2019-06-14 07:25:57,288 INFO  volume.HddsVolume (HddsVolume.java:<init>(176)) - Creating Volume: /opt/src/hadoop-ozone/integration-test/target/test-dir/MiniOzoneClusterImpl-79c289e9-76b1-49c6-a5ef-eeb8d3eba706/datanode-0/data/containers/hdds of  storage type : DISK and capacity : 104021790720
2019-06-14 07:25:57,289 INFO  volume.VolumeSet (VolumeSet.java:initializeVolumeSet(170)) - Added Volume : /opt/src/hadoop-ozone/integration-test/target/test-dir/MiniOzoneClusterImpl-79c289e9-76b1-49c6-a5ef-eeb8d3eba706/datanode-0/data/containers/hdds to VolumeSet
2019-06-14 07:25:57,292 INFO  volume.ThrottledAsyncChecker (ThrottledAsyncChecker.java:schedule(140)) - Scheduling a check for org.apache.hadoop.ozone.container.common.volume.HddsVolume@6892cc6f
2019-06-14 07:25:57,308 INFO  volume.HddsVolumeChecker (HddsVolumeChecker.java:checkAllVolumes(203)) - Scheduled health check for volume org.apache.hadoop.ozone.container.common.volume.HddsVolume@6892cc6f
2019-06-14 07:25:57,356 INFO  ratis.XceiverServerRatis (XceiverServerRatis.java:newXceiverServerRatis(401)) - Found a free port for the server : 38433
2019-06-14 07:25:57,427 INFO  impl.RaftServerProxy (ConfUtils.java:logGet(43)) - raft.rpc.type = GRPC (default)
2019-06-14 07:25:57,436 INFO  grpc.GrpcConfigKeys$Server (ConfUtils.java:logGet(43)) - raft.grpc.server.port = 38433 (custom)
2019-06-14 07:25:57,437 INFO  server.GrpcService (ConfUtils.java:logGet(43)) - raft.grpc.message.size.max = 33570816 (custom)
2019-06-14 07:25:57,438 INFO  server.RaftServerConfigKeys (ConfUtils.java:logGet(43)) - raft.server.log.appender.buffer.byte-limit = 33554432 (custom)
2019-06-14 07:25:57,439 INFO  server.GrpcService (ConfUtils.java:logGet(43)) - raft.grpc.flow.control.window = 1MB (=1048576) (default)
2019-06-14 07:25:57,439 INFO  server.RaftServerConfigKeys (ConfUtils.java:logGet(43)) - raft.server.rpc.request.timeout = 3000ms (default)
2019-06-14 07:25:57,586 INFO  server.RaftServerConfigKeys (ConfUtils.java:logGet(43)) - raft.server.storage.dir = [/opt/src/hadoop-ozone/integration-test/target/test-dir/MiniOzoneClusterImpl-79c289e9-76b1-49c6-a5ef-eeb8d3eba706/datanode-0/data/ratis] (custom)
2019-06-14 07:25:57,593 INFO  server.XceiverServerGrpc (XceiverServerGrpc.java:<init>(97)) - Found a free port for the server : 39251
2019-06-14 07:25:57,619 INFO  replication.SimpleContainerDownloader (SimpleContainerDownloader.java:<init>(72)) - Starting container downloader service to copy containers to replicate.
2019-06-14 07:25:57,636 INFO  hdfs.DFSUtil (DFSUtil.java:httpServerTemplateForNNAndJN(1641)) - Starting Web-server for hddsDatanode at: http://0.0.0.0:0
2019-06-14 07:25:57,638 INFO  server.AuthenticationFilter (AuthenticationFilter.java:constructSecretProvider(240)) - Unable to initialize FileSignerSecretProvider, falling back to use random secrets.
2019-06-14 07:25:57,638 WARN  http.HttpRequestLog (HttpRequestLog.java:getRequestLog(97)) - Jetty request log can only be enabled using Log4j
2019-06-14 07:25:57,640 INFO  http.HttpServer2 (HttpServer2.java:addGlobalFilter(975)) - Added global filter 'safety' (class=org.apache.hadoop.http.HttpServer2$QuotingInputFilter)
2019-06-14 07:25:57,641 INFO  http.HttpServer2 (HttpServer2.java:addFilter(948)) - Added filter static_user_filter (class=org.apache.hadoop.http.lib.StaticUserWebFilter$StaticUserFilter) to context hddsDatanode
2019-06-14 07:25:57,641 INFO  http.HttpServer2 (HttpServer2.java:addFilter(958)) - Added filter static_user_filter (class=org.apache.hadoop.http.lib.StaticUserWebFilter$StaticUserFilter) to context logs
2019-06-14 07:25:57,642 INFO  http.HttpServer2 (HttpServer2.java:addFilter(958)) - Added filter static_user_filter (class=org.apache.hadoop.http.lib.StaticUserWebFilter$StaticUserFilter) to context static
2019-06-14 07:25:57,642 INFO  http.HttpServer2 (HttpServer2.java:bindListener(1191)) - Jetty bound to port 41075
2019-06-14 07:25:57,643 INFO  server.Server (Server.java:doStart(351)) - jetty-9.3.24.v20180605, build timestamp: 2018-06-05T17:11:56Z, git hash: 84205aa28f11a4f31f2a3b86d1bba2cc8ab69827
2019-06-14 07:25:57,668 INFO  handler.ContextHandler (ContextHandler.java:doStart(781)) - Started o.e.j.s.ServletContextHandler@49206065{/logs,file:///opt/src/hadoop-ozone/integration-test/target/log,AVAILABLE}
2019-06-14 07:25:57,669 INFO  handler.ContextHandler (ContextHandler.java:doStart(781)) - Started o.e.j.s.ServletContextHandler@1317b708{/static,jar:file:/root/.m2/repository/org/apache/hadoop/hadoop-hdds-container-service/0.5.0-SNAPSHOT/hadoop-hdds-container-service-0.5.0-SNAPSHOT.jar!/webapps/static,AVAILABLE}
2019-06-14 07:25:57,713 INFO  handler.ContextHandler (ContextHandler.java:doStart(781)) - Started o.e.j.w.WebAppContext@2a2843ec{/,file:///tmp/jetty-0.0.0.0-41075-hddsDatanode-_-any-8693905742724594003.dir/webapp/,AVAILABLE}{/hddsDatanode}
2019-06-14 07:25:57,714 INFO  server.AbstractConnector (AbstractConnector.java:doStart(278)) - Started ServerConnector@2042ccce{HTTP/1.1,[http/1.1]}{0.0.0.0:41075}
2019-06-14 07:25:57,715 INFO  server.Server (Server.java:doStart(419)) - Started @4257ms
2019-06-14 07:25:57,744 INFO  server.BaseHttpServer (BaseHttpServer.java:updateConnectorAddress(207)) - HTTP server of HDDSDATANODE is listening at http://0.0.0.0:41075
2019-06-14 07:25:58,838 INFO  ozone.HddsDatanodeService (HddsDatanodeService.java:startPlugins(396)) - Started plug-in org.apache.hadoop.ozone.web.OzoneHddsDatanodeService@433d9680
2019-06-14 07:25:58,839 INFO  impl.MetricsSystemImpl (MetricsSystemImpl.java:init(158)) - HddsDatanode metrics system started (again)
2019-06-14 07:25:58,840 INFO  ozone.HddsDatanodeService (HddsDatanodeService.java:start(185)) - HddsDatanodeService host:ozone-tm9qp-197714850 ip:192.168.134.69
2019-06-14 07:25:58,849 INFO  util.JvmPauseMonitor (JvmPauseMonitor.java:run(188)) - Starting JVM pause monitor
2019-06-14 07:25:58,864 INFO  volume.HddsVolume (HddsVolume.java:<init>(176)) - Creating Volume: /opt/src/hadoop-ozone/integration-test/target/test-dir/MiniOzoneClusterImpl-79c289e9-76b1-49c6-a5ef-eeb8d3eba706/datanode-1/data/containers/hdds of  storage type : DISK and capacity : 104021790720
2019-06-14 07:25:58,865 INFO  volume.VolumeSet (VolumeSet.java:initializeVolumeSet(170)) - Added Volume : /opt/src/hadoop-ozone/integration-test/target/test-dir/MiniOzoneClusterImpl-79c289e9-76b1-49c6-a5ef-eeb8d3eba706/datanode-1/data/containers/hdds to VolumeSet
2019-06-14 07:25:58,865 INFO  volume.ThrottledAsyncChecker (ThrottledAsyncChecker.java:schedule(140)) - Scheduling a check for org.apache.hadoop.ozone.container.common.volume.HddsVolume@6002e944
2019-06-14 07:25:58,872 INFO  volume.HddsVolumeChecker (HddsVolumeChecker.java:checkAllVolumes(203)) - Scheduled health check for volume org.apache.hadoop.ozone.container.common.volume.HddsVolume@6002e944
2019-06-14 07:25:58,888 INFO  ratis.XceiverServerRatis (XceiverServerRatis.java:newXceiverServerRatis(401)) - Found a free port for the server : 44205
2019-06-14 07:25:58,891 INFO  impl.RaftServerProxy (ConfUtils.java:logGet(43)) - raft.rpc.type = GRPC (default)
2019-06-14 07:25:58,891 INFO  grpc.GrpcConfigKeys$Server (ConfUtils.java:logGet(43)) - raft.grpc.server.port = 44205 (custom)
2019-06-14 07:25:58,892 INFO  server.GrpcService (ConfUtils.java:logGet(43)) - raft.grpc.message.size.max = 33570816 (custom)
2019-06-14 07:25:58,892 INFO  server.RaftServerConfigKeys (ConfUtils.java:logGet(43)) - raft.server.log.appender.buffer.byte-limit = 33554432 (custom)
2019-06-14 07:25:58,892 INFO  server.GrpcService (ConfUtils.java:logGet(43)) - raft.grpc.flow.control.window = 1MB (=1048576) (default)
2019-06-14 07:25:58,893 INFO  server.RaftServerConfigKeys (ConfUtils.java:logGet(43)) - raft.server.rpc.request.timeout = 3000ms (default)
2019-06-14 07:25:58,893 INFO  server.RaftServerConfigKeys (ConfUtils.java:logGet(43)) - raft.server.storage.dir = [/opt/src/hadoop-ozone/integration-test/target/test-dir/MiniOzoneClusterImpl-79c289e9-76b1-49c6-a5ef-eeb8d3eba706/datanode-1/data/ratis] (custom)
2019-06-14 07:25:58,894 INFO  server.XceiverServerGrpc (XceiverServerGrpc.java:<init>(97)) - Found a free port for the server : 44301
2019-06-14 07:25:58,894 INFO  replication.SimpleContainerDownloader (SimpleContainerDownloader.java:<init>(72)) - Starting container downloader service to copy containers to replicate.
2019-06-14 07:25:58,896 INFO  hdfs.DFSUtil (DFSUtil.java:httpServerTemplateForNNAndJN(1641)) - Starting Web-server for hddsDatanode at: http://0.0.0.0:0
2019-06-14 07:25:58,897 INFO  server.AuthenticationFilter (AuthenticationFilter.java:constructSecretProvider(240)) - Unable to initialize FileSignerSecretProvider, falling back to use random secrets.
2019-06-14 07:25:58,902 WARN  http.HttpRequestLog (HttpRequestLog.java:getRequestLog(97)) - Jetty request log can only be enabled using Log4j
2019-06-14 07:25:58,904 INFO  http.HttpServer2 (HttpServer2.java:addGlobalFilter(975)) - Added global filter 'safety' (class=org.apache.hadoop.http.HttpServer2$QuotingInputFilter)
2019-06-14 07:25:58,905 INFO  http.HttpServer2 (HttpServer2.java:addFilter(948)) - Added filter static_user_filter (class=org.apache.hadoop.http.lib.StaticUserWebFilter$StaticUserFilter) to context hddsDatanode
2019-06-14 07:25:58,905 INFO  http.HttpServer2 (HttpServer2.java:addFilter(958)) - Added filter static_user_filter (class=org.apache.hadoop.http.lib.StaticUserWebFilter$StaticUserFilter) to context static
2019-06-14 07:25:58,905 INFO  http.HttpServer2 (HttpServer2.java:addFilter(958)) - Added filter static_user_filter (class=org.apache.hadoop.http.lib.StaticUserWebFilter$StaticUserFilter) to context logs
2019-06-14 07:25:58,906 INFO  http.HttpServer2 (HttpServer2.java:bindListener(1191)) - Jetty bound to port 35935
2019-06-14 07:25:58,906 INFO  server.Server (Server.java:doStart(351)) - jetty-9.3.24.v20180605, build timestamp: 2018-06-05T17:11:56Z, git hash: 84205aa28f11a4f31f2a3b86d1bba2cc8ab69827
2019-06-14 07:25:58,928 INFO  handler.ContextHandler (ContextHandler.java:doStart(781)) - Started o.e.j.s.ServletContextHandler@637791d{/logs,file:///opt/src/hadoop-ozone/integration-test/target/log,AVAILABLE}
2019-06-14 07:25:58,928 INFO  handler.ContextHandler (ContextHandler.java:doStart(781)) - Started o.e.j.s.ServletContextHandler@60f77af{/static,jar:file:/root/.m2/repository/org/apache/hadoop/hadoop-hdds-container-service/0.5.0-SNAPSHOT/hadoop-hdds-container-service-0.5.0-SNAPSHOT.jar!/webapps/static,AVAILABLE}
2019-06-14 07:25:58,982 INFO  handler.ContextHandler (ContextHandler.java:doStart(781)) - Started o.e.j.w.WebAppContext@262a1fad{/,file:///tmp/jetty-0.0.0.0-35935-hddsDatanode-_-any-3970688715307834979.dir/webapp/,AVAILABLE}{/hddsDatanode}
2019-06-14 07:25:58,989 INFO  server.AbstractConnector (AbstractConnector.java:doStart(278)) - Started ServerConnector@6be6931f{HTTP/1.1,[http/1.1]}{0.0.0.0:35935}
2019-06-14 07:25:58,989 INFO  server.Server (Server.java:doStart(419)) - Started @5531ms
2019-06-14 07:25:58,991 INFO  server.BaseHttpServer (BaseHttpServer.java:updateConnectorAddress(207)) - HTTP server of HDDSDATANODE is listening at http://0.0.0.0:35935
2019-06-14 07:25:59,027 INFO  datanode.InitDatanodeState (InitDatanodeState.java:persistContainerDatanodeDetails(140)) - DatanodeDetails is persisted to /opt/src/hadoop-ozone/integration-test/target/test-dir/MiniOzoneClusterImpl-79c289e9-76b1-49c6-a5ef-eeb8d3eba706/datanode-0/meta/datanode.id
2019-06-14 07:25:59,190 INFO  ozone.HddsDatanodeService (HddsDatanodeService.java:startPlugins(396)) - Started plug-in org.apache.hadoop.ozone.web.OzoneHddsDatanodeService@55c57422
2019-06-14 07:25:59,192 INFO  impl.MetricsSystemImpl (MetricsSystemImpl.java:init(158)) - HddsDatanode metrics system started (again)
2019-06-14 07:25:59,193 INFO  ozone.HddsDatanodeService (HddsDatanodeService.java:start(185)) - HddsDatanodeService host:ozone-tm9qp-197714850 ip:192.168.134.69
2019-06-14 07:25:59,222 INFO  util.JvmPauseMonitor (JvmPauseMonitor.java:run(188)) - Starting JVM pause monitor
2019-06-14 07:25:59,237 INFO  volume.HddsVolume (HddsVolume.java:<init>(176)) - Creating Volume: /opt/src/hadoop-ozone/integration-test/target/test-dir/MiniOzoneClusterImpl-79c289e9-76b1-49c6-a5ef-eeb8d3eba706/datanode-2/data/containers/hdds of  storage type : DISK and capacity : 104021790720
2019-06-14 07:25:59,238 INFO  volume.VolumeSet (VolumeSet.java:initializeVolumeSet(170)) - Added Volume : /opt/src/hadoop-ozone/integration-test/target/test-dir/MiniOzoneClusterImpl-79c289e9-76b1-49c6-a5ef-eeb8d3eba706/datanode-2/data/containers/hdds to VolumeSet
2019-06-14 07:25:59,232 INFO  datanode.InitDatanodeState (InitDatanodeState.java:persistContainerDatanodeDetails(140)) - DatanodeDetails is persisted to /opt/src/hadoop-ozone/integration-test/target/test-dir/MiniOzoneClusterImpl-79c289e9-76b1-49c6-a5ef-eeb8d3eba706/datanode-1/meta/datanode.id
2019-06-14 07:25:59,238 INFO  volume.ThrottledAsyncChecker (ThrottledAsyncChecker.java:schedule(140)) - Scheduling a check for org.apache.hadoop.ozone.container.common.volume.HddsVolume@64502326
2019-06-14 07:25:59,242 INFO  volume.HddsVolumeChecker (HddsVolumeChecker.java:checkAllVolumes(203)) - Scheduled health check for volume org.apache.hadoop.ozone.container.common.volume.HddsVolume@64502326
2019-06-14 07:25:59,254 INFO  ratis.XceiverServerRatis (XceiverServerRatis.java:newXceiverServerRatis(401)) - Found a free port for the server : 33745
2019-06-14 07:25:59,255 INFO  impl.RaftServerProxy (ConfUtils.java:logGet(43)) - raft.rpc.type = GRPC (default)
2019-06-14 07:25:59,255 INFO  grpc.GrpcConfigKeys$Server (ConfUtils.java:logGet(43)) - raft.grpc.server.port = 33745 (custom)
2019-06-14 07:25:59,256 INFO  server.GrpcService (ConfUtils.java:logGet(43)) - raft.grpc.message.size.max = 33570816 (custom)
2019-06-14 07:25:59,256 INFO  server.RaftServerConfigKeys (ConfUtils.java:logGet(43)) - raft.server.log.appender.buffer.byte-limit = 33554432 (custom)
2019-06-14 07:25:59,256 INFO  server.GrpcService (ConfUtils.java:logGet(43)) - raft.grpc.flow.control.window = 1MB (=1048576) (default)
2019-06-14 07:25:59,257 INFO  server.RaftServerConfigKeys (ConfUtils.java:logGet(43)) - raft.server.rpc.request.timeout = 3000ms (default)
2019-06-14 07:25:59,258 INFO  server.RaftServerConfigKeys (ConfUtils.java:logGet(43)) - raft.server.storage.dir = [/opt/src/hadoop-ozone/integration-test/target/test-dir/MiniOzoneClusterImpl-79c289e9-76b1-49c6-a5ef-eeb8d3eba706/datanode-2/data/ratis] (custom)
2019-06-14 07:25:59,258 INFO  server.XceiverServerGrpc (XceiverServerGrpc.java:<init>(97)) - Found a free port for the server : 39433
2019-06-14 07:25:59,259 INFO  replication.SimpleContainerDownloader (SimpleContainerDownloader.java:<init>(72)) - Starting container downloader service to copy containers to replicate.
2019-06-14 07:25:59,261 INFO  hdfs.DFSUtil (DFSUtil.java:httpServerTemplateForNNAndJN(1641)) - Starting Web-server for hddsDatanode at: http://0.0.0.0:0
2019-06-14 07:25:59,262 INFO  server.AuthenticationFilter (AuthenticationFilter.java:constructSecretProvider(240)) - Unable to initialize FileSignerSecretProvider, falling back to use random secrets.
2019-06-14 07:25:59,262 WARN  http.HttpRequestLog (HttpRequestLog.java:getRequestLog(97)) - Jetty request log can only be enabled using Log4j
2019-06-14 07:25:59,264 INFO  http.HttpServer2 (HttpServer2.java:addGlobalFilter(975)) - Added global filter 'safety' (class=org.apache.hadoop.http.HttpServer2$QuotingInputFilter)
2019-06-14 07:25:59,264 INFO  http.HttpServer2 (HttpServer2.java:addFilter(948)) - Added filter static_user_filter (class=org.apache.hadoop.http.lib.StaticUserWebFilter$StaticUserFilter) to context hddsDatanode
2019-06-14 07:25:59,264 INFO  http.HttpServer2 (HttpServer2.java:addFilter(958)) - Added filter static_user_filter (class=org.apache.hadoop.http.lib.StaticUserWebFilter$StaticUserFilter) to context static
2019-06-14 07:25:59,264 INFO  http.HttpServer2 (HttpServer2.java:addFilter(958)) - Added filter static_user_filter (class=org.apache.hadoop.http.lib.StaticUserWebFilter$StaticUserFilter) to context logs
2019-06-14 07:25:59,265 INFO  http.HttpServer2 (HttpServer2.java:bindListener(1191)) - Jetty bound to port 39431
2019-06-14 07:25:59,265 INFO  server.Server (Server.java:doStart(351)) - jetty-9.3.24.v20180605, build timestamp: 2018-06-05T17:11:56Z, git hash: 84205aa28f11a4f31f2a3b86d1bba2cc8ab69827
2019-06-14 07:25:59,289 INFO  handler.ContextHandler (ContextHandler.java:doStart(781)) - Started o.e.j.s.ServletContextHandler@71664560{/logs,file:///opt/src/hadoop-ozone/integration-test/target/log,AVAILABLE}
2019-06-14 07:25:59,290 INFO  handler.ContextHandler (ContextHandler.java:doStart(781)) - Started o.e.j.s.ServletContextHandler@39da5e49{/static,jar:file:/root/.m2/repository/org/apache/hadoop/hadoop-hdds-container-service/0.5.0-SNAPSHOT/hadoop-hdds-container-service-0.5.0-SNAPSHOT.jar!/webapps/static,AVAILABLE}
2019-06-14 07:25:59,318 INFO  handler.ContextHandler (ContextHandler.java:doStart(781)) - Started o.e.j.w.WebAppContext@2b6c7012{/,file:///tmp/jetty-0.0.0.0-39431-hddsDatanode-_-any-2422792674355341322.dir/webapp/,AVAILABLE}{/hddsDatanode}
2019-06-14 07:25:59,319 INFO  server.AbstractConnector (AbstractConnector.java:doStart(278)) - Started ServerConnector@6229a39{HTTP/1.1,[http/1.1]}{0.0.0.0:39431}
2019-06-14 07:25:59,320 INFO  server.Server (Server.java:doStart(419)) - Started @5862ms
2019-06-14 07:25:59,320 INFO  server.BaseHttpServer (BaseHttpServer.java:updateConnectorAddress(207)) - HTTP server of HDDSDATANODE is listening at http://0.0.0.0:39431
2019-06-14 07:25:59,516 INFO  ozone.HddsDatanodeService (HddsDatanodeService.java:startPlugins(396)) - Started plug-in org.apache.hadoop.ozone.web.OzoneHddsDatanodeService@126f8f24
2019-06-14 07:25:59,516 INFO  impl.MetricsSystemImpl (MetricsSystemImpl.java:init(158)) - HddsDatanode metrics system started (again)
2019-06-14 07:25:59,517 INFO  ozone.HddsDatanodeService (HddsDatanodeService.java:start(185)) - HddsDatanodeService host:ozone-tm9qp-197714850 ip:192.168.134.69
2019-06-14 07:25:59,529 INFO  util.JvmPauseMonitor (JvmPauseMonitor.java:run(188)) - Starting JVM pause monitor
2019-06-14 07:25:59,540 INFO  datanode.InitDatanodeState (InitDatanodeState.java:persistContainerDatanodeDetails(140)) - DatanodeDetails is persisted to /opt/src/hadoop-ozone/integration-test/target/test-dir/MiniOzoneClusterImpl-79c289e9-76b1-49c6-a5ef-eeb8d3eba706/datanode-2/meta/datanode.id
2019-06-14 07:25:59,546 INFO  volume.HddsVolume (HddsVolume.java:<init>(176)) - Creating Volume: /opt/src/hadoop-ozone/integration-test/target/test-dir/MiniOzoneClusterImpl-79c289e9-76b1-49c6-a5ef-eeb8d3eba706/datanode-3/data/containers/hdds of  storage type : DISK and capacity : 104021790720
2019-06-14 07:25:59,546 INFO  volume.VolumeSet (VolumeSet.java:initializeVolumeSet(170)) - Added Volume : /opt/src/hadoop-ozone/integration-test/target/test-dir/MiniOzoneClusterImpl-79c289e9-76b1-49c6-a5ef-eeb8d3eba706/datanode-3/data/containers/hdds to VolumeSet
2019-06-14 07:25:59,546 INFO  volume.ThrottledAsyncChecker (ThrottledAsyncChecker.java:schedule(140)) - Scheduling a check for org.apache.hadoop.ozone.container.common.volume.HddsVolume@4962b41e
2019-06-14 07:25:59,554 INFO  volume.HddsVolumeChecker (HddsVolumeChecker.java:checkAllVolumes(203)) - Scheduled health check for volume org.apache.hadoop.ozone.container.common.volume.HddsVolume@4962b41e
2019-06-14 07:25:59,564 INFO  ratis.XceiverServerRatis (XceiverServerRatis.java:newXceiverServerRatis(401)) - Found a free port for the server : 34435
2019-06-14 07:25:59,565 INFO  impl.RaftServerProxy (ConfUtils.java:logGet(43)) - raft.rpc.type = GRPC (default)
2019-06-14 07:25:59,565 INFO  grpc.GrpcConfigKeys$Server (ConfUtils.java:logGet(43)) - raft.grpc.server.port = 34435 (custom)
2019-06-14 07:25:59,566 INFO  server.GrpcService (ConfUtils.java:logGet(43)) - raft.grpc.message.size.max = 33570816 (custom)
2019-06-14 07:25:59,566 INFO  server.RaftServerConfigKeys (ConfUtils.java:logGet(43)) - raft.server.log.appender.buffer.byte-limit = 33554432 (custom)
2019-06-14 07:25:59,566 INFO  server.GrpcService (ConfUtils.java:logGet(43)) - raft.grpc.flow.control.window = 1MB (=1048576) (default)
2019-06-14 07:25:59,566 INFO  server.RaftServerConfigKeys (ConfUtils.java:logGet(43)) - raft.server.rpc.request.timeout = 3000ms (default)
2019-06-14 07:25:59,567 INFO  server.RaftServerConfigKeys (ConfUtils.java:logGet(43)) - raft.server.storage.dir = [/opt/src/hadoop-ozone/integration-test/target/test-dir/MiniOzoneClusterImpl-79c289e9-76b1-49c6-a5ef-eeb8d3eba706/datanode-3/data/ratis] (custom)
2019-06-14 07:25:59,567 INFO  server.XceiverServerGrpc (XceiverServerGrpc.java:<init>(97)) - Found a free port for the server : 36833
2019-06-14 07:25:59,568 INFO  replication.SimpleContainerDownloader (SimpleContainerDownloader.java:<init>(72)) - Starting container downloader service to copy containers to replicate.
2019-06-14 07:25:59,569 INFO  hdfs.DFSUtil (DFSUtil.java:httpServerTemplateForNNAndJN(1641)) - Starting Web-server for hddsDatanode at: http://0.0.0.0:0
2019-06-14 07:25:59,570 INFO  server.AuthenticationFilter (AuthenticationFilter.java:constructSecretProvider(240)) - Unable to initialize FileSignerSecretProvider, falling back to use random secrets.
2019-06-14 07:25:59,574 WARN  http.HttpRequestLog (HttpRequestLog.java:getRequestLog(97)) - Jetty request log can only be enabled using Log4j
2019-06-14 07:25:59,575 INFO  http.HttpServer2 (HttpServer2.java:addGlobalFilter(975)) - Added global filter 'safety' (class=org.apache.hadoop.http.HttpServer2$QuotingInputFilter)
2019-06-14 07:25:59,575 INFO  http.HttpServer2 (HttpServer2.java:addFilter(948)) - Added filter static_user_filter (class=org.apache.hadoop.http.lib.StaticUserWebFilter$StaticUserFilter) to context hddsDatanode
2019-06-14 07:25:59,576 INFO  http.HttpServer2 (HttpServer2.java:addFilter(958)) - Added filter static_user_filter (class=org.apache.hadoop.http.lib.StaticUserWebFilter$StaticUserFilter) to context static
2019-06-14 07:25:59,576 INFO  http.HttpServer2 (HttpServer2.java:addFilter(958)) - Added filter static_user_filter (class=org.apache.hadoop.http.lib.StaticUserWebFilter$StaticUserFilter) to context logs
2019-06-14 07:25:59,576 INFO  http.HttpServer2 (HttpServer2.java:bindListener(1191)) - Jetty bound to port 36773
2019-06-14 07:25:59,576 INFO  server.Server (Server.java:doStart(351)) - jetty-9.3.24.v20180605, build timestamp: 2018-06-05T17:11:56Z, git hash: 84205aa28f11a4f31f2a3b86d1bba2cc8ab69827
2019-06-14 07:25:59,596 INFO  handler.ContextHandler (ContextHandler.java:doStart(781)) - Started o.e.j.s.ServletContextHandler@44598ef7{/logs,file:///opt/src/hadoop-ozone/integration-test/target/log,AVAILABLE}
2019-06-14 07:25:59,597 INFO  handler.ContextHandler (ContextHandler.java:doStart(781)) - Started o.e.j.s.ServletContextHandler@17222c11{/static,jar:file:/root/.m2/repository/org/apache/hadoop/hadoop-hdds-container-service/0.5.0-SNAPSHOT/hadoop-hdds-container-service-0.5.0-SNAPSHOT.jar!/webapps/static,AVAILABLE}
2019-06-14 07:25:59,624 INFO  handler.ContextHandler (ContextHandler.java:doStart(781)) - Started o.e.j.w.WebAppContext@19ae2ee5{/,file:///tmp/jetty-0.0.0.0-36773-hddsDatanode-_-any-6265779621327183919.dir/webapp/,AVAILABLE}{/hddsDatanode}
2019-06-14 07:25:59,625 INFO  server.AbstractConnector (AbstractConnector.java:doStart(278)) - Started ServerConnector@44b940a2{HTTP/1.1,[http/1.1]}{0.0.0.0:36773}
2019-06-14 07:25:59,627 INFO  server.Server (Server.java:doStart(419)) - Started @6169ms
2019-06-14 07:25:59,627 INFO  server.BaseHttpServer (BaseHttpServer.java:updateConnectorAddress(207)) - HTTP server of HDDSDATANODE is listening at http://0.0.0.0:36773
2019-06-14 07:25:59,769 INFO  ozone.HddsDatanodeService (HddsDatanodeService.java:startPlugins(396)) - Started plug-in org.apache.hadoop.ozone.web.OzoneHddsDatanodeService@492be039
2019-06-14 07:25:59,770 INFO  impl.MetricsSystemImpl (MetricsSystemImpl.java:init(158)) - HddsDatanode metrics system started (again)
2019-06-14 07:25:59,771 INFO  ozone.HddsDatanodeService (HddsDatanodeService.java:start(185)) - HddsDatanodeService host:ozone-tm9qp-197714850 ip:192.168.134.69
2019-06-14 07:25:59,772 INFO  util.JvmPauseMonitor (JvmPauseMonitor.java:run(188)) - Starting JVM pause monitor
2019-06-14 07:25:59,774 INFO  datanode.InitDatanodeState (InitDatanodeState.java:persistContainerDatanodeDetails(140)) - DatanodeDetails is persisted to /opt/src/hadoop-ozone/integration-test/target/test-dir/MiniOzoneClusterImpl-79c289e9-76b1-49c6-a5ef-eeb8d3eba706/datanode-3/meta/datanode.id
2019-06-14 07:25:59,796 INFO  volume.HddsVolume (HddsVolume.java:<init>(176)) - Creating Volume: /opt/src/hadoop-ozone/integration-test/target/test-dir/MiniOzoneClusterImpl-79c289e9-76b1-49c6-a5ef-eeb8d3eba706/datanode-4/data/containers/hdds of  storage type : DISK and capacity : 104021790720
2019-06-14 07:25:59,797 INFO  volume.VolumeSet (VolumeSet.java:initializeVolumeSet(170)) - Added Volume : /opt/src/hadoop-ozone/integration-test/target/test-dir/MiniOzoneClusterImpl-79c289e9-76b1-49c6-a5ef-eeb8d3eba706/datanode-4/data/containers/hdds to VolumeSet
2019-06-14 07:25:59,797 INFO  volume.ThrottledAsyncChecker (ThrottledAsyncChecker.java:schedule(140)) - Scheduling a check for org.apache.hadoop.ozone.container.common.volume.HddsVolume@2db86a7c
2019-06-14 07:25:59,806 INFO  volume.HddsVolumeChecker (HddsVolumeChecker.java:checkAllVolumes(203)) - Scheduled health check for volume org.apache.hadoop.ozone.container.common.volume.HddsVolume@2db86a7c
2019-06-14 07:25:59,817 INFO  ratis.XceiverServerRatis (XceiverServerRatis.java:newXceiverServerRatis(401)) - Found a free port for the server : 33655
2019-06-14 07:25:59,819 INFO  impl.RaftServerProxy (ConfUtils.java:logGet(43)) - raft.rpc.type = GRPC (default)
2019-06-14 07:25:59,819 INFO  grpc.GrpcConfigKeys$Server (ConfUtils.java:logGet(43)) - raft.grpc.server.port = 33655 (custom)
2019-06-14 07:25:59,820 INFO  server.GrpcService (ConfUtils.java:logGet(43)) - raft.grpc.message.size.max = 33570816 (custom)
2019-06-14 07:25:59,820 INFO  server.RaftServerConfigKeys (ConfUtils.java:logGet(43)) - raft.server.log.appender.buffer.byte-limit = 33554432 (custom)
2019-06-14 07:25:59,820 INFO  server.GrpcService (ConfUtils.java:logGet(43)) - raft.grpc.flow.control.window = 1MB (=1048576) (default)
2019-06-14 07:25:59,821 INFO  server.RaftServerConfigKeys (ConfUtils.java:logGet(43)) - raft.server.rpc.request.timeout = 3000ms (default)
2019-06-14 07:25:59,821 INFO  server.RaftServerConfigKeys (ConfUtils.java:logGet(43)) - raft.server.storage.dir = [/opt/src/hadoop-ozone/integration-test/target/test-dir/MiniOzoneClusterImpl-79c289e9-76b1-49c6-a5ef-eeb8d3eba706/datanode-4/data/ratis] (custom)
2019-06-14 07:25:59,822 INFO  server.XceiverServerGrpc (XceiverServerGrpc.java:<init>(97)) - Found a free port for the server : 42847
2019-06-14 07:25:59,822 INFO  replication.SimpleContainerDownloader (SimpleContainerDownloader.java:<init>(72)) - Starting container downloader service to copy containers to replicate.
2019-06-14 07:25:59,826 INFO  hdfs.DFSUtil (DFSUtil.java:httpServerTemplateForNNAndJN(1641)) - Starting Web-server for hddsDatanode at: http://0.0.0.0:0
2019-06-14 07:25:59,827 INFO  server.AuthenticationFilter (AuthenticationFilter.java:constructSecretProvider(240)) - Unable to initialize FileSignerSecretProvider, falling back to use random secrets.
2019-06-14 07:25:59,828 WARN  http.HttpRequestLog (HttpRequestLog.java:getRequestLog(97)) - Jetty request log can only be enabled using Log4j
2019-06-14 07:25:59,829 INFO  http.HttpServer2 (HttpServer2.java:addGlobalFilter(975)) - Added global filter 'safety' (class=org.apache.hadoop.http.HttpServer2$QuotingInputFilter)
2019-06-14 07:25:59,830 INFO  http.HttpServer2 (HttpServer2.java:addFilter(948)) - Added filter static_user_filter (class=org.apache.hadoop.http.lib.StaticUserWebFilter$StaticUserFilter) to context hddsDatanode
2019-06-14 07:25:59,830 INFO  http.HttpServer2 (HttpServer2.java:addFilter(958)) - Added filter static_user_filter (class=org.apache.hadoop.http.lib.StaticUserWebFilter$StaticUserFilter) to context static
2019-06-14 07:25:59,830 INFO  http.HttpServer2 (HttpServer2.java:addFilter(958)) - Added filter static_user_filter (class=org.apache.hadoop.http.lib.StaticUserWebFilter$StaticUserFilter) to context logs
2019-06-14 07:25:59,830 INFO  http.HttpServer2 (HttpServer2.java:bindListener(1191)) - Jetty bound to port 45247
2019-06-14 07:25:59,831 INFO  server.Server (Server.java:doStart(351)) - jetty-9.3.24.v20180605, build timestamp: 2018-06-05T17:11:56Z, git hash: 84205aa28f11a4f31f2a3b86d1bba2cc8ab69827
2019-06-14 07:25:59,848 INFO  handler.ContextHandler (ContextHandler.java:doStart(781)) - Started o.e.j.s.ServletContextHandler@35025a0a{/logs,file:///opt/src/hadoop-ozone/integration-test/target/log,AVAILABLE}
2019-06-14 07:25:59,848 INFO  handler.ContextHandler (ContextHandler.java:doStart(781)) - Started o.e.j.s.ServletContextHandler@7c70aae1{/static,jar:file:/root/.m2/repository/org/apache/hadoop/hadoop-hdds-container-service/0.5.0-SNAPSHOT/hadoop-hdds-container-service-0.5.0-SNAPSHOT.jar!/webapps/static,AVAILABLE}
2019-06-14 07:25:59,883 INFO  handler.ContextHandler (ContextHandler.java:doStart(781)) - Started o.e.j.w.WebAppContext@7c8874ef{/,file:///tmp/jetty-0.0.0.0-45247-hddsDatanode-_-any-5189547743043912072.dir/webapp/,AVAILABLE}{/hddsDatanode}
2019-06-14 07:25:59,884 INFO  server.AbstractConnector (AbstractConnector.java:doStart(278)) - Started ServerConnector@42c0a16e{HTTP/1.1,[http/1.1]}{0.0.0.0:45247}
2019-06-14 07:25:59,884 INFO  server.Server (Server.java:doStart(419)) - Started @6426ms
2019-06-14 07:25:59,888 INFO  server.BaseHttpServer (BaseHttpServer.java:updateConnectorAddress(207)) - HTTP server of HDDSDATANODE is listening at http://0.0.0.0:45247
2019-06-14 07:26:00,031 INFO  ozone.HddsDatanodeService (HddsDatanodeService.java:startPlugins(396)) - Started plug-in org.apache.hadoop.ozone.web.OzoneHddsDatanodeService@6e95973c
2019-06-14 07:26:00,032 INFO  impl.MetricsSystemImpl (MetricsSystemImpl.java:init(158)) - HddsDatanode metrics system started (again)
2019-06-14 07:26:00,033 INFO  ozone.HddsDatanodeService (HddsDatanodeService.java:start(185)) - HddsDatanodeService host:ozone-tm9qp-197714850 ip:192.168.134.69
2019-06-14 07:26:00,037 INFO  util.JvmPauseMonitor (JvmPauseMonitor.java:run(188)) - Starting JVM pause monitor
2019-06-14 07:26:00,039 INFO  datanode.InitDatanodeState (InitDatanodeState.java:persistContainerDatanodeDetails(140)) - DatanodeDetails is persisted to /opt/src/hadoop-ozone/integration-test/target/test-dir/MiniOzoneClusterImpl-79c289e9-76b1-49c6-a5ef-eeb8d3eba706/datanode-4/meta/datanode.id
2019-06-14 07:26:00,043 INFO  volume.HddsVolume (HddsVolume.java:<init>(176)) - Creating Volume: /opt/src/hadoop-ozone/integration-test/target/test-dir/MiniOzoneClusterImpl-79c289e9-76b1-49c6-a5ef-eeb8d3eba706/datanode-5/data/containers/hdds of  storage type : DISK and capacity : 104021790720
2019-06-14 07:26:00,043 INFO  volume.VolumeSet (VolumeSet.java:initializeVolumeSet(170)) - Added Volume : /opt/src/hadoop-ozone/integration-test/target/test-dir/MiniOzoneClusterImpl-79c289e9-76b1-49c6-a5ef-eeb8d3eba706/datanode-5/data/containers/hdds to VolumeSet
2019-06-14 07:26:00,043 INFO  volume.ThrottledAsyncChecker (ThrottledAsyncChecker.java:schedule(140)) - Scheduling a check for org.apache.hadoop.ozone.container.common.volume.HddsVolume@2c9fdb64
2019-06-14 07:26:00,044 INFO  volume.HddsVolumeChecker (HddsVolumeChecker.java:checkAllVolumes(203)) - Scheduled health check for volume org.apache.hadoop.ozone.container.common.volume.HddsVolume@2c9fdb64
2019-06-14 07:26:00,057 INFO  ratis.XceiverServerRatis (XceiverServerRatis.java:newXceiverServerRatis(401)) - Found a free port for the server : 36247
2019-06-14 07:26:00,058 INFO  impl.RaftServerProxy (ConfUtils.java:logGet(43)) - raft.rpc.type = GRPC (default)
2019-06-14 07:26:00,058 INFO  grpc.GrpcConfigKeys$Server (ConfUtils.java:logGet(43)) - raft.grpc.server.port = 36247 (custom)
2019-06-14 07:26:00,058 INFO  server.GrpcService (ConfUtils.java:logGet(43)) - raft.grpc.message.size.max = 33570816 (custom)
2019-06-14 07:26:00,059 INFO  server.RaftServerConfigKeys (ConfUtils.java:logGet(43)) - raft.server.log.appender.buffer.byte-limit = 33554432 (custom)
2019-06-14 07:26:00,059 INFO  server.GrpcService (ConfUtils.java:logGet(43)) - raft.grpc.flow.control.window = 1MB (=1048576) (default)
2019-06-14 07:26:00,059 INFO  server.RaftServerConfigKeys (ConfUtils.java:logGet(43)) - raft.server.rpc.request.timeout = 3000ms (default)
2019-06-14 07:26:00,060 INFO  server.RaftServerConfigKeys (ConfUtils.java:logGet(43)) - raft.server.storage.dir = [/opt/src/hadoop-ozone/integration-test/target/test-dir/MiniOzoneClusterImpl-79c289e9-76b1-49c6-a5ef-eeb8d3eba706/datanode-5/data/ratis] (custom)
2019-06-14 07:26:00,060 INFO  server.XceiverServerGrpc (XceiverServerGrpc.java:<init>(97)) - Found a free port for the server : 41737
2019-06-14 07:26:00,060 INFO  replication.SimpleContainerDownloader (SimpleContainerDownloader.java:<init>(72)) - Starting container downloader service to copy containers to replicate.
2019-06-14 07:26:00,062 INFO  hdfs.DFSUtil (DFSUtil.java:httpServerTemplateForNNAndJN(1641)) - Starting Web-server for hddsDatanode at: http://0.0.0.0:0
2019-06-14 07:26:00,063 INFO  server.AuthenticationFilter (AuthenticationFilter.java:constructSecretProvider(240)) - Unable to initialize FileSignerSecretProvider, falling back to use random secrets.
2019-06-14 07:26:00,064 WARN  http.HttpRequestLog (HttpRequestLog.java:getRequestLog(97)) - Jetty request log can only be enabled using Log4j
2019-06-14 07:26:00,065 INFO  http.HttpServer2 (HttpServer2.java:addGlobalFilter(975)) - Added global filter 'safety' (class=org.apache.hadoop.http.HttpServer2$QuotingInputFilter)
2019-06-14 07:26:00,066 INFO  http.HttpServer2 (HttpServer2.java:addFilter(948)) - Added filter static_user_filter (class=org.apache.hadoop.http.lib.StaticUserWebFilter$StaticUserFilter) to context hddsDatanode
2019-06-14 07:26:00,066 INFO  http.HttpServer2 (HttpServer2.java:addFilter(958)) - Added filter static_user_filter (class=org.apache.hadoop.http.lib.StaticUserWebFilter$StaticUserFilter) to context static
2019-06-14 07:26:00,066 INFO  http.HttpServer2 (HttpServer2.java:addFilter(958)) - Added filter static_user_filter (class=org.apache.hadoop.http.lib.StaticUserWebFilter$StaticUserFilter) to context logs
2019-06-14 07:26:00,067 INFO  http.HttpServer2 (HttpServer2.java:bindListener(1191)) - Jetty bound to port 44635
2019-06-14 07:26:00,067 INFO  server.Server (Server.java:doStart(351)) - jetty-9.3.24.v20180605, build timestamp: 2018-06-05T17:11:56Z, git hash: 84205aa28f11a4f31f2a3b86d1bba2cc8ab69827
2019-06-14 07:26:00,070 INFO  handler.ContextHandler (ContextHandler.java:doStart(781)) - Started o.e.j.s.ServletContextHandler@147cc940{/logs,file:///opt/src/hadoop-ozone/integration-test/target/log,AVAILABLE}
2019-06-14 07:26:00,074 INFO  handler.ContextHandler (ContextHandler.java:doStart(781)) - Started o.e.j.s.ServletContextHandler@70c29356{/static,jar:file:/root/.m2/repository/org/apache/hadoop/hadoop-hdds-container-service/0.5.0-SNAPSHOT/hadoop-hdds-container-service-0.5.0-SNAPSHOT.jar!/webapps/static,AVAILABLE}
2019-06-14 07:26:00,107 INFO  handler.ContextHandler (ContextHandler.java:doStart(781)) - Started o.e.j.w.WebAppContext@78116659{/,file:///tmp/jetty-0.0.0.0-44635-hddsDatanode-_-any-6673882896585294840.dir/webapp/,AVAILABLE}{/hddsDatanode}
2019-06-14 07:26:00,108 INFO  server.AbstractConnector (AbstractConnector.java:doStart(278)) - Started ServerConnector@712e787e{HTTP/1.1,[http/1.1]}{0.0.0.0:44635}
2019-06-14 07:26:00,109 INFO  server.Server (Server.java:doStart(419)) - Started @6651ms
2019-06-14 07:26:00,109 INFO  server.BaseHttpServer (BaseHttpServer.java:updateConnectorAddress(207)) - HTTP server of HDDSDATANODE is listening at http://0.0.0.0:44635
2019-06-14 07:26:00,288 INFO  ozone.HddsDatanodeService (HddsDatanodeService.java:startPlugins(396)) - Started plug-in org.apache.hadoop.ozone.web.OzoneHddsDatanodeService@1cde374
2019-06-14 07:26:00,289 INFO  ozone.MiniOzoneClusterImpl (MiniOzoneClusterImpl.java:lambda$waitForClusterToBeReady$0(142)) - Waiting for cluster to be ready. Got 0 of 6 DN Heartbeats.
2019-06-14 07:26:00,299 INFO  datanode.InitDatanodeState (InitDatanodeState.java:persistContainerDatanodeDetails(140)) - DatanodeDetails is persisted to /opt/src/hadoop-ozone/integration-test/target/test-dir/MiniOzoneClusterImpl-79c289e9-76b1-49c6-a5ef-eeb8d3eba706/datanode-5/meta/datanode.id
2019-06-14 07:26:00,300 INFO  util.JvmPauseMonitor (JvmPauseMonitor.java:run(188)) - Starting JVM pause monitor
2019-06-14 07:26:00,877 INFO  ozoneimpl.OzoneContainer (OzoneContainer.java:start(186)) - Attempting to start container services.
2019-06-14 07:26:00,877 INFO  ozoneimpl.OzoneContainer (OzoneContainer.java:startContainerScrub(160)) - Background container scrubber has been disabled by hdds.containerscrub.enabled
2019-06-14 07:26:00,877 INFO  ratis.XceiverServerRatis (XceiverServerRatis.java:start(418)) - Starting XceiverServerRatis 371e1b82-4bb4-4d16-b49f-6a899c3b1813 at port 38433
2019-06-14 07:26:00,896 INFO  impl.RaftServerProxy (RaftServerProxy.java:lambda$start$3(299)) - 371e1b82-4bb4-4d16-b49f-6a899c3b1813: start RPC server
2019-06-14 07:26:01,042 INFO  server.GrpcService (GrpcService.java:startImpl(148)) - 371e1b82-4bb4-4d16-b49f-6a899c3b1813: GrpcService started, listening on 0.0.0.0/0.0.0.0:38433
2019-06-14 07:26:01,225 INFO  ozoneimpl.OzoneContainer (OzoneContainer.java:start(186)) - Attempting to start container services.
2019-06-14 07:26:01,226 INFO  ozoneimpl.OzoneContainer (OzoneContainer.java:startContainerScrub(160)) - Background container scrubber has been disabled by hdds.containerscrub.enabled
2019-06-14 07:26:01,227 INFO  ratis.XceiverServerRatis (XceiverServerRatis.java:start(418)) - Starting XceiverServerRatis 2b6ff1cc-5264-4550-aebe-6eb6284ff5e6 at port 44205
2019-06-14 07:26:01,246 INFO  impl.RaftServerProxy (RaftServerProxy.java:lambda$start$3(299)) - 2b6ff1cc-5264-4550-aebe-6eb6284ff5e6: start RPC server
2019-06-14 07:26:01,249 INFO  server.GrpcService (GrpcService.java:startImpl(148)) - 2b6ff1cc-5264-4550-aebe-6eb6284ff5e6: GrpcService started, listening on 0.0.0.0/0.0.0.0:44205
2019-06-14 07:26:01,289 INFO  ozone.MiniOzoneClusterImpl (MiniOzoneClusterImpl.java:lambda$waitForClusterToBeReady$0(142)) - Waiting for cluster to be ready. Got 0 of 6 DN Heartbeats.
2019-06-14 07:26:01,537 INFO  ozoneimpl.OzoneContainer (OzoneContainer.java:start(186)) - Attempting to start container services.
2019-06-14 07:26:01,539 INFO  ozoneimpl.OzoneContainer (OzoneContainer.java:startContainerScrub(160)) - Background container scrubber has been disabled by hdds.containerscrub.enabled
2019-06-14 07:26:01,539 INFO  ratis.XceiverServerRatis (XceiverServerRatis.java:start(418)) - Starting XceiverServerRatis bab19ad0-87c4-4447-b53a-8abfd9d3caec at port 33745
2019-06-14 07:26:01,548 INFO  impl.RaftServerProxy (RaftServerProxy.java:lambda$start$3(299)) - bab19ad0-87c4-4447-b53a-8abfd9d3caec: start RPC server
2019-06-14 07:26:01,550 INFO  server.GrpcService (GrpcService.java:startImpl(148)) - bab19ad0-87c4-4447-b53a-8abfd9d3caec: GrpcService started, listening on 0.0.0.0/0.0.0.0:33745
2019-06-14 07:26:01,781 INFO  ozoneimpl.OzoneContainer (OzoneContainer.java:start(186)) - Attempting to start container services.
2019-06-14 07:26:01,783 INFO  ozoneimpl.OzoneContainer (OzoneContainer.java:startContainerScrub(160)) - Background container scrubber has been disabled by hdds.containerscrub.enabled
2019-06-14 07:26:01,783 INFO  ratis.XceiverServerRatis (XceiverServerRatis.java:start(418)) - Starting XceiverServerRatis e0faf7f7-9837-41e7-8619-31070b52ea1e at port 34435
2019-06-14 07:26:01,790 INFO  impl.RaftServerProxy (RaftServerProxy.java:lambda$start$3(299)) - e0faf7f7-9837-41e7-8619-31070b52ea1e: start RPC server
2019-06-14 07:26:01,793 INFO  server.GrpcService (GrpcService.java:startImpl(148)) - e0faf7f7-9837-41e7-8619-31070b52ea1e: GrpcService started, listening on 0.0.0.0/0.0.0.0:34435
2019-06-14 07:26:02,045 INFO  ozoneimpl.OzoneContainer (OzoneContainer.java:start(186)) - Attempting to start container services.
2019-06-14 07:26:02,048 INFO  ozoneimpl.OzoneContainer (OzoneContainer.java:startContainerScrub(160)) - Background container scrubber has been disabled by hdds.containerscrub.enabled
2019-06-14 07:26:02,048 INFO  ratis.XceiverServerRatis (XceiverServerRatis.java:start(418)) - Starting XceiverServerRatis 8aab86ba-9ab1-411a-af44-42b5edcd785f at port 33655
2019-06-14 07:26:02,053 INFO  impl.RaftServerProxy (RaftServerProxy.java:lambda$start$3(299)) - 8aab86ba-9ab1-411a-af44-42b5edcd785f: start RPC server
2019-06-14 07:26:02,056 INFO  server.GrpcService (GrpcService.java:startImpl(148)) - 8aab86ba-9ab1-411a-af44-42b5edcd785f: GrpcService started, listening on 0.0.0.0/0.0.0.0:33655
2019-06-14 07:26:02,289 INFO  ozone.MiniOzoneClusterImpl (MiniOzoneClusterImpl.java:lambda$waitForClusterToBeReady$0(142)) - Waiting for cluster to be ready. Got 0 of 6 DN Heartbeats.
2019-06-14 07:26:02,303 INFO  ozoneimpl.OzoneContainer (OzoneContainer.java:start(186)) - Attempting to start container services.
2019-06-14 07:26:02,305 INFO  ozoneimpl.OzoneContainer (OzoneContainer.java:startContainerScrub(160)) - Background container scrubber has been disabled by hdds.containerscrub.enabled
2019-06-14 07:26:02,305 INFO  ratis.XceiverServerRatis (XceiverServerRatis.java:start(418)) - Starting XceiverServerRatis 0d0ffc56-b9be-4108-96bb-c547ba93e871 at port 36247
2019-06-14 07:26:02,310 INFO  impl.RaftServerProxy (RaftServerProxy.java:lambda$start$3(299)) - 0d0ffc56-b9be-4108-96bb-c547ba93e871: start RPC server
2019-06-14 07:26:02,313 INFO  server.GrpcService (GrpcService.java:startImpl(148)) - 0d0ffc56-b9be-4108-96bb-c547ba93e871: GrpcService started, listening on 0.0.0.0/0.0.0.0:36247
2019-06-14 07:26:02,884 INFO  node.SCMNodeManager (SCMNodeManager.java:register(234)) - Registered Data node : 371e1b82-4bb4-4d16-b49f-6a899c3b1813{ip: 192.168.134.69, host: ozone-tm9qp-197714850, networkLocation: /default-rack, certSerialId: null}
2019-06-14 07:26:02,886 INFO  safemode.SCMSafeModeManager (DataNodeSafeModeRule.java:process(71)) - SCM in safe mode. 1 DataNodes registered, 1 required.
2019-06-14 07:26:02,887 INFO  safemode.SCMSafeModeManager (SCMSafeModeManager.java:validateSafeModeExitRules(177)) - ScmSafeModeManager, all rules are successfully validated
2019-06-14 07:26:02,888 INFO  safemode.SCMSafeModeManager (SCMSafeModeManager.java:exitSafeMode(193)) - SCM exiting safe mode.
2019-06-14 07:26:03,221 INFO  node.SCMNodeManager (SCMNodeManager.java:register(234)) - Registered Data node : 2b6ff1cc-5264-4550-aebe-6eb6284ff5e6{ip: 192.168.134.69, host: ozone-tm9qp-197714850, networkLocation: /default-rack, certSerialId: null}
2019-06-14 07:26:03,290 INFO  ozone.MiniOzoneClusterImpl (MiniOzoneClusterImpl.java:lambda$waitForClusterToBeReady$0(142)) - Waiting for cluster to be ready. Got 2 of 6 DN Heartbeats.
2019-06-14 07:26:03,402 INFO  impl.RaftServerProxy (RaftServerProxy.java:addNew(89)) - 371e1b82-4bb4-4d16-b49f-6a899c3b1813: addNew group-3FC7F135331F:[371e1b82-4bb4-4d16-b49f-6a899c3b1813:192.168.134.69:38433] returns group-3FC7F135331F:java.util.concurrent.CompletableFuture@7c0f457f[Not completed]
2019-06-14 07:26:03,406 INFO  impl.RaftServerImpl (RaftServerImpl.java:<init>(91)) - 371e1b82-4bb4-4d16-b49f-6a899c3b1813: new RaftServerImpl for group-3FC7F135331F:[371e1b82-4bb4-4d16-b49f-6a899c3b1813:192.168.134.69:38433] with ContainerStateMachine:uninitialized
2019-06-14 07:26:03,407 INFO  server.RaftServerConfigKeys (ConfUtils.java:logGet(43)) - raft.server.rpc.timeout.min = 1s (custom)
2019-06-14 07:26:03,407 INFO  server.RaftServerConfigKeys (ConfUtils.java:logGet(43)) - raft.server.rpc.timeout.max = 1200ms (custom)
2019-06-14 07:26:03,408 INFO  server.RaftServerConfigKeys (ConfUtils.java:logGet(43)) - raft.server.rpcslowness.timeout = 10s (custom)
2019-06-14 07:26:03,408 INFO  server.RaftServerConfigKeys (ConfUtils.java:logGet(43)) - raft.server.log.appender.install.snapshot.enabled = true (default)
2019-06-14 07:26:03,413 INFO  impl.RaftServerImpl (ServerState.java:<init>(101)) - 371e1b82-4bb4-4d16-b49f-6a899c3b1813:group-3FC7F135331F ConfigurationManager, init=-1: [371e1b82-4bb4-4d16-b49f-6a899c3b1813:192.168.134.69:38433], old=null, confs=<EMPTY_MAP>
2019-06-14 07:26:03,413 INFO  server.RaftServerConfigKeys (ConfUtils.java:logGet(43)) - raft.server.storage.dir = [/opt/src/hadoop-ozone/integration-test/target/test-dir/MiniOzoneClusterImpl-79c289e9-76b1-49c6-a5ef-eeb8d3eba706/datanode-0/data/ratis] (custom)
2019-06-14 07:26:03,420 INFO  storage.RaftStorageDirectory (RaftStorageDirectory.java:analyzeStorage(246)) - The storage directory /opt/src/hadoop-ozone/integration-test/target/test-dir/MiniOzoneClusterImpl-79c289e9-76b1-49c6-a5ef-eeb8d3eba706/datanode-0/data/ratis/5f099d0a-110f-4414-969c-3fc7f135331f does not exist. Creating ...
2019-06-14 07:26:03,427 INFO  storage.RaftStorageDirectory (RaftStorageDirectory.java:tryLock(328)) - Lock on /opt/src/hadoop-ozone/integration-test/target/test-dir/MiniOzoneClusterImpl-79c289e9-76b1-49c6-a5ef-eeb8d3eba706/datanode-0/data/ratis/5f099d0a-110f-4414-969c-3fc7f135331f/in_use.lock acquired by nodename 10214@ozone-tm9qp-197714850
2019-06-14 07:26:03,431 INFO  storage.RaftStorage (RaftStorage.java:format(75)) - Storage directory /opt/src/hadoop-ozone/integration-test/target/test-dir/MiniOzoneClusterImpl-79c289e9-76b1-49c6-a5ef-eeb8d3eba706/datanode-0/data/ratis/5f099d0a-110f-4414-969c-3fc7f135331f has been successfully formatted.
2019-06-14 07:26:03,433 INFO  ratis.ContainerStateMachine (ContainerStateMachine.java:loadSnapshot(199)) - The snapshot info is null.Setting the last applied index to:(t:0, i:~)
2019-06-14 07:26:03,433 INFO  server.RaftServerConfigKeys (ConfUtils.java:logGet(43)) - raft.server.leader.election.timeout = 10s (custom)
2019-06-14 07:26:03,587 INFO  server.RaftServerConfigKeys (ConfUtils.java:logGet(43)) - raft.server.log.use.memory = false (default)
2019-06-14 07:26:03,587 INFO  node.SCMNodeManager (SCMNodeManager.java:register(234)) - Registered Data node : bab19ad0-87c4-4447-b53a-8abfd9d3caec{ip: 192.168.134.69, host: ozone-tm9qp-197714850, networkLocation: /default-rack, certSerialId: null}
2019-06-14 07:26:03,590 INFO  server.RaftServerConfigKeys (ConfUtils.java:logGet(43)) - raft.server.log.appender.buffer.byte-limit = 33554432 (custom)
2019-06-14 07:26:03,594 INFO  server.RaftServerConfigKeys (ConfUtils.java:logGet(43)) - raft.server.log.segment.size.max = 16384 (custom)
2019-06-14 07:26:03,598 INFO  server.RaftServerConfigKeys (ConfUtils.java:logGet(43)) - raft.server.log.segment.cache.num.max = 2 (custom)
2019-06-14 07:26:03,602 INFO  storage.RaftLogWorker (RaftLogWorker.java:<init>(123)) - new 371e1b82-4bb4-4d16-b49f-6a899c3b1813-RaftLogWorker for Storage Directory /opt/src/hadoop-ozone/integration-test/target/test-dir/MiniOzoneClusterImpl-79c289e9-76b1-49c6-a5ef-eeb8d3eba706/datanode-0/data/ratis/5f099d0a-110f-4414-969c-3fc7f135331f
2019-06-14 07:26:03,602 INFO  server.RaftServerConfigKeys (ConfUtils.java:logGet(43)) - raft.server.log.queue.byte-limit = 2147483647 (custom)
2019-06-14 07:26:03,603 INFO  server.RaftServerConfigKeys (ConfUtils.java:logGet(43)) - raft.server.log.queue.element-limit = 1024 (custom)
2019-06-14 07:26:03,605 INFO  server.RaftServerConfigKeys (ConfUtils.java:logGet(43)) - raft.server.log.segment.size.max = 16384 (custom)
2019-06-14 07:26:03,605 INFO  server.RaftServerConfigKeys (ConfUtils.java:logGet(43)) - raft.server.log.preallocated.size = 16384 (custom)
2019-06-14 07:26:03,605 INFO  server.RaftServerConfigKeys (ConfUtils.java:logGet(43)) - raft.server.log.write.buffer.size = 33554432 (custom)
2019-06-14 07:26:03,606 INFO  server.RaftServerConfigKeys (ConfUtils.java:logGet(43)) - raft.server.log.force.sync.num = 128 (default)
2019-06-14 07:26:03,607 INFO  server.RaftServerConfigKeys (ConfUtils.java:logGet(43)) - raft.server.log.statemachine.data.sync = true (default)
2019-06-14 07:26:03,607 INFO  server.RaftServerConfigKeys (ConfUtils.java:logGet(43)) - raft.server.log.statemachine.data.sync.timeout = 10s (default)
2019-06-14 07:26:03,607 INFO  server.RaftServerConfigKeys (ConfUtils.java:logGet(43)) - raft.server.log.statemachine.data.sync.timeout.retry = -1 (default)
2019-06-14 07:26:03,610 INFO  server.RaftServerConfigKeys (ConfUtils.java:logGet(43)) - raft.server.log.statemachine.data.caching.enabled = true (custom)
2019-06-14 07:26:03,616 INFO  server.RaftServerConfigKeys (ConfUtils.java:logGet(43)) - raft.server.snapshot.auto.trigger.enabled = true (custom)
2019-06-14 07:26:03,617 INFO  server.RaftServerConfigKeys (ConfUtils.java:logGet(43)) - raft.server.snapshot.auto.trigger.threshold = 10000 (custom)
2019-06-14 07:26:03,617 INFO  server.RaftServerConfigKeys (ConfUtils.java:logGet(43)) - raft.server.retrycache.expirytime = 600000ms (custom)
2019-06-14 07:26:03,633 INFO  impl.RaftServerImpl (RaftServerImpl.java:start(173)) - 371e1b82-4bb4-4d16-b49f-6a899c3b1813: start group-3FC7F135331F
2019-06-14 07:26:03,634 INFO  impl.RaftServerImpl (RaftServerImpl.java:setRole(164)) - 371e1b82-4bb4-4d16-b49f-6a899c3b1813:group-3FC7F135331F changes role from null to FOLLOWER at term 0 for startAsFollower
2019-06-14 07:26:03,635 INFO  impl.RoleInfo (RoleInfo.java:updateAndGet(143)) - 371e1b82-4bb4-4d16-b49f-6a899c3b1813: start FollowerState
2019-06-14 07:26:03,639 INFO  util.JmxRegister (JmxRegister.java:tryRegister(44)) - Successfully registered JMX Bean with object name Ratis:service=RaftServer,group=group-3FC7F135331F,id=371e1b82-4bb4-4d16-b49f-6a899c3b1813
2019-06-14 07:26:03,689 INFO  pipeline.PipelineStateManager (PipelineStateManager.java:addPipeline(56)) - Created pipeline Pipeline[ Id: 5f099d0a-110f-4414-969c-3fc7f135331f, Nodes: 371e1b82-4bb4-4d16-b49f-6a899c3b1813{ip: 192.168.134.69, host: ozone-tm9qp-197714850, networkLocation: /default-rack, certSerialId: null}, Type:RATIS, Factor:ONE, State:OPEN]
2019-06-14 07:26:03,712 INFO  impl.RaftServerProxy (RaftServerProxy.java:addNew(89)) - 2b6ff1cc-5264-4550-aebe-6eb6284ff5e6: addNew group-FC97A06E5E46:[2b6ff1cc-5264-4550-aebe-6eb6284ff5e6:192.168.134.69:44205] returns group-FC97A06E5E46:java.util.concurrent.CompletableFuture@7269a7ba[Not completed]
2019-06-14 07:26:03,713 INFO  impl.RaftServerImpl (RaftServerImpl.java:<init>(91)) - 2b6ff1cc-5264-4550-aebe-6eb6284ff5e6: new RaftServerImpl for group-FC97A06E5E46:[2b6ff1cc-5264-4550-aebe-6eb6284ff5e6:192.168.134.69:44205] with ContainerStateMachine:uninitialized
2019-06-14 07:26:03,714 INFO  server.RaftServerConfigKeys (ConfUtils.java:logGet(43)) - raft.server.rpc.timeout.min = 1s (custom)
2019-06-14 07:26:03,714 INFO  server.RaftServerConfigKeys (ConfUtils.java:logGet(43)) - raft.server.rpc.timeout.max = 1200ms (custom)
2019-06-14 07:26:03,714 INFO  server.RaftServerConfigKeys (ConfUtils.java:logGet(43)) - raft.server.rpcslowness.timeout = 10s (custom)
2019-06-14 07:26:03,714 INFO  server.RaftServerConfigKeys (ConfUtils.java:logGet(43)) - raft.server.log.appender.install.snapshot.enabled = true (default)
2019-06-14 07:26:03,714 INFO  impl.RaftServerImpl (ServerState.java:<init>(101)) - 2b6ff1cc-5264-4550-aebe-6eb6284ff5e6:group-FC97A06E5E46 ConfigurationManager, init=-1: [2b6ff1cc-5264-4550-aebe-6eb6284ff5e6:192.168.134.69:44205], old=null, confs=<EMPTY_MAP>
2019-06-14 07:26:03,714 INFO  server.RaftServerConfigKeys (ConfUtils.java:logGet(43)) - raft.server.storage.dir = [/opt/src/hadoop-ozone/integration-test/target/test-dir/MiniOzoneClusterImpl-79c289e9-76b1-49c6-a5ef-eeb8d3eba706/datanode-1/data/ratis] (custom)
2019-06-14 07:26:03,715 INFO  storage.RaftStorageDirectory (RaftStorageDirectory.java:analyzeStorage(246)) - The storage directory /opt/src/hadoop-ozone/integration-test/target/test-dir/MiniOzoneClusterImpl-79c289e9-76b1-49c6-a5ef-eeb8d3eba706/datanode-1/data/ratis/6abb0fbc-1179-4966-b177-fc97a06e5e46 does not exist. Creating ...
2019-06-14 07:26:03,723 INFO  storage.RaftStorageDirectory (RaftStorageDirectory.java:tryLock(328)) - Lock on /opt/src/hadoop-ozone/integration-test/target/test-dir/MiniOzoneClusterImpl-79c289e9-76b1-49c6-a5ef-eeb8d3eba706/datanode-1/data/ratis/6abb0fbc-1179-4966-b177-fc97a06e5e46/in_use.lock acquired by nodename 10214@ozone-tm9qp-197714850
2019-06-14 07:26:03,726 INFO  storage.RaftStorage (RaftStorage.java:format(75)) - Storage directory /opt/src/hadoop-ozone/integration-test/target/test-dir/MiniOzoneClusterImpl-79c289e9-76b1-49c6-a5ef-eeb8d3eba706/datanode-1/data/ratis/6abb0fbc-1179-4966-b177-fc97a06e5e46 has been successfully formatted.
2019-06-14 07:26:03,726 INFO  ratis.ContainerStateMachine (ContainerStateMachine.java:loadSnapshot(199)) - The snapshot info is null.Setting the last applied index to:(t:0, i:~)
2019-06-14 07:26:03,726 INFO  server.RaftServerConfigKeys (ConfUtils.java:logGet(43)) - raft.server.leader.election.timeout = 10s (custom)
2019-06-14 07:26:03,726 INFO  server.RaftServerConfigKeys (ConfUtils.java:logGet(43)) - raft.server.log.use.memory = false (default)
2019-06-14 07:26:03,726 INFO  server.RaftServerConfigKeys (ConfUtils.java:logGet(43)) - raft.server.log.appender.buffer.byte-limit = 33554432 (custom)
2019-06-14 07:26:03,726 INFO  server.RaftServerConfigKeys (ConfUtils.java:logGet(43)) - raft.server.log.segment.size.max = 16384 (custom)
2019-06-14 07:26:03,726 INFO  server.RaftServerConfigKeys (ConfUtils.java:logGet(43)) - raft.server.log.segment.cache.num.max = 2 (custom)
2019-06-14 07:26:03,726 INFO  storage.RaftLogWorker (RaftLogWorker.java:<init>(123)) - new 2b6ff1cc-5264-4550-aebe-6eb6284ff5e6-RaftLogWorker for Storage Directory /opt/src/hadoop-ozone/integration-test/target/test-dir/MiniOzoneClusterImpl-79c289e9-76b1-49c6-a5ef-eeb8d3eba706/datanode-1/data/ratis/6abb0fbc-1179-4966-b177-fc97a06e5e46
2019-06-14 07:26:03,727 INFO  server.RaftServerConfigKeys (ConfUtils.java:logGet(43)) - raft.server.log.queue.byte-limit = 2147483647 (custom)
2019-06-14 07:26:03,727 INFO  server.RaftServerConfigKeys (ConfUtils.java:logGet(43)) - raft.server.log.queue.element-limit = 1024 (custom)
2019-06-14 07:26:03,728 INFO  server.RaftServerConfigKeys (ConfUtils.java:logGet(43)) - raft.server.log.segment.size.max = 16384 (custom)
2019-06-14 07:26:03,728 INFO  server.RaftServerConfigKeys (ConfUtils.java:logGet(43)) - raft.server.log.preallocated.size = 16384 (custom)
2019-06-14 07:26:03,728 INFO  server.RaftServerConfigKeys (ConfUtils.java:logGet(43)) - raft.server.log.write.buffer.size = 33554432 (custom)
2019-06-14 07:26:03,728 INFO  server.RaftServerConfigKeys (ConfUtils.java:logGet(43)) - raft.server.log.force.sync.num = 128 (default)
2019-06-14 07:26:03,728 INFO  server.RaftServerConfigKeys (ConfUtils.java:logGet(43)) - raft.server.log.statemachine.data.sync = true (default)
2019-06-14 07:26:03,728 INFO  server.RaftServerConfigKeys (ConfUtils.java:logGet(43)) - raft.server.log.statemachine.data.sync.timeout = 10s (default)
2019-06-14 07:26:03,728 INFO  server.RaftServerConfigKeys (ConfUtils.java:logGet(43)) - raft.server.log.statemachine.data.sync.timeout.retry = -1 (default)
2019-06-14 07:26:03,728 INFO  server.RaftServerConfigKeys (ConfUtils.java:logGet(43)) - raft.server.log.statemachine.data.caching.enabled = true (custom)
2019-06-14 07:26:03,728 INFO  server.RaftServerConfigKeys (ConfUtils.java:logGet(43)) - raft.server.snapshot.auto.trigger.enabled = true (custom)
2019-06-14 07:26:03,729 INFO  server.RaftServerConfigKeys (ConfUtils.java:logGet(43)) - raft.server.snapshot.auto.trigger.threshold = 10000 (custom)
2019-06-14 07:26:03,729 INFO  server.RaftServerConfigKeys (ConfUtils.java:logGet(43)) - raft.server.retrycache.expirytime = 600000ms (custom)
2019-06-14 07:26:03,729 INFO  impl.RaftServerImpl (RaftServerImpl.java:start(173)) - 2b6ff1cc-5264-4550-aebe-6eb6284ff5e6: start group-FC97A06E5E46
2019-06-14 07:26:03,729 INFO  impl.RaftServerImpl (RaftServerImpl.java:setRole(164)) - 2b6ff1cc-5264-4550-aebe-6eb6284ff5e6:group-FC97A06E5E46 changes role from null to FOLLOWER at term 0 for startAsFollower
2019-06-14 07:26:03,729 INFO  impl.RoleInfo (RoleInfo.java:updateAndGet(143)) - 2b6ff1cc-5264-4550-aebe-6eb6284ff5e6: start FollowerState
2019-06-14 07:26:03,730 INFO  util.JmxRegister (JmxRegister.java:tryRegister(44)) - Successfully registered JMX Bean with object name Ratis:service=RaftServer,group=group-FC97A06E5E46,id=2b6ff1cc-5264-4550-aebe-6eb6284ff5e6
2019-06-14 07:26:03,741 INFO  pipeline.PipelineStateManager (PipelineStateManager.java:addPipeline(56)) - Created pipeline Pipeline[ Id: 6abb0fbc-1179-4966-b177-fc97a06e5e46, Nodes: 2b6ff1cc-5264-4550-aebe-6eb6284ff5e6{ip: 192.168.134.69, host: ozone-tm9qp-197714850, networkLocation: /default-rack, certSerialId: null}, Type:RATIS, Factor:ONE, State:OPEN]
2019-06-14 07:26:03,758 INFO  impl.RaftServerProxy (RaftServerProxy.java:addNew(89)) - bab19ad0-87c4-4447-b53a-8abfd9d3caec: addNew group-B5684AE1FC3A:[bab19ad0-87c4-4447-b53a-8abfd9d3caec:192.168.134.69:33745] returns group-B5684AE1FC3A:java.util.concurrent.CompletableFuture@230a9a7c[Not completed]
2019-06-14 07:26:03,788 INFO  impl.RaftServerImpl (RaftServerImpl.java:<init>(91)) - bab19ad0-87c4-4447-b53a-8abfd9d3caec: new RaftServerImpl for group-B5684AE1FC3A:[bab19ad0-87c4-4447-b53a-8abfd9d3caec:192.168.134.69:33745] with ContainerStateMachine:uninitialized
2019-06-14 07:26:03,788 INFO  server.RaftServerConfigKeys (ConfUtils.java:logGet(43)) - raft.server.rpc.timeout.min = 1s (custom)
2019-06-14 07:26:03,789 INFO  server.RaftServerConfigKeys (ConfUtils.java:logGet(43)) - raft.server.rpc.timeout.max = 1200ms (custom)
2019-06-14 07:26:03,790 INFO  server.RaftServerConfigKeys (ConfUtils.java:logGet(43)) - raft.server.rpcslowness.timeout = 10s (custom)
2019-06-14 07:26:03,790 INFO  server.RaftServerConfigKeys (ConfUtils.java:logGet(43)) - raft.server.log.appender.install.snapshot.enabled = true (default)
2019-06-14 07:26:03,790 INFO  impl.RaftServerImpl (ServerState.java:<init>(101)) - bab19ad0-87c4-4447-b53a-8abfd9d3caec:group-B5684AE1FC3A ConfigurationManager, init=-1: [bab19ad0-87c4-4447-b53a-8abfd9d3caec:192.168.134.69:33745], old=null, confs=<EMPTY_MAP>
2019-06-14 07:26:03,790 INFO  node.SCMNodeManager (SCMNodeManager.java:register(234)) - Registered Data node : e0faf7f7-9837-41e7-8619-31070b52ea1e{ip: 192.168.134.69, host: ozone-tm9qp-197714850, networkLocation: /default-rack, certSerialId: null}
2019-06-14 07:26:03,790 INFO  server.RaftServerConfigKeys (ConfUtils.java:logGet(43)) - raft.server.storage.dir = [/opt/src/hadoop-ozone/integration-test/target/test-dir/MiniOzoneClusterImpl-79c289e9-76b1-49c6-a5ef-eeb8d3eba706/datanode-2/data/ratis] (custom)
2019-06-14 07:26:03,790 INFO  storage.RaftStorageDirectory (RaftStorageDirectory.java:analyzeStorage(246)) - The storage directory /opt/src/hadoop-ozone/integration-test/target/test-dir/MiniOzoneClusterImpl-79c289e9-76b1-49c6-a5ef-eeb8d3eba706/datanode-2/data/ratis/786c9c21-2086-434d-a342-b5684ae1fc3a does not exist. Creating ...
2019-06-14 07:26:03,797 INFO  storage.RaftStorageDirectory (RaftStorageDirectory.java:tryLock(328)) - Lock on /opt/src/hadoop-ozone/integration-test/target/test-dir/MiniOzoneClusterImpl-79c289e9-76b1-49c6-a5ef-eeb8d3eba706/datanode-2/data/ratis/786c9c21-2086-434d-a342-b5684ae1fc3a/in_use.lock acquired by nodename 10214@ozone-tm9qp-197714850
2019-06-14 07:26:03,800 INFO  storage.RaftStorage (RaftStorage.java:format(75)) - Storage directory /opt/src/hadoop-ozone/integration-test/target/test-dir/MiniOzoneClusterImpl-79c289e9-76b1-49c6-a5ef-eeb8d3eba706/datanode-2/data/ratis/786c9c21-2086-434d-a342-b5684ae1fc3a has been successfully formatted.
2019-06-14 07:26:03,801 INFO  ratis.ContainerStateMachine (ContainerStateMachine.java:loadSnapshot(199)) - The snapshot info is null.Setting the last applied index to:(t:0, i:~)
2019-06-14 07:26:03,803 INFO  server.RaftServerConfigKeys (ConfUtils.java:logGet(43)) - raft.server.leader.election.timeout = 10s (custom)
2019-06-14 07:26:03,803 INFO  server.RaftServerConfigKeys (ConfUtils.java:logGet(43)) - raft.server.log.use.memory = false (default)
2019-06-14 07:26:03,803 INFO  server.RaftServerConfigKeys (ConfUtils.java:logGet(43)) - raft.server.log.appender.buffer.byte-limit = 33554432 (custom)
2019-06-14 07:26:03,803 INFO  server.RaftServerConfigKeys (ConfUtils.java:logGet(43)) - raft.server.log.segment.size.max = 16384 (custom)
2019-06-14 07:26:03,803 INFO  server.RaftServerConfigKeys (ConfUtils.java:logGet(43)) - raft.server.log.segment.cache.num.max = 2 (custom)
2019-06-14 07:26:03,803 INFO  storage.RaftLogWorker (RaftLogWorker.java:<init>(123)) - new bab19ad0-87c4-4447-b53a-8abfd9d3caec-RaftLogWorker for Storage Directory /opt/src/hadoop-ozone/integration-test/target/test-dir/MiniOzoneClusterImpl-79c289e9-76b1-49c6-a5ef-eeb8d3eba706/datanode-2/data/ratis/786c9c21-2086-434d-a342-b5684ae1fc3a
2019-06-14 07:26:03,803 INFO  server.RaftServerConfigKeys (ConfUtils.java:logGet(43)) - raft.server.log.queue.byte-limit = 2147483647 (custom)
2019-06-14 07:26:03,804 INFO  server.RaftServerConfigKeys (ConfUtils.java:logGet(43)) - raft.server.log.queue.element-limit = 1024 (custom)
2019-06-14 07:26:03,804 INFO  server.RaftServerConfigKeys (ConfUtils.java:logGet(43)) - raft.server.log.segment.size.max = 16384 (custom)
2019-06-14 07:26:03,804 INFO  server.RaftServerConfigKeys (ConfUtils.java:logGet(43)) - raft.server.log.preallocated.size = 16384 (custom)
2019-06-14 07:26:03,804 INFO  server.RaftServerConfigKeys (ConfUtils.java:logGet(43)) - raft.server.log.write.buffer.size = 33554432 (custom)
2019-06-14 07:26:03,804 INFO  server.RaftServerConfigKeys (ConfUtils.java:logGet(43)) - raft.server.log.force.sync.num = 128 (default)
2019-06-14 07:26:03,804 INFO  server.RaftServerConfigKeys (ConfUtils.java:logGet(43)) - raft.server.log.statemachine.data.sync = true (default)
2019-06-14 07:26:03,804 INFO  server.RaftServerConfigKeys (ConfUtils.java:logGet(43)) - raft.server.log.statemachine.data.sync.timeout = 10s (default)
2019-06-14 07:26:03,804 INFO  server.RaftServerConfigKeys (ConfUtils.java:logGet(43)) - raft.server.log.statemachine.data.sync.timeout.retry = -1 (default)
2019-06-14 07:26:03,805 INFO  server.RaftServerConfigKeys (ConfUtils.java:logGet(43)) - raft.server.log.statemachine.data.caching.enabled = true (custom)
2019-06-14 07:26:03,805 INFO  server.RaftServerConfigKeys (ConfUtils.java:logGet(43)) - raft.server.snapshot.auto.trigger.enabled = true (custom)
2019-06-14 07:26:03,805 INFO  server.RaftServerConfigKeys (ConfUtils.java:logGet(43)) - raft.server.snapshot.auto.trigger.threshold = 10000 (custom)
2019-06-14 07:26:03,805 INFO  server.RaftServerConfigKeys (ConfUtils.java:logGet(43)) - raft.server.retrycache.expirytime = 600000ms (custom)
2019-06-14 07:26:03,805 INFO  impl.RaftServerImpl (RaftServerImpl.java:start(173)) - bab19ad0-87c4-4447-b53a-8abfd9d3caec: start group-B5684AE1FC3A
2019-06-14 07:26:03,806 INFO  impl.RaftServerImpl (RaftServerImpl.java:setRole(164)) - bab19ad0-87c4-4447-b53a-8abfd9d3caec:group-B5684AE1FC3A changes role from null to FOLLOWER at term 0 for startAsFollower
2019-06-14 07:26:03,806 INFO  impl.RoleInfo (RoleInfo.java:updateAndGet(143)) - bab19ad0-87c4-4447-b53a-8abfd9d3caec: start FollowerState
2019-06-14 07:26:03,806 INFO  util.JmxRegister (JmxRegister.java:tryRegister(44)) - Successfully registered JMX Bean with object name Ratis:service=RaftServer,group=group-B5684AE1FC3A,id=bab19ad0-87c4-4447-b53a-8abfd9d3caec
2019-06-14 07:26:03,825 INFO  pipeline.PipelineStateManager (PipelineStateManager.java:addPipeline(56)) - Created pipeline Pipeline[ Id: 786c9c21-2086-434d-a342-b5684ae1fc3a, Nodes: bab19ad0-87c4-4447-b53a-8abfd9d3caec{ip: 192.168.134.69, host: ozone-tm9qp-197714850, networkLocation: /default-rack, certSerialId: null}, Type:RATIS, Factor:ONE, State:OPEN]
2019-06-14 07:26:03,850 INFO  impl.RaftServerProxy (RaftServerProxy.java:addNew(89)) - e0faf7f7-9837-41e7-8619-31070b52ea1e: addNew group-F05C4D40F6E0:[e0faf7f7-9837-41e7-8619-31070b52ea1e:192.168.134.69:34435] returns group-F05C4D40F6E0:java.util.concurrent.CompletableFuture@5780f511[Not completed]
2019-06-14 07:26:03,853 INFO  impl.RaftServerImpl (RaftServerImpl.java:<init>(91)) - e0faf7f7-9837-41e7-8619-31070b52ea1e: new RaftServerImpl for group-F05C4D40F6E0:[e0faf7f7-9837-41e7-8619-31070b52ea1e:192.168.134.69:34435] with ContainerStateMachine:uninitialized
2019-06-14 07:26:03,854 INFO  server.RaftServerConfigKeys (ConfUtils.java:logGet(43)) - raft.server.rpc.timeout.min = 1s (custom)
2019-06-14 07:26:03,854 INFO  server.RaftServerConfigKeys (ConfUtils.java:logGet(43)) - raft.server.rpc.timeout.max = 1200ms (custom)
2019-06-14 07:26:03,854 INFO  server.RaftServerConfigKeys (ConfUtils.java:logGet(43)) - raft.server.rpcslowness.timeout = 10s (custom)
2019-06-14 07:26:03,854 INFO  server.RaftServerConfigKeys (ConfUtils.java:logGet(43)) - raft.server.log.appender.install.snapshot.enabled = true (default)
2019-06-14 07:26:03,854 INFO  impl.RaftServerImpl (ServerState.java:<init>(101)) - e0faf7f7-9837-41e7-8619-31070b52ea1e:group-F05C4D40F6E0 ConfigurationManager, init=-1: [e0faf7f7-9837-41e7-8619-31070b52ea1e:192.168.134.69:34435], old=null, confs=<EMPTY_MAP>
2019-06-14 07:26:03,854 INFO  server.RaftServerConfigKeys (ConfUtils.java:logGet(43)) - raft.server.storage.dir = [/opt/src/hadoop-ozone/integration-test/target/test-dir/MiniOzoneClusterImpl-79c289e9-76b1-49c6-a5ef-eeb8d3eba706/datanode-3/data/ratis] (custom)
2019-06-14 07:26:03,854 INFO  storage.RaftStorageDirectory (RaftStorageDirectory.java:analyzeStorage(246)) - The storage directory /opt/src/hadoop-ozone/integration-test/target/test-dir/MiniOzoneClusterImpl-79c289e9-76b1-49c6-a5ef-eeb8d3eba706/datanode-3/data/ratis/adbdf9a9-a51c-4439-9f19-f05c4d40f6e0 does not exist. Creating ...
2019-06-14 07:26:03,864 INFO  storage.RaftStorageDirectory (RaftStorageDirectory.java:tryLock(328)) - Lock on /opt/src/hadoop-ozone/integration-test/target/test-dir/MiniOzoneClusterImpl-79c289e9-76b1-49c6-a5ef-eeb8d3eba706/datanode-3/data/ratis/adbdf9a9-a51c-4439-9f19-f05c4d40f6e0/in_use.lock acquired by nodename 10214@ozone-tm9qp-197714850
2019-06-14 07:26:03,872 INFO  storage.RaftStorage (RaftStorage.java:format(75)) - Storage directory /opt/src/hadoop-ozone/integration-test/target/test-dir/MiniOzoneClusterImpl-79c289e9-76b1-49c6-a5ef-eeb8d3eba706/datanode-3/data/ratis/adbdf9a9-a51c-4439-9f19-f05c4d40f6e0 has been successfully formatted.
2019-06-14 07:26:03,872 INFO  ratis.ContainerStateMachine (ContainerStateMachine.java:loadSnapshot(199)) - The snapshot info is null.Setting the last applied index to:(t:0, i:~)
2019-06-14 07:26:03,872 INFO  server.RaftServerConfigKeys (ConfUtils.java:logGet(43)) - raft.server.leader.election.timeout = 10s (custom)
2019-06-14 07:26:03,872 INFO  server.RaftServerConfigKeys (ConfUtils.java:logGet(43)) - raft.server.log.use.memory = false (default)
2019-06-14 07:26:03,872 INFO  server.RaftServerConfigKeys (ConfUtils.java:logGet(43)) - raft.server.log.appender.buffer.byte-limit = 33554432 (custom)
2019-06-14 07:26:03,873 INFO  server.RaftServerConfigKeys (ConfUtils.java:logGet(43)) - raft.server.log.segment.size.max = 16384 (custom)
2019-06-14 07:26:03,873 INFO  server.RaftServerConfigKeys (ConfUtils.java:logGet(43)) - raft.server.log.segment.cache.num.max = 2 (custom)
2019-06-14 07:26:03,873 INFO  storage.RaftLogWorker (RaftLogWorker.java:<init>(123)) - new e0faf7f7-9837-41e7-8619-31070b52ea1e-RaftLogWorker for Storage Directory /opt/src/hadoop-ozone/integration-test/target/test-dir/MiniOzoneClusterImpl-79c289e9-76b1-49c6-a5ef-eeb8d3eba706/datanode-3/data/ratis/adbdf9a9-a51c-4439-9f19-f05c4d40f6e0
2019-06-14 07:26:03,873 INFO  server.RaftServerConfigKeys (ConfUtils.java:logGet(43)) - raft.server.log.queue.byte-limit = 2147483647 (custom)
2019-06-14 07:26:03,873 INFO  server.RaftServerConfigKeys (ConfUtils.java:logGet(43)) - raft.server.log.queue.element-limit = 1024 (custom)
2019-06-14 07:26:03,873 INFO  server.RaftServerConfigKeys (ConfUtils.java:logGet(43)) - raft.server.log.segment.size.max = 16384 (custom)
2019-06-14 07:26:03,873 INFO  server.RaftServerConfigKeys (ConfUtils.java:logGet(43)) - raft.server.log.preallocated.size = 16384 (custom)
2019-06-14 07:26:03,873 INFO  server.RaftServerConfigKeys (ConfUtils.java:logGet(43)) - raft.server.log.write.buffer.size = 33554432 (custom)
2019-06-14 07:26:03,873 INFO  server.RaftServerConfigKeys (ConfUtils.java:logGet(43)) - raft.server.log.force.sync.num = 128 (default)
2019-06-14 07:26:03,873 INFO  server.RaftServerConfigKeys (ConfUtils.java:logGet(43)) - raft.server.log.statemachine.data.sync = true (default)
2019-06-14 07:26:03,873 INFO  server.RaftServerConfigKeys (ConfUtils.java:logGet(43)) - raft.server.log.statemachine.data.sync.timeout = 10s (default)
2019-06-14 07:26:03,874 INFO  server.RaftServerConfigKeys (ConfUtils.java:logGet(43)) - raft.server.log.statemachine.data.sync.timeout.retry = -1 (default)
2019-06-14 07:26:03,874 INFO  server.RaftServerConfigKeys (ConfUtils.java:logGet(43)) - raft.server.log.statemachine.data.caching.enabled = true (custom)
2019-06-14 07:26:03,875 INFO  server.RaftServerConfigKeys (ConfUtils.java:logGet(43)) - raft.server.snapshot.auto.trigger.enabled = true (custom)
2019-06-14 07:26:03,875 INFO  server.RaftServerConfigKeys (ConfUtils.java:logGet(43)) - raft.server.snapshot.auto.trigger.threshold = 10000 (custom)
2019-06-14 07:26:03,875 INFO  server.RaftServerConfigKeys (ConfUtils.java:logGet(43)) - raft.server.retrycache.expirytime = 600000ms (custom)
2019-06-14 07:26:03,875 INFO  impl.RaftServerImpl (RaftServerImpl.java:start(173)) - e0faf7f7-9837-41e7-8619-31070b52ea1e: start group-F05C4D40F6E0
2019-06-14 07:26:03,875 INFO  impl.RaftServerImpl (RaftServerImpl.java:setRole(164)) - e0faf7f7-9837-41e7-8619-31070b52ea1e:group-F05C4D40F6E0 changes role from null to FOLLOWER at term 0 for startAsFollower
2019-06-14 07:26:03,875 INFO  impl.RoleInfo (RoleInfo.java:updateAndGet(143)) - e0faf7f7-9837-41e7-8619-31070b52ea1e: start FollowerState
2019-06-14 07:26:03,876 INFO  util.JmxRegister (JmxRegister.java:tryRegister(44)) - Successfully registered JMX Bean with object name Ratis:service=RaftServer,group=group-F05C4D40F6E0,id=e0faf7f7-9837-41e7-8619-31070b52ea1e
2019-06-14 07:26:03,893 INFO  pipeline.PipelineStateManager (PipelineStateManager.java:addPipeline(56)) - Created pipeline Pipeline[ Id: adbdf9a9-a51c-4439-9f19-f05c4d40f6e0, Nodes: e0faf7f7-9837-41e7-8619-31070b52ea1e{ip: 192.168.134.69, host: ozone-tm9qp-197714850, networkLocation: /default-rack, certSerialId: null}, Type:RATIS, Factor:ONE, State:OPEN]
2019-06-14 07:26:03,946 INFO  impl.RaftServerProxy (RaftServerProxy.java:addNew(89)) - 371e1b82-4bb4-4d16-b49f-6a899c3b1813: addNew group-6D05C40EA2E3:[371e1b82-4bb4-4d16-b49f-6a899c3b1813:192.168.134.69:38433, bab19ad0-87c4-4447-b53a-8abfd9d3caec:192.168.134.69:33745, 2b6ff1cc-5264-4550-aebe-6eb6284ff5e6:192.168.134.69:44205] returns group-6D05C40EA2E3:java.util.concurrent.CompletableFuture@71fe6f7[Not completed]
2019-06-14 07:26:03,947 INFO  impl.RaftServerImpl (RaftServerImpl.java:<init>(91)) - 371e1b82-4bb4-4d16-b49f-6a899c3b1813: new RaftServerImpl for group-6D05C40EA2E3:[371e1b82-4bb4-4d16-b49f-6a899c3b1813:192.168.134.69:38433, bab19ad0-87c4-4447-b53a-8abfd9d3caec:192.168.134.69:33745, 2b6ff1cc-5264-4550-aebe-6eb6284ff5e6:192.168.134.69:44205] with ContainerStateMachine:uninitialized
2019-06-14 07:26:03,947 INFO  server.RaftServerConfigKeys (ConfUtils.java:logGet(43)) - raft.server.rpc.timeout.min = 1s (custom)
2019-06-14 07:26:03,947 INFO  server.RaftServerConfigKeys (ConfUtils.java:logGet(43)) - raft.server.rpc.timeout.max = 1200ms (custom)
2019-06-14 07:26:03,948 INFO  server.RaftServerConfigKeys (ConfUtils.java:logGet(43)) - raft.server.rpcslowness.timeout = 10s (custom)
2019-06-14 07:26:03,948 INFO  server.RaftServerConfigKeys (ConfUtils.java:logGet(43)) - raft.server.log.appender.install.snapshot.enabled = true (default)
2019-06-14 07:26:03,948 INFO  impl.RaftServerImpl (ServerState.java:<init>(101)) - 371e1b82-4bb4-4d16-b49f-6a899c3b1813:group-6D05C40EA2E3 ConfigurationManager, init=-1: [371e1b82-4bb4-4d16-b49f-6a899c3b1813:192.168.134.69:38433, bab19ad0-87c4-4447-b53a-8abfd9d3caec:192.168.134.69:33745, 2b6ff1cc-5264-4550-aebe-6eb6284ff5e6:192.168.134.69:44205], old=null, confs=<EMPTY_MAP>
2019-06-14 07:26:03,948 INFO  server.RaftServerConfigKeys (ConfUtils.java:logGet(43)) - raft.server.storage.dir = [/opt/src/hadoop-ozone/integration-test/target/test-dir/MiniOzoneClusterImpl-79c289e9-76b1-49c6-a5ef-eeb8d3eba706/datanode-0/data/ratis] (custom)
2019-06-14 07:26:03,948 INFO  storage.RaftStorageDirectory (RaftStorageDirectory.java:analyzeStorage(246)) - The storage directory /opt/src/hadoop-ozone/integration-test/target/test-dir/MiniOzoneClusterImpl-79c289e9-76b1-49c6-a5ef-eeb8d3eba706/datanode-0/data/ratis/4ead18ae-bf11-4f74-8399-6d05c40ea2e3 does not exist. Creating ...
2019-06-14 07:26:03,950 INFO  impl.RaftServerProxy (RaftServerProxy.java:addNew(89)) - bab19ad0-87c4-4447-b53a-8abfd9d3caec: addNew group-6D05C40EA2E3:[371e1b82-4bb4-4d16-b49f-6a899c3b1813:192.168.134.69:38433, bab19ad0-87c4-4447-b53a-8abfd9d3caec:192.168.134.69:33745, 2b6ff1cc-5264-4550-aebe-6eb6284ff5e6:192.168.134.69:44205] returns group-6D05C40EA2E3:java.util.concurrent.CompletableFuture@9d80864[Not completed]
2019-06-14 07:26:03,950 INFO  impl.RaftServerProxy (RaftServerProxy.java:addNew(89)) - 2b6ff1cc-5264-4550-aebe-6eb6284ff5e6: addNew group-6D05C40EA2E3:[371e1b82-4bb4-4d16-b49f-6a899c3b1813:192.168.134.69:38433, bab19ad0-87c4-4447-b53a-8abfd9d3caec:192.168.134.69:33745, 2b6ff1cc-5264-4550-aebe-6eb6284ff5e6:192.168.134.69:44205] returns group-6D05C40EA2E3:java.util.concurrent.CompletableFuture@36fc9f16[Not completed]
2019-06-14 07:26:03,950 INFO  impl.RaftServerImpl (RaftServerImpl.java:<init>(91)) - bab19ad0-87c4-4447-b53a-8abfd9d3caec: new RaftServerImpl for group-6D05C40EA2E3:[371e1b82-4bb4-4d16-b49f-6a899c3b1813:192.168.134.69:38433, bab19ad0-87c4-4447-b53a-8abfd9d3caec:192.168.134.69:33745, 2b6ff1cc-5264-4550-aebe-6eb6284ff5e6:192.168.134.69:44205] with ContainerStateMachine:uninitialized
2019-06-14 07:26:03,951 INFO  server.RaftServerConfigKeys (ConfUtils.java:logGet(43)) - raft.server.rpc.timeout.min = 1s (custom)
2019-06-14 07:26:03,951 INFO  server.RaftServerConfigKeys (ConfUtils.java:logGet(43)) - raft.server.rpc.timeout.max = 1200ms (custom)
2019-06-14 07:26:03,951 INFO  server.RaftServerConfigKeys (ConfUtils.java:logGet(43)) - raft.server.rpcslowness.timeout = 10s (custom)
2019-06-14 07:26:03,951 INFO  impl.RaftServerImpl (RaftServerImpl.java:<init>(91)) - 2b6ff1cc-5264-4550-aebe-6eb6284ff5e6: new RaftServerImpl for group-6D05C40EA2E3:[371e1b82-4bb4-4d16-b49f-6a899c3b1813:192.168.134.69:38433, bab19ad0-87c4-4447-b53a-8abfd9d3caec:192.168.134.69:33745, 2b6ff1cc-5264-4550-aebe-6eb6284ff5e6:192.168.134.69:44205] with ContainerStateMachine:uninitialized
2019-06-14 07:26:03,951 INFO  server.RaftServerConfigKeys (ConfUtils.java:logGet(43)) - raft.server.rpc.timeout.min = 1s (custom)
2019-06-14 07:26:03,951 INFO  server.RaftServerConfigKeys (ConfUtils.java:logGet(43)) - raft.server.rpc.timeout.max = 1200ms (custom)
2019-06-14 07:26:03,951 INFO  server.RaftServerConfigKeys (ConfUtils.java:logGet(43)) - raft.server.rpcslowness.timeout = 10s (custom)
2019-06-14 07:26:03,951 INFO  server.RaftServerConfigKeys (ConfUtils.java:logGet(43)) - raft.server.log.appender.install.snapshot.enabled = true (default)
2019-06-14 07:26:03,952 INFO  impl.RaftServerImpl (ServerState.java:<init>(101)) - 2b6ff1cc-5264-4550-aebe-6eb6284ff5e6:group-6D05C40EA2E3 ConfigurationManager, init=-1: [371e1b82-4bb4-4d16-b49f-6a899c3b1813:192.168.134.69:38433, bab19ad0-87c4-4447-b53a-8abfd9d3caec:192.168.134.69:33745, 2b6ff1cc-5264-4550-aebe-6eb6284ff5e6:192.168.134.69:44205], old=null, confs=<EMPTY_MAP>
2019-06-14 07:26:03,952 INFO  server.RaftServerConfigKeys (ConfUtils.java:logGet(43)) - raft.server.storage.dir = [/opt/src/hadoop-ozone/integration-test/target/test-dir/MiniOzoneClusterImpl-79c289e9-76b1-49c6-a5ef-eeb8d3eba706/datanode-1/data/ratis] (custom)
2019-06-14 07:26:03,952 INFO  storage.RaftStorageDirectory (RaftStorageDirectory.java:analyzeStorage(246)) - The storage directory /opt/src/hadoop-ozone/integration-test/target/test-dir/MiniOzoneClusterImpl-79c289e9-76b1-49c6-a5ef-eeb8d3eba706/datanode-1/data/ratis/4ead18ae-bf11-4f74-8399-6d05c40ea2e3 does not exist. Creating ...
2019-06-14 07:26:03,951 INFO  server.RaftServerConfigKeys (ConfUtils.java:logGet(43)) - raft.server.log.appender.install.snapshot.enabled = true (default)
2019-06-14 07:26:03,953 INFO  impl.RaftServerImpl (ServerState.java:<init>(101)) - bab19ad0-87c4-4447-b53a-8abfd9d3caec:group-6D05C40EA2E3 ConfigurationManager, init=-1: [371e1b82-4bb4-4d16-b49f-6a899c3b1813:192.168.134.69:38433, bab19ad0-87c4-4447-b53a-8abfd9d3caec:192.168.134.69:33745, 2b6ff1cc-5264-4550-aebe-6eb6284ff5e6:192.168.134.69:44205], old=null, confs=<EMPTY_MAP>
2019-06-14 07:26:03,953 INFO  server.RaftServerConfigKeys (ConfUtils.java:logGet(43)) - raft.server.storage.dir = [/opt/src/hadoop-ozone/integration-test/target/test-dir/MiniOzoneClusterImpl-79c289e9-76b1-49c6-a5ef-eeb8d3eba706/datanode-2/data/ratis] (custom)
2019-06-14 07:26:03,954 INFO  storage.RaftStorageDirectory (RaftStorageDirectory.java:analyzeStorage(246)) - The storage directory /opt/src/hadoop-ozone/integration-test/target/test-dir/MiniOzoneClusterImpl-79c289e9-76b1-49c6-a5ef-eeb8d3eba706/datanode-2/data/ratis/4ead18ae-bf11-4f74-8399-6d05c40ea2e3 does not exist. Creating ...
2019-06-14 07:26:03,960 INFO  storage.RaftStorageDirectory (RaftStorageDirectory.java:tryLock(328)) - Lock on /opt/src/hadoop-ozone/integration-test/target/test-dir/MiniOzoneClusterImpl-79c289e9-76b1-49c6-a5ef-eeb8d3eba706/datanode-0/data/ratis/4ead18ae-bf11-4f74-8399-6d05c40ea2e3/in_use.lock acquired by nodename 10214@ozone-tm9qp-197714850
2019-06-14 07:26:03,963 INFO  storage.RaftStorageDirectory (RaftStorageDirectory.java:tryLock(328)) - Lock on /opt/src/hadoop-ozone/integration-test/target/test-dir/MiniOzoneClusterImpl-79c289e9-76b1-49c6-a5ef-eeb8d3eba706/datanode-2/data/ratis/4ead18ae-bf11-4f74-8399-6d05c40ea2e3/in_use.lock acquired by nodename 10214@ozone-tm9qp-197714850
2019-06-14 07:26:03,963 INFO  storage.RaftStorageDirectory (RaftStorageDirectory.java:tryLock(328)) - Lock on /opt/src/hadoop-ozone/integration-test/target/test-dir/MiniOzoneClusterImpl-79c289e9-76b1-49c6-a5ef-eeb8d3eba706/datanode-1/data/ratis/4ead18ae-bf11-4f74-8399-6d05c40ea2e3/in_use.lock acquired by nodename 10214@ozone-tm9qp-197714850
2019-06-14 07:26:03,968 INFO  storage.RaftStorage (RaftStorage.java:format(75)) - Storage directory /opt/src/hadoop-ozone/integration-test/target/test-dir/MiniOzoneClusterImpl-79c289e9-76b1-49c6-a5ef-eeb8d3eba706/datanode-0/data/ratis/4ead18ae-bf11-4f74-8399-6d05c40ea2e3 has been successfully formatted.
2019-06-14 07:26:03,968 INFO  storage.RaftStorage (RaftStorage.java:format(75)) - Storage directory /opt/src/hadoop-ozone/integration-test/target/test-dir/MiniOzoneClusterImpl-79c289e9-76b1-49c6-a5ef-eeb8d3eba706/datanode-2/data/ratis/4ead18ae-bf11-4f74-8399-6d05c40ea2e3 has been successfully formatted.
2019-06-14 07:26:03,968 INFO  ratis.ContainerStateMachine (ContainerStateMachine.java:loadSnapshot(199)) - The snapshot info is null.Setting the last applied index to:(t:0, i:~)
2019-06-14 07:26:03,968 INFO  server.RaftServerConfigKeys (ConfUtils.java:logGet(43)) - raft.server.leader.election.timeout = 10s (custom)
2019-06-14 07:26:03,968 INFO  server.RaftServerConfigKeys (ConfUtils.java:logGet(43)) - raft.server.log.use.memory = false (default)
2019-06-14 07:26:03,969 INFO  storage.RaftStorage (RaftStorage.java:format(75)) - Storage directory /opt/src/hadoop-ozone/integration-test/target/test-dir/MiniOzoneClusterImpl-79c289e9-76b1-49c6-a5ef-eeb8d3eba706/datanode-1/data/ratis/4ead18ae-bf11-4f74-8399-6d05c40ea2e3 has been successfully formatted.
2019-06-14 07:26:03,969 INFO  ratis.ContainerStateMachine (ContainerStateMachine.java:loadSnapshot(199)) - The snapshot info is null.Setting the last applied index to:(t:0, i:~)
2019-06-14 07:26:03,968 INFO  ratis.ContainerStateMachine (ContainerStateMachine.java:loadSnapshot(199)) - The snapshot info is null.Setting the last applied index to:(t:0, i:~)
2019-06-14 07:26:03,969 INFO  server.RaftServerConfigKeys (ConfUtils.java:logGet(43)) - raft.server.leader.election.timeout = 10s (custom)
2019-06-14 07:26:03,969 INFO  server.RaftServerConfigKeys (ConfUtils.java:logGet(43)) - raft.server.log.use.memory = false (default)
2019-06-14 07:26:03,969 INFO  server.RaftServerConfigKeys (ConfUtils.java:logGet(43)) - raft.server.log.appender.buffer.byte-limit = 33554432 (custom)
2019-06-14 07:26:03,969 INFO  server.RaftServerConfigKeys (ConfUtils.java:logGet(43)) - raft.server.log.segment.size.max = 16384 (custom)
2019-06-14 07:26:03,970 INFO  server.RaftServerConfigKeys (ConfUtils.java:logGet(43)) - raft.server.log.segment.cache.num.max = 2 (custom)
2019-06-14 07:26:03,970 INFO  storage.RaftLogWorker (RaftLogWorker.java:<init>(123)) - new 371e1b82-4bb4-4d16-b49f-6a899c3b1813-RaftLogWorker for Storage Directory /opt/src/hadoop-ozone/integration-test/target/test-dir/MiniOzoneClusterImpl-79c289e9-76b1-49c6-a5ef-eeb8d3eba706/datanode-0/data/ratis/4ead18ae-bf11-4f74-8399-6d05c40ea2e3
2019-06-14 07:26:03,970 INFO  server.RaftServerConfigKeys (ConfUtils.java:logGet(43)) - raft.server.log.queue.byte-limit = 2147483647 (custom)
2019-06-14 07:26:03,970 INFO  server.RaftServerConfigKeys (ConfUtils.java:logGet(43)) - raft.server.log.queue.element-limit = 1024 (custom)
2019-06-14 07:26:03,969 INFO  server.RaftServerConfigKeys (ConfUtils.java:logGet(43)) - raft.server.log.appender.buffer.byte-limit = 33554432 (custom)
2019-06-14 07:26:03,969 INFO  server.RaftServerConfigKeys (ConfUtils.java:logGet(43)) - raft.server.leader.election.timeout = 10s (custom)
2019-06-14 07:26:03,970 INFO  server.RaftServerConfigKeys (ConfUtils.java:logGet(43)) - raft.server.log.segment.size.max = 16384 (custom)
2019-06-14 07:26:03,970 INFO  server.RaftServerConfigKeys (ConfUtils.java:logGet(43)) - raft.server.log.preallocated.size = 16384 (custom)
2019-06-14 07:26:03,970 INFO  server.RaftServerConfigKeys (ConfUtils.java:logGet(43)) - raft.server.log.write.buffer.size = 33554432 (custom)
2019-06-14 07:26:03,970 INFO  server.RaftServerConfigKeys (ConfUtils.java:logGet(43)) - raft.server.log.force.sync.num = 128 (default)
2019-06-14 07:26:03,971 INFO  server.RaftServerConfigKeys (ConfUtils.java:logGet(43)) - raft.server.log.statemachine.data.sync = true (default)
2019-06-14 07:26:03,970 INFO  server.RaftServerConfigKeys (ConfUtils.java:logGet(43)) - raft.server.log.use.memory = false (default)
2019-06-14 07:26:03,971 INFO  server.RaftServerConfigKeys (ConfUtils.java:logGet(43)) - raft.server.log.appender.buffer.byte-limit = 33554432 (custom)
2019-06-14 07:26:03,971 INFO  server.RaftServerConfigKeys (ConfUtils.java:logGet(43)) - raft.server.log.segment.size.max = 16384 (custom)
2019-06-14 07:26:03,971 INFO  server.RaftServerConfigKeys (ConfUtils.java:logGet(43)) - raft.server.log.segment.cache.num.max = 2 (custom)
2019-06-14 07:26:03,972 INFO  storage.RaftLogWorker (RaftLogWorker.java:<init>(123)) - new 2b6ff1cc-5264-4550-aebe-6eb6284ff5e6-RaftLogWorker for Storage Directory /opt/src/hadoop-ozone/integration-test/target/test-dir/MiniOzoneClusterImpl-79c289e9-76b1-49c6-a5ef-eeb8d3eba706/datanode-1/data/ratis/4ead18ae-bf11-4f74-8399-6d05c40ea2e3
2019-06-14 07:26:03,972 INFO  server.RaftServerConfigKeys (ConfUtils.java:logGet(43)) - raft.server.log.queue.byte-limit = 2147483647 (custom)
2019-06-14 07:26:03,972 INFO  server.RaftServerConfigKeys (ConfUtils.java:logGet(43)) - raft.server.log.queue.element-limit = 1024 (custom)
2019-06-14 07:26:03,972 INFO  server.RaftServerConfigKeys (ConfUtils.java:logGet(43)) - raft.server.log.segment.size.max = 16384 (custom)
2019-06-14 07:26:03,973 INFO  server.RaftServerConfigKeys (ConfUtils.java:logGet(43)) - raft.server.log.preallocated.size = 16384 (custom)
2019-06-14 07:26:03,973 INFO  server.RaftServerConfigKeys (ConfUtils.java:logGet(43)) - raft.server.log.write.buffer.size = 33554432 (custom)
2019-06-14 07:26:03,973 INFO  server.RaftServerConfigKeys (ConfUtils.java:logGet(43)) - raft.server.log.force.sync.num = 128 (default)
2019-06-14 07:26:03,973 INFO  server.RaftServerConfigKeys (ConfUtils.java:logGet(43)) - raft.server.log.statemachine.data.sync = true (default)
2019-06-14 07:26:03,973 INFO  server.RaftServerConfigKeys (ConfUtils.java:logGet(43)) - raft.server.log.statemachine.data.sync.timeout = 10s (default)
2019-06-14 07:26:03,973 INFO  server.RaftServerConfigKeys (ConfUtils.java:logGet(43)) - raft.server.log.statemachine.data.sync.timeout.retry = -1 (default)
2019-06-14 07:26:03,973 INFO  server.RaftServerConfigKeys (ConfUtils.java:logGet(43)) - raft.server.log.statemachine.data.caching.enabled = true (custom)
2019-06-14 07:26:03,970 INFO  server.RaftServerConfigKeys (ConfUtils.java:logGet(43)) - raft.server.log.segment.size.max = 16384 (custom)
2019-06-14 07:26:03,974 INFO  server.RaftServerConfigKeys (ConfUtils.java:logGet(43)) - raft.server.log.segment.cache.num.max = 2 (custom)
2019-06-14 07:26:03,974 INFO  storage.RaftLogWorker (RaftLogWorker.java:<init>(123)) - new bab19ad0-87c4-4447-b53a-8abfd9d3caec-RaftLogWorker for Storage Directory /opt/src/hadoop-ozone/integration-test/target/test-dir/MiniOzoneClusterImpl-79c289e9-76b1-49c6-a5ef-eeb8d3eba706/datanode-2/data/ratis/4ead18ae-bf11-4f74-8399-6d05c40ea2e3
2019-06-14 07:26:03,974 INFO  server.RaftServerConfigKeys (ConfUtils.java:logGet(43)) - raft.server.log.queue.byte-limit = 2147483647 (custom)
2019-06-14 07:26:03,974 INFO  server.RaftServerConfigKeys (ConfUtils.java:logGet(43)) - raft.server.log.queue.element-limit = 1024 (custom)
2019-06-14 07:26:03,974 INFO  server.RaftServerConfigKeys (ConfUtils.java:logGet(43)) - raft.server.log.segment.size.max = 16384 (custom)
2019-06-14 07:26:03,974 INFO  server.RaftServerConfigKeys (ConfUtils.java:logGet(43)) - raft.server.log.preallocated.size = 16384 (custom)
2019-06-14 07:26:03,975 INFO  server.RaftServerConfigKeys (ConfUtils.java:logGet(43)) - raft.server.log.write.buffer.size = 33554432 (custom)
2019-06-14 07:26:03,975 INFO  server.RaftServerConfigKeys (ConfUtils.java:logGet(43)) - raft.server.log.force.sync.num = 128 (default)
2019-06-14 07:26:03,975 INFO  server.RaftServerConfigKeys (ConfUtils.java:logGet(43)) - raft.server.log.statemachine.data.sync = true (default)
2019-06-14 07:26:03,975 INFO  server.RaftServerConfigKeys (ConfUtils.java:logGet(43)) - raft.server.log.statemachine.data.sync.timeout = 10s (default)
2019-06-14 07:26:03,975 INFO  server.RaftServerConfigKeys (ConfUtils.java:logGet(43)) - raft.server.log.statemachine.data.sync.timeout.retry = -1 (default)
2019-06-14 07:26:03,975 INFO  server.RaftServerConfigKeys (ConfUtils.java:logGet(43)) - raft.server.log.statemachine.data.sync.timeout = 10s (default)
2019-06-14 07:26:03,975 INFO  server.RaftServerConfigKeys (ConfUtils.java:logGet(43)) - raft.server.log.statemachine.data.sync.timeout.retry = -1 (default)
2019-06-14 07:26:03,975 INFO  server.RaftServerConfigKeys (ConfUtils.java:logGet(43)) - raft.server.snapshot.auto.trigger.enabled = true (custom)
2019-06-14 07:26:03,976 INFO  server.RaftServerConfigKeys (ConfUtils.java:logGet(43)) - raft.server.snapshot.auto.trigger.threshold = 10000 (custom)
2019-06-14 07:26:03,976 INFO  server.RaftServerConfigKeys (ConfUtils.java:logGet(43)) - raft.server.retrycache.expirytime = 600000ms (custom)
2019-06-14 07:26:03,976 INFO  impl.RaftServerImpl (RaftServerImpl.java:start(173)) - 2b6ff1cc-5264-4550-aebe-6eb6284ff5e6: start group-6D05C40EA2E3
2019-06-14 07:26:03,976 INFO  impl.RaftServerImpl (RaftServerImpl.java:setRole(164)) - 2b6ff1cc-5264-4550-aebe-6eb6284ff5e6:group-6D05C40EA2E3 changes role from null to FOLLOWER at term 0 for startAsFollower
2019-06-14 07:26:03,976 INFO  impl.RoleInfo (RoleInfo.java:updateAndGet(143)) - 2b6ff1cc-5264-4550-aebe-6eb6284ff5e6: start FollowerState
2019-06-14 07:26:03,977 INFO  util.JmxRegister (JmxRegister.java:tryRegister(44)) - Successfully registered JMX Bean with object name Ratis:service=RaftServer,group=group-6D05C40EA2E3,id=2b6ff1cc-5264-4550-aebe-6eb6284ff5e6
2019-06-14 07:26:03,977 INFO  server.RaftServerConfigKeys (ConfUtils.java:logGet(43)) - raft.server.log.statemachine.data.caching.enabled = true (custom)
2019-06-14 07:26:03,977 INFO  server.RaftServerConfigKeys (ConfUtils.java:logGet(43)) - raft.server.log.statemachine.data.caching.enabled = true (custom)
2019-06-14 07:26:03,977 INFO  server.RaftServerConfigKeys (ConfUtils.java:logGet(43)) - raft.server.snapshot.auto.trigger.enabled = true (custom)
2019-06-14 07:26:03,978 INFO  server.RaftServerConfigKeys (ConfUtils.java:logGet(43)) - raft.server.snapshot.auto.trigger.threshold = 10000 (custom)
2019-06-14 07:26:03,979 INFO  server.RaftServerConfigKeys (ConfUtils.java:logGet(43)) - raft.server.snapshot.auto.trigger.enabled = true (custom)
2019-06-14 07:26:03,979 INFO  server.RaftServerConfigKeys (ConfUtils.java:logGet(43)) - raft.server.snapshot.auto.trigger.threshold = 10000 (custom)
2019-06-14 07:26:03,979 INFO  server.RaftServerConfigKeys (ConfUtils.java:logGet(43)) - raft.server.retrycache.expirytime = 600000ms (custom)
2019-06-14 07:26:03,982 INFO  server.RaftServerConfigKeys (ConfUtils.java:logGet(43)) - raft.server.retrycache.expirytime = 600000ms (custom)
2019-06-14 07:26:03,982 INFO  impl.RaftServerImpl (RaftServerImpl.java:start(173)) - 371e1b82-4bb4-4d16-b49f-6a899c3b1813: start group-6D05C40EA2E3
2019-06-14 07:26:03,982 INFO  impl.RaftServerImpl (RaftServerImpl.java:setRole(164)) - 371e1b82-4bb4-4d16-b49f-6a899c3b1813:group-6D05C40EA2E3 changes role from null to FOLLOWER at term 0 for startAsFollower
2019-06-14 07:26:03,982 INFO  impl.RoleInfo (RoleInfo.java:updateAndGet(143)) - 371e1b82-4bb4-4d16-b49f-6a899c3b1813: start FollowerState
2019-06-14 07:26:03,986 INFO  util.JmxRegister (JmxRegister.java:tryRegister(44)) - Successfully registered JMX Bean with object name Ratis:service=RaftServer,group=group-6D05C40EA2E3,id=371e1b82-4bb4-4d16-b49f-6a899c3b1813
2019-06-14 07:26:03,987 INFO  impl.RaftServerImpl (RaftServerImpl.java:start(173)) - bab19ad0-87c4-4447-b53a-8abfd9d3caec: start group-6D05C40EA2E3
2019-06-14 07:26:03,987 INFO  impl.RaftServerImpl (RaftServerImpl.java:setRole(164)) - bab19ad0-87c4-4447-b53a-8abfd9d3caec:group-6D05C40EA2E3 changes role from null to FOLLOWER at term 0 for startAsFollower
2019-06-14 07:26:03,987 INFO  impl.RoleInfo (RoleInfo.java:updateAndGet(143)) - bab19ad0-87c4-4447-b53a-8abfd9d3caec: start FollowerState
2019-06-14 07:26:03,989 INFO  util.JmxRegister (JmxRegister.java:tryRegister(44)) - Successfully registered JMX Bean with object name Ratis:service=RaftServer,group=group-6D05C40EA2E3,id=bab19ad0-87c4-4447-b53a-8abfd9d3caec
2019-06-14 07:26:04,022 INFO  pipeline.PipelineStateManager (PipelineStateManager.java:addPipeline(56)) - Created pipeline Pipeline[ Id: 4ead18ae-bf11-4f74-8399-6d05c40ea2e3, Nodes: 371e1b82-4bb4-4d16-b49f-6a899c3b1813{ip: 192.168.134.69, host: ozone-tm9qp-197714850, networkLocation: /default-rack, certSerialId: null}2b6ff1cc-5264-4550-aebe-6eb6284ff5e6{ip: 192.168.134.69, host: ozone-tm9qp-197714850, networkLocation: /default-rack, certSerialId: null}bab19ad0-87c4-4447-b53a-8abfd9d3caec{ip: 192.168.134.69, host: ozone-tm9qp-197714850, networkLocation: /default-rack, certSerialId: null}, Type:RATIS, Factor:THREE, State:OPEN]
2019-06-14 07:26:04,062 INFO  node.SCMNodeManager (SCMNodeManager.java:register(234)) - Registered Data node : 8aab86ba-9ab1-411a-af44-42b5edcd785f{ip: 192.168.134.69, host: ozone-tm9qp-197714850, networkLocation: /default-rack, certSerialId: null}
2019-06-14 07:26:04,110 INFO  impl.RaftServerProxy (RaftServerProxy.java:addNew(89)) - 8aab86ba-9ab1-411a-af44-42b5edcd785f: addNew group-6E94F6D6669F:[8aab86ba-9ab1-411a-af44-42b5edcd785f:192.168.134.69:33655] returns group-6E94F6D6669F:java.util.concurrent.CompletableFuture@541bb288[Not completed]
2019-06-14 07:26:04,119 INFO  impl.RaftServerImpl (RaftServerImpl.java:<init>(91)) - 8aab86ba-9ab1-411a-af44-42b5edcd785f: new RaftServerImpl for group-6E94F6D6669F:[8aab86ba-9ab1-411a-af44-42b5edcd785f:192.168.134.69:33655] with ContainerStateMachine:uninitialized
2019-06-14 07:26:04,119 INFO  server.RaftServerConfigKeys (ConfUtils.java:logGet(43)) - raft.server.rpc.timeout.min = 1s (custom)
2019-06-14 07:26:04,119 INFO  server.RaftServerConfigKeys (ConfUtils.java:logGet(43)) - raft.server.rpc.timeout.max = 1200ms (custom)
2019-06-14 07:26:04,119 INFO  server.RaftServerConfigKeys (ConfUtils.java:logGet(43)) - raft.server.rpcslowness.timeout = 10s (custom)
2019-06-14 07:26:04,119 INFO  server.RaftServerConfigKeys (ConfUtils.java:logGet(43)) - raft.server.log.appender.install.snapshot.enabled = true (default)
2019-06-14 07:26:04,119 INFO  impl.RaftServerImpl (ServerState.java:<init>(101)) - 8aab86ba-9ab1-411a-af44-42b5edcd785f:group-6E94F6D6669F ConfigurationManager, init=-1: [8aab86ba-9ab1-411a-af44-42b5edcd785f:192.168.134.69:33655], old=null, confs=<EMPTY_MAP>
2019-06-14 07:26:04,120 INFO  server.RaftServerConfigKeys (ConfUtils.java:logGet(43)) - raft.server.storage.dir = [/opt/src/hadoop-ozone/integration-test/target/test-dir/MiniOzoneClusterImpl-79c289e9-76b1-49c6-a5ef-eeb8d3eba706/datanode-4/data/ratis] (custom)
2019-06-14 07:26:04,120 INFO  storage.RaftStorageDirectory (RaftStorageDirectory.java:analyzeStorage(246)) - The storage directory /opt/src/hadoop-ozone/integration-test/target/test-dir/MiniOzoneClusterImpl-79c289e9-76b1-49c6-a5ef-eeb8d3eba706/datanode-4/data/ratis/3aaf0f62-186c-45a5-be4f-6e94f6d6669f does not exist. Creating ...
2019-06-14 07:26:04,136 INFO  storage.RaftStorageDirectory (RaftStorageDirectory.java:tryLock(328)) - Lock on /opt/src/hadoop-ozone/integration-test/target/test-dir/MiniOzoneClusterImpl-79c289e9-76b1-49c6-a5ef-eeb8d3eba706/datanode-4/data/ratis/3aaf0f62-186c-45a5-be4f-6e94f6d6669f/in_use.lock acquired by nodename 10214@ozone-tm9qp-197714850
2019-06-14 07:26:04,139 INFO  storage.RaftStorage (RaftStorage.java:format(75)) - Storage directory /opt/src/hadoop-ozone/integration-test/target/test-dir/MiniOzoneClusterImpl-79c289e9-76b1-49c6-a5ef-eeb8d3eba706/datanode-4/data/ratis/3aaf0f62-186c-45a5-be4f-6e94f6d6669f has been successfully formatted.
2019-06-14 07:26:04,140 INFO  ratis.ContainerStateMachine (ContainerStateMachine.java:loadSnapshot(199)) - The snapshot info is null.Setting the last applied index to:(t:0, i:~)
2019-06-14 07:26:04,140 INFO  server.RaftServerConfigKeys (ConfUtils.java:logGet(43)) - raft.server.leader.election.timeout = 10s (custom)
2019-06-14 07:26:04,140 INFO  server.RaftServerConfigKeys (ConfUtils.java:logGet(43)) - raft.server.log.use.memory = false (default)
2019-06-14 07:26:04,140 INFO  server.RaftServerConfigKeys (ConfUtils.java:logGet(43)) - raft.server.log.appender.buffer.byte-limit = 33554432 (custom)
2019-06-14 07:26:04,140 INFO  server.RaftServerConfigKeys (ConfUtils.java:logGet(43)) - raft.server.log.segment.size.max = 16384 (custom)
2019-06-14 07:26:04,140 INFO  server.RaftServerConfigKeys (ConfUtils.java:logGet(43)) - raft.server.log.segment.cache.num.max = 2 (custom)
2019-06-14 07:26:04,140 INFO  storage.RaftLogWorker (RaftLogWorker.java:<init>(123)) - new 8aab86ba-9ab1-411a-af44-42b5edcd785f-RaftLogWorker for Storage Directory /opt/src/hadoop-ozone/integration-test/target/test-dir/MiniOzoneClusterImpl-79c289e9-76b1-49c6-a5ef-eeb8d3eba706/datanode-4/data/ratis/3aaf0f62-186c-45a5-be4f-6e94f6d6669f
2019-06-14 07:26:04,140 INFO  server.RaftServerConfigKeys (ConfUtils.java:logGet(43)) - raft.server.log.queue.byte-limit = 2147483647 (custom)
2019-06-14 07:26:04,140 INFO  server.RaftServerConfigKeys (ConfUtils.java:logGet(43)) - raft.server.log.queue.element-limit = 1024 (custom)
2019-06-14 07:26:04,141 INFO  server.RaftServerConfigKeys (ConfUtils.java:logGet(43)) - raft.server.log.segment.size.max = 16384 (custom)
2019-06-14 07:26:04,141 INFO  server.RaftServerConfigKeys (ConfUtils.java:logGet(43)) - raft.server.log.preallocated.size = 16384 (custom)
2019-06-14 07:26:04,141 INFO  server.RaftServerConfigKeys (ConfUtils.java:logGet(43)) - raft.server.log.write.buffer.size = 33554432 (custom)
2019-06-14 07:26:04,141 INFO  server.RaftServerConfigKeys (ConfUtils.java:logGet(43)) - raft.server.log.force.sync.num = 128 (default)
2019-06-14 07:26:04,141 INFO  server.RaftServerConfigKeys (ConfUtils.java:logGet(43)) - raft.server.log.statemachine.data.sync = true (default)
2019-06-14 07:26:04,141 INFO  server.RaftServerConfigKeys (ConfUtils.java:logGet(43)) - raft.server.log.statemachine.data.sync.timeout = 10s (default)
2019-06-14 07:26:04,141 INFO  server.RaftServerConfigKeys (ConfUtils.java:logGet(43)) - raft.server.log.statemachine.data.sync.timeout.retry = -1 (default)
2019-06-14 07:26:04,141 INFO  server.RaftServerConfigKeys (ConfUtils.java:logGet(43)) - raft.server.log.statemachine.data.caching.enabled = true (custom)
2019-06-14 07:26:04,144 INFO  server.RaftServerConfigKeys (ConfUtils.java:logGet(43)) - raft.server.snapshot.auto.trigger.enabled = true (custom)
2019-06-14 07:26:04,144 INFO  server.RaftServerConfigKeys (ConfUtils.java:logGet(43)) - raft.server.snapshot.auto.trigger.threshold = 10000 (custom)
2019-06-14 07:26:04,144 INFO  server.RaftServerConfigKeys (ConfUtils.java:logGet(43)) - raft.server.retrycache.expirytime = 600000ms (custom)
2019-06-14 07:26:04,144 INFO  impl.RaftServerImpl (RaftServerImpl.java:start(173)) - 8aab86ba-9ab1-411a-af44-42b5edcd785f: start group-6E94F6D6669F
2019-06-14 07:26:04,145 INFO  impl.RaftServerImpl (RaftServerImpl.java:setRole(164)) - 8aab86ba-9ab1-411a-af44-42b5edcd785f:group-6E94F6D6669F changes role from null to FOLLOWER at term 0 for startAsFollower
2019-06-14 07:26:04,145 INFO  impl.RoleInfo (RoleInfo.java:updateAndGet(143)) - 8aab86ba-9ab1-411a-af44-42b5edcd785f: start FollowerState
2019-06-14 07:26:04,145 INFO  util.JmxRegister (JmxRegister.java:tryRegister(44)) - Successfully registered JMX Bean with object name Ratis:service=RaftServer,group=group-6E94F6D6669F,id=8aab86ba-9ab1-411a-af44-42b5edcd785f
2019-06-14 07:26:04,149 INFO  pipeline.PipelineStateManager (PipelineStateManager.java:addPipeline(56)) - Created pipeline Pipeline[ Id: 3aaf0f62-186c-45a5-be4f-6e94f6d6669f, Nodes: 8aab86ba-9ab1-411a-af44-42b5edcd785f{ip: 192.168.134.69, host: ozone-tm9qp-197714850, networkLocation: /default-rack, certSerialId: null}, Type:RATIS, Factor:ONE, State:OPEN]
2019-06-14 07:26:04,290 INFO  ozone.MiniOzoneClusterImpl (MiniOzoneClusterImpl.java:lambda$waitForClusterToBeReady$0(142)) - Waiting for cluster to be ready. Got 5 of 6 DN Heartbeats.
2019-06-14 07:26:04,300 INFO  node.SCMNodeManager (SCMNodeManager.java:register(234)) - Registered Data node : 0d0ffc56-b9be-4108-96bb-c547ba93e871{ip: 192.168.134.69, host: ozone-tm9qp-197714850, networkLocation: /default-rack, certSerialId: null}
2019-06-14 07:26:04,317 INFO  impl.RaftServerProxy (RaftServerProxy.java:addNew(89)) - 0d0ffc56-b9be-4108-96bb-c547ba93e871: addNew group-A7CE20C1E822:[0d0ffc56-b9be-4108-96bb-c547ba93e871:192.168.134.69:36247] returns group-A7CE20C1E822:java.util.concurrent.CompletableFuture@3169c627[Not completed]
2019-06-14 07:26:04,318 INFO  impl.RaftServerImpl (RaftServerImpl.java:<init>(91)) - 0d0ffc56-b9be-4108-96bb-c547ba93e871: new RaftServerImpl for group-A7CE20C1E822:[0d0ffc56-b9be-4108-96bb-c547ba93e871:192.168.134.69:36247] with ContainerStateMachine:uninitialized
2019-06-14 07:26:04,318 INFO  server.RaftServerConfigKeys (ConfUtils.java:logGet(43)) - raft.server.rpc.timeout.min = 1s (custom)
2019-06-14 07:26:04,318 INFO  server.RaftServerConfigKeys (ConfUtils.java:logGet(43)) - raft.server.rpc.timeout.max = 1200ms (custom)
2019-06-14 07:26:04,318 INFO  server.RaftServerConfigKeys (ConfUtils.java:logGet(43)) - raft.server.rpcslowness.timeout = 10s (custom)
2019-06-14 07:26:04,318 INFO  server.RaftServerConfigKeys (ConfUtils.java:logGet(43)) - raft.server.log.appender.install.snapshot.enabled = true (default)
2019-06-14 07:26:04,319 INFO  impl.RaftServerImpl (ServerState.java:<init>(101)) - 0d0ffc56-b9be-4108-96bb-c547ba93e871:group-A7CE20C1E822 ConfigurationManager, init=-1: [0d0ffc56-b9be-4108-96bb-c547ba93e871:192.168.134.69:36247], old=null, confs=<EMPTY_MAP>
2019-06-14 07:26:04,319 INFO  server.RaftServerConfigKeys (ConfUtils.java:logGet(43)) - raft.server.storage.dir = [/opt/src/hadoop-ozone/integration-test/target/test-dir/MiniOzoneClusterImpl-79c289e9-76b1-49c6-a5ef-eeb8d3eba706/datanode-5/data/ratis] (custom)
2019-06-14 07:26:04,319 INFO  storage.RaftStorageDirectory (RaftStorageDirectory.java:analyzeStorage(246)) - The storage directory /opt/src/hadoop-ozone/integration-test/target/test-dir/MiniOzoneClusterImpl-79c289e9-76b1-49c6-a5ef-eeb8d3eba706/datanode-5/data/ratis/00c7051b-2b9a-491f-b22d-a7ce20c1e822 does not exist. Creating ...
2019-06-14 07:26:04,335 INFO  storage.RaftStorageDirectory (RaftStorageDirectory.java:tryLock(328)) - Lock on /opt/src/hadoop-ozone/integration-test/target/test-dir/MiniOzoneClusterImpl-79c289e9-76b1-49c6-a5ef-eeb8d3eba706/datanode-5/data/ratis/00c7051b-2b9a-491f-b22d-a7ce20c1e822/in_use.lock acquired by nodename 10214@ozone-tm9qp-197714850
2019-06-14 07:26:04,338 INFO  storage.RaftStorage (RaftStorage.java:format(75)) - Storage directory /opt/src/hadoop-ozone/integration-test/target/test-dir/MiniOzoneClusterImpl-79c289e9-76b1-49c6-a5ef-eeb8d3eba706/datanode-5/data/ratis/00c7051b-2b9a-491f-b22d-a7ce20c1e822 has been successfully formatted.
2019-06-14 07:26:04,338 INFO  ratis.ContainerStateMachine (ContainerStateMachine.java:loadSnapshot(199)) - The snapshot info is null.Setting the last applied index to:(t:0, i:~)
2019-06-14 07:26:04,338 INFO  server.RaftServerConfigKeys (ConfUtils.java:logGet(43)) - raft.server.leader.election.timeout = 10s (custom)
2019-06-14 07:26:04,338 INFO  server.RaftServerConfigKeys (ConfUtils.java:logGet(43)) - raft.server.log.use.memory = false (default)
2019-06-14 07:26:04,338 INFO  server.RaftServerConfigKeys (ConfUtils.java:logGet(43)) - raft.server.log.appender.buffer.byte-limit = 33554432 (custom)
2019-06-14 07:26:04,338 INFO  server.RaftServerConfigKeys (ConfUtils.java:logGet(43)) - raft.server.log.segment.size.max = 16384 (custom)
2019-06-14 07:26:04,338 INFO  server.RaftServerConfigKeys (ConfUtils.java:logGet(43)) - raft.server.log.segment.cache.num.max = 2 (custom)
2019-06-14 07:26:04,339 INFO  storage.RaftLogWorker (RaftLogWorker.java:<init>(123)) - new 0d0ffc56-b9be-4108-96bb-c547ba93e871-RaftLogWorker for Storage Directory /opt/src/hadoop-ozone/integration-test/target/test-dir/MiniOzoneClusterImpl-79c289e9-76b1-49c6-a5ef-eeb8d3eba706/datanode-5/data/ratis/00c7051b-2b9a-491f-b22d-a7ce20c1e822
2019-06-14 07:26:04,339 INFO  server.RaftServerConfigKeys (ConfUtils.java:logGet(43)) - raft.server.log.queue.byte-limit = 2147483647 (custom)
2019-06-14 07:26:04,339 INFO  server.RaftServerConfigKeys (ConfUtils.java:logGet(43)) - raft.server.log.queue.element-limit = 1024 (custom)
2019-06-14 07:26:04,339 INFO  server.RaftServerConfigKeys (ConfUtils.java:logGet(43)) - raft.server.log.segment.size.max = 16384 (custom)
2019-06-14 07:26:04,339 INFO  server.RaftServerConfigKeys (ConfUtils.java:logGet(43)) - raft.server.log.preallocated.size = 16384 (custom)
2019-06-14 07:26:04,339 INFO  server.RaftServerConfigKeys (ConfUtils.java:logGet(43)) - raft.server.log.write.buffer.size = 33554432 (custom)
2019-06-14 07:26:04,339 INFO  server.RaftServerConfigKeys (ConfUtils.java:logGet(43)) - raft.server.log.force.sync.num = 128 (default)
2019-06-14 07:26:04,339 INFO  server.RaftServerConfigKeys (ConfUtils.java:logGet(43)) - raft.server.log.statemachine.data.sync = true (default)
2019-06-14 07:26:04,339 INFO  server.RaftServerConfigKeys (ConfUtils.java:logGet(43)) - raft.server.log.statemachine.data.sync.timeout = 10s (default)
2019-06-14 07:26:04,339 INFO  server.RaftServerConfigKeys (ConfUtils.java:logGet(43)) - raft.server.log.statemachine.data.sync.timeout.retry = -1 (default)
2019-06-14 07:26:04,339 INFO  server.RaftServerConfigKeys (ConfUtils.java:logGet(43)) - raft.server.log.statemachine.data.caching.enabled = true (custom)
2019-06-14 07:26:04,340 INFO  server.RaftServerConfigKeys (ConfUtils.java:logGet(43)) - raft.server.snapshot.auto.trigger.enabled = true (custom)
2019-06-14 07:26:04,340 INFO  server.RaftServerConfigKeys (ConfUtils.java:logGet(43)) - raft.server.snapshot.auto.trigger.threshold = 10000 (custom)
2019-06-14 07:26:04,340 INFO  server.RaftServerConfigKeys (ConfUtils.java:logGet(43)) - raft.server.retrycache.expirytime = 600000ms (custom)
2019-06-14 07:26:04,341 INFO  impl.RaftServerImpl (RaftServerImpl.java:start(173)) - 0d0ffc56-b9be-4108-96bb-c547ba93e871: start group-A7CE20C1E822
2019-06-14 07:26:04,341 INFO  impl.RaftServerImpl (RaftServerImpl.java:setRole(164)) - 0d0ffc56-b9be-4108-96bb-c547ba93e871:group-A7CE20C1E822 changes role from null to FOLLOWER at term 0 for startAsFollower
2019-06-14 07:26:04,341 INFO  impl.RoleInfo (RoleInfo.java:updateAndGet(143)) - 0d0ffc56-b9be-4108-96bb-c547ba93e871: start FollowerState
2019-06-14 07:26:04,345 INFO  util.JmxRegister (JmxRegister.java:tryRegister(44)) - Successfully registered JMX Bean with object name Ratis:service=RaftServer,group=group-A7CE20C1E822,id=0d0ffc56-b9be-4108-96bb-c547ba93e871
2019-06-14 07:26:04,351 INFO  pipeline.PipelineStateManager (PipelineStateManager.java:addPipeline(56)) - Created pipeline Pipeline[ Id: 00c7051b-2b9a-491f-b22d-a7ce20c1e822, Nodes: 0d0ffc56-b9be-4108-96bb-c547ba93e871{ip: 192.168.134.69, host: ozone-tm9qp-197714850, networkLocation: /default-rack, certSerialId: null}, Type:RATIS, Factor:ONE, State:OPEN]
2019-06-14 07:26:04,371 INFO  impl.RaftServerProxy (RaftServerProxy.java:addNew(89)) - 8aab86ba-9ab1-411a-af44-42b5edcd785f: addNew group-5807B1653727:[8aab86ba-9ab1-411a-af44-42b5edcd785f:192.168.134.69:33655, e0faf7f7-9837-41e7-8619-31070b52ea1e:192.168.134.69:34435, 0d0ffc56-b9be-4108-96bb-c547ba93e871:192.168.134.69:36247] returns group-5807B1653727:java.util.concurrent.CompletableFuture@48e5025f[Not completed]
2019-06-14 07:26:04,372 INFO  impl.RaftServerImpl (RaftServerImpl.java:<init>(91)) - 8aab86ba-9ab1-411a-af44-42b5edcd785f: new RaftServerImpl for group-5807B1653727:[8aab86ba-9ab1-411a-af44-42b5edcd785f:192.168.134.69:33655, e0faf7f7-9837-41e7-8619-31070b52ea1e:192.168.134.69:34435, 0d0ffc56-b9be-4108-96bb-c547ba93e871:192.168.134.69:36247] with ContainerStateMachine:uninitialized
2019-06-14 07:26:04,372 INFO  server.RaftServerConfigKeys (ConfUtils.java:logGet(43)) - raft.server.rpc.timeout.min = 1s (custom)
2019-06-14 07:26:04,372 INFO  server.RaftServerConfigKeys (ConfUtils.java:logGet(43)) - raft.server.rpc.timeout.max = 1200ms (custom)
2019-06-14 07:26:04,372 INFO  server.RaftServerConfigKeys (ConfUtils.java:logGet(43)) - raft.server.rpcslowness.timeout = 10s (custom)
2019-06-14 07:26:04,373 INFO  server.RaftServerConfigKeys (ConfUtils.java:logGet(43)) - raft.server.log.appender.install.snapshot.enabled = true (default)
2019-06-14 07:26:04,373 INFO  impl.RaftServerImpl (ServerState.java:<init>(101)) - 8aab86ba-9ab1-411a-af44-42b5edcd785f:group-5807B1653727 ConfigurationManager, init=-1: [8aab86ba-9ab1-411a-af44-42b5edcd785f:192.168.134.69:33655, e0faf7f7-9837-41e7-8619-31070b52ea1e:192.168.134.69:34435, 0d0ffc56-b9be-4108-96bb-c547ba93e871:192.168.134.69:36247], old=null, confs=<EMPTY_MAP>
2019-06-14 07:26:04,373 INFO  server.RaftServerConfigKeys (ConfUtils.java:logGet(43)) - raft.server.storage.dir = [/opt/src/hadoop-ozone/integration-test/target/test-dir/MiniOzoneClusterImpl-79c289e9-76b1-49c6-a5ef-eeb8d3eba706/datanode-4/data/ratis] (custom)
2019-06-14 07:26:04,373 INFO  storage.RaftStorageDirectory (RaftStorageDirectory.java:analyzeStorage(246)) - The storage directory /opt/src/hadoop-ozone/integration-test/target/test-dir/MiniOzoneClusterImpl-79c289e9-76b1-49c6-a5ef-eeb8d3eba706/datanode-4/data/ratis/b1a4122d-695d-46e4-be5e-5807b1653727 does not exist. Creating ...
2019-06-14 07:26:04,379 INFO  storage.RaftStorageDirectory (RaftStorageDirectory.java:tryLock(328)) - Lock on /opt/src/hadoop-ozone/integration-test/target/test-dir/MiniOzoneClusterImpl-79c289e9-76b1-49c6-a5ef-eeb8d3eba706/datanode-4/data/ratis/b1a4122d-695d-46e4-be5e-5807b1653727/in_use.lock acquired by nodename 10214@ozone-tm9qp-197714850
2019-06-14 07:26:04,379 INFO  impl.RaftServerProxy (RaftServerProxy.java:addNew(89)) - 0d0ffc56-b9be-4108-96bb-c547ba93e871: addNew group-5807B1653727:[8aab86ba-9ab1-411a-af44-42b5edcd785f:192.168.134.69:33655, e0faf7f7-9837-41e7-8619-31070b52ea1e:192.168.134.69:34435, 0d0ffc56-b9be-4108-96bb-c547ba93e871:192.168.134.69:36247] returns group-5807B1653727:java.util.concurrent.CompletableFuture@30b57dea[Not completed]
2019-06-14 07:26:04,380 INFO  impl.RaftServerProxy (RaftServerProxy.java:addNew(89)) - e0faf7f7-9837-41e7-8619-31070b52ea1e: addNew group-5807B1653727:[8aab86ba-9ab1-411a-af44-42b5edcd785f:192.168.134.69:33655, e0faf7f7-9837-41e7-8619-31070b52ea1e:192.168.134.69:34435, 0d0ffc56-b9be-4108-96bb-c547ba93e871:192.168.134.69:36247] returns group-5807B1653727:java.util.concurrent.CompletableFuture@3c92d0f9[Not completed]
2019-06-14 07:26:04,380 INFO  impl.RaftServerImpl (RaftServerImpl.java:<init>(91)) - e0faf7f7-9837-41e7-8619-31070b52ea1e: new RaftServerImpl for group-5807B1653727:[8aab86ba-9ab1-411a-af44-42b5edcd785f:192.168.134.69:33655, e0faf7f7-9837-41e7-8619-31070b52ea1e:192.168.134.69:34435, 0d0ffc56-b9be-4108-96bb-c547ba93e871:192.168.134.69:36247] with ContainerStateMachine:uninitialized
2019-06-14 07:26:04,380 INFO  server.RaftServerConfigKeys (ConfUtils.java:logGet(43)) - raft.server.rpc.timeout.min = 1s (custom)
2019-06-14 07:26:04,380 INFO  server.RaftServerConfigKeys (ConfUtils.java:logGet(43)) - raft.server.rpc.timeout.max = 1200ms (custom)
2019-06-14 07:26:04,381 INFO  server.RaftServerConfigKeys (ConfUtils.java:logGet(43)) - raft.server.rpcslowness.timeout = 10s (custom)
2019-06-14 07:26:04,381 INFO  server.RaftServerConfigKeys (ConfUtils.java:logGet(43)) - raft.server.log.appender.install.snapshot.enabled = true (default)
2019-06-14 07:26:04,381 INFO  impl.RaftServerImpl (ServerState.java:<init>(101)) - e0faf7f7-9837-41e7-8619-31070b52ea1e:group-5807B1653727 ConfigurationManager, init=-1: [8aab86ba-9ab1-411a-af44-42b5edcd785f:192.168.134.69:33655, e0faf7f7-9837-41e7-8619-31070b52ea1e:192.168.134.69:34435, 0d0ffc56-b9be-4108-96bb-c547ba93e871:192.168.134.69:36247], old=null, confs=<EMPTY_MAP>
2019-06-14 07:26:04,381 INFO  server.RaftServerConfigKeys (ConfUtils.java:logGet(43)) - raft.server.storage.dir = [/opt/src/hadoop-ozone/integration-test/target/test-dir/MiniOzoneClusterImpl-79c289e9-76b1-49c6-a5ef-eeb8d3eba706/datanode-3/data/ratis] (custom)
2019-06-14 07:26:04,381 INFO  storage.RaftStorageDirectory (RaftStorageDirectory.java:analyzeStorage(246)) - The storage directory /opt/src/hadoop-ozone/integration-test/target/test-dir/MiniOzoneClusterImpl-79c289e9-76b1-49c6-a5ef-eeb8d3eba706/datanode-3/data/ratis/b1a4122d-695d-46e4-be5e-5807b1653727 does not exist. Creating ...
2019-06-14 07:26:04,381 INFO  storage.RaftStorage (RaftStorage.java:format(75)) - Storage directory /opt/src/hadoop-ozone/integration-test/target/test-dir/MiniOzoneClusterImpl-79c289e9-76b1-49c6-a5ef-eeb8d3eba706/datanode-4/data/ratis/b1a4122d-695d-46e4-be5e-5807b1653727 has been successfully formatted.
2019-06-14 07:26:04,382 INFO  ratis.ContainerStateMachine (ContainerStateMachine.java:loadSnapshot(199)) - The snapshot info is null.Setting the last applied index to:(t:0, i:~)
2019-06-14 07:26:04,382 INFO  server.RaftServerConfigKeys (ConfUtils.java:logGet(43)) - raft.server.leader.election.timeout = 10s (custom)
2019-06-14 07:26:04,382 INFO  server.RaftServerConfigKeys (ConfUtils.java:logGet(43)) - raft.server.log.use.memory = false (default)
2019-06-14 07:26:04,382 INFO  server.RaftServerConfigKeys (ConfUtils.java:logGet(43)) - raft.server.log.appender.buffer.byte-limit = 33554432 (custom)
2019-06-14 07:26:04,382 INFO  server.RaftServerConfigKeys (ConfUtils.java:logGet(43)) - raft.server.log.segment.size.max = 16384 (custom)
2019-06-14 07:26:04,383 INFO  server.RaftServerConfigKeys (ConfUtils.java:logGet(43)) - raft.server.log.segment.cache.num.max = 2 (custom)
2019-06-14 07:26:04,381 INFO  impl.RaftServerImpl (RaftServerImpl.java:<init>(91)) - 0d0ffc56-b9be-4108-96bb-c547ba93e871: new RaftServerImpl for group-5807B1653727:[8aab86ba-9ab1-411a-af44-42b5edcd785f:192.168.134.69:33655, e0faf7f7-9837-41e7-8619-31070b52ea1e:192.168.134.69:34435, 0d0ffc56-b9be-4108-96bb-c547ba93e871:192.168.134.69:36247] with ContainerStateMachine:uninitialized
2019-06-14 07:26:04,383 INFO  server.RaftServerConfigKeys (ConfUtils.java:logGet(43)) - raft.server.rpc.timeout.min = 1s (custom)
2019-06-14 07:26:04,383 INFO  storage.RaftLogWorker (RaftLogWorker.java:<init>(123)) - new 8aab86ba-9ab1-411a-af44-42b5edcd785f-RaftLogWorker for Storage Directory /opt/src/hadoop-ozone/integration-test/target/test-dir/MiniOzoneClusterImpl-79c289e9-76b1-49c6-a5ef-eeb8d3eba706/datanode-4/data/ratis/b1a4122d-695d-46e4-be5e-5807b1653727
2019-06-14 07:26:04,383 INFO  server.RaftServerConfigKeys (ConfUtils.java:logGet(43)) - raft.server.log.queue.byte-limit = 2147483647 (custom)
2019-06-14 07:26:04,383 INFO  server.RaftServerConfigKeys (ConfUtils.java:logGet(43)) - raft.server.log.queue.element-limit = 1024 (custom)
2019-06-14 07:26:04,383 INFO  storage.RaftStorageDirectory (RaftStorageDirectory.java:tryLock(328)) - Lock on /opt/src/hadoop-ozone/integration-test/target/test-dir/MiniOzoneClusterImpl-79c289e9-76b1-49c6-a5ef-eeb8d3eba706/datanode-3/data/ratis/b1a4122d-695d-46e4-be5e-5807b1653727/in_use.lock acquired by nodename 10214@ozone-tm9qp-197714850
2019-06-14 07:26:04,383 INFO  server.RaftServerConfigKeys (ConfUtils.java:logGet(43)) - raft.server.rpc.timeout.max = 1200ms (custom)
2019-06-14 07:26:04,384 INFO  server.RaftServerConfigKeys (ConfUtils.java:logGet(43)) - raft.server.rpcslowness.timeout = 10s (custom)
2019-06-14 07:26:04,384 INFO  server.RaftServerConfigKeys (ConfUtils.java:logGet(43)) - raft.server.log.appender.install.snapshot.enabled = true (default)
2019-06-14 07:26:04,384 INFO  impl.RaftServerImpl (ServerState.java:<init>(101)) - 0d0ffc56-b9be-4108-96bb-c547ba93e871:group-5807B1653727 ConfigurationManager, init=-1: [8aab86ba-9ab1-411a-af44-42b5edcd785f:192.168.134.69:33655, e0faf7f7-9837-41e7-8619-31070b52ea1e:192.168.134.69:34435, 0d0ffc56-b9be-4108-96bb-c547ba93e871:192.168.134.69:36247], old=null, confs=<EMPTY_MAP>
2019-06-14 07:26:04,384 INFO  server.RaftServerConfigKeys (ConfUtils.java:logGet(43)) - raft.server.storage.dir = [/opt/src/hadoop-ozone/integration-test/target/test-dir/MiniOzoneClusterImpl-79c289e9-76b1-49c6-a5ef-eeb8d3eba706/datanode-5/data/ratis] (custom)
2019-06-14 07:26:04,385 INFO  storage.RaftStorageDirectory (RaftStorageDirectory.java:analyzeStorage(246)) - The storage directory /opt/src/hadoop-ozone/integration-test/target/test-dir/MiniOzoneClusterImpl-79c289e9-76b1-49c6-a5ef-eeb8d3eba706/datanode-5/data/ratis/b1a4122d-695d-46e4-be5e-5807b1653727 does not exist. Creating ...
2019-06-14 07:26:04,384 INFO  server.RaftServerConfigKeys (ConfUtils.java:logGet(43)) - raft.server.log.segment.size.max = 16384 (custom)
2019-06-14 07:26:04,386 INFO  server.RaftServerConfigKeys (ConfUtils.java:logGet(43)) - raft.server.log.preallocated.size = 16384 (custom)
2019-06-14 07:26:04,386 INFO  storage.RaftStorage (RaftStorage.java:format(75)) - Storage directory /opt/src/hadoop-ozone/integration-test/target/test-dir/MiniOzoneClusterImpl-79c289e9-76b1-49c6-a5ef-eeb8d3eba706/datanode-3/data/ratis/b1a4122d-695d-46e4-be5e-5807b1653727 has been successfully formatted.
2019-06-14 07:26:04,386 INFO  ratis.ContainerStateMachine (ContainerStateMachine.java:loadSnapshot(199)) - The snapshot info is null.Setting the last applied index to:(t:0, i:~)
2019-06-14 07:26:04,386 INFO  server.RaftServerConfigKeys (ConfUtils.java:logGet(43)) - raft.server.leader.election.timeout = 10s (custom)
2019-06-14 07:26:04,386 INFO  server.RaftServerConfigKeys (ConfUtils.java:logGet(43)) - raft.server.log.use.memory = false (default)
2019-06-14 07:26:04,386 INFO  server.RaftServerConfigKeys (ConfUtils.java:logGet(43)) - raft.server.log.appender.buffer.byte-limit = 33554432 (custom)
2019-06-14 07:26:04,386 INFO  server.RaftServerConfigKeys (ConfUtils.java:logGet(43)) - raft.server.log.segment.size.max = 16384 (custom)
2019-06-14 07:26:04,387 INFO  server.RaftServerConfigKeys (ConfUtils.java:logGet(43)) - raft.server.log.segment.cache.num.max = 2 (custom)
2019-06-14 07:26:04,387 INFO  storage.RaftLogWorker (RaftLogWorker.java:<init>(123)) - new e0faf7f7-9837-41e7-8619-31070b52ea1e-RaftLogWorker for Storage Directory /opt/src/hadoop-ozone/integration-test/target/test-dir/MiniOzoneClusterImpl-79c289e9-76b1-49c6-a5ef-eeb8d3eba706/datanode-3/data/ratis/b1a4122d-695d-46e4-be5e-5807b1653727
2019-06-14 07:26:04,387 INFO  server.RaftServerConfigKeys (ConfUtils.java:logGet(43)) - raft.server.log.queue.byte-limit = 2147483647 (custom)
2019-06-14 07:26:04,387 INFO  server.RaftServerConfigKeys (ConfUtils.java:logGet(43)) - raft.server.log.queue.element-limit = 1024 (custom)
2019-06-14 07:26:04,387 INFO  server.RaftServerConfigKeys (ConfUtils.java:logGet(43)) - raft.server.log.segment.size.max = 16384 (custom)
2019-06-14 07:26:04,387 INFO  server.RaftServerConfigKeys (ConfUtils.java:logGet(43)) - raft.server.log.preallocated.size = 16384 (custom)
2019-06-14 07:26:04,387 INFO  server.RaftServerConfigKeys (ConfUtils.java:logGet(43)) - raft.server.log.write.buffer.size = 33554432 (custom)
2019-06-14 07:26:04,387 INFO  server.RaftServerConfigKeys (ConfUtils.java:logGet(43)) - raft.server.log.force.sync.num = 128 (default)
2019-06-14 07:26:04,387 INFO  server.RaftServerConfigKeys (ConfUtils.java:logGet(43)) - raft.server.log.statemachine.data.sync = true (default)
2019-06-14 07:26:04,387 INFO  server.RaftServerConfigKeys (ConfUtils.java:logGet(43)) - raft.server.log.statemachine.data.sync.timeout = 10s (default)
2019-06-14 07:26:04,387 INFO  server.RaftServerConfigKeys (ConfUtils.java:logGet(43)) - raft.server.log.statemachine.data.sync.timeout.retry = -1 (default)
2019-06-14 07:26:04,388 INFO  server.RaftServerConfigKeys (ConfUtils.java:logGet(43)) - raft.server.log.statemachine.data.caching.enabled = true (custom)
2019-06-14 07:26:04,388 INFO  server.RaftServerConfigKeys (ConfUtils.java:logGet(43)) - raft.server.snapshot.auto.trigger.enabled = true (custom)
2019-06-14 07:26:04,388 INFO  server.RaftServerConfigKeys (ConfUtils.java:logGet(43)) - raft.server.snapshot.auto.trigger.threshold = 10000 (custom)
2019-06-14 07:26:04,388 INFO  server.RaftServerConfigKeys (ConfUtils.java:logGet(43)) - raft.server.retrycache.expirytime = 600000ms (custom)
2019-06-14 07:26:04,388 INFO  impl.RaftServerImpl (RaftServerImpl.java:start(173)) - e0faf7f7-9837-41e7-8619-31070b52ea1e: start group-5807B1653727
2019-06-14 07:26:04,389 INFO  impl.RaftServerImpl (RaftServerImpl.java:setRole(164)) - e0faf7f7-9837-41e7-8619-31070b52ea1e:group-5807B1653727 changes role from null to FOLLOWER at term 0 for startAsFollower
2019-06-14 07:26:04,389 INFO  impl.RoleInfo (RoleInfo.java:updateAndGet(143)) - e0faf7f7-9837-41e7-8619-31070b52ea1e: start FollowerState
2019-06-14 07:26:04,389 INFO  server.RaftServerConfigKeys (ConfUtils.java:logGet(43)) - raft.server.log.write.buffer.size = 33554432 (custom)
2019-06-14 07:26:04,389 INFO  util.JmxRegister (JmxRegister.java:tryRegister(44)) - Successfully registered JMX Bean with object name Ratis:service=RaftServer,group=group-5807B1653727,id=e0faf7f7-9837-41e7-8619-31070b52ea1e
2019-06-14 07:26:04,389 INFO  server.RaftServerConfigKeys (ConfUtils.java:logGet(43)) - raft.server.log.force.sync.num = 128 (default)
2019-06-14 07:26:04,389 INFO  server.RaftServerConfigKeys (ConfUtils.java:logGet(43)) - raft.server.log.statemachine.data.sync = true (default)
2019-06-14 07:26:04,390 INFO  server.RaftServerConfigKeys (ConfUtils.java:logGet(43)) - raft.server.log.statemachine.data.sync.timeout = 10s (default)
2019-06-14 07:26:04,390 INFO  server.RaftServerConfigKeys (ConfUtils.java:logGet(43)) - raft.server.log.statemachine.data.sync.timeout.retry = -1 (default)
2019-06-14 07:26:04,390 INFO  server.RaftServerConfigKeys (ConfUtils.java:logGet(43)) - raft.server.log.statemachine.data.caching.enabled = true (custom)
2019-06-14 07:26:04,390 INFO  server.RaftServerConfigKeys (ConfUtils.java:logGet(43)) - raft.server.snapshot.auto.trigger.enabled = true (custom)
2019-06-14 07:26:04,390 INFO  server.RaftServerConfigKeys (ConfUtils.java:logGet(43)) - raft.server.snapshot.auto.trigger.threshold = 10000 (custom)
2019-06-14 07:26:04,391 INFO  server.RaftServerConfigKeys (ConfUtils.java:logGet(43)) - raft.server.retrycache.expirytime = 600000ms (custom)
2019-06-14 07:26:04,391 INFO  impl.RaftServerImpl (RaftServerImpl.java:start(173)) - 8aab86ba-9ab1-411a-af44-42b5edcd785f: start group-5807B1653727
2019-06-14 07:26:04,391 INFO  impl.RaftServerImpl (RaftServerImpl.java:setRole(164)) - 8aab86ba-9ab1-411a-af44-42b5edcd785f:group-5807B1653727 changes role from null to FOLLOWER at term 0 for startAsFollower
2019-06-14 07:26:04,391 INFO  impl.RoleInfo (RoleInfo.java:updateAndGet(143)) - 8aab86ba-9ab1-411a-af44-42b5edcd785f: start FollowerState
2019-06-14 07:26:04,392 INFO  storage.RaftStorageDirectory (RaftStorageDirectory.java:tryLock(328)) - Lock on /opt/src/hadoop-ozone/integration-test/target/test-dir/MiniOzoneClusterImpl-79c289e9-76b1-49c6-a5ef-eeb8d3eba706/datanode-5/data/ratis/b1a4122d-695d-46e4-be5e-5807b1653727/in_use.lock acquired by nodename 10214@ozone-tm9qp-197714850
2019-06-14 07:26:04,408 INFO  util.JmxRegister (JmxRegister.java:tryRegister(44)) - Successfully registered JMX Bean with object name Ratis:service=RaftServer,group=group-5807B1653727,id=8aab86ba-9ab1-411a-af44-42b5edcd785f
2019-06-14 07:26:04,409 INFO  storage.RaftStorage (RaftStorage.java:format(75)) - Storage directory /opt/src/hadoop-ozone/integration-test/target/test-dir/MiniOzoneClusterImpl-79c289e9-76b1-49c6-a5ef-eeb8d3eba706/datanode-5/data/ratis/b1a4122d-695d-46e4-be5e-5807b1653727 has been successfully formatted.
2019-06-14 07:26:04,410 INFO  ratis.ContainerStateMachine (ContainerStateMachine.java:loadSnapshot(199)) - The snapshot info is null.Setting the last applied index to:(t:0, i:~)
2019-06-14 07:26:04,410 INFO  server.RaftServerConfigKeys (ConfUtils.java:logGet(43)) - raft.server.leader.election.timeout = 10s (custom)
2019-06-14 07:26:04,410 INFO  server.RaftServerConfigKeys (ConfUtils.java:logGet(43)) - raft.server.log.use.memory = false (default)
2019-06-14 07:26:04,415 INFO  server.RaftServerConfigKeys (ConfUtils.java:logGet(43)) - raft.server.log.appender.buffer.byte-limit = 33554432 (custom)
2019-06-14 07:26:04,415 INFO  server.RaftServerConfigKeys (ConfUtils.java:logGet(43)) - raft.server.log.segment.size.max = 16384 (custom)
2019-06-14 07:26:04,415 INFO  server.RaftServerConfigKeys (ConfUtils.java:logGet(43)) - raft.server.log.segment.cache.num.max = 2 (custom)
2019-06-14 07:26:04,419 INFO  storage.RaftLogWorker (RaftLogWorker.java:<init>(123)) - new 0d0ffc56-b9be-4108-96bb-c547ba93e871-RaftLogWorker for Storage Directory /opt/src/hadoop-ozone/integration-test/target/test-dir/MiniOzoneClusterImpl-79c289e9-76b1-49c6-a5ef-eeb8d3eba706/datanode-5/data/ratis/b1a4122d-695d-46e4-be5e-5807b1653727
2019-06-14 07:26:04,419 INFO  server.RaftServerConfigKeys (ConfUtils.java:logGet(43)) - raft.server.log.queue.byte-limit = 2147483647 (custom)
2019-06-14 07:26:04,421 INFO  server.RaftServerConfigKeys (ConfUtils.java:logGet(43)) - raft.server.log.queue.element-limit = 1024 (custom)
2019-06-14 07:26:04,421 INFO  server.RaftServerConfigKeys (ConfUtils.java:logGet(43)) - raft.server.log.segment.size.max = 16384 (custom)
2019-06-14 07:26:04,422 INFO  server.RaftServerConfigKeys (ConfUtils.java:logGet(43)) - raft.server.log.preallocated.size = 16384 (custom)
2019-06-14 07:26:04,422 INFO  server.RaftServerConfigKeys (ConfUtils.java:logGet(43)) - raft.server.log.write.buffer.size = 33554432 (custom)
2019-06-14 07:26:04,422 INFO  server.RaftServerConfigKeys (ConfUtils.java:logGet(43)) - raft.server.log.force.sync.num = 128 (default)
2019-06-14 07:26:04,422 INFO  server.RaftServerConfigKeys (ConfUtils.java:logGet(43)) - raft.server.log.statemachine.data.sync = true (default)
2019-06-14 07:26:04,422 INFO  server.RaftServerConfigKeys (ConfUtils.java:logGet(43)) - raft.server.log.statemachine.data.sync.timeout = 10s (default)
2019-06-14 07:26:04,422 INFO  server.RaftServerConfigKeys (ConfUtils.java:logGet(43)) - raft.server.log.statemachine.data.sync.timeout.retry = -1 (default)
2019-06-14 07:26:04,422 INFO  server.RaftServerConfigKeys (ConfUtils.java:logGet(43)) - raft.server.log.statemachine.data.caching.enabled = true (custom)
2019-06-14 07:26:04,423 INFO  server.RaftServerConfigKeys (ConfUtils.java:logGet(43)) - raft.server.snapshot.auto.trigger.enabled = true (custom)
2019-06-14 07:26:04,423 INFO  server.RaftServerConfigKeys (ConfUtils.java:logGet(43)) - raft.server.snapshot.auto.trigger.threshold = 10000 (custom)
2019-06-14 07:26:04,423 INFO  server.RaftServerConfigKeys (ConfUtils.java:logGet(43)) - raft.server.retrycache.expirytime = 600000ms (custom)
2019-06-14 07:26:04,423 INFO  impl.RaftServerImpl (RaftServerImpl.java:start(173)) - 0d0ffc56-b9be-4108-96bb-c547ba93e871: start group-5807B1653727
2019-06-14 07:26:04,423 INFO  impl.RaftServerImpl (RaftServerImpl.java:setRole(164)) - 0d0ffc56-b9be-4108-96bb-c547ba93e871:group-5807B1653727 changes role from null to FOLLOWER at term 0 for startAsFollower
2019-06-14 07:26:04,423 INFO  impl.RoleInfo (RoleInfo.java:updateAndGet(143)) - 0d0ffc56-b9be-4108-96bb-c547ba93e871: start FollowerState
2019-06-14 07:26:04,424 INFO  util.JmxRegister (JmxRegister.java:tryRegister(44)) - Successfully registered JMX Bean with object name Ratis:service=RaftServer,group=group-5807B1653727,id=0d0ffc56-b9be-4108-96bb-c547ba93e871
2019-06-14 07:26:04,453 INFO  pipeline.PipelineStateManager (PipelineStateManager.java:addPipeline(56)) - Created pipeline Pipeline[ Id: b1a4122d-695d-46e4-be5e-5807b1653727, Nodes: 0d0ffc56-b9be-4108-96bb-c547ba93e871{ip: 192.168.134.69, host: ozone-tm9qp-197714850, networkLocation: /default-rack, certSerialId: null}8aab86ba-9ab1-411a-af44-42b5edcd785f{ip: 192.168.134.69, host: ozone-tm9qp-197714850, networkLocation: /default-rack, certSerialId: null}e0faf7f7-9837-41e7-8619-31070b52ea1e{ip: 192.168.134.69, host: ozone-tm9qp-197714850, networkLocation: /default-rack, certSerialId: null}, Type:RATIS, Factor:THREE, State:OPEN]
2019-06-14 07:26:04,770 INFO  impl.FollowerState (FollowerState.java:run(101)) - 2b6ff1cc-5264-4550-aebe-6eb6284ff5e6:group-FC97A06E5E46 changes to CANDIDATE, lastRpcTime:1040, electionTimeout:1037ms
2019-06-14 07:26:04,770 INFO  impl.RoleInfo (RoleInfo.java:shutdownFollowerState(121)) - 2b6ff1cc-5264-4550-aebe-6eb6284ff5e6: shutdown FollowerState
2019-06-14 07:26:04,770 INFO  impl.RaftServerImpl (RaftServerImpl.java:setRole(164)) - 2b6ff1cc-5264-4550-aebe-6eb6284ff5e6:group-FC97A06E5E46 changes role from FOLLOWER to CANDIDATE at term 0 for changeToCandidate
2019-06-14 07:26:04,772 INFO  impl.RoleInfo (RoleInfo.java:updateAndGet(143)) - 2b6ff1cc-5264-4550-aebe-6eb6284ff5e6: start LeaderElection
2019-06-14 07:26:04,791 INFO  impl.LeaderElection (LeaderElection.java:askForVotes(181)) - 2b6ff1cc-5264-4550-aebe-6eb6284ff5e6:group-FC97A06E5E46:LeaderElection1: begin an election at term 1 for -1: [2b6ff1cc-5264-4550-aebe-6eb6284ff5e6:192.168.134.69:44205], old=null
2019-06-14 07:26:04,793 INFO  impl.RoleInfo (RoleInfo.java:shutdownLeaderElection(134)) - 2b6ff1cc-5264-4550-aebe-6eb6284ff5e6: shutdown LeaderElection
2019-06-14 07:26:04,794 INFO  impl.RaftServerImpl (RaftServerImpl.java:setRole(164)) - 2b6ff1cc-5264-4550-aebe-6eb6284ff5e6:group-FC97A06E5E46 changes role from CANDIDATE to LEADER at term 1 for changeToLeader
2019-06-14 07:26:04,794 INFO  impl.RaftServerImpl (ServerState.java:setLeader(263)) - 2b6ff1cc-5264-4550-aebe-6eb6284ff5e6:group-FC97A06E5E46 change Leader from null to 2b6ff1cc-5264-4550-aebe-6eb6284ff5e6 at term 1 for becomeLeader, leader elected after 1067ms
2019-06-14 07:26:04,800 INFO  server.RaftServerConfigKeys (ConfUtils.java:logGet(43)) - raft.server.staging.catchup.gap = 1000 (default)
2019-06-14 07:26:04,800 INFO  server.RaftServerConfigKeys (ConfUtils.java:logGet(43)) - raft.server.rpc.sleep.time = 25ms (default)
2019-06-14 07:26:04,802 INFO  server.RaftServerConfigKeys (ConfUtils.java:logGet(43)) - raft.server.watch.timeout = 10s (default)
2019-06-14 07:26:04,802 INFO  server.RaftServerConfigKeys (ConfUtils.java:logGet(43)) - raft.server.watch.timeout.denomination = 1s (default)
2019-06-14 07:26:04,804 INFO  impl.FollowerState (FollowerState.java:run(101)) - 371e1b82-4bb4-4d16-b49f-6a899c3b1813:group-3FC7F135331F changes to CANDIDATE, lastRpcTime:1169, electionTimeout:1166ms
2019-06-14 07:26:04,805 INFO  impl.RoleInfo (RoleInfo.java:shutdownFollowerState(121)) - 371e1b82-4bb4-4d16-b49f-6a899c3b1813: shutdown FollowerState
2019-06-14 07:26:04,805 INFO  impl.RaftServerImpl (RaftServerImpl.java:setRole(164)) - 371e1b82-4bb4-4d16-b49f-6a899c3b1813:group-3FC7F135331F changes role from FOLLOWER to CANDIDATE at term 0 for changeToCandidate
2019-06-14 07:26:04,806 INFO  impl.RoleInfo (RoleInfo.java:updateAndGet(143)) - 371e1b82-4bb4-4d16-b49f-6a899c3b1813: start LeaderElection
2019-06-14 07:26:04,814 INFO  impl.RoleInfo (RoleInfo.java:updateAndGet(143)) - 2b6ff1cc-5264-4550-aebe-6eb6284ff5e6: start LeaderState
2019-06-14 07:26:04,817 INFO  impl.LeaderElection (LeaderElection.java:askForVotes(181)) - 371e1b82-4bb4-4d16-b49f-6a899c3b1813:group-3FC7F135331F:LeaderElection2: begin an election at term 1 for -1: [371e1b82-4bb4-4d16-b49f-6a899c3b1813:192.168.134.69:38433], old=null
2019-06-14 07:26:04,818 INFO  impl.RoleInfo (RoleInfo.java:shutdownLeaderElection(134)) - 371e1b82-4bb4-4d16-b49f-6a899c3b1813: shutdown LeaderElection
2019-06-14 07:26:04,818 INFO  impl.RaftServerImpl (RaftServerImpl.java:setRole(164)) - 371e1b82-4bb4-4d16-b49f-6a899c3b1813:group-3FC7F135331F changes role from CANDIDATE to LEADER at term 1 for changeToLeader
2019-06-14 07:26:04,818 INFO  impl.RaftServerImpl (ServerState.java:setLeader(263)) - 371e1b82-4bb4-4d16-b49f-6a899c3b1813:group-3FC7F135331F change Leader from null to 371e1b82-4bb4-4d16-b49f-6a899c3b1813 at term 1 for becomeLeader, leader elected after 1385ms
2019-06-14 07:26:04,819 INFO  server.RaftServerConfigKeys (ConfUtils.java:logGet(43)) - raft.server.staging.catchup.gap = 1000 (default)
2019-06-14 07:26:04,819 INFO  server.RaftServerConfigKeys (ConfUtils.java:logGet(43)) - raft.server.rpc.sleep.time = 25ms (default)
2019-06-14 07:26:04,820 INFO  server.RaftServerConfigKeys (ConfUtils.java:logGet(43)) - raft.server.watch.timeout = 10s (default)
2019-06-14 07:26:04,820 INFO  server.RaftServerConfigKeys (ConfUtils.java:logGet(43)) - raft.server.watch.timeout.denomination = 1s (default)
2019-06-14 07:26:04,820 INFO  impl.RoleInfo (RoleInfo.java:updateAndGet(143)) - 371e1b82-4bb4-4d16-b49f-6a899c3b1813: start LeaderState
2019-06-14 07:26:04,827 INFO  impl.FollowerState (FollowerState.java:run(101)) - bab19ad0-87c4-4447-b53a-8abfd9d3caec:group-B5684AE1FC3A changes to CANDIDATE, lastRpcTime:1021, electionTimeout:1015ms
2019-06-14 07:26:04,827 INFO  impl.RoleInfo (RoleInfo.java:shutdownFollowerState(121)) - bab19ad0-87c4-4447-b53a-8abfd9d3caec: shutdown FollowerState
2019-06-14 07:26:04,827 INFO  impl.RaftServerImpl (RaftServerImpl.java:setRole(164)) - bab19ad0-87c4-4447-b53a-8abfd9d3caec:group-B5684AE1FC3A changes role from FOLLOWER to CANDIDATE at term 0 for changeToCandidate
2019-06-14 07:26:04,827 INFO  impl.RoleInfo (RoleInfo.java:updateAndGet(143)) - bab19ad0-87c4-4447-b53a-8abfd9d3caec: start LeaderElection
2019-06-14 07:26:04,832 INFO  storage.RaftLogWorker (RaftLogWorker.java:startLogSegment(298)) - 371e1b82-4bb4-4d16-b49f-6a899c3b1813-RaftLogWorker: Starting segment from index:0
2019-06-14 07:26:04,835 INFO  storage.RaftLogWorker (RaftLogWorker.java:startLogSegment(298)) - 2b6ff1cc-5264-4550-aebe-6eb6284ff5e6-RaftLogWorker: Starting segment from index:0
2019-06-14 07:26:04,838 INFO  impl.LeaderElection (LeaderElection.java:askForVotes(181)) - bab19ad0-87c4-4447-b53a-8abfd9d3caec:group-B5684AE1FC3A:LeaderElection3: begin an election at term 1 for -1: [bab19ad0-87c4-4447-b53a-8abfd9d3caec:192.168.134.69:33745], old=null
2019-06-14 07:26:04,839 INFO  impl.RoleInfo (RoleInfo.java:shutdownLeaderElection(134)) - bab19ad0-87c4-4447-b53a-8abfd9d3caec: shutdown LeaderElection
2019-06-14 07:26:04,839 INFO  impl.RaftServerImpl (RaftServerImpl.java:setRole(164)) - bab19ad0-87c4-4447-b53a-8abfd9d3caec:group-B5684AE1FC3A changes role from CANDIDATE to LEADER at term 1 for changeToLeader
2019-06-14 07:26:04,839 INFO  impl.RaftServerImpl (ServerState.java:setLeader(263)) - bab19ad0-87c4-4447-b53a-8abfd9d3caec:group-B5684AE1FC3A change Leader from null to bab19ad0-87c4-4447-b53a-8abfd9d3caec at term 1 for becomeLeader, leader elected after 1036ms
2019-06-14 07:26:04,839 INFO  impl.RaftServerImpl (ServerState.java:setRaftConf(361)) - 2b6ff1cc-5264-4550-aebe-6eb6284ff5e6:group-FC97A06E5E46 set configuration 0: [2b6ff1cc-5264-4550-aebe-6eb6284ff5e6:192.168.134.69:44205], old=null at 0
2019-06-14 07:26:04,840 INFO  server.RaftServerConfigKeys (ConfUtils.java:logGet(43)) - raft.server.staging.catchup.gap = 1000 (default)
2019-06-14 07:26:04,840 INFO  server.RaftServerConfigKeys (ConfUtils.java:logGet(43)) - raft.server.rpc.sleep.time = 25ms (default)
2019-06-14 07:26:04,840 INFO  impl.RaftServerImpl (ServerState.java:setRaftConf(361)) - 371e1b82-4bb4-4d16-b49f-6a899c3b1813:group-3FC7F135331F set configuration 0: [371e1b82-4bb4-4d16-b49f-6a899c3b1813:192.168.134.69:38433], old=null at 0
2019-06-14 07:26:04,844 INFO  server.RaftServerConfigKeys (ConfUtils.java:logGet(43)) - raft.server.watch.timeout = 10s (default)
2019-06-14 07:26:04,844 INFO  server.RaftServerConfigKeys (ConfUtils.java:logGet(43)) - raft.server.watch.timeout.denomination = 1s (default)
2019-06-14 07:26:04,844 INFO  impl.RoleInfo (RoleInfo.java:updateAndGet(143)) - bab19ad0-87c4-4447-b53a-8abfd9d3caec: start LeaderState
2019-06-14 07:26:04,844 INFO  storage.RaftLogWorker (RaftLogWorker.java:startLogSegment(298)) - bab19ad0-87c4-4447-b53a-8abfd9d3caec-RaftLogWorker: Starting segment from index:0
2019-06-14 07:26:04,845 INFO  impl.RaftServerImpl (ServerState.java:setRaftConf(361)) - bab19ad0-87c4-4447-b53a-8abfd9d3caec:group-B5684AE1FC3A set configuration 0: [bab19ad0-87c4-4447-b53a-8abfd9d3caec:192.168.134.69:33745], old=null at 0
2019-06-14 07:26:04,919 INFO  impl.FollowerState (FollowerState.java:run(101)) - e0faf7f7-9837-41e7-8619-31070b52ea1e:group-F05C4D40F6E0 changes to CANDIDATE, lastRpcTime:1043, electionTimeout:1043ms
2019-06-14 07:26:04,919 INFO  impl.RoleInfo (RoleInfo.java:shutdownFollowerState(121)) - e0faf7f7-9837-41e7-8619-31070b52ea1e: shutdown FollowerState
2019-06-14 07:26:04,919 INFO  impl.RaftServerImpl (RaftServerImpl.java:setRole(164)) - e0faf7f7-9837-41e7-8619-31070b52ea1e:group-F05C4D40F6E0 changes role from FOLLOWER to CANDIDATE at term 0 for changeToCandidate
2019-06-14 07:26:04,919 INFO  impl.RoleInfo (RoleInfo.java:updateAndGet(143)) - e0faf7f7-9837-41e7-8619-31070b52ea1e: start LeaderElection
2019-06-14 07:26:04,940 INFO  impl.LeaderElection (LeaderElection.java:askForVotes(181)) - e0faf7f7-9837-41e7-8619-31070b52ea1e:group-F05C4D40F6E0:LeaderElection4: begin an election at term 1 for -1: [e0faf7f7-9837-41e7-8619-31070b52ea1e:192.168.134.69:34435], old=null
2019-06-14 07:26:04,941 INFO  impl.RoleInfo (RoleInfo.java:shutdownLeaderElection(134)) - e0faf7f7-9837-41e7-8619-31070b52ea1e: shutdown LeaderElection
2019-06-14 07:26:04,941 INFO  impl.RaftServerImpl (RaftServerImpl.java:setRole(164)) - e0faf7f7-9837-41e7-8619-31070b52ea1e:group-F05C4D40F6E0 changes role from CANDIDATE to LEADER at term 1 for changeToLeader
2019-06-14 07:26:04,941 INFO  impl.RaftServerImpl (ServerState.java:setLeader(263)) - e0faf7f7-9837-41e7-8619-31070b52ea1e:group-F05C4D40F6E0 change Leader from null to e0faf7f7-9837-41e7-8619-31070b52ea1e at term 1 for becomeLeader, leader elected after 1068ms
2019-06-14 07:26:04,942 INFO  server.RaftServerConfigKeys (ConfUtils.java:logGet(43)) - raft.server.staging.catchup.gap = 1000 (default)
2019-06-14 07:26:04,943 INFO  server.RaftServerConfigKeys (ConfUtils.java:logGet(43)) - raft.server.rpc.sleep.time = 25ms (default)
2019-06-14 07:26:04,943 INFO  server.RaftServerConfigKeys (ConfUtils.java:logGet(43)) - raft.server.watch.timeout = 10s (default)
2019-06-14 07:26:04,943 INFO  server.RaftServerConfigKeys (ConfUtils.java:logGet(43)) - raft.server.watch.timeout.denomination = 1s (default)
2019-06-14 07:26:04,943 INFO  impl.RoleInfo (RoleInfo.java:updateAndGet(143)) - e0faf7f7-9837-41e7-8619-31070b52ea1e: start LeaderState
2019-06-14 07:26:04,944 INFO  storage.RaftLogWorker (RaftLogWorker.java:startLogSegment(298)) - e0faf7f7-9837-41e7-8619-31070b52ea1e-RaftLogWorker: Starting segment from index:0
2019-06-14 07:26:04,944 INFO  impl.RaftServerImpl (ServerState.java:setRaftConf(361)) - e0faf7f7-9837-41e7-8619-31070b52ea1e:group-F05C4D40F6E0 set configuration 0: [e0faf7f7-9837-41e7-8619-31070b52ea1e:192.168.134.69:34435], old=null at 0
2019-06-14 07:26:05,053 INFO  impl.FollowerState (FollowerState.java:run(101)) - bab19ad0-87c4-4447-b53a-8abfd9d3caec:group-6D05C40EA2E3 changes to CANDIDATE, lastRpcTime:1066, electionTimeout:1064ms
2019-06-14 07:26:05,053 INFO  impl.RoleInfo (RoleInfo.java:shutdownFollowerState(121)) - bab19ad0-87c4-4447-b53a-8abfd9d3caec: shutdown FollowerState
2019-06-14 07:26:05,053 INFO  impl.RaftServerImpl (RaftServerImpl.java:setRole(164)) - bab19ad0-87c4-4447-b53a-8abfd9d3caec:group-6D05C40EA2E3 changes role from FOLLOWER to CANDIDATE at term 0 for changeToCandidate
2019-06-14 07:26:05,054 INFO  impl.RoleInfo (RoleInfo.java:updateAndGet(143)) - bab19ad0-87c4-4447-b53a-8abfd9d3caec: start LeaderElection
2019-06-14 07:26:05,131 INFO  impl.FollowerState (FollowerState.java:run(101)) - 371e1b82-4bb4-4d16-b49f-6a899c3b1813:group-6D05C40EA2E3 changes to CANDIDATE, lastRpcTime:1148, electionTimeout:1145ms
2019-06-14 07:26:05,132 INFO  impl.RoleInfo (RoleInfo.java:shutdownFollowerState(121)) - 371e1b82-4bb4-4d16-b49f-6a899c3b1813: shutdown FollowerState
2019-06-14 07:26:05,132 INFO  impl.RaftServerImpl (RaftServerImpl.java:setRole(164)) - 371e1b82-4bb4-4d16-b49f-6a899c3b1813:group-6D05C40EA2E3 changes role from FOLLOWER to CANDIDATE at term 0 for changeToCandidate
2019-06-14 07:26:05,132 INFO  impl.RoleInfo (RoleInfo.java:updateAndGet(143)) - 371e1b82-4bb4-4d16-b49f-6a899c3b1813: start LeaderElection
2019-06-14 07:26:05,137 INFO  impl.LeaderElection (LeaderElection.java:askForVotes(181)) - bab19ad0-87c4-4447-b53a-8abfd9d3caec:group-6D05C40EA2E3:LeaderElection5: begin an election at term 1 for -1: [371e1b82-4bb4-4d16-b49f-6a899c3b1813:192.168.134.69:38433, bab19ad0-87c4-4447-b53a-8abfd9d3caec:192.168.134.69:33745, 2b6ff1cc-5264-4550-aebe-6eb6284ff5e6:192.168.134.69:44205], old=null
2019-06-14 07:26:05,139 INFO  storage.RaftLogWorker (RaftLogWorker.java:execute(469)) - bab19ad0-87c4-4447-b53a-8abfd9d3caec-RaftLogWorker: created new log segment /opt/src/hadoop-ozone/integration-test/target/test-dir/MiniOzoneClusterImpl-79c289e9-76b1-49c6-a5ef-eeb8d3eba706/datanode-2/data/ratis/786c9c21-2086-434d-a342-b5684ae1fc3a/current/log_inprogress_0
2019-06-14 07:26:05,141 INFO  impl.LeaderElection (LeaderElection.java:askForVotes(181)) - 371e1b82-4bb4-4d16-b49f-6a899c3b1813:group-6D05C40EA2E3:LeaderElection6: begin an election at term 1 for -1: [371e1b82-4bb4-4d16-b49f-6a899c3b1813:192.168.134.69:38433, bab19ad0-87c4-4447-b53a-8abfd9d3caec:192.168.134.69:33745, 2b6ff1cc-5264-4550-aebe-6eb6284ff5e6:192.168.134.69:44205], old=null
2019-06-14 07:26:05,144 INFO  storage.RaftLogWorker (RaftLogWorker.java:execute(469)) - 2b6ff1cc-5264-4550-aebe-6eb6284ff5e6-RaftLogWorker: created new log segment /opt/src/hadoop-ozone/integration-test/target/test-dir/MiniOzoneClusterImpl-79c289e9-76b1-49c6-a5ef-eeb8d3eba706/datanode-1/data/ratis/6abb0fbc-1179-4966-b177-fc97a06e5e46/current/log_inprogress_0
2019-06-14 07:26:05,144 INFO  storage.RaftLogWorker (RaftLogWorker.java:execute(469)) - 371e1b82-4bb4-4d16-b49f-6a899c3b1813-RaftLogWorker: created new log segment /opt/src/hadoop-ozone/integration-test/target/test-dir/MiniOzoneClusterImpl-79c289e9-76b1-49c6-a5ef-eeb8d3eba706/datanode-0/data/ratis/5f099d0a-110f-4414-969c-3fc7f135331f/current/log_inprogress_0
2019-06-14 07:26:05,144 INFO  storage.RaftLogWorker (RaftLogWorker.java:execute(469)) - e0faf7f7-9837-41e7-8619-31070b52ea1e-RaftLogWorker: created new log segment /opt/src/hadoop-ozone/integration-test/target/test-dir/MiniOzoneClusterImpl-79c289e9-76b1-49c6-a5ef-eeb8d3eba706/datanode-3/data/ratis/adbdf9a9-a51c-4439-9f19-f05c4d40f6e0/current/log_inprogress_0
2019-06-14 07:26:05,160 INFO  impl.FollowerState (FollowerState.java:run(101)) - 2b6ff1cc-5264-4550-aebe-6eb6284ff5e6:group-6D05C40EA2E3 changes to CANDIDATE, lastRpcTime:1183, electionTimeout:1182ms
2019-06-14 07:26:05,160 INFO  impl.RoleInfo (RoleInfo.java:shutdownFollowerState(121)) - 2b6ff1cc-5264-4550-aebe-6eb6284ff5e6: shutdown FollowerState
2019-06-14 07:26:05,160 INFO  impl.RaftServerImpl (RaftServerImpl.java:setRole(164)) - 2b6ff1cc-5264-4550-aebe-6eb6284ff5e6:group-6D05C40EA2E3 changes role from FOLLOWER to CANDIDATE at term 0 for changeToCandidate
2019-06-14 07:26:05,160 INFO  impl.RoleInfo (RoleInfo.java:updateAndGet(143)) - 2b6ff1cc-5264-4550-aebe-6eb6284ff5e6: start LeaderElection
2019-06-14 07:26:05,201 INFO  impl.LeaderElection (LeaderElection.java:askForVotes(181)) - 2b6ff1cc-5264-4550-aebe-6eb6284ff5e6:group-6D05C40EA2E3:LeaderElection7: begin an election at term 1 for -1: [371e1b82-4bb4-4d16-b49f-6a899c3b1813:192.168.134.69:38433, bab19ad0-87c4-4447-b53a-8abfd9d3caec:192.168.134.69:33745, 2b6ff1cc-5264-4550-aebe-6eb6284ff5e6:192.168.134.69:44205], old=null
2019-06-14 07:26:05,228 INFO  impl.LeaderElection (LeaderElection.java:logAndReturn(56)) - bab19ad0-87c4-4447-b53a-8abfd9d3caec:group-6D05C40EA2E3:LeaderElection5: Election REJECTED; received 2 response(s) [bab19ad0-87c4-4447-b53a-8abfd9d3caec->371e1b82-4bb4-4d16-b49f-6a899c3b1813,false-t1, bab19ad0-87c4-4447-b53a-8abfd9d3caec->2b6ff1cc-5264-4550-aebe-6eb6284ff5e6,false-t1] and 0 exception(s); bab19ad0-87c4-4447-b53a-8abfd9d3caec:t1, leader=null, voted=bab19ad0-87c4-4447-b53a-8abfd9d3caec, raftlog=bab19ad0-87c4-4447-b53a-8abfd9d3caec-SegmentedRaftLog:OPENED:c-1,f-1,i0, conf=-1: [371e1b82-4bb4-4d16-b49f-6a899c3b1813:192.168.134.69:38433, bab19ad0-87c4-4447-b53a-8abfd9d3caec:192.168.134.69:33745, 2b6ff1cc-5264-4550-aebe-6eb6284ff5e6:192.168.134.69:44205], old=null
2019-06-14 07:26:05,229 INFO  impl.RaftServerImpl (RaftServerImpl.java:setRole(164)) - bab19ad0-87c4-4447-b53a-8abfd9d3caec:group-6D05C40EA2E3 changes role from CANDIDATE to FOLLOWER at term 1 for DISCOVERED_A_NEW_TERM
2019-06-14 07:26:05,229 INFO  impl.RoleInfo (RoleInfo.java:shutdownLeaderElection(134)) - bab19ad0-87c4-4447-b53a-8abfd9d3caec: shutdown LeaderElection
2019-06-14 07:26:05,229 INFO  impl.LeaderElection (LeaderElection.java:logAndReturn(56)) - 371e1b82-4bb4-4d16-b49f-6a899c3b1813:group-6D05C40EA2E3:LeaderElection6: Election REJECTED; received 2 response(s) [371e1b82-4bb4-4d16-b49f-6a899c3b1813->bab19ad0-87c4-4447-b53a-8abfd9d3caec,false-t1, 371e1b82-4bb4-4d16-b49f-6a899c3b1813->2b6ff1cc-5264-4550-aebe-6eb6284ff5e6,false-t1] and 0 exception(s); 371e1b82-4bb4-4d16-b49f-6a899c3b1813:t1, leader=null, voted=371e1b82-4bb4-4d16-b49f-6a899c3b1813, raftlog=371e1b82-4bb4-4d16-b49f-6a899c3b1813-SegmentedRaftLog:OPENED:c-1,f-1,i0, conf=-1: [371e1b82-4bb4-4d16-b49f-6a899c3b1813:192.168.134.69:38433, bab19ad0-87c4-4447-b53a-8abfd9d3caec:192.168.134.69:33745, 2b6ff1cc-5264-4550-aebe-6eb6284ff5e6:192.168.134.69:44205], old=null
2019-06-14 07:26:05,232 INFO  impl.RaftServerImpl (RaftServerImpl.java:setRole(164)) - 371e1b82-4bb4-4d16-b49f-6a899c3b1813:group-6D05C40EA2E3 changes role from CANDIDATE to FOLLOWER at term 1 for DISCOVERED_A_NEW_TERM
2019-06-14 07:26:05,232 INFO  impl.RoleInfo (RoleInfo.java:shutdownLeaderElection(134)) - 371e1b82-4bb4-4d16-b49f-6a899c3b1813: shutdown LeaderElection
2019-06-14 07:26:05,232 INFO  impl.RoleInfo (RoleInfo.java:updateAndGet(143)) - 371e1b82-4bb4-4d16-b49f-6a899c3b1813: start FollowerState
2019-06-14 07:26:05,229 INFO  impl.RoleInfo (RoleInfo.java:updateAndGet(143)) - bab19ad0-87c4-4447-b53a-8abfd9d3caec: start FollowerState
2019-06-14 07:26:05,246 INFO  impl.LeaderElection (LeaderElection.java:logAndReturn(56)) - 2b6ff1cc-5264-4550-aebe-6eb6284ff5e6:group-6D05C40EA2E3:LeaderElection7: Election REJECTED; received 2 response(s) [2b6ff1cc-5264-4550-aebe-6eb6284ff5e6->371e1b82-4bb4-4d16-b49f-6a899c3b1813,false-t1, 2b6ff1cc-5264-4550-aebe-6eb6284ff5e6->bab19ad0-87c4-4447-b53a-8abfd9d3caec,false-t1] and 0 exception(s); 2b6ff1cc-5264-4550-aebe-6eb6284ff5e6:t1, leader=null, voted=2b6ff1cc-5264-4550-aebe-6eb6284ff5e6, raftlog=2b6ff1cc-5264-4550-aebe-6eb6284ff5e6-SegmentedRaftLog:OPENED:c-1,f-1,i0, conf=-1: [371e1b82-4bb4-4d16-b49f-6a899c3b1813:192.168.134.69:38433, bab19ad0-87c4-4447-b53a-8abfd9d3caec:192.168.134.69:33745, 2b6ff1cc-5264-4550-aebe-6eb6284ff5e6:192.168.134.69:44205], old=null
2019-06-14 07:26:05,246 INFO  impl.RaftServerImpl (RaftServerImpl.java:setRole(164)) - 2b6ff1cc-5264-4550-aebe-6eb6284ff5e6:group-6D05C40EA2E3 changes role from CANDIDATE to FOLLOWER at term 1 for DISCOVERED_A_NEW_TERM
2019-06-14 07:26:05,246 INFO  impl.RoleInfo (RoleInfo.java:shutdownLeaderElection(134)) - 2b6ff1cc-5264-4550-aebe-6eb6284ff5e6: shutdown LeaderElection
2019-06-14 07:26:05,246 INFO  impl.RoleInfo (RoleInfo.java:updateAndGet(143)) - 2b6ff1cc-5264-4550-aebe-6eb6284ff5e6: start FollowerState
2019-06-14 07:26:05,253 INFO  impl.FollowerState (FollowerState.java:run(101)) - 8aab86ba-9ab1-411a-af44-42b5edcd785f:group-6E94F6D6669F changes to CANDIDATE, lastRpcTime:1107, electionTimeout:1106ms
2019-06-14 07:26:05,254 INFO  impl.RoleInfo (RoleInfo.java:shutdownFollowerState(121)) - 8aab86ba-9ab1-411a-af44-42b5edcd785f: shutdown FollowerState
2019-06-14 07:26:05,254 INFO  impl.RaftServerImpl (RaftServerImpl.java:setRole(164)) - 8aab86ba-9ab1-411a-af44-42b5edcd785f:group-6E94F6D6669F changes role from FOLLOWER to CANDIDATE at term 0 for changeToCandidate
2019-06-14 07:26:05,254 INFO  impl.RoleInfo (RoleInfo.java:updateAndGet(143)) - 8aab86ba-9ab1-411a-af44-42b5edcd785f: start LeaderElection
2019-06-14 07:26:05,285 INFO  impl.LeaderElection (LeaderElection.java:askForVotes(181)) - 8aab86ba-9ab1-411a-af44-42b5edcd785f:group-6E94F6D6669F:LeaderElection8: begin an election at term 1 for -1: [8aab86ba-9ab1-411a-af44-42b5edcd785f:192.168.134.69:33655], old=null
2019-06-14 07:26:05,285 INFO  impl.RoleInfo (RoleInfo.java:shutdownLeaderElection(134)) - 8aab86ba-9ab1-411a-af44-42b5edcd785f: shutdown LeaderElection
2019-06-14 07:26:05,285 INFO  impl.RaftServerImpl (RaftServerImpl.java:setRole(164)) - 8aab86ba-9ab1-411a-af44-42b5edcd785f:group-6E94F6D6669F changes role from CANDIDATE to LEADER at term 1 for changeToLeader
2019-06-14 07:26:05,285 INFO  impl.RaftServerImpl (ServerState.java:setLeader(263)) - 8aab86ba-9ab1-411a-af44-42b5edcd785f:group-6E94F6D6669F change Leader from null to 8aab86ba-9ab1-411a-af44-42b5edcd785f at term 1 for becomeLeader, leader elected after 1145ms
2019-06-14 07:26:05,287 INFO  server.RaftServerConfigKeys (ConfUtils.java:logGet(43)) - raft.server.staging.catchup.gap = 1000 (default)
2019-06-14 07:26:05,287 INFO  server.RaftServerConfigKeys (ConfUtils.java:logGet(43)) - raft.server.rpc.sleep.time = 25ms (default)
2019-06-14 07:26:05,287 INFO  server.RaftServerConfigKeys (ConfUtils.java:logGet(43)) - raft.server.watch.timeout = 10s (default)
2019-06-14 07:26:05,287 INFO  server.RaftServerConfigKeys (ConfUtils.java:logGet(43)) - raft.server.watch.timeout.denomination = 1s (default)
2019-06-14 07:26:05,287 INFO  impl.RoleInfo (RoleInfo.java:updateAndGet(143)) - 8aab86ba-9ab1-411a-af44-42b5edcd785f: start LeaderState
2019-06-14 07:26:05,287 INFO  storage.RaftLogWorker (RaftLogWorker.java:startLogSegment(298)) - 8aab86ba-9ab1-411a-af44-42b5edcd785f-RaftLogWorker: Starting segment from index:0
2019-06-14 07:26:05,292 INFO  ozone.MiniOzoneClusterImpl (MiniOzoneClusterImpl.java:lambda$waitForClusterToBeReady$0(142)) - Cluster is ready. Got 6 of 6 DN Heartbeats.
2019-06-14 07:26:05,294 INFO  impl.RaftServerImpl (ServerState.java:setRaftConf(361)) - 8aab86ba-9ab1-411a-af44-42b5edcd785f:group-6E94F6D6669F set configuration 0: [8aab86ba-9ab1-411a-af44-42b5edcd785f:192.168.134.69:33655], old=null at 0
]]></system-out>
    <system-err><![CDATA[ERROR StatusLogger No Log4j 2 configuration file found. Using default configuration (logging only errors to the console), or user programmatically provided configurations. Set system property 'log4j2.debug' to show Log4j 2 internal initialization logging. See https://logging.apache.org/log4j/2.x/manual/configuration.html for instructions on how to configure Log4j 2
Jun 14, 2019 7:25:57 AM com.sun.jersey.server.impl.application.WebApplicationImpl _initiate
INFO: Initiating Jersey application, version 'Jersey: 1.19 02/11/2015 03:25 AM'
Jun 14, 2019 7:25:58 AM com.sun.jersey.server.impl.application.WebApplicationImpl _initiate
INFO: Initiating Jersey application, version 'Jersey: 1.19 02/11/2015 03:25 AM'
Jun 14, 2019 7:25:59 AM com.sun.jersey.server.impl.application.WebApplicationImpl _initiate
INFO: Initiating Jersey application, version 'Jersey: 1.19 02/11/2015 03:25 AM'
Jun 14, 2019 7:25:59 AM com.sun.jersey.server.impl.application.WebApplicationImpl _initiate
INFO: Initiating Jersey application, version 'Jersey: 1.19 02/11/2015 03:25 AM'
Jun 14, 2019 7:25:59 AM com.sun.jersey.server.impl.application.WebApplicationImpl _initiate
INFO: Initiating Jersey application, version 'Jersey: 1.19 02/11/2015 03:25 AM'
Jun 14, 2019 7:26:00 AM com.sun.jersey.server.impl.application.WebApplicationImpl _initiate
INFO: Initiating Jersey application, version 'Jersey: 1.19 02/11/2015 03:25 AM'
]]></system-err>
  </testcase>
</testsuite>