<?xml version="1.0" encoding="UTF-8"?>
<testsuite xmlns:xsi="http://www.w3.org/2001/XMLSchema-instance" xsi:noNamespaceSchemaLocation="https://maven.apache.org/surefire/maven-surefire-plugin/xsd/surefire-test-report.xsd" name="org.apache.hadoop.hdds.scm.pipeline.TestNodeFailure" time="10.331" tests="1" errors="0" skipped="1" failures="0">
  <properties>
    <property name="awt.toolkit" value="sun.awt.X11.XToolkit"/>
    <property name="file.encoding.pkg" value="sun.io"/>
    <property name="java.specification.version" value="1.8"/>
    <property name="sun.cpu.isalist" value=""/>
    <property name="sun.jnu.encoding" value="UTF-8"/>
    <property name="java.class.path" value="/opt/src/hadoop-ozone/integration-test/target/test-classes:/opt/src/hadoop-ozone/integration-test/target/classes:/root/.m2/repository/org/apache/hadoop/hadoop-ozone-common/0.5.0-SNAPSHOT/hadoop-ozone-common-0.5.0-SNAPSHOT.jar:/root/.m2/repository/org/apache/commons/commons-compress/1.4.1/commons-compress-1.4.1.jar:/root/.m2/repository/org/tukaani/xz/1.0/xz-1.0.jar:/root/.m2/repository/org/apache/hadoop/hadoop-common/3.2.0/hadoop-common-3.2.0.jar:/root/.m2/repository/org/apache/hadoop/hadoop-hdfs/3.2.0/hadoop-hdfs-3.2.0.jar:/root/.m2/repository/org/apache/hadoop/hadoop-hdfs-client/3.2.0/hadoop-hdfs-client-3.2.0.jar:/root/.m2/repository/com/fasterxml/jackson/core/jackson-annotations/2.9.5/jackson-annotations-2.9.5.jar:/root/.m2/repository/org/apache/hadoop/hadoop-hdds-common/0.5.0-SNAPSHOT/hadoop-hdds-common-0.5.0-SNAPSHOT.jar:/root/.m2/repository/javax/annotation/javax.annotation-api/1.2/javax.annotation-api-1.2.jar:/root/.m2/repository/org/apache/ratis/ratis-server/0.4.0-fe2b15d-SNAPSHOT/ratis-server-0.4.0-fe2b15d-SNAPSHOT.jar:/root/.m2/repository/org/apache/ratis/ratis-thirdparty-misc/0.2.0/ratis-thirdparty-misc-0.2.0.jar:/root/.m2/repository/org/apache/ratis/ratis-proto/0.4.0-fe2b15d-SNAPSHOT/ratis-proto-0.4.0-fe2b15d-SNAPSHOT.jar:/root/.m2/repository/org/apache/ratis/ratis-common/0.4.0-fe2b15d-SNAPSHOT/ratis-common-0.4.0-fe2b15d-SNAPSHOT.jar:/root/.m2/repository/org/apache/ratis/ratis-client/0.4.0-fe2b15d-SNAPSHOT/ratis-client-0.4.0-fe2b15d-SNAPSHOT.jar:/root/.m2/repository/org/apache/ratis/ratis-netty/0.4.0-fe2b15d-SNAPSHOT/ratis-netty-0.4.0-fe2b15d-SNAPSHOT.jar:/root/.m2/repository/org/apache/ratis/ratis-grpc/0.4.0-fe2b15d-SNAPSHOT/ratis-grpc-0.4.0-fe2b15d-SNAPSHOT.jar:/root/.m2/repository/org/rocksdb/rocksdbjni/5.14.2/rocksdbjni-5.14.2.jar:/root/.m2/repository/org/apache/logging/log4j/log4j-api/2.11.0/log4j-api-2.11.0.jar:/root/.m2/repository/org/apache/logging/log4j/log4j-core/2.11.0/log4j-core-2.11.0.jar:/root/.m2/repository/com/lmax/disruptor/3.4.2/disruptor-3.4.2.jar:/root/.m2/repository/org/apache/commons/commons-pool2/2.6.0/commons-pool2-2.6.0.jar:/root/.m2/repository/org/bouncycastle/bcpkix-jdk15on/1.60/bcpkix-jdk15on-1.60.jar:/root/.m2/repository/commons-validator/commons-validator/1.6/commons-validator-1.6.jar:/root/.m2/repository/commons-digester/commons-digester/1.8.1/commons-digester-1.8.1.jar:/root/.m2/repository/io/jaegertracing/jaeger-client/0.33.1/jaeger-client-0.33.1.jar:/root/.m2/repository/io/jaegertracing/jaeger-thrift/0.33.1/jaeger-thrift-0.33.1.jar:/root/.m2/repository/org/apache/thrift/libthrift/0.11.0/libthrift-0.11.0.jar:/root/.m2/repository/com/squareup/okhttp3/okhttp/3.9.0/okhttp-3.9.0.jar:/root/.m2/repository/com/squareup/okio/okio/1.13.0/okio-1.13.0.jar:/root/.m2/repository/io/jaegertracing/jaeger-core/0.33.1/jaeger-core-0.33.1.jar:/root/.m2/repository/io/jaegertracing/jaeger-tracerresolver/0.33.1/jaeger-tracerresolver-0.33.1.jar:/root/.m2/repository/io/opentracing/contrib/opentracing-tracerresolver/0.1.5/opentracing-tracerresolver-0.1.5.jar:/root/.m2/repository/io/opentracing/opentracing-util/0.31.0/opentracing-util-0.31.0.jar:/root/.m2/repository/io/opentracing/opentracing-api/0.31.0/opentracing-api-0.31.0.jar:/root/.m2/repository/io/opentracing/opentracing-noop/0.31.0/opentracing-noop-0.31.0.jar:/root/.m2/repository/org/apache/hadoop/hadoop-hdds-server-framework/0.5.0-SNAPSHOT/hadoop-hdds-server-framework-0.5.0-SNAPSHOT.jar:/root/.m2/repository/org/apache/hadoop/hadoop-hdds-server-scm/0.5.0-SNAPSHOT/hadoop-hdds-server-scm-0.5.0-SNAPSHOT.jar:/root/.m2/repository/org/apache/hadoop/hadoop-hdds-container-service/0.5.0-SNAPSHOT/hadoop-hdds-container-service-0.5.0-SNAPSHOT.jar:/root/.m2/repository/org/apache/hadoop/hadoop-hdds-client/0.5.0-SNAPSHOT/hadoop-hdds-client-0.5.0-SNAPSHOT.jar:/root/.m2/repository/org/apache/hadoop/hadoop-hdds-tools/0.5.0-SNAPSHOT/hadoop-hdds-tools-0.5.0-SNAPSHOT.jar:/root/.m2/repository/org/apache/hadoop/hadoop-ozone-ozone-manager/0.5.0-SNAPSHOT/hadoop-ozone-ozone-manager-0.5.0-SNAPSHOT.jar:/root/.m2/repository/org/apache/hadoop/hadoop-hdds-docs/0.5.0-SNAPSHOT/hadoop-hdds-docs-0.5.0-SNAPSHOT.jar:/root/.m2/repository/org/bouncycastle/bcprov-jdk15on/1.60/bcprov-jdk15on-1.60.jar:/root/.m2/repository/org/apache/hadoop/hadoop-minikdc/3.2.0/hadoop-minikdc-3.2.0.jar:/root/.m2/repository/commons-io/commons-io/2.5/commons-io-2.5.jar:/root/.m2/repository/org/apache/kerby/kerb-simplekdc/1.0.1/kerb-simplekdc-1.0.1.jar:/root/.m2/repository/org/apache/kerby/kerb-client/1.0.1/kerb-client-1.0.1.jar:/root/.m2/repository/org/apache/kerby/kerby-config/1.0.1/kerby-config-1.0.1.jar:/root/.m2/repository/org/apache/kerby/kerb-core/1.0.1/kerb-core-1.0.1.jar:/root/.m2/repository/org/apache/kerby/kerby-pkix/1.0.1/kerby-pkix-1.0.1.jar:/root/.m2/repository/org/apache/kerby/kerby-asn1/1.0.1/kerby-asn1-1.0.1.jar:/root/.m2/repository/org/apache/kerby/kerby-util/1.0.1/kerby-util-1.0.1.jar:/root/.m2/repository/org/apache/kerby/kerb-common/1.0.1/kerb-common-1.0.1.jar:/root/.m2/repository/org/apache/kerby/kerb-crypto/1.0.1/kerb-crypto-1.0.1.jar:/root/.m2/repository/org/apache/kerby/kerb-util/1.0.1/kerb-util-1.0.1.jar:/root/.m2/repository/org/apache/kerby/token-provider/1.0.1/token-provider-1.0.1.jar:/root/.m2/repository/org/apache/kerby/kerb-admin/1.0.1/kerb-admin-1.0.1.jar:/root/.m2/repository/org/apache/kerby/kerb-server/1.0.1/kerb-server-1.0.1.jar:/root/.m2/repository/org/apache/kerby/kerb-identity/1.0.1/kerb-identity-1.0.1.jar:/root/.m2/repository/org/apache/kerby/kerby-xdr/1.0.1/kerby-xdr-1.0.1.jar:/root/.m2/repository/org/slf4j/slf4j-log4j12/1.7.25/slf4j-log4j12-1.7.25.jar:/root/.m2/repository/org/apache/hadoop/hadoop-ozone-objectstore-service/0.5.0-SNAPSHOT/hadoop-ozone-objectstore-service-0.5.0-SNAPSHOT.jar:/root/.m2/repository/org/apache/hadoop/hadoop-ozone-s3gateway/0.5.0-SNAPSHOT/hadoop-ozone-s3gateway-0.5.0-SNAPSHOT.jar:/root/.m2/repository/org/jboss/weld/servlet/weld-servlet/2.4.7.Final/weld-servlet-2.4.7.Final.jar:/root/.m2/repository/org/glassfish/jersey/containers/jersey-container-servlet-core/2.27/jersey-container-servlet-core-2.27.jar:/root/.m2/repository/org/glassfish/hk2/external/javax.inject/2.5.0-b42/javax.inject-2.5.0-b42.jar:/root/.m2/repository/org/glassfish/jersey/core/jersey-common/2.27/jersey-common-2.27.jar:/root/.m2/repository/org/glassfish/hk2/osgi-resource-locator/1.0.1/osgi-resource-locator-1.0.1.jar:/root/.m2/repository/javax/ws/rs/javax.ws.rs-api/2.1/javax.ws.rs-api-2.1.jar:/root/.m2/repository/org/glassfish/jersey/ext/cdi/jersey-cdi1x/2.27/jersey-cdi1x-2.27.jar:/root/.m2/repository/org/glassfish/jersey/inject/jersey-hk2/2.27/jersey-hk2-2.27.jar:/root/.m2/repository/org/glassfish/hk2/hk2-locator/2.5.0-b42/hk2-locator-2.5.0-b42.jar:/root/.m2/repository/org/javassist/javassist/3.22.0-CR2/javassist-3.22.0-CR2.jar:/root/.m2/repository/org/glassfish/hk2/hk2-api/2.5.0/hk2-api-2.5.0.jar:/root/.m2/repository/org/glassfish/hk2/external/jakarta.inject/2.5.0/jakarta.inject-2.5.0.jar:/root/.m2/repository/org/glassfish/hk2/hk2-utils/2.5.0/hk2-utils-2.5.0.jar:/root/.m2/repository/jakarta/annotation/jakarta.annotation-api/1.3.4/jakarta.annotation-api-1.3.4.jar:/root/.m2/repository/org/glassfish/hk2/external/aopalliance-repackaged/2.5.0/aopalliance-repackaged-2.5.0.jar:/root/.m2/repository/com/fasterxml/jackson/dataformat/jackson-dataformat-xml/2.9.0/jackson-dataformat-xml-2.9.0.jar:/root/.m2/repository/com/fasterxml/jackson/core/jackson-core/2.9.5/jackson-core-2.9.5.jar:/root/.m2/repository/com/fasterxml/jackson/module/jackson-module-jaxb-annotations/2.9.5/jackson-module-jaxb-annotations-2.9.5.jar:/root/.m2/repository/javax/enterprise/cdi-api/1.2/cdi-api-1.2.jar:/root/.m2/repository/javax/el/javax.el-api/3.0.0/javax.el-api-3.0.0.jar:/root/.m2/repository/javax/interceptor/javax.interceptor-api/1.2/javax.interceptor-api-1.2.jar:/root/.m2/repository/javax/inject/javax.inject/1/javax.inject-1.jar:/root/.m2/repository/com/sun/xml/bind/jaxb-impl/2.3.0.1/jaxb-impl-2.3.0.1.jar:/root/.m2/repository/com/sun/xml/bind/jaxb-core/2.3.0.1/jaxb-core-2.3.0.1.jar:/root/.m2/repository/javax/xml/bind/jaxb-api/2.3.0/jaxb-api-2.3.0.jar:/root/.m2/repository/javax/activation/activation/1.1.1/activation-1.1.1.jar:/root/.m2/repository/org/apache/hadoop/hadoop-ozone-csi/0.5.0-SNAPSHOT/hadoop-ozone-csi-0.5.0-SNAPSHOT.jar:/root/.m2/repository/com/google/protobuf/protobuf-java-util/3.5.1/protobuf-java-util-3.5.1.jar:/root/.m2/repository/org/apache/hadoop/hadoop-hdds-config/0.5.0-SNAPSHOT/hadoop-hdds-config-0.5.0-SNAPSHOT.jar:/root/.m2/repository/com/google/guava/guava/11.0.2/guava-11.0.2.jar:/root/.m2/repository/com/google/protobuf/protobuf-java/2.5.0/protobuf-java-2.5.0.jar:/root/.m2/repository/io/grpc/grpc-netty/1.17.1/grpc-netty-1.17.1.jar:/root/.m2/repository/io/grpc/grpc-core/1.17.1/grpc-core-1.17.1.jar:/root/.m2/repository/io/grpc/grpc-context/1.17.1/grpc-context-1.17.1.jar:/root/.m2/repository/com/google/errorprone/error_prone_annotations/2.2.0/error_prone_annotations-2.2.0.jar:/root/.m2/repository/org/codehaus/mojo/animal-sniffer-annotations/1.17/animal-sniffer-annotations-1.17.jar:/root/.m2/repository/io/opencensus/opencensus-api/0.17.0/opencensus-api-0.17.0.jar:/root/.m2/repository/io/opencensus/opencensus-contrib-grpc-metrics/0.17.0/opencensus-contrib-grpc-metrics-0.17.0.jar:/root/.m2/repository/io/netty/netty-codec-http2/4.1.30.Final/netty-codec-http2-4.1.30.Final.jar:/root/.m2/repository/io/netty/netty-codec-http/4.1.30.Final/netty-codec-http-4.1.30.Final.jar:/root/.m2/repository/io/netty/netty-codec/4.1.30.Final/netty-codec-4.1.30.Final.jar:/root/.m2/repository/io/netty/netty-handler/4.1.30.Final/netty-handler-4.1.30.Final.jar:/root/.m2/repository/io/netty/netty-handler-proxy/4.1.30.Final/netty-handler-proxy-4.1.30.Final.jar:/root/.m2/repository/io/netty/netty-codec-socks/4.1.30.Final/netty-codec-socks-4.1.30.Final.jar:/root/.m2/repository/io/netty/netty-transport-native-epoll/4.1.30.Final/netty-transport-native-epoll-4.1.30.Final.jar:/root/.m2/repository/io/netty/netty-common/4.1.30.Final/netty-common-4.1.30.Final.jar:/root/.m2/repository/io/netty/netty-buffer/4.1.30.Final/netty-buffer-4.1.30.Final.jar:/root/.m2/repository/io/netty/netty-transport/4.1.30.Final/netty-transport-4.1.30.Final.jar:/root/.m2/repository/io/netty/netty-resolver/4.1.30.Final/netty-resolver-4.1.30.Final.jar:/root/.m2/repository/io/netty/netty-transport-native-unix-common/4.1.30.Final/netty-transport-native-unix-common-4.1.30.Final.jar:/root/.m2/repository/io/grpc/grpc-protobuf/1.17.1/grpc-protobuf-1.17.1.jar:/root/.m2/repository/com/google/api/grpc/proto-google-common-protos/1.0.0/proto-google-common-protos-1.0.0.jar:/root/.m2/repository/io/grpc/grpc-protobuf-lite/1.17.1/grpc-protobuf-lite-1.17.1.jar:/root/.m2/repository/io/grpc/grpc-stub/1.17.1/grpc-stub-1.17.1.jar:/root/.m2/repository/org/apache/hadoop/hadoop-ozone-recon/0.5.0-SNAPSHOT/hadoop-ozone-recon-0.5.0-SNAPSHOT.jar:/root/.m2/repository/org/apache/hadoop/hadoop-ozone-reconcodegen/0.5.0-SNAPSHOT/hadoop-ozone-reconcodegen-0.5.0-SNAPSHOT.jar:/root/.m2/repository/com/google/inject/extensions/guice-multibindings/4.0/guice-multibindings-4.0.jar:/root/.m2/repository/com/google/inject/guice/4.0/guice-4.0.jar:/root/.m2/repository/aopalliance/aopalliance/1.0/aopalliance-1.0.jar:/root/.m2/repository/com/google/inject/extensions/guice-servlet/4.0/guice-servlet-4.0.jar:/root/.m2/repository/org/glassfish/jersey/containers/jersey-container-servlet/2.27/jersey-container-servlet-2.27.jar:/root/.m2/repository/org/glassfish/hk2/guice-bridge/2.5.0/guice-bridge-2.5.0.jar:/root/.m2/repository/org/glassfish/jersey/core/jersey-server/2.27/jersey-server-2.27.jar:/root/.m2/repository/org/glassfish/jersey/core/jersey-client/2.27/jersey-client-2.27.jar:/root/.m2/repository/org/glassfish/jersey/media/jersey-media-jaxb/2.27/jersey-media-jaxb-2.27.jar:/root/.m2/repository/javax/validation/validation-api/1.1.0.Final/validation-api-1.1.0.Final.jar:/root/.m2/repository/org/glassfish/jersey/media/jersey-media-json-jackson/2.27/jersey-media-json-jackson-2.27.jar:/root/.m2/repository/org/glassfish/jersey/ext/jersey-entity-filtering/2.27/jersey-entity-filtering-2.27.jar:/root/.m2/repository/com/google/inject/extensions/guice-assistedinject/4.0/guice-assistedinject-4.0.jar:/root/.m2/repository/org/jooq/jooq/3.11.10/jooq-3.11.10.jar:/root/.m2/repository/org/jooq/jooq-meta/3.11.10/jooq-meta-3.11.10.jar:/root/.m2/repository/org/jooq/jooq-codegen/3.11.10/jooq-codegen-3.11.10.jar:/root/.m2/repository/com/jolbox/bonecp/0.8.0.RELEASE/bonecp-0.8.0.RELEASE.jar:/root/.m2/repository/org/xerial/sqlite-jdbc/3.25.2/sqlite-jdbc-3.25.2.jar:/root/.m2/repository/org/springframework/spring-jdbc/5.1.3.RELEASE/spring-jdbc-5.1.3.RELEASE.jar:/root/.m2/repository/org/springframework/spring-beans/5.1.3.RELEASE/spring-beans-5.1.3.RELEASE.jar:/root/.m2/repository/org/springframework/spring-core/5.1.3.RELEASE/spring-core-5.1.3.RELEASE.jar:/root/.m2/repository/org/springframework/spring-jcl/5.1.3.RELEASE/spring-jcl-5.1.3.RELEASE.jar:/root/.m2/repository/org/springframework/spring-tx/5.1.3.RELEASE/spring-tx-5.1.3.RELEASE.jar:/root/.m2/repository/org/apache/hadoop/hadoop-ozone-client/0.5.0-SNAPSHOT/hadoop-ozone-client-0.5.0-SNAPSHOT.jar:/root/.m2/repository/org/apache/hadoop/hadoop-ozone-ozone-manager/0.5.0-SNAPSHOT/hadoop-ozone-ozone-manager-0.5.0-SNAPSHOT-tests.jar:/root/.m2/repository/junit/junit/4.11/junit-4.11.jar:/root/.m2/repository/org/hamcrest/hamcrest-core/1.3/hamcrest-core-1.3.jar:/root/.m2/repository/org/openjdk/jmh/jmh-core/1.19/jmh-core-1.19.jar:/root/.m2/repository/net/sf/jopt-simple/jopt-simple/4.6/jopt-simple-4.6.jar:/root/.m2/repository/org/apache/commons/commons-math3/3.1.1/commons-math3-3.1.1.jar:/root/.m2/repository/org/openjdk/jmh/jmh-generator-annprocess/1.19/jmh-generator-annprocess-1.19.jar:/root/.m2/repository/org/mockito/mockito-all/1.8.5/mockito-all-1.8.5.jar:/root/.m2/repository/org/apache/hadoop/hadoop-kms/3.2.0/hadoop-kms-3.2.0.jar:/root/.m2/repository/org/apache/hadoop/hadoop-auth/3.2.0/hadoop-auth-3.2.0.jar:/root/.m2/repository/com/nimbusds/nimbus-jose-jwt/4.41.1/nimbus-jose-jwt-4.41.1.jar:/root/.m2/repository/com/github/stephenc/jcip/jcip-annotations/1.0-1/jcip-annotations-1.0-1.jar:/root/.m2/repository/net/minidev/json-smart/2.3/json-smart-2.3.jar:/root/.m2/repository/net/minidev/accessors-smart/1.2/accessors-smart-1.2.jar:/root/.m2/repository/org/ow2/asm/asm/5.0.4/asm-5.0.4.jar:/root/.m2/repository/org/apache/curator/curator-framework/2.12.0/curator-framework-2.12.0.jar:/root/.m2/repository/com/sun/jersey/jersey-core/1.19/jersey-core-1.19.jar:/root/.m2/repository/javax/ws/rs/jsr311-api/1.1.1/jsr311-api-1.1.1.jar:/root/.m2/repository/com/sun/jersey/jersey-server/1.19/jersey-server-1.19.jar:/root/.m2/repository/javax/servlet/javax.servlet-api/3.1.0/javax.servlet-api-3.1.0.jar:/root/.m2/repository/org/eclipse/jetty/jetty-server/9.3.24.v20180605/jetty-server-9.3.24.v20180605.jar:/root/.m2/repository/org/eclipse/jetty/jetty-http/9.3.24.v20180605/jetty-http-9.3.24.v20180605.jar:/root/.m2/repository/org/eclipse/jetty/jetty-io/9.3.24.v20180605/jetty-io-9.3.24.v20180605.jar:/root/.m2/repository/org/eclipse/jetty/jetty-webapp/9.3.24.v20180605/jetty-webapp-9.3.24.v20180605.jar:/root/.m2/repository/org/eclipse/jetty/jetty-xml/9.3.24.v20180605/jetty-xml-9.3.24.v20180605.jar:/root/.m2/repository/log4j/log4j/1.2.17/log4j-1.2.17.jar:/root/.m2/repository/org/slf4j/slf4j-api/1.7.25/slf4j-api-1.7.25.jar:/root/.m2/repository/org/slf4j/jul-to-slf4j/1.7.25/jul-to-slf4j-1.7.25.jar:/root/.m2/repository/org/eclipse/jetty/jetty-util/9.3.24.v20180605/jetty-util-9.3.24.v20180605.jar:/root/.m2/repository/io/dropwizard/metrics/metrics-core/3.2.4/metrics-core-3.2.4.jar:/root/.m2/repository/com/fasterxml/jackson/core/jackson-databind/2.9.5/jackson-databind-2.9.5.jar:/root/.m2/repository/org/apache/hadoop/hadoop-kms/3.2.0/hadoop-kms-3.2.0-tests.jar:/root/.m2/repository/org/apache/hadoop/hadoop-hdds-server-scm/0.5.0-SNAPSHOT/hadoop-hdds-server-scm-0.5.0-SNAPSHOT-tests.jar:/root/.m2/repository/org/hamcrest/hamcrest-all/1.3/hamcrest-all-1.3.jar:/root/.m2/repository/info/picocli/picocli/3.9.6/picocli-3.9.6.jar:/root/.m2/repository/org/apache/hadoop/hadoop-hdds-container-service/0.5.0-SNAPSHOT/hadoop-hdds-container-service-0.5.0-SNAPSHOT-tests.jar:/root/.m2/repository/org/yaml/snakeyaml/1.16/snakeyaml-1.16.jar:/root/.m2/repository/org/apache/hadoop/hadoop-common/3.2.0/hadoop-common-3.2.0-tests.jar:/root/.m2/repository/org/apache/hadoop/hadoop-annotations/3.2.0/hadoop-annotations-3.2.0.jar:/usr/lib/jvm/java-1.8-openjdk/jre/../lib/tools.jar:/root/.m2/repository/commons-cli/commons-cli/1.2/commons-cli-1.2.jar:/root/.m2/repository/org/apache/httpcomponents/httpclient/4.5.2/httpclient-4.5.2.jar:/root/.m2/repository/org/apache/httpcomponents/httpcore/4.4.4/httpcore-4.4.4.jar:/root/.m2/repository/commons-codec/commons-codec/1.11/commons-codec-1.11.jar:/root/.m2/repository/commons-net/commons-net/3.6/commons-net-3.6.jar:/root/.m2/repository/commons-collections/commons-collections/3.2.2/commons-collections-3.2.2.jar:/root/.m2/repository/org/eclipse/jetty/jetty-servlet/9.3.24.v20180605/jetty-servlet-9.3.24.v20180605.jar:/root/.m2/repository/org/eclipse/jetty/jetty-security/9.3.24.v20180605/jetty-security-9.3.24.v20180605.jar:/root/.m2/repository/javax/servlet/jsp/jsp-api/2.1/jsp-api-2.1.jar:/root/.m2/repository/com/sun/jersey/jersey-servlet/1.19/jersey-servlet-1.19.jar:/root/.m2/repository/com/sun/jersey/jersey-json/1.19/jersey-json-1.19.jar:/root/.m2/repository/org/codehaus/jettison/jettison/1.1/jettison-1.1.jar:/root/.m2/repository/org/codehaus/jackson/jackson-core-asl/1.9.13/jackson-core-asl-1.9.13.jar:/root/.m2/repository/org/codehaus/jackson/jackson-mapper-asl/1.9.13/jackson-mapper-asl-1.9.13.jar:/root/.m2/repository/org/codehaus/jackson/jackson-jaxrs/1.9.13/jackson-jaxrs-1.9.13.jar:/root/.m2/repository/org/codehaus/jackson/jackson-xc/1.9.13/jackson-xc-1.9.13.jar:/root/.m2/repository/commons-logging/commons-logging/1.1.3/commons-logging-1.1.3.jar:/root/.m2/repository/commons-beanutils/commons-beanutils/1.9.3/commons-beanutils-1.9.3.jar:/root/.m2/repository/org/apache/commons/commons-configuration2/2.1.1/commons-configuration2-2.1.1.jar:/root/.m2/repository/org/apache/commons/commons-lang3/3.7/commons-lang3-3.7.jar:/root/.m2/repository/org/apache/commons/commons-text/1.4/commons-text-1.4.jar:/root/.m2/repository/org/apache/avro/avro/1.7.7/avro-1.7.7.jar:/root/.m2/repository/com/thoughtworks/paranamer/paranamer/2.3/paranamer-2.3.jar:/root/.m2/repository/org/xerial/snappy/snappy-java/1.0.5/snappy-java-1.0.5.jar:/root/.m2/repository/com/google/re2j/re2j/1.1/re2j-1.1.jar:/root/.m2/repository/com/google/code/gson/gson/2.2.4/gson-2.2.4.jar:/root/.m2/repository/com/jcraft/jsch/0.1.54/jsch-0.1.54.jar:/root/.m2/repository/org/apache/curator/curator-client/2.12.0/curator-client-2.12.0.jar:/root/.m2/repository/org/apache/curator/curator-recipes/2.12.0/curator-recipes-2.12.0.jar:/root/.m2/repository/com/google/code/findbugs/jsr305/3.0.0/jsr305-3.0.0.jar:/root/.m2/repository/org/apache/htrace/htrace-core4/4.1.0-incubating/htrace-core4-4.1.0-incubating.jar:/root/.m2/repository/org/apache/zookeeper/zookeeper/3.4.13/zookeeper-3.4.13.jar:/root/.m2/repository/org/apache/yetus/audience-annotations/0.5.0/audience-annotations-0.5.0.jar:/root/.m2/repository/org/codehaus/woodstox/stax2-api/3.1.4/stax2-api-3.1.4.jar:/root/.m2/repository/com/fasterxml/woodstox/woodstox-core/5.0.3/woodstox-core-5.0.3.jar:/root/.m2/repository/dnsjava/dnsjava/2.1.7/dnsjava-2.1.7.jar:/root/.m2/repository/org/apache/hadoop/hadoop-hdfs/3.2.0/hadoop-hdfs-3.2.0-tests.jar:/root/.m2/repository/org/eclipse/jetty/jetty-util-ajax/9.3.24.v20180605/jetty-util-ajax-9.3.24.v20180605.jar:/root/.m2/repository/commons-daemon/commons-daemon/1.0.13/commons-daemon-1.0.13.jar:/root/.m2/repository/io/netty/netty/3.10.5.Final/netty-3.10.5.Final.jar:/root/.m2/repository/io/netty/netty-all/4.0.52.Final/netty-all-4.0.52.Final.jar:/root/.m2/repository/org/fusesource/leveldbjni/leveldbjni-all/1.8/leveldbjni-all-1.8.jar:"/>
    <property name="java.vm.vendor" value="IcedTea"/>
    <property name="sun.arch.data.model" value="64"/>
    <property name="test.build.dir" value="/opt/src/hadoop-ozone/integration-test/target/test-dir"/>
    <property name="test.cache.data" value=""/>
    <property name="java.vendor.url" value="https://icedtea.classpath.org"/>
    <property name="user.timezone" value=""/>
    <property name="java.vm.specification.version" value="1.8"/>
    <property name="os.name" value="Linux"/>
    <property name="test.build.data" value="/opt/src/hadoop-ozone/integration-test/target/test-dir"/>
    <property name="user.country" value="US"/>
    <property name="sun.java.launcher" value="SUN_STANDARD"/>
    <property name="sun.boot.library.path" value="/usr/lib/jvm/java-1.8-openjdk/jre/lib/amd64"/>
    <property name="sun.java.command" value="/opt/src/hadoop-ozone/integration-test/target/surefire/surefirebooter995728563975210075.jar /opt/src/hadoop-ozone/integration-test/target/surefire 2019-06-12T13-12-33_348-jvmRun1 surefire5268097312576876913tmp surefire_8173626128374775535tmp"/>
    <property name="surefire.test.class.path" value="/opt/src/hadoop-ozone/integration-test/target/test-classes:/opt/src/hadoop-ozone/integration-test/target/classes:/root/.m2/repository/org/apache/hadoop/hadoop-ozone-common/0.5.0-SNAPSHOT/hadoop-ozone-common-0.5.0-SNAPSHOT.jar:/root/.m2/repository/org/apache/commons/commons-compress/1.4.1/commons-compress-1.4.1.jar:/root/.m2/repository/org/tukaani/xz/1.0/xz-1.0.jar:/root/.m2/repository/org/apache/hadoop/hadoop-common/3.2.0/hadoop-common-3.2.0.jar:/root/.m2/repository/org/apache/hadoop/hadoop-hdfs/3.2.0/hadoop-hdfs-3.2.0.jar:/root/.m2/repository/org/apache/hadoop/hadoop-hdfs-client/3.2.0/hadoop-hdfs-client-3.2.0.jar:/root/.m2/repository/com/fasterxml/jackson/core/jackson-annotations/2.9.5/jackson-annotations-2.9.5.jar:/root/.m2/repository/org/apache/hadoop/hadoop-hdds-common/0.5.0-SNAPSHOT/hadoop-hdds-common-0.5.0-SNAPSHOT.jar:/root/.m2/repository/javax/annotation/javax.annotation-api/1.2/javax.annotation-api-1.2.jar:/root/.m2/repository/org/apache/ratis/ratis-server/0.4.0-fe2b15d-SNAPSHOT/ratis-server-0.4.0-fe2b15d-SNAPSHOT.jar:/root/.m2/repository/org/apache/ratis/ratis-thirdparty-misc/0.2.0/ratis-thirdparty-misc-0.2.0.jar:/root/.m2/repository/org/apache/ratis/ratis-proto/0.4.0-fe2b15d-SNAPSHOT/ratis-proto-0.4.0-fe2b15d-SNAPSHOT.jar:/root/.m2/repository/org/apache/ratis/ratis-common/0.4.0-fe2b15d-SNAPSHOT/ratis-common-0.4.0-fe2b15d-SNAPSHOT.jar:/root/.m2/repository/org/apache/ratis/ratis-client/0.4.0-fe2b15d-SNAPSHOT/ratis-client-0.4.0-fe2b15d-SNAPSHOT.jar:/root/.m2/repository/org/apache/ratis/ratis-netty/0.4.0-fe2b15d-SNAPSHOT/ratis-netty-0.4.0-fe2b15d-SNAPSHOT.jar:/root/.m2/repository/org/apache/ratis/ratis-grpc/0.4.0-fe2b15d-SNAPSHOT/ratis-grpc-0.4.0-fe2b15d-SNAPSHOT.jar:/root/.m2/repository/org/rocksdb/rocksdbjni/5.14.2/rocksdbjni-5.14.2.jar:/root/.m2/repository/org/apache/logging/log4j/log4j-api/2.11.0/log4j-api-2.11.0.jar:/root/.m2/repository/org/apache/logging/log4j/log4j-core/2.11.0/log4j-core-2.11.0.jar:/root/.m2/repository/com/lmax/disruptor/3.4.2/disruptor-3.4.2.jar:/root/.m2/repository/org/apache/commons/commons-pool2/2.6.0/commons-pool2-2.6.0.jar:/root/.m2/repository/org/bouncycastle/bcpkix-jdk15on/1.60/bcpkix-jdk15on-1.60.jar:/root/.m2/repository/commons-validator/commons-validator/1.6/commons-validator-1.6.jar:/root/.m2/repository/commons-digester/commons-digester/1.8.1/commons-digester-1.8.1.jar:/root/.m2/repository/io/jaegertracing/jaeger-client/0.33.1/jaeger-client-0.33.1.jar:/root/.m2/repository/io/jaegertracing/jaeger-thrift/0.33.1/jaeger-thrift-0.33.1.jar:/root/.m2/repository/org/apache/thrift/libthrift/0.11.0/libthrift-0.11.0.jar:/root/.m2/repository/com/squareup/okhttp3/okhttp/3.9.0/okhttp-3.9.0.jar:/root/.m2/repository/com/squareup/okio/okio/1.13.0/okio-1.13.0.jar:/root/.m2/repository/io/jaegertracing/jaeger-core/0.33.1/jaeger-core-0.33.1.jar:/root/.m2/repository/io/jaegertracing/jaeger-tracerresolver/0.33.1/jaeger-tracerresolver-0.33.1.jar:/root/.m2/repository/io/opentracing/contrib/opentracing-tracerresolver/0.1.5/opentracing-tracerresolver-0.1.5.jar:/root/.m2/repository/io/opentracing/opentracing-util/0.31.0/opentracing-util-0.31.0.jar:/root/.m2/repository/io/opentracing/opentracing-api/0.31.0/opentracing-api-0.31.0.jar:/root/.m2/repository/io/opentracing/opentracing-noop/0.31.0/opentracing-noop-0.31.0.jar:/root/.m2/repository/org/apache/hadoop/hadoop-hdds-server-framework/0.5.0-SNAPSHOT/hadoop-hdds-server-framework-0.5.0-SNAPSHOT.jar:/root/.m2/repository/org/apache/hadoop/hadoop-hdds-server-scm/0.5.0-SNAPSHOT/hadoop-hdds-server-scm-0.5.0-SNAPSHOT.jar:/root/.m2/repository/org/apache/hadoop/hadoop-hdds-container-service/0.5.0-SNAPSHOT/hadoop-hdds-container-service-0.5.0-SNAPSHOT.jar:/root/.m2/repository/org/apache/hadoop/hadoop-hdds-client/0.5.0-SNAPSHOT/hadoop-hdds-client-0.5.0-SNAPSHOT.jar:/root/.m2/repository/org/apache/hadoop/hadoop-hdds-tools/0.5.0-SNAPSHOT/hadoop-hdds-tools-0.5.0-SNAPSHOT.jar:/root/.m2/repository/org/apache/hadoop/hadoop-ozone-ozone-manager/0.5.0-SNAPSHOT/hadoop-ozone-ozone-manager-0.5.0-SNAPSHOT.jar:/root/.m2/repository/org/apache/hadoop/hadoop-hdds-docs/0.5.0-SNAPSHOT/hadoop-hdds-docs-0.5.0-SNAPSHOT.jar:/root/.m2/repository/org/bouncycastle/bcprov-jdk15on/1.60/bcprov-jdk15on-1.60.jar:/root/.m2/repository/org/apache/hadoop/hadoop-minikdc/3.2.0/hadoop-minikdc-3.2.0.jar:/root/.m2/repository/commons-io/commons-io/2.5/commons-io-2.5.jar:/root/.m2/repository/org/apache/kerby/kerb-simplekdc/1.0.1/kerb-simplekdc-1.0.1.jar:/root/.m2/repository/org/apache/kerby/kerb-client/1.0.1/kerb-client-1.0.1.jar:/root/.m2/repository/org/apache/kerby/kerby-config/1.0.1/kerby-config-1.0.1.jar:/root/.m2/repository/org/apache/kerby/kerb-core/1.0.1/kerb-core-1.0.1.jar:/root/.m2/repository/org/apache/kerby/kerby-pkix/1.0.1/kerby-pkix-1.0.1.jar:/root/.m2/repository/org/apache/kerby/kerby-asn1/1.0.1/kerby-asn1-1.0.1.jar:/root/.m2/repository/org/apache/kerby/kerby-util/1.0.1/kerby-util-1.0.1.jar:/root/.m2/repository/org/apache/kerby/kerb-common/1.0.1/kerb-common-1.0.1.jar:/root/.m2/repository/org/apache/kerby/kerb-crypto/1.0.1/kerb-crypto-1.0.1.jar:/root/.m2/repository/org/apache/kerby/kerb-util/1.0.1/kerb-util-1.0.1.jar:/root/.m2/repository/org/apache/kerby/token-provider/1.0.1/token-provider-1.0.1.jar:/root/.m2/repository/org/apache/kerby/kerb-admin/1.0.1/kerb-admin-1.0.1.jar:/root/.m2/repository/org/apache/kerby/kerb-server/1.0.1/kerb-server-1.0.1.jar:/root/.m2/repository/org/apache/kerby/kerb-identity/1.0.1/kerb-identity-1.0.1.jar:/root/.m2/repository/org/apache/kerby/kerby-xdr/1.0.1/kerby-xdr-1.0.1.jar:/root/.m2/repository/org/slf4j/slf4j-log4j12/1.7.25/slf4j-log4j12-1.7.25.jar:/root/.m2/repository/org/apache/hadoop/hadoop-ozone-objectstore-service/0.5.0-SNAPSHOT/hadoop-ozone-objectstore-service-0.5.0-SNAPSHOT.jar:/root/.m2/repository/org/apache/hadoop/hadoop-ozone-s3gateway/0.5.0-SNAPSHOT/hadoop-ozone-s3gateway-0.5.0-SNAPSHOT.jar:/root/.m2/repository/org/jboss/weld/servlet/weld-servlet/2.4.7.Final/weld-servlet-2.4.7.Final.jar:/root/.m2/repository/org/glassfish/jersey/containers/jersey-container-servlet-core/2.27/jersey-container-servlet-core-2.27.jar:/root/.m2/repository/org/glassfish/hk2/external/javax.inject/2.5.0-b42/javax.inject-2.5.0-b42.jar:/root/.m2/repository/org/glassfish/jersey/core/jersey-common/2.27/jersey-common-2.27.jar:/root/.m2/repository/org/glassfish/hk2/osgi-resource-locator/1.0.1/osgi-resource-locator-1.0.1.jar:/root/.m2/repository/javax/ws/rs/javax.ws.rs-api/2.1/javax.ws.rs-api-2.1.jar:/root/.m2/repository/org/glassfish/jersey/ext/cdi/jersey-cdi1x/2.27/jersey-cdi1x-2.27.jar:/root/.m2/repository/org/glassfish/jersey/inject/jersey-hk2/2.27/jersey-hk2-2.27.jar:/root/.m2/repository/org/glassfish/hk2/hk2-locator/2.5.0-b42/hk2-locator-2.5.0-b42.jar:/root/.m2/repository/org/javassist/javassist/3.22.0-CR2/javassist-3.22.0-CR2.jar:/root/.m2/repository/org/glassfish/hk2/hk2-api/2.5.0/hk2-api-2.5.0.jar:/root/.m2/repository/org/glassfish/hk2/external/jakarta.inject/2.5.0/jakarta.inject-2.5.0.jar:/root/.m2/repository/org/glassfish/hk2/hk2-utils/2.5.0/hk2-utils-2.5.0.jar:/root/.m2/repository/jakarta/annotation/jakarta.annotation-api/1.3.4/jakarta.annotation-api-1.3.4.jar:/root/.m2/repository/org/glassfish/hk2/external/aopalliance-repackaged/2.5.0/aopalliance-repackaged-2.5.0.jar:/root/.m2/repository/com/fasterxml/jackson/dataformat/jackson-dataformat-xml/2.9.0/jackson-dataformat-xml-2.9.0.jar:/root/.m2/repository/com/fasterxml/jackson/core/jackson-core/2.9.5/jackson-core-2.9.5.jar:/root/.m2/repository/com/fasterxml/jackson/module/jackson-module-jaxb-annotations/2.9.5/jackson-module-jaxb-annotations-2.9.5.jar:/root/.m2/repository/javax/enterprise/cdi-api/1.2/cdi-api-1.2.jar:/root/.m2/repository/javax/el/javax.el-api/3.0.0/javax.el-api-3.0.0.jar:/root/.m2/repository/javax/interceptor/javax.interceptor-api/1.2/javax.interceptor-api-1.2.jar:/root/.m2/repository/javax/inject/javax.inject/1/javax.inject-1.jar:/root/.m2/repository/com/sun/xml/bind/jaxb-impl/2.3.0.1/jaxb-impl-2.3.0.1.jar:/root/.m2/repository/com/sun/xml/bind/jaxb-core/2.3.0.1/jaxb-core-2.3.0.1.jar:/root/.m2/repository/javax/xml/bind/jaxb-api/2.3.0/jaxb-api-2.3.0.jar:/root/.m2/repository/javax/activation/activation/1.1.1/activation-1.1.1.jar:/root/.m2/repository/org/apache/hadoop/hadoop-ozone-csi/0.5.0-SNAPSHOT/hadoop-ozone-csi-0.5.0-SNAPSHOT.jar:/root/.m2/repository/com/google/protobuf/protobuf-java-util/3.5.1/protobuf-java-util-3.5.1.jar:/root/.m2/repository/org/apache/hadoop/hadoop-hdds-config/0.5.0-SNAPSHOT/hadoop-hdds-config-0.5.0-SNAPSHOT.jar:/root/.m2/repository/com/google/guava/guava/11.0.2/guava-11.0.2.jar:/root/.m2/repository/com/google/protobuf/protobuf-java/2.5.0/protobuf-java-2.5.0.jar:/root/.m2/repository/io/grpc/grpc-netty/1.17.1/grpc-netty-1.17.1.jar:/root/.m2/repository/io/grpc/grpc-core/1.17.1/grpc-core-1.17.1.jar:/root/.m2/repository/io/grpc/grpc-context/1.17.1/grpc-context-1.17.1.jar:/root/.m2/repository/com/google/errorprone/error_prone_annotations/2.2.0/error_prone_annotations-2.2.0.jar:/root/.m2/repository/org/codehaus/mojo/animal-sniffer-annotations/1.17/animal-sniffer-annotations-1.17.jar:/root/.m2/repository/io/opencensus/opencensus-api/0.17.0/opencensus-api-0.17.0.jar:/root/.m2/repository/io/opencensus/opencensus-contrib-grpc-metrics/0.17.0/opencensus-contrib-grpc-metrics-0.17.0.jar:/root/.m2/repository/io/netty/netty-codec-http2/4.1.30.Final/netty-codec-http2-4.1.30.Final.jar:/root/.m2/repository/io/netty/netty-codec-http/4.1.30.Final/netty-codec-http-4.1.30.Final.jar:/root/.m2/repository/io/netty/netty-codec/4.1.30.Final/netty-codec-4.1.30.Final.jar:/root/.m2/repository/io/netty/netty-handler/4.1.30.Final/netty-handler-4.1.30.Final.jar:/root/.m2/repository/io/netty/netty-handler-proxy/4.1.30.Final/netty-handler-proxy-4.1.30.Final.jar:/root/.m2/repository/io/netty/netty-codec-socks/4.1.30.Final/netty-codec-socks-4.1.30.Final.jar:/root/.m2/repository/io/netty/netty-transport-native-epoll/4.1.30.Final/netty-transport-native-epoll-4.1.30.Final.jar:/root/.m2/repository/io/netty/netty-common/4.1.30.Final/netty-common-4.1.30.Final.jar:/root/.m2/repository/io/netty/netty-buffer/4.1.30.Final/netty-buffer-4.1.30.Final.jar:/root/.m2/repository/io/netty/netty-transport/4.1.30.Final/netty-transport-4.1.30.Final.jar:/root/.m2/repository/io/netty/netty-resolver/4.1.30.Final/netty-resolver-4.1.30.Final.jar:/root/.m2/repository/io/netty/netty-transport-native-unix-common/4.1.30.Final/netty-transport-native-unix-common-4.1.30.Final.jar:/root/.m2/repository/io/grpc/grpc-protobuf/1.17.1/grpc-protobuf-1.17.1.jar:/root/.m2/repository/com/google/api/grpc/proto-google-common-protos/1.0.0/proto-google-common-protos-1.0.0.jar:/root/.m2/repository/io/grpc/grpc-protobuf-lite/1.17.1/grpc-protobuf-lite-1.17.1.jar:/root/.m2/repository/io/grpc/grpc-stub/1.17.1/grpc-stub-1.17.1.jar:/root/.m2/repository/org/apache/hadoop/hadoop-ozone-recon/0.5.0-SNAPSHOT/hadoop-ozone-recon-0.5.0-SNAPSHOT.jar:/root/.m2/repository/org/apache/hadoop/hadoop-ozone-reconcodegen/0.5.0-SNAPSHOT/hadoop-ozone-reconcodegen-0.5.0-SNAPSHOT.jar:/root/.m2/repository/com/google/inject/extensions/guice-multibindings/4.0/guice-multibindings-4.0.jar:/root/.m2/repository/com/google/inject/guice/4.0/guice-4.0.jar:/root/.m2/repository/aopalliance/aopalliance/1.0/aopalliance-1.0.jar:/root/.m2/repository/com/google/inject/extensions/guice-servlet/4.0/guice-servlet-4.0.jar:/root/.m2/repository/org/glassfish/jersey/containers/jersey-container-servlet/2.27/jersey-container-servlet-2.27.jar:/root/.m2/repository/org/glassfish/hk2/guice-bridge/2.5.0/guice-bridge-2.5.0.jar:/root/.m2/repository/org/glassfish/jersey/core/jersey-server/2.27/jersey-server-2.27.jar:/root/.m2/repository/org/glassfish/jersey/core/jersey-client/2.27/jersey-client-2.27.jar:/root/.m2/repository/org/glassfish/jersey/media/jersey-media-jaxb/2.27/jersey-media-jaxb-2.27.jar:/root/.m2/repository/javax/validation/validation-api/1.1.0.Final/validation-api-1.1.0.Final.jar:/root/.m2/repository/org/glassfish/jersey/media/jersey-media-json-jackson/2.27/jersey-media-json-jackson-2.27.jar:/root/.m2/repository/org/glassfish/jersey/ext/jersey-entity-filtering/2.27/jersey-entity-filtering-2.27.jar:/root/.m2/repository/com/google/inject/extensions/guice-assistedinject/4.0/guice-assistedinject-4.0.jar:/root/.m2/repository/org/jooq/jooq/3.11.10/jooq-3.11.10.jar:/root/.m2/repository/org/jooq/jooq-meta/3.11.10/jooq-meta-3.11.10.jar:/root/.m2/repository/org/jooq/jooq-codegen/3.11.10/jooq-codegen-3.11.10.jar:/root/.m2/repository/com/jolbox/bonecp/0.8.0.RELEASE/bonecp-0.8.0.RELEASE.jar:/root/.m2/repository/org/xerial/sqlite-jdbc/3.25.2/sqlite-jdbc-3.25.2.jar:/root/.m2/repository/org/springframework/spring-jdbc/5.1.3.RELEASE/spring-jdbc-5.1.3.RELEASE.jar:/root/.m2/repository/org/springframework/spring-beans/5.1.3.RELEASE/spring-beans-5.1.3.RELEASE.jar:/root/.m2/repository/org/springframework/spring-core/5.1.3.RELEASE/spring-core-5.1.3.RELEASE.jar:/root/.m2/repository/org/springframework/spring-jcl/5.1.3.RELEASE/spring-jcl-5.1.3.RELEASE.jar:/root/.m2/repository/org/springframework/spring-tx/5.1.3.RELEASE/spring-tx-5.1.3.RELEASE.jar:/root/.m2/repository/org/apache/hadoop/hadoop-ozone-client/0.5.0-SNAPSHOT/hadoop-ozone-client-0.5.0-SNAPSHOT.jar:/root/.m2/repository/org/apache/hadoop/hadoop-ozone-ozone-manager/0.5.0-SNAPSHOT/hadoop-ozone-ozone-manager-0.5.0-SNAPSHOT-tests.jar:/root/.m2/repository/junit/junit/4.11/junit-4.11.jar:/root/.m2/repository/org/hamcrest/hamcrest-core/1.3/hamcrest-core-1.3.jar:/root/.m2/repository/org/openjdk/jmh/jmh-core/1.19/jmh-core-1.19.jar:/root/.m2/repository/net/sf/jopt-simple/jopt-simple/4.6/jopt-simple-4.6.jar:/root/.m2/repository/org/apache/commons/commons-math3/3.1.1/commons-math3-3.1.1.jar:/root/.m2/repository/org/openjdk/jmh/jmh-generator-annprocess/1.19/jmh-generator-annprocess-1.19.jar:/root/.m2/repository/org/mockito/mockito-all/1.8.5/mockito-all-1.8.5.jar:/root/.m2/repository/org/apache/hadoop/hadoop-kms/3.2.0/hadoop-kms-3.2.0.jar:/root/.m2/repository/org/apache/hadoop/hadoop-auth/3.2.0/hadoop-auth-3.2.0.jar:/root/.m2/repository/com/nimbusds/nimbus-jose-jwt/4.41.1/nimbus-jose-jwt-4.41.1.jar:/root/.m2/repository/com/github/stephenc/jcip/jcip-annotations/1.0-1/jcip-annotations-1.0-1.jar:/root/.m2/repository/net/minidev/json-smart/2.3/json-smart-2.3.jar:/root/.m2/repository/net/minidev/accessors-smart/1.2/accessors-smart-1.2.jar:/root/.m2/repository/org/ow2/asm/asm/5.0.4/asm-5.0.4.jar:/root/.m2/repository/org/apache/curator/curator-framework/2.12.0/curator-framework-2.12.0.jar:/root/.m2/repository/com/sun/jersey/jersey-core/1.19/jersey-core-1.19.jar:/root/.m2/repository/javax/ws/rs/jsr311-api/1.1.1/jsr311-api-1.1.1.jar:/root/.m2/repository/com/sun/jersey/jersey-server/1.19/jersey-server-1.19.jar:/root/.m2/repository/javax/servlet/javax.servlet-api/3.1.0/javax.servlet-api-3.1.0.jar:/root/.m2/repository/org/eclipse/jetty/jetty-server/9.3.24.v20180605/jetty-server-9.3.24.v20180605.jar:/root/.m2/repository/org/eclipse/jetty/jetty-http/9.3.24.v20180605/jetty-http-9.3.24.v20180605.jar:/root/.m2/repository/org/eclipse/jetty/jetty-io/9.3.24.v20180605/jetty-io-9.3.24.v20180605.jar:/root/.m2/repository/org/eclipse/jetty/jetty-webapp/9.3.24.v20180605/jetty-webapp-9.3.24.v20180605.jar:/root/.m2/repository/org/eclipse/jetty/jetty-xml/9.3.24.v20180605/jetty-xml-9.3.24.v20180605.jar:/root/.m2/repository/log4j/log4j/1.2.17/log4j-1.2.17.jar:/root/.m2/repository/org/slf4j/slf4j-api/1.7.25/slf4j-api-1.7.25.jar:/root/.m2/repository/org/slf4j/jul-to-slf4j/1.7.25/jul-to-slf4j-1.7.25.jar:/root/.m2/repository/org/eclipse/jetty/jetty-util/9.3.24.v20180605/jetty-util-9.3.24.v20180605.jar:/root/.m2/repository/io/dropwizard/metrics/metrics-core/3.2.4/metrics-core-3.2.4.jar:/root/.m2/repository/com/fasterxml/jackson/core/jackson-databind/2.9.5/jackson-databind-2.9.5.jar:/root/.m2/repository/org/apache/hadoop/hadoop-kms/3.2.0/hadoop-kms-3.2.0-tests.jar:/root/.m2/repository/org/apache/hadoop/hadoop-hdds-server-scm/0.5.0-SNAPSHOT/hadoop-hdds-server-scm-0.5.0-SNAPSHOT-tests.jar:/root/.m2/repository/org/hamcrest/hamcrest-all/1.3/hamcrest-all-1.3.jar:/root/.m2/repository/info/picocli/picocli/3.9.6/picocli-3.9.6.jar:/root/.m2/repository/org/apache/hadoop/hadoop-hdds-container-service/0.5.0-SNAPSHOT/hadoop-hdds-container-service-0.5.0-SNAPSHOT-tests.jar:/root/.m2/repository/org/yaml/snakeyaml/1.16/snakeyaml-1.16.jar:/root/.m2/repository/org/apache/hadoop/hadoop-common/3.2.0/hadoop-common-3.2.0-tests.jar:/root/.m2/repository/org/apache/hadoop/hadoop-annotations/3.2.0/hadoop-annotations-3.2.0.jar:/usr/lib/jvm/java-1.8-openjdk/jre/../lib/tools.jar:/root/.m2/repository/commons-cli/commons-cli/1.2/commons-cli-1.2.jar:/root/.m2/repository/org/apache/httpcomponents/httpclient/4.5.2/httpclient-4.5.2.jar:/root/.m2/repository/org/apache/httpcomponents/httpcore/4.4.4/httpcore-4.4.4.jar:/root/.m2/repository/commons-codec/commons-codec/1.11/commons-codec-1.11.jar:/root/.m2/repository/commons-net/commons-net/3.6/commons-net-3.6.jar:/root/.m2/repository/commons-collections/commons-collections/3.2.2/commons-collections-3.2.2.jar:/root/.m2/repository/org/eclipse/jetty/jetty-servlet/9.3.24.v20180605/jetty-servlet-9.3.24.v20180605.jar:/root/.m2/repository/org/eclipse/jetty/jetty-security/9.3.24.v20180605/jetty-security-9.3.24.v20180605.jar:/root/.m2/repository/javax/servlet/jsp/jsp-api/2.1/jsp-api-2.1.jar:/root/.m2/repository/com/sun/jersey/jersey-servlet/1.19/jersey-servlet-1.19.jar:/root/.m2/repository/com/sun/jersey/jersey-json/1.19/jersey-json-1.19.jar:/root/.m2/repository/org/codehaus/jettison/jettison/1.1/jettison-1.1.jar:/root/.m2/repository/org/codehaus/jackson/jackson-core-asl/1.9.13/jackson-core-asl-1.9.13.jar:/root/.m2/repository/org/codehaus/jackson/jackson-mapper-asl/1.9.13/jackson-mapper-asl-1.9.13.jar:/root/.m2/repository/org/codehaus/jackson/jackson-jaxrs/1.9.13/jackson-jaxrs-1.9.13.jar:/root/.m2/repository/org/codehaus/jackson/jackson-xc/1.9.13/jackson-xc-1.9.13.jar:/root/.m2/repository/commons-logging/commons-logging/1.1.3/commons-logging-1.1.3.jar:/root/.m2/repository/commons-beanutils/commons-beanutils/1.9.3/commons-beanutils-1.9.3.jar:/root/.m2/repository/org/apache/commons/commons-configuration2/2.1.1/commons-configuration2-2.1.1.jar:/root/.m2/repository/org/apache/commons/commons-lang3/3.7/commons-lang3-3.7.jar:/root/.m2/repository/org/apache/commons/commons-text/1.4/commons-text-1.4.jar:/root/.m2/repository/org/apache/avro/avro/1.7.7/avro-1.7.7.jar:/root/.m2/repository/com/thoughtworks/paranamer/paranamer/2.3/paranamer-2.3.jar:/root/.m2/repository/org/xerial/snappy/snappy-java/1.0.5/snappy-java-1.0.5.jar:/root/.m2/repository/com/google/re2j/re2j/1.1/re2j-1.1.jar:/root/.m2/repository/com/google/code/gson/gson/2.2.4/gson-2.2.4.jar:/root/.m2/repository/com/jcraft/jsch/0.1.54/jsch-0.1.54.jar:/root/.m2/repository/org/apache/curator/curator-client/2.12.0/curator-client-2.12.0.jar:/root/.m2/repository/org/apache/curator/curator-recipes/2.12.0/curator-recipes-2.12.0.jar:/root/.m2/repository/com/google/code/findbugs/jsr305/3.0.0/jsr305-3.0.0.jar:/root/.m2/repository/org/apache/htrace/htrace-core4/4.1.0-incubating/htrace-core4-4.1.0-incubating.jar:/root/.m2/repository/org/apache/zookeeper/zookeeper/3.4.13/zookeeper-3.4.13.jar:/root/.m2/repository/org/apache/yetus/audience-annotations/0.5.0/audience-annotations-0.5.0.jar:/root/.m2/repository/org/codehaus/woodstox/stax2-api/3.1.4/stax2-api-3.1.4.jar:/root/.m2/repository/com/fasterxml/woodstox/woodstox-core/5.0.3/woodstox-core-5.0.3.jar:/root/.m2/repository/dnsjava/dnsjava/2.1.7/dnsjava-2.1.7.jar:/root/.m2/repository/org/apache/hadoop/hadoop-hdfs/3.2.0/hadoop-hdfs-3.2.0-tests.jar:/root/.m2/repository/org/eclipse/jetty/jetty-util-ajax/9.3.24.v20180605/jetty-util-ajax-9.3.24.v20180605.jar:/root/.m2/repository/commons-daemon/commons-daemon/1.0.13/commons-daemon-1.0.13.jar:/root/.m2/repository/io/netty/netty/3.10.5.Final/netty-3.10.5.Final.jar:/root/.m2/repository/io/netty/netty-all/4.0.52.Final/netty-all-4.0.52.Final.jar:/root/.m2/repository/org/fusesource/leveldbjni/leveldbjni-all/1.8/leveldbjni-all-1.8.jar:"/>
    <property name="sun.cpu.endian" value="little"/>
    <property name="user.home" value="/root"/>
    <property name="user.language" value="en"/>
    <property name="java.specification.vendor" value="Oracle Corporation"/>
    <property name="java.home" value="/usr/lib/jvm/java-1.8-openjdk/jre"/>
    <property name="java.security.krb5.conf" value="/opt/src/hadoop-ozone/integration-test/target/test-classes/krb5.conf"/>
    <property name="basedir" value="/opt/src/hadoop-ozone/integration-test"/>
    <property name="file.separator" value="/"/>
    <property name="line.separator" value="&#10;"/>
    <property name="java.vm.specification.vendor" value="Oracle Corporation"/>
    <property name="java.specification.name" value="Java Platform API Specification"/>
    <property name="java.awt.graphicsenv" value="sun.awt.X11GraphicsEnvironment"/>
    <property name="surefire.real.class.path" value="/opt/src/hadoop-ozone/integration-test/target/surefire/surefirebooter995728563975210075.jar"/>
    <property name="hadoop.log.dir" value="/opt/src/hadoop-ozone/integration-test/target/log"/>
    <property name="sun.boot.class.path" value="/usr/lib/jvm/java-1.8-openjdk/jre/lib/resources.jar:/usr/lib/jvm/java-1.8-openjdk/jre/lib/rt.jar:/usr/lib/jvm/java-1.8-openjdk/jre/lib/sunrsasign.jar:/usr/lib/jvm/java-1.8-openjdk/jre/lib/jsse.jar:/usr/lib/jvm/java-1.8-openjdk/jre/lib/jce.jar:/usr/lib/jvm/java-1.8-openjdk/jre/lib/charsets.jar:/usr/lib/jvm/java-1.8-openjdk/jre/lib/jfr.jar:/usr/lib/jvm/java-1.8-openjdk/jre/classes"/>
    <property name="sun.management.compiler" value="HotSpot 64-Bit Tiered Compilers"/>
    <property name="java.runtime.version" value="1.8.0_212-b04"/>
    <property name="java.net.preferIPv4Stack" value="true"/>
    <property name="user.name" value="root"/>
    <property name="path.separator" value=":"/>
    <property name="java.security.egd" value="file:///dev/urandom"/>
    <property name="os.version" value="4.15.0-1021-aws"/>
    <property name="java.endorsed.dirs" value="/usr/lib/jvm/java-1.8-openjdk/jre/lib/endorsed"/>
    <property name="java.runtime.name" value="OpenJDK Runtime Environment"/>
    <property name="file.encoding" value="UTF-8"/>
    <property name="java.vm.name" value="OpenJDK 64-Bit Server VM"/>
    <property name="test.build.webapps" value=""/>
    <property name="localRepository" value="/root/.m2/repository"/>
    <property name="java.vendor.url.bug" value="https://icedtea.classpath.org/bugzilla"/>
    <property name="java.io.tmpdir" value="/tmp"/>
    <property name="require.test.libhadoop" value=""/>
    <property name="java.version" value="1.8.0_212"/>
    <property name="user.dir" value="/opt/src/hadoop-ozone/integration-test"/>
    <property name="os.arch" value="amd64"/>
    <property name="java.vm.specification.name" value="Java Virtual Machine Specification"/>
    <property name="test.build.classes" value="/opt/src/hadoop-ozone/integration-test/target/test-classes"/>
    <property name="java.awt.printerjob" value="sun.print.PSPrinterJob"/>
    <property name="sun.os.patch.level" value="unknown"/>
    <property name="hadoop.tmp.dir" value="/opt/src/hadoop-ozone/integration-test/target/tmp"/>
    <property name="java.library.path" value="/usr/lib/jvm/java-1.8-openjdk/jre/lib/amd64/server:/usr/lib/jvm/java-1.8-openjdk/jre/lib/amd64:/usr/lib/jvm/java-1.8-openjdk/jre/../lib/amd64:/opt/src/hadoop-ozone/integration-test/target/native/target/usr/local/lib:/opt/src/hadoop-ozone/integration-test/../../hadoop-common-project/hadoop-common/target/native/target/usr/local/lib:/usr/java/packages/lib/amd64:/usr/lib64:/lib64:/lib:/usr/lib"/>
    <property name="java.vm.info" value="mixed mode"/>
    <property name="java.vendor" value="IcedTea"/>
    <property name="java.vm.version" value="25.212-b04"/>
    <property name="java.ext.dirs" value="/usr/lib/jvm/java-1.8-openjdk/jre/lib/ext:/usr/java/packages/lib/ext"/>
    <property name="sun.io.unicode.encoding" value="UnicodeLittle"/>
    <property name="java.class.version" value="52.0"/>
  </properties>
  <testcase name="testPipelineFail" classname="org.apache.hadoop.hdds.scm.pipeline.TestNodeFailure" time="0">
    <skipped/>
    <system-out><![CDATA[2019-06-12 13:16:19,341 WARN  server.ServerUtils (ServerUtils.java:getScmDbDir(145)) - ozone.scm.db.dirs is not configured. We recommend adding this setting. Falling back to ozone.metadata.dirs instead.
2019-06-12 13:16:19,403 WARN  server.ServerUtils (ServerUtils.java:getScmDbDir(145)) - ozone.scm.db.dirs is not configured. We recommend adding this setting. Falling back to ozone.metadata.dirs instead.
2019-06-12 13:16:19,406 WARN  server.ServerUtils (ServerUtils.java:getScmDbDir(145)) - ozone.scm.db.dirs is not configured. We recommend adding this setting. Falling back to ozone.metadata.dirs instead.
2019-06-12 13:16:19,419 INFO  util.log (Log.java:initialized(192)) - Logging initialized @642ms
2019-06-12 13:16:19,499 INFO  db.DBStoreBuilder (DBStoreBuilder.java:addTable(110)) - using custom profile for table: deletedBlocks
2019-06-12 13:16:19,499 INFO  db.DBStoreBuilder (DBStoreBuilder.java:processTables(161)) - Using default column profile:DBProfile.DISK for Table:deletedBlocks
2019-06-12 13:16:19,499 INFO  db.DBStoreBuilder (DBStoreBuilder.java:addTable(110)) - using custom profile for table: validCerts
2019-06-12 13:16:19,499 INFO  db.DBStoreBuilder (DBStoreBuilder.java:processTables(161)) - Using default column profile:DBProfile.DISK for Table:validCerts
2019-06-12 13:16:19,500 INFO  db.DBStoreBuilder (DBStoreBuilder.java:addTable(110)) - using custom profile for table: revokedCerts
2019-06-12 13:16:19,500 INFO  db.DBStoreBuilder (DBStoreBuilder.java:processTables(161)) - Using default column profile:DBProfile.DISK for Table:revokedCerts
2019-06-12 13:16:19,509 INFO  db.DBStoreBuilder (DBStoreBuilder.java:addTable(110)) - using custom profile for table: default
2019-06-12 13:16:19,509 INFO  db.DBStoreBuilder (DBStoreBuilder.java:processTables(167)) - Using default column profile:DBProfile.DISK for Table:default
2019-06-12 13:16:19,510 INFO  db.DBStoreBuilder (DBStoreBuilder.java:getDbProfile(198)) - Using default options. DBProfile.DISK
2019-06-12 13:16:19,576 INFO  node.SCMNodeManager (SCMNodeManager.java:<init>(108)) - Entering startup safe mode.
2019-06-12 13:16:19,635 INFO  net.NodeSchemaLoader (NodeSchemaLoader.java:loadSchemaFromFile(125)) - Loading file from sun.misc.CompoundEnumeration@443118b0
2019-06-12 13:16:19,636 INFO  net.NodeSchemaLoader (NodeSchemaLoader.java:loadSchema(171)) - Loading network topology layer schema file
2019-06-12 13:16:19,684 WARN  server.ServerUtils (ServerUtils.java:getScmDbDir(145)) - ozone.scm.db.dirs is not configured. We recommend adding this setting. Falling back to ozone.metadata.dirs instead.
2019-06-12 13:16:19,702 INFO  pipeline.SCMPipelineManager (SCMPipelineManager.java:initializePipelineState(126)) - No pipeline exists in current db
2019-06-12 13:16:19,703 WARN  server.ServerUtils (ServerUtils.java:getScmDbDir(145)) - ozone.scm.db.dirs is not configured. We recommend adding this setting. Falling back to ozone.metadata.dirs instead.
2019-06-12 13:16:19,754 WARN  events.EventQueue (EventQueue.java:fireEvent(175)) - No event handler registered for event TypedEvent{payloadType=SafeModeStatus, name='SafeModeStatus'}
2019-06-12 13:16:20,039 INFO  ipc.CallQueueManager (CallQueueManager.java:<init>(84)) - Using callQueue: class java.util.concurrent.LinkedBlockingQueue, queueCapacity: 2000, scheduler: class org.apache.hadoop.ipc.DefaultRpcScheduler, ipcBackoff: false.
2019-06-12 13:16:20,063 INFO  ipc.Server (Server.java:run(1074)) - Starting Socket Reader #1 for port 36819
2019-06-12 13:16:20,083 INFO  ipc.CallQueueManager (CallQueueManager.java:<init>(84)) - Using callQueue: class java.util.concurrent.LinkedBlockingQueue, queueCapacity: 2000, scheduler: class org.apache.hadoop.ipc.DefaultRpcScheduler, ipcBackoff: false.
2019-06-12 13:16:20,084 INFO  ipc.Server (Server.java:run(1074)) - Starting Socket Reader #1 for port 46617
2019-06-12 13:16:20,090 INFO  ipc.CallQueueManager (CallQueueManager.java:<init>(84)) - Using callQueue: class java.util.concurrent.LinkedBlockingQueue, queueCapacity: 2000, scheduler: class org.apache.hadoop.ipc.DefaultRpcScheduler, ipcBackoff: false.
2019-06-12 13:16:20,118 INFO  ipc.Server (Server.java:run(1074)) - Starting Socket Reader #1 for port 42031
2019-06-12 13:16:20,141 INFO  hdfs.DFSUtil (DFSUtil.java:httpServerTemplateForNNAndJN(1641)) - Starting Web-server for scm at: http://0.0.0.0:0
2019-06-12 13:16:20,277 INFO  server.AuthenticationFilter (AuthenticationFilter.java:constructSecretProvider(240)) - Unable to initialize FileSignerSecretProvider, falling back to use random secrets.
2019-06-12 13:16:20,283 WARN  http.HttpRequestLog (HttpRequestLog.java:getRequestLog(97)) - Jetty request log can only be enabled using Log4j
2019-06-12 13:16:20,289 INFO  http.HttpServer2 (HttpServer2.java:addGlobalFilter(975)) - Added global filter 'safety' (class=org.apache.hadoop.http.HttpServer2$QuotingInputFilter)
2019-06-12 13:16:20,292 INFO  http.HttpServer2 (HttpServer2.java:addFilter(948)) - Added filter static_user_filter (class=org.apache.hadoop.http.lib.StaticUserWebFilter$StaticUserFilter) to context scm
2019-06-12 13:16:20,292 INFO  http.HttpServer2 (HttpServer2.java:addFilter(958)) - Added filter static_user_filter (class=org.apache.hadoop.http.lib.StaticUserWebFilter$StaticUserFilter) to context logs
2019-06-12 13:16:20,292 INFO  http.HttpServer2 (HttpServer2.java:addFilter(958)) - Added filter static_user_filter (class=org.apache.hadoop.http.lib.StaticUserWebFilter$StaticUserFilter) to context static
2019-06-12 13:16:20,314 INFO  server.StorageContainerManager (StorageContainerManager.java:start(752)) - StorageContainerLocationProtocol RPC server is listening at /0.0.0.0:42031
2019-06-12 13:16:20,355 WARN  impl.MetricsConfig (MetricsConfig.java:loadFirst(134)) - Cannot locate configuration: tried hadoop-metrics2-storagecontainermanager.properties,hadoop-metrics2.properties
2019-06-12 13:16:20,364 INFO  impl.MetricsSystemImpl (MetricsSystemImpl.java:startTimer(374)) - Scheduled Metric snapshot period at 10 second(s).
2019-06-12 13:16:20,364 INFO  impl.MetricsSystemImpl (MetricsSystemImpl.java:start(191)) - StorageContainerManager metrics system started
2019-06-12 13:16:20,526 INFO  server.SCMClientProtocolServer (SCMClientProtocolServer.java:start(149)) - RPC server for Client  is listening at /0.0.0.0:42031
2019-06-12 13:16:20,527 INFO  ipc.Server (Server.java:run(1314)) - IPC Server Responder: starting
2019-06-12 13:16:20,527 INFO  ipc.Server (Server.java:run(1153)) - IPC Server listener on 42031: starting
2019-06-12 13:16:20,530 INFO  server.StorageContainerManager (StorageContainerManager.java:start(761)) - ScmBlockLocationProtocol RPC server is listening at /0.0.0.0:46617
2019-06-12 13:16:20,530 INFO  server.SCMBlockProtocolServer (SCMBlockProtocolServer.java:start(137)) - RPC server for Block Protocol is listening at /0.0.0.0:46617
2019-06-12 13:16:20,534 INFO  ipc.Server (Server.java:run(1314)) - IPC Server Responder: starting
2019-06-12 13:16:20,534 INFO  ipc.Server (Server.java:run(1153)) - IPC Server listener on 46617: starting
2019-06-12 13:16:20,539 INFO  server.StorageContainerManager (StorageContainerManager.java:start(765)) - ScmDatanodeProtocl RPC server is listening at /0.0.0.0:36819
2019-06-12 13:16:20,539 INFO  server.SCMDatanodeProtocolServer (SCMDatanodeProtocolServer.java:start(191)) - RPC server for DataNodes is listening at /0.0.0.0:36819
2019-06-12 13:16:20,540 INFO  ipc.Server (Server.java:run(1314)) - IPC Server Responder: starting
2019-06-12 13:16:20,540 INFO  ipc.Server (Server.java:run(1153)) - IPC Server listener on 36819: starting
2019-06-12 13:16:20,543 INFO  http.HttpServer2 (HttpServer2.java:bindListener(1191)) - Jetty bound to port 33987
2019-06-12 13:16:20,544 INFO  server.Server (Server.java:doStart(351)) - jetty-9.3.24.v20180605, build timestamp: 2018-06-05T17:11:56Z, git hash: 84205aa28f11a4f31f2a3b86d1bba2cc8ab69827
2019-06-12 13:16:20,574 INFO  handler.ContextHandler (ContextHandler.java:doStart(781)) - Started o.e.j.s.ServletContextHandler@2df6226d{/logs,file:///opt/src/hadoop-ozone/integration-test/target/log,AVAILABLE}
2019-06-12 13:16:20,575 INFO  handler.ContextHandler (ContextHandler.java:doStart(781)) - Started o.e.j.s.ServletContextHandler@4ff4357f{/static,file:///opt/src/hadoop-ozone/integration-test/target/test-classes/webapps/static,AVAILABLE}
2019-06-12 13:16:20,601 INFO  handler.ContextHandler (ContextHandler.java:doStart(781)) - Started o.e.j.w.WebAppContext@2484f433{/,file:///opt/src/hadoop-ozone/integration-test/target/test-classes/webapps/scm/,AVAILABLE}{/scm}
2019-06-12 13:16:20,607 INFO  server.AbstractConnector (AbstractConnector.java:doStart(278)) - Started ServerConnector@841e575{HTTP/1.1,[http/1.1]}{0.0.0.0:33987}
2019-06-12 13:16:20,607 INFO  server.Server (Server.java:doStart(419)) - Started @1830ms
2019-06-12 13:16:20,608 INFO  server.BaseHttpServer (BaseHttpServer.java:updateConnectorAddress(207)) - HTTP server of SCM is listening at http://0.0.0.0:33987
2019-06-12 13:16:20,615 INFO  util.JvmPauseMonitor (JvmPauseMonitor.java:run(188)) - Starting JVM pause monitor
2019-06-12 13:16:20,618 WARN  scm.ScmUtils (ScmUtils.java:getDBPath(63)) - ozone.om.db.dirs is not configured. We recommend adding this setting. Falling back to ozone.metadata.dirs instead.
2019-06-12 13:16:20,700 WARN  scm.ScmUtils (ScmUtils.java:getDBPath(63)) - ozone.om.db.dirs is not configured. We recommend adding this setting. Falling back to ozone.metadata.dirs instead.
2019-06-12 13:16:20,701 INFO  om.OzoneManager (OzoneManager.java:setOMNodeDetails(519)) - OM Service ID is not set. Setting it to the default ID: omServiceIdDefault
2019-06-12 13:16:20,702 INFO  om.OzoneManager (OzoneManager.java:setOMNodeDetails(525)) - OM Node ID is not set. Setting it to the OmStorage's OmID: a519155e-43d1-48a2-9287-6fced6c0813f
2019-06-12 13:16:20,703 WARN  scm.HddsServerUtil (HddsServerUtil.java:getDefaultRatisDirectory(354)) - Storage directory for Ratis is not configured. It is a good idea to map this to an SSD disk. Falling back to ozone.metadata.dirs
2019-06-12 13:16:20,703 WARN  scm.HddsServerUtil (HddsServerUtil.java:getDefaultRatisDirectory(354)) - Storage directory for Ratis is not configured. It is a good idea to map this to an SSD disk. Falling back to ozone.metadata.dirs
2019-06-12 13:16:20,703 INFO  om.OzoneManager (OzoneManager.java:loadOMHAConfigs(476)) - Found matching OM address with OMServiceId: null, OMNodeId: null, RPC Address: localhost:0 and Ratis port: 9872
2019-06-12 13:16:20,859 WARN  scm.ScmUtils (ScmUtils.java:getDBPath(63)) - ozone.om.db.dirs is not configured. We recommend adding this setting. Falling back to ozone.metadata.dirs instead.
2019-06-12 13:16:20,864 INFO  db.DBStoreBuilder (DBStoreBuilder.java:addTable(110)) - using custom profile for table: userTable
2019-06-12 13:16:20,864 INFO  db.DBStoreBuilder (DBStoreBuilder.java:processTables(161)) - Using default column profile:DBProfile.DISK for Table:userTable
2019-06-12 13:16:20,864 INFO  db.DBStoreBuilder (DBStoreBuilder.java:addTable(110)) - using custom profile for table: volumeTable
2019-06-12 13:16:20,864 INFO  db.DBStoreBuilder (DBStoreBuilder.java:processTables(161)) - Using default column profile:DBProfile.DISK for Table:volumeTable
2019-06-12 13:16:20,865 INFO  db.DBStoreBuilder (DBStoreBuilder.java:addTable(110)) - using custom profile for table: bucketTable
2019-06-12 13:16:20,865 INFO  db.DBStoreBuilder (DBStoreBuilder.java:processTables(161)) - Using default column profile:DBProfile.DISK for Table:bucketTable
2019-06-12 13:16:20,865 INFO  db.DBStoreBuilder (DBStoreBuilder.java:addTable(110)) - using custom profile for table: keyTable
2019-06-12 13:16:20,865 INFO  db.DBStoreBuilder (DBStoreBuilder.java:processTables(161)) - Using default column profile:DBProfile.DISK for Table:keyTable
2019-06-12 13:16:20,866 INFO  db.DBStoreBuilder (DBStoreBuilder.java:addTable(110)) - using custom profile for table: deletedTable
2019-06-12 13:16:20,866 INFO  db.DBStoreBuilder (DBStoreBuilder.java:processTables(161)) - Using default column profile:DBProfile.DISK for Table:deletedTable
2019-06-12 13:16:20,866 INFO  db.DBStoreBuilder (DBStoreBuilder.java:addTable(110)) - using custom profile for table: openKeyTable
2019-06-12 13:16:20,866 INFO  db.DBStoreBuilder (DBStoreBuilder.java:processTables(161)) - Using default column profile:DBProfile.DISK for Table:openKeyTable
2019-06-12 13:16:20,867 INFO  db.DBStoreBuilder (DBStoreBuilder.java:addTable(110)) - using custom profile for table: s3Table
2019-06-12 13:16:20,867 INFO  db.DBStoreBuilder (DBStoreBuilder.java:processTables(161)) - Using default column profile:DBProfile.DISK for Table:s3Table
2019-06-12 13:16:20,867 INFO  db.DBStoreBuilder (DBStoreBuilder.java:addTable(110)) - using custom profile for table: multipartInfoTable
2019-06-12 13:16:20,867 INFO  db.DBStoreBuilder (DBStoreBuilder.java:processTables(161)) - Using default column profile:DBProfile.DISK for Table:multipartInfoTable
2019-06-12 13:16:20,867 INFO  db.DBStoreBuilder (DBStoreBuilder.java:addTable(110)) - using custom profile for table: dTokenTable
2019-06-12 13:16:20,867 INFO  db.DBStoreBuilder (DBStoreBuilder.java:processTables(161)) - Using default column profile:DBProfile.DISK for Table:dTokenTable
2019-06-12 13:16:20,868 INFO  db.DBStoreBuilder (DBStoreBuilder.java:addTable(110)) - using custom profile for table: s3SecretTable
2019-06-12 13:16:20,868 INFO  db.DBStoreBuilder (DBStoreBuilder.java:processTables(161)) - Using default column profile:DBProfile.DISK for Table:s3SecretTable
2019-06-12 13:16:20,868 INFO  db.DBStoreBuilder (DBStoreBuilder.java:addTable(110)) - using custom profile for table: prefixTable
2019-06-12 13:16:20,868 INFO  db.DBStoreBuilder (DBStoreBuilder.java:processTables(161)) - Using default column profile:DBProfile.DISK for Table:prefixTable
2019-06-12 13:16:20,869 INFO  db.DBStoreBuilder (DBStoreBuilder.java:addTable(110)) - using custom profile for table: default
2019-06-12 13:16:20,869 INFO  db.DBStoreBuilder (DBStoreBuilder.java:processTables(167)) - Using default column profile:DBProfile.DISK for Table:default
2019-06-12 13:16:20,869 INFO  db.DBStoreBuilder (DBStoreBuilder.java:getDbProfile(198)) - Using default options. DBProfile.DISK
2019-06-12 13:16:21,303 INFO  ipc.CallQueueManager (CallQueueManager.java:<init>(84)) - Using callQueue: class java.util.concurrent.LinkedBlockingQueue, queueCapacity: 2000, scheduler: class org.apache.hadoop.ipc.DefaultRpcScheduler, ipcBackoff: false.
2019-06-12 13:16:21,303 INFO  ipc.Server (Server.java:run(1074)) - Starting Socket Reader #1 for port 44435
2019-06-12 13:16:21,326 WARN  scm.ScmUtils (ScmUtils.java:getDBPath(63)) - ozone.om.db.dirs is not configured. We recommend adding this setting. Falling back to ozone.metadata.dirs instead.
2019-06-12 13:16:21,326 INFO  om.OzoneManager (OzoneManager.java:start(1217)) - OzoneManager RPC server is listening at localhost/127.0.0.1:44435
2019-06-12 13:16:21,327 INFO  impl.MetricsSystemImpl (MetricsSystemImpl.java:init(158)) - OzoneManager metrics system started (again)
2019-06-12 13:16:21,327 INFO  ipc.Server (Server.java:run(1314)) - IPC Server Responder: starting
2019-06-12 13:16:21,327 INFO  ipc.Server (Server.java:run(1153)) - IPC Server listener on 44435: starting
2019-06-12 13:16:21,343 INFO  hdfs.DFSUtil (DFSUtil.java:httpServerTemplateForNNAndJN(1641)) - Starting Web-server for ozoneManager at: http://0.0.0.0:0
2019-06-12 13:16:21,344 INFO  server.AuthenticationFilter (AuthenticationFilter.java:constructSecretProvider(240)) - Unable to initialize FileSignerSecretProvider, falling back to use random secrets.
2019-06-12 13:16:21,345 WARN  http.HttpRequestLog (HttpRequestLog.java:getRequestLog(97)) - Jetty request log can only be enabled using Log4j
2019-06-12 13:16:21,346 INFO  http.HttpServer2 (HttpServer2.java:addGlobalFilter(975)) - Added global filter 'safety' (class=org.apache.hadoop.http.HttpServer2$QuotingInputFilter)
2019-06-12 13:16:21,347 INFO  http.HttpServer2 (HttpServer2.java:addFilter(948)) - Added filter static_user_filter (class=org.apache.hadoop.http.lib.StaticUserWebFilter$StaticUserFilter) to context ozoneManager
2019-06-12 13:16:21,347 INFO  http.HttpServer2 (HttpServer2.java:addFilter(958)) - Added filter static_user_filter (class=org.apache.hadoop.http.lib.StaticUserWebFilter$StaticUserFilter) to context logs
2019-06-12 13:16:21,347 INFO  http.HttpServer2 (HttpServer2.java:addFilter(958)) - Added filter static_user_filter (class=org.apache.hadoop.http.lib.StaticUserWebFilter$StaticUserFilter) to context static
2019-06-12 13:16:21,349 INFO  http.HttpServer2 (HttpServer2.java:bindListener(1191)) - Jetty bound to port 34739
2019-06-12 13:16:21,349 INFO  server.Server (Server.java:doStart(351)) - jetty-9.3.24.v20180605, build timestamp: 2018-06-05T17:11:56Z, git hash: 84205aa28f11a4f31f2a3b86d1bba2cc8ab69827
2019-06-12 13:16:21,350 INFO  handler.ContextHandler (ContextHandler.java:doStart(781)) - Started o.e.j.s.ServletContextHandler@7c2a69b4{/logs,file:///opt/src/hadoop-ozone/integration-test/target/log,AVAILABLE}
2019-06-12 13:16:21,351 INFO  handler.ContextHandler (ContextHandler.java:doStart(781)) - Started o.e.j.s.ServletContextHandler@648ee871{/static,file:///opt/src/hadoop-ozone/integration-test/target/test-classes/webapps/static,AVAILABLE}
2019-06-12 13:16:21,354 INFO  handler.ContextHandler (ContextHandler.java:doStart(781)) - Started o.e.j.w.WebAppContext@6f012914{/,file:///opt/src/hadoop-ozone/integration-test/target/test-classes/webapps/ozoneManager/,AVAILABLE}{/ozoneManager}
2019-06-12 13:16:21,355 INFO  server.AbstractConnector (AbstractConnector.java:doStart(278)) - Started ServerConnector@18fdb6cf{HTTP/1.1,[http/1.1]}{0.0.0.0:34739}
2019-06-12 13:16:21,355 INFO  server.Server (Server.java:doStart(419)) - Started @2578ms
2019-06-12 13:16:21,356 INFO  server.BaseHttpServer (BaseHttpServer.java:updateConnectorAddress(207)) - HTTP server of OZONEMANAGER is listening at http://0.0.0.0:34739
2019-06-12 13:16:21,481 INFO  impl.MetricsSystemImpl (MetricsSystemImpl.java:init(158)) - HddsDatanode metrics system started (again)
2019-06-12 13:16:21,637 INFO  ozone.HddsDatanodeService (HddsDatanodeService.java:start(185)) - HddsDatanodeService host:ozone-5qnff-1533938733 ip:192.168.11.194
2019-06-12 13:16:21,658 INFO  volume.HddsVolume (HddsVolume.java:<init>(176)) - Creating Volume: /opt/src/hadoop-ozone/integration-test/target/test-dir/MiniOzoneClusterImpl-a378a772-0d4b-4c9d-88b4-e4db46cabce6/datanode-0/data/containers/hdds of  storage type : DISK and capacity : 104021790720
2019-06-12 13:16:21,659 INFO  volume.VolumeSet (VolumeSet.java:initializeVolumeSet(170)) - Added Volume : /opt/src/hadoop-ozone/integration-test/target/test-dir/MiniOzoneClusterImpl-a378a772-0d4b-4c9d-88b4-e4db46cabce6/datanode-0/data/containers/hdds to VolumeSet
2019-06-12 13:16:21,661 INFO  volume.ThrottledAsyncChecker (ThrottledAsyncChecker.java:schedule(140)) - Scheduling a check for org.apache.hadoop.ozone.container.common.volume.HddsVolume@4a6c18ad
2019-06-12 13:16:21,678 INFO  volume.HddsVolumeChecker (HddsVolumeChecker.java:checkAllVolumes(203)) - Scheduled health check for volume org.apache.hadoop.ozone.container.common.volume.HddsVolume@4a6c18ad
2019-06-12 13:16:21,718 INFO  ratis.XceiverServerRatis (XceiverServerRatis.java:newXceiverServerRatis(401)) - Found a free port for the server : 42029
2019-06-12 13:16:21,775 INFO  impl.RaftServerProxy (ConfUtils.java:logGet(43)) - raft.rpc.type = GRPC (default)
2019-06-12 13:16:21,782 INFO  grpc.GrpcConfigKeys$Server (ConfUtils.java:logGet(43)) - raft.grpc.server.port = 42029 (custom)
2019-06-12 13:16:21,783 INFO  server.GrpcService (ConfUtils.java:logGet(43)) - raft.grpc.message.size.max = 33570816 (custom)
2019-06-12 13:16:21,784 INFO  server.RaftServerConfigKeys (ConfUtils.java:logGet(43)) - raft.server.log.appender.buffer.byte-limit = 33554432 (custom)
2019-06-12 13:16:21,785 INFO  server.GrpcService (ConfUtils.java:logGet(43)) - raft.grpc.flow.control.window = 1MB (=1048576) (default)
2019-06-12 13:16:21,785 INFO  server.RaftServerConfigKeys (ConfUtils.java:logGet(43)) - raft.server.rpc.request.timeout = 3000ms (default)
2019-06-12 13:16:21,895 INFO  server.RaftServerConfigKeys (ConfUtils.java:logGet(43)) - raft.server.storage.dir = [/opt/src/hadoop-ozone/integration-test/target/test-dir/MiniOzoneClusterImpl-a378a772-0d4b-4c9d-88b4-e4db46cabce6/datanode-0/data/ratis] (custom)
2019-06-12 13:16:21,900 INFO  server.XceiverServerGrpc (XceiverServerGrpc.java:<init>(97)) - Found a free port for the server : 44853
2019-06-12 13:16:21,920 INFO  replication.SimpleContainerDownloader (SimpleContainerDownloader.java:<init>(72)) - Starting container downloader service to copy containers to replicate.
2019-06-12 13:16:21,930 INFO  hdfs.DFSUtil (DFSUtil.java:httpServerTemplateForNNAndJN(1641)) - Starting Web-server for hddsDatanode at: http://0.0.0.0:0
2019-06-12 13:16:21,932 INFO  server.AuthenticationFilter (AuthenticationFilter.java:constructSecretProvider(240)) - Unable to initialize FileSignerSecretProvider, falling back to use random secrets.
2019-06-12 13:16:21,933 WARN  http.HttpRequestLog (HttpRequestLog.java:getRequestLog(97)) - Jetty request log can only be enabled using Log4j
2019-06-12 13:16:21,934 INFO  http.HttpServer2 (HttpServer2.java:addGlobalFilter(975)) - Added global filter 'safety' (class=org.apache.hadoop.http.HttpServer2$QuotingInputFilter)
2019-06-12 13:16:21,935 INFO  http.HttpServer2 (HttpServer2.java:addFilter(948)) - Added filter static_user_filter (class=org.apache.hadoop.http.lib.StaticUserWebFilter$StaticUserFilter) to context hddsDatanode
2019-06-12 13:16:21,935 INFO  http.HttpServer2 (HttpServer2.java:addFilter(958)) - Added filter static_user_filter (class=org.apache.hadoop.http.lib.StaticUserWebFilter$StaticUserFilter) to context logs
2019-06-12 13:16:21,936 INFO  http.HttpServer2 (HttpServer2.java:addFilter(958)) - Added filter static_user_filter (class=org.apache.hadoop.http.lib.StaticUserWebFilter$StaticUserFilter) to context static
2019-06-12 13:16:21,936 INFO  http.HttpServer2 (HttpServer2.java:bindListener(1191)) - Jetty bound to port 39189
2019-06-12 13:16:21,937 INFO  server.Server (Server.java:doStart(351)) - jetty-9.3.24.v20180605, build timestamp: 2018-06-05T17:11:56Z, git hash: 84205aa28f11a4f31f2a3b86d1bba2cc8ab69827
2019-06-12 13:16:21,938 INFO  handler.ContextHandler (ContextHandler.java:doStart(781)) - Started o.e.j.s.ServletContextHandler@2e51d054{/logs,file:///opt/src/hadoop-ozone/integration-test/target/log,AVAILABLE}
2019-06-12 13:16:21,939 INFO  handler.ContextHandler (ContextHandler.java:doStart(781)) - Started o.e.j.s.ServletContextHandler@615e3f51{/static,jar:file:/root/.m2/repository/org/apache/hadoop/hadoop-hdds-container-service/0.5.0-SNAPSHOT/hadoop-hdds-container-service-0.5.0-SNAPSHOT.jar!/webapps/static,AVAILABLE}
2019-06-12 13:16:21,968 INFO  handler.ContextHandler (ContextHandler.java:doStart(781)) - Started o.e.j.w.WebAppContext@5e1fc2aa{/,file:///tmp/jetty-0.0.0.0-39189-hddsDatanode-_-any-5919053820005743697.dir/webapp/,AVAILABLE}{/hddsDatanode}
2019-06-12 13:16:21,968 INFO  server.AbstractConnector (AbstractConnector.java:doStart(278)) - Started ServerConnector@688d411b{HTTP/1.1,[http/1.1]}{0.0.0.0:39189}
2019-06-12 13:16:21,968 INFO  server.Server (Server.java:doStart(419)) - Started @3191ms
2019-06-12 13:16:21,969 INFO  server.BaseHttpServer (BaseHttpServer.java:updateConnectorAddress(207)) - HTTP server of HDDSDATANODE is listening at http://0.0.0.0:39189
2019-06-12 13:16:22,811 INFO  ozone.HddsDatanodeService (HddsDatanodeService.java:startPlugins(396)) - Started plug-in org.apache.hadoop.ozone.web.OzoneHddsDatanodeService@30bf26df
2019-06-12 13:16:22,812 INFO  impl.MetricsSystemImpl (MetricsSystemImpl.java:init(158)) - HddsDatanode metrics system started (again)
2019-06-12 13:16:22,812 INFO  ozone.HddsDatanodeService (HddsDatanodeService.java:start(185)) - HddsDatanodeService host:ozone-5qnff-1533938733 ip:192.168.11.194
2019-06-12 13:16:22,822 INFO  util.JvmPauseMonitor (JvmPauseMonitor.java:run(188)) - Starting JVM pause monitor
2019-06-12 13:16:22,824 INFO  volume.HddsVolume (HddsVolume.java:<init>(176)) - Creating Volume: /opt/src/hadoop-ozone/integration-test/target/test-dir/MiniOzoneClusterImpl-a378a772-0d4b-4c9d-88b4-e4db46cabce6/datanode-1/data/containers/hdds of  storage type : DISK and capacity : 104021790720
2019-06-12 13:16:22,824 INFO  volume.VolumeSet (VolumeSet.java:initializeVolumeSet(170)) - Added Volume : /opt/src/hadoop-ozone/integration-test/target/test-dir/MiniOzoneClusterImpl-a378a772-0d4b-4c9d-88b4-e4db46cabce6/datanode-1/data/containers/hdds to VolumeSet
2019-06-12 13:16:22,824 INFO  volume.ThrottledAsyncChecker (ThrottledAsyncChecker.java:schedule(140)) - Scheduling a check for org.apache.hadoop.ozone.container.common.volume.HddsVolume@f171912
2019-06-12 13:16:22,831 INFO  volume.HddsVolumeChecker (HddsVolumeChecker.java:checkAllVolumes(203)) - Scheduled health check for volume org.apache.hadoop.ozone.container.common.volume.HddsVolume@f171912
2019-06-12 13:16:22,845 INFO  ratis.XceiverServerRatis (XceiverServerRatis.java:newXceiverServerRatis(401)) - Found a free port for the server : 44941
2019-06-12 13:16:22,847 INFO  impl.RaftServerProxy (ConfUtils.java:logGet(43)) - raft.rpc.type = GRPC (default)
2019-06-12 13:16:22,847 INFO  grpc.GrpcConfigKeys$Server (ConfUtils.java:logGet(43)) - raft.grpc.server.port = 44941 (custom)
2019-06-12 13:16:22,848 INFO  server.GrpcService (ConfUtils.java:logGet(43)) - raft.grpc.message.size.max = 33570816 (custom)
2019-06-12 13:16:22,848 INFO  server.RaftServerConfigKeys (ConfUtils.java:logGet(43)) - raft.server.log.appender.buffer.byte-limit = 33554432 (custom)
2019-06-12 13:16:22,848 INFO  server.GrpcService (ConfUtils.java:logGet(43)) - raft.grpc.flow.control.window = 1MB (=1048576) (default)
2019-06-12 13:16:22,848 INFO  server.RaftServerConfigKeys (ConfUtils.java:logGet(43)) - raft.server.rpc.request.timeout = 3000ms (default)
2019-06-12 13:16:22,849 INFO  server.RaftServerConfigKeys (ConfUtils.java:logGet(43)) - raft.server.storage.dir = [/opt/src/hadoop-ozone/integration-test/target/test-dir/MiniOzoneClusterImpl-a378a772-0d4b-4c9d-88b4-e4db46cabce6/datanode-1/data/ratis] (custom)
2019-06-12 13:16:22,849 INFO  server.XceiverServerGrpc (XceiverServerGrpc.java:<init>(97)) - Found a free port for the server : 44263
2019-06-12 13:16:22,850 INFO  replication.SimpleContainerDownloader (SimpleContainerDownloader.java:<init>(72)) - Starting container downloader service to copy containers to replicate.
2019-06-12 13:16:22,851 INFO  hdfs.DFSUtil (DFSUtil.java:httpServerTemplateForNNAndJN(1641)) - Starting Web-server for hddsDatanode at: http://0.0.0.0:0
2019-06-12 13:16:22,852 INFO  server.AuthenticationFilter (AuthenticationFilter.java:constructSecretProvider(240)) - Unable to initialize FileSignerSecretProvider, falling back to use random secrets.
2019-06-12 13:16:22,853 WARN  http.HttpRequestLog (HttpRequestLog.java:getRequestLog(97)) - Jetty request log can only be enabled using Log4j
2019-06-12 13:16:22,855 INFO  http.HttpServer2 (HttpServer2.java:addGlobalFilter(975)) - Added global filter 'safety' (class=org.apache.hadoop.http.HttpServer2$QuotingInputFilter)
2019-06-12 13:16:22,855 INFO  http.HttpServer2 (HttpServer2.java:addFilter(948)) - Added filter static_user_filter (class=org.apache.hadoop.http.lib.StaticUserWebFilter$StaticUserFilter) to context hddsDatanode
2019-06-12 13:16:22,856 INFO  http.HttpServer2 (HttpServer2.java:addFilter(958)) - Added filter static_user_filter (class=org.apache.hadoop.http.lib.StaticUserWebFilter$StaticUserFilter) to context logs
2019-06-12 13:16:22,856 INFO  http.HttpServer2 (HttpServer2.java:addFilter(958)) - Added filter static_user_filter (class=org.apache.hadoop.http.lib.StaticUserWebFilter$StaticUserFilter) to context static
2019-06-12 13:16:22,856 INFO  http.HttpServer2 (HttpServer2.java:bindListener(1191)) - Jetty bound to port 46019
2019-06-12 13:16:22,857 INFO  server.Server (Server.java:doStart(351)) - jetty-9.3.24.v20180605, build timestamp: 2018-06-05T17:11:56Z, git hash: 84205aa28f11a4f31f2a3b86d1bba2cc8ab69827
2019-06-12 13:16:22,865 INFO  handler.ContextHandler (ContextHandler.java:doStart(781)) - Started o.e.j.s.ServletContextHandler@18b6d3c1{/logs,file:///opt/src/hadoop-ozone/integration-test/target/log,AVAILABLE}
2019-06-12 13:16:22,866 INFO  handler.ContextHandler (ContextHandler.java:doStart(781)) - Started o.e.j.s.ServletContextHandler@3fe512d2{/static,jar:file:/root/.m2/repository/org/apache/hadoop/hadoop-hdds-container-service/0.5.0-SNAPSHOT/hadoop-hdds-container-service-0.5.0-SNAPSHOT.jar!/webapps/static,AVAILABLE}
2019-06-12 13:16:22,902 INFO  handler.ContextHandler (ContextHandler.java:doStart(781)) - Started o.e.j.w.WebAppContext@e7b265e{/,file:///tmp/jetty-0.0.0.0-46019-hddsDatanode-_-any-6229000107420791078.dir/webapp/,AVAILABLE}{/hddsDatanode}
2019-06-12 13:16:22,905 INFO  server.AbstractConnector (AbstractConnector.java:doStart(278)) - Started ServerConnector@51da32e5{HTTP/1.1,[http/1.1]}{0.0.0.0:46019}
2019-06-12 13:16:22,905 INFO  server.Server (Server.java:doStart(419)) - Started @4128ms
2019-06-12 13:16:22,906 INFO  server.BaseHttpServer (BaseHttpServer.java:updateConnectorAddress(207)) - HTTP server of HDDSDATANODE is listening at http://0.0.0.0:46019
2019-06-12 13:16:22,923 INFO  datanode.InitDatanodeState (InitDatanodeState.java:persistContainerDatanodeDetails(140)) - DatanodeDetails is persisted to /opt/src/hadoop-ozone/integration-test/target/test-dir/MiniOzoneClusterImpl-a378a772-0d4b-4c9d-88b4-e4db46cabce6/datanode-0/meta/datanode.id
2019-06-12 13:16:23,007 INFO  ozone.HddsDatanodeService (HddsDatanodeService.java:startPlugins(396)) - Started plug-in org.apache.hadoop.ozone.web.OzoneHddsDatanodeService@1d6751e3
2019-06-12 13:16:23,007 INFO  impl.MetricsSystemImpl (MetricsSystemImpl.java:init(158)) - HddsDatanode metrics system started (again)
2019-06-12 13:16:23,008 INFO  ozone.HddsDatanodeService (HddsDatanodeService.java:start(185)) - HddsDatanodeService host:ozone-5qnff-1533938733 ip:192.168.11.194
2019-06-12 13:16:23,015 INFO  util.JvmPauseMonitor (JvmPauseMonitor.java:run(188)) - Starting JVM pause monitor
2019-06-12 13:16:23,029 INFO  volume.HddsVolume (HddsVolume.java:<init>(176)) - Creating Volume: /opt/src/hadoop-ozone/integration-test/target/test-dir/MiniOzoneClusterImpl-a378a772-0d4b-4c9d-88b4-e4db46cabce6/datanode-2/data/containers/hdds of  storage type : DISK and capacity : 104021790720
2019-06-12 13:16:23,029 INFO  volume.VolumeSet (VolumeSet.java:initializeVolumeSet(170)) - Added Volume : /opt/src/hadoop-ozone/integration-test/target/test-dir/MiniOzoneClusterImpl-a378a772-0d4b-4c9d-88b4-e4db46cabce6/datanode-2/data/containers/hdds to VolumeSet
2019-06-12 13:16:23,029 INFO  volume.ThrottledAsyncChecker (ThrottledAsyncChecker.java:schedule(140)) - Scheduling a check for org.apache.hadoop.ozone.container.common.volume.HddsVolume@2e7af36e
2019-06-12 13:16:23,035 INFO  volume.HddsVolumeChecker (HddsVolumeChecker.java:checkAllVolumes(203)) - Scheduled health check for volume org.apache.hadoop.ozone.container.common.volume.HddsVolume@2e7af36e
2019-06-12 13:16:23,049 INFO  datanode.InitDatanodeState (InitDatanodeState.java:persistContainerDatanodeDetails(140)) - DatanodeDetails is persisted to /opt/src/hadoop-ozone/integration-test/target/test-dir/MiniOzoneClusterImpl-a378a772-0d4b-4c9d-88b4-e4db46cabce6/datanode-1/meta/datanode.id
2019-06-12 13:16:23,054 INFO  ratis.XceiverServerRatis (XceiverServerRatis.java:newXceiverServerRatis(401)) - Found a free port for the server : 42525
2019-06-12 13:16:23,055 INFO  impl.RaftServerProxy (ConfUtils.java:logGet(43)) - raft.rpc.type = GRPC (default)
2019-06-12 13:16:23,055 INFO  grpc.GrpcConfigKeys$Server (ConfUtils.java:logGet(43)) - raft.grpc.server.port = 42525 (custom)
2019-06-12 13:16:23,056 INFO  server.GrpcService (ConfUtils.java:logGet(43)) - raft.grpc.message.size.max = 33570816 (custom)
2019-06-12 13:16:23,056 INFO  server.RaftServerConfigKeys (ConfUtils.java:logGet(43)) - raft.server.log.appender.buffer.byte-limit = 33554432 (custom)
2019-06-12 13:16:23,056 INFO  server.GrpcService (ConfUtils.java:logGet(43)) - raft.grpc.flow.control.window = 1MB (=1048576) (default)
2019-06-12 13:16:23,056 INFO  server.RaftServerConfigKeys (ConfUtils.java:logGet(43)) - raft.server.rpc.request.timeout = 3000ms (default)
2019-06-12 13:16:23,057 INFO  server.RaftServerConfigKeys (ConfUtils.java:logGet(43)) - raft.server.storage.dir = [/opt/src/hadoop-ozone/integration-test/target/test-dir/MiniOzoneClusterImpl-a378a772-0d4b-4c9d-88b4-e4db46cabce6/datanode-2/data/ratis] (custom)
2019-06-12 13:16:23,057 INFO  server.XceiverServerGrpc (XceiverServerGrpc.java:<init>(97)) - Found a free port for the server : 38187
2019-06-12 13:16:23,058 INFO  replication.SimpleContainerDownloader (SimpleContainerDownloader.java:<init>(72)) - Starting container downloader service to copy containers to replicate.
2019-06-12 13:16:23,059 INFO  hdfs.DFSUtil (DFSUtil.java:httpServerTemplateForNNAndJN(1641)) - Starting Web-server for hddsDatanode at: http://0.0.0.0:0
2019-06-12 13:16:23,060 INFO  server.AuthenticationFilter (AuthenticationFilter.java:constructSecretProvider(240)) - Unable to initialize FileSignerSecretProvider, falling back to use random secrets.
2019-06-12 13:16:23,061 WARN  http.HttpRequestLog (HttpRequestLog.java:getRequestLog(97)) - Jetty request log can only be enabled using Log4j
2019-06-12 13:16:23,062 INFO  http.HttpServer2 (HttpServer2.java:addGlobalFilter(975)) - Added global filter 'safety' (class=org.apache.hadoop.http.HttpServer2$QuotingInputFilter)
2019-06-12 13:16:23,063 INFO  http.HttpServer2 (HttpServer2.java:addFilter(948)) - Added filter static_user_filter (class=org.apache.hadoop.http.lib.StaticUserWebFilter$StaticUserFilter) to context hddsDatanode
2019-06-12 13:16:23,063 INFO  http.HttpServer2 (HttpServer2.java:addFilter(958)) - Added filter static_user_filter (class=org.apache.hadoop.http.lib.StaticUserWebFilter$StaticUserFilter) to context static
2019-06-12 13:16:23,063 INFO  http.HttpServer2 (HttpServer2.java:addFilter(958)) - Added filter static_user_filter (class=org.apache.hadoop.http.lib.StaticUserWebFilter$StaticUserFilter) to context logs
2019-06-12 13:16:23,064 INFO  http.HttpServer2 (HttpServer2.java:bindListener(1191)) - Jetty bound to port 41405
2019-06-12 13:16:23,064 INFO  server.Server (Server.java:doStart(351)) - jetty-9.3.24.v20180605, build timestamp: 2018-06-05T17:11:56Z, git hash: 84205aa28f11a4f31f2a3b86d1bba2cc8ab69827
2019-06-12 13:16:23,067 INFO  handler.ContextHandler (ContextHandler.java:doStart(781)) - Started o.e.j.s.ServletContextHandler@674da77b{/logs,file:///opt/src/hadoop-ozone/integration-test/target/log,AVAILABLE}
2019-06-12 13:16:23,079 INFO  handler.ContextHandler (ContextHandler.java:doStart(781)) - Started o.e.j.s.ServletContextHandler@6010d0d1{/static,jar:file:/root/.m2/repository/org/apache/hadoop/hadoop-hdds-container-service/0.5.0-SNAPSHOT/hadoop-hdds-container-service-0.5.0-SNAPSHOT.jar!/webapps/static,AVAILABLE}
2019-06-12 13:16:23,109 INFO  handler.ContextHandler (ContextHandler.java:doStart(781)) - Started o.e.j.w.WebAppContext@624b523{/,file:///tmp/jetty-0.0.0.0-41405-hddsDatanode-_-any-6113085101694402131.dir/webapp/,AVAILABLE}{/hddsDatanode}
2019-06-12 13:16:23,110 INFO  server.AbstractConnector (AbstractConnector.java:doStart(278)) - Started ServerConnector@50b46e24{HTTP/1.1,[http/1.1]}{0.0.0.0:41405}
2019-06-12 13:16:23,112 INFO  server.Server (Server.java:doStart(419)) - Started @4334ms
2019-06-12 13:16:23,112 INFO  server.BaseHttpServer (BaseHttpServer.java:updateConnectorAddress(207)) - HTTP server of HDDSDATANODE is listening at http://0.0.0.0:41405
2019-06-12 13:16:23,328 INFO  ozone.HddsDatanodeService (HddsDatanodeService.java:startPlugins(396)) - Started plug-in org.apache.hadoop.ozone.web.OzoneHddsDatanodeService@662be9f7
2019-06-12 13:16:23,331 INFO  impl.MetricsSystemImpl (MetricsSystemImpl.java:init(158)) - HddsDatanode metrics system started (again)
2019-06-12 13:16:23,331 INFO  ozone.HddsDatanodeService (HddsDatanodeService.java:start(185)) - HddsDatanodeService host:ozone-5qnff-1533938733 ip:192.168.11.194
2019-06-12 13:16:23,354 INFO  volume.HddsVolume (HddsVolume.java:<init>(176)) - Creating Volume: /opt/src/hadoop-ozone/integration-test/target/test-dir/MiniOzoneClusterImpl-a378a772-0d4b-4c9d-88b4-e4db46cabce6/datanode-3/data/containers/hdds of  storage type : DISK and capacity : 104021790720
2019-06-12 13:16:23,354 INFO  volume.VolumeSet (VolumeSet.java:initializeVolumeSet(170)) - Added Volume : /opt/src/hadoop-ozone/integration-test/target/test-dir/MiniOzoneClusterImpl-a378a772-0d4b-4c9d-88b4-e4db46cabce6/datanode-3/data/containers/hdds to VolumeSet
2019-06-12 13:16:23,354 INFO  volume.ThrottledAsyncChecker (ThrottledAsyncChecker.java:schedule(140)) - Scheduling a check for org.apache.hadoop.ozone.container.common.volume.HddsVolume@2f9dda71
2019-06-12 13:16:23,355 INFO  util.JvmPauseMonitor (JvmPauseMonitor.java:run(188)) - Starting JVM pause monitor
2019-06-12 13:16:23,360 INFO  datanode.InitDatanodeState (InitDatanodeState.java:persistContainerDatanodeDetails(140)) - DatanodeDetails is persisted to /opt/src/hadoop-ozone/integration-test/target/test-dir/MiniOzoneClusterImpl-a378a772-0d4b-4c9d-88b4-e4db46cabce6/datanode-2/meta/datanode.id
2019-06-12 13:16:23,363 INFO  volume.HddsVolumeChecker (HddsVolumeChecker.java:checkAllVolumes(203)) - Scheduled health check for volume org.apache.hadoop.ozone.container.common.volume.HddsVolume@2f9dda71
2019-06-12 13:16:23,372 INFO  ratis.XceiverServerRatis (XceiverServerRatis.java:newXceiverServerRatis(401)) - Found a free port for the server : 45833
2019-06-12 13:16:23,373 INFO  impl.RaftServerProxy (ConfUtils.java:logGet(43)) - raft.rpc.type = GRPC (default)
2019-06-12 13:16:23,374 INFO  grpc.GrpcConfigKeys$Server (ConfUtils.java:logGet(43)) - raft.grpc.server.port = 45833 (custom)
2019-06-12 13:16:23,374 INFO  server.GrpcService (ConfUtils.java:logGet(43)) - raft.grpc.message.size.max = 33570816 (custom)
2019-06-12 13:16:23,374 INFO  server.RaftServerConfigKeys (ConfUtils.java:logGet(43)) - raft.server.log.appender.buffer.byte-limit = 33554432 (custom)
2019-06-12 13:16:23,374 INFO  server.GrpcService (ConfUtils.java:logGet(43)) - raft.grpc.flow.control.window = 1MB (=1048576) (default)
2019-06-12 13:16:23,374 INFO  server.RaftServerConfigKeys (ConfUtils.java:logGet(43)) - raft.server.rpc.request.timeout = 3000ms (default)
2019-06-12 13:16:23,375 INFO  server.RaftServerConfigKeys (ConfUtils.java:logGet(43)) - raft.server.storage.dir = [/opt/src/hadoop-ozone/integration-test/target/test-dir/MiniOzoneClusterImpl-a378a772-0d4b-4c9d-88b4-e4db46cabce6/datanode-3/data/ratis] (custom)
2019-06-12 13:16:23,375 INFO  server.XceiverServerGrpc (XceiverServerGrpc.java:<init>(97)) - Found a free port for the server : 41621
2019-06-12 13:16:23,375 INFO  replication.SimpleContainerDownloader (SimpleContainerDownloader.java:<init>(72)) - Starting container downloader service to copy containers to replicate.
2019-06-12 13:16:23,376 INFO  hdfs.DFSUtil (DFSUtil.java:httpServerTemplateForNNAndJN(1641)) - Starting Web-server for hddsDatanode at: http://0.0.0.0:0
2019-06-12 13:16:23,377 INFO  server.AuthenticationFilter (AuthenticationFilter.java:constructSecretProvider(240)) - Unable to initialize FileSignerSecretProvider, falling back to use random secrets.
2019-06-12 13:16:23,378 WARN  http.HttpRequestLog (HttpRequestLog.java:getRequestLog(97)) - Jetty request log can only be enabled using Log4j
2019-06-12 13:16:23,379 INFO  http.HttpServer2 (HttpServer2.java:addGlobalFilter(975)) - Added global filter 'safety' (class=org.apache.hadoop.http.HttpServer2$QuotingInputFilter)
2019-06-12 13:16:23,379 INFO  http.HttpServer2 (HttpServer2.java:addFilter(948)) - Added filter static_user_filter (class=org.apache.hadoop.http.lib.StaticUserWebFilter$StaticUserFilter) to context hddsDatanode
2019-06-12 13:16:23,380 INFO  http.HttpServer2 (HttpServer2.java:addFilter(958)) - Added filter static_user_filter (class=org.apache.hadoop.http.lib.StaticUserWebFilter$StaticUserFilter) to context static
2019-06-12 13:16:23,380 INFO  http.HttpServer2 (HttpServer2.java:addFilter(958)) - Added filter static_user_filter (class=org.apache.hadoop.http.lib.StaticUserWebFilter$StaticUserFilter) to context logs
2019-06-12 13:16:23,380 INFO  http.HttpServer2 (HttpServer2.java:bindListener(1191)) - Jetty bound to port 41591
2019-06-12 13:16:23,380 INFO  server.Server (Server.java:doStart(351)) - jetty-9.3.24.v20180605, build timestamp: 2018-06-05T17:11:56Z, git hash: 84205aa28f11a4f31f2a3b86d1bba2cc8ab69827
2019-06-12 13:16:23,383 INFO  handler.ContextHandler (ContextHandler.java:doStart(781)) - Started o.e.j.s.ServletContextHandler@1f15e689{/logs,file:///opt/src/hadoop-ozone/integration-test/target/log,AVAILABLE}
2019-06-12 13:16:23,383 INFO  handler.ContextHandler (ContextHandler.java:doStart(781)) - Started o.e.j.s.ServletContextHandler@3ebc955b{/static,jar:file:/root/.m2/repository/org/apache/hadoop/hadoop-hdds-container-service/0.5.0-SNAPSHOT/hadoop-hdds-container-service-0.5.0-SNAPSHOT.jar!/webapps/static,AVAILABLE}
2019-06-12 13:16:23,404 INFO  handler.ContextHandler (ContextHandler.java:doStart(781)) - Started o.e.j.w.WebAppContext@9fe720a{/,file:///tmp/jetty-0.0.0.0-41591-hddsDatanode-_-any-3891463377160999304.dir/webapp/,AVAILABLE}{/hddsDatanode}
2019-06-12 13:16:23,405 INFO  server.AbstractConnector (AbstractConnector.java:doStart(278)) - Started ServerConnector@149274cb{HTTP/1.1,[http/1.1]}{0.0.0.0:41591}
2019-06-12 13:16:23,406 INFO  server.Server (Server.java:doStart(419)) - Started @4629ms
2019-06-12 13:16:23,407 INFO  server.BaseHttpServer (BaseHttpServer.java:updateConnectorAddress(207)) - HTTP server of HDDSDATANODE is listening at http://0.0.0.0:41591
2019-06-12 13:16:23,543 INFO  ozone.HddsDatanodeService (HddsDatanodeService.java:startPlugins(396)) - Started plug-in org.apache.hadoop.ozone.web.OzoneHddsDatanodeService@7aded903
2019-06-12 13:16:23,551 INFO  impl.MetricsSystemImpl (MetricsSystemImpl.java:init(158)) - HddsDatanode metrics system started (again)
2019-06-12 13:16:23,551 INFO  ozone.HddsDatanodeService (HddsDatanodeService.java:start(185)) - HddsDatanodeService host:ozone-5qnff-1533938733 ip:192.168.11.194
2019-06-12 13:16:23,560 INFO  util.JvmPauseMonitor (JvmPauseMonitor.java:run(188)) - Starting JVM pause monitor
2019-06-12 13:16:23,565 INFO  datanode.InitDatanodeState (InitDatanodeState.java:persistContainerDatanodeDetails(140)) - DatanodeDetails is persisted to /opt/src/hadoop-ozone/integration-test/target/test-dir/MiniOzoneClusterImpl-a378a772-0d4b-4c9d-88b4-e4db46cabce6/datanode-3/meta/datanode.id
2019-06-12 13:16:23,567 INFO  volume.HddsVolume (HddsVolume.java:<init>(176)) - Creating Volume: /opt/src/hadoop-ozone/integration-test/target/test-dir/MiniOzoneClusterImpl-a378a772-0d4b-4c9d-88b4-e4db46cabce6/datanode-4/data/containers/hdds of  storage type : DISK and capacity : 104021790720
2019-06-12 13:16:23,567 INFO  volume.VolumeSet (VolumeSet.java:initializeVolumeSet(170)) - Added Volume : /opt/src/hadoop-ozone/integration-test/target/test-dir/MiniOzoneClusterImpl-a378a772-0d4b-4c9d-88b4-e4db46cabce6/datanode-4/data/containers/hdds to VolumeSet
2019-06-12 13:16:23,567 INFO  volume.ThrottledAsyncChecker (ThrottledAsyncChecker.java:schedule(140)) - Scheduling a check for org.apache.hadoop.ozone.container.common.volume.HddsVolume@66f16742
2019-06-12 13:16:23,570 INFO  volume.HddsVolumeChecker (HddsVolumeChecker.java:checkAllVolumes(203)) - Scheduled health check for volume org.apache.hadoop.ozone.container.common.volume.HddsVolume@66f16742
2019-06-12 13:16:23,581 INFO  ratis.XceiverServerRatis (XceiverServerRatis.java:newXceiverServerRatis(401)) - Found a free port for the server : 33595
2019-06-12 13:16:23,583 INFO  impl.RaftServerProxy (ConfUtils.java:logGet(43)) - raft.rpc.type = GRPC (default)
2019-06-12 13:16:23,583 INFO  grpc.GrpcConfigKeys$Server (ConfUtils.java:logGet(43)) - raft.grpc.server.port = 33595 (custom)
2019-06-12 13:16:23,583 INFO  server.GrpcService (ConfUtils.java:logGet(43)) - raft.grpc.message.size.max = 33570816 (custom)
2019-06-12 13:16:23,584 INFO  server.RaftServerConfigKeys (ConfUtils.java:logGet(43)) - raft.server.log.appender.buffer.byte-limit = 33554432 (custom)
2019-06-12 13:16:23,584 INFO  server.GrpcService (ConfUtils.java:logGet(43)) - raft.grpc.flow.control.window = 1MB (=1048576) (default)
2019-06-12 13:16:23,584 INFO  server.RaftServerConfigKeys (ConfUtils.java:logGet(43)) - raft.server.rpc.request.timeout = 3000ms (default)
2019-06-12 13:16:23,584 INFO  server.RaftServerConfigKeys (ConfUtils.java:logGet(43)) - raft.server.storage.dir = [/opt/src/hadoop-ozone/integration-test/target/test-dir/MiniOzoneClusterImpl-a378a772-0d4b-4c9d-88b4-e4db46cabce6/datanode-4/data/ratis] (custom)
2019-06-12 13:16:23,585 INFO  server.XceiverServerGrpc (XceiverServerGrpc.java:<init>(97)) - Found a free port for the server : 34611
2019-06-12 13:16:23,585 INFO  replication.SimpleContainerDownloader (SimpleContainerDownloader.java:<init>(72)) - Starting container downloader service to copy containers to replicate.
2019-06-12 13:16:23,586 INFO  hdfs.DFSUtil (DFSUtil.java:httpServerTemplateForNNAndJN(1641)) - Starting Web-server for hddsDatanode at: http://0.0.0.0:0
2019-06-12 13:16:23,587 INFO  server.AuthenticationFilter (AuthenticationFilter.java:constructSecretProvider(240)) - Unable to initialize FileSignerSecretProvider, falling back to use random secrets.
2019-06-12 13:16:23,587 WARN  http.HttpRequestLog (HttpRequestLog.java:getRequestLog(97)) - Jetty request log can only be enabled using Log4j
2019-06-12 13:16:23,589 INFO  http.HttpServer2 (HttpServer2.java:addGlobalFilter(975)) - Added global filter 'safety' (class=org.apache.hadoop.http.HttpServer2$QuotingInputFilter)
2019-06-12 13:16:23,590 INFO  http.HttpServer2 (HttpServer2.java:addFilter(948)) - Added filter static_user_filter (class=org.apache.hadoop.http.lib.StaticUserWebFilter$StaticUserFilter) to context hddsDatanode
2019-06-12 13:16:23,590 INFO  http.HttpServer2 (HttpServer2.java:addFilter(958)) - Added filter static_user_filter (class=org.apache.hadoop.http.lib.StaticUserWebFilter$StaticUserFilter) to context logs
2019-06-12 13:16:23,590 INFO  http.HttpServer2 (HttpServer2.java:addFilter(958)) - Added filter static_user_filter (class=org.apache.hadoop.http.lib.StaticUserWebFilter$StaticUserFilter) to context static
2019-06-12 13:16:23,591 INFO  http.HttpServer2 (HttpServer2.java:bindListener(1191)) - Jetty bound to port 35073
2019-06-12 13:16:23,591 INFO  server.Server (Server.java:doStart(351)) - jetty-9.3.24.v20180605, build timestamp: 2018-06-05T17:11:56Z, git hash: 84205aa28f11a4f31f2a3b86d1bba2cc8ab69827
2019-06-12 13:16:23,593 INFO  handler.ContextHandler (ContextHandler.java:doStart(781)) - Started o.e.j.s.ServletContextHandler@4ef18604{/logs,file:///opt/src/hadoop-ozone/integration-test/target/log,AVAILABLE}
2019-06-12 13:16:23,594 INFO  handler.ContextHandler (ContextHandler.java:doStart(781)) - Started o.e.j.s.ServletContextHandler@16cf8438{/static,jar:file:/root/.m2/repository/org/apache/hadoop/hadoop-hdds-container-service/0.5.0-SNAPSHOT/hadoop-hdds-container-service-0.5.0-SNAPSHOT.jar!/webapps/static,AVAILABLE}
2019-06-12 13:16:23,615 INFO  handler.ContextHandler (ContextHandler.java:doStart(781)) - Started o.e.j.w.WebAppContext@2ca3d826{/,file:///tmp/jetty-0.0.0.0-35073-hddsDatanode-_-any-1992129691671151040.dir/webapp/,AVAILABLE}{/hddsDatanode}
2019-06-12 13:16:23,616 INFO  server.AbstractConnector (AbstractConnector.java:doStart(278)) - Started ServerConnector@5d194314{HTTP/1.1,[http/1.1]}{0.0.0.0:35073}
2019-06-12 13:16:23,617 INFO  server.Server (Server.java:doStart(419)) - Started @4840ms
2019-06-12 13:16:23,618 INFO  server.BaseHttpServer (BaseHttpServer.java:updateConnectorAddress(207)) - HTTP server of HDDSDATANODE is listening at http://0.0.0.0:35073
2019-06-12 13:16:23,741 INFO  ozone.HddsDatanodeService (HddsDatanodeService.java:startPlugins(396)) - Started plug-in org.apache.hadoop.ozone.web.OzoneHddsDatanodeService@454bcbbf
2019-06-12 13:16:23,741 INFO  impl.MetricsSystemImpl (MetricsSystemImpl.java:init(158)) - HddsDatanode metrics system started (again)
2019-06-12 13:16:23,741 INFO  ozone.HddsDatanodeService (HddsDatanodeService.java:start(185)) - HddsDatanodeService host:ozone-5qnff-1533938733 ip:192.168.11.194
2019-06-12 13:16:23,747 INFO  util.JvmPauseMonitor (JvmPauseMonitor.java:run(188)) - Starting JVM pause monitor
2019-06-12 13:16:23,748 INFO  datanode.InitDatanodeState (InitDatanodeState.java:persistContainerDatanodeDetails(140)) - DatanodeDetails is persisted to /opt/src/hadoop-ozone/integration-test/target/test-dir/MiniOzoneClusterImpl-a378a772-0d4b-4c9d-88b4-e4db46cabce6/datanode-4/meta/datanode.id
2019-06-12 13:16:23,752 INFO  volume.HddsVolume (HddsVolume.java:<init>(176)) - Creating Volume: /opt/src/hadoop-ozone/integration-test/target/test-dir/MiniOzoneClusterImpl-a378a772-0d4b-4c9d-88b4-e4db46cabce6/datanode-5/data/containers/hdds of  storage type : DISK and capacity : 104021790720
2019-06-12 13:16:23,752 INFO  volume.VolumeSet (VolumeSet.java:initializeVolumeSet(170)) - Added Volume : /opt/src/hadoop-ozone/integration-test/target/test-dir/MiniOzoneClusterImpl-a378a772-0d4b-4c9d-88b4-e4db46cabce6/datanode-5/data/containers/hdds to VolumeSet
2019-06-12 13:16:23,753 INFO  volume.ThrottledAsyncChecker (ThrottledAsyncChecker.java:schedule(140)) - Scheduling a check for org.apache.hadoop.ozone.container.common.volume.HddsVolume@7ea42c82
2019-06-12 13:16:23,753 INFO  volume.HddsVolumeChecker (HddsVolumeChecker.java:checkAllVolumes(203)) - Scheduled health check for volume org.apache.hadoop.ozone.container.common.volume.HddsVolume@7ea42c82
2019-06-12 13:16:23,766 INFO  ratis.XceiverServerRatis (XceiverServerRatis.java:newXceiverServerRatis(401)) - Found a free port for the server : 34289
2019-06-12 13:16:23,768 INFO  impl.RaftServerProxy (ConfUtils.java:logGet(43)) - raft.rpc.type = GRPC (default)
2019-06-12 13:16:23,768 INFO  grpc.GrpcConfigKeys$Server (ConfUtils.java:logGet(43)) - raft.grpc.server.port = 34289 (custom)
2019-06-12 13:16:23,768 INFO  server.GrpcService (ConfUtils.java:logGet(43)) - raft.grpc.message.size.max = 33570816 (custom)
2019-06-12 13:16:23,768 INFO  server.RaftServerConfigKeys (ConfUtils.java:logGet(43)) - raft.server.log.appender.buffer.byte-limit = 33554432 (custom)
2019-06-12 13:16:23,768 INFO  server.GrpcService (ConfUtils.java:logGet(43)) - raft.grpc.flow.control.window = 1MB (=1048576) (default)
2019-06-12 13:16:23,769 INFO  server.RaftServerConfigKeys (ConfUtils.java:logGet(43)) - raft.server.rpc.request.timeout = 3000ms (default)
2019-06-12 13:16:23,769 INFO  server.RaftServerConfigKeys (ConfUtils.java:logGet(43)) - raft.server.storage.dir = [/opt/src/hadoop-ozone/integration-test/target/test-dir/MiniOzoneClusterImpl-a378a772-0d4b-4c9d-88b4-e4db46cabce6/datanode-5/data/ratis] (custom)
2019-06-12 13:16:23,770 INFO  server.XceiverServerGrpc (XceiverServerGrpc.java:<init>(97)) - Found a free port for the server : 40219
2019-06-12 13:16:23,770 INFO  replication.SimpleContainerDownloader (SimpleContainerDownloader.java:<init>(72)) - Starting container downloader service to copy containers to replicate.
2019-06-12 13:16:23,771 INFO  hdfs.DFSUtil (DFSUtil.java:httpServerTemplateForNNAndJN(1641)) - Starting Web-server for hddsDatanode at: http://0.0.0.0:0
2019-06-12 13:16:23,772 INFO  server.AuthenticationFilter (AuthenticationFilter.java:constructSecretProvider(240)) - Unable to initialize FileSignerSecretProvider, falling back to use random secrets.
2019-06-12 13:16:23,773 WARN  http.HttpRequestLog (HttpRequestLog.java:getRequestLog(97)) - Jetty request log can only be enabled using Log4j
2019-06-12 13:16:23,774 INFO  http.HttpServer2 (HttpServer2.java:addGlobalFilter(975)) - Added global filter 'safety' (class=org.apache.hadoop.http.HttpServer2$QuotingInputFilter)
2019-06-12 13:16:23,775 INFO  http.HttpServer2 (HttpServer2.java:addFilter(948)) - Added filter static_user_filter (class=org.apache.hadoop.http.lib.StaticUserWebFilter$StaticUserFilter) to context hddsDatanode
2019-06-12 13:16:23,775 INFO  http.HttpServer2 (HttpServer2.java:addFilter(958)) - Added filter static_user_filter (class=org.apache.hadoop.http.lib.StaticUserWebFilter$StaticUserFilter) to context static
2019-06-12 13:16:23,775 INFO  http.HttpServer2 (HttpServer2.java:addFilter(958)) - Added filter static_user_filter (class=org.apache.hadoop.http.lib.StaticUserWebFilter$StaticUserFilter) to context logs
2019-06-12 13:16:23,776 INFO  http.HttpServer2 (HttpServer2.java:bindListener(1191)) - Jetty bound to port 37173
2019-06-12 13:16:23,776 INFO  server.Server (Server.java:doStart(351)) - jetty-9.3.24.v20180605, build timestamp: 2018-06-05T17:11:56Z, git hash: 84205aa28f11a4f31f2a3b86d1bba2cc8ab69827
2019-06-12 13:16:23,779 INFO  handler.ContextHandler (ContextHandler.java:doStart(781)) - Started o.e.j.s.ServletContextHandler@58a7dc4{/logs,file:///opt/src/hadoop-ozone/integration-test/target/log,AVAILABLE}
2019-06-12 13:16:23,779 INFO  handler.ContextHandler (ContextHandler.java:doStart(781)) - Started o.e.j.s.ServletContextHandler@27f71195{/static,jar:file:/root/.m2/repository/org/apache/hadoop/hadoop-hdds-container-service/0.5.0-SNAPSHOT/hadoop-hdds-container-service-0.5.0-SNAPSHOT.jar!/webapps/static,AVAILABLE}
2019-06-12 13:16:23,808 INFO  handler.ContextHandler (ContextHandler.java:doStart(781)) - Started o.e.j.w.WebAppContext@26b3c9a2{/,file:///tmp/jetty-0.0.0.0-37173-hddsDatanode-_-any-5465556987788196166.dir/webapp/,AVAILABLE}{/hddsDatanode}
2019-06-12 13:16:23,809 INFO  server.AbstractConnector (AbstractConnector.java:doStart(278)) - Started ServerConnector@241b971f{HTTP/1.1,[http/1.1]}{0.0.0.0:37173}
2019-06-12 13:16:23,810 INFO  server.Server (Server.java:doStart(419)) - Started @5032ms
2019-06-12 13:16:23,812 INFO  server.BaseHttpServer (BaseHttpServer.java:updateConnectorAddress(207)) - HTTP server of HDDSDATANODE is listening at http://0.0.0.0:37173
2019-06-12 13:16:23,910 INFO  ozone.HddsDatanodeService (HddsDatanodeService.java:startPlugins(396)) - Started plug-in org.apache.hadoop.ozone.web.OzoneHddsDatanodeService@693f2213
2019-06-12 13:16:23,911 INFO  ozone.MiniOzoneClusterImpl (MiniOzoneClusterImpl.java:lambda$waitForClusterToBeReady$0(142)) - Waiting for cluster to be ready. Got 0 of 6 DN Heartbeats.
2019-06-12 13:16:23,915 INFO  util.JvmPauseMonitor (JvmPauseMonitor.java:run(188)) - Starting JVM pause monitor
2019-06-12 13:16:23,916 INFO  datanode.InitDatanodeState (InitDatanodeState.java:persistContainerDatanodeDetails(140)) - DatanodeDetails is persisted to /opt/src/hadoop-ozone/integration-test/target/test-dir/MiniOzoneClusterImpl-a378a772-0d4b-4c9d-88b4-e4db46cabce6/datanode-5/meta/datanode.id
2019-06-12 13:16:24,843 INFO  ozoneimpl.OzoneContainer (OzoneContainer.java:start(186)) - Attempting to start container services.
2019-06-12 13:16:24,843 INFO  ozoneimpl.OzoneContainer (OzoneContainer.java:startContainerScrub(160)) - Background container scrubber has been disabled by hdds.containerscrub.enabled
2019-06-12 13:16:24,843 INFO  ratis.XceiverServerRatis (XceiverServerRatis.java:start(418)) - Starting XceiverServerRatis 0696c34a-ab84-4b32-9fcb-9144cc880406 at port 42029
2019-06-12 13:16:24,854 INFO  impl.RaftServerProxy (RaftServerProxy.java:lambda$start$3(299)) - 0696c34a-ab84-4b32-9fcb-9144cc880406: start RPC server
2019-06-12 13:16:24,911 INFO  ozone.MiniOzoneClusterImpl (MiniOzoneClusterImpl.java:lambda$waitForClusterToBeReady$0(142)) - Waiting for cluster to be ready. Got 0 of 6 DN Heartbeats.
2019-06-12 13:16:24,993 INFO  server.GrpcService (GrpcService.java:startImpl(148)) - 0696c34a-ab84-4b32-9fcb-9144cc880406: GrpcService started, listening on 0.0.0.0/0.0.0.0:42029
2019-06-12 13:16:25,020 INFO  ozoneimpl.OzoneContainer (OzoneContainer.java:start(186)) - Attempting to start container services.
2019-06-12 13:16:25,020 INFO  ozoneimpl.OzoneContainer (OzoneContainer.java:startContainerScrub(160)) - Background container scrubber has been disabled by hdds.containerscrub.enabled
2019-06-12 13:16:25,020 INFO  ratis.XceiverServerRatis (XceiverServerRatis.java:start(418)) - Starting XceiverServerRatis 797f02a7-e6e5-4b32-8881-38345c8bdc76 at port 44941
2019-06-12 13:16:25,040 INFO  impl.RaftServerProxy (RaftServerProxy.java:lambda$start$3(299)) - 797f02a7-e6e5-4b32-8881-38345c8bdc76: start RPC server
2019-06-12 13:16:25,042 INFO  server.GrpcService (GrpcService.java:startImpl(148)) - 797f02a7-e6e5-4b32-8881-38345c8bdc76: GrpcService started, listening on 0.0.0.0/0.0.0.0:44941
2019-06-12 13:16:25,359 INFO  ozoneimpl.OzoneContainer (OzoneContainer.java:start(186)) - Attempting to start container services.
2019-06-12 13:16:25,361 INFO  ozoneimpl.OzoneContainer (OzoneContainer.java:startContainerScrub(160)) - Background container scrubber has been disabled by hdds.containerscrub.enabled
2019-06-12 13:16:25,361 INFO  ratis.XceiverServerRatis (XceiverServerRatis.java:start(418)) - Starting XceiverServerRatis 8fb0f365-c36f-4636-acd7-d0b3f2c064f5 at port 42525
2019-06-12 13:16:25,366 INFO  impl.RaftServerProxy (RaftServerProxy.java:lambda$start$3(299)) - 8fb0f365-c36f-4636-acd7-d0b3f2c064f5: start RPC server
2019-06-12 13:16:25,368 INFO  server.GrpcService (GrpcService.java:startImpl(148)) - 8fb0f365-c36f-4636-acd7-d0b3f2c064f5: GrpcService started, listening on 0.0.0.0/0.0.0.0:42525
2019-06-12 13:16:25,563 INFO  ozoneimpl.OzoneContainer (OzoneContainer.java:start(186)) - Attempting to start container services.
2019-06-12 13:16:25,564 INFO  ozoneimpl.OzoneContainer (OzoneContainer.java:startContainerScrub(160)) - Background container scrubber has been disabled by hdds.containerscrub.enabled
2019-06-12 13:16:25,564 INFO  ratis.XceiverServerRatis (XceiverServerRatis.java:start(418)) - Starting XceiverServerRatis 3f1fccf5-940f-46da-8bab-c7fc7f6e454d at port 45833
2019-06-12 13:16:25,569 INFO  impl.RaftServerProxy (RaftServerProxy.java:lambda$start$3(299)) - 3f1fccf5-940f-46da-8bab-c7fc7f6e454d: start RPC server
2019-06-12 13:16:25,571 INFO  server.GrpcService (GrpcService.java:startImpl(148)) - 3f1fccf5-940f-46da-8bab-c7fc7f6e454d: GrpcService started, listening on 0.0.0.0/0.0.0.0:45833
2019-06-12 13:16:25,751 INFO  ozoneimpl.OzoneContainer (OzoneContainer.java:start(186)) - Attempting to start container services.
2019-06-12 13:16:25,752 INFO  ozoneimpl.OzoneContainer (OzoneContainer.java:startContainerScrub(160)) - Background container scrubber has been disabled by hdds.containerscrub.enabled
2019-06-12 13:16:25,753 INFO  ratis.XceiverServerRatis (XceiverServerRatis.java:start(418)) - Starting XceiverServerRatis c3a8ca1f-1ca1-4b71-80b2-06f707aced33 at port 33595
2019-06-12 13:16:25,759 INFO  impl.RaftServerProxy (RaftServerProxy.java:lambda$start$3(299)) - c3a8ca1f-1ca1-4b71-80b2-06f707aced33: start RPC server
2019-06-12 13:16:25,761 INFO  server.GrpcService (GrpcService.java:startImpl(148)) - c3a8ca1f-1ca1-4b71-80b2-06f707aced33: GrpcService started, listening on 0.0.0.0/0.0.0.0:33595
2019-06-12 13:16:25,911 INFO  ozone.MiniOzoneClusterImpl (MiniOzoneClusterImpl.java:lambda$waitForClusterToBeReady$0(142)) - Waiting for cluster to be ready. Got 0 of 6 DN Heartbeats.
2019-06-12 13:16:25,919 INFO  ozoneimpl.OzoneContainer (OzoneContainer.java:start(186)) - Attempting to start container services.
2019-06-12 13:16:25,921 INFO  ozoneimpl.OzoneContainer (OzoneContainer.java:startContainerScrub(160)) - Background container scrubber has been disabled by hdds.containerscrub.enabled
2019-06-12 13:16:25,921 INFO  ratis.XceiverServerRatis (XceiverServerRatis.java:start(418)) - Starting XceiverServerRatis 81ef9beb-88ce-4c26-8148-087718e74042 at port 34289
2019-06-12 13:16:25,925 INFO  impl.RaftServerProxy (RaftServerProxy.java:lambda$start$3(299)) - 81ef9beb-88ce-4c26-8148-087718e74042: start RPC server
2019-06-12 13:16:25,927 INFO  server.GrpcService (GrpcService.java:startImpl(148)) - 81ef9beb-88ce-4c26-8148-087718e74042: GrpcService started, listening on 0.0.0.0/0.0.0.0:34289
2019-06-12 13:16:26,843 INFO  node.SCMNodeManager (SCMNodeManager.java:register(234)) - Registered Data node : 0696c34a-ab84-4b32-9fcb-9144cc880406{ip: 192.168.11.194, host: ozone-5qnff-1533938733, networkLocation: /default-rack, certSerialId: null}
2019-06-12 13:16:26,846 INFO  safemode.SCMSafeModeManager (DataNodeSafeModeRule.java:process(71)) - SCM in safe mode. 1 DataNodes registered, 1 required.
2019-06-12 13:16:26,846 INFO  safemode.SCMSafeModeManager (SCMSafeModeManager.java:validateSafeModeExitRules(177)) - ScmSafeModeManager, all rules are successfully validated
2019-06-12 13:16:26,847 INFO  safemode.SCMSafeModeManager (SCMSafeModeManager.java:exitSafeMode(193)) - SCM exiting safe mode.
2019-06-12 13:16:26,912 INFO  ozone.MiniOzoneClusterImpl (MiniOzoneClusterImpl.java:lambda$waitForClusterToBeReady$0(142)) - Waiting for cluster to be ready. Got 1 of 6 DN Heartbeats.
2019-06-12 13:16:27,016 INFO  node.SCMNodeManager (SCMNodeManager.java:register(234)) - Registered Data node : 797f02a7-e6e5-4b32-8881-38345c8bdc76{ip: 192.168.11.194, host: ozone-5qnff-1533938733, networkLocation: /default-rack, certSerialId: null}
2019-06-12 13:16:27,198 INFO  impl.RaftServerProxy (RaftServerProxy.java:addNew(89)) - 0696c34a-ab84-4b32-9fcb-9144cc880406: addNew group-A5F0A033D1FF:[0696c34a-ab84-4b32-9fcb-9144cc880406:192.168.11.194:42029] returns group-A5F0A033D1FF:java.util.concurrent.CompletableFuture@7446b380[Not completed]
2019-06-12 13:16:27,203 INFO  impl.RaftServerImpl (RaftServerImpl.java:<init>(91)) - 0696c34a-ab84-4b32-9fcb-9144cc880406: new RaftServerImpl for group-A5F0A033D1FF:[0696c34a-ab84-4b32-9fcb-9144cc880406:192.168.11.194:42029] with ContainerStateMachine:uninitialized
2019-06-12 13:16:27,204 INFO  server.RaftServerConfigKeys (ConfUtils.java:logGet(43)) - raft.server.rpc.timeout.min = 1s (custom)
2019-06-12 13:16:27,204 INFO  server.RaftServerConfigKeys (ConfUtils.java:logGet(43)) - raft.server.rpc.timeout.max = 1200ms (custom)
2019-06-12 13:16:27,204 INFO  server.RaftServerConfigKeys (ConfUtils.java:logGet(43)) - raft.server.rpcslowness.timeout = 10s (custom)
2019-06-12 13:16:27,205 INFO  server.RaftServerConfigKeys (ConfUtils.java:logGet(43)) - raft.server.log.appender.install.snapshot.enabled = true (default)
2019-06-12 13:16:27,211 INFO  impl.RaftServerImpl (ServerState.java:<init>(101)) - 0696c34a-ab84-4b32-9fcb-9144cc880406:group-A5F0A033D1FF ConfigurationManager, init=-1: [0696c34a-ab84-4b32-9fcb-9144cc880406:192.168.11.194:42029], old=null, confs=<EMPTY_MAP>
2019-06-12 13:16:27,211 INFO  server.RaftServerConfigKeys (ConfUtils.java:logGet(43)) - raft.server.storage.dir = [/opt/src/hadoop-ozone/integration-test/target/test-dir/MiniOzoneClusterImpl-a378a772-0d4b-4c9d-88b4-e4db46cabce6/datanode-0/data/ratis] (custom)
2019-06-12 13:16:27,215 INFO  storage.RaftStorageDirectory (RaftStorageDirectory.java:analyzeStorage(246)) - The storage directory /opt/src/hadoop-ozone/integration-test/target/test-dir/MiniOzoneClusterImpl-a378a772-0d4b-4c9d-88b4-e4db46cabce6/datanode-0/data/ratis/b74c340e-588e-4d85-be78-a5f0a033d1ff does not exist. Creating ...
2019-06-12 13:16:27,220 INFO  storage.RaftStorageDirectory (RaftStorageDirectory.java:tryLock(328)) - Lock on /opt/src/hadoop-ozone/integration-test/target/test-dir/MiniOzoneClusterImpl-a378a772-0d4b-4c9d-88b4-e4db46cabce6/datanode-0/data/ratis/b74c340e-588e-4d85-be78-a5f0a033d1ff/in_use.lock acquired by nodename 9981@ozone-5qnff-1533938733
2019-06-12 13:16:27,223 INFO  storage.RaftStorage (RaftStorage.java:format(75)) - Storage directory /opt/src/hadoop-ozone/integration-test/target/test-dir/MiniOzoneClusterImpl-a378a772-0d4b-4c9d-88b4-e4db46cabce6/datanode-0/data/ratis/b74c340e-588e-4d85-be78-a5f0a033d1ff has been successfully formatted.
2019-06-12 13:16:27,224 INFO  ratis.ContainerStateMachine (ContainerStateMachine.java:loadSnapshot(199)) - The snapshot info is null.Setting the last applied index to:(t:0, i:~)
2019-06-12 13:16:27,224 INFO  server.RaftServerConfigKeys (ConfUtils.java:logGet(43)) - raft.server.leader.election.timeout = 10s (custom)
2019-06-12 13:16:27,226 INFO  server.RaftServerConfigKeys (ConfUtils.java:logGet(43)) - raft.server.log.use.memory = false (default)
2019-06-12 13:16:27,227 INFO  server.RaftServerConfigKeys (ConfUtils.java:logGet(43)) - raft.server.log.appender.buffer.byte-limit = 33554432 (custom)
2019-06-12 13:16:27,343 INFO  server.RaftServerConfigKeys (ConfUtils.java:logGet(43)) - raft.server.log.segment.size.max = 16384 (custom)
2019-06-12 13:16:27,348 INFO  server.RaftServerConfigKeys (ConfUtils.java:logGet(43)) - raft.server.log.segment.cache.num.max = 2 (custom)
2019-06-12 13:16:27,351 INFO  storage.RaftLogWorker (RaftLogWorker.java:<init>(123)) - new 0696c34a-ab84-4b32-9fcb-9144cc880406-RaftLogWorker for Storage Directory /opt/src/hadoop-ozone/integration-test/target/test-dir/MiniOzoneClusterImpl-a378a772-0d4b-4c9d-88b4-e4db46cabce6/datanode-0/data/ratis/b74c340e-588e-4d85-be78-a5f0a033d1ff
2019-06-12 13:16:27,351 INFO  server.RaftServerConfigKeys (ConfUtils.java:logGet(43)) - raft.server.log.queue.byte-limit = 2147483647 (custom)
2019-06-12 13:16:27,352 INFO  server.RaftServerConfigKeys (ConfUtils.java:logGet(43)) - raft.server.log.queue.element-limit = 1024 (custom)
2019-06-12 13:16:27,354 INFO  server.RaftServerConfigKeys (ConfUtils.java:logGet(43)) - raft.server.log.segment.size.max = 16384 (custom)
2019-06-12 13:16:27,354 INFO  server.RaftServerConfigKeys (ConfUtils.java:logGet(43)) - raft.server.log.preallocated.size = 16384 (custom)
2019-06-12 13:16:27,355 INFO  server.RaftServerConfigKeys (ConfUtils.java:logGet(43)) - raft.server.log.write.buffer.size = 33554432 (custom)
2019-06-12 13:16:27,355 INFO  server.RaftServerConfigKeys (ConfUtils.java:logGet(43)) - raft.server.log.force.sync.num = 128 (default)
2019-06-12 13:16:27,357 INFO  server.RaftServerConfigKeys (ConfUtils.java:logGet(43)) - raft.server.log.statemachine.data.sync = true (default)
2019-06-12 13:16:27,357 INFO  server.RaftServerConfigKeys (ConfUtils.java:logGet(43)) - raft.server.log.statemachine.data.sync.timeout = 10s (default)
2019-06-12 13:16:27,358 INFO  node.SCMNodeManager (SCMNodeManager.java:register(234)) - Registered Data node : 8fb0f365-c36f-4636-acd7-d0b3f2c064f5{ip: 192.168.11.194, host: ozone-5qnff-1533938733, networkLocation: /default-rack, certSerialId: null}
2019-06-12 13:16:27,358 INFO  server.RaftServerConfigKeys (ConfUtils.java:logGet(43)) - raft.server.log.statemachine.data.sync.timeout.retry = -1 (default)
2019-06-12 13:16:27,361 INFO  server.RaftServerConfigKeys (ConfUtils.java:logGet(43)) - raft.server.log.statemachine.data.caching.enabled = true (custom)
2019-06-12 13:16:27,366 INFO  server.RaftServerConfigKeys (ConfUtils.java:logGet(43)) - raft.server.snapshot.auto.trigger.enabled = true (custom)
2019-06-12 13:16:27,367 INFO  server.RaftServerConfigKeys (ConfUtils.java:logGet(43)) - raft.server.snapshot.auto.trigger.threshold = 10000 (custom)
2019-06-12 13:16:27,367 INFO  server.RaftServerConfigKeys (ConfUtils.java:logGet(43)) - raft.server.retrycache.expirytime = 600000ms (custom)
2019-06-12 13:16:27,385 INFO  impl.RaftServerImpl (RaftServerImpl.java:start(173)) - 0696c34a-ab84-4b32-9fcb-9144cc880406: start group-A5F0A033D1FF
2019-06-12 13:16:27,385 INFO  impl.RaftServerImpl (RaftServerImpl.java:setRole(164)) - 0696c34a-ab84-4b32-9fcb-9144cc880406:group-A5F0A033D1FF changes role from null to FOLLOWER at term 0 for startAsFollower
2019-06-12 13:16:27,386 INFO  impl.RoleInfo (RoleInfo.java:updateAndGet(143)) - 0696c34a-ab84-4b32-9fcb-9144cc880406: start FollowerState
2019-06-12 13:16:27,387 INFO  util.JmxRegister (JmxRegister.java:tryRegister(44)) - Successfully registered JMX Bean with object name Ratis:service=RaftServer,group=group-A5F0A033D1FF,id=0696c34a-ab84-4b32-9fcb-9144cc880406
2019-06-12 13:16:27,426 INFO  pipeline.PipelineStateManager (PipelineStateManager.java:addPipeline(56)) - Created pipeline Pipeline[ Id: b74c340e-588e-4d85-be78-a5f0a033d1ff, Nodes: 0696c34a-ab84-4b32-9fcb-9144cc880406{ip: 192.168.11.194, host: ozone-5qnff-1533938733, networkLocation: /default-rack, certSerialId: null}, Type:RATIS, Factor:ONE, State:OPEN]
2019-06-12 13:16:27,448 INFO  impl.RaftServerProxy (RaftServerProxy.java:addNew(89)) - 797f02a7-e6e5-4b32-8881-38345c8bdc76: addNew group-F3F9E7D23CE2:[797f02a7-e6e5-4b32-8881-38345c8bdc76:192.168.11.194:44941] returns group-F3F9E7D23CE2:java.util.concurrent.CompletableFuture@1038aae9[Not completed]
2019-06-12 13:16:27,449 INFO  impl.RaftServerImpl (RaftServerImpl.java:<init>(91)) - 797f02a7-e6e5-4b32-8881-38345c8bdc76: new RaftServerImpl for group-F3F9E7D23CE2:[797f02a7-e6e5-4b32-8881-38345c8bdc76:192.168.11.194:44941] with ContainerStateMachine:uninitialized
2019-06-12 13:16:27,450 INFO  server.RaftServerConfigKeys (ConfUtils.java:logGet(43)) - raft.server.rpc.timeout.min = 1s (custom)
2019-06-12 13:16:27,450 INFO  server.RaftServerConfigKeys (ConfUtils.java:logGet(43)) - raft.server.rpc.timeout.max = 1200ms (custom)
2019-06-12 13:16:27,450 INFO  server.RaftServerConfigKeys (ConfUtils.java:logGet(43)) - raft.server.rpcslowness.timeout = 10s (custom)
2019-06-12 13:16:27,450 INFO  server.RaftServerConfigKeys (ConfUtils.java:logGet(43)) - raft.server.log.appender.install.snapshot.enabled = true (default)
2019-06-12 13:16:27,450 INFO  impl.RaftServerImpl (ServerState.java:<init>(101)) - 797f02a7-e6e5-4b32-8881-38345c8bdc76:group-F3F9E7D23CE2 ConfigurationManager, init=-1: [797f02a7-e6e5-4b32-8881-38345c8bdc76:192.168.11.194:44941], old=null, confs=<EMPTY_MAP>
2019-06-12 13:16:27,450 INFO  server.RaftServerConfigKeys (ConfUtils.java:logGet(43)) - raft.server.storage.dir = [/opt/src/hadoop-ozone/integration-test/target/test-dir/MiniOzoneClusterImpl-a378a772-0d4b-4c9d-88b4-e4db46cabce6/datanode-1/data/ratis] (custom)
2019-06-12 13:16:27,451 INFO  storage.RaftStorageDirectory (RaftStorageDirectory.java:analyzeStorage(246)) - The storage directory /opt/src/hadoop-ozone/integration-test/target/test-dir/MiniOzoneClusterImpl-a378a772-0d4b-4c9d-88b4-e4db46cabce6/datanode-1/data/ratis/a32aa4b4-d558-496d-90eb-f3f9e7d23ce2 does not exist. Creating ...
2019-06-12 13:16:27,453 INFO  storage.RaftStorageDirectory (RaftStorageDirectory.java:tryLock(328)) - Lock on /opt/src/hadoop-ozone/integration-test/target/test-dir/MiniOzoneClusterImpl-a378a772-0d4b-4c9d-88b4-e4db46cabce6/datanode-1/data/ratis/a32aa4b4-d558-496d-90eb-f3f9e7d23ce2/in_use.lock acquired by nodename 9981@ozone-5qnff-1533938733
2019-06-12 13:16:27,455 INFO  storage.RaftStorage (RaftStorage.java:format(75)) - Storage directory /opt/src/hadoop-ozone/integration-test/target/test-dir/MiniOzoneClusterImpl-a378a772-0d4b-4c9d-88b4-e4db46cabce6/datanode-1/data/ratis/a32aa4b4-d558-496d-90eb-f3f9e7d23ce2 has been successfully formatted.
2019-06-12 13:16:27,455 INFO  ratis.ContainerStateMachine (ContainerStateMachine.java:loadSnapshot(199)) - The snapshot info is null.Setting the last applied index to:(t:0, i:~)
2019-06-12 13:16:27,455 INFO  server.RaftServerConfigKeys (ConfUtils.java:logGet(43)) - raft.server.leader.election.timeout = 10s (custom)
2019-06-12 13:16:27,455 INFO  server.RaftServerConfigKeys (ConfUtils.java:logGet(43)) - raft.server.log.use.memory = false (default)
2019-06-12 13:16:27,455 INFO  server.RaftServerConfigKeys (ConfUtils.java:logGet(43)) - raft.server.log.appender.buffer.byte-limit = 33554432 (custom)
2019-06-12 13:16:27,455 INFO  server.RaftServerConfigKeys (ConfUtils.java:logGet(43)) - raft.server.log.segment.size.max = 16384 (custom)
2019-06-12 13:16:27,455 INFO  server.RaftServerConfigKeys (ConfUtils.java:logGet(43)) - raft.server.log.segment.cache.num.max = 2 (custom)
2019-06-12 13:16:27,456 INFO  storage.RaftLogWorker (RaftLogWorker.java:<init>(123)) - new 797f02a7-e6e5-4b32-8881-38345c8bdc76-RaftLogWorker for Storage Directory /opt/src/hadoop-ozone/integration-test/target/test-dir/MiniOzoneClusterImpl-a378a772-0d4b-4c9d-88b4-e4db46cabce6/datanode-1/data/ratis/a32aa4b4-d558-496d-90eb-f3f9e7d23ce2
2019-06-12 13:16:27,457 INFO  server.RaftServerConfigKeys (ConfUtils.java:logGet(43)) - raft.server.log.queue.byte-limit = 2147483647 (custom)
2019-06-12 13:16:27,457 INFO  server.RaftServerConfigKeys (ConfUtils.java:logGet(43)) - raft.server.log.queue.element-limit = 1024 (custom)
2019-06-12 13:16:27,457 INFO  server.RaftServerConfigKeys (ConfUtils.java:logGet(43)) - raft.server.log.segment.size.max = 16384 (custom)
2019-06-12 13:16:27,457 INFO  server.RaftServerConfigKeys (ConfUtils.java:logGet(43)) - raft.server.log.preallocated.size = 16384 (custom)
2019-06-12 13:16:27,457 INFO  server.RaftServerConfigKeys (ConfUtils.java:logGet(43)) - raft.server.log.write.buffer.size = 33554432 (custom)
2019-06-12 13:16:27,457 INFO  server.RaftServerConfigKeys (ConfUtils.java:logGet(43)) - raft.server.log.force.sync.num = 128 (default)
2019-06-12 13:16:27,457 INFO  server.RaftServerConfigKeys (ConfUtils.java:logGet(43)) - raft.server.log.statemachine.data.sync = true (default)
2019-06-12 13:16:27,458 INFO  server.RaftServerConfigKeys (ConfUtils.java:logGet(43)) - raft.server.log.statemachine.data.sync.timeout = 10s (default)
2019-06-12 13:16:27,458 INFO  server.RaftServerConfigKeys (ConfUtils.java:logGet(43)) - raft.server.log.statemachine.data.sync.timeout.retry = -1 (default)
2019-06-12 13:16:27,458 INFO  server.RaftServerConfigKeys (ConfUtils.java:logGet(43)) - raft.server.log.statemachine.data.caching.enabled = true (custom)
2019-06-12 13:16:27,458 INFO  server.RaftServerConfigKeys (ConfUtils.java:logGet(43)) - raft.server.snapshot.auto.trigger.enabled = true (custom)
2019-06-12 13:16:27,458 INFO  server.RaftServerConfigKeys (ConfUtils.java:logGet(43)) - raft.server.snapshot.auto.trigger.threshold = 10000 (custom)
2019-06-12 13:16:27,458 INFO  server.RaftServerConfigKeys (ConfUtils.java:logGet(43)) - raft.server.retrycache.expirytime = 600000ms (custom)
2019-06-12 13:16:27,458 INFO  impl.RaftServerImpl (RaftServerImpl.java:start(173)) - 797f02a7-e6e5-4b32-8881-38345c8bdc76: start group-F3F9E7D23CE2
2019-06-12 13:16:27,458 INFO  impl.RaftServerImpl (RaftServerImpl.java:setRole(164)) - 797f02a7-e6e5-4b32-8881-38345c8bdc76:group-F3F9E7D23CE2 changes role from null to FOLLOWER at term 0 for startAsFollower
2019-06-12 13:16:27,459 INFO  impl.RoleInfo (RoleInfo.java:updateAndGet(143)) - 797f02a7-e6e5-4b32-8881-38345c8bdc76: start FollowerState
2019-06-12 13:16:27,460 INFO  util.JmxRegister (JmxRegister.java:tryRegister(44)) - Successfully registered JMX Bean with object name Ratis:service=RaftServer,group=group-F3F9E7D23CE2,id=797f02a7-e6e5-4b32-8881-38345c8bdc76
2019-06-12 13:16:27,468 INFO  pipeline.PipelineStateManager (PipelineStateManager.java:addPipeline(56)) - Created pipeline Pipeline[ Id: a32aa4b4-d558-496d-90eb-f3f9e7d23ce2, Nodes: 797f02a7-e6e5-4b32-8881-38345c8bdc76{ip: 192.168.11.194, host: ozone-5qnff-1533938733, networkLocation: /default-rack, certSerialId: null}, Type:RATIS, Factor:ONE, State:OPEN]
2019-06-12 13:16:27,484 INFO  impl.RaftServerProxy (RaftServerProxy.java:addNew(89)) - 8fb0f365-c36f-4636-acd7-d0b3f2c064f5: addNew group-E87F16885591:[8fb0f365-c36f-4636-acd7-d0b3f2c064f5:192.168.11.194:42525] returns group-E87F16885591:java.util.concurrent.CompletableFuture@735feaf[Not completed]
2019-06-12 13:16:27,511 INFO  impl.RaftServerImpl (RaftServerImpl.java:<init>(91)) - 8fb0f365-c36f-4636-acd7-d0b3f2c064f5: new RaftServerImpl for group-E87F16885591:[8fb0f365-c36f-4636-acd7-d0b3f2c064f5:192.168.11.194:42525] with ContainerStateMachine:uninitialized
2019-06-12 13:16:27,512 INFO  server.RaftServerConfigKeys (ConfUtils.java:logGet(43)) - raft.server.rpc.timeout.min = 1s (custom)
2019-06-12 13:16:27,512 INFO  server.RaftServerConfigKeys (ConfUtils.java:logGet(43)) - raft.server.rpc.timeout.max = 1200ms (custom)
2019-06-12 13:16:27,512 INFO  server.RaftServerConfigKeys (ConfUtils.java:logGet(43)) - raft.server.rpcslowness.timeout = 10s (custom)
2019-06-12 13:16:27,512 INFO  server.RaftServerConfigKeys (ConfUtils.java:logGet(43)) - raft.server.log.appender.install.snapshot.enabled = true (default)
2019-06-12 13:16:27,512 INFO  impl.RaftServerImpl (ServerState.java:<init>(101)) - 8fb0f365-c36f-4636-acd7-d0b3f2c064f5:group-E87F16885591 ConfigurationManager, init=-1: [8fb0f365-c36f-4636-acd7-d0b3f2c064f5:192.168.11.194:42525], old=null, confs=<EMPTY_MAP>
2019-06-12 13:16:27,512 INFO  server.RaftServerConfigKeys (ConfUtils.java:logGet(43)) - raft.server.storage.dir = [/opt/src/hadoop-ozone/integration-test/target/test-dir/MiniOzoneClusterImpl-a378a772-0d4b-4c9d-88b4-e4db46cabce6/datanode-2/data/ratis] (custom)
2019-06-12 13:16:27,512 INFO  storage.RaftStorageDirectory (RaftStorageDirectory.java:analyzeStorage(246)) - The storage directory /opt/src/hadoop-ozone/integration-test/target/test-dir/MiniOzoneClusterImpl-a378a772-0d4b-4c9d-88b4-e4db46cabce6/datanode-2/data/ratis/9e82ebe9-512b-45ac-a173-e87f16885591 does not exist. Creating ...
2019-06-12 13:16:27,515 INFO  storage.RaftStorageDirectory (RaftStorageDirectory.java:tryLock(328)) - Lock on /opt/src/hadoop-ozone/integration-test/target/test-dir/MiniOzoneClusterImpl-a378a772-0d4b-4c9d-88b4-e4db46cabce6/datanode-2/data/ratis/9e82ebe9-512b-45ac-a173-e87f16885591/in_use.lock acquired by nodename 9981@ozone-5qnff-1533938733
2019-06-12 13:16:27,517 INFO  storage.RaftStorage (RaftStorage.java:format(75)) - Storage directory /opt/src/hadoop-ozone/integration-test/target/test-dir/MiniOzoneClusterImpl-a378a772-0d4b-4c9d-88b4-e4db46cabce6/datanode-2/data/ratis/9e82ebe9-512b-45ac-a173-e87f16885591 has been successfully formatted.
2019-06-12 13:16:27,518 INFO  ratis.ContainerStateMachine (ContainerStateMachine.java:loadSnapshot(199)) - The snapshot info is null.Setting the last applied index to:(t:0, i:~)
2019-06-12 13:16:27,519 INFO  server.RaftServerConfigKeys (ConfUtils.java:logGet(43)) - raft.server.leader.election.timeout = 10s (custom)
2019-06-12 13:16:27,519 INFO  server.RaftServerConfigKeys (ConfUtils.java:logGet(43)) - raft.server.log.use.memory = false (default)
2019-06-12 13:16:27,519 INFO  server.RaftServerConfigKeys (ConfUtils.java:logGet(43)) - raft.server.log.appender.buffer.byte-limit = 33554432 (custom)
2019-06-12 13:16:27,519 INFO  server.RaftServerConfigKeys (ConfUtils.java:logGet(43)) - raft.server.log.segment.size.max = 16384 (custom)
2019-06-12 13:16:27,519 INFO  server.RaftServerConfigKeys (ConfUtils.java:logGet(43)) - raft.server.log.segment.cache.num.max = 2 (custom)
2019-06-12 13:16:27,519 INFO  storage.RaftLogWorker (RaftLogWorker.java:<init>(123)) - new 8fb0f365-c36f-4636-acd7-d0b3f2c064f5-RaftLogWorker for Storage Directory /opt/src/hadoop-ozone/integration-test/target/test-dir/MiniOzoneClusterImpl-a378a772-0d4b-4c9d-88b4-e4db46cabce6/datanode-2/data/ratis/9e82ebe9-512b-45ac-a173-e87f16885591
2019-06-12 13:16:27,519 INFO  server.RaftServerConfigKeys (ConfUtils.java:logGet(43)) - raft.server.log.queue.byte-limit = 2147483647 (custom)
2019-06-12 13:16:27,520 INFO  server.RaftServerConfigKeys (ConfUtils.java:logGet(43)) - raft.server.log.queue.element-limit = 1024 (custom)
2019-06-12 13:16:27,520 INFO  server.RaftServerConfigKeys (ConfUtils.java:logGet(43)) - raft.server.log.segment.size.max = 16384 (custom)
2019-06-12 13:16:27,520 INFO  server.RaftServerConfigKeys (ConfUtils.java:logGet(43)) - raft.server.log.preallocated.size = 16384 (custom)
2019-06-12 13:16:27,520 INFO  server.RaftServerConfigKeys (ConfUtils.java:logGet(43)) - raft.server.log.write.buffer.size = 33554432 (custom)
2019-06-12 13:16:27,520 INFO  server.RaftServerConfigKeys (ConfUtils.java:logGet(43)) - raft.server.log.force.sync.num = 128 (default)
2019-06-12 13:16:27,520 INFO  server.RaftServerConfigKeys (ConfUtils.java:logGet(43)) - raft.server.log.statemachine.data.sync = true (default)
2019-06-12 13:16:27,520 INFO  server.RaftServerConfigKeys (ConfUtils.java:logGet(43)) - raft.server.log.statemachine.data.sync.timeout = 10s (default)
2019-06-12 13:16:27,520 INFO  server.RaftServerConfigKeys (ConfUtils.java:logGet(43)) - raft.server.log.statemachine.data.sync.timeout.retry = -1 (default)
2019-06-12 13:16:27,521 INFO  server.RaftServerConfigKeys (ConfUtils.java:logGet(43)) - raft.server.log.statemachine.data.caching.enabled = true (custom)
2019-06-12 13:16:27,521 INFO  server.RaftServerConfigKeys (ConfUtils.java:logGet(43)) - raft.server.snapshot.auto.trigger.enabled = true (custom)
2019-06-12 13:16:27,521 INFO  server.RaftServerConfigKeys (ConfUtils.java:logGet(43)) - raft.server.snapshot.auto.trigger.threshold = 10000 (custom)
2019-06-12 13:16:27,521 INFO  server.RaftServerConfigKeys (ConfUtils.java:logGet(43)) - raft.server.retrycache.expirytime = 600000ms (custom)
2019-06-12 13:16:27,522 INFO  impl.RaftServerImpl (RaftServerImpl.java:start(173)) - 8fb0f365-c36f-4636-acd7-d0b3f2c064f5: start group-E87F16885591
2019-06-12 13:16:27,522 INFO  impl.RaftServerImpl (RaftServerImpl.java:setRole(164)) - 8fb0f365-c36f-4636-acd7-d0b3f2c064f5:group-E87F16885591 changes role from null to FOLLOWER at term 0 for startAsFollower
2019-06-12 13:16:27,522 INFO  impl.RoleInfo (RoleInfo.java:updateAndGet(143)) - 8fb0f365-c36f-4636-acd7-d0b3f2c064f5: start FollowerState
2019-06-12 13:16:27,522 INFO  util.JmxRegister (JmxRegister.java:tryRegister(44)) - Successfully registered JMX Bean with object name Ratis:service=RaftServer,group=group-E87F16885591,id=8fb0f365-c36f-4636-acd7-d0b3f2c064f5
2019-06-12 13:16:27,533 INFO  pipeline.PipelineStateManager (PipelineStateManager.java:addPipeline(56)) - Created pipeline Pipeline[ Id: 9e82ebe9-512b-45ac-a173-e87f16885591, Nodes: 8fb0f365-c36f-4636-acd7-d0b3f2c064f5{ip: 192.168.11.194, host: ozone-5qnff-1533938733, networkLocation: /default-rack, certSerialId: null}, Type:RATIS, Factor:ONE, State:OPEN]
2019-06-12 13:16:27,563 INFO  node.SCMNodeManager (SCMNodeManager.java:register(234)) - Registered Data node : 3f1fccf5-940f-46da-8bab-c7fc7f6e454d{ip: 192.168.11.194, host: ozone-5qnff-1533938733, networkLocation: /default-rack, certSerialId: null}
2019-06-12 13:16:27,571 INFO  impl.RaftServerProxy (RaftServerProxy.java:addNew(89)) - 797f02a7-e6e5-4b32-8881-38345c8bdc76: addNew group-55125DD30FC9:[0696c34a-ab84-4b32-9fcb-9144cc880406:192.168.11.194:42029, 797f02a7-e6e5-4b32-8881-38345c8bdc76:192.168.11.194:44941, 8fb0f365-c36f-4636-acd7-d0b3f2c064f5:192.168.11.194:42525] returns group-55125DD30FC9:java.util.concurrent.CompletableFuture@2a4d7982[Not completed]
2019-06-12 13:16:27,576 INFO  impl.RaftServerImpl (RaftServerImpl.java:<init>(91)) - 797f02a7-e6e5-4b32-8881-38345c8bdc76: new RaftServerImpl for group-55125DD30FC9:[0696c34a-ab84-4b32-9fcb-9144cc880406:192.168.11.194:42029, 797f02a7-e6e5-4b32-8881-38345c8bdc76:192.168.11.194:44941, 8fb0f365-c36f-4636-acd7-d0b3f2c064f5:192.168.11.194:42525] with ContainerStateMachine:uninitialized
2019-06-12 13:16:27,576 INFO  server.RaftServerConfigKeys (ConfUtils.java:logGet(43)) - raft.server.rpc.timeout.min = 1s (custom)
2019-06-12 13:16:27,576 INFO  server.RaftServerConfigKeys (ConfUtils.java:logGet(43)) - raft.server.rpc.timeout.max = 1200ms (custom)
2019-06-12 13:16:27,576 INFO  server.RaftServerConfigKeys (ConfUtils.java:logGet(43)) - raft.server.rpcslowness.timeout = 10s (custom)
2019-06-12 13:16:27,576 INFO  server.RaftServerConfigKeys (ConfUtils.java:logGet(43)) - raft.server.log.appender.install.snapshot.enabled = true (default)
2019-06-12 13:16:27,576 INFO  impl.RaftServerImpl (ServerState.java:<init>(101)) - 797f02a7-e6e5-4b32-8881-38345c8bdc76:group-55125DD30FC9 ConfigurationManager, init=-1: [0696c34a-ab84-4b32-9fcb-9144cc880406:192.168.11.194:42029, 797f02a7-e6e5-4b32-8881-38345c8bdc76:192.168.11.194:44941, 8fb0f365-c36f-4636-acd7-d0b3f2c064f5:192.168.11.194:42525], old=null, confs=<EMPTY_MAP>
2019-06-12 13:16:27,577 INFO  server.RaftServerConfigKeys (ConfUtils.java:logGet(43)) - raft.server.storage.dir = [/opt/src/hadoop-ozone/integration-test/target/test-dir/MiniOzoneClusterImpl-a378a772-0d4b-4c9d-88b4-e4db46cabce6/datanode-1/data/ratis] (custom)
2019-06-12 13:16:27,577 INFO  storage.RaftStorageDirectory (RaftStorageDirectory.java:analyzeStorage(246)) - The storage directory /opt/src/hadoop-ozone/integration-test/target/test-dir/MiniOzoneClusterImpl-a378a772-0d4b-4c9d-88b4-e4db46cabce6/datanode-1/data/ratis/f5eb8c22-91df-4c47-b82c-55125dd30fc9 does not exist. Creating ...
2019-06-12 13:16:27,579 INFO  storage.RaftStorageDirectory (RaftStorageDirectory.java:tryLock(328)) - Lock on /opt/src/hadoop-ozone/integration-test/target/test-dir/MiniOzoneClusterImpl-a378a772-0d4b-4c9d-88b4-e4db46cabce6/datanode-1/data/ratis/f5eb8c22-91df-4c47-b82c-55125dd30fc9/in_use.lock acquired by nodename 9981@ozone-5qnff-1533938733
2019-06-12 13:16:27,581 INFO  impl.RaftServerProxy (RaftServerProxy.java:addNew(89)) - 8fb0f365-c36f-4636-acd7-d0b3f2c064f5: addNew group-55125DD30FC9:[0696c34a-ab84-4b32-9fcb-9144cc880406:192.168.11.194:42029, 797f02a7-e6e5-4b32-8881-38345c8bdc76:192.168.11.194:44941, 8fb0f365-c36f-4636-acd7-d0b3f2c064f5:192.168.11.194:42525] returns group-55125DD30FC9:java.util.concurrent.CompletableFuture@6f4ff2af[Not completed]
2019-06-12 13:16:27,581 INFO  storage.RaftStorage (RaftStorage.java:format(75)) - Storage directory /opt/src/hadoop-ozone/integration-test/target/test-dir/MiniOzoneClusterImpl-a378a772-0d4b-4c9d-88b4-e4db46cabce6/datanode-1/data/ratis/f5eb8c22-91df-4c47-b82c-55125dd30fc9 has been successfully formatted.
2019-06-12 13:16:27,581 INFO  ratis.ContainerStateMachine (ContainerStateMachine.java:loadSnapshot(199)) - The snapshot info is null.Setting the last applied index to:(t:0, i:~)
2019-06-12 13:16:27,581 INFO  impl.RaftServerImpl (RaftServerImpl.java:<init>(91)) - 8fb0f365-c36f-4636-acd7-d0b3f2c064f5: new RaftServerImpl for group-55125DD30FC9:[0696c34a-ab84-4b32-9fcb-9144cc880406:192.168.11.194:42029, 797f02a7-e6e5-4b32-8881-38345c8bdc76:192.168.11.194:44941, 8fb0f365-c36f-4636-acd7-d0b3f2c064f5:192.168.11.194:42525] with ContainerStateMachine:uninitialized
2019-06-12 13:16:27,581 INFO  server.RaftServerConfigKeys (ConfUtils.java:logGet(43)) - raft.server.leader.election.timeout = 10s (custom)
2019-06-12 13:16:27,582 INFO  server.RaftServerConfigKeys (ConfUtils.java:logGet(43)) - raft.server.log.use.memory = false (default)
2019-06-12 13:16:27,582 INFO  server.RaftServerConfigKeys (ConfUtils.java:logGet(43)) - raft.server.log.appender.buffer.byte-limit = 33554432 (custom)
2019-06-12 13:16:27,582 INFO  server.RaftServerConfigKeys (ConfUtils.java:logGet(43)) - raft.server.log.segment.size.max = 16384 (custom)
2019-06-12 13:16:27,583 INFO  server.RaftServerConfigKeys (ConfUtils.java:logGet(43)) - raft.server.log.segment.cache.num.max = 2 (custom)
2019-06-12 13:16:27,581 INFO  server.RaftServerConfigKeys (ConfUtils.java:logGet(43)) - raft.server.rpc.timeout.min = 1s (custom)
2019-06-12 13:16:27,583 INFO  storage.RaftLogWorker (RaftLogWorker.java:<init>(123)) - new 797f02a7-e6e5-4b32-8881-38345c8bdc76-RaftLogWorker for Storage Directory /opt/src/hadoop-ozone/integration-test/target/test-dir/MiniOzoneClusterImpl-a378a772-0d4b-4c9d-88b4-e4db46cabce6/datanode-1/data/ratis/f5eb8c22-91df-4c47-b82c-55125dd30fc9
2019-06-12 13:16:27,583 INFO  server.RaftServerConfigKeys (ConfUtils.java:logGet(43)) - raft.server.rpc.timeout.max = 1200ms (custom)
2019-06-12 13:16:27,583 INFO  server.RaftServerConfigKeys (ConfUtils.java:logGet(43)) - raft.server.log.queue.byte-limit = 2147483647 (custom)
2019-06-12 13:16:27,583 INFO  server.RaftServerConfigKeys (ConfUtils.java:logGet(43)) - raft.server.rpcslowness.timeout = 10s (custom)
2019-06-12 13:16:27,583 INFO  server.RaftServerConfigKeys (ConfUtils.java:logGet(43)) - raft.server.log.queue.element-limit = 1024 (custom)
2019-06-12 13:16:27,584 INFO  server.RaftServerConfigKeys (ConfUtils.java:logGet(43)) - raft.server.log.appender.install.snapshot.enabled = true (default)
2019-06-12 13:16:27,584 INFO  impl.RaftServerProxy (RaftServerProxy.java:addNew(89)) - 0696c34a-ab84-4b32-9fcb-9144cc880406: addNew group-55125DD30FC9:[0696c34a-ab84-4b32-9fcb-9144cc880406:192.168.11.194:42029, 797f02a7-e6e5-4b32-8881-38345c8bdc76:192.168.11.194:44941, 8fb0f365-c36f-4636-acd7-d0b3f2c064f5:192.168.11.194:42525] returns group-55125DD30FC9:java.util.concurrent.CompletableFuture@67655f36[Not completed]
2019-06-12 13:16:27,584 INFO  server.RaftServerConfigKeys (ConfUtils.java:logGet(43)) - raft.server.log.segment.size.max = 16384 (custom)
2019-06-12 13:16:27,584 INFO  impl.RaftServerImpl (RaftServerImpl.java:<init>(91)) - 0696c34a-ab84-4b32-9fcb-9144cc880406: new RaftServerImpl for group-55125DD30FC9:[0696c34a-ab84-4b32-9fcb-9144cc880406:192.168.11.194:42029, 797f02a7-e6e5-4b32-8881-38345c8bdc76:192.168.11.194:44941, 8fb0f365-c36f-4636-acd7-d0b3f2c064f5:192.168.11.194:42525] with ContainerStateMachine:uninitialized
2019-06-12 13:16:27,584 INFO  server.RaftServerConfigKeys (ConfUtils.java:logGet(43)) - raft.server.log.preallocated.size = 16384 (custom)
2019-06-12 13:16:27,584 INFO  impl.RaftServerImpl (ServerState.java:<init>(101)) - 8fb0f365-c36f-4636-acd7-d0b3f2c064f5:group-55125DD30FC9 ConfigurationManager, init=-1: [0696c34a-ab84-4b32-9fcb-9144cc880406:192.168.11.194:42029, 797f02a7-e6e5-4b32-8881-38345c8bdc76:192.168.11.194:44941, 8fb0f365-c36f-4636-acd7-d0b3f2c064f5:192.168.11.194:42525], old=null, confs=<EMPTY_MAP>
2019-06-12 13:16:27,584 INFO  server.RaftServerConfigKeys (ConfUtils.java:logGet(43)) - raft.server.log.write.buffer.size = 33554432 (custom)
2019-06-12 13:16:27,584 INFO  server.RaftServerConfigKeys (ConfUtils.java:logGet(43)) - raft.server.rpc.timeout.min = 1s (custom)
2019-06-12 13:16:27,584 INFO  server.RaftServerConfigKeys (ConfUtils.java:logGet(43)) - raft.server.log.force.sync.num = 128 (default)
2019-06-12 13:16:27,584 INFO  server.RaftServerConfigKeys (ConfUtils.java:logGet(43)) - raft.server.storage.dir = [/opt/src/hadoop-ozone/integration-test/target/test-dir/MiniOzoneClusterImpl-a378a772-0d4b-4c9d-88b4-e4db46cabce6/datanode-2/data/ratis] (custom)
2019-06-12 13:16:27,584 INFO  server.RaftServerConfigKeys (ConfUtils.java:logGet(43)) - raft.server.log.statemachine.data.sync = true (default)
2019-06-12 13:16:27,585 INFO  server.RaftServerConfigKeys (ConfUtils.java:logGet(43)) - raft.server.log.statemachine.data.sync.timeout = 10s (default)
2019-06-12 13:16:27,584 INFO  server.RaftServerConfigKeys (ConfUtils.java:logGet(43)) - raft.server.rpc.timeout.max = 1200ms (custom)
2019-06-12 13:16:27,585 INFO  server.RaftServerConfigKeys (ConfUtils.java:logGet(43)) - raft.server.log.statemachine.data.sync.timeout.retry = -1 (default)
2019-06-12 13:16:27,585 INFO  storage.RaftStorageDirectory (RaftStorageDirectory.java:analyzeStorage(246)) - The storage directory /opt/src/hadoop-ozone/integration-test/target/test-dir/MiniOzoneClusterImpl-a378a772-0d4b-4c9d-88b4-e4db46cabce6/datanode-2/data/ratis/f5eb8c22-91df-4c47-b82c-55125dd30fc9 does not exist. Creating ...
2019-06-12 13:16:27,585 INFO  server.RaftServerConfigKeys (ConfUtils.java:logGet(43)) - raft.server.log.statemachine.data.caching.enabled = true (custom)
2019-06-12 13:16:27,585 INFO  server.RaftServerConfigKeys (ConfUtils.java:logGet(43)) - raft.server.rpcslowness.timeout = 10s (custom)
2019-06-12 13:16:27,585 INFO  server.RaftServerConfigKeys (ConfUtils.java:logGet(43)) - raft.server.log.appender.install.snapshot.enabled = true (default)
2019-06-12 13:16:27,585 INFO  impl.RaftServerImpl (ServerState.java:<init>(101)) - 0696c34a-ab84-4b32-9fcb-9144cc880406:group-55125DD30FC9 ConfigurationManager, init=-1: [0696c34a-ab84-4b32-9fcb-9144cc880406:192.168.11.194:42029, 797f02a7-e6e5-4b32-8881-38345c8bdc76:192.168.11.194:44941, 8fb0f365-c36f-4636-acd7-d0b3f2c064f5:192.168.11.194:42525], old=null, confs=<EMPTY_MAP>
2019-06-12 13:16:27,586 INFO  server.RaftServerConfigKeys (ConfUtils.java:logGet(43)) - raft.server.storage.dir = [/opt/src/hadoop-ozone/integration-test/target/test-dir/MiniOzoneClusterImpl-a378a772-0d4b-4c9d-88b4-e4db46cabce6/datanode-0/data/ratis] (custom)
2019-06-12 13:16:27,586 INFO  storage.RaftStorageDirectory (RaftStorageDirectory.java:analyzeStorage(246)) - The storage directory /opt/src/hadoop-ozone/integration-test/target/test-dir/MiniOzoneClusterImpl-a378a772-0d4b-4c9d-88b4-e4db46cabce6/datanode-0/data/ratis/f5eb8c22-91df-4c47-b82c-55125dd30fc9 does not exist. Creating ...
2019-06-12 13:16:27,586 INFO  server.RaftServerConfigKeys (ConfUtils.java:logGet(43)) - raft.server.snapshot.auto.trigger.enabled = true (custom)
2019-06-12 13:16:27,586 INFO  server.RaftServerConfigKeys (ConfUtils.java:logGet(43)) - raft.server.snapshot.auto.trigger.threshold = 10000 (custom)
2019-06-12 13:16:27,586 INFO  server.RaftServerConfigKeys (ConfUtils.java:logGet(43)) - raft.server.retrycache.expirytime = 600000ms (custom)
2019-06-12 13:16:27,586 INFO  impl.RaftServerImpl (RaftServerImpl.java:start(173)) - 797f02a7-e6e5-4b32-8881-38345c8bdc76: start group-55125DD30FC9
2019-06-12 13:16:27,586 INFO  impl.RaftServerImpl (RaftServerImpl.java:setRole(164)) - 797f02a7-e6e5-4b32-8881-38345c8bdc76:group-55125DD30FC9 changes role from null to FOLLOWER at term 0 for startAsFollower
2019-06-12 13:16:27,586 INFO  impl.RoleInfo (RoleInfo.java:updateAndGet(143)) - 797f02a7-e6e5-4b32-8881-38345c8bdc76: start FollowerState
2019-06-12 13:16:27,587 INFO  storage.RaftStorageDirectory (RaftStorageDirectory.java:tryLock(328)) - Lock on /opt/src/hadoop-ozone/integration-test/target/test-dir/MiniOzoneClusterImpl-a378a772-0d4b-4c9d-88b4-e4db46cabce6/datanode-2/data/ratis/f5eb8c22-91df-4c47-b82c-55125dd30fc9/in_use.lock acquired by nodename 9981@ozone-5qnff-1533938733
2019-06-12 13:16:27,588 INFO  storage.RaftStorageDirectory (RaftStorageDirectory.java:tryLock(328)) - Lock on /opt/src/hadoop-ozone/integration-test/target/test-dir/MiniOzoneClusterImpl-a378a772-0d4b-4c9d-88b4-e4db46cabce6/datanode-0/data/ratis/f5eb8c22-91df-4c47-b82c-55125dd30fc9/in_use.lock acquired by nodename 9981@ozone-5qnff-1533938733
2019-06-12 13:16:27,589 INFO  storage.RaftStorage (RaftStorage.java:format(75)) - Storage directory /opt/src/hadoop-ozone/integration-test/target/test-dir/MiniOzoneClusterImpl-a378a772-0d4b-4c9d-88b4-e4db46cabce6/datanode-2/data/ratis/f5eb8c22-91df-4c47-b82c-55125dd30fc9 has been successfully formatted.
2019-06-12 13:16:27,590 INFO  ratis.ContainerStateMachine (ContainerStateMachine.java:loadSnapshot(199)) - The snapshot info is null.Setting the last applied index to:(t:0, i:~)
2019-06-12 13:16:27,590 INFO  server.RaftServerConfigKeys (ConfUtils.java:logGet(43)) - raft.server.leader.election.timeout = 10s (custom)
2019-06-12 13:16:27,590 INFO  server.RaftServerConfigKeys (ConfUtils.java:logGet(43)) - raft.server.log.use.memory = false (default)
2019-06-12 13:16:27,590 INFO  server.RaftServerConfigKeys (ConfUtils.java:logGet(43)) - raft.server.log.appender.buffer.byte-limit = 33554432 (custom)
2019-06-12 13:16:27,590 INFO  server.RaftServerConfigKeys (ConfUtils.java:logGet(43)) - raft.server.log.segment.size.max = 16384 (custom)
2019-06-12 13:16:27,590 INFO  server.RaftServerConfigKeys (ConfUtils.java:logGet(43)) - raft.server.log.segment.cache.num.max = 2 (custom)
2019-06-12 13:16:27,590 INFO  storage.RaftLogWorker (RaftLogWorker.java:<init>(123)) - new 8fb0f365-c36f-4636-acd7-d0b3f2c064f5-RaftLogWorker for Storage Directory /opt/src/hadoop-ozone/integration-test/target/test-dir/MiniOzoneClusterImpl-a378a772-0d4b-4c9d-88b4-e4db46cabce6/datanode-2/data/ratis/f5eb8c22-91df-4c47-b82c-55125dd30fc9
2019-06-12 13:16:27,590 INFO  server.RaftServerConfigKeys (ConfUtils.java:logGet(43)) - raft.server.log.queue.byte-limit = 2147483647 (custom)
2019-06-12 13:16:27,590 INFO  server.RaftServerConfigKeys (ConfUtils.java:logGet(43)) - raft.server.log.queue.element-limit = 1024 (custom)
2019-06-12 13:16:27,590 INFO  server.RaftServerConfigKeys (ConfUtils.java:logGet(43)) - raft.server.log.segment.size.max = 16384 (custom)
2019-06-12 13:16:27,590 INFO  server.RaftServerConfigKeys (ConfUtils.java:logGet(43)) - raft.server.log.preallocated.size = 16384 (custom)
2019-06-12 13:16:27,591 INFO  storage.RaftStorage (RaftStorage.java:format(75)) - Storage directory /opt/src/hadoop-ozone/integration-test/target/test-dir/MiniOzoneClusterImpl-a378a772-0d4b-4c9d-88b4-e4db46cabce6/datanode-0/data/ratis/f5eb8c22-91df-4c47-b82c-55125dd30fc9 has been successfully formatted.
2019-06-12 13:16:27,591 INFO  ratis.ContainerStateMachine (ContainerStateMachine.java:loadSnapshot(199)) - The snapshot info is null.Setting the last applied index to:(t:0, i:~)
2019-06-12 13:16:27,591 INFO  server.RaftServerConfigKeys (ConfUtils.java:logGet(43)) - raft.server.leader.election.timeout = 10s (custom)
2019-06-12 13:16:27,591 INFO  server.RaftServerConfigKeys (ConfUtils.java:logGet(43)) - raft.server.log.use.memory = false (default)
2019-06-12 13:16:27,591 INFO  server.RaftServerConfigKeys (ConfUtils.java:logGet(43)) - raft.server.log.appender.buffer.byte-limit = 33554432 (custom)
2019-06-12 13:16:27,591 INFO  server.RaftServerConfigKeys (ConfUtils.java:logGet(43)) - raft.server.log.segment.size.max = 16384 (custom)
2019-06-12 13:16:27,591 INFO  server.RaftServerConfigKeys (ConfUtils.java:logGet(43)) - raft.server.log.segment.cache.num.max = 2 (custom)
2019-06-12 13:16:27,591 INFO  storage.RaftLogWorker (RaftLogWorker.java:<init>(123)) - new 0696c34a-ab84-4b32-9fcb-9144cc880406-RaftLogWorker for Storage Directory /opt/src/hadoop-ozone/integration-test/target/test-dir/MiniOzoneClusterImpl-a378a772-0d4b-4c9d-88b4-e4db46cabce6/datanode-0/data/ratis/f5eb8c22-91df-4c47-b82c-55125dd30fc9
2019-06-12 13:16:27,591 INFO  server.RaftServerConfigKeys (ConfUtils.java:logGet(43)) - raft.server.log.queue.byte-limit = 2147483647 (custom)
2019-06-12 13:16:27,592 INFO  server.RaftServerConfigKeys (ConfUtils.java:logGet(43)) - raft.server.log.queue.element-limit = 1024 (custom)
2019-06-12 13:16:27,592 INFO  server.RaftServerConfigKeys (ConfUtils.java:logGet(43)) - raft.server.log.segment.size.max = 16384 (custom)
2019-06-12 13:16:27,592 INFO  server.RaftServerConfigKeys (ConfUtils.java:logGet(43)) - raft.server.log.preallocated.size = 16384 (custom)
2019-06-12 13:16:27,592 INFO  server.RaftServerConfigKeys (ConfUtils.java:logGet(43)) - raft.server.log.write.buffer.size = 33554432 (custom)
2019-06-12 13:16:27,592 INFO  server.RaftServerConfigKeys (ConfUtils.java:logGet(43)) - raft.server.log.force.sync.num = 128 (default)
2019-06-12 13:16:27,592 INFO  server.RaftServerConfigKeys (ConfUtils.java:logGet(43)) - raft.server.log.statemachine.data.sync = true (default)
2019-06-12 13:16:27,592 INFO  server.RaftServerConfigKeys (ConfUtils.java:logGet(43)) - raft.server.log.statemachine.data.sync.timeout = 10s (default)
2019-06-12 13:16:27,591 INFO  server.RaftServerConfigKeys (ConfUtils.java:logGet(43)) - raft.server.log.write.buffer.size = 33554432 (custom)
2019-06-12 13:16:27,592 INFO  server.RaftServerConfigKeys (ConfUtils.java:logGet(43)) - raft.server.log.force.sync.num = 128 (default)
2019-06-12 13:16:27,592 INFO  server.RaftServerConfigKeys (ConfUtils.java:logGet(43)) - raft.server.log.statemachine.data.sync = true (default)
2019-06-12 13:16:27,593 INFO  server.RaftServerConfigKeys (ConfUtils.java:logGet(43)) - raft.server.log.statemachine.data.sync.timeout = 10s (default)
2019-06-12 13:16:27,593 INFO  server.RaftServerConfigKeys (ConfUtils.java:logGet(43)) - raft.server.log.statemachine.data.sync.timeout.retry = -1 (default)
2019-06-12 13:16:27,592 INFO  server.RaftServerConfigKeys (ConfUtils.java:logGet(43)) - raft.server.log.statemachine.data.sync.timeout.retry = -1 (default)
2019-06-12 13:16:27,593 INFO  server.RaftServerConfigKeys (ConfUtils.java:logGet(43)) - raft.server.log.statemachine.data.caching.enabled = true (custom)
2019-06-12 13:16:27,593 INFO  util.JmxRegister (JmxRegister.java:tryRegister(44)) - Successfully registered JMX Bean with object name Ratis:service=RaftServer,group=group-55125DD30FC9,id=797f02a7-e6e5-4b32-8881-38345c8bdc76
2019-06-12 13:16:27,593 INFO  server.RaftServerConfigKeys (ConfUtils.java:logGet(43)) - raft.server.snapshot.auto.trigger.enabled = true (custom)
2019-06-12 13:16:27,593 INFO  server.RaftServerConfigKeys (ConfUtils.java:logGet(43)) - raft.server.log.statemachine.data.caching.enabled = true (custom)
2019-06-12 13:16:27,593 INFO  server.RaftServerConfigKeys (ConfUtils.java:logGet(43)) - raft.server.snapshot.auto.trigger.threshold = 10000 (custom)
2019-06-12 13:16:27,594 INFO  server.RaftServerConfigKeys (ConfUtils.java:logGet(43)) - raft.server.snapshot.auto.trigger.enabled = true (custom)
2019-06-12 13:16:27,594 INFO  server.RaftServerConfigKeys (ConfUtils.java:logGet(43)) - raft.server.retrycache.expirytime = 600000ms (custom)
2019-06-12 13:16:27,594 INFO  server.RaftServerConfigKeys (ConfUtils.java:logGet(43)) - raft.server.snapshot.auto.trigger.threshold = 10000 (custom)
2019-06-12 13:16:27,594 INFO  impl.RaftServerImpl (RaftServerImpl.java:start(173)) - 0696c34a-ab84-4b32-9fcb-9144cc880406: start group-55125DD30FC9
2019-06-12 13:16:27,594 INFO  server.RaftServerConfigKeys (ConfUtils.java:logGet(43)) - raft.server.retrycache.expirytime = 600000ms (custom)
2019-06-12 13:16:27,594 INFO  impl.RaftServerImpl (RaftServerImpl.java:start(173)) - 8fb0f365-c36f-4636-acd7-d0b3f2c064f5: start group-55125DD30FC9
2019-06-12 13:16:27,594 INFO  impl.RaftServerImpl (RaftServerImpl.java:setRole(164)) - 8fb0f365-c36f-4636-acd7-d0b3f2c064f5:group-55125DD30FC9 changes role from null to FOLLOWER at term 0 for startAsFollower
2019-06-12 13:16:27,594 INFO  impl.RoleInfo (RoleInfo.java:updateAndGet(143)) - 8fb0f365-c36f-4636-acd7-d0b3f2c064f5: start FollowerState
2019-06-12 13:16:27,594 INFO  impl.RaftServerImpl (RaftServerImpl.java:setRole(164)) - 0696c34a-ab84-4b32-9fcb-9144cc880406:group-55125DD30FC9 changes role from null to FOLLOWER at term 0 for startAsFollower
2019-06-12 13:16:27,597 INFO  impl.RoleInfo (RoleInfo.java:updateAndGet(143)) - 0696c34a-ab84-4b32-9fcb-9144cc880406: start FollowerState
2019-06-12 13:16:27,597 INFO  util.JmxRegister (JmxRegister.java:tryRegister(44)) - Successfully registered JMX Bean with object name Ratis:service=RaftServer,group=group-55125DD30FC9,id=0696c34a-ab84-4b32-9fcb-9144cc880406
2019-06-12 13:16:27,597 INFO  util.JmxRegister (JmxRegister.java:tryRegister(44)) - Successfully registered JMX Bean with object name Ratis:service=RaftServer,group=group-55125DD30FC9,id=8fb0f365-c36f-4636-acd7-d0b3f2c064f5
2019-06-12 13:16:27,612 INFO  pipeline.PipelineStateManager (PipelineStateManager.java:addPipeline(56)) - Created pipeline Pipeline[ Id: f5eb8c22-91df-4c47-b82c-55125dd30fc9, Nodes: 797f02a7-e6e5-4b32-8881-38345c8bdc76{ip: 192.168.11.194, host: ozone-5qnff-1533938733, networkLocation: /default-rack, certSerialId: null}0696c34a-ab84-4b32-9fcb-9144cc880406{ip: 192.168.11.194, host: ozone-5qnff-1533938733, networkLocation: /default-rack, certSerialId: null}8fb0f365-c36f-4636-acd7-d0b3f2c064f5{ip: 192.168.11.194, host: ozone-5qnff-1533938733, networkLocation: /default-rack, certSerialId: null}, Type:RATIS, Factor:THREE, State:OPEN]
2019-06-12 13:16:27,626 INFO  impl.RaftServerProxy (RaftServerProxy.java:addNew(89)) - 3f1fccf5-940f-46da-8bab-c7fc7f6e454d: addNew group-5759425D0C6B:[3f1fccf5-940f-46da-8bab-c7fc7f6e454d:192.168.11.194:45833] returns group-5759425D0C6B:java.util.concurrent.CompletableFuture@f600de0[Not completed]
2019-06-12 13:16:27,627 INFO  impl.RaftServerImpl (RaftServerImpl.java:<init>(91)) - 3f1fccf5-940f-46da-8bab-c7fc7f6e454d: new RaftServerImpl for group-5759425D0C6B:[3f1fccf5-940f-46da-8bab-c7fc7f6e454d:192.168.11.194:45833] with ContainerStateMachine:uninitialized
2019-06-12 13:16:27,628 INFO  server.RaftServerConfigKeys (ConfUtils.java:logGet(43)) - raft.server.rpc.timeout.min = 1s (custom)
2019-06-12 13:16:27,628 INFO  server.RaftServerConfigKeys (ConfUtils.java:logGet(43)) - raft.server.rpc.timeout.max = 1200ms (custom)
2019-06-12 13:16:27,628 INFO  server.RaftServerConfigKeys (ConfUtils.java:logGet(43)) - raft.server.rpcslowness.timeout = 10s (custom)
2019-06-12 13:16:27,628 INFO  server.RaftServerConfigKeys (ConfUtils.java:logGet(43)) - raft.server.log.appender.install.snapshot.enabled = true (default)
2019-06-12 13:16:27,628 INFO  impl.RaftServerImpl (ServerState.java:<init>(101)) - 3f1fccf5-940f-46da-8bab-c7fc7f6e454d:group-5759425D0C6B ConfigurationManager, init=-1: [3f1fccf5-940f-46da-8bab-c7fc7f6e454d:192.168.11.194:45833], old=null, confs=<EMPTY_MAP>
2019-06-12 13:16:27,628 INFO  server.RaftServerConfigKeys (ConfUtils.java:logGet(43)) - raft.server.storage.dir = [/opt/src/hadoop-ozone/integration-test/target/test-dir/MiniOzoneClusterImpl-a378a772-0d4b-4c9d-88b4-e4db46cabce6/datanode-3/data/ratis] (custom)
2019-06-12 13:16:27,629 INFO  storage.RaftStorageDirectory (RaftStorageDirectory.java:analyzeStorage(246)) - The storage directory /opt/src/hadoop-ozone/integration-test/target/test-dir/MiniOzoneClusterImpl-a378a772-0d4b-4c9d-88b4-e4db46cabce6/datanode-3/data/ratis/517526fc-2c93-465f-9219-5759425d0c6b does not exist. Creating ...
2019-06-12 13:16:27,631 INFO  storage.RaftStorageDirectory (RaftStorageDirectory.java:tryLock(328)) - Lock on /opt/src/hadoop-ozone/integration-test/target/test-dir/MiniOzoneClusterImpl-a378a772-0d4b-4c9d-88b4-e4db46cabce6/datanode-3/data/ratis/517526fc-2c93-465f-9219-5759425d0c6b/in_use.lock acquired by nodename 9981@ozone-5qnff-1533938733
2019-06-12 13:16:27,633 INFO  storage.RaftStorage (RaftStorage.java:format(75)) - Storage directory /opt/src/hadoop-ozone/integration-test/target/test-dir/MiniOzoneClusterImpl-a378a772-0d4b-4c9d-88b4-e4db46cabce6/datanode-3/data/ratis/517526fc-2c93-465f-9219-5759425d0c6b has been successfully formatted.
2019-06-12 13:16:27,633 INFO  ratis.ContainerStateMachine (ContainerStateMachine.java:loadSnapshot(199)) - The snapshot info is null.Setting the last applied index to:(t:0, i:~)
2019-06-12 13:16:27,633 INFO  server.RaftServerConfigKeys (ConfUtils.java:logGet(43)) - raft.server.leader.election.timeout = 10s (custom)
2019-06-12 13:16:27,633 INFO  server.RaftServerConfigKeys (ConfUtils.java:logGet(43)) - raft.server.log.use.memory = false (default)
2019-06-12 13:16:27,633 INFO  server.RaftServerConfigKeys (ConfUtils.java:logGet(43)) - raft.server.log.appender.buffer.byte-limit = 33554432 (custom)
2019-06-12 13:16:27,633 INFO  server.RaftServerConfigKeys (ConfUtils.java:logGet(43)) - raft.server.log.segment.size.max = 16384 (custom)
2019-06-12 13:16:27,633 INFO  server.RaftServerConfigKeys (ConfUtils.java:logGet(43)) - raft.server.log.segment.cache.num.max = 2 (custom)
2019-06-12 13:16:27,633 INFO  storage.RaftLogWorker (RaftLogWorker.java:<init>(123)) - new 3f1fccf5-940f-46da-8bab-c7fc7f6e454d-RaftLogWorker for Storage Directory /opt/src/hadoop-ozone/integration-test/target/test-dir/MiniOzoneClusterImpl-a378a772-0d4b-4c9d-88b4-e4db46cabce6/datanode-3/data/ratis/517526fc-2c93-465f-9219-5759425d0c6b
2019-06-12 13:16:27,633 INFO  server.RaftServerConfigKeys (ConfUtils.java:logGet(43)) - raft.server.log.queue.byte-limit = 2147483647 (custom)
2019-06-12 13:16:27,633 INFO  server.RaftServerConfigKeys (ConfUtils.java:logGet(43)) - raft.server.log.queue.element-limit = 1024 (custom)
2019-06-12 13:16:27,633 INFO  server.RaftServerConfigKeys (ConfUtils.java:logGet(43)) - raft.server.log.segment.size.max = 16384 (custom)
2019-06-12 13:16:27,634 INFO  server.RaftServerConfigKeys (ConfUtils.java:logGet(43)) - raft.server.log.preallocated.size = 16384 (custom)
2019-06-12 13:16:27,634 INFO  server.RaftServerConfigKeys (ConfUtils.java:logGet(43)) - raft.server.log.write.buffer.size = 33554432 (custom)
2019-06-12 13:16:27,634 INFO  server.RaftServerConfigKeys (ConfUtils.java:logGet(43)) - raft.server.log.force.sync.num = 128 (default)
2019-06-12 13:16:27,634 INFO  server.RaftServerConfigKeys (ConfUtils.java:logGet(43)) - raft.server.log.statemachine.data.sync = true (default)
2019-06-12 13:16:27,634 INFO  server.RaftServerConfigKeys (ConfUtils.java:logGet(43)) - raft.server.log.statemachine.data.sync.timeout = 10s (default)
2019-06-12 13:16:27,634 INFO  server.RaftServerConfigKeys (ConfUtils.java:logGet(43)) - raft.server.log.statemachine.data.sync.timeout.retry = -1 (default)
2019-06-12 13:16:27,634 INFO  server.RaftServerConfigKeys (ConfUtils.java:logGet(43)) - raft.server.log.statemachine.data.caching.enabled = true (custom)
2019-06-12 13:16:27,634 INFO  server.RaftServerConfigKeys (ConfUtils.java:logGet(43)) - raft.server.snapshot.auto.trigger.enabled = true (custom)
2019-06-12 13:16:27,634 INFO  server.RaftServerConfigKeys (ConfUtils.java:logGet(43)) - raft.server.snapshot.auto.trigger.threshold = 10000 (custom)
2019-06-12 13:16:27,635 INFO  server.RaftServerConfigKeys (ConfUtils.java:logGet(43)) - raft.server.retrycache.expirytime = 600000ms (custom)
2019-06-12 13:16:27,635 INFO  impl.RaftServerImpl (RaftServerImpl.java:start(173)) - 3f1fccf5-940f-46da-8bab-c7fc7f6e454d: start group-5759425D0C6B
2019-06-12 13:16:27,635 INFO  impl.RaftServerImpl (RaftServerImpl.java:setRole(164)) - 3f1fccf5-940f-46da-8bab-c7fc7f6e454d:group-5759425D0C6B changes role from null to FOLLOWER at term 0 for startAsFollower
2019-06-12 13:16:27,635 INFO  impl.RoleInfo (RoleInfo.java:updateAndGet(143)) - 3f1fccf5-940f-46da-8bab-c7fc7f6e454d: start FollowerState
2019-06-12 13:16:27,635 INFO  util.JmxRegister (JmxRegister.java:tryRegister(44)) - Successfully registered JMX Bean with object name Ratis:service=RaftServer,group=group-5759425D0C6B,id=3f1fccf5-940f-46da-8bab-c7fc7f6e454d
2019-06-12 13:16:27,642 INFO  pipeline.PipelineStateManager (PipelineStateManager.java:addPipeline(56)) - Created pipeline Pipeline[ Id: 517526fc-2c93-465f-9219-5759425d0c6b, Nodes: 3f1fccf5-940f-46da-8bab-c7fc7f6e454d{ip: 192.168.11.194, host: ozone-5qnff-1533938733, networkLocation: /default-rack, certSerialId: null}, Type:RATIS, Factor:ONE, State:OPEN]
2019-06-12 13:16:27,749 INFO  node.SCMNodeManager (SCMNodeManager.java:register(234)) - Registered Data node : c3a8ca1f-1ca1-4b71-80b2-06f707aced33{ip: 192.168.11.194, host: ozone-5qnff-1533938733, networkLocation: /default-rack, certSerialId: null}
2019-06-12 13:16:27,760 INFO  impl.RaftServerProxy (RaftServerProxy.java:addNew(89)) - c3a8ca1f-1ca1-4b71-80b2-06f707aced33: addNew group-84D60905D4BD:[c3a8ca1f-1ca1-4b71-80b2-06f707aced33:192.168.11.194:33595] returns group-84D60905D4BD:java.util.concurrent.CompletableFuture@4aee451[Not completed]
2019-06-12 13:16:27,761 INFO  impl.RaftServerImpl (RaftServerImpl.java:<init>(91)) - c3a8ca1f-1ca1-4b71-80b2-06f707aced33: new RaftServerImpl for group-84D60905D4BD:[c3a8ca1f-1ca1-4b71-80b2-06f707aced33:192.168.11.194:33595] with ContainerStateMachine:uninitialized
2019-06-12 13:16:27,761 INFO  server.RaftServerConfigKeys (ConfUtils.java:logGet(43)) - raft.server.rpc.timeout.min = 1s (custom)
2019-06-12 13:16:27,761 INFO  server.RaftServerConfigKeys (ConfUtils.java:logGet(43)) - raft.server.rpc.timeout.max = 1200ms (custom)
2019-06-12 13:16:27,761 INFO  server.RaftServerConfigKeys (ConfUtils.java:logGet(43)) - raft.server.rpcslowness.timeout = 10s (custom)
2019-06-12 13:16:27,761 INFO  server.RaftServerConfigKeys (ConfUtils.java:logGet(43)) - raft.server.log.appender.install.snapshot.enabled = true (default)
2019-06-12 13:16:27,761 INFO  impl.RaftServerImpl (ServerState.java:<init>(101)) - c3a8ca1f-1ca1-4b71-80b2-06f707aced33:group-84D60905D4BD ConfigurationManager, init=-1: [c3a8ca1f-1ca1-4b71-80b2-06f707aced33:192.168.11.194:33595], old=null, confs=<EMPTY_MAP>
2019-06-12 13:16:27,761 INFO  server.RaftServerConfigKeys (ConfUtils.java:logGet(43)) - raft.server.storage.dir = [/opt/src/hadoop-ozone/integration-test/target/test-dir/MiniOzoneClusterImpl-a378a772-0d4b-4c9d-88b4-e4db46cabce6/datanode-4/data/ratis] (custom)
2019-06-12 13:16:27,761 INFO  storage.RaftStorageDirectory (RaftStorageDirectory.java:analyzeStorage(246)) - The storage directory /opt/src/hadoop-ozone/integration-test/target/test-dir/MiniOzoneClusterImpl-a378a772-0d4b-4c9d-88b4-e4db46cabce6/datanode-4/data/ratis/d807746e-35fe-4bd3-8fbc-84d60905d4bd does not exist. Creating ...
2019-06-12 13:16:27,763 INFO  storage.RaftStorageDirectory (RaftStorageDirectory.java:tryLock(328)) - Lock on /opt/src/hadoop-ozone/integration-test/target/test-dir/MiniOzoneClusterImpl-a378a772-0d4b-4c9d-88b4-e4db46cabce6/datanode-4/data/ratis/d807746e-35fe-4bd3-8fbc-84d60905d4bd/in_use.lock acquired by nodename 9981@ozone-5qnff-1533938733
2019-06-12 13:16:27,765 INFO  storage.RaftStorage (RaftStorage.java:format(75)) - Storage directory /opt/src/hadoop-ozone/integration-test/target/test-dir/MiniOzoneClusterImpl-a378a772-0d4b-4c9d-88b4-e4db46cabce6/datanode-4/data/ratis/d807746e-35fe-4bd3-8fbc-84d60905d4bd has been successfully formatted.
2019-06-12 13:16:27,766 INFO  ratis.ContainerStateMachine (ContainerStateMachine.java:loadSnapshot(199)) - The snapshot info is null.Setting the last applied index to:(t:0, i:~)
2019-06-12 13:16:27,766 INFO  server.RaftServerConfigKeys (ConfUtils.java:logGet(43)) - raft.server.leader.election.timeout = 10s (custom)
2019-06-12 13:16:27,766 INFO  server.RaftServerConfigKeys (ConfUtils.java:logGet(43)) - raft.server.log.use.memory = false (default)
2019-06-12 13:16:27,766 INFO  server.RaftServerConfigKeys (ConfUtils.java:logGet(43)) - raft.server.log.appender.buffer.byte-limit = 33554432 (custom)
2019-06-12 13:16:27,766 INFO  server.RaftServerConfigKeys (ConfUtils.java:logGet(43)) - raft.server.log.segment.size.max = 16384 (custom)
2019-06-12 13:16:27,766 INFO  server.RaftServerConfigKeys (ConfUtils.java:logGet(43)) - raft.server.log.segment.cache.num.max = 2 (custom)
2019-06-12 13:16:27,766 INFO  storage.RaftLogWorker (RaftLogWorker.java:<init>(123)) - new c3a8ca1f-1ca1-4b71-80b2-06f707aced33-RaftLogWorker for Storage Directory /opt/src/hadoop-ozone/integration-test/target/test-dir/MiniOzoneClusterImpl-a378a772-0d4b-4c9d-88b4-e4db46cabce6/datanode-4/data/ratis/d807746e-35fe-4bd3-8fbc-84d60905d4bd
2019-06-12 13:16:27,766 INFO  server.RaftServerConfigKeys (ConfUtils.java:logGet(43)) - raft.server.log.queue.byte-limit = 2147483647 (custom)
2019-06-12 13:16:27,766 INFO  server.RaftServerConfigKeys (ConfUtils.java:logGet(43)) - raft.server.log.queue.element-limit = 1024 (custom)
2019-06-12 13:16:27,766 INFO  server.RaftServerConfigKeys (ConfUtils.java:logGet(43)) - raft.server.log.segment.size.max = 16384 (custom)
2019-06-12 13:16:27,767 INFO  server.RaftServerConfigKeys (ConfUtils.java:logGet(43)) - raft.server.log.preallocated.size = 16384 (custom)
2019-06-12 13:16:27,767 INFO  server.RaftServerConfigKeys (ConfUtils.java:logGet(43)) - raft.server.log.write.buffer.size = 33554432 (custom)
2019-06-12 13:16:27,767 INFO  server.RaftServerConfigKeys (ConfUtils.java:logGet(43)) - raft.server.log.force.sync.num = 128 (default)
2019-06-12 13:16:27,767 INFO  server.RaftServerConfigKeys (ConfUtils.java:logGet(43)) - raft.server.log.statemachine.data.sync = true (default)
2019-06-12 13:16:27,767 INFO  server.RaftServerConfigKeys (ConfUtils.java:logGet(43)) - raft.server.log.statemachine.data.sync.timeout = 10s (default)
2019-06-12 13:16:27,767 INFO  server.RaftServerConfigKeys (ConfUtils.java:logGet(43)) - raft.server.log.statemachine.data.sync.timeout.retry = -1 (default)
2019-06-12 13:16:27,767 INFO  server.RaftServerConfigKeys (ConfUtils.java:logGet(43)) - raft.server.log.statemachine.data.caching.enabled = true (custom)
2019-06-12 13:16:27,767 INFO  server.RaftServerConfigKeys (ConfUtils.java:logGet(43)) - raft.server.snapshot.auto.trigger.enabled = true (custom)
2019-06-12 13:16:27,767 INFO  server.RaftServerConfigKeys (ConfUtils.java:logGet(43)) - raft.server.snapshot.auto.trigger.threshold = 10000 (custom)
2019-06-12 13:16:27,767 INFO  server.RaftServerConfigKeys (ConfUtils.java:logGet(43)) - raft.server.retrycache.expirytime = 600000ms (custom)
2019-06-12 13:16:27,768 INFO  impl.RaftServerImpl (RaftServerImpl.java:start(173)) - c3a8ca1f-1ca1-4b71-80b2-06f707aced33: start group-84D60905D4BD
2019-06-12 13:16:27,768 INFO  impl.RaftServerImpl (RaftServerImpl.java:setRole(164)) - c3a8ca1f-1ca1-4b71-80b2-06f707aced33:group-84D60905D4BD changes role from null to FOLLOWER at term 0 for startAsFollower
2019-06-12 13:16:27,768 INFO  impl.RoleInfo (RoleInfo.java:updateAndGet(143)) - c3a8ca1f-1ca1-4b71-80b2-06f707aced33: start FollowerState
2019-06-12 13:16:27,768 INFO  util.JmxRegister (JmxRegister.java:tryRegister(44)) - Successfully registered JMX Bean with object name Ratis:service=RaftServer,group=group-84D60905D4BD,id=c3a8ca1f-1ca1-4b71-80b2-06f707aced33
2019-06-12 13:16:27,773 INFO  pipeline.PipelineStateManager (PipelineStateManager.java:addPipeline(56)) - Created pipeline Pipeline[ Id: d807746e-35fe-4bd3-8fbc-84d60905d4bd, Nodes: c3a8ca1f-1ca1-4b71-80b2-06f707aced33{ip: 192.168.11.194, host: ozone-5qnff-1533938733, networkLocation: /default-rack, certSerialId: null}, Type:RATIS, Factor:ONE, State:OPEN]
2019-06-12 13:16:27,912 INFO  ozone.MiniOzoneClusterImpl (MiniOzoneClusterImpl.java:lambda$waitForClusterToBeReady$0(142)) - Waiting for cluster to be ready. Got 5 of 6 DN Heartbeats.
2019-06-12 13:16:27,917 INFO  node.SCMNodeManager (SCMNodeManager.java:register(234)) - Registered Data node : 81ef9beb-88ce-4c26-8148-087718e74042{ip: 192.168.11.194, host: ozone-5qnff-1533938733, networkLocation: /default-rack, certSerialId: null}
2019-06-12 13:16:27,930 INFO  impl.RaftServerProxy (RaftServerProxy.java:addNew(89)) - 81ef9beb-88ce-4c26-8148-087718e74042: addNew group-66FC7C92AE9B:[81ef9beb-88ce-4c26-8148-087718e74042:192.168.11.194:34289] returns group-66FC7C92AE9B:java.util.concurrent.CompletableFuture@4c5ab3ab[Not completed]
2019-06-12 13:16:27,930 INFO  impl.RaftServerImpl (RaftServerImpl.java:<init>(91)) - 81ef9beb-88ce-4c26-8148-087718e74042: new RaftServerImpl for group-66FC7C92AE9B:[81ef9beb-88ce-4c26-8148-087718e74042:192.168.11.194:34289] with ContainerStateMachine:uninitialized
2019-06-12 13:16:27,931 INFO  server.RaftServerConfigKeys (ConfUtils.java:logGet(43)) - raft.server.rpc.timeout.min = 1s (custom)
2019-06-12 13:16:27,931 INFO  server.RaftServerConfigKeys (ConfUtils.java:logGet(43)) - raft.server.rpc.timeout.max = 1200ms (custom)
2019-06-12 13:16:27,931 INFO  server.RaftServerConfigKeys (ConfUtils.java:logGet(43)) - raft.server.rpcslowness.timeout = 10s (custom)
2019-06-12 13:16:27,931 INFO  server.RaftServerConfigKeys (ConfUtils.java:logGet(43)) - raft.server.log.appender.install.snapshot.enabled = true (default)
2019-06-12 13:16:27,931 INFO  impl.RaftServerImpl (ServerState.java:<init>(101)) - 81ef9beb-88ce-4c26-8148-087718e74042:group-66FC7C92AE9B ConfigurationManager, init=-1: [81ef9beb-88ce-4c26-8148-087718e74042:192.168.11.194:34289], old=null, confs=<EMPTY_MAP>
2019-06-12 13:16:27,931 INFO  server.RaftServerConfigKeys (ConfUtils.java:logGet(43)) - raft.server.storage.dir = [/opt/src/hadoop-ozone/integration-test/target/test-dir/MiniOzoneClusterImpl-a378a772-0d4b-4c9d-88b4-e4db46cabce6/datanode-5/data/ratis] (custom)
2019-06-12 13:16:27,931 INFO  storage.RaftStorageDirectory (RaftStorageDirectory.java:analyzeStorage(246)) - The storage directory /opt/src/hadoop-ozone/integration-test/target/test-dir/MiniOzoneClusterImpl-a378a772-0d4b-4c9d-88b4-e4db46cabce6/datanode-5/data/ratis/458b20c6-bf43-4f09-8a46-66fc7c92ae9b does not exist. Creating ...
2019-06-12 13:16:27,934 INFO  storage.RaftStorageDirectory (RaftStorageDirectory.java:tryLock(328)) - Lock on /opt/src/hadoop-ozone/integration-test/target/test-dir/MiniOzoneClusterImpl-a378a772-0d4b-4c9d-88b4-e4db46cabce6/datanode-5/data/ratis/458b20c6-bf43-4f09-8a46-66fc7c92ae9b/in_use.lock acquired by nodename 9981@ozone-5qnff-1533938733
2019-06-12 13:16:27,936 INFO  storage.RaftStorage (RaftStorage.java:format(75)) - Storage directory /opt/src/hadoop-ozone/integration-test/target/test-dir/MiniOzoneClusterImpl-a378a772-0d4b-4c9d-88b4-e4db46cabce6/datanode-5/data/ratis/458b20c6-bf43-4f09-8a46-66fc7c92ae9b has been successfully formatted.
2019-06-12 13:16:27,936 INFO  ratis.ContainerStateMachine (ContainerStateMachine.java:loadSnapshot(199)) - The snapshot info is null.Setting the last applied index to:(t:0, i:~)
2019-06-12 13:16:27,936 INFO  server.RaftServerConfigKeys (ConfUtils.java:logGet(43)) - raft.server.leader.election.timeout = 10s (custom)
2019-06-12 13:16:27,936 INFO  server.RaftServerConfigKeys (ConfUtils.java:logGet(43)) - raft.server.log.use.memory = false (default)
2019-06-12 13:16:27,936 INFO  server.RaftServerConfigKeys (ConfUtils.java:logGet(43)) - raft.server.log.appender.buffer.byte-limit = 33554432 (custom)
2019-06-12 13:16:27,936 INFO  server.RaftServerConfigKeys (ConfUtils.java:logGet(43)) - raft.server.log.segment.size.max = 16384 (custom)
2019-06-12 13:16:27,936 INFO  server.RaftServerConfigKeys (ConfUtils.java:logGet(43)) - raft.server.log.segment.cache.num.max = 2 (custom)
2019-06-12 13:16:27,936 INFO  storage.RaftLogWorker (RaftLogWorker.java:<init>(123)) - new 81ef9beb-88ce-4c26-8148-087718e74042-RaftLogWorker for Storage Directory /opt/src/hadoop-ozone/integration-test/target/test-dir/MiniOzoneClusterImpl-a378a772-0d4b-4c9d-88b4-e4db46cabce6/datanode-5/data/ratis/458b20c6-bf43-4f09-8a46-66fc7c92ae9b
2019-06-12 13:16:27,936 INFO  server.RaftServerConfigKeys (ConfUtils.java:logGet(43)) - raft.server.log.queue.byte-limit = 2147483647 (custom)
2019-06-12 13:16:27,937 INFO  server.RaftServerConfigKeys (ConfUtils.java:logGet(43)) - raft.server.log.queue.element-limit = 1024 (custom)
2019-06-12 13:16:27,937 INFO  server.RaftServerConfigKeys (ConfUtils.java:logGet(43)) - raft.server.log.segment.size.max = 16384 (custom)
2019-06-12 13:16:27,937 INFO  server.RaftServerConfigKeys (ConfUtils.java:logGet(43)) - raft.server.log.preallocated.size = 16384 (custom)
2019-06-12 13:16:27,937 INFO  server.RaftServerConfigKeys (ConfUtils.java:logGet(43)) - raft.server.log.write.buffer.size = 33554432 (custom)
2019-06-12 13:16:27,937 INFO  server.RaftServerConfigKeys (ConfUtils.java:logGet(43)) - raft.server.log.force.sync.num = 128 (default)
2019-06-12 13:16:27,937 INFO  server.RaftServerConfigKeys (ConfUtils.java:logGet(43)) - raft.server.log.statemachine.data.sync = true (default)
2019-06-12 13:16:27,937 INFO  server.RaftServerConfigKeys (ConfUtils.java:logGet(43)) - raft.server.log.statemachine.data.sync.timeout = 10s (default)
2019-06-12 13:16:27,937 INFO  server.RaftServerConfigKeys (ConfUtils.java:logGet(43)) - raft.server.log.statemachine.data.sync.timeout.retry = -1 (default)
2019-06-12 13:16:27,937 INFO  server.RaftServerConfigKeys (ConfUtils.java:logGet(43)) - raft.server.log.statemachine.data.caching.enabled = true (custom)
2019-06-12 13:16:27,939 INFO  server.RaftServerConfigKeys (ConfUtils.java:logGet(43)) - raft.server.snapshot.auto.trigger.enabled = true (custom)
2019-06-12 13:16:27,939 INFO  server.RaftServerConfigKeys (ConfUtils.java:logGet(43)) - raft.server.snapshot.auto.trigger.threshold = 10000 (custom)
2019-06-12 13:16:27,939 INFO  server.RaftServerConfigKeys (ConfUtils.java:logGet(43)) - raft.server.retrycache.expirytime = 600000ms (custom)
2019-06-12 13:16:27,939 INFO  impl.RaftServerImpl (RaftServerImpl.java:start(173)) - 81ef9beb-88ce-4c26-8148-087718e74042: start group-66FC7C92AE9B
2019-06-12 13:16:27,939 INFO  impl.RaftServerImpl (RaftServerImpl.java:setRole(164)) - 81ef9beb-88ce-4c26-8148-087718e74042:group-66FC7C92AE9B changes role from null to FOLLOWER at term 0 for startAsFollower
2019-06-12 13:16:27,939 INFO  impl.RoleInfo (RoleInfo.java:updateAndGet(143)) - 81ef9beb-88ce-4c26-8148-087718e74042: start FollowerState
2019-06-12 13:16:27,939 INFO  util.JmxRegister (JmxRegister.java:tryRegister(44)) - Successfully registered JMX Bean with object name Ratis:service=RaftServer,group=group-66FC7C92AE9B,id=81ef9beb-88ce-4c26-8148-087718e74042
2019-06-12 13:16:27,945 INFO  pipeline.PipelineStateManager (PipelineStateManager.java:addPipeline(56)) - Created pipeline Pipeline[ Id: 458b20c6-bf43-4f09-8a46-66fc7c92ae9b, Nodes: 81ef9beb-88ce-4c26-8148-087718e74042{ip: 192.168.11.194, host: ozone-5qnff-1533938733, networkLocation: /default-rack, certSerialId: null}, Type:RATIS, Factor:ONE, State:OPEN]
2019-06-12 13:16:27,964 INFO  impl.RaftServerProxy (RaftServerProxy.java:addNew(89)) - 3f1fccf5-940f-46da-8bab-c7fc7f6e454d: addNew group-923A5C1261A1:[81ef9beb-88ce-4c26-8148-087718e74042:192.168.11.194:34289, 3f1fccf5-940f-46da-8bab-c7fc7f6e454d:192.168.11.194:45833, c3a8ca1f-1ca1-4b71-80b2-06f707aced33:192.168.11.194:33595] returns group-923A5C1261A1:java.util.concurrent.CompletableFuture@43c66c6e[Not completed]
2019-06-12 13:16:27,964 INFO  impl.RaftServerProxy (RaftServerProxy.java:addNew(89)) - 81ef9beb-88ce-4c26-8148-087718e74042: addNew group-923A5C1261A1:[81ef9beb-88ce-4c26-8148-087718e74042:192.168.11.194:34289, 3f1fccf5-940f-46da-8bab-c7fc7f6e454d:192.168.11.194:45833, c3a8ca1f-1ca1-4b71-80b2-06f707aced33:192.168.11.194:33595] returns group-923A5C1261A1:java.util.concurrent.CompletableFuture@5ba651d5[Not completed]
2019-06-12 13:16:27,965 INFO  impl.RaftServerProxy (RaftServerProxy.java:addNew(89)) - c3a8ca1f-1ca1-4b71-80b2-06f707aced33: addNew group-923A5C1261A1:[81ef9beb-88ce-4c26-8148-087718e74042:192.168.11.194:34289, 3f1fccf5-940f-46da-8bab-c7fc7f6e454d:192.168.11.194:45833, c3a8ca1f-1ca1-4b71-80b2-06f707aced33:192.168.11.194:33595] returns group-923A5C1261A1:java.util.concurrent.CompletableFuture@409d31d2[Not completed]
2019-06-12 13:16:27,965 INFO  impl.RaftServerImpl (RaftServerImpl.java:<init>(91)) - 3f1fccf5-940f-46da-8bab-c7fc7f6e454d: new RaftServerImpl for group-923A5C1261A1:[81ef9beb-88ce-4c26-8148-087718e74042:192.168.11.194:34289, 3f1fccf5-940f-46da-8bab-c7fc7f6e454d:192.168.11.194:45833, c3a8ca1f-1ca1-4b71-80b2-06f707aced33:192.168.11.194:33595] with ContainerStateMachine:uninitialized
2019-06-12 13:16:27,965 INFO  server.RaftServerConfigKeys (ConfUtils.java:logGet(43)) - raft.server.rpc.timeout.min = 1s (custom)
2019-06-12 13:16:27,965 INFO  server.RaftServerConfigKeys (ConfUtils.java:logGet(43)) - raft.server.rpc.timeout.max = 1200ms (custom)
2019-06-12 13:16:27,965 INFO  server.RaftServerConfigKeys (ConfUtils.java:logGet(43)) - raft.server.rpcslowness.timeout = 10s (custom)
2019-06-12 13:16:27,965 INFO  server.RaftServerConfigKeys (ConfUtils.java:logGet(43)) - raft.server.log.appender.install.snapshot.enabled = true (default)
2019-06-12 13:16:27,965 INFO  impl.RaftServerImpl (ServerState.java:<init>(101)) - 3f1fccf5-940f-46da-8bab-c7fc7f6e454d:group-923A5C1261A1 ConfigurationManager, init=-1: [81ef9beb-88ce-4c26-8148-087718e74042:192.168.11.194:34289, 3f1fccf5-940f-46da-8bab-c7fc7f6e454d:192.168.11.194:45833, c3a8ca1f-1ca1-4b71-80b2-06f707aced33:192.168.11.194:33595], old=null, confs=<EMPTY_MAP>
2019-06-12 13:16:27,965 INFO  server.RaftServerConfigKeys (ConfUtils.java:logGet(43)) - raft.server.storage.dir = [/opt/src/hadoop-ozone/integration-test/target/test-dir/MiniOzoneClusterImpl-a378a772-0d4b-4c9d-88b4-e4db46cabce6/datanode-3/data/ratis] (custom)
2019-06-12 13:16:27,966 INFO  storage.RaftStorageDirectory (RaftStorageDirectory.java:analyzeStorage(246)) - The storage directory /opt/src/hadoop-ozone/integration-test/target/test-dir/MiniOzoneClusterImpl-a378a772-0d4b-4c9d-88b4-e4db46cabce6/datanode-3/data/ratis/020da54d-f982-4ac6-ba52-923a5c1261a1 does not exist. Creating ...
2019-06-12 13:16:27,966 INFO  impl.RaftServerImpl (RaftServerImpl.java:<init>(91)) - 81ef9beb-88ce-4c26-8148-087718e74042: new RaftServerImpl for group-923A5C1261A1:[81ef9beb-88ce-4c26-8148-087718e74042:192.168.11.194:34289, 3f1fccf5-940f-46da-8bab-c7fc7f6e454d:192.168.11.194:45833, c3a8ca1f-1ca1-4b71-80b2-06f707aced33:192.168.11.194:33595] with ContainerStateMachine:uninitialized
2019-06-12 13:16:27,966 INFO  server.RaftServerConfigKeys (ConfUtils.java:logGet(43)) - raft.server.rpc.timeout.min = 1s (custom)
2019-06-12 13:16:27,966 INFO  server.RaftServerConfigKeys (ConfUtils.java:logGet(43)) - raft.server.rpc.timeout.max = 1200ms (custom)
2019-06-12 13:16:27,966 INFO  server.RaftServerConfigKeys (ConfUtils.java:logGet(43)) - raft.server.rpcslowness.timeout = 10s (custom)
2019-06-12 13:16:27,966 INFO  server.RaftServerConfigKeys (ConfUtils.java:logGet(43)) - raft.server.log.appender.install.snapshot.enabled = true (default)
2019-06-12 13:16:27,966 INFO  impl.RaftServerImpl (ServerState.java:<init>(101)) - 81ef9beb-88ce-4c26-8148-087718e74042:group-923A5C1261A1 ConfigurationManager, init=-1: [81ef9beb-88ce-4c26-8148-087718e74042:192.168.11.194:34289, 3f1fccf5-940f-46da-8bab-c7fc7f6e454d:192.168.11.194:45833, c3a8ca1f-1ca1-4b71-80b2-06f707aced33:192.168.11.194:33595], old=null, confs=<EMPTY_MAP>
2019-06-12 13:16:27,967 INFO  server.RaftServerConfigKeys (ConfUtils.java:logGet(43)) - raft.server.storage.dir = [/opt/src/hadoop-ozone/integration-test/target/test-dir/MiniOzoneClusterImpl-a378a772-0d4b-4c9d-88b4-e4db46cabce6/datanode-5/data/ratis] (custom)
2019-06-12 13:16:27,965 INFO  impl.RaftServerImpl (RaftServerImpl.java:<init>(91)) - c3a8ca1f-1ca1-4b71-80b2-06f707aced33: new RaftServerImpl for group-923A5C1261A1:[81ef9beb-88ce-4c26-8148-087718e74042:192.168.11.194:34289, 3f1fccf5-940f-46da-8bab-c7fc7f6e454d:192.168.11.194:45833, c3a8ca1f-1ca1-4b71-80b2-06f707aced33:192.168.11.194:33595] with ContainerStateMachine:uninitialized
2019-06-12 13:16:27,967 INFO  server.RaftServerConfigKeys (ConfUtils.java:logGet(43)) - raft.server.rpc.timeout.min = 1s (custom)
2019-06-12 13:16:27,967 INFO  server.RaftServerConfigKeys (ConfUtils.java:logGet(43)) - raft.server.rpc.timeout.max = 1200ms (custom)
2019-06-12 13:16:27,967 INFO  server.RaftServerConfigKeys (ConfUtils.java:logGet(43)) - raft.server.rpcslowness.timeout = 10s (custom)
2019-06-12 13:16:27,967 INFO  server.RaftServerConfigKeys (ConfUtils.java:logGet(43)) - raft.server.log.appender.install.snapshot.enabled = true (default)
2019-06-12 13:16:27,967 INFO  storage.RaftStorageDirectory (RaftStorageDirectory.java:analyzeStorage(246)) - The storage directory /opt/src/hadoop-ozone/integration-test/target/test-dir/MiniOzoneClusterImpl-a378a772-0d4b-4c9d-88b4-e4db46cabce6/datanode-5/data/ratis/020da54d-f982-4ac6-ba52-923a5c1261a1 does not exist. Creating ...
2019-06-12 13:16:27,967 INFO  impl.RaftServerImpl (ServerState.java:<init>(101)) - c3a8ca1f-1ca1-4b71-80b2-06f707aced33:group-923A5C1261A1 ConfigurationManager, init=-1: [81ef9beb-88ce-4c26-8148-087718e74042:192.168.11.194:34289, 3f1fccf5-940f-46da-8bab-c7fc7f6e454d:192.168.11.194:45833, c3a8ca1f-1ca1-4b71-80b2-06f707aced33:192.168.11.194:33595], old=null, confs=<EMPTY_MAP>
2019-06-12 13:16:27,968 INFO  server.RaftServerConfigKeys (ConfUtils.java:logGet(43)) - raft.server.storage.dir = [/opt/src/hadoop-ozone/integration-test/target/test-dir/MiniOzoneClusterImpl-a378a772-0d4b-4c9d-88b4-e4db46cabce6/datanode-4/data/ratis] (custom)
2019-06-12 13:16:27,968 INFO  storage.RaftStorageDirectory (RaftStorageDirectory.java:analyzeStorage(246)) - The storage directory /opt/src/hadoop-ozone/integration-test/target/test-dir/MiniOzoneClusterImpl-a378a772-0d4b-4c9d-88b4-e4db46cabce6/datanode-4/data/ratis/020da54d-f982-4ac6-ba52-923a5c1261a1 does not exist. Creating ...
2019-06-12 13:16:27,968 INFO  storage.RaftStorageDirectory (RaftStorageDirectory.java:tryLock(328)) - Lock on /opt/src/hadoop-ozone/integration-test/target/test-dir/MiniOzoneClusterImpl-a378a772-0d4b-4c9d-88b4-e4db46cabce6/datanode-3/data/ratis/020da54d-f982-4ac6-ba52-923a5c1261a1/in_use.lock acquired by nodename 9981@ozone-5qnff-1533938733
2019-06-12 13:16:27,969 INFO  storage.RaftStorageDirectory (RaftStorageDirectory.java:tryLock(328)) - Lock on /opt/src/hadoop-ozone/integration-test/target/test-dir/MiniOzoneClusterImpl-a378a772-0d4b-4c9d-88b4-e4db46cabce6/datanode-5/data/ratis/020da54d-f982-4ac6-ba52-923a5c1261a1/in_use.lock acquired by nodename 9981@ozone-5qnff-1533938733
2019-06-12 13:16:27,971 INFO  storage.RaftStorageDirectory (RaftStorageDirectory.java:tryLock(328)) - Lock on /opt/src/hadoop-ozone/integration-test/target/test-dir/MiniOzoneClusterImpl-a378a772-0d4b-4c9d-88b4-e4db46cabce6/datanode-4/data/ratis/020da54d-f982-4ac6-ba52-923a5c1261a1/in_use.lock acquired by nodename 9981@ozone-5qnff-1533938733
2019-06-12 13:16:27,971 INFO  storage.RaftStorage (RaftStorage.java:format(75)) - Storage directory /opt/src/hadoop-ozone/integration-test/target/test-dir/MiniOzoneClusterImpl-a378a772-0d4b-4c9d-88b4-e4db46cabce6/datanode-3/data/ratis/020da54d-f982-4ac6-ba52-923a5c1261a1 has been successfully formatted.
2019-06-12 13:16:27,972 INFO  ratis.ContainerStateMachine (ContainerStateMachine.java:loadSnapshot(199)) - The snapshot info is null.Setting the last applied index to:(t:0, i:~)
2019-06-12 13:16:27,972 INFO  server.RaftServerConfigKeys (ConfUtils.java:logGet(43)) - raft.server.leader.election.timeout = 10s (custom)
2019-06-12 13:16:27,972 INFO  server.RaftServerConfigKeys (ConfUtils.java:logGet(43)) - raft.server.log.use.memory = false (default)
2019-06-12 13:16:27,972 INFO  server.RaftServerConfigKeys (ConfUtils.java:logGet(43)) - raft.server.log.appender.buffer.byte-limit = 33554432 (custom)
2019-06-12 13:16:27,972 INFO  server.RaftServerConfigKeys (ConfUtils.java:logGet(43)) - raft.server.log.segment.size.max = 16384 (custom)
2019-06-12 13:16:27,972 INFO  storage.RaftStorage (RaftStorage.java:format(75)) - Storage directory /opt/src/hadoop-ozone/integration-test/target/test-dir/MiniOzoneClusterImpl-a378a772-0d4b-4c9d-88b4-e4db46cabce6/datanode-5/data/ratis/020da54d-f982-4ac6-ba52-923a5c1261a1 has been successfully formatted.
2019-06-12 13:16:27,972 INFO  server.RaftServerConfigKeys (ConfUtils.java:logGet(43)) - raft.server.log.segment.cache.num.max = 2 (custom)
2019-06-12 13:16:27,972 INFO  ratis.ContainerStateMachine (ContainerStateMachine.java:loadSnapshot(199)) - The snapshot info is null.Setting the last applied index to:(t:0, i:~)
2019-06-12 13:16:27,972 INFO  storage.RaftLogWorker (RaftLogWorker.java:<init>(123)) - new 3f1fccf5-940f-46da-8bab-c7fc7f6e454d-RaftLogWorker for Storage Directory /opt/src/hadoop-ozone/integration-test/target/test-dir/MiniOzoneClusterImpl-a378a772-0d4b-4c9d-88b4-e4db46cabce6/datanode-3/data/ratis/020da54d-f982-4ac6-ba52-923a5c1261a1
2019-06-12 13:16:27,972 INFO  server.RaftServerConfigKeys (ConfUtils.java:logGet(43)) - raft.server.leader.election.timeout = 10s (custom)
2019-06-12 13:16:27,972 INFO  server.RaftServerConfigKeys (ConfUtils.java:logGet(43)) - raft.server.log.queue.byte-limit = 2147483647 (custom)
2019-06-12 13:16:27,972 INFO  server.RaftServerConfigKeys (ConfUtils.java:logGet(43)) - raft.server.log.use.memory = false (default)
2019-06-12 13:16:27,973 INFO  server.RaftServerConfigKeys (ConfUtils.java:logGet(43)) - raft.server.log.queue.element-limit = 1024 (custom)
2019-06-12 13:16:27,973 INFO  server.RaftServerConfigKeys (ConfUtils.java:logGet(43)) - raft.server.log.appender.buffer.byte-limit = 33554432 (custom)
2019-06-12 13:16:27,973 INFO  server.RaftServerConfigKeys (ConfUtils.java:logGet(43)) - raft.server.log.segment.size.max = 16384 (custom)
2019-06-12 13:16:27,973 INFO  server.RaftServerConfigKeys (ConfUtils.java:logGet(43)) - raft.server.log.segment.size.max = 16384 (custom)
2019-06-12 13:16:27,973 INFO  server.RaftServerConfigKeys (ConfUtils.java:logGet(43)) - raft.server.log.preallocated.size = 16384 (custom)
2019-06-12 13:16:27,973 INFO  server.RaftServerConfigKeys (ConfUtils.java:logGet(43)) - raft.server.log.segment.cache.num.max = 2 (custom)
2019-06-12 13:16:27,973 INFO  storage.RaftLogWorker (RaftLogWorker.java:<init>(123)) - new 81ef9beb-88ce-4c26-8148-087718e74042-RaftLogWorker for Storage Directory /opt/src/hadoop-ozone/integration-test/target/test-dir/MiniOzoneClusterImpl-a378a772-0d4b-4c9d-88b4-e4db46cabce6/datanode-5/data/ratis/020da54d-f982-4ac6-ba52-923a5c1261a1
2019-06-12 13:16:27,973 INFO  server.RaftServerConfigKeys (ConfUtils.java:logGet(43)) - raft.server.log.write.buffer.size = 33554432 (custom)
2019-06-12 13:16:27,973 INFO  server.RaftServerConfigKeys (ConfUtils.java:logGet(43)) - raft.server.log.queue.byte-limit = 2147483647 (custom)
2019-06-12 13:16:27,973 INFO  server.RaftServerConfigKeys (ConfUtils.java:logGet(43)) - raft.server.log.force.sync.num = 128 (default)
2019-06-12 13:16:27,973 INFO  server.RaftServerConfigKeys (ConfUtils.java:logGet(43)) - raft.server.log.queue.element-limit = 1024 (custom)
2019-06-12 13:16:27,973 INFO  server.RaftServerConfigKeys (ConfUtils.java:logGet(43)) - raft.server.log.statemachine.data.sync = true (default)
2019-06-12 13:16:27,974 INFO  server.RaftServerConfigKeys (ConfUtils.java:logGet(43)) - raft.server.log.statemachine.data.sync.timeout = 10s (default)
2019-06-12 13:16:27,974 INFO  server.RaftServerConfigKeys (ConfUtils.java:logGet(43)) - raft.server.log.statemachine.data.sync.timeout.retry = -1 (default)
2019-06-12 13:16:27,974 INFO  server.RaftServerConfigKeys (ConfUtils.java:logGet(43)) - raft.server.log.statemachine.data.caching.enabled = true (custom)
2019-06-12 13:16:27,973 INFO  storage.RaftStorage (RaftStorage.java:format(75)) - Storage directory /opt/src/hadoop-ozone/integration-test/target/test-dir/MiniOzoneClusterImpl-a378a772-0d4b-4c9d-88b4-e4db46cabce6/datanode-4/data/ratis/020da54d-f982-4ac6-ba52-923a5c1261a1 has been successfully formatted.
2019-06-12 13:16:27,973 INFO  server.RaftServerConfigKeys (ConfUtils.java:logGet(43)) - raft.server.log.segment.size.max = 16384 (custom)
2019-06-12 13:16:27,974 INFO  ratis.ContainerStateMachine (ContainerStateMachine.java:loadSnapshot(199)) - The snapshot info is null.Setting the last applied index to:(t:0, i:~)
2019-06-12 13:16:27,974 INFO  server.RaftServerConfigKeys (ConfUtils.java:logGet(43)) - raft.server.snapshot.auto.trigger.enabled = true (custom)
2019-06-12 13:16:27,974 INFO  server.RaftServerConfigKeys (ConfUtils.java:logGet(43)) - raft.server.leader.election.timeout = 10s (custom)
2019-06-12 13:16:27,974 INFO  server.RaftServerConfigKeys (ConfUtils.java:logGet(43)) - raft.server.log.preallocated.size = 16384 (custom)
2019-06-12 13:16:27,975 INFO  server.RaftServerConfigKeys (ConfUtils.java:logGet(43)) - raft.server.log.use.memory = false (default)
2019-06-12 13:16:27,974 INFO  server.RaftServerConfigKeys (ConfUtils.java:logGet(43)) - raft.server.snapshot.auto.trigger.threshold = 10000 (custom)
2019-06-12 13:16:27,975 INFO  server.RaftServerConfigKeys (ConfUtils.java:logGet(43)) - raft.server.log.appender.buffer.byte-limit = 33554432 (custom)
2019-06-12 13:16:27,975 INFO  server.RaftServerConfigKeys (ConfUtils.java:logGet(43)) - raft.server.log.write.buffer.size = 33554432 (custom)
2019-06-12 13:16:27,975 INFO  server.RaftServerConfigKeys (ConfUtils.java:logGet(43)) - raft.server.log.segment.size.max = 16384 (custom)
2019-06-12 13:16:27,975 INFO  server.RaftServerConfigKeys (ConfUtils.java:logGet(43)) - raft.server.retrycache.expirytime = 600000ms (custom)
2019-06-12 13:16:27,975 INFO  server.RaftServerConfigKeys (ConfUtils.java:logGet(43)) - raft.server.log.segment.cache.num.max = 2 (custom)
2019-06-12 13:16:27,975 INFO  server.RaftServerConfigKeys (ConfUtils.java:logGet(43)) - raft.server.log.force.sync.num = 128 (default)
2019-06-12 13:16:27,975 INFO  storage.RaftLogWorker (RaftLogWorker.java:<init>(123)) - new c3a8ca1f-1ca1-4b71-80b2-06f707aced33-RaftLogWorker for Storage Directory /opt/src/hadoop-ozone/integration-test/target/test-dir/MiniOzoneClusterImpl-a378a772-0d4b-4c9d-88b4-e4db46cabce6/datanode-4/data/ratis/020da54d-f982-4ac6-ba52-923a5c1261a1
2019-06-12 13:16:27,975 INFO  impl.RaftServerImpl (RaftServerImpl.java:start(173)) - 3f1fccf5-940f-46da-8bab-c7fc7f6e454d: start group-923A5C1261A1
2019-06-12 13:16:27,975 INFO  server.RaftServerConfigKeys (ConfUtils.java:logGet(43)) - raft.server.log.statemachine.data.sync = true (default)
2019-06-12 13:16:27,975 INFO  impl.RaftServerImpl (RaftServerImpl.java:setRole(164)) - 3f1fccf5-940f-46da-8bab-c7fc7f6e454d:group-923A5C1261A1 changes role from null to FOLLOWER at term 0 for startAsFollower
2019-06-12 13:16:27,975 INFO  server.RaftServerConfigKeys (ConfUtils.java:logGet(43)) - raft.server.log.queue.byte-limit = 2147483647 (custom)
2019-06-12 13:16:27,976 INFO  impl.RoleInfo (RoleInfo.java:updateAndGet(143)) - 3f1fccf5-940f-46da-8bab-c7fc7f6e454d: start FollowerState
2019-06-12 13:16:27,975 INFO  server.RaftServerConfigKeys (ConfUtils.java:logGet(43)) - raft.server.log.statemachine.data.sync.timeout = 10s (default)
2019-06-12 13:16:27,976 INFO  server.RaftServerConfigKeys (ConfUtils.java:logGet(43)) - raft.server.log.statemachine.data.sync.timeout.retry = -1 (default)
2019-06-12 13:16:27,976 INFO  server.RaftServerConfigKeys (ConfUtils.java:logGet(43)) - raft.server.log.queue.element-limit = 1024 (custom)
2019-06-12 13:16:27,976 INFO  server.RaftServerConfigKeys (ConfUtils.java:logGet(43)) - raft.server.log.segment.size.max = 16384 (custom)
2019-06-12 13:16:27,976 INFO  server.RaftServerConfigKeys (ConfUtils.java:logGet(43)) - raft.server.log.preallocated.size = 16384 (custom)
2019-06-12 13:16:27,976 INFO  server.RaftServerConfigKeys (ConfUtils.java:logGet(43)) - raft.server.log.write.buffer.size = 33554432 (custom)
2019-06-12 13:16:27,976 INFO  server.RaftServerConfigKeys (ConfUtils.java:logGet(43)) - raft.server.log.force.sync.num = 128 (default)
2019-06-12 13:16:27,976 INFO  server.RaftServerConfigKeys (ConfUtils.java:logGet(43)) - raft.server.log.statemachine.data.sync = true (default)
2019-06-12 13:16:27,976 INFO  server.RaftServerConfigKeys (ConfUtils.java:logGet(43)) - raft.server.log.statemachine.data.sync.timeout = 10s (default)
2019-06-12 13:16:27,977 INFO  server.RaftServerConfigKeys (ConfUtils.java:logGet(43)) - raft.server.log.statemachine.data.sync.timeout.retry = -1 (default)
2019-06-12 13:16:27,977 INFO  server.RaftServerConfigKeys (ConfUtils.java:logGet(43)) - raft.server.log.statemachine.data.caching.enabled = true (custom)
2019-06-12 13:16:27,977 INFO  util.JmxRegister (JmxRegister.java:tryRegister(44)) - Successfully registered JMX Bean with object name Ratis:service=RaftServer,group=group-923A5C1261A1,id=3f1fccf5-940f-46da-8bab-c7fc7f6e454d
2019-06-12 13:16:27,978 INFO  server.RaftServerConfigKeys (ConfUtils.java:logGet(43)) - raft.server.log.statemachine.data.caching.enabled = true (custom)
2019-06-12 13:16:27,978 INFO  server.RaftServerConfigKeys (ConfUtils.java:logGet(43)) - raft.server.snapshot.auto.trigger.enabled = true (custom)
2019-06-12 13:16:27,978 INFO  server.RaftServerConfigKeys (ConfUtils.java:logGet(43)) - raft.server.snapshot.auto.trigger.threshold = 10000 (custom)
2019-06-12 13:16:27,978 INFO  server.RaftServerConfigKeys (ConfUtils.java:logGet(43)) - raft.server.snapshot.auto.trigger.enabled = true (custom)
2019-06-12 13:16:27,978 INFO  server.RaftServerConfigKeys (ConfUtils.java:logGet(43)) - raft.server.snapshot.auto.trigger.threshold = 10000 (custom)
2019-06-12 13:16:27,978 INFO  server.RaftServerConfigKeys (ConfUtils.java:logGet(43)) - raft.server.retrycache.expirytime = 600000ms (custom)
2019-06-12 13:16:27,978 INFO  impl.RaftServerImpl (RaftServerImpl.java:start(173)) - c3a8ca1f-1ca1-4b71-80b2-06f707aced33: start group-923A5C1261A1
2019-06-12 13:16:27,978 INFO  server.RaftServerConfigKeys (ConfUtils.java:logGet(43)) - raft.server.retrycache.expirytime = 600000ms (custom)
2019-06-12 13:16:27,979 INFO  impl.RaftServerImpl (RaftServerImpl.java:setRole(164)) - c3a8ca1f-1ca1-4b71-80b2-06f707aced33:group-923A5C1261A1 changes role from null to FOLLOWER at term 0 for startAsFollower
2019-06-12 13:16:27,979 INFO  impl.RaftServerImpl (RaftServerImpl.java:start(173)) - 81ef9beb-88ce-4c26-8148-087718e74042: start group-923A5C1261A1
2019-06-12 13:16:27,979 INFO  impl.RaftServerImpl (RaftServerImpl.java:setRole(164)) - 81ef9beb-88ce-4c26-8148-087718e74042:group-923A5C1261A1 changes role from null to FOLLOWER at term 0 for startAsFollower
2019-06-12 13:16:27,979 INFO  impl.RoleInfo (RoleInfo.java:updateAndGet(143)) - 81ef9beb-88ce-4c26-8148-087718e74042: start FollowerState
2019-06-12 13:16:27,979 INFO  util.JmxRegister (JmxRegister.java:tryRegister(44)) - Successfully registered JMX Bean with object name Ratis:service=RaftServer,group=group-923A5C1261A1,id=81ef9beb-88ce-4c26-8148-087718e74042
2019-06-12 13:16:27,980 INFO  impl.RoleInfo (RoleInfo.java:updateAndGet(143)) - c3a8ca1f-1ca1-4b71-80b2-06f707aced33: start FollowerState
2019-06-12 13:16:27,981 INFO  util.JmxRegister (JmxRegister.java:tryRegister(44)) - Successfully registered JMX Bean with object name Ratis:service=RaftServer,group=group-923A5C1261A1,id=c3a8ca1f-1ca1-4b71-80b2-06f707aced33
2019-06-12 13:16:27,995 INFO  pipeline.PipelineStateManager (PipelineStateManager.java:addPipeline(56)) - Created pipeline Pipeline[ Id: 020da54d-f982-4ac6-ba52-923a5c1261a1, Nodes: 81ef9beb-88ce-4c26-8148-087718e74042{ip: 192.168.11.194, host: ozone-5qnff-1533938733, networkLocation: /default-rack, certSerialId: null}3f1fccf5-940f-46da-8bab-c7fc7f6e454d{ip: 192.168.11.194, host: ozone-5qnff-1533938733, networkLocation: /default-rack, certSerialId: null}c3a8ca1f-1ca1-4b71-80b2-06f707aced33{ip: 192.168.11.194, host: ozone-5qnff-1533938733, networkLocation: /default-rack, certSerialId: null}, Type:RATIS, Factor:THREE, State:OPEN]
2019-06-12 13:16:28,528 INFO  impl.FollowerState (FollowerState.java:run(101)) - 0696c34a-ab84-4b32-9fcb-9144cc880406:group-A5F0A033D1FF changes to CANDIDATE, lastRpcTime:1141, electionTimeout:1141ms
2019-06-12 13:16:28,528 INFO  impl.RoleInfo (RoleInfo.java:shutdownFollowerState(121)) - 0696c34a-ab84-4b32-9fcb-9144cc880406: shutdown FollowerState
2019-06-12 13:16:28,528 INFO  impl.RaftServerImpl (RaftServerImpl.java:setRole(164)) - 0696c34a-ab84-4b32-9fcb-9144cc880406:group-A5F0A033D1FF changes role from FOLLOWER to CANDIDATE at term 0 for changeToCandidate
2019-06-12 13:16:28,530 INFO  impl.RoleInfo (RoleInfo.java:updateAndGet(143)) - 0696c34a-ab84-4b32-9fcb-9144cc880406: start LeaderElection
2019-06-12 13:16:28,536 INFO  impl.LeaderElection (LeaderElection.java:askForVotes(181)) - 0696c34a-ab84-4b32-9fcb-9144cc880406:group-A5F0A033D1FF:LeaderElection1: begin an election at term 1 for -1: [0696c34a-ab84-4b32-9fcb-9144cc880406:192.168.11.194:42029], old=null
2019-06-12 13:16:28,537 INFO  impl.RoleInfo (RoleInfo.java:shutdownLeaderElection(134)) - 0696c34a-ab84-4b32-9fcb-9144cc880406: shutdown LeaderElection
2019-06-12 13:16:28,538 INFO  impl.RaftServerImpl (RaftServerImpl.java:setRole(164)) - 0696c34a-ab84-4b32-9fcb-9144cc880406:group-A5F0A033D1FF changes role from CANDIDATE to LEADER at term 1 for changeToLeader
2019-06-12 13:16:28,538 INFO  impl.RaftServerImpl (ServerState.java:setLeader(263)) - 0696c34a-ab84-4b32-9fcb-9144cc880406:group-A5F0A033D1FF change Leader from null to 0696c34a-ab84-4b32-9fcb-9144cc880406 at term 1 for becomeLeader, leader elected after 1313ms
2019-06-12 13:16:28,541 INFO  server.RaftServerConfigKeys (ConfUtils.java:logGet(43)) - raft.server.staging.catchup.gap = 1000 (default)
2019-06-12 13:16:28,542 INFO  server.RaftServerConfigKeys (ConfUtils.java:logGet(43)) - raft.server.rpc.sleep.time = 25ms (default)
2019-06-12 13:16:28,544 INFO  server.RaftServerConfigKeys (ConfUtils.java:logGet(43)) - raft.server.watch.timeout = 10s (default)
2019-06-12 13:16:28,544 INFO  server.RaftServerConfigKeys (ConfUtils.java:logGet(43)) - raft.server.watch.timeout.denomination = 1s (default)
2019-06-12 13:16:28,549 INFO  impl.RoleInfo (RoleInfo.java:updateAndGet(143)) - 0696c34a-ab84-4b32-9fcb-9144cc880406: start LeaderState
2019-06-12 13:16:28,561 INFO  storage.RaftLogWorker (RaftLogWorker.java:startLogSegment(298)) - 0696c34a-ab84-4b32-9fcb-9144cc880406-RaftLogWorker: Starting segment from index:0
2019-06-12 13:16:28,570 INFO  impl.RaftServerImpl (ServerState.java:setRaftConf(361)) - 0696c34a-ab84-4b32-9fcb-9144cc880406:group-A5F0A033D1FF set configuration 0: [0696c34a-ab84-4b32-9fcb-9144cc880406:192.168.11.194:42029], old=null at 0
2019-06-12 13:16:28,606 INFO  impl.FollowerState (FollowerState.java:run(101)) - 0696c34a-ab84-4b32-9fcb-9144cc880406:group-55125DD30FC9 changes to CANDIDATE, lastRpcTime:1009, electionTimeout:1009ms
2019-06-12 13:16:28,608 INFO  impl.RoleInfo (RoleInfo.java:shutdownFollowerState(121)) - 0696c34a-ab84-4b32-9fcb-9144cc880406: shutdown FollowerState
2019-06-12 13:16:28,608 INFO  impl.RaftServerImpl (RaftServerImpl.java:setRole(164)) - 0696c34a-ab84-4b32-9fcb-9144cc880406:group-55125DD30FC9 changes role from FOLLOWER to CANDIDATE at term 0 for changeToCandidate
2019-06-12 13:16:28,608 INFO  impl.RoleInfo (RoleInfo.java:updateAndGet(143)) - 0696c34a-ab84-4b32-9fcb-9144cc880406: start LeaderElection
2019-06-12 13:16:28,613 INFO  impl.LeaderElection (LeaderElection.java:askForVotes(181)) - 0696c34a-ab84-4b32-9fcb-9144cc880406:group-55125DD30FC9:LeaderElection2: begin an election at term 1 for -1: [0696c34a-ab84-4b32-9fcb-9144cc880406:192.168.11.194:42029, 797f02a7-e6e5-4b32-8881-38345c8bdc76:192.168.11.194:44941, 8fb0f365-c36f-4636-acd7-d0b3f2c064f5:192.168.11.194:42525], old=null
2019-06-12 13:16:28,640 INFO  impl.RaftServerImpl (RaftServerImpl.java:setRole(164)) - 797f02a7-e6e5-4b32-8881-38345c8bdc76:group-55125DD30FC9 changes role from FOLLOWER to FOLLOWER at term 1 for recognizeCandidate:0696c34a-ab84-4b32-9fcb-9144cc880406
2019-06-12 13:16:28,640 INFO  impl.RoleInfo (RoleInfo.java:shutdownFollowerState(121)) - 797f02a7-e6e5-4b32-8881-38345c8bdc76: shutdown FollowerState
2019-06-12 13:16:28,640 INFO  impl.RaftServerImpl (RaftServerImpl.java:setRole(164)) - 8fb0f365-c36f-4636-acd7-d0b3f2c064f5:group-55125DD30FC9 changes role from FOLLOWER to FOLLOWER at term 1 for recognizeCandidate:0696c34a-ab84-4b32-9fcb-9144cc880406
2019-06-12 13:16:28,640 INFO  impl.FollowerState (FollowerState.java:run(109)) - 797f02a7-e6e5-4b32-8881-38345c8bdc76: FollowerState was interrupted: java.lang.InterruptedException: sleep interrupted
2019-06-12 13:16:28,640 INFO  impl.RoleInfo (RoleInfo.java:updateAndGet(143)) - 797f02a7-e6e5-4b32-8881-38345c8bdc76: start FollowerState
2019-06-12 13:16:28,640 INFO  impl.RoleInfo (RoleInfo.java:shutdownFollowerState(121)) - 8fb0f365-c36f-4636-acd7-d0b3f2c064f5: shutdown FollowerState
2019-06-12 13:16:28,643 INFO  impl.RoleInfo (RoleInfo.java:updateAndGet(143)) - 8fb0f365-c36f-4636-acd7-d0b3f2c064f5: start FollowerState
2019-06-12 13:16:28,643 INFO  impl.FollowerState (FollowerState.java:run(109)) - 8fb0f365-c36f-4636-acd7-d0b3f2c064f5: FollowerState was interrupted: java.lang.InterruptedException: sleep interrupted
2019-06-12 13:16:28,649 INFO  impl.FollowerState (FollowerState.java:run(101)) - 797f02a7-e6e5-4b32-8881-38345c8bdc76:group-F3F9E7D23CE2 changes to CANDIDATE, lastRpcTime:1190, electionTimeout:1189ms
2019-06-12 13:16:28,649 INFO  impl.RoleInfo (RoleInfo.java:shutdownFollowerState(121)) - 797f02a7-e6e5-4b32-8881-38345c8bdc76: shutdown FollowerState
2019-06-12 13:16:28,649 INFO  impl.RaftServerImpl (RaftServerImpl.java:setRole(164)) - 797f02a7-e6e5-4b32-8881-38345c8bdc76:group-F3F9E7D23CE2 changes role from FOLLOWER to CANDIDATE at term 0 for changeToCandidate
2019-06-12 13:16:28,650 INFO  impl.RoleInfo (RoleInfo.java:updateAndGet(143)) - 797f02a7-e6e5-4b32-8881-38345c8bdc76: start LeaderElection
2019-06-12 13:16:28,653 INFO  impl.LeaderElection (LeaderElection.java:logAndReturn(56)) - 0696c34a-ab84-4b32-9fcb-9144cc880406:group-55125DD30FC9:LeaderElection2: Election PASSED; received 1 response(s) [0696c34a-ab84-4b32-9fcb-9144cc880406->8fb0f365-c36f-4636-acd7-d0b3f2c064f5,true-t1] and 0 exception(s); 0696c34a-ab84-4b32-9fcb-9144cc880406:t1, leader=null, voted=0696c34a-ab84-4b32-9fcb-9144cc880406, raftlog=0696c34a-ab84-4b32-9fcb-9144cc880406-SegmentedRaftLog:OPENED:c-1,f-1,i0, conf=-1: [0696c34a-ab84-4b32-9fcb-9144cc880406:192.168.11.194:42029, 797f02a7-e6e5-4b32-8881-38345c8bdc76:192.168.11.194:44941, 8fb0f365-c36f-4636-acd7-d0b3f2c064f5:192.168.11.194:42525], old=null
2019-06-12 13:16:28,653 INFO  impl.RoleInfo (RoleInfo.java:shutdownLeaderElection(134)) - 0696c34a-ab84-4b32-9fcb-9144cc880406: shutdown LeaderElection
2019-06-12 13:16:28,653 INFO  impl.RaftServerImpl (RaftServerImpl.java:setRole(164)) - 0696c34a-ab84-4b32-9fcb-9144cc880406:group-55125DD30FC9 changes role from CANDIDATE to LEADER at term 1 for changeToLeader
2019-06-12 13:16:28,654 INFO  impl.RaftServerImpl (ServerState.java:setLeader(263)) - 0696c34a-ab84-4b32-9fcb-9144cc880406:group-55125DD30FC9 change Leader from null to 0696c34a-ab84-4b32-9fcb-9144cc880406 at term 1 for becomeLeader, leader elected after 1063ms
2019-06-12 13:16:28,654 INFO  server.RaftServerConfigKeys (ConfUtils.java:logGet(43)) - raft.server.staging.catchup.gap = 1000 (default)
2019-06-12 13:16:28,654 INFO  server.RaftServerConfigKeys (ConfUtils.java:logGet(43)) - raft.server.rpc.sleep.time = 25ms (default)
2019-06-12 13:16:28,654 INFO  server.RaftServerConfigKeys (ConfUtils.java:logGet(43)) - raft.server.watch.timeout = 10s (default)
2019-06-12 13:16:28,654 INFO  server.RaftServerConfigKeys (ConfUtils.java:logGet(43)) - raft.server.watch.timeout.denomination = 1s (default)
2019-06-12 13:16:28,660 INFO  server.RaftServerConfigKeys (ConfUtils.java:logGet(43)) - raft.server.log.appender.snapshot.chunk.size.max = 16MB (=16777216) (default)
2019-06-12 13:16:28,660 INFO  server.RaftServerConfigKeys (ConfUtils.java:logGet(43)) - raft.server.log.appender.buffer.byte-limit = 33554432 (custom)
2019-06-12 13:16:28,660 INFO  impl.LeaderElection (LeaderElection.java:askForVotes(181)) - 797f02a7-e6e5-4b32-8881-38345c8bdc76:group-F3F9E7D23CE2:LeaderElection3: begin an election at term 1 for -1: [797f02a7-e6e5-4b32-8881-38345c8bdc76:192.168.11.194:44941], old=null
2019-06-12 13:16:28,662 INFO  server.RaftServerConfigKeys (ConfUtils.java:logGet(43)) - raft.server.log.appender.buffer.element-limit = 1 (custom)
2019-06-12 13:16:28,665 INFO  grpc.GrpcConfigKeys$Server (ConfUtils.java:logGet(43)) - raft.grpc.server.leader.outstanding.appends.max = 128 (default)
2019-06-12 13:16:28,665 INFO  server.RaftServerConfigKeys (ConfUtils.java:logGet(43)) - raft.server.rpc.request.timeout = 3000ms (default)
2019-06-12 13:16:28,665 INFO  server.RaftServerConfigKeys (ConfUtils.java:logGet(43)) - raft.server.log.appender.install.snapshot.enabled = true (default)
2019-06-12 13:16:28,665 INFO  server.RaftServerConfigKeys (ConfUtils.java:logGet(43)) - raft.server.log.appender.snapshot.chunk.size.max = 16MB (=16777216) (default)
2019-06-12 13:16:28,665 INFO  server.RaftServerConfigKeys (ConfUtils.java:logGet(43)) - raft.server.log.appender.buffer.byte-limit = 33554432 (custom)
2019-06-12 13:16:28,665 INFO  server.RaftServerConfigKeys (ConfUtils.java:logGet(43)) - raft.server.log.appender.buffer.element-limit = 1 (custom)
2019-06-12 13:16:28,665 INFO  grpc.GrpcConfigKeys$Server (ConfUtils.java:logGet(43)) - raft.grpc.server.leader.outstanding.appends.max = 128 (default)
2019-06-12 13:16:28,666 INFO  server.RaftServerConfigKeys (ConfUtils.java:logGet(43)) - raft.server.rpc.request.timeout = 3000ms (default)
2019-06-12 13:16:28,666 INFO  server.RaftServerConfigKeys (ConfUtils.java:logGet(43)) - raft.server.log.appender.install.snapshot.enabled = true (default)
2019-06-12 13:16:28,666 INFO  impl.RoleInfo (RoleInfo.java:updateAndGet(143)) - 0696c34a-ab84-4b32-9fcb-9144cc880406: start LeaderState
2019-06-12 13:16:28,666 INFO  storage.RaftLogWorker (RaftLogWorker.java:startLogSegment(298)) - 0696c34a-ab84-4b32-9fcb-9144cc880406-RaftLogWorker: Starting segment from index:0
2019-06-12 13:16:28,666 INFO  impl.RoleInfo (RoleInfo.java:shutdownLeaderElection(134)) - 797f02a7-e6e5-4b32-8881-38345c8bdc76: shutdown LeaderElection
2019-06-12 13:16:28,667 INFO  impl.RaftServerImpl (RaftServerImpl.java:setRole(164)) - 797f02a7-e6e5-4b32-8881-38345c8bdc76:group-F3F9E7D23CE2 changes role from CANDIDATE to LEADER at term 1 for changeToLeader
2019-06-12 13:16:28,667 INFO  impl.RaftServerImpl (ServerState.java:setLeader(263)) - 797f02a7-e6e5-4b32-8881-38345c8bdc76:group-F3F9E7D23CE2 change Leader from null to 797f02a7-e6e5-4b32-8881-38345c8bdc76 at term 1 for becomeLeader, leader elected after 1211ms
2019-06-12 13:16:28,668 INFO  server.RaftServerConfigKeys (ConfUtils.java:logGet(43)) - raft.server.staging.catchup.gap = 1000 (default)
2019-06-12 13:16:28,668 INFO  server.RaftServerConfigKeys (ConfUtils.java:logGet(43)) - raft.server.rpc.sleep.time = 25ms (default)
2019-06-12 13:16:28,668 INFO  impl.RaftServerImpl (ServerState.java:setRaftConf(361)) - 0696c34a-ab84-4b32-9fcb-9144cc880406:group-55125DD30FC9 set configuration 0: [0696c34a-ab84-4b32-9fcb-9144cc880406:192.168.11.194:42029, 797f02a7-e6e5-4b32-8881-38345c8bdc76:192.168.11.194:44941, 8fb0f365-c36f-4636-acd7-d0b3f2c064f5:192.168.11.194:42525], old=null at 0
2019-06-12 13:16:28,668 INFO  server.RaftServerConfigKeys (ConfUtils.java:logGet(43)) - raft.server.watch.timeout = 10s (default)
2019-06-12 13:16:28,671 INFO  impl.FollowerState (FollowerState.java:run(101)) - 8fb0f365-c36f-4636-acd7-d0b3f2c064f5:group-E87F16885591 changes to CANDIDATE, lastRpcTime:1149, electionTimeout:1148ms
2019-06-12 13:16:28,673 INFO  server.RaftServerConfigKeys (ConfUtils.java:logGet(43)) - raft.server.watch.timeout.denomination = 1s (default)
2019-06-12 13:16:28,673 INFO  impl.RoleInfo (RoleInfo.java:shutdownFollowerState(121)) - 8fb0f365-c36f-4636-acd7-d0b3f2c064f5: shutdown FollowerState
2019-06-12 13:16:28,673 INFO  impl.RaftServerImpl (RaftServerImpl.java:setRole(164)) - 8fb0f365-c36f-4636-acd7-d0b3f2c064f5:group-E87F16885591 changes role from FOLLOWER to CANDIDATE at term 0 for changeToCandidate
2019-06-12 13:16:28,673 INFO  impl.RoleInfo (RoleInfo.java:updateAndGet(143)) - 8fb0f365-c36f-4636-acd7-d0b3f2c064f5: start LeaderElection
2019-06-12 13:16:28,674 INFO  impl.FollowerState (FollowerState.java:run(101)) - 3f1fccf5-940f-46da-8bab-c7fc7f6e454d:group-5759425D0C6B changes to CANDIDATE, lastRpcTime:1039, electionTimeout:1039ms
2019-06-12 13:16:28,674 INFO  impl.RoleInfo (RoleInfo.java:shutdownFollowerState(121)) - 3f1fccf5-940f-46da-8bab-c7fc7f6e454d: shutdown FollowerState
2019-06-12 13:16:28,674 INFO  impl.RaftServerImpl (RaftServerImpl.java:setRole(164)) - 3f1fccf5-940f-46da-8bab-c7fc7f6e454d:group-5759425D0C6B changes role from FOLLOWER to CANDIDATE at term 0 for changeToCandidate
2019-06-12 13:16:28,674 INFO  impl.RoleInfo (RoleInfo.java:updateAndGet(143)) - 3f1fccf5-940f-46da-8bab-c7fc7f6e454d: start LeaderElection
2019-06-12 13:16:28,679 INFO  impl.RoleInfo (RoleInfo.java:updateAndGet(143)) - 797f02a7-e6e5-4b32-8881-38345c8bdc76: start LeaderState
2019-06-12 13:16:28,679 INFO  storage.RaftLogWorker (RaftLogWorker.java:startLogSegment(298)) - 797f02a7-e6e5-4b32-8881-38345c8bdc76-RaftLogWorker: Starting segment from index:0
2019-06-12 13:16:28,683 INFO  impl.RaftServerImpl (ServerState.java:setRaftConf(361)) - 797f02a7-e6e5-4b32-8881-38345c8bdc76:group-F3F9E7D23CE2 set configuration 0: [797f02a7-e6e5-4b32-8881-38345c8bdc76:192.168.11.194:44941], old=null at 0
2019-06-12 13:16:28,693 INFO  impl.RaftServerImpl (ServerState.java:setLeader(263)) - 797f02a7-e6e5-4b32-8881-38345c8bdc76:group-55125DD30FC9 change Leader from null to 0696c34a-ab84-4b32-9fcb-9144cc880406 at term 1 for appendEntries, leader elected after 1112ms
2019-06-12 13:16:28,693 INFO  impl.RaftServerImpl (ServerState.java:setLeader(263)) - 8fb0f365-c36f-4636-acd7-d0b3f2c064f5:group-55125DD30FC9 change Leader from null to 0696c34a-ab84-4b32-9fcb-9144cc880406 at term 1 for appendEntries, leader elected after 1103ms
2019-06-12 13:16:28,694 INFO  impl.LeaderElection (LeaderElection.java:askForVotes(181)) - 3f1fccf5-940f-46da-8bab-c7fc7f6e454d:group-5759425D0C6B:LeaderElection5: begin an election at term 1 for -1: [3f1fccf5-940f-46da-8bab-c7fc7f6e454d:192.168.11.194:45833], old=null
2019-06-12 13:16:28,694 INFO  impl.RoleInfo (RoleInfo.java:shutdownLeaderElection(134)) - 3f1fccf5-940f-46da-8bab-c7fc7f6e454d: shutdown LeaderElection
2019-06-12 13:16:28,694 INFO  impl.RaftServerImpl (RaftServerImpl.java:setRole(164)) - 3f1fccf5-940f-46da-8bab-c7fc7f6e454d:group-5759425D0C6B changes role from CANDIDATE to LEADER at term 1 for changeToLeader
2019-06-12 13:16:28,694 INFO  impl.RaftServerImpl (ServerState.java:setLeader(263)) - 3f1fccf5-940f-46da-8bab-c7fc7f6e454d:group-5759425D0C6B change Leader from null to 3f1fccf5-940f-46da-8bab-c7fc7f6e454d at term 1 for becomeLeader, leader elected after 1061ms
2019-06-12 13:16:28,696 INFO  server.RaftServerConfigKeys (ConfUtils.java:logGet(43)) - raft.server.staging.catchup.gap = 1000 (default)
2019-06-12 13:16:28,696 INFO  server.RaftServerConfigKeys (ConfUtils.java:logGet(43)) - raft.server.rpc.sleep.time = 25ms (default)
2019-06-12 13:16:28,696 INFO  server.RaftServerConfigKeys (ConfUtils.java:logGet(43)) - raft.server.watch.timeout = 10s (default)
2019-06-12 13:16:28,696 INFO  server.RaftServerConfigKeys (ConfUtils.java:logGet(43)) - raft.server.watch.timeout.denomination = 1s (default)
2019-06-12 13:16:28,696 INFO  impl.RoleInfo (RoleInfo.java:updateAndGet(143)) - 3f1fccf5-940f-46da-8bab-c7fc7f6e454d: start LeaderState
2019-06-12 13:16:28,696 INFO  storage.RaftLogWorker (RaftLogWorker.java:startLogSegment(298)) - 3f1fccf5-940f-46da-8bab-c7fc7f6e454d-RaftLogWorker: Starting segment from index:0
2019-06-12 13:16:28,697 INFO  impl.RaftServerImpl (ServerState.java:setRaftConf(361)) - 3f1fccf5-940f-46da-8bab-c7fc7f6e454d:group-5759425D0C6B set configuration 0: [3f1fccf5-940f-46da-8bab-c7fc7f6e454d:192.168.11.194:45833], old=null at 0
2019-06-12 13:16:28,698 INFO  impl.LeaderElection (LeaderElection.java:askForVotes(181)) - 8fb0f365-c36f-4636-acd7-d0b3f2c064f5:group-E87F16885591:LeaderElection4: begin an election at term 1 for -1: [8fb0f365-c36f-4636-acd7-d0b3f2c064f5:192.168.11.194:42525], old=null
2019-06-12 13:16:28,698 INFO  impl.RoleInfo (RoleInfo.java:shutdownLeaderElection(134)) - 8fb0f365-c36f-4636-acd7-d0b3f2c064f5: shutdown LeaderElection
2019-06-12 13:16:28,698 INFO  impl.RaftServerImpl (RaftServerImpl.java:setRole(164)) - 8fb0f365-c36f-4636-acd7-d0b3f2c064f5:group-E87F16885591 changes role from CANDIDATE to LEADER at term 1 for changeToLeader
2019-06-12 13:16:28,698 INFO  impl.RaftServerImpl (ServerState.java:setLeader(263)) - 8fb0f365-c36f-4636-acd7-d0b3f2c064f5:group-E87F16885591 change Leader from null to 8fb0f365-c36f-4636-acd7-d0b3f2c064f5 at term 1 for becomeLeader, leader elected after 1179ms
2019-06-12 13:16:28,699 INFO  server.RaftServerConfigKeys (ConfUtils.java:logGet(43)) - raft.server.staging.catchup.gap = 1000 (default)
2019-06-12 13:16:28,699 INFO  server.RaftServerConfigKeys (ConfUtils.java:logGet(43)) - raft.server.rpc.sleep.time = 25ms (default)
2019-06-12 13:16:28,703 INFO  server.RaftServerConfigKeys (ConfUtils.java:logGet(43)) - raft.server.watch.timeout = 10s (default)
2019-06-12 13:16:28,704 INFO  server.RaftServerConfigKeys (ConfUtils.java:logGet(43)) - raft.server.watch.timeout.denomination = 1s (default)
2019-06-12 13:16:28,704 INFO  impl.RoleInfo (RoleInfo.java:updateAndGet(143)) - 8fb0f365-c36f-4636-acd7-d0b3f2c064f5: start LeaderState
2019-06-12 13:16:28,704 INFO  storage.RaftLogWorker (RaftLogWorker.java:startLogSegment(298)) - 8fb0f365-c36f-4636-acd7-d0b3f2c064f5-RaftLogWorker: Starting segment from index:0
2019-06-12 13:16:28,711 INFO  impl.RaftServerImpl (ServerState.java:setRaftConf(361)) - 8fb0f365-c36f-4636-acd7-d0b3f2c064f5:group-E87F16885591 set configuration 0: [8fb0f365-c36f-4636-acd7-d0b3f2c064f5:192.168.11.194:42525], old=null at 0
2019-06-12 13:16:28,717 INFO  impl.RaftServerImpl (ServerState.java:setRaftConf(361)) - 797f02a7-e6e5-4b32-8881-38345c8bdc76:group-55125DD30FC9 set configuration 0: [0696c34a-ab84-4b32-9fcb-9144cc880406:192.168.11.194:42029, 797f02a7-e6e5-4b32-8881-38345c8bdc76:192.168.11.194:44941, 8fb0f365-c36f-4636-acd7-d0b3f2c064f5:192.168.11.194:42525], old=null at 0
2019-06-12 13:16:28,717 INFO  impl.RaftServerImpl (ServerState.java:setRaftConf(361)) - 8fb0f365-c36f-4636-acd7-d0b3f2c064f5:group-55125DD30FC9 set configuration 0: [0696c34a-ab84-4b32-9fcb-9144cc880406:192.168.11.194:42029, 797f02a7-e6e5-4b32-8881-38345c8bdc76:192.168.11.194:44941, 8fb0f365-c36f-4636-acd7-d0b3f2c064f5:192.168.11.194:42525], old=null at 0
2019-06-12 13:16:28,718 INFO  storage.RaftLogWorker (RaftLogWorker.java:startLogSegment(298)) - 797f02a7-e6e5-4b32-8881-38345c8bdc76-RaftLogWorker: Starting segment from index:0
2019-06-12 13:16:28,718 INFO  storage.RaftLogWorker (RaftLogWorker.java:startLogSegment(298)) - 8fb0f365-c36f-4636-acd7-d0b3f2c064f5-RaftLogWorker: Starting segment from index:0
2019-06-12 13:16:28,787 INFO  storage.RaftLogWorker (RaftLogWorker.java:execute(469)) - 8fb0f365-c36f-4636-acd7-d0b3f2c064f5-RaftLogWorker: created new log segment /opt/src/hadoop-ozone/integration-test/target/test-dir/MiniOzoneClusterImpl-a378a772-0d4b-4c9d-88b4-e4db46cabce6/datanode-2/data/ratis/f5eb8c22-91df-4c47-b82c-55125dd30fc9/current/log_inprogress_0
2019-06-12 13:16:28,801 INFO  storage.RaftLogWorker (RaftLogWorker.java:execute(469)) - 797f02a7-e6e5-4b32-8881-38345c8bdc76-RaftLogWorker: created new log segment /opt/src/hadoop-ozone/integration-test/target/test-dir/MiniOzoneClusterImpl-a378a772-0d4b-4c9d-88b4-e4db46cabce6/datanode-1/data/ratis/a32aa4b4-d558-496d-90eb-f3f9e7d23ce2/current/log_inprogress_0
2019-06-12 13:16:28,809 INFO  storage.RaftLogWorker (RaftLogWorker.java:execute(469)) - 8fb0f365-c36f-4636-acd7-d0b3f2c064f5-RaftLogWorker: created new log segment /opt/src/hadoop-ozone/integration-test/target/test-dir/MiniOzoneClusterImpl-a378a772-0d4b-4c9d-88b4-e4db46cabce6/datanode-2/data/ratis/9e82ebe9-512b-45ac-a173-e87f16885591/current/log_inprogress_0
2019-06-12 13:16:28,811 INFO  storage.RaftLogWorker (RaftLogWorker.java:execute(469)) - 0696c34a-ab84-4b32-9fcb-9144cc880406-RaftLogWorker: created new log segment /opt/src/hadoop-ozone/integration-test/target/test-dir/MiniOzoneClusterImpl-a378a772-0d4b-4c9d-88b4-e4db46cabce6/datanode-0/data/ratis/f5eb8c22-91df-4c47-b82c-55125dd30fc9/current/log_inprogress_0
2019-06-12 13:16:28,813 INFO  storage.RaftLogWorker (RaftLogWorker.java:execute(469)) - 3f1fccf5-940f-46da-8bab-c7fc7f6e454d-RaftLogWorker: created new log segment /opt/src/hadoop-ozone/integration-test/target/test-dir/MiniOzoneClusterImpl-a378a772-0d4b-4c9d-88b4-e4db46cabce6/datanode-3/data/ratis/517526fc-2c93-465f-9219-5759425d0c6b/current/log_inprogress_0
2019-06-12 13:16:28,814 INFO  storage.RaftLogWorker (RaftLogWorker.java:execute(469)) - 797f02a7-e6e5-4b32-8881-38345c8bdc76-RaftLogWorker: created new log segment /opt/src/hadoop-ozone/integration-test/target/test-dir/MiniOzoneClusterImpl-a378a772-0d4b-4c9d-88b4-e4db46cabce6/datanode-1/data/ratis/f5eb8c22-91df-4c47-b82c-55125dd30fc9/current/log_inprogress_0
2019-06-12 13:16:28,826 INFO  storage.RaftLogWorker (RaftLogWorker.java:execute(469)) - 0696c34a-ab84-4b32-9fcb-9144cc880406-RaftLogWorker: created new log segment /opt/src/hadoop-ozone/integration-test/target/test-dir/MiniOzoneClusterImpl-a378a772-0d4b-4c9d-88b4-e4db46cabce6/datanode-0/data/ratis/b74c340e-588e-4d85-be78-a5f0a033d1ff/current/log_inprogress_0
2019-06-12 13:16:28,912 INFO  ozone.MiniOzoneClusterImpl (MiniOzoneClusterImpl.java:lambda$waitForClusterToBeReady$0(142)) - Cluster is ready. Got 6 of 6 DN Heartbeats.
]]></system-out>
    <system-err><![CDATA[ERROR StatusLogger No Log4j 2 configuration file found. Using default configuration (logging only errors to the console), or user programmatically provided configurations. Set system property 'log4j2.debug' to show Log4j 2 internal initialization logging. See https://logging.apache.org/log4j/2.x/manual/configuration.html for instructions on how to configure Log4j 2
Jun 12, 2019 1:16:22 PM com.sun.jersey.server.impl.application.WebApplicationImpl _initiate
INFO: Initiating Jersey application, version 'Jersey: 1.19 02/11/2015 03:25 AM'
Jun 12, 2019 1:16:22 PM com.sun.jersey.server.impl.application.WebApplicationImpl _initiate
INFO: Initiating Jersey application, version 'Jersey: 1.19 02/11/2015 03:25 AM'
Jun 12, 2019 1:16:23 PM com.sun.jersey.server.impl.application.WebApplicationImpl _initiate
INFO: Initiating Jersey application, version 'Jersey: 1.19 02/11/2015 03:25 AM'
Jun 12, 2019 1:16:23 PM com.sun.jersey.server.impl.application.WebApplicationImpl _initiate
INFO: Initiating Jersey application, version 'Jersey: 1.19 02/11/2015 03:25 AM'
Jun 12, 2019 1:16:23 PM com.sun.jersey.server.impl.application.WebApplicationImpl _initiate
INFO: Initiating Jersey application, version 'Jersey: 1.19 02/11/2015 03:25 AM'
Jun 12, 2019 1:16:23 PM com.sun.jersey.server.impl.application.WebApplicationImpl _initiate
INFO: Initiating Jersey application, version 'Jersey: 1.19 02/11/2015 03:25 AM'
]]></system-err>
  </testcase>
</testsuite>