<?xml version="1.0" encoding="UTF-8"?>
<testsuite xmlns:xsi="http://www.w3.org/2001/XMLSchema-instance" xsi:noNamespaceSchemaLocation="https://maven.apache.org/surefire/maven-surefire-plugin/xsd/surefire-test-report.xsd" name="org.apache.hadoop.ozone.TestStorageContainerManager" time="38.435" tests="8" errors="2" skipped="0" failures="1">
  <properties>
    <property name="awt.toolkit" value="sun.awt.X11.XToolkit"/>
    <property name="file.encoding.pkg" value="sun.io"/>
    <property name="java.specification.version" value="1.8"/>
    <property name="sun.cpu.isalist" value=""/>
    <property name="sun.jnu.encoding" value="UTF-8"/>
    <property name="java.class.path" value="/opt/src/hadoop-ozone/integration-test/target/test-classes:/opt/src/hadoop-ozone/integration-test/target/classes:/root/.m2/repository/org/apache/hadoop/hadoop-ozone-common/0.5.0-SNAPSHOT/hadoop-ozone-common-0.5.0-SNAPSHOT.jar:/root/.m2/repository/org/apache/commons/commons-compress/1.4.1/commons-compress-1.4.1.jar:/root/.m2/repository/org/tukaani/xz/1.0/xz-1.0.jar:/root/.m2/repository/org/apache/hadoop/hadoop-common/3.2.0/hadoop-common-3.2.0.jar:/root/.m2/repository/org/apache/hadoop/hadoop-hdfs/3.2.0/hadoop-hdfs-3.2.0.jar:/root/.m2/repository/org/apache/hadoop/hadoop-hdfs-client/3.2.0/hadoop-hdfs-client-3.2.0.jar:/root/.m2/repository/com/fasterxml/jackson/core/jackson-annotations/2.9.5/jackson-annotations-2.9.5.jar:/root/.m2/repository/org/apache/hadoop/hadoop-hdds-common/0.5.0-SNAPSHOT/hadoop-hdds-common-0.5.0-SNAPSHOT.jar:/root/.m2/repository/javax/annotation/javax.annotation-api/1.2/javax.annotation-api-1.2.jar:/root/.m2/repository/org/apache/ratis/ratis-server/0.4.0-fe2b15d-SNAPSHOT/ratis-server-0.4.0-fe2b15d-SNAPSHOT.jar:/root/.m2/repository/org/apache/ratis/ratis-thirdparty-misc/0.2.0/ratis-thirdparty-misc-0.2.0.jar:/root/.m2/repository/org/apache/ratis/ratis-proto/0.4.0-fe2b15d-SNAPSHOT/ratis-proto-0.4.0-fe2b15d-SNAPSHOT.jar:/root/.m2/repository/org/apache/ratis/ratis-common/0.4.0-fe2b15d-SNAPSHOT/ratis-common-0.4.0-fe2b15d-SNAPSHOT.jar:/root/.m2/repository/org/apache/ratis/ratis-client/0.4.0-fe2b15d-SNAPSHOT/ratis-client-0.4.0-fe2b15d-SNAPSHOT.jar:/root/.m2/repository/org/apache/ratis/ratis-netty/0.4.0-fe2b15d-SNAPSHOT/ratis-netty-0.4.0-fe2b15d-SNAPSHOT.jar:/root/.m2/repository/org/apache/ratis/ratis-grpc/0.4.0-fe2b15d-SNAPSHOT/ratis-grpc-0.4.0-fe2b15d-SNAPSHOT.jar:/root/.m2/repository/org/rocksdb/rocksdbjni/5.14.2/rocksdbjni-5.14.2.jar:/root/.m2/repository/org/apache/logging/log4j/log4j-api/2.11.0/log4j-api-2.11.0.jar:/root/.m2/repository/org/apache/logging/log4j/log4j-core/2.11.0/log4j-core-2.11.0.jar:/root/.m2/repository/com/lmax/disruptor/3.4.2/disruptor-3.4.2.jar:/root/.m2/repository/org/apache/commons/commons-pool2/2.6.0/commons-pool2-2.6.0.jar:/root/.m2/repository/org/bouncycastle/bcpkix-jdk15on/1.60/bcpkix-jdk15on-1.60.jar:/root/.m2/repository/commons-validator/commons-validator/1.6/commons-validator-1.6.jar:/root/.m2/repository/commons-digester/commons-digester/1.8.1/commons-digester-1.8.1.jar:/root/.m2/repository/io/jaegertracing/jaeger-client/0.33.1/jaeger-client-0.33.1.jar:/root/.m2/repository/io/jaegertracing/jaeger-thrift/0.33.1/jaeger-thrift-0.33.1.jar:/root/.m2/repository/org/apache/thrift/libthrift/0.11.0/libthrift-0.11.0.jar:/root/.m2/repository/com/squareup/okhttp3/okhttp/3.9.0/okhttp-3.9.0.jar:/root/.m2/repository/com/squareup/okio/okio/1.13.0/okio-1.13.0.jar:/root/.m2/repository/io/jaegertracing/jaeger-core/0.33.1/jaeger-core-0.33.1.jar:/root/.m2/repository/io/jaegertracing/jaeger-tracerresolver/0.33.1/jaeger-tracerresolver-0.33.1.jar:/root/.m2/repository/io/opentracing/contrib/opentracing-tracerresolver/0.1.5/opentracing-tracerresolver-0.1.5.jar:/root/.m2/repository/io/opentracing/opentracing-util/0.31.0/opentracing-util-0.31.0.jar:/root/.m2/repository/io/opentracing/opentracing-api/0.31.0/opentracing-api-0.31.0.jar:/root/.m2/repository/io/opentracing/opentracing-noop/0.31.0/opentracing-noop-0.31.0.jar:/root/.m2/repository/org/apache/hadoop/hadoop-hdds-server-framework/0.5.0-SNAPSHOT/hadoop-hdds-server-framework-0.5.0-SNAPSHOT.jar:/root/.m2/repository/org/apache/hadoop/hadoop-hdds-server-scm/0.5.0-SNAPSHOT/hadoop-hdds-server-scm-0.5.0-SNAPSHOT.jar:/root/.m2/repository/org/apache/hadoop/hadoop-hdds-container-service/0.5.0-SNAPSHOT/hadoop-hdds-container-service-0.5.0-SNAPSHOT.jar:/root/.m2/repository/org/apache/hadoop/hadoop-hdds-client/0.5.0-SNAPSHOT/hadoop-hdds-client-0.5.0-SNAPSHOT.jar:/root/.m2/repository/org/apache/hadoop/hadoop-hdds-tools/0.5.0-SNAPSHOT/hadoop-hdds-tools-0.5.0-SNAPSHOT.jar:/root/.m2/repository/org/apache/hadoop/hadoop-ozone-ozone-manager/0.5.0-SNAPSHOT/hadoop-ozone-ozone-manager-0.5.0-SNAPSHOT.jar:/root/.m2/repository/org/apache/hadoop/hadoop-hdds-docs/0.5.0-SNAPSHOT/hadoop-hdds-docs-0.5.0-SNAPSHOT.jar:/root/.m2/repository/org/bouncycastle/bcprov-jdk15on/1.60/bcprov-jdk15on-1.60.jar:/root/.m2/repository/org/apache/hadoop/hadoop-minikdc/3.2.0/hadoop-minikdc-3.2.0.jar:/root/.m2/repository/commons-io/commons-io/2.5/commons-io-2.5.jar:/root/.m2/repository/org/apache/kerby/kerb-simplekdc/1.0.1/kerb-simplekdc-1.0.1.jar:/root/.m2/repository/org/apache/kerby/kerb-client/1.0.1/kerb-client-1.0.1.jar:/root/.m2/repository/org/apache/kerby/kerby-config/1.0.1/kerby-config-1.0.1.jar:/root/.m2/repository/org/apache/kerby/kerb-core/1.0.1/kerb-core-1.0.1.jar:/root/.m2/repository/org/apache/kerby/kerby-pkix/1.0.1/kerby-pkix-1.0.1.jar:/root/.m2/repository/org/apache/kerby/kerby-asn1/1.0.1/kerby-asn1-1.0.1.jar:/root/.m2/repository/org/apache/kerby/kerby-util/1.0.1/kerby-util-1.0.1.jar:/root/.m2/repository/org/apache/kerby/kerb-common/1.0.1/kerb-common-1.0.1.jar:/root/.m2/repository/org/apache/kerby/kerb-crypto/1.0.1/kerb-crypto-1.0.1.jar:/root/.m2/repository/org/apache/kerby/kerb-util/1.0.1/kerb-util-1.0.1.jar:/root/.m2/repository/org/apache/kerby/token-provider/1.0.1/token-provider-1.0.1.jar:/root/.m2/repository/org/apache/kerby/kerb-admin/1.0.1/kerb-admin-1.0.1.jar:/root/.m2/repository/org/apache/kerby/kerb-server/1.0.1/kerb-server-1.0.1.jar:/root/.m2/repository/org/apache/kerby/kerb-identity/1.0.1/kerb-identity-1.0.1.jar:/root/.m2/repository/org/apache/kerby/kerby-xdr/1.0.1/kerby-xdr-1.0.1.jar:/root/.m2/repository/org/slf4j/slf4j-log4j12/1.7.25/slf4j-log4j12-1.7.25.jar:/root/.m2/repository/org/apache/hadoop/hadoop-ozone-objectstore-service/0.5.0-SNAPSHOT/hadoop-ozone-objectstore-service-0.5.0-SNAPSHOT.jar:/root/.m2/repository/org/apache/hadoop/hadoop-ozone-s3gateway/0.5.0-SNAPSHOT/hadoop-ozone-s3gateway-0.5.0-SNAPSHOT.jar:/root/.m2/repository/org/jboss/weld/servlet/weld-servlet/2.4.7.Final/weld-servlet-2.4.7.Final.jar:/root/.m2/repository/org/glassfish/jersey/containers/jersey-container-servlet-core/2.27/jersey-container-servlet-core-2.27.jar:/root/.m2/repository/org/glassfish/hk2/external/javax.inject/2.5.0-b42/javax.inject-2.5.0-b42.jar:/root/.m2/repository/org/glassfish/jersey/core/jersey-common/2.27/jersey-common-2.27.jar:/root/.m2/repository/org/glassfish/hk2/osgi-resource-locator/1.0.1/osgi-resource-locator-1.0.1.jar:/root/.m2/repository/javax/ws/rs/javax.ws.rs-api/2.1/javax.ws.rs-api-2.1.jar:/root/.m2/repository/org/glassfish/jersey/ext/cdi/jersey-cdi1x/2.27/jersey-cdi1x-2.27.jar:/root/.m2/repository/org/glassfish/jersey/inject/jersey-hk2/2.27/jersey-hk2-2.27.jar:/root/.m2/repository/org/glassfish/hk2/hk2-locator/2.5.0-b42/hk2-locator-2.5.0-b42.jar:/root/.m2/repository/org/javassist/javassist/3.22.0-CR2/javassist-3.22.0-CR2.jar:/root/.m2/repository/org/glassfish/hk2/hk2-api/2.5.0/hk2-api-2.5.0.jar:/root/.m2/repository/org/glassfish/hk2/external/jakarta.inject/2.5.0/jakarta.inject-2.5.0.jar:/root/.m2/repository/org/glassfish/hk2/hk2-utils/2.5.0/hk2-utils-2.5.0.jar:/root/.m2/repository/jakarta/annotation/jakarta.annotation-api/1.3.4/jakarta.annotation-api-1.3.4.jar:/root/.m2/repository/org/glassfish/hk2/external/aopalliance-repackaged/2.5.0/aopalliance-repackaged-2.5.0.jar:/root/.m2/repository/com/fasterxml/jackson/dataformat/jackson-dataformat-xml/2.9.0/jackson-dataformat-xml-2.9.0.jar:/root/.m2/repository/com/fasterxml/jackson/core/jackson-core/2.9.5/jackson-core-2.9.5.jar:/root/.m2/repository/com/fasterxml/jackson/module/jackson-module-jaxb-annotations/2.9.5/jackson-module-jaxb-annotations-2.9.5.jar:/root/.m2/repository/javax/enterprise/cdi-api/1.2/cdi-api-1.2.jar:/root/.m2/repository/javax/el/javax.el-api/3.0.0/javax.el-api-3.0.0.jar:/root/.m2/repository/javax/interceptor/javax.interceptor-api/1.2/javax.interceptor-api-1.2.jar:/root/.m2/repository/javax/inject/javax.inject/1/javax.inject-1.jar:/root/.m2/repository/com/sun/xml/bind/jaxb-impl/2.3.0.1/jaxb-impl-2.3.0.1.jar:/root/.m2/repository/com/sun/xml/bind/jaxb-core/2.3.0.1/jaxb-core-2.3.0.1.jar:/root/.m2/repository/javax/xml/bind/jaxb-api/2.3.0/jaxb-api-2.3.0.jar:/root/.m2/repository/javax/activation/activation/1.1.1/activation-1.1.1.jar:/root/.m2/repository/org/apache/hadoop/hadoop-ozone-csi/0.5.0-SNAPSHOT/hadoop-ozone-csi-0.5.0-SNAPSHOT.jar:/root/.m2/repository/com/google/protobuf/protobuf-java-util/3.5.1/protobuf-java-util-3.5.1.jar:/root/.m2/repository/org/apache/hadoop/hadoop-hdds-config/0.5.0-SNAPSHOT/hadoop-hdds-config-0.5.0-SNAPSHOT.jar:/root/.m2/repository/com/google/guava/guava/11.0.2/guava-11.0.2.jar:/root/.m2/repository/com/google/protobuf/protobuf-java/2.5.0/protobuf-java-2.5.0.jar:/root/.m2/repository/io/grpc/grpc-netty/1.17.1/grpc-netty-1.17.1.jar:/root/.m2/repository/io/grpc/grpc-core/1.17.1/grpc-core-1.17.1.jar:/root/.m2/repository/io/grpc/grpc-context/1.17.1/grpc-context-1.17.1.jar:/root/.m2/repository/com/google/errorprone/error_prone_annotations/2.2.0/error_prone_annotations-2.2.0.jar:/root/.m2/repository/org/codehaus/mojo/animal-sniffer-annotations/1.17/animal-sniffer-annotations-1.17.jar:/root/.m2/repository/io/opencensus/opencensus-api/0.17.0/opencensus-api-0.17.0.jar:/root/.m2/repository/io/opencensus/opencensus-contrib-grpc-metrics/0.17.0/opencensus-contrib-grpc-metrics-0.17.0.jar:/root/.m2/repository/io/netty/netty-codec-http2/4.1.30.Final/netty-codec-http2-4.1.30.Final.jar:/root/.m2/repository/io/netty/netty-codec-http/4.1.30.Final/netty-codec-http-4.1.30.Final.jar:/root/.m2/repository/io/netty/netty-codec/4.1.30.Final/netty-codec-4.1.30.Final.jar:/root/.m2/repository/io/netty/netty-handler/4.1.30.Final/netty-handler-4.1.30.Final.jar:/root/.m2/repository/io/netty/netty-handler-proxy/4.1.30.Final/netty-handler-proxy-4.1.30.Final.jar:/root/.m2/repository/io/netty/netty-codec-socks/4.1.30.Final/netty-codec-socks-4.1.30.Final.jar:/root/.m2/repository/io/netty/netty-transport-native-epoll/4.1.30.Final/netty-transport-native-epoll-4.1.30.Final.jar:/root/.m2/repository/io/netty/netty-common/4.1.30.Final/netty-common-4.1.30.Final.jar:/root/.m2/repository/io/netty/netty-buffer/4.1.30.Final/netty-buffer-4.1.30.Final.jar:/root/.m2/repository/io/netty/netty-transport/4.1.30.Final/netty-transport-4.1.30.Final.jar:/root/.m2/repository/io/netty/netty-resolver/4.1.30.Final/netty-resolver-4.1.30.Final.jar:/root/.m2/repository/io/netty/netty-transport-native-unix-common/4.1.30.Final/netty-transport-native-unix-common-4.1.30.Final.jar:/root/.m2/repository/io/grpc/grpc-protobuf/1.17.1/grpc-protobuf-1.17.1.jar:/root/.m2/repository/com/google/api/grpc/proto-google-common-protos/1.0.0/proto-google-common-protos-1.0.0.jar:/root/.m2/repository/io/grpc/grpc-protobuf-lite/1.17.1/grpc-protobuf-lite-1.17.1.jar:/root/.m2/repository/io/grpc/grpc-stub/1.17.1/grpc-stub-1.17.1.jar:/root/.m2/repository/org/apache/hadoop/hadoop-ozone-recon/0.5.0-SNAPSHOT/hadoop-ozone-recon-0.5.0-SNAPSHOT.jar:/root/.m2/repository/org/apache/hadoop/hadoop-ozone-reconcodegen/0.5.0-SNAPSHOT/hadoop-ozone-reconcodegen-0.5.0-SNAPSHOT.jar:/root/.m2/repository/com/google/inject/extensions/guice-multibindings/4.0/guice-multibindings-4.0.jar:/root/.m2/repository/com/google/inject/guice/4.0/guice-4.0.jar:/root/.m2/repository/aopalliance/aopalliance/1.0/aopalliance-1.0.jar:/root/.m2/repository/com/google/inject/extensions/guice-servlet/4.0/guice-servlet-4.0.jar:/root/.m2/repository/org/glassfish/jersey/containers/jersey-container-servlet/2.27/jersey-container-servlet-2.27.jar:/root/.m2/repository/org/glassfish/hk2/guice-bridge/2.5.0/guice-bridge-2.5.0.jar:/root/.m2/repository/org/glassfish/jersey/core/jersey-server/2.27/jersey-server-2.27.jar:/root/.m2/repository/org/glassfish/jersey/core/jersey-client/2.27/jersey-client-2.27.jar:/root/.m2/repository/org/glassfish/jersey/media/jersey-media-jaxb/2.27/jersey-media-jaxb-2.27.jar:/root/.m2/repository/javax/validation/validation-api/1.1.0.Final/validation-api-1.1.0.Final.jar:/root/.m2/repository/org/glassfish/jersey/media/jersey-media-json-jackson/2.27/jersey-media-json-jackson-2.27.jar:/root/.m2/repository/org/glassfish/jersey/ext/jersey-entity-filtering/2.27/jersey-entity-filtering-2.27.jar:/root/.m2/repository/com/google/inject/extensions/guice-assistedinject/4.0/guice-assistedinject-4.0.jar:/root/.m2/repository/org/jooq/jooq/3.11.10/jooq-3.11.10.jar:/root/.m2/repository/org/jooq/jooq-meta/3.11.10/jooq-meta-3.11.10.jar:/root/.m2/repository/org/jooq/jooq-codegen/3.11.10/jooq-codegen-3.11.10.jar:/root/.m2/repository/com/jolbox/bonecp/0.8.0.RELEASE/bonecp-0.8.0.RELEASE.jar:/root/.m2/repository/org/xerial/sqlite-jdbc/3.25.2/sqlite-jdbc-3.25.2.jar:/root/.m2/repository/org/springframework/spring-jdbc/5.1.3.RELEASE/spring-jdbc-5.1.3.RELEASE.jar:/root/.m2/repository/org/springframework/spring-beans/5.1.3.RELEASE/spring-beans-5.1.3.RELEASE.jar:/root/.m2/repository/org/springframework/spring-core/5.1.3.RELEASE/spring-core-5.1.3.RELEASE.jar:/root/.m2/repository/org/springframework/spring-jcl/5.1.3.RELEASE/spring-jcl-5.1.3.RELEASE.jar:/root/.m2/repository/org/springframework/spring-tx/5.1.3.RELEASE/spring-tx-5.1.3.RELEASE.jar:/root/.m2/repository/org/apache/hadoop/hadoop-ozone-client/0.5.0-SNAPSHOT/hadoop-ozone-client-0.5.0-SNAPSHOT.jar:/root/.m2/repository/org/apache/hadoop/hadoop-ozone-ozone-manager/0.5.0-SNAPSHOT/hadoop-ozone-ozone-manager-0.5.0-SNAPSHOT-tests.jar:/root/.m2/repository/junit/junit/4.11/junit-4.11.jar:/root/.m2/repository/org/hamcrest/hamcrest-core/1.3/hamcrest-core-1.3.jar:/root/.m2/repository/org/openjdk/jmh/jmh-core/1.19/jmh-core-1.19.jar:/root/.m2/repository/net/sf/jopt-simple/jopt-simple/4.6/jopt-simple-4.6.jar:/root/.m2/repository/org/apache/commons/commons-math3/3.1.1/commons-math3-3.1.1.jar:/root/.m2/repository/org/openjdk/jmh/jmh-generator-annprocess/1.19/jmh-generator-annprocess-1.19.jar:/root/.m2/repository/org/mockito/mockito-all/1.8.5/mockito-all-1.8.5.jar:/root/.m2/repository/org/apache/hadoop/hadoop-kms/3.2.0/hadoop-kms-3.2.0.jar:/root/.m2/repository/org/apache/hadoop/hadoop-auth/3.2.0/hadoop-auth-3.2.0.jar:/root/.m2/repository/com/nimbusds/nimbus-jose-jwt/4.41.1/nimbus-jose-jwt-4.41.1.jar:/root/.m2/repository/com/github/stephenc/jcip/jcip-annotations/1.0-1/jcip-annotations-1.0-1.jar:/root/.m2/repository/net/minidev/json-smart/2.3/json-smart-2.3.jar:/root/.m2/repository/net/minidev/accessors-smart/1.2/accessors-smart-1.2.jar:/root/.m2/repository/org/ow2/asm/asm/5.0.4/asm-5.0.4.jar:/root/.m2/repository/org/apache/curator/curator-framework/2.12.0/curator-framework-2.12.0.jar:/root/.m2/repository/com/sun/jersey/jersey-core/1.19/jersey-core-1.19.jar:/root/.m2/repository/javax/ws/rs/jsr311-api/1.1.1/jsr311-api-1.1.1.jar:/root/.m2/repository/com/sun/jersey/jersey-server/1.19/jersey-server-1.19.jar:/root/.m2/repository/javax/servlet/javax.servlet-api/3.1.0/javax.servlet-api-3.1.0.jar:/root/.m2/repository/org/eclipse/jetty/jetty-server/9.3.24.v20180605/jetty-server-9.3.24.v20180605.jar:/root/.m2/repository/org/eclipse/jetty/jetty-http/9.3.24.v20180605/jetty-http-9.3.24.v20180605.jar:/root/.m2/repository/org/eclipse/jetty/jetty-io/9.3.24.v20180605/jetty-io-9.3.24.v20180605.jar:/root/.m2/repository/org/eclipse/jetty/jetty-webapp/9.3.24.v20180605/jetty-webapp-9.3.24.v20180605.jar:/root/.m2/repository/org/eclipse/jetty/jetty-xml/9.3.24.v20180605/jetty-xml-9.3.24.v20180605.jar:/root/.m2/repository/log4j/log4j/1.2.17/log4j-1.2.17.jar:/root/.m2/repository/org/slf4j/slf4j-api/1.7.25/slf4j-api-1.7.25.jar:/root/.m2/repository/org/slf4j/jul-to-slf4j/1.7.25/jul-to-slf4j-1.7.25.jar:/root/.m2/repository/org/eclipse/jetty/jetty-util/9.3.24.v20180605/jetty-util-9.3.24.v20180605.jar:/root/.m2/repository/io/dropwizard/metrics/metrics-core/3.2.4/metrics-core-3.2.4.jar:/root/.m2/repository/com/fasterxml/jackson/core/jackson-databind/2.9.5/jackson-databind-2.9.5.jar:/root/.m2/repository/org/apache/hadoop/hadoop-kms/3.2.0/hadoop-kms-3.2.0-tests.jar:/root/.m2/repository/org/apache/hadoop/hadoop-hdds-server-scm/0.5.0-SNAPSHOT/hadoop-hdds-server-scm-0.5.0-SNAPSHOT-tests.jar:/root/.m2/repository/org/hamcrest/hamcrest-all/1.3/hamcrest-all-1.3.jar:/root/.m2/repository/info/picocli/picocli/3.9.6/picocli-3.9.6.jar:/root/.m2/repository/org/apache/hadoop/hadoop-hdds-container-service/0.5.0-SNAPSHOT/hadoop-hdds-container-service-0.5.0-SNAPSHOT-tests.jar:/root/.m2/repository/org/yaml/snakeyaml/1.16/snakeyaml-1.16.jar:/root/.m2/repository/org/apache/hadoop/hadoop-common/3.2.0/hadoop-common-3.2.0-tests.jar:/root/.m2/repository/org/apache/hadoop/hadoop-annotations/3.2.0/hadoop-annotations-3.2.0.jar:/usr/lib/jvm/java-1.8-openjdk/jre/../lib/tools.jar:/root/.m2/repository/commons-cli/commons-cli/1.2/commons-cli-1.2.jar:/root/.m2/repository/org/apache/httpcomponents/httpclient/4.5.2/httpclient-4.5.2.jar:/root/.m2/repository/org/apache/httpcomponents/httpcore/4.4.4/httpcore-4.4.4.jar:/root/.m2/repository/commons-codec/commons-codec/1.11/commons-codec-1.11.jar:/root/.m2/repository/commons-net/commons-net/3.6/commons-net-3.6.jar:/root/.m2/repository/commons-collections/commons-collections/3.2.2/commons-collections-3.2.2.jar:/root/.m2/repository/org/eclipse/jetty/jetty-servlet/9.3.24.v20180605/jetty-servlet-9.3.24.v20180605.jar:/root/.m2/repository/org/eclipse/jetty/jetty-security/9.3.24.v20180605/jetty-security-9.3.24.v20180605.jar:/root/.m2/repository/javax/servlet/jsp/jsp-api/2.1/jsp-api-2.1.jar:/root/.m2/repository/com/sun/jersey/jersey-servlet/1.19/jersey-servlet-1.19.jar:/root/.m2/repository/com/sun/jersey/jersey-json/1.19/jersey-json-1.19.jar:/root/.m2/repository/org/codehaus/jettison/jettison/1.1/jettison-1.1.jar:/root/.m2/repository/org/codehaus/jackson/jackson-core-asl/1.9.13/jackson-core-asl-1.9.13.jar:/root/.m2/repository/org/codehaus/jackson/jackson-mapper-asl/1.9.13/jackson-mapper-asl-1.9.13.jar:/root/.m2/repository/org/codehaus/jackson/jackson-jaxrs/1.9.13/jackson-jaxrs-1.9.13.jar:/root/.m2/repository/org/codehaus/jackson/jackson-xc/1.9.13/jackson-xc-1.9.13.jar:/root/.m2/repository/commons-logging/commons-logging/1.1.3/commons-logging-1.1.3.jar:/root/.m2/repository/commons-beanutils/commons-beanutils/1.9.3/commons-beanutils-1.9.3.jar:/root/.m2/repository/org/apache/commons/commons-configuration2/2.1.1/commons-configuration2-2.1.1.jar:/root/.m2/repository/org/apache/commons/commons-lang3/3.7/commons-lang3-3.7.jar:/root/.m2/repository/org/apache/commons/commons-text/1.4/commons-text-1.4.jar:/root/.m2/repository/org/apache/avro/avro/1.7.7/avro-1.7.7.jar:/root/.m2/repository/com/thoughtworks/paranamer/paranamer/2.3/paranamer-2.3.jar:/root/.m2/repository/org/xerial/snappy/snappy-java/1.0.5/snappy-java-1.0.5.jar:/root/.m2/repository/com/google/re2j/re2j/1.1/re2j-1.1.jar:/root/.m2/repository/com/google/code/gson/gson/2.2.4/gson-2.2.4.jar:/root/.m2/repository/com/jcraft/jsch/0.1.54/jsch-0.1.54.jar:/root/.m2/repository/org/apache/curator/curator-client/2.12.0/curator-client-2.12.0.jar:/root/.m2/repository/org/apache/curator/curator-recipes/2.12.0/curator-recipes-2.12.0.jar:/root/.m2/repository/com/google/code/findbugs/jsr305/3.0.0/jsr305-3.0.0.jar:/root/.m2/repository/org/apache/htrace/htrace-core4/4.1.0-incubating/htrace-core4-4.1.0-incubating.jar:/root/.m2/repository/org/apache/zookeeper/zookeeper/3.4.13/zookeeper-3.4.13.jar:/root/.m2/repository/org/apache/yetus/audience-annotations/0.5.0/audience-annotations-0.5.0.jar:/root/.m2/repository/org/codehaus/woodstox/stax2-api/3.1.4/stax2-api-3.1.4.jar:/root/.m2/repository/com/fasterxml/woodstox/woodstox-core/5.0.3/woodstox-core-5.0.3.jar:/root/.m2/repository/dnsjava/dnsjava/2.1.7/dnsjava-2.1.7.jar:/root/.m2/repository/org/apache/hadoop/hadoop-hdfs/3.2.0/hadoop-hdfs-3.2.0-tests.jar:/root/.m2/repository/org/eclipse/jetty/jetty-util-ajax/9.3.24.v20180605/jetty-util-ajax-9.3.24.v20180605.jar:/root/.m2/repository/commons-daemon/commons-daemon/1.0.13/commons-daemon-1.0.13.jar:/root/.m2/repository/io/netty/netty/3.10.5.Final/netty-3.10.5.Final.jar:/root/.m2/repository/io/netty/netty-all/4.0.52.Final/netty-all-4.0.52.Final.jar:/root/.m2/repository/org/fusesource/leveldbjni/leveldbjni-all/1.8/leveldbjni-all-1.8.jar:"/>
    <property name="java.vm.vendor" value="IcedTea"/>
    <property name="sun.arch.data.model" value="64"/>
    <property name="test.build.dir" value="/opt/src/hadoop-ozone/integration-test/target/test-dir"/>
    <property name="test.cache.data" value=""/>
    <property name="java.vendor.url" value="https://icedtea.classpath.org"/>
    <property name="user.timezone" value=""/>
    <property name="java.vm.specification.version" value="1.8"/>
    <property name="os.name" value="Linux"/>
    <property name="test.build.data" value="/opt/src/hadoop-ozone/integration-test/target/test-dir"/>
    <property name="user.country" value="US"/>
    <property name="sun.java.launcher" value="SUN_STANDARD"/>
    <property name="sun.boot.library.path" value="/usr/lib/jvm/java-1.8-openjdk/jre/lib/amd64"/>
    <property name="sun.java.command" value="/opt/src/hadoop-ozone/integration-test/target/surefire/surefirebooter1056256916560427859.jar /opt/src/hadoop-ozone/integration-test/target/surefire 2019-06-12T13-12-33_348-jvmRun1 surefire602131689319065998tmp surefire_762548154231167904550tmp"/>
    <property name="surefire.test.class.path" value="/opt/src/hadoop-ozone/integration-test/target/test-classes:/opt/src/hadoop-ozone/integration-test/target/classes:/root/.m2/repository/org/apache/hadoop/hadoop-ozone-common/0.5.0-SNAPSHOT/hadoop-ozone-common-0.5.0-SNAPSHOT.jar:/root/.m2/repository/org/apache/commons/commons-compress/1.4.1/commons-compress-1.4.1.jar:/root/.m2/repository/org/tukaani/xz/1.0/xz-1.0.jar:/root/.m2/repository/org/apache/hadoop/hadoop-common/3.2.0/hadoop-common-3.2.0.jar:/root/.m2/repository/org/apache/hadoop/hadoop-hdfs/3.2.0/hadoop-hdfs-3.2.0.jar:/root/.m2/repository/org/apache/hadoop/hadoop-hdfs-client/3.2.0/hadoop-hdfs-client-3.2.0.jar:/root/.m2/repository/com/fasterxml/jackson/core/jackson-annotations/2.9.5/jackson-annotations-2.9.5.jar:/root/.m2/repository/org/apache/hadoop/hadoop-hdds-common/0.5.0-SNAPSHOT/hadoop-hdds-common-0.5.0-SNAPSHOT.jar:/root/.m2/repository/javax/annotation/javax.annotation-api/1.2/javax.annotation-api-1.2.jar:/root/.m2/repository/org/apache/ratis/ratis-server/0.4.0-fe2b15d-SNAPSHOT/ratis-server-0.4.0-fe2b15d-SNAPSHOT.jar:/root/.m2/repository/org/apache/ratis/ratis-thirdparty-misc/0.2.0/ratis-thirdparty-misc-0.2.0.jar:/root/.m2/repository/org/apache/ratis/ratis-proto/0.4.0-fe2b15d-SNAPSHOT/ratis-proto-0.4.0-fe2b15d-SNAPSHOT.jar:/root/.m2/repository/org/apache/ratis/ratis-common/0.4.0-fe2b15d-SNAPSHOT/ratis-common-0.4.0-fe2b15d-SNAPSHOT.jar:/root/.m2/repository/org/apache/ratis/ratis-client/0.4.0-fe2b15d-SNAPSHOT/ratis-client-0.4.0-fe2b15d-SNAPSHOT.jar:/root/.m2/repository/org/apache/ratis/ratis-netty/0.4.0-fe2b15d-SNAPSHOT/ratis-netty-0.4.0-fe2b15d-SNAPSHOT.jar:/root/.m2/repository/org/apache/ratis/ratis-grpc/0.4.0-fe2b15d-SNAPSHOT/ratis-grpc-0.4.0-fe2b15d-SNAPSHOT.jar:/root/.m2/repository/org/rocksdb/rocksdbjni/5.14.2/rocksdbjni-5.14.2.jar:/root/.m2/repository/org/apache/logging/log4j/log4j-api/2.11.0/log4j-api-2.11.0.jar:/root/.m2/repository/org/apache/logging/log4j/log4j-core/2.11.0/log4j-core-2.11.0.jar:/root/.m2/repository/com/lmax/disruptor/3.4.2/disruptor-3.4.2.jar:/root/.m2/repository/org/apache/commons/commons-pool2/2.6.0/commons-pool2-2.6.0.jar:/root/.m2/repository/org/bouncycastle/bcpkix-jdk15on/1.60/bcpkix-jdk15on-1.60.jar:/root/.m2/repository/commons-validator/commons-validator/1.6/commons-validator-1.6.jar:/root/.m2/repository/commons-digester/commons-digester/1.8.1/commons-digester-1.8.1.jar:/root/.m2/repository/io/jaegertracing/jaeger-client/0.33.1/jaeger-client-0.33.1.jar:/root/.m2/repository/io/jaegertracing/jaeger-thrift/0.33.1/jaeger-thrift-0.33.1.jar:/root/.m2/repository/org/apache/thrift/libthrift/0.11.0/libthrift-0.11.0.jar:/root/.m2/repository/com/squareup/okhttp3/okhttp/3.9.0/okhttp-3.9.0.jar:/root/.m2/repository/com/squareup/okio/okio/1.13.0/okio-1.13.0.jar:/root/.m2/repository/io/jaegertracing/jaeger-core/0.33.1/jaeger-core-0.33.1.jar:/root/.m2/repository/io/jaegertracing/jaeger-tracerresolver/0.33.1/jaeger-tracerresolver-0.33.1.jar:/root/.m2/repository/io/opentracing/contrib/opentracing-tracerresolver/0.1.5/opentracing-tracerresolver-0.1.5.jar:/root/.m2/repository/io/opentracing/opentracing-util/0.31.0/opentracing-util-0.31.0.jar:/root/.m2/repository/io/opentracing/opentracing-api/0.31.0/opentracing-api-0.31.0.jar:/root/.m2/repository/io/opentracing/opentracing-noop/0.31.0/opentracing-noop-0.31.0.jar:/root/.m2/repository/org/apache/hadoop/hadoop-hdds-server-framework/0.5.0-SNAPSHOT/hadoop-hdds-server-framework-0.5.0-SNAPSHOT.jar:/root/.m2/repository/org/apache/hadoop/hadoop-hdds-server-scm/0.5.0-SNAPSHOT/hadoop-hdds-server-scm-0.5.0-SNAPSHOT.jar:/root/.m2/repository/org/apache/hadoop/hadoop-hdds-container-service/0.5.0-SNAPSHOT/hadoop-hdds-container-service-0.5.0-SNAPSHOT.jar:/root/.m2/repository/org/apache/hadoop/hadoop-hdds-client/0.5.0-SNAPSHOT/hadoop-hdds-client-0.5.0-SNAPSHOT.jar:/root/.m2/repository/org/apache/hadoop/hadoop-hdds-tools/0.5.0-SNAPSHOT/hadoop-hdds-tools-0.5.0-SNAPSHOT.jar:/root/.m2/repository/org/apache/hadoop/hadoop-ozone-ozone-manager/0.5.0-SNAPSHOT/hadoop-ozone-ozone-manager-0.5.0-SNAPSHOT.jar:/root/.m2/repository/org/apache/hadoop/hadoop-hdds-docs/0.5.0-SNAPSHOT/hadoop-hdds-docs-0.5.0-SNAPSHOT.jar:/root/.m2/repository/org/bouncycastle/bcprov-jdk15on/1.60/bcprov-jdk15on-1.60.jar:/root/.m2/repository/org/apache/hadoop/hadoop-minikdc/3.2.0/hadoop-minikdc-3.2.0.jar:/root/.m2/repository/commons-io/commons-io/2.5/commons-io-2.5.jar:/root/.m2/repository/org/apache/kerby/kerb-simplekdc/1.0.1/kerb-simplekdc-1.0.1.jar:/root/.m2/repository/org/apache/kerby/kerb-client/1.0.1/kerb-client-1.0.1.jar:/root/.m2/repository/org/apache/kerby/kerby-config/1.0.1/kerby-config-1.0.1.jar:/root/.m2/repository/org/apache/kerby/kerb-core/1.0.1/kerb-core-1.0.1.jar:/root/.m2/repository/org/apache/kerby/kerby-pkix/1.0.1/kerby-pkix-1.0.1.jar:/root/.m2/repository/org/apache/kerby/kerby-asn1/1.0.1/kerby-asn1-1.0.1.jar:/root/.m2/repository/org/apache/kerby/kerby-util/1.0.1/kerby-util-1.0.1.jar:/root/.m2/repository/org/apache/kerby/kerb-common/1.0.1/kerb-common-1.0.1.jar:/root/.m2/repository/org/apache/kerby/kerb-crypto/1.0.1/kerb-crypto-1.0.1.jar:/root/.m2/repository/org/apache/kerby/kerb-util/1.0.1/kerb-util-1.0.1.jar:/root/.m2/repository/org/apache/kerby/token-provider/1.0.1/token-provider-1.0.1.jar:/root/.m2/repository/org/apache/kerby/kerb-admin/1.0.1/kerb-admin-1.0.1.jar:/root/.m2/repository/org/apache/kerby/kerb-server/1.0.1/kerb-server-1.0.1.jar:/root/.m2/repository/org/apache/kerby/kerb-identity/1.0.1/kerb-identity-1.0.1.jar:/root/.m2/repository/org/apache/kerby/kerby-xdr/1.0.1/kerby-xdr-1.0.1.jar:/root/.m2/repository/org/slf4j/slf4j-log4j12/1.7.25/slf4j-log4j12-1.7.25.jar:/root/.m2/repository/org/apache/hadoop/hadoop-ozone-objectstore-service/0.5.0-SNAPSHOT/hadoop-ozone-objectstore-service-0.5.0-SNAPSHOT.jar:/root/.m2/repository/org/apache/hadoop/hadoop-ozone-s3gateway/0.5.0-SNAPSHOT/hadoop-ozone-s3gateway-0.5.0-SNAPSHOT.jar:/root/.m2/repository/org/jboss/weld/servlet/weld-servlet/2.4.7.Final/weld-servlet-2.4.7.Final.jar:/root/.m2/repository/org/glassfish/jersey/containers/jersey-container-servlet-core/2.27/jersey-container-servlet-core-2.27.jar:/root/.m2/repository/org/glassfish/hk2/external/javax.inject/2.5.0-b42/javax.inject-2.5.0-b42.jar:/root/.m2/repository/org/glassfish/jersey/core/jersey-common/2.27/jersey-common-2.27.jar:/root/.m2/repository/org/glassfish/hk2/osgi-resource-locator/1.0.1/osgi-resource-locator-1.0.1.jar:/root/.m2/repository/javax/ws/rs/javax.ws.rs-api/2.1/javax.ws.rs-api-2.1.jar:/root/.m2/repository/org/glassfish/jersey/ext/cdi/jersey-cdi1x/2.27/jersey-cdi1x-2.27.jar:/root/.m2/repository/org/glassfish/jersey/inject/jersey-hk2/2.27/jersey-hk2-2.27.jar:/root/.m2/repository/org/glassfish/hk2/hk2-locator/2.5.0-b42/hk2-locator-2.5.0-b42.jar:/root/.m2/repository/org/javassist/javassist/3.22.0-CR2/javassist-3.22.0-CR2.jar:/root/.m2/repository/org/glassfish/hk2/hk2-api/2.5.0/hk2-api-2.5.0.jar:/root/.m2/repository/org/glassfish/hk2/external/jakarta.inject/2.5.0/jakarta.inject-2.5.0.jar:/root/.m2/repository/org/glassfish/hk2/hk2-utils/2.5.0/hk2-utils-2.5.0.jar:/root/.m2/repository/jakarta/annotation/jakarta.annotation-api/1.3.4/jakarta.annotation-api-1.3.4.jar:/root/.m2/repository/org/glassfish/hk2/external/aopalliance-repackaged/2.5.0/aopalliance-repackaged-2.5.0.jar:/root/.m2/repository/com/fasterxml/jackson/dataformat/jackson-dataformat-xml/2.9.0/jackson-dataformat-xml-2.9.0.jar:/root/.m2/repository/com/fasterxml/jackson/core/jackson-core/2.9.5/jackson-core-2.9.5.jar:/root/.m2/repository/com/fasterxml/jackson/module/jackson-module-jaxb-annotations/2.9.5/jackson-module-jaxb-annotations-2.9.5.jar:/root/.m2/repository/javax/enterprise/cdi-api/1.2/cdi-api-1.2.jar:/root/.m2/repository/javax/el/javax.el-api/3.0.0/javax.el-api-3.0.0.jar:/root/.m2/repository/javax/interceptor/javax.interceptor-api/1.2/javax.interceptor-api-1.2.jar:/root/.m2/repository/javax/inject/javax.inject/1/javax.inject-1.jar:/root/.m2/repository/com/sun/xml/bind/jaxb-impl/2.3.0.1/jaxb-impl-2.3.0.1.jar:/root/.m2/repository/com/sun/xml/bind/jaxb-core/2.3.0.1/jaxb-core-2.3.0.1.jar:/root/.m2/repository/javax/xml/bind/jaxb-api/2.3.0/jaxb-api-2.3.0.jar:/root/.m2/repository/javax/activation/activation/1.1.1/activation-1.1.1.jar:/root/.m2/repository/org/apache/hadoop/hadoop-ozone-csi/0.5.0-SNAPSHOT/hadoop-ozone-csi-0.5.0-SNAPSHOT.jar:/root/.m2/repository/com/google/protobuf/protobuf-java-util/3.5.1/protobuf-java-util-3.5.1.jar:/root/.m2/repository/org/apache/hadoop/hadoop-hdds-config/0.5.0-SNAPSHOT/hadoop-hdds-config-0.5.0-SNAPSHOT.jar:/root/.m2/repository/com/google/guava/guava/11.0.2/guava-11.0.2.jar:/root/.m2/repository/com/google/protobuf/protobuf-java/2.5.0/protobuf-java-2.5.0.jar:/root/.m2/repository/io/grpc/grpc-netty/1.17.1/grpc-netty-1.17.1.jar:/root/.m2/repository/io/grpc/grpc-core/1.17.1/grpc-core-1.17.1.jar:/root/.m2/repository/io/grpc/grpc-context/1.17.1/grpc-context-1.17.1.jar:/root/.m2/repository/com/google/errorprone/error_prone_annotations/2.2.0/error_prone_annotations-2.2.0.jar:/root/.m2/repository/org/codehaus/mojo/animal-sniffer-annotations/1.17/animal-sniffer-annotations-1.17.jar:/root/.m2/repository/io/opencensus/opencensus-api/0.17.0/opencensus-api-0.17.0.jar:/root/.m2/repository/io/opencensus/opencensus-contrib-grpc-metrics/0.17.0/opencensus-contrib-grpc-metrics-0.17.0.jar:/root/.m2/repository/io/netty/netty-codec-http2/4.1.30.Final/netty-codec-http2-4.1.30.Final.jar:/root/.m2/repository/io/netty/netty-codec-http/4.1.30.Final/netty-codec-http-4.1.30.Final.jar:/root/.m2/repository/io/netty/netty-codec/4.1.30.Final/netty-codec-4.1.30.Final.jar:/root/.m2/repository/io/netty/netty-handler/4.1.30.Final/netty-handler-4.1.30.Final.jar:/root/.m2/repository/io/netty/netty-handler-proxy/4.1.30.Final/netty-handler-proxy-4.1.30.Final.jar:/root/.m2/repository/io/netty/netty-codec-socks/4.1.30.Final/netty-codec-socks-4.1.30.Final.jar:/root/.m2/repository/io/netty/netty-transport-native-epoll/4.1.30.Final/netty-transport-native-epoll-4.1.30.Final.jar:/root/.m2/repository/io/netty/netty-common/4.1.30.Final/netty-common-4.1.30.Final.jar:/root/.m2/repository/io/netty/netty-buffer/4.1.30.Final/netty-buffer-4.1.30.Final.jar:/root/.m2/repository/io/netty/netty-transport/4.1.30.Final/netty-transport-4.1.30.Final.jar:/root/.m2/repository/io/netty/netty-resolver/4.1.30.Final/netty-resolver-4.1.30.Final.jar:/root/.m2/repository/io/netty/netty-transport-native-unix-common/4.1.30.Final/netty-transport-native-unix-common-4.1.30.Final.jar:/root/.m2/repository/io/grpc/grpc-protobuf/1.17.1/grpc-protobuf-1.17.1.jar:/root/.m2/repository/com/google/api/grpc/proto-google-common-protos/1.0.0/proto-google-common-protos-1.0.0.jar:/root/.m2/repository/io/grpc/grpc-protobuf-lite/1.17.1/grpc-protobuf-lite-1.17.1.jar:/root/.m2/repository/io/grpc/grpc-stub/1.17.1/grpc-stub-1.17.1.jar:/root/.m2/repository/org/apache/hadoop/hadoop-ozone-recon/0.5.0-SNAPSHOT/hadoop-ozone-recon-0.5.0-SNAPSHOT.jar:/root/.m2/repository/org/apache/hadoop/hadoop-ozone-reconcodegen/0.5.0-SNAPSHOT/hadoop-ozone-reconcodegen-0.5.0-SNAPSHOT.jar:/root/.m2/repository/com/google/inject/extensions/guice-multibindings/4.0/guice-multibindings-4.0.jar:/root/.m2/repository/com/google/inject/guice/4.0/guice-4.0.jar:/root/.m2/repository/aopalliance/aopalliance/1.0/aopalliance-1.0.jar:/root/.m2/repository/com/google/inject/extensions/guice-servlet/4.0/guice-servlet-4.0.jar:/root/.m2/repository/org/glassfish/jersey/containers/jersey-container-servlet/2.27/jersey-container-servlet-2.27.jar:/root/.m2/repository/org/glassfish/hk2/guice-bridge/2.5.0/guice-bridge-2.5.0.jar:/root/.m2/repository/org/glassfish/jersey/core/jersey-server/2.27/jersey-server-2.27.jar:/root/.m2/repository/org/glassfish/jersey/core/jersey-client/2.27/jersey-client-2.27.jar:/root/.m2/repository/org/glassfish/jersey/media/jersey-media-jaxb/2.27/jersey-media-jaxb-2.27.jar:/root/.m2/repository/javax/validation/validation-api/1.1.0.Final/validation-api-1.1.0.Final.jar:/root/.m2/repository/org/glassfish/jersey/media/jersey-media-json-jackson/2.27/jersey-media-json-jackson-2.27.jar:/root/.m2/repository/org/glassfish/jersey/ext/jersey-entity-filtering/2.27/jersey-entity-filtering-2.27.jar:/root/.m2/repository/com/google/inject/extensions/guice-assistedinject/4.0/guice-assistedinject-4.0.jar:/root/.m2/repository/org/jooq/jooq/3.11.10/jooq-3.11.10.jar:/root/.m2/repository/org/jooq/jooq-meta/3.11.10/jooq-meta-3.11.10.jar:/root/.m2/repository/org/jooq/jooq-codegen/3.11.10/jooq-codegen-3.11.10.jar:/root/.m2/repository/com/jolbox/bonecp/0.8.0.RELEASE/bonecp-0.8.0.RELEASE.jar:/root/.m2/repository/org/xerial/sqlite-jdbc/3.25.2/sqlite-jdbc-3.25.2.jar:/root/.m2/repository/org/springframework/spring-jdbc/5.1.3.RELEASE/spring-jdbc-5.1.3.RELEASE.jar:/root/.m2/repository/org/springframework/spring-beans/5.1.3.RELEASE/spring-beans-5.1.3.RELEASE.jar:/root/.m2/repository/org/springframework/spring-core/5.1.3.RELEASE/spring-core-5.1.3.RELEASE.jar:/root/.m2/repository/org/springframework/spring-jcl/5.1.3.RELEASE/spring-jcl-5.1.3.RELEASE.jar:/root/.m2/repository/org/springframework/spring-tx/5.1.3.RELEASE/spring-tx-5.1.3.RELEASE.jar:/root/.m2/repository/org/apache/hadoop/hadoop-ozone-client/0.5.0-SNAPSHOT/hadoop-ozone-client-0.5.0-SNAPSHOT.jar:/root/.m2/repository/org/apache/hadoop/hadoop-ozone-ozone-manager/0.5.0-SNAPSHOT/hadoop-ozone-ozone-manager-0.5.0-SNAPSHOT-tests.jar:/root/.m2/repository/junit/junit/4.11/junit-4.11.jar:/root/.m2/repository/org/hamcrest/hamcrest-core/1.3/hamcrest-core-1.3.jar:/root/.m2/repository/org/openjdk/jmh/jmh-core/1.19/jmh-core-1.19.jar:/root/.m2/repository/net/sf/jopt-simple/jopt-simple/4.6/jopt-simple-4.6.jar:/root/.m2/repository/org/apache/commons/commons-math3/3.1.1/commons-math3-3.1.1.jar:/root/.m2/repository/org/openjdk/jmh/jmh-generator-annprocess/1.19/jmh-generator-annprocess-1.19.jar:/root/.m2/repository/org/mockito/mockito-all/1.8.5/mockito-all-1.8.5.jar:/root/.m2/repository/org/apache/hadoop/hadoop-kms/3.2.0/hadoop-kms-3.2.0.jar:/root/.m2/repository/org/apache/hadoop/hadoop-auth/3.2.0/hadoop-auth-3.2.0.jar:/root/.m2/repository/com/nimbusds/nimbus-jose-jwt/4.41.1/nimbus-jose-jwt-4.41.1.jar:/root/.m2/repository/com/github/stephenc/jcip/jcip-annotations/1.0-1/jcip-annotations-1.0-1.jar:/root/.m2/repository/net/minidev/json-smart/2.3/json-smart-2.3.jar:/root/.m2/repository/net/minidev/accessors-smart/1.2/accessors-smart-1.2.jar:/root/.m2/repository/org/ow2/asm/asm/5.0.4/asm-5.0.4.jar:/root/.m2/repository/org/apache/curator/curator-framework/2.12.0/curator-framework-2.12.0.jar:/root/.m2/repository/com/sun/jersey/jersey-core/1.19/jersey-core-1.19.jar:/root/.m2/repository/javax/ws/rs/jsr311-api/1.1.1/jsr311-api-1.1.1.jar:/root/.m2/repository/com/sun/jersey/jersey-server/1.19/jersey-server-1.19.jar:/root/.m2/repository/javax/servlet/javax.servlet-api/3.1.0/javax.servlet-api-3.1.0.jar:/root/.m2/repository/org/eclipse/jetty/jetty-server/9.3.24.v20180605/jetty-server-9.3.24.v20180605.jar:/root/.m2/repository/org/eclipse/jetty/jetty-http/9.3.24.v20180605/jetty-http-9.3.24.v20180605.jar:/root/.m2/repository/org/eclipse/jetty/jetty-io/9.3.24.v20180605/jetty-io-9.3.24.v20180605.jar:/root/.m2/repository/org/eclipse/jetty/jetty-webapp/9.3.24.v20180605/jetty-webapp-9.3.24.v20180605.jar:/root/.m2/repository/org/eclipse/jetty/jetty-xml/9.3.24.v20180605/jetty-xml-9.3.24.v20180605.jar:/root/.m2/repository/log4j/log4j/1.2.17/log4j-1.2.17.jar:/root/.m2/repository/org/slf4j/slf4j-api/1.7.25/slf4j-api-1.7.25.jar:/root/.m2/repository/org/slf4j/jul-to-slf4j/1.7.25/jul-to-slf4j-1.7.25.jar:/root/.m2/repository/org/eclipse/jetty/jetty-util/9.3.24.v20180605/jetty-util-9.3.24.v20180605.jar:/root/.m2/repository/io/dropwizard/metrics/metrics-core/3.2.4/metrics-core-3.2.4.jar:/root/.m2/repository/com/fasterxml/jackson/core/jackson-databind/2.9.5/jackson-databind-2.9.5.jar:/root/.m2/repository/org/apache/hadoop/hadoop-kms/3.2.0/hadoop-kms-3.2.0-tests.jar:/root/.m2/repository/org/apache/hadoop/hadoop-hdds-server-scm/0.5.0-SNAPSHOT/hadoop-hdds-server-scm-0.5.0-SNAPSHOT-tests.jar:/root/.m2/repository/org/hamcrest/hamcrest-all/1.3/hamcrest-all-1.3.jar:/root/.m2/repository/info/picocli/picocli/3.9.6/picocli-3.9.6.jar:/root/.m2/repository/org/apache/hadoop/hadoop-hdds-container-service/0.5.0-SNAPSHOT/hadoop-hdds-container-service-0.5.0-SNAPSHOT-tests.jar:/root/.m2/repository/org/yaml/snakeyaml/1.16/snakeyaml-1.16.jar:/root/.m2/repository/org/apache/hadoop/hadoop-common/3.2.0/hadoop-common-3.2.0-tests.jar:/root/.m2/repository/org/apache/hadoop/hadoop-annotations/3.2.0/hadoop-annotations-3.2.0.jar:/usr/lib/jvm/java-1.8-openjdk/jre/../lib/tools.jar:/root/.m2/repository/commons-cli/commons-cli/1.2/commons-cli-1.2.jar:/root/.m2/repository/org/apache/httpcomponents/httpclient/4.5.2/httpclient-4.5.2.jar:/root/.m2/repository/org/apache/httpcomponents/httpcore/4.4.4/httpcore-4.4.4.jar:/root/.m2/repository/commons-codec/commons-codec/1.11/commons-codec-1.11.jar:/root/.m2/repository/commons-net/commons-net/3.6/commons-net-3.6.jar:/root/.m2/repository/commons-collections/commons-collections/3.2.2/commons-collections-3.2.2.jar:/root/.m2/repository/org/eclipse/jetty/jetty-servlet/9.3.24.v20180605/jetty-servlet-9.3.24.v20180605.jar:/root/.m2/repository/org/eclipse/jetty/jetty-security/9.3.24.v20180605/jetty-security-9.3.24.v20180605.jar:/root/.m2/repository/javax/servlet/jsp/jsp-api/2.1/jsp-api-2.1.jar:/root/.m2/repository/com/sun/jersey/jersey-servlet/1.19/jersey-servlet-1.19.jar:/root/.m2/repository/com/sun/jersey/jersey-json/1.19/jersey-json-1.19.jar:/root/.m2/repository/org/codehaus/jettison/jettison/1.1/jettison-1.1.jar:/root/.m2/repository/org/codehaus/jackson/jackson-core-asl/1.9.13/jackson-core-asl-1.9.13.jar:/root/.m2/repository/org/codehaus/jackson/jackson-mapper-asl/1.9.13/jackson-mapper-asl-1.9.13.jar:/root/.m2/repository/org/codehaus/jackson/jackson-jaxrs/1.9.13/jackson-jaxrs-1.9.13.jar:/root/.m2/repository/org/codehaus/jackson/jackson-xc/1.9.13/jackson-xc-1.9.13.jar:/root/.m2/repository/commons-logging/commons-logging/1.1.3/commons-logging-1.1.3.jar:/root/.m2/repository/commons-beanutils/commons-beanutils/1.9.3/commons-beanutils-1.9.3.jar:/root/.m2/repository/org/apache/commons/commons-configuration2/2.1.1/commons-configuration2-2.1.1.jar:/root/.m2/repository/org/apache/commons/commons-lang3/3.7/commons-lang3-3.7.jar:/root/.m2/repository/org/apache/commons/commons-text/1.4/commons-text-1.4.jar:/root/.m2/repository/org/apache/avro/avro/1.7.7/avro-1.7.7.jar:/root/.m2/repository/com/thoughtworks/paranamer/paranamer/2.3/paranamer-2.3.jar:/root/.m2/repository/org/xerial/snappy/snappy-java/1.0.5/snappy-java-1.0.5.jar:/root/.m2/repository/com/google/re2j/re2j/1.1/re2j-1.1.jar:/root/.m2/repository/com/google/code/gson/gson/2.2.4/gson-2.2.4.jar:/root/.m2/repository/com/jcraft/jsch/0.1.54/jsch-0.1.54.jar:/root/.m2/repository/org/apache/curator/curator-client/2.12.0/curator-client-2.12.0.jar:/root/.m2/repository/org/apache/curator/curator-recipes/2.12.0/curator-recipes-2.12.0.jar:/root/.m2/repository/com/google/code/findbugs/jsr305/3.0.0/jsr305-3.0.0.jar:/root/.m2/repository/org/apache/htrace/htrace-core4/4.1.0-incubating/htrace-core4-4.1.0-incubating.jar:/root/.m2/repository/org/apache/zookeeper/zookeeper/3.4.13/zookeeper-3.4.13.jar:/root/.m2/repository/org/apache/yetus/audience-annotations/0.5.0/audience-annotations-0.5.0.jar:/root/.m2/repository/org/codehaus/woodstox/stax2-api/3.1.4/stax2-api-3.1.4.jar:/root/.m2/repository/com/fasterxml/woodstox/woodstox-core/5.0.3/woodstox-core-5.0.3.jar:/root/.m2/repository/dnsjava/dnsjava/2.1.7/dnsjava-2.1.7.jar:/root/.m2/repository/org/apache/hadoop/hadoop-hdfs/3.2.0/hadoop-hdfs-3.2.0-tests.jar:/root/.m2/repository/org/eclipse/jetty/jetty-util-ajax/9.3.24.v20180605/jetty-util-ajax-9.3.24.v20180605.jar:/root/.m2/repository/commons-daemon/commons-daemon/1.0.13/commons-daemon-1.0.13.jar:/root/.m2/repository/io/netty/netty/3.10.5.Final/netty-3.10.5.Final.jar:/root/.m2/repository/io/netty/netty-all/4.0.52.Final/netty-all-4.0.52.Final.jar:/root/.m2/repository/org/fusesource/leveldbjni/leveldbjni-all/1.8/leveldbjni-all-1.8.jar:"/>
    <property name="sun.cpu.endian" value="little"/>
    <property name="user.home" value="/root"/>
    <property name="user.language" value="en"/>
    <property name="java.specification.vendor" value="Oracle Corporation"/>
    <property name="java.home" value="/usr/lib/jvm/java-1.8-openjdk/jre"/>
    <property name="java.security.krb5.conf" value="/opt/src/hadoop-ozone/integration-test/target/test-classes/krb5.conf"/>
    <property name="basedir" value="/opt/src/hadoop-ozone/integration-test"/>
    <property name="file.separator" value="/"/>
    <property name="line.separator" value="&#10;"/>
    <property name="java.vm.specification.vendor" value="Oracle Corporation"/>
    <property name="java.specification.name" value="Java Platform API Specification"/>
    <property name="java.awt.graphicsenv" value="sun.awt.X11GraphicsEnvironment"/>
    <property name="surefire.real.class.path" value="/opt/src/hadoop-ozone/integration-test/target/surefire/surefirebooter1056256916560427859.jar"/>
    <property name="hadoop.log.dir" value="/opt/src/hadoop-ozone/integration-test/target/log"/>
    <property name="sun.boot.class.path" value="/usr/lib/jvm/java-1.8-openjdk/jre/lib/resources.jar:/usr/lib/jvm/java-1.8-openjdk/jre/lib/rt.jar:/usr/lib/jvm/java-1.8-openjdk/jre/lib/sunrsasign.jar:/usr/lib/jvm/java-1.8-openjdk/jre/lib/jsse.jar:/usr/lib/jvm/java-1.8-openjdk/jre/lib/jce.jar:/usr/lib/jvm/java-1.8-openjdk/jre/lib/charsets.jar:/usr/lib/jvm/java-1.8-openjdk/jre/lib/jfr.jar:/usr/lib/jvm/java-1.8-openjdk/jre/classes"/>
    <property name="sun.management.compiler" value="HotSpot 64-Bit Tiered Compilers"/>
    <property name="java.runtime.version" value="1.8.0_212-b04"/>
    <property name="java.net.preferIPv4Stack" value="true"/>
    <property name="user.name" value="root"/>
    <property name="path.separator" value=":"/>
    <property name="java.security.egd" value="file:///dev/urandom"/>
    <property name="os.version" value="4.15.0-1021-aws"/>
    <property name="java.endorsed.dirs" value="/usr/lib/jvm/java-1.8-openjdk/jre/lib/endorsed"/>
    <property name="java.runtime.name" value="OpenJDK Runtime Environment"/>
    <property name="file.encoding" value="UTF-8"/>
    <property name="java.vm.name" value="OpenJDK 64-Bit Server VM"/>
    <property name="test.build.webapps" value=""/>
    <property name="localRepository" value="/root/.m2/repository"/>
    <property name="java.vendor.url.bug" value="https://icedtea.classpath.org/bugzilla"/>
    <property name="java.io.tmpdir" value="/tmp"/>
    <property name="require.test.libhadoop" value=""/>
    <property name="java.version" value="1.8.0_212"/>
    <property name="user.dir" value="/opt/src/hadoop-ozone/integration-test"/>
    <property name="os.arch" value="amd64"/>
    <property name="java.vm.specification.name" value="Java Virtual Machine Specification"/>
    <property name="test.build.classes" value="/opt/src/hadoop-ozone/integration-test/target/test-classes"/>
    <property name="java.awt.printerjob" value="sun.print.PSPrinterJob"/>
    <property name="sun.os.patch.level" value="unknown"/>
    <property name="hadoop.tmp.dir" value="/opt/src/hadoop-ozone/integration-test/target/tmp"/>
    <property name="java.library.path" value="/usr/lib/jvm/java-1.8-openjdk/jre/lib/amd64/server:/usr/lib/jvm/java-1.8-openjdk/jre/lib/amd64:/usr/lib/jvm/java-1.8-openjdk/jre/../lib/amd64:/opt/src/hadoop-ozone/integration-test/target/native/target/usr/local/lib:/opt/src/hadoop-ozone/integration-test/../../hadoop-common-project/hadoop-common/target/native/target/usr/local/lib:/usr/java/packages/lib/amd64:/usr/lib64:/lib64:/lib:/usr/lib"/>
    <property name="java.vm.info" value="mixed mode"/>
    <property name="java.vendor" value="IcedTea"/>
    <property name="java.vm.version" value="25.212-b04"/>
    <property name="java.ext.dirs" value="/usr/lib/jvm/java-1.8-openjdk/jre/lib/ext:/usr/java/packages/lib/ext"/>
    <property name="sun.io.unicode.encoding" value="UnicodeLittle"/>
    <property name="java.class.version" value="52.0"/>
  </properties>
  <testcase name="testBlockDeletionTransactions" classname="org.apache.hadoop.ozone.TestStorageContainerManager" time="11.356"/>
  <testcase name="testBlockDeletingThrottling" classname="org.apache.hadoop.ozone.TestStorageContainerManager" time="5.962">
    <error message="Unexpected Storage Container Exception: org.apache.hadoop.hdds.scm.container.common.helpers.StorageContainerException: ContainerID 6 creation failed" type="java.io.IOException">java.io.IOException: Unexpected Storage Container Exception: org.apache.hadoop.hdds.scm.container.common.helpers.StorageContainerException: ContainerID 6 creation failed
	at org.apache.hadoop.hdds.scm.storage.BlockOutputStream.setIoException(BlockOutputStream.java:548)
	at org.apache.hadoop.hdds.scm.storage.BlockOutputStream.validateResponse(BlockOutputStream.java:539)
	at org.apache.hadoop.hdds.scm.storage.BlockOutputStream.lambda$writeChunkToContainer$2(BlockOutputStream.java:614)
	at java.util.concurrent.CompletableFuture.uniApply(CompletableFuture.java:602)
	at java.util.concurrent.CompletableFuture$UniApply.tryFire(CompletableFuture.java:577)
	at java.util.concurrent.CompletableFuture$Completion.run(CompletableFuture.java:442)
	at java.util.concurrent.ThreadPoolExecutor.runWorker(ThreadPoolExecutor.java:1149)
	at java.util.concurrent.ThreadPoolExecutor$Worker.run(ThreadPoolExecutor.java:624)
	at java.lang.Thread.run(Thread.java:748)
Caused by: org.apache.hadoop.hdds.scm.container.common.helpers.StorageContainerException: ContainerID 6 creation failed
	at org.apache.hadoop.hdds.scm.storage.ContainerProtocolCalls.validateContainerResponse(ContainerProtocolCalls.java:536)
	at org.apache.hadoop.hdds.scm.storage.BlockOutputStream.validateResponse(BlockOutputStream.java:536)
	... 7 more
</error>
    <system-out><![CDATA[2019-06-12 13:50:46,352 WARN  server.ServerUtils (ServerUtils.java:getScmDbDir(145)) - ozone.scm.db.dirs is not configured. We recommend adding this setting. Falling back to ozone.metadata.dirs instead.
2019-06-12 13:50:46,356 WARN  server.ServerUtils (ServerUtils.java:getScmDbDir(145)) - ozone.scm.db.dirs is not configured. We recommend adding this setting. Falling back to ozone.metadata.dirs instead.
2019-06-12 13:50:46,357 WARN  server.ServerUtils (ServerUtils.java:getScmDbDir(145)) - ozone.scm.db.dirs is not configured. We recommend adding this setting. Falling back to ozone.metadata.dirs instead.
2019-06-12 13:50:46,357 INFO  db.DBStoreBuilder (DBStoreBuilder.java:addTable(110)) - using custom profile for table: deletedBlocks
2019-06-12 13:50:46,357 INFO  db.DBStoreBuilder (DBStoreBuilder.java:processTables(161)) - Using default column profile:DBProfile.DISK for Table:deletedBlocks
2019-06-12 13:50:46,357 INFO  db.DBStoreBuilder (DBStoreBuilder.java:addTable(110)) - using custom profile for table: validCerts
2019-06-12 13:50:46,357 INFO  db.DBStoreBuilder (DBStoreBuilder.java:processTables(161)) - Using default column profile:DBProfile.DISK for Table:validCerts
2019-06-12 13:50:46,358 INFO  db.DBStoreBuilder (DBStoreBuilder.java:addTable(110)) - using custom profile for table: revokedCerts
2019-06-12 13:50:46,358 INFO  db.DBStoreBuilder (DBStoreBuilder.java:processTables(161)) - Using default column profile:DBProfile.DISK for Table:revokedCerts
2019-06-12 13:50:46,358 INFO  db.DBStoreBuilder (DBStoreBuilder.java:addTable(110)) - using custom profile for table: default
2019-06-12 13:50:46,358 INFO  db.DBStoreBuilder (DBStoreBuilder.java:processTables(167)) - Using default column profile:DBProfile.DISK for Table:default
2019-06-12 13:50:46,358 INFO  db.DBStoreBuilder (DBStoreBuilder.java:getDbProfile(198)) - Using default options. DBProfile.DISK
2019-06-12 13:50:46,395 INFO  node.SCMNodeManager (SCMNodeManager.java:<init>(108)) - Entering startup safe mode.
2019-06-12 13:50:46,396 INFO  net.NodeSchemaLoader (NodeSchemaLoader.java:loadSchemaFromFile(125)) - Loading file from sun.misc.CompoundEnumeration@1f4c3489
2019-06-12 13:50:46,396 INFO  net.NodeSchemaLoader (NodeSchemaLoader.java:loadSchema(171)) - Loading network topology layer schema file
2019-06-12 13:50:46,398 WARN  server.ServerUtils (ServerUtils.java:getScmDbDir(145)) - ozone.scm.db.dirs is not configured. We recommend adding this setting. Falling back to ozone.metadata.dirs instead.
2019-06-12 13:50:46,411 INFO  pipeline.SCMPipelineManager (SCMPipelineManager.java:initializePipelineState(126)) - No pipeline exists in current db
2019-06-12 13:50:46,411 WARN  server.ServerUtils (ServerUtils.java:getScmDbDir(145)) - ozone.scm.db.dirs is not configured. We recommend adding this setting. Falling back to ozone.metadata.dirs instead.
2019-06-12 13:50:46,425 WARN  events.EventQueue (EventQueue.java:fireEvent(175)) - No event handler registered for event TypedEvent{payloadType=SafeModeStatus, name='SafeModeStatus'}
2019-06-12 13:50:46,426 INFO  ipc.CallQueueManager (CallQueueManager.java:<init>(84)) - Using callQueue: class java.util.concurrent.LinkedBlockingQueue, queueCapacity: 2000, scheduler: class org.apache.hadoop.ipc.DefaultRpcScheduler, ipcBackoff: false.
2019-06-12 13:50:46,426 INFO  ipc.Server (Server.java:run(1074)) - Starting Socket Reader #1 for port 33429
2019-06-12 13:50:46,428 INFO  ipc.CallQueueManager (CallQueueManager.java:<init>(84)) - Using callQueue: class java.util.concurrent.LinkedBlockingQueue, queueCapacity: 2000, scheduler: class org.apache.hadoop.ipc.DefaultRpcScheduler, ipcBackoff: false.
2019-06-12 13:50:46,428 INFO  ipc.Server (Server.java:run(1074)) - Starting Socket Reader #1 for port 41929
2019-06-12 13:50:46,430 INFO  ipc.CallQueueManager (CallQueueManager.java:<init>(84)) - Using callQueue: class java.util.concurrent.LinkedBlockingQueue, queueCapacity: 2000, scheduler: class org.apache.hadoop.ipc.DefaultRpcScheduler, ipcBackoff: false.
2019-06-12 13:50:46,431 INFO  ipc.Server (Server.java:run(1074)) - Starting Socket Reader #1 for port 39577
2019-06-12 13:50:46,433 INFO  hdfs.DFSUtil (DFSUtil.java:httpServerTemplateForNNAndJN(1641)) - Starting Web-server for scm at: http://0.0.0.0:0
2019-06-12 13:50:46,434 INFO  server.AuthenticationFilter (AuthenticationFilter.java:constructSecretProvider(240)) - Unable to initialize FileSignerSecretProvider, falling back to use random secrets.
2019-06-12 13:50:46,435 WARN  http.HttpRequestLog (HttpRequestLog.java:getRequestLog(97)) - Jetty request log can only be enabled using Log4j
2019-06-12 13:50:46,436 INFO  http.HttpServer2 (HttpServer2.java:addGlobalFilter(975)) - Added global filter 'safety' (class=org.apache.hadoop.http.HttpServer2$QuotingInputFilter)
2019-06-12 13:50:46,437 INFO  http.HttpServer2 (HttpServer2.java:addFilter(948)) - Added filter static_user_filter (class=org.apache.hadoop.http.lib.StaticUserWebFilter$StaticUserFilter) to context scm
2019-06-12 13:50:46,437 INFO  http.HttpServer2 (HttpServer2.java:addFilter(958)) - Added filter static_user_filter (class=org.apache.hadoop.http.lib.StaticUserWebFilter$StaticUserFilter) to context logs
2019-06-12 13:50:46,437 INFO  http.HttpServer2 (HttpServer2.java:addFilter(958)) - Added filter static_user_filter (class=org.apache.hadoop.http.lib.StaticUserWebFilter$StaticUserFilter) to context static
2019-06-12 13:50:46,441 INFO  background.BlockDeletingService (BlockDeletingService.java:getTasks(123)) - Plan to choose 10 containers for block deletion, actually returns 5 valid containers.
2019-06-12 13:50:46,444 INFO  server.StorageContainerManager (StorageContainerManager.java:start(752)) - StorageContainerLocationProtocol RPC server is listening at /0.0.0.0:39577
2019-06-12 13:50:46,444 INFO  impl.MetricsSystemImpl (MetricsSystemImpl.java:init(158)) - StorageContainerManager metrics system started (again)
2019-06-12 13:50:46,445 ERROR utils.ContainerCache (ContainerCache.java:getDB(137)) - Error opening DB. Container:1 ContainerPath:/opt/src/hadoop-ozone/integration-test/target/test-dir/MiniOzoneClusterImpl-869c8c0d-6a5a-4d77-b402-f67e80feef85/datanode-0/data/containers/hdds/02d1f6b8-f026-4f59-9974-24481a7be2f4/current/containerDir0/1/metadata/1-dn-container.db
java.io.IOException: Failed init RocksDB, db path : /opt/src/hadoop-ozone/integration-test/target/test-dir/MiniOzoneClusterImpl-869c8c0d-6a5a-4d77-b402-f67e80feef85/datanode-0/data/containers/hdds/02d1f6b8-f026-4f59-9974-24481a7be2f4/current/containerDir0/1/metadata/1-dn-container.db
	at org.apache.hadoop.utils.RocksDBStore.<init>(RocksDBStore.java:87)
	at org.apache.hadoop.utils.MetadataStoreBuilder.build(MetadataStoreBuilder.java:137)
	at org.apache.hadoop.ozone.container.common.utils.ContainerCache.getDB(ContainerCache.java:129)
	at org.apache.hadoop.ozone.container.keyvalue.helpers.BlockUtils.getDB(BlockUtils.java:77)
	at org.apache.hadoop.ozone.container.keyvalue.statemachine.background.BlockDeletingService$BlockDeletingTask.call(BlockDeletingService.java:188)
	at org.apache.hadoop.ozone.container.keyvalue.statemachine.background.BlockDeletingService$BlockDeletingTask.call(BlockDeletingService.java:172)
	at java.util.concurrent.FutureTask.run(FutureTask.java:266)
	at java.util.concurrent.Executors$RunnableAdapter.call(Executors.java:511)
	at java.util.concurrent.FutureTask.run(FutureTask.java:266)
	at java.util.concurrent.Executors$RunnableAdapter.call(Executors.java:511)
	at java.util.concurrent.FutureTask.run(FutureTask.java:266)
	at java.util.concurrent.ScheduledThreadPoolExecutor$ScheduledFutureTask.access$201(ScheduledThreadPoolExecutor.java:180)
	at java.util.concurrent.ScheduledThreadPoolExecutor$ScheduledFutureTask.run(ScheduledThreadPoolExecutor.java:293)
	at java.util.concurrent.ThreadPoolExecutor.runWorker(ThreadPoolExecutor.java:1149)
	at java.util.concurrent.ThreadPoolExecutor$Worker.run(ThreadPoolExecutor.java:624)
	at java.lang.Thread.run(Thread.java:748)
Caused by: org.rocksdb.RocksDBException: While mkdir if missing: /opt/src/hadoop-ozone/integration-test/target/test-dir/MiniOzoneClusterImpl-869c8c0d-6a5a-4d77-b402-f67e80feef85/datanode-0/data/containers/hdds/02d1f6b8-f026-4f59-9974-24481a7be2f4/current/containerDir0/1/metadata/1-dn-container.db: No such file or directory
	at org.rocksdb.RocksDB.open(Native Method)
	at org.rocksdb.RocksDB.open(RocksDB.java:231)
	at org.apache.hadoop.utils.RocksDBStore.<init>(RocksDBStore.java:71)
	... 15 more
2019-06-12 13:50:46,446 INFO  server.SCMClientProtocolServer (SCMClientProtocolServer.java:start(149)) - RPC server for Client  is listening at /0.0.0.0:39577
2019-06-12 13:50:46,447 ERROR utils.ContainerCache (ContainerCache.java:getDB(137)) - Error opening DB. Container:5 ContainerPath:/opt/src/hadoop-ozone/integration-test/target/test-dir/MiniOzoneClusterImpl-869c8c0d-6a5a-4d77-b402-f67e80feef85/datanode-0/data/containers/hdds/02d1f6b8-f026-4f59-9974-24481a7be2f4/current/containerDir0/5/metadata/5-dn-container.db
java.io.IOException: Failed init RocksDB, db path : /opt/src/hadoop-ozone/integration-test/target/test-dir/MiniOzoneClusterImpl-869c8c0d-6a5a-4d77-b402-f67e80feef85/datanode-0/data/containers/hdds/02d1f6b8-f026-4f59-9974-24481a7be2f4/current/containerDir0/5/metadata/5-dn-container.db
	at org.apache.hadoop.utils.RocksDBStore.<init>(RocksDBStore.java:87)
	at org.apache.hadoop.utils.MetadataStoreBuilder.build(MetadataStoreBuilder.java:137)
	at org.apache.hadoop.ozone.container.common.utils.ContainerCache.getDB(ContainerCache.java:129)
	at org.apache.hadoop.ozone.container.keyvalue.helpers.BlockUtils.getDB(BlockUtils.java:77)
	at org.apache.hadoop.ozone.container.keyvalue.statemachine.background.BlockDeletingService$BlockDeletingTask.call(BlockDeletingService.java:188)
	at org.apache.hadoop.ozone.container.keyvalue.statemachine.background.BlockDeletingService$BlockDeletingTask.call(BlockDeletingService.java:172)
	at java.util.concurrent.FutureTask.run(FutureTask.java:266)
	at java.util.concurrent.Executors$RunnableAdapter.call(Executors.java:511)
	at java.util.concurrent.FutureTask.run(FutureTask.java:266)
	at java.util.concurrent.Executors$RunnableAdapter.call(Executors.java:511)
	at java.util.concurrent.FutureTask.run(FutureTask.java:266)
	at java.util.concurrent.ScheduledThreadPoolExecutor$ScheduledFutureTask.access$201(ScheduledThreadPoolExecutor.java:180)
	at java.util.concurrent.ScheduledThreadPoolExecutor$ScheduledFutureTask.run(ScheduledThreadPoolExecutor.java:293)
	at java.util.concurrent.ThreadPoolExecutor.runWorker(ThreadPoolExecutor.java:1149)
	at java.util.concurrent.ThreadPoolExecutor$Worker.run(ThreadPoolExecutor.java:624)
	at java.lang.Thread.run(Thread.java:748)
Caused by: org.rocksdb.RocksDBException: While mkdir if missing: /opt/src/hadoop-ozone/integration-test/target/test-dir/MiniOzoneClusterImpl-869c8c0d-6a5a-4d77-b402-f67e80feef85/datanode-0/data/containers/hdds/02d1f6b8-f026-4f59-9974-24481a7be2f4/current/containerDir0/5/metadata/5-dn-container.db: No such file or directory
	at org.rocksdb.RocksDB.open(Native Method)
	at org.rocksdb.RocksDB.open(RocksDB.java:231)
	at org.apache.hadoop.utils.RocksDBStore.<init>(RocksDBStore.java:71)
	... 15 more
2019-06-12 13:50:46,448 WARN  utils.BackgroundService (BackgroundService.java:lambda$run$0(135)) - Background task fails to execute, retrying in next interval
java.util.concurrent.ExecutionException: org.apache.hadoop.hdds.scm.container.common.helpers.StorageContainerException: Error opening DB. Container:5 ContainerPath:/opt/src/hadoop-ozone/integration-test/target/test-dir/MiniOzoneClusterImpl-869c8c0d-6a5a-4d77-b402-f67e80feef85/datanode-0/data/containers/hdds/02d1f6b8-f026-4f59-9974-24481a7be2f4/current/containerDir0/5/metadata/5-dn-container.db
	at java.util.concurrent.FutureTask.report(FutureTask.java:122)
	at java.util.concurrent.FutureTask.get(FutureTask.java:206)
	at org.apache.hadoop.utils.BackgroundService$PeriodicalTask.lambda$run$0(BackgroundService.java:129)
	at java.util.stream.ForEachOps$ForEachOp$OfRef.accept(ForEachOps.java:184)
	at java.util.ArrayList$ArrayListSpliterator.forEachRemaining(ArrayList.java:1382)
	at java.util.stream.AbstractPipeline.copyInto(AbstractPipeline.java:482)
	at java.util.stream.ForEachOps$ForEachTask.compute(ForEachOps.java:291)
	at java.util.concurrent.CountedCompleter.exec(CountedCompleter.java:731)
	at java.util.concurrent.ForkJoinTask.doExec(ForkJoinTask.java:289)
	at java.util.concurrent.ForkJoinPool$WorkQueue.runTask(ForkJoinPool.java:1056)
	at java.util.concurrent.ForkJoinPool.runWorker(ForkJoinPool.java:1692)
	at java.util.concurrent.ForkJoinWorkerThread.run(ForkJoinWorkerThread.java:157)
Caused by: org.apache.hadoop.hdds.scm.container.common.helpers.StorageContainerException: Error opening DB. Container:5 ContainerPath:/opt/src/hadoop-ozone/integration-test/target/test-dir/MiniOzoneClusterImpl-869c8c0d-6a5a-4d77-b402-f67e80feef85/datanode-0/data/containers/hdds/02d1f6b8-f026-4f59-9974-24481a7be2f4/current/containerDir0/5/metadata/5-dn-container.db
	at org.apache.hadoop.ozone.container.keyvalue.helpers.BlockUtils.getDB(BlockUtils.java:84)
	at org.apache.hadoop.ozone.container.keyvalue.statemachine.background.BlockDeletingService$BlockDeletingTask.call(BlockDeletingService.java:188)
	at org.apache.hadoop.ozone.container.keyvalue.statemachine.background.BlockDeletingService$BlockDeletingTask.call(BlockDeletingService.java:172)
	at java.util.concurrent.FutureTask.run(FutureTask.java:266)
	at java.util.concurrent.Executors$RunnableAdapter.call(Executors.java:511)
	at java.util.concurrent.FutureTask.run(FutureTask.java:266)
	at java.util.concurrent.Executors$RunnableAdapter.call(Executors.java:511)
	at java.util.concurrent.FutureTask.run(FutureTask.java:266)
	at java.util.concurrent.ScheduledThreadPoolExecutor$ScheduledFutureTask.access$201(ScheduledThreadPoolExecutor.java:180)
	at java.util.concurrent.ScheduledThreadPoolExecutor$ScheduledFutureTask.run(ScheduledThreadPoolExecutor.java:293)
	at java.util.concurrent.ThreadPoolExecutor.runWorker(ThreadPoolExecutor.java:1149)
	at java.util.concurrent.ThreadPoolExecutor$Worker.run(ThreadPoolExecutor.java:624)
	at java.lang.Thread.run(Thread.java:748)
2019-06-12 13:50:46,449 INFO  ipc.Server (Server.java:run(1314)) - IPC Server Responder: starting
2019-06-12 13:50:46,449 INFO  ipc.Server (Server.java:run(1153)) - IPC Server listener on 39577: starting
2019-06-12 13:50:46,448 ERROR utils.ContainerCache (ContainerCache.java:getDB(137)) - Error opening DB. Container:4 ContainerPath:/opt/src/hadoop-ozone/integration-test/target/test-dir/MiniOzoneClusterImpl-869c8c0d-6a5a-4d77-b402-f67e80feef85/datanode-0/data/containers/hdds/02d1f6b8-f026-4f59-9974-24481a7be2f4/current/containerDir0/4/metadata/4-dn-container.db
java.io.IOException: Failed init RocksDB, db path : /opt/src/hadoop-ozone/integration-test/target/test-dir/MiniOzoneClusterImpl-869c8c0d-6a5a-4d77-b402-f67e80feef85/datanode-0/data/containers/hdds/02d1f6b8-f026-4f59-9974-24481a7be2f4/current/containerDir0/4/metadata/4-dn-container.db
	at org.apache.hadoop.utils.RocksDBStore.<init>(RocksDBStore.java:87)
	at org.apache.hadoop.utils.MetadataStoreBuilder.build(MetadataStoreBuilder.java:137)
	at org.apache.hadoop.ozone.container.common.utils.ContainerCache.getDB(ContainerCache.java:129)
	at org.apache.hadoop.ozone.container.keyvalue.helpers.BlockUtils.getDB(BlockUtils.java:77)
	at org.apache.hadoop.ozone.container.keyvalue.statemachine.background.BlockDeletingService$BlockDeletingTask.call(BlockDeletingService.java:188)
	at org.apache.hadoop.ozone.container.keyvalue.statemachine.background.BlockDeletingService$BlockDeletingTask.call(BlockDeletingService.java:172)
	at java.util.concurrent.FutureTask.run(FutureTask.java:266)
	at java.util.concurrent.Executors$RunnableAdapter.call(Executors.java:511)
	at java.util.concurrent.FutureTask.run(FutureTask.java:266)
	at java.util.concurrent.Executors$RunnableAdapter.call(Executors.java:511)
	at java.util.concurrent.FutureTask.run(FutureTask.java:266)
	at java.util.concurrent.ScheduledThreadPoolExecutor$ScheduledFutureTask.access$201(ScheduledThreadPoolExecutor.java:180)
	at java.util.concurrent.ScheduledThreadPoolExecutor$ScheduledFutureTask.run(ScheduledThreadPoolExecutor.java:293)
	at java.util.concurrent.ThreadPoolExecutor.runWorker(ThreadPoolExecutor.java:1149)
	at java.util.concurrent.ThreadPoolExecutor$Worker.run(ThreadPoolExecutor.java:624)
	at java.lang.Thread.run(Thread.java:748)
Caused by: org.rocksdb.RocksDBException: While mkdir if missing: /opt/src/hadoop-ozone/integration-test/target/test-dir/MiniOzoneClusterImpl-869c8c0d-6a5a-4d77-b402-f67e80feef85/datanode-0/data/containers/hdds/02d1f6b8-f026-4f59-9974-24481a7be2f4/current/containerDir0/4/metadata/4-dn-container.db: No such file or directory
	at org.rocksdb.RocksDB.open(Native Method)
	at org.rocksdb.RocksDB.open(RocksDB.java:231)
	at org.apache.hadoop.utils.RocksDBStore.<init>(RocksDBStore.java:71)
	... 15 more
2019-06-12 13:50:46,449 WARN  utils.BackgroundService (BackgroundService.java:lambda$run$0(135)) - Background task fails to execute, retrying in next interval
java.util.concurrent.ExecutionException: org.apache.hadoop.hdds.scm.container.common.helpers.StorageContainerException: Error opening DB. Container:1 ContainerPath:/opt/src/hadoop-ozone/integration-test/target/test-dir/MiniOzoneClusterImpl-869c8c0d-6a5a-4d77-b402-f67e80feef85/datanode-0/data/containers/hdds/02d1f6b8-f026-4f59-9974-24481a7be2f4/current/containerDir0/1/metadata/1-dn-container.db
	at java.util.concurrent.FutureTask.report(FutureTask.java:122)
	at java.util.concurrent.FutureTask.get(FutureTask.java:206)
	at org.apache.hadoop.utils.BackgroundService$PeriodicalTask.lambda$run$0(BackgroundService.java:129)
	at java.util.stream.ForEachOps$ForEachOp$OfRef.accept(ForEachOps.java:184)
	at java.util.ArrayList$ArrayListSpliterator.forEachRemaining(ArrayList.java:1382)
	at java.util.stream.AbstractPipeline.copyInto(AbstractPipeline.java:482)
	at java.util.stream.ForEachOps$ForEachTask.compute(ForEachOps.java:291)
	at java.util.concurrent.CountedCompleter.exec(CountedCompleter.java:731)
	at java.util.concurrent.ForkJoinTask.doExec(ForkJoinTask.java:289)
	at java.util.concurrent.ForkJoinPool$WorkQueue.execLocalTasks(ForkJoinPool.java:1040)
	at java.util.concurrent.ForkJoinPool$WorkQueue.runTask(ForkJoinPool.java:1058)
	at java.util.concurrent.ForkJoinPool.runWorker(ForkJoinPool.java:1692)
	at java.util.concurrent.ForkJoinWorkerThread.run(ForkJoinWorkerThread.java:157)
Caused by: org.apache.hadoop.hdds.scm.container.common.helpers.StorageContainerException: Error opening DB. Container:1 ContainerPath:/opt/src/hadoop-ozone/integration-test/target/test-dir/MiniOzoneClusterImpl-869c8c0d-6a5a-4d77-b402-f67e80feef85/datanode-0/data/containers/hdds/02d1f6b8-f026-4f59-9974-24481a7be2f4/current/containerDir0/1/metadata/1-dn-container.db
	at org.apache.hadoop.ozone.container.keyvalue.helpers.BlockUtils.getDB(BlockUtils.java:84)
	at org.apache.hadoop.ozone.container.keyvalue.statemachine.background.BlockDeletingService$BlockDeletingTask.call(BlockDeletingService.java:188)
	at org.apache.hadoop.ozone.container.keyvalue.statemachine.background.BlockDeletingService$BlockDeletingTask.call(BlockDeletingService.java:172)
	at java.util.concurrent.FutureTask.run(FutureTask.java:266)
	at java.util.concurrent.Executors$RunnableAdapter.call(Executors.java:511)
	at java.util.concurrent.FutureTask.run(FutureTask.java:266)
	at java.util.concurrent.Executors$RunnableAdapter.call(Executors.java:511)
	at java.util.concurrent.FutureTask.run(FutureTask.java:266)
	at java.util.concurrent.ScheduledThreadPoolExecutor$ScheduledFutureTask.access$201(ScheduledThreadPoolExecutor.java:180)
	at java.util.concurrent.ScheduledThreadPoolExecutor$ScheduledFutureTask.run(ScheduledThreadPoolExecutor.java:293)
	at java.util.concurrent.ThreadPoolExecutor.runWorker(ThreadPoolExecutor.java:1149)
	at java.util.concurrent.ThreadPoolExecutor$Worker.run(ThreadPoolExecutor.java:624)
	at java.lang.Thread.run(Thread.java:748)
2019-06-12 13:50:46,452 INFO  server.StorageContainerManager (StorageContainerManager.java:start(761)) - ScmBlockLocationProtocol RPC server is listening at /0.0.0.0:41929
2019-06-12 13:50:46,450 WARN  utils.BackgroundService (BackgroundService.java:lambda$run$0(135)) - Background task fails to execute, retrying in next interval
java.util.concurrent.ExecutionException: org.apache.hadoop.hdds.scm.container.common.helpers.StorageContainerException: Error opening DB. Container:4 ContainerPath:/opt/src/hadoop-ozone/integration-test/target/test-dir/MiniOzoneClusterImpl-869c8c0d-6a5a-4d77-b402-f67e80feef85/datanode-0/data/containers/hdds/02d1f6b8-f026-4f59-9974-24481a7be2f4/current/containerDir0/4/metadata/4-dn-container.db
	at java.util.concurrent.FutureTask.report(FutureTask.java:122)
	at java.util.concurrent.FutureTask.get(FutureTask.java:206)
	at org.apache.hadoop.utils.BackgroundService$PeriodicalTask.lambda$run$0(BackgroundService.java:129)
	at java.util.stream.ForEachOps$ForEachOp$OfRef.accept(ForEachOps.java:184)
	at java.util.ArrayList$ArrayListSpliterator.forEachRemaining(ArrayList.java:1382)
	at java.util.stream.AbstractPipeline.copyInto(AbstractPipeline.java:482)
	at java.util.stream.ForEachOps$ForEachTask.compute(ForEachOps.java:291)
	at java.util.concurrent.CountedCompleter.exec(CountedCompleter.java:731)
	at java.util.concurrent.ForkJoinTask.doExec(ForkJoinTask.java:289)
	at java.util.concurrent.ForkJoinTask.doInvoke(ForkJoinTask.java:401)
	at java.util.concurrent.ForkJoinTask.invoke(ForkJoinTask.java:734)
	at java.util.stream.ForEachOps$ForEachOp.evaluateParallel(ForEachOps.java:160)
	at java.util.stream.ForEachOps$ForEachOp$OfRef.evaluateParallel(ForEachOps.java:174)
	at java.util.stream.AbstractPipeline.evaluate(AbstractPipeline.java:233)
	at java.util.stream.ReferencePipeline.forEach(ReferencePipeline.java:418)
	at java.util.stream.ReferencePipeline$Head.forEach(ReferencePipeline.java:583)
	at org.apache.hadoop.utils.BackgroundService$PeriodicalTask.run(BackgroundService.java:125)
	at java.util.concurrent.Executors$RunnableAdapter.call(Executors.java:511)
	at java.util.concurrent.FutureTask.runAndReset(FutureTask.java:308)
	at java.util.concurrent.ScheduledThreadPoolExecutor$ScheduledFutureTask.access$301(ScheduledThreadPoolExecutor.java:180)
	at java.util.concurrent.ScheduledThreadPoolExecutor$ScheduledFutureTask.run(ScheduledThreadPoolExecutor.java:294)
	at java.util.concurrent.ThreadPoolExecutor.runWorker(ThreadPoolExecutor.java:1149)
	at java.util.concurrent.ThreadPoolExecutor$Worker.run(ThreadPoolExecutor.java:624)
	at java.lang.Thread.run(Thread.java:748)
Caused by: org.apache.hadoop.hdds.scm.container.common.helpers.StorageContainerException: Error opening DB. Container:4 ContainerPath:/opt/src/hadoop-ozone/integration-test/target/test-dir/MiniOzoneClusterImpl-869c8c0d-6a5a-4d77-b402-f67e80feef85/datanode-0/data/containers/hdds/02d1f6b8-f026-4f59-9974-24481a7be2f4/current/containerDir0/4/metadata/4-dn-container.db
	at org.apache.hadoop.ozone.container.keyvalue.helpers.BlockUtils.getDB(BlockUtils.java:84)
	at org.apache.hadoop.ozone.container.keyvalue.statemachine.background.BlockDeletingService$BlockDeletingTask.call(BlockDeletingService.java:188)
	at org.apache.hadoop.ozone.container.keyvalue.statemachine.background.BlockDeletingService$BlockDeletingTask.call(BlockDeletingService.java:172)
	at java.util.concurrent.FutureTask.run(FutureTask.java:266)
	at java.util.concurrent.Executors$RunnableAdapter.call(Executors.java:511)
	at java.util.concurrent.FutureTask.run(FutureTask.java:266)
	at java.util.concurrent.Executors$RunnableAdapter.call(Executors.java:511)
	at java.util.concurrent.FutureTask.run(FutureTask.java:266)
	at java.util.concurrent.ScheduledThreadPoolExecutor$ScheduledFutureTask.access$201(ScheduledThreadPoolExecutor.java:180)
	at java.util.concurrent.ScheduledThreadPoolExecutor$ScheduledFutureTask.run(ScheduledThreadPoolExecutor.java:293)
	... 3 more
2019-06-12 13:50:46,450 ERROR utils.ContainerCache (ContainerCache.java:getDB(137)) - Error opening DB. Container:3 ContainerPath:/opt/src/hadoop-ozone/integration-test/target/test-dir/MiniOzoneClusterImpl-869c8c0d-6a5a-4d77-b402-f67e80feef85/datanode-0/data/containers/hdds/02d1f6b8-f026-4f59-9974-24481a7be2f4/current/containerDir0/3/metadata/3-dn-container.db
java.io.IOException: Failed init RocksDB, db path : /opt/src/hadoop-ozone/integration-test/target/test-dir/MiniOzoneClusterImpl-869c8c0d-6a5a-4d77-b402-f67e80feef85/datanode-0/data/containers/hdds/02d1f6b8-f026-4f59-9974-24481a7be2f4/current/containerDir0/3/metadata/3-dn-container.db
	at org.apache.hadoop.utils.RocksDBStore.<init>(RocksDBStore.java:87)
	at org.apache.hadoop.utils.MetadataStoreBuilder.build(MetadataStoreBuilder.java:137)
	at org.apache.hadoop.ozone.container.common.utils.ContainerCache.getDB(ContainerCache.java:129)
	at org.apache.hadoop.ozone.container.keyvalue.helpers.BlockUtils.getDB(BlockUtils.java:77)
	at org.apache.hadoop.ozone.container.keyvalue.statemachine.background.BlockDeletingService$BlockDeletingTask.call(BlockDeletingService.java:188)
	at org.apache.hadoop.ozone.container.keyvalue.statemachine.background.BlockDeletingService$BlockDeletingTask.call(BlockDeletingService.java:172)
	at java.util.concurrent.FutureTask.run(FutureTask.java:266)
	at java.util.concurrent.Executors$RunnableAdapter.call(Executors.java:511)
	at java.util.concurrent.FutureTask.run(FutureTask.java:266)
	at java.util.concurrent.Executors$RunnableAdapter.call(Executors.java:511)
	at java.util.concurrent.FutureTask.run(FutureTask.java:266)
	at java.util.concurrent.ScheduledThreadPoolExecutor$ScheduledFutureTask.access$201(ScheduledThreadPoolExecutor.java:180)
	at java.util.concurrent.ScheduledThreadPoolExecutor$ScheduledFutureTask.run(ScheduledThreadPoolExecutor.java:293)
	at java.util.concurrent.ThreadPoolExecutor.runWorker(ThreadPoolExecutor.java:1149)
	at java.util.concurrent.ThreadPoolExecutor$Worker.run(ThreadPoolExecutor.java:624)
	at java.lang.Thread.run(Thread.java:748)
Caused by: org.rocksdb.RocksDBException: While mkdir if missing: /opt/src/hadoop-ozone/integration-test/target/test-dir/MiniOzoneClusterImpl-869c8c0d-6a5a-4d77-b402-f67e80feef85/datanode-0/data/containers/hdds/02d1f6b8-f026-4f59-9974-24481a7be2f4/current/containerDir0/3/metadata/3-dn-container.db: No such file or directory
	at org.rocksdb.RocksDB.open(Native Method)
	at org.rocksdb.RocksDB.open(RocksDB.java:231)
	at org.apache.hadoop.utils.RocksDBStore.<init>(RocksDBStore.java:71)
	... 15 more
2019-06-12 13:50:46,465 INFO  server.SCMBlockProtocolServer (SCMBlockProtocolServer.java:start(137)) - RPC server for Block Protocol is listening at /0.0.0.0:41929
2019-06-12 13:50:46,466 ERROR utils.ContainerCache (ContainerCache.java:getDB(137)) - Error opening DB. Container:2 ContainerPath:/opt/src/hadoop-ozone/integration-test/target/test-dir/MiniOzoneClusterImpl-869c8c0d-6a5a-4d77-b402-f67e80feef85/datanode-0/data/containers/hdds/02d1f6b8-f026-4f59-9974-24481a7be2f4/current/containerDir0/2/metadata/2-dn-container.db
java.io.IOException: Failed init RocksDB, db path : /opt/src/hadoop-ozone/integration-test/target/test-dir/MiniOzoneClusterImpl-869c8c0d-6a5a-4d77-b402-f67e80feef85/datanode-0/data/containers/hdds/02d1f6b8-f026-4f59-9974-24481a7be2f4/current/containerDir0/2/metadata/2-dn-container.db
	at org.apache.hadoop.utils.RocksDBStore.<init>(RocksDBStore.java:87)
	at org.apache.hadoop.utils.MetadataStoreBuilder.build(MetadataStoreBuilder.java:137)
	at org.apache.hadoop.ozone.container.common.utils.ContainerCache.getDB(ContainerCache.java:129)
	at org.apache.hadoop.ozone.container.keyvalue.helpers.BlockUtils.getDB(BlockUtils.java:77)
	at org.apache.hadoop.ozone.container.keyvalue.statemachine.background.BlockDeletingService$BlockDeletingTask.call(BlockDeletingService.java:188)
	at org.apache.hadoop.ozone.container.keyvalue.statemachine.background.BlockDeletingService$BlockDeletingTask.call(BlockDeletingService.java:172)
	at java.util.concurrent.FutureTask.run(FutureTask.java:266)
	at java.util.concurrent.Executors$RunnableAdapter.call(Executors.java:511)
	at java.util.concurrent.FutureTask.run(FutureTask.java:266)
	at java.util.concurrent.Executors$RunnableAdapter.call(Executors.java:511)
	at java.util.concurrent.FutureTask.run(FutureTask.java:266)
	at java.util.concurrent.ScheduledThreadPoolExecutor$ScheduledFutureTask.access$201(ScheduledThreadPoolExecutor.java:180)
	at java.util.concurrent.ScheduledThreadPoolExecutor$ScheduledFutureTask.run(ScheduledThreadPoolExecutor.java:293)
	at java.util.concurrent.ThreadPoolExecutor.runWorker(ThreadPoolExecutor.java:1149)
	at java.util.concurrent.ThreadPoolExecutor$Worker.run(ThreadPoolExecutor.java:624)
	at java.lang.Thread.run(Thread.java:748)
Caused by: org.rocksdb.RocksDBException: While mkdir if missing: /opt/src/hadoop-ozone/integration-test/target/test-dir/MiniOzoneClusterImpl-869c8c0d-6a5a-4d77-b402-f67e80feef85/datanode-0/data/containers/hdds/02d1f6b8-f026-4f59-9974-24481a7be2f4/current/containerDir0/2/metadata/2-dn-container.db: No such file or directory
	at org.rocksdb.RocksDB.open(Native Method)
	at org.rocksdb.RocksDB.open(RocksDB.java:231)
	at org.apache.hadoop.utils.RocksDBStore.<init>(RocksDBStore.java:71)
	... 15 more
2019-06-12 13:50:46,466 WARN  utils.BackgroundService (BackgroundService.java:lambda$run$0(135)) - Background task fails to execute, retrying in next interval
java.util.concurrent.ExecutionException: org.apache.hadoop.hdds.scm.container.common.helpers.StorageContainerException: Error opening DB. Container:3 ContainerPath:/opt/src/hadoop-ozone/integration-test/target/test-dir/MiniOzoneClusterImpl-869c8c0d-6a5a-4d77-b402-f67e80feef85/datanode-0/data/containers/hdds/02d1f6b8-f026-4f59-9974-24481a7be2f4/current/containerDir0/3/metadata/3-dn-container.db
	at java.util.concurrent.FutureTask.report(FutureTask.java:122)
	at java.util.concurrent.FutureTask.get(FutureTask.java:206)
	at org.apache.hadoop.utils.BackgroundService$PeriodicalTask.lambda$run$0(BackgroundService.java:129)
	at java.util.stream.ForEachOps$ForEachOp$OfRef.accept(ForEachOps.java:184)
	at java.util.ArrayList$ArrayListSpliterator.forEachRemaining(ArrayList.java:1382)
	at java.util.stream.AbstractPipeline.copyInto(AbstractPipeline.java:482)
	at java.util.stream.ForEachOps$ForEachTask.compute(ForEachOps.java:291)
	at java.util.concurrent.CountedCompleter.exec(CountedCompleter.java:731)
	at java.util.concurrent.ForkJoinTask.doExec(ForkJoinTask.java:289)
	at java.util.concurrent.ForkJoinPool$WorkQueue.pollAndExecCC(ForkJoinPool.java:1190)
	at java.util.concurrent.ForkJoinPool.helpComplete(ForkJoinPool.java:1879)
	at java.util.concurrent.ForkJoinPool.externalHelpComplete(ForkJoinPool.java:2467)
	at java.util.concurrent.ForkJoinTask.externalAwaitDone(ForkJoinTask.java:324)
	at java.util.concurrent.ForkJoinTask.doInvoke(ForkJoinTask.java:405)
	at java.util.concurrent.ForkJoinTask.invoke(ForkJoinTask.java:734)
	at java.util.stream.ForEachOps$ForEachOp.evaluateParallel(ForEachOps.java:160)
	at java.util.stream.ForEachOps$ForEachOp$OfRef.evaluateParallel(ForEachOps.java:174)
	at java.util.stream.AbstractPipeline.evaluate(AbstractPipeline.java:233)
	at java.util.stream.ReferencePipeline.forEach(ReferencePipeline.java:418)
	at java.util.stream.ReferencePipeline$Head.forEach(ReferencePipeline.java:583)
	at org.apache.hadoop.utils.BackgroundService$PeriodicalTask.run(BackgroundService.java:125)
	at java.util.concurrent.Executors$RunnableAdapter.call(Executors.java:511)
	at java.util.concurrent.FutureTask.runAndReset(FutureTask.java:308)
	at java.util.concurrent.ScheduledThreadPoolExecutor$ScheduledFutureTask.access$301(ScheduledThreadPoolExecutor.java:180)
	at java.util.concurrent.ScheduledThreadPoolExecutor$ScheduledFutureTask.run(ScheduledThreadPoolExecutor.java:294)
	at java.util.concurrent.ThreadPoolExecutor.runWorker(ThreadPoolExecutor.java:1149)
	at java.util.concurrent.ThreadPoolExecutor$Worker.run(ThreadPoolExecutor.java:624)
	at java.lang.Thread.run(Thread.java:748)
Caused by: org.apache.hadoop.hdds.scm.container.common.helpers.StorageContainerException: Error opening DB. Container:3 ContainerPath:/opt/src/hadoop-ozone/integration-test/target/test-dir/MiniOzoneClusterImpl-869c8c0d-6a5a-4d77-b402-f67e80feef85/datanode-0/data/containers/hdds/02d1f6b8-f026-4f59-9974-24481a7be2f4/current/containerDir0/3/metadata/3-dn-container.db
	at org.apache.hadoop.ozone.container.keyvalue.helpers.BlockUtils.getDB(BlockUtils.java:84)
	at org.apache.hadoop.ozone.container.keyvalue.statemachine.background.BlockDeletingService$BlockDeletingTask.call(BlockDeletingService.java:188)
	at org.apache.hadoop.ozone.container.keyvalue.statemachine.background.BlockDeletingService$BlockDeletingTask.call(BlockDeletingService.java:172)
	at java.util.concurrent.FutureTask.run(FutureTask.java:266)
	at java.util.concurrent.Executors$RunnableAdapter.call(Executors.java:511)
	at java.util.concurrent.FutureTask.run(FutureTask.java:266)
	at java.util.concurrent.Executors$RunnableAdapter.call(Executors.java:511)
	at java.util.concurrent.FutureTask.run(FutureTask.java:266)
	at java.util.concurrent.ScheduledThreadPoolExecutor$ScheduledFutureTask.access$201(ScheduledThreadPoolExecutor.java:180)
	at java.util.concurrent.ScheduledThreadPoolExecutor$ScheduledFutureTask.run(ScheduledThreadPoolExecutor.java:293)
	... 3 more
2019-06-12 13:50:46,467 WARN  utils.BackgroundService (BackgroundService.java:lambda$run$0(135)) - Background task fails to execute, retrying in next interval
java.util.concurrent.ExecutionException: org.apache.hadoop.hdds.scm.container.common.helpers.StorageContainerException: Error opening DB. Container:2 ContainerPath:/opt/src/hadoop-ozone/integration-test/target/test-dir/MiniOzoneClusterImpl-869c8c0d-6a5a-4d77-b402-f67e80feef85/datanode-0/data/containers/hdds/02d1f6b8-f026-4f59-9974-24481a7be2f4/current/containerDir0/2/metadata/2-dn-container.db
	at java.util.concurrent.FutureTask.report(FutureTask.java:122)
	at java.util.concurrent.FutureTask.get(FutureTask.java:206)
	at org.apache.hadoop.utils.BackgroundService$PeriodicalTask.lambda$run$0(BackgroundService.java:129)
	at java.util.stream.ForEachOps$ForEachOp$OfRef.accept(ForEachOps.java:184)
	at java.util.ArrayList$ArrayListSpliterator.forEachRemaining(ArrayList.java:1382)
	at java.util.stream.AbstractPipeline.copyInto(AbstractPipeline.java:482)
	at java.util.stream.ForEachOps$ForEachTask.compute(ForEachOps.java:291)
	at java.util.concurrent.CountedCompleter.exec(CountedCompleter.java:731)
	at java.util.concurrent.ForkJoinTask.doExec(ForkJoinTask.java:289)
	at java.util.concurrent.ForkJoinPool$WorkQueue.runTask(ForkJoinPool.java:1056)
	at java.util.concurrent.ForkJoinPool.runWorker(ForkJoinPool.java:1692)
	at java.util.concurrent.ForkJoinWorkerThread.run(ForkJoinWorkerThread.java:157)
Caused by: org.apache.hadoop.hdds.scm.container.common.helpers.StorageContainerException: Error opening DB. Container:2 ContainerPath:/opt/src/hadoop-ozone/integration-test/target/test-dir/MiniOzoneClusterImpl-869c8c0d-6a5a-4d77-b402-f67e80feef85/datanode-0/data/containers/hdds/02d1f6b8-f026-4f59-9974-24481a7be2f4/current/containerDir0/2/metadata/2-dn-container.db
	at org.apache.hadoop.ozone.container.keyvalue.helpers.BlockUtils.getDB(BlockUtils.java:84)
	at org.apache.hadoop.ozone.container.keyvalue.statemachine.background.BlockDeletingService$BlockDeletingTask.call(BlockDeletingService.java:188)
	at org.apache.hadoop.ozone.container.keyvalue.statemachine.background.BlockDeletingService$BlockDeletingTask.call(BlockDeletingService.java:172)
	at java.util.concurrent.FutureTask.run(FutureTask.java:266)
	at java.util.concurrent.Executors$RunnableAdapter.call(Executors.java:511)
	at java.util.concurrent.FutureTask.run(FutureTask.java:266)
	at java.util.concurrent.Executors$RunnableAdapter.call(Executors.java:511)
	at java.util.concurrent.FutureTask.run(FutureTask.java:266)
	at java.util.concurrent.ScheduledThreadPoolExecutor$ScheduledFutureTask.access$201(ScheduledThreadPoolExecutor.java:180)
	at java.util.concurrent.ScheduledThreadPoolExecutor$ScheduledFutureTask.run(ScheduledThreadPoolExecutor.java:293)
	at java.util.concurrent.ThreadPoolExecutor.runWorker(ThreadPoolExecutor.java:1149)
	at java.util.concurrent.ThreadPoolExecutor$Worker.run(ThreadPoolExecutor.java:624)
	at java.lang.Thread.run(Thread.java:748)
2019-06-12 13:50:46,467 INFO  ipc.Server (Server.java:run(1153)) - IPC Server listener on 41929: starting
2019-06-12 13:50:46,467 INFO  ipc.Server (Server.java:run(1314)) - IPC Server Responder: starting
2019-06-12 13:50:46,480 INFO  server.StorageContainerManager (StorageContainerManager.java:start(765)) - ScmDatanodeProtocl RPC server is listening at /0.0.0.0:33429
2019-06-12 13:50:46,480 INFO  server.SCMDatanodeProtocolServer (SCMDatanodeProtocolServer.java:start(191)) - RPC server for DataNodes is listening at /0.0.0.0:33429
2019-06-12 13:50:46,480 INFO  ipc.Server (Server.java:run(1314)) - IPC Server Responder: starting
2019-06-12 13:50:46,480 INFO  ipc.Server (Server.java:run(1153)) - IPC Server listener on 33429: starting
2019-06-12 13:50:46,484 INFO  http.HttpServer2 (HttpServer2.java:bindListener(1191)) - Jetty bound to port 44671
2019-06-12 13:50:46,484 INFO  server.Server (Server.java:doStart(351)) - jetty-9.3.24.v20180605, build timestamp: 2018-06-05T17:11:56Z, git hash: 84205aa28f11a4f31f2a3b86d1bba2cc8ab69827
2019-06-12 13:50:46,488 INFO  handler.ContextHandler (ContextHandler.java:doStart(781)) - Started o.e.j.s.ServletContextHandler@3397bb61{/logs,file:///opt/src/hadoop-ozone/integration-test/target/log,AVAILABLE}
2019-06-12 13:50:46,488 INFO  handler.ContextHandler (ContextHandler.java:doStart(781)) - Started o.e.j.s.ServletContextHandler@354c6255{/static,file:///opt/src/hadoop-ozone/integration-test/target/test-classes/webapps/static,AVAILABLE}
2019-06-12 13:50:46,491 INFO  handler.ContextHandler (ContextHandler.java:doStart(781)) - Started o.e.j.w.WebAppContext@5b8c2f7a{/,file:///opt/src/hadoop-ozone/integration-test/target/test-classes/webapps/scm/,AVAILABLE}{/scm}
2019-06-12 13:50:46,492 INFO  server.AbstractConnector (AbstractConnector.java:doStart(278)) - Started ServerConnector@4cf53436{HTTP/1.1,[http/1.1]}{0.0.0.0:44671}
2019-06-12 13:50:46,492 INFO  server.Server (Server.java:doStart(419)) - Started @12101ms
2019-06-12 13:50:46,493 INFO  server.BaseHttpServer (BaseHttpServer.java:updateConnectorAddress(207)) - HTTP server of SCM is listening at http://0.0.0.0:44671
2019-06-12 13:50:46,493 WARN  scm.ScmUtils (ScmUtils.java:getDBPath(63)) - ozone.om.db.dirs is not configured. We recommend adding this setting. Falling back to ozone.metadata.dirs instead.
2019-06-12 13:50:46,494 INFO  util.JvmPauseMonitor (JvmPauseMonitor.java:run(188)) - Starting JVM pause monitor
2019-06-12 13:50:46,496 WARN  scm.ScmUtils (ScmUtils.java:getDBPath(63)) - ozone.om.db.dirs is not configured. We recommend adding this setting. Falling back to ozone.metadata.dirs instead.
2019-06-12 13:50:46,496 INFO  om.OzoneManager (OzoneManager.java:setOMNodeDetails(519)) - OM Service ID is not set. Setting it to the default ID: omServiceIdDefault
2019-06-12 13:50:46,496 INFO  om.OzoneManager (OzoneManager.java:setOMNodeDetails(525)) - OM Node ID is not set. Setting it to the OmStorage's OmID: 217ce361-0419-47d5-be0d-3fbee2ec4e67
2019-06-12 13:50:46,496 WARN  scm.HddsServerUtil (HddsServerUtil.java:getDefaultRatisDirectory(354)) - Storage directory for Ratis is not configured. It is a good idea to map this to an SSD disk. Falling back to ozone.metadata.dirs
2019-06-12 13:50:46,497 WARN  scm.HddsServerUtil (HddsServerUtil.java:getDefaultRatisDirectory(354)) - Storage directory for Ratis is not configured. It is a good idea to map this to an SSD disk. Falling back to ozone.metadata.dirs
2019-06-12 13:50:46,497 INFO  om.OzoneManager (OzoneManager.java:loadOMHAConfigs(476)) - Found matching OM address with OMServiceId: null, OMNodeId: null, RPC Address: localhost:0 and Ratis port: 9872
2019-06-12 13:50:46,501 WARN  scm.ScmUtils (ScmUtils.java:getDBPath(63)) - ozone.om.db.dirs is not configured. We recommend adding this setting. Falling back to ozone.metadata.dirs instead.
2019-06-12 13:50:46,501 INFO  db.DBStoreBuilder (DBStoreBuilder.java:addTable(110)) - using custom profile for table: userTable
2019-06-12 13:50:46,501 INFO  db.DBStoreBuilder (DBStoreBuilder.java:processTables(161)) - Using default column profile:DBProfile.DISK for Table:userTable
2019-06-12 13:50:46,502 INFO  db.DBStoreBuilder (DBStoreBuilder.java:addTable(110)) - using custom profile for table: volumeTable
2019-06-12 13:50:46,502 INFO  db.DBStoreBuilder (DBStoreBuilder.java:processTables(161)) - Using default column profile:DBProfile.DISK for Table:volumeTable
2019-06-12 13:50:46,502 INFO  db.DBStoreBuilder (DBStoreBuilder.java:addTable(110)) - using custom profile for table: bucketTable
2019-06-12 13:50:46,502 INFO  db.DBStoreBuilder (DBStoreBuilder.java:processTables(161)) - Using default column profile:DBProfile.DISK for Table:bucketTable
2019-06-12 13:50:46,502 INFO  db.DBStoreBuilder (DBStoreBuilder.java:addTable(110)) - using custom profile for table: keyTable
2019-06-12 13:50:46,502 INFO  db.DBStoreBuilder (DBStoreBuilder.java:processTables(161)) - Using default column profile:DBProfile.DISK for Table:keyTable
2019-06-12 13:50:46,503 INFO  db.DBStoreBuilder (DBStoreBuilder.java:addTable(110)) - using custom profile for table: deletedTable
2019-06-12 13:50:46,503 INFO  db.DBStoreBuilder (DBStoreBuilder.java:processTables(161)) - Using default column profile:DBProfile.DISK for Table:deletedTable
2019-06-12 13:50:46,503 INFO  db.DBStoreBuilder (DBStoreBuilder.java:addTable(110)) - using custom profile for table: openKeyTable
2019-06-12 13:50:46,503 INFO  db.DBStoreBuilder (DBStoreBuilder.java:processTables(161)) - Using default column profile:DBProfile.DISK for Table:openKeyTable
2019-06-12 13:50:46,503 INFO  db.DBStoreBuilder (DBStoreBuilder.java:addTable(110)) - using custom profile for table: s3Table
2019-06-12 13:50:46,503 INFO  db.DBStoreBuilder (DBStoreBuilder.java:processTables(161)) - Using default column profile:DBProfile.DISK for Table:s3Table
2019-06-12 13:50:46,504 INFO  db.DBStoreBuilder (DBStoreBuilder.java:addTable(110)) - using custom profile for table: multipartInfoTable
2019-06-12 13:50:46,504 INFO  db.DBStoreBuilder (DBStoreBuilder.java:processTables(161)) - Using default column profile:DBProfile.DISK for Table:multipartInfoTable
2019-06-12 13:50:46,504 INFO  db.DBStoreBuilder (DBStoreBuilder.java:addTable(110)) - using custom profile for table: dTokenTable
2019-06-12 13:50:46,504 INFO  db.DBStoreBuilder (DBStoreBuilder.java:processTables(161)) - Using default column profile:DBProfile.DISK for Table:dTokenTable
2019-06-12 13:50:46,504 INFO  db.DBStoreBuilder (DBStoreBuilder.java:addTable(110)) - using custom profile for table: s3SecretTable
2019-06-12 13:50:46,504 INFO  db.DBStoreBuilder (DBStoreBuilder.java:processTables(161)) - Using default column profile:DBProfile.DISK for Table:s3SecretTable
2019-06-12 13:50:46,505 INFO  db.DBStoreBuilder (DBStoreBuilder.java:addTable(110)) - using custom profile for table: prefixTable
2019-06-12 13:50:46,505 INFO  db.DBStoreBuilder (DBStoreBuilder.java:processTables(161)) - Using default column profile:DBProfile.DISK for Table:prefixTable
2019-06-12 13:50:46,505 INFO  db.DBStoreBuilder (DBStoreBuilder.java:addTable(110)) - using custom profile for table: default
2019-06-12 13:50:46,505 INFO  db.DBStoreBuilder (DBStoreBuilder.java:processTables(167)) - Using default column profile:DBProfile.DISK for Table:default
2019-06-12 13:50:46,505 INFO  db.DBStoreBuilder (DBStoreBuilder.java:getDbProfile(198)) - Using default options. DBProfile.DISK
2019-06-12 13:50:46,644 INFO  ipc.CallQueueManager (CallQueueManager.java:<init>(84)) - Using callQueue: class java.util.concurrent.LinkedBlockingQueue, queueCapacity: 2000, scheduler: class org.apache.hadoop.ipc.DefaultRpcScheduler, ipcBackoff: false.
2019-06-12 13:50:46,645 INFO  ipc.Server (Server.java:run(1074)) - Starting Socket Reader #1 for port 36615
2019-06-12 13:50:46,658 WARN  scm.ScmUtils (ScmUtils.java:getDBPath(63)) - ozone.om.db.dirs is not configured. We recommend adding this setting. Falling back to ozone.metadata.dirs instead.
2019-06-12 13:50:46,658 INFO  om.OzoneManager (OzoneManager.java:start(1217)) - OzoneManager RPC server is listening at localhost/127.0.0.1:36615
2019-06-12 13:50:46,658 INFO  impl.MetricsSystemImpl (MetricsSystemImpl.java:init(158)) - OzoneManager metrics system started (again)
2019-06-12 13:50:46,659 INFO  ipc.Server (Server.java:run(1314)) - IPC Server Responder: starting
2019-06-12 13:50:46,659 INFO  ipc.Server (Server.java:run(1153)) - IPC Server listener on 36615: starting
2019-06-12 13:50:46,662 INFO  hdfs.DFSUtil (DFSUtil.java:httpServerTemplateForNNAndJN(1641)) - Starting Web-server for ozoneManager at: http://0.0.0.0:0
2019-06-12 13:50:46,663 INFO  server.AuthenticationFilter (AuthenticationFilter.java:constructSecretProvider(240)) - Unable to initialize FileSignerSecretProvider, falling back to use random secrets.
2019-06-12 13:50:46,664 WARN  http.HttpRequestLog (HttpRequestLog.java:getRequestLog(97)) - Jetty request log can only be enabled using Log4j
2019-06-12 13:50:46,665 INFO  http.HttpServer2 (HttpServer2.java:addGlobalFilter(975)) - Added global filter 'safety' (class=org.apache.hadoop.http.HttpServer2$QuotingInputFilter)
2019-06-12 13:50:46,666 INFO  http.HttpServer2 (HttpServer2.java:addFilter(948)) - Added filter static_user_filter (class=org.apache.hadoop.http.lib.StaticUserWebFilter$StaticUserFilter) to context ozoneManager
2019-06-12 13:50:46,666 INFO  http.HttpServer2 (HttpServer2.java:addFilter(958)) - Added filter static_user_filter (class=org.apache.hadoop.http.lib.StaticUserWebFilter$StaticUserFilter) to context logs
2019-06-12 13:50:46,666 INFO  http.HttpServer2 (HttpServer2.java:addFilter(958)) - Added filter static_user_filter (class=org.apache.hadoop.http.lib.StaticUserWebFilter$StaticUserFilter) to context static
2019-06-12 13:50:46,667 INFO  http.HttpServer2 (HttpServer2.java:bindListener(1191)) - Jetty bound to port 45765
2019-06-12 13:50:46,667 INFO  server.Server (Server.java:doStart(351)) - jetty-9.3.24.v20180605, build timestamp: 2018-06-05T17:11:56Z, git hash: 84205aa28f11a4f31f2a3b86d1bba2cc8ab69827
2019-06-12 13:50:46,668 INFO  handler.ContextHandler (ContextHandler.java:doStart(781)) - Started o.e.j.s.ServletContextHandler@3c57b026{/logs,file:///opt/src/hadoop-ozone/integration-test/target/log,AVAILABLE}
2019-06-12 13:50:46,669 INFO  handler.ContextHandler (ContextHandler.java:doStart(781)) - Started o.e.j.s.ServletContextHandler@1b9eeb80{/static,file:///opt/src/hadoop-ozone/integration-test/target/test-classes/webapps/static,AVAILABLE}
2019-06-12 13:50:46,672 INFO  handler.ContextHandler (ContextHandler.java:doStart(781)) - Started o.e.j.w.WebAppContext@247f898f{/,file:///opt/src/hadoop-ozone/integration-test/target/test-classes/webapps/ozoneManager/,AVAILABLE}{/ozoneManager}
2019-06-12 13:50:46,673 INFO  server.AbstractConnector (AbstractConnector.java:doStart(278)) - Started ServerConnector@7a8f1eeb{HTTP/1.1,[http/1.1]}{0.0.0.0:45765}
2019-06-12 13:50:46,673 INFO  server.Server (Server.java:doStart(419)) - Started @12281ms
2019-06-12 13:50:46,706 INFO  server.BaseHttpServer (BaseHttpServer.java:updateConnectorAddress(207)) - HTTP server of OZONEMANAGER is listening at http://0.0.0.0:45765
2019-06-12 13:50:46,709 INFO  impl.MetricsSystemImpl (MetricsSystemImpl.java:init(158)) - HddsDatanode metrics system started (again)
2019-06-12 13:50:46,709 INFO  ozone.HddsDatanodeService (HddsDatanodeService.java:start(185)) - HddsDatanodeService host:ozone-5qnff-1533938733 ip:192.168.11.194
2019-06-12 13:50:46,715 INFO  volume.HddsVolume (HddsVolume.java:<init>(176)) - Creating Volume: /opt/src/hadoop-ozone/integration-test/target/test-dir/MiniOzoneClusterImpl-5ea0d9c2-7a37-4159-b04b-3e8e010f21f0/datanode-0/data/containers/hdds of  storage type : DISK and capacity : 104021790720
2019-06-12 13:50:46,715 INFO  volume.VolumeSet (VolumeSet.java:initializeVolumeSet(170)) - Added Volume : /opt/src/hadoop-ozone/integration-test/target/test-dir/MiniOzoneClusterImpl-5ea0d9c2-7a37-4159-b04b-3e8e010f21f0/datanode-0/data/containers/hdds to VolumeSet
2019-06-12 13:50:46,716 INFO  volume.ThrottledAsyncChecker (ThrottledAsyncChecker.java:schedule(140)) - Scheduling a check for org.apache.hadoop.ozone.container.common.volume.HddsVolume@1a61a732
2019-06-12 13:50:46,716 INFO  volume.HddsVolumeChecker (HddsVolumeChecker.java:checkAllVolumes(203)) - Scheduled health check for volume org.apache.hadoop.ozone.container.common.volume.HddsVolume@1a61a732
2019-06-12 13:50:46,745 INFO  ratis.XceiverServerRatis (XceiverServerRatis.java:newXceiverServerRatis(401)) - Found a free port for the server : 35473
2019-06-12 13:50:46,747 INFO  impl.RaftServerProxy (ConfUtils.java:logGet(43)) - raft.rpc.type = GRPC (default)
2019-06-12 13:50:46,747 INFO  grpc.GrpcConfigKeys$Server (ConfUtils.java:logGet(43)) - raft.grpc.server.port = 35473 (custom)
2019-06-12 13:50:46,747 INFO  server.GrpcService (ConfUtils.java:logGet(43)) - raft.grpc.message.size.max = 33570816 (custom)
2019-06-12 13:50:46,747 INFO  server.RaftServerConfigKeys (ConfUtils.java:logGet(43)) - raft.server.log.appender.buffer.byte-limit = 33554432 (custom)
2019-06-12 13:50:46,748 INFO  server.GrpcService (ConfUtils.java:logGet(43)) - raft.grpc.flow.control.window = 1MB (=1048576) (default)
2019-06-12 13:50:46,748 INFO  server.RaftServerConfigKeys (ConfUtils.java:logGet(43)) - raft.server.rpc.request.timeout = 3000ms (default)
2019-06-12 13:50:46,748 INFO  server.RaftServerConfigKeys (ConfUtils.java:logGet(43)) - raft.server.storage.dir = [/opt/src/hadoop-ozone/integration-test/target/test-dir/MiniOzoneClusterImpl-5ea0d9c2-7a37-4159-b04b-3e8e010f21f0/datanode-0/data/ratis] (custom)
2019-06-12 13:50:46,748 INFO  server.XceiverServerGrpc (XceiverServerGrpc.java:<init>(97)) - Found a free port for the server : 44935
2019-06-12 13:50:46,749 INFO  replication.SimpleContainerDownloader (SimpleContainerDownloader.java:<init>(72)) - Starting container downloader service to copy containers to replicate.
2019-06-12 13:50:46,752 INFO  hdfs.DFSUtil (DFSUtil.java:httpServerTemplateForNNAndJN(1641)) - Starting Web-server for hddsDatanode at: http://0.0.0.0:0
2019-06-12 13:50:46,754 INFO  server.AuthenticationFilter (AuthenticationFilter.java:constructSecretProvider(240)) - Unable to initialize FileSignerSecretProvider, falling back to use random secrets.
2019-06-12 13:50:46,756 WARN  http.HttpRequestLog (HttpRequestLog.java:getRequestLog(97)) - Jetty request log can only be enabled using Log4j
2019-06-12 13:50:46,757 INFO  http.HttpServer2 (HttpServer2.java:addGlobalFilter(975)) - Added global filter 'safety' (class=org.apache.hadoop.http.HttpServer2$QuotingInputFilter)
2019-06-12 13:50:46,758 INFO  http.HttpServer2 (HttpServer2.java:addFilter(948)) - Added filter static_user_filter (class=org.apache.hadoop.http.lib.StaticUserWebFilter$StaticUserFilter) to context hddsDatanode
2019-06-12 13:50:46,758 INFO  http.HttpServer2 (HttpServer2.java:addFilter(958)) - Added filter static_user_filter (class=org.apache.hadoop.http.lib.StaticUserWebFilter$StaticUserFilter) to context logs
2019-06-12 13:50:46,758 INFO  http.HttpServer2 (HttpServer2.java:addFilter(958)) - Added filter static_user_filter (class=org.apache.hadoop.http.lib.StaticUserWebFilter$StaticUserFilter) to context static
2019-06-12 13:50:46,759 INFO  http.HttpServer2 (HttpServer2.java:bindListener(1191)) - Jetty bound to port 43189
2019-06-12 13:50:46,759 INFO  server.Server (Server.java:doStart(351)) - jetty-9.3.24.v20180605, build timestamp: 2018-06-05T17:11:56Z, git hash: 84205aa28f11a4f31f2a3b86d1bba2cc8ab69827
2019-06-12 13:50:46,763 INFO  handler.ContextHandler (ContextHandler.java:doStart(781)) - Started o.e.j.s.ServletContextHandler@556360d7{/logs,file:///opt/src/hadoop-ozone/integration-test/target/log,AVAILABLE}
2019-06-12 13:50:46,764 INFO  handler.ContextHandler (ContextHandler.java:doStart(781)) - Started o.e.j.s.ServletContextHandler@181ba63c{/static,jar:file:/root/.m2/repository/org/apache/hadoop/hadoop-hdds-container-service/0.5.0-SNAPSHOT/hadoop-hdds-container-service-0.5.0-SNAPSHOT.jar!/webapps/static,AVAILABLE}
2019-06-12 13:50:46,787 INFO  handler.ContextHandler (ContextHandler.java:doStart(781)) - Started o.e.j.w.WebAppContext@57b9bdf6{/,file:///tmp/jetty-0.0.0.0-43189-hddsDatanode-_-any-8719024532840206592.dir/webapp/,AVAILABLE}{/hddsDatanode}
2019-06-12 13:50:46,788 INFO  server.AbstractConnector (AbstractConnector.java:doStart(278)) - Started ServerConnector@7d4ff491{HTTP/1.1,[http/1.1]}{0.0.0.0:43189}
2019-06-12 13:50:46,788 INFO  server.Server (Server.java:doStart(419)) - Started @12396ms
2019-06-12 13:50:46,789 INFO  server.BaseHttpServer (BaseHttpServer.java:updateConnectorAddress(207)) - HTTP server of HDDSDATANODE is listening at http://0.0.0.0:43189
2019-06-12 13:50:46,898 INFO  ozone.HddsDatanodeService (HddsDatanodeService.java:startPlugins(396)) - Started plug-in org.apache.hadoop.ozone.web.OzoneHddsDatanodeService@68bafea9
2019-06-12 13:50:46,898 INFO  ozone.MiniOzoneClusterImpl (MiniOzoneClusterImpl.java:lambda$waitForClusterToBeReady$0(142)) - Waiting for cluster to be ready. Got 0 of 1 DN Heartbeats.
2019-06-12 13:50:46,903 INFO  util.JvmPauseMonitor (JvmPauseMonitor.java:run(188)) - Starting JVM pause monitor
2019-06-12 13:50:46,904 INFO  datanode.InitDatanodeState (InitDatanodeState.java:persistContainerDatanodeDetails(140)) - DatanodeDetails is persisted to /opt/src/hadoop-ozone/integration-test/target/test-dir/MiniOzoneClusterImpl-5ea0d9c2-7a37-4159-b04b-3e8e010f21f0/datanode-0/meta/datanode.id
2019-06-12 13:50:47,472 INFO  background.BlockDeletingService (BlockDeletingService.java:getTasks(123)) - Plan to choose 10 containers for block deletion, actually returns 5 valid containers.
2019-06-12 13:50:47,474 ERROR utils.ContainerCache (ContainerCache.java:getDB(137)) - Error opening DB. Container:1 ContainerPath:/opt/src/hadoop-ozone/integration-test/target/test-dir/MiniOzoneClusterImpl-869c8c0d-6a5a-4d77-b402-f67e80feef85/datanode-0/data/containers/hdds/02d1f6b8-f026-4f59-9974-24481a7be2f4/current/containerDir0/1/metadata/1-dn-container.db
java.io.IOException: Failed init RocksDB, db path : /opt/src/hadoop-ozone/integration-test/target/test-dir/MiniOzoneClusterImpl-869c8c0d-6a5a-4d77-b402-f67e80feef85/datanode-0/data/containers/hdds/02d1f6b8-f026-4f59-9974-24481a7be2f4/current/containerDir0/1/metadata/1-dn-container.db
	at org.apache.hadoop.utils.RocksDBStore.<init>(RocksDBStore.java:87)
	at org.apache.hadoop.utils.MetadataStoreBuilder.build(MetadataStoreBuilder.java:137)
	at org.apache.hadoop.ozone.container.common.utils.ContainerCache.getDB(ContainerCache.java:129)
	at org.apache.hadoop.ozone.container.keyvalue.helpers.BlockUtils.getDB(BlockUtils.java:77)
	at org.apache.hadoop.ozone.container.keyvalue.statemachine.background.BlockDeletingService$BlockDeletingTask.call(BlockDeletingService.java:188)
	at org.apache.hadoop.ozone.container.keyvalue.statemachine.background.BlockDeletingService$BlockDeletingTask.call(BlockDeletingService.java:172)
	at java.util.concurrent.FutureTask.run(FutureTask.java:266)
	at java.util.concurrent.Executors$RunnableAdapter.call(Executors.java:511)
	at java.util.concurrent.FutureTask.run(FutureTask.java:266)
	at java.util.concurrent.Executors$RunnableAdapter.call(Executors.java:511)
	at java.util.concurrent.FutureTask.run(FutureTask.java:266)
	at java.util.concurrent.ScheduledThreadPoolExecutor$ScheduledFutureTask.access$201(ScheduledThreadPoolExecutor.java:180)
	at java.util.concurrent.ScheduledThreadPoolExecutor$ScheduledFutureTask.run(ScheduledThreadPoolExecutor.java:293)
	at java.util.concurrent.ThreadPoolExecutor.runWorker(ThreadPoolExecutor.java:1149)
	at java.util.concurrent.ThreadPoolExecutor$Worker.run(ThreadPoolExecutor.java:624)
	at java.lang.Thread.run(Thread.java:748)
Caused by: org.rocksdb.RocksDBException: While mkdir if missing: /opt/src/hadoop-ozone/integration-test/target/test-dir/MiniOzoneClusterImpl-869c8c0d-6a5a-4d77-b402-f67e80feef85/datanode-0/data/containers/hdds/02d1f6b8-f026-4f59-9974-24481a7be2f4/current/containerDir0/1/metadata/1-dn-container.db: No such file or directory
	at org.rocksdb.RocksDB.open(Native Method)
	at org.rocksdb.RocksDB.open(RocksDB.java:231)
	at org.apache.hadoop.utils.RocksDBStore.<init>(RocksDBStore.java:71)
	... 15 more
2019-06-12 13:50:47,475 ERROR utils.ContainerCache (ContainerCache.java:getDB(137)) - Error opening DB. Container:4 ContainerPath:/opt/src/hadoop-ozone/integration-test/target/test-dir/MiniOzoneClusterImpl-869c8c0d-6a5a-4d77-b402-f67e80feef85/datanode-0/data/containers/hdds/02d1f6b8-f026-4f59-9974-24481a7be2f4/current/containerDir0/4/metadata/4-dn-container.db
java.io.IOException: Failed init RocksDB, db path : /opt/src/hadoop-ozone/integration-test/target/test-dir/MiniOzoneClusterImpl-869c8c0d-6a5a-4d77-b402-f67e80feef85/datanode-0/data/containers/hdds/02d1f6b8-f026-4f59-9974-24481a7be2f4/current/containerDir0/4/metadata/4-dn-container.db
	at org.apache.hadoop.utils.RocksDBStore.<init>(RocksDBStore.java:87)
	at org.apache.hadoop.utils.MetadataStoreBuilder.build(MetadataStoreBuilder.java:137)
	at org.apache.hadoop.ozone.container.common.utils.ContainerCache.getDB(ContainerCache.java:129)
	at org.apache.hadoop.ozone.container.keyvalue.helpers.BlockUtils.getDB(BlockUtils.java:77)
	at org.apache.hadoop.ozone.container.keyvalue.statemachine.background.BlockDeletingService$BlockDeletingTask.call(BlockDeletingService.java:188)
	at org.apache.hadoop.ozone.container.keyvalue.statemachine.background.BlockDeletingService$BlockDeletingTask.call(BlockDeletingService.java:172)
	at java.util.concurrent.FutureTask.run(FutureTask.java:266)
	at java.util.concurrent.Executors$RunnableAdapter.call(Executors.java:511)
	at java.util.concurrent.FutureTask.run(FutureTask.java:266)
	at java.util.concurrent.Executors$RunnableAdapter.call(Executors.java:511)
	at java.util.concurrent.FutureTask.run(FutureTask.java:266)
	at java.util.concurrent.ScheduledThreadPoolExecutor$ScheduledFutureTask.access$201(ScheduledThreadPoolExecutor.java:180)
	at java.util.concurrent.ScheduledThreadPoolExecutor$ScheduledFutureTask.run(ScheduledThreadPoolExecutor.java:293)
	at java.util.concurrent.ThreadPoolExecutor.runWorker(ThreadPoolExecutor.java:1149)
	at java.util.concurrent.ThreadPoolExecutor$Worker.run(ThreadPoolExecutor.java:624)
	at java.lang.Thread.run(Thread.java:748)
Caused by: org.rocksdb.RocksDBException: While mkdir if missing: /opt/src/hadoop-ozone/integration-test/target/test-dir/MiniOzoneClusterImpl-869c8c0d-6a5a-4d77-b402-f67e80feef85/datanode-0/data/containers/hdds/02d1f6b8-f026-4f59-9974-24481a7be2f4/current/containerDir0/4/metadata/4-dn-container.db: No such file or directory
	at org.rocksdb.RocksDB.open(Native Method)
	at org.rocksdb.RocksDB.open(RocksDB.java:231)
	at org.apache.hadoop.utils.RocksDBStore.<init>(RocksDBStore.java:71)
	... 15 more
2019-06-12 13:50:47,475 WARN  utils.BackgroundService (BackgroundService.java:lambda$run$0(135)) - Background task fails to execute, retrying in next interval
java.util.concurrent.ExecutionException: org.apache.hadoop.hdds.scm.container.common.helpers.StorageContainerException: Error opening DB. Container:4 ContainerPath:/opt/src/hadoop-ozone/integration-test/target/test-dir/MiniOzoneClusterImpl-869c8c0d-6a5a-4d77-b402-f67e80feef85/datanode-0/data/containers/hdds/02d1f6b8-f026-4f59-9974-24481a7be2f4/current/containerDir0/4/metadata/4-dn-container.db
	at java.util.concurrent.FutureTask.report(FutureTask.java:122)
	at java.util.concurrent.FutureTask.get(FutureTask.java:206)
	at org.apache.hadoop.utils.BackgroundService$PeriodicalTask.lambda$run$0(BackgroundService.java:129)
	at java.util.stream.ForEachOps$ForEachOp$OfRef.accept(ForEachOps.java:184)
	at java.util.ArrayList$ArrayListSpliterator.forEachRemaining(ArrayList.java:1382)
	at java.util.stream.AbstractPipeline.copyInto(AbstractPipeline.java:482)
	at java.util.stream.ForEachOps$ForEachTask.compute(ForEachOps.java:291)
	at java.util.concurrent.CountedCompleter.exec(CountedCompleter.java:731)
	at java.util.concurrent.ForkJoinTask.doExec(ForkJoinTask.java:289)
	at java.util.concurrent.ForkJoinTask.doInvoke(ForkJoinTask.java:401)
	at java.util.concurrent.ForkJoinTask.invoke(ForkJoinTask.java:734)
	at java.util.stream.ForEachOps$ForEachOp.evaluateParallel(ForEachOps.java:160)
	at java.util.stream.ForEachOps$ForEachOp$OfRef.evaluateParallel(ForEachOps.java:174)
	at java.util.stream.AbstractPipeline.evaluate(AbstractPipeline.java:233)
	at java.util.stream.ReferencePipeline.forEach(ReferencePipeline.java:418)
	at java.util.stream.ReferencePipeline$Head.forEach(ReferencePipeline.java:583)
	at org.apache.hadoop.utils.BackgroundService$PeriodicalTask.run(BackgroundService.java:125)
	at java.util.concurrent.Executors$RunnableAdapter.call(Executors.java:511)
	at java.util.concurrent.FutureTask.runAndReset(FutureTask.java:308)
	at java.util.concurrent.ScheduledThreadPoolExecutor$ScheduledFutureTask.access$301(ScheduledThreadPoolExecutor.java:180)
	at java.util.concurrent.ScheduledThreadPoolExecutor$ScheduledFutureTask.run(ScheduledThreadPoolExecutor.java:294)
	at java.util.concurrent.ThreadPoolExecutor.runWorker(ThreadPoolExecutor.java:1149)
	at java.util.concurrent.ThreadPoolExecutor$Worker.run(ThreadPoolExecutor.java:624)
	at java.lang.Thread.run(Thread.java:748)
Caused by: org.apache.hadoop.hdds.scm.container.common.helpers.StorageContainerException: Error opening DB. Container:4 ContainerPath:/opt/src/hadoop-ozone/integration-test/target/test-dir/MiniOzoneClusterImpl-869c8c0d-6a5a-4d77-b402-f67e80feef85/datanode-0/data/containers/hdds/02d1f6b8-f026-4f59-9974-24481a7be2f4/current/containerDir0/4/metadata/4-dn-container.db
	at org.apache.hadoop.ozone.container.keyvalue.helpers.BlockUtils.getDB(BlockUtils.java:84)
	at org.apache.hadoop.ozone.container.keyvalue.statemachine.background.BlockDeletingService$BlockDeletingTask.call(BlockDeletingService.java:188)
	at org.apache.hadoop.ozone.container.keyvalue.statemachine.background.BlockDeletingService$BlockDeletingTask.call(BlockDeletingService.java:172)
	at java.util.concurrent.FutureTask.run(FutureTask.java:266)
	at java.util.concurrent.Executors$RunnableAdapter.call(Executors.java:511)
	at java.util.concurrent.FutureTask.run(FutureTask.java:266)
	at java.util.concurrent.Executors$RunnableAdapter.call(Executors.java:511)
	at java.util.concurrent.FutureTask.run(FutureTask.java:266)
	at java.util.concurrent.ScheduledThreadPoolExecutor$ScheduledFutureTask.access$201(ScheduledThreadPoolExecutor.java:180)
	at java.util.concurrent.ScheduledThreadPoolExecutor$ScheduledFutureTask.run(ScheduledThreadPoolExecutor.java:293)
	... 3 more
2019-06-12 13:50:47,475 ERROR utils.ContainerCache (ContainerCache.java:getDB(137)) - Error opening DB. Container:3 ContainerPath:/opt/src/hadoop-ozone/integration-test/target/test-dir/MiniOzoneClusterImpl-869c8c0d-6a5a-4d77-b402-f67e80feef85/datanode-0/data/containers/hdds/02d1f6b8-f026-4f59-9974-24481a7be2f4/current/containerDir0/3/metadata/3-dn-container.db
java.io.IOException: Failed init RocksDB, db path : /opt/src/hadoop-ozone/integration-test/target/test-dir/MiniOzoneClusterImpl-869c8c0d-6a5a-4d77-b402-f67e80feef85/datanode-0/data/containers/hdds/02d1f6b8-f026-4f59-9974-24481a7be2f4/current/containerDir0/3/metadata/3-dn-container.db
	at org.apache.hadoop.utils.RocksDBStore.<init>(RocksDBStore.java:87)
	at org.apache.hadoop.utils.MetadataStoreBuilder.build(MetadataStoreBuilder.java:137)
	at org.apache.hadoop.ozone.container.common.utils.ContainerCache.getDB(ContainerCache.java:129)
	at org.apache.hadoop.ozone.container.keyvalue.helpers.BlockUtils.getDB(BlockUtils.java:77)
	at org.apache.hadoop.ozone.container.keyvalue.statemachine.background.BlockDeletingService$BlockDeletingTask.call(BlockDeletingService.java:188)
	at org.apache.hadoop.ozone.container.keyvalue.statemachine.background.BlockDeletingService$BlockDeletingTask.call(BlockDeletingService.java:172)
	at java.util.concurrent.FutureTask.run(FutureTask.java:266)
	at java.util.concurrent.Executors$RunnableAdapter.call(Executors.java:511)
	at java.util.concurrent.FutureTask.run(FutureTask.java:266)
	at java.util.concurrent.Executors$RunnableAdapter.call(Executors.java:511)
	at java.util.concurrent.FutureTask.run(FutureTask.java:266)
	at java.util.concurrent.ScheduledThreadPoolExecutor$ScheduledFutureTask.access$201(ScheduledThreadPoolExecutor.java:180)
	at java.util.concurrent.ScheduledThreadPoolExecutor$ScheduledFutureTask.run(ScheduledThreadPoolExecutor.java:293)
	at java.util.concurrent.ThreadPoolExecutor.runWorker(ThreadPoolExecutor.java:1149)
	at java.util.concurrent.ThreadPoolExecutor$Worker.run(ThreadPoolExecutor.java:624)
	at java.lang.Thread.run(Thread.java:748)
Caused by: org.rocksdb.RocksDBException: While mkdir if missing: /opt/src/hadoop-ozone/integration-test/target/test-dir/MiniOzoneClusterImpl-869c8c0d-6a5a-4d77-b402-f67e80feef85/datanode-0/data/containers/hdds/02d1f6b8-f026-4f59-9974-24481a7be2f4/current/containerDir0/3/metadata/3-dn-container.db: No such file or directory
	at org.rocksdb.RocksDB.open(Native Method)
	at org.rocksdb.RocksDB.open(RocksDB.java:231)
	at org.apache.hadoop.utils.RocksDBStore.<init>(RocksDBStore.java:71)
	... 15 more
2019-06-12 13:50:47,477 ERROR utils.ContainerCache (ContainerCache.java:getDB(137)) - Error opening DB. Container:2 ContainerPath:/opt/src/hadoop-ozone/integration-test/target/test-dir/MiniOzoneClusterImpl-869c8c0d-6a5a-4d77-b402-f67e80feef85/datanode-0/data/containers/hdds/02d1f6b8-f026-4f59-9974-24481a7be2f4/current/containerDir0/2/metadata/2-dn-container.db
java.io.IOException: Failed init RocksDB, db path : /opt/src/hadoop-ozone/integration-test/target/test-dir/MiniOzoneClusterImpl-869c8c0d-6a5a-4d77-b402-f67e80feef85/datanode-0/data/containers/hdds/02d1f6b8-f026-4f59-9974-24481a7be2f4/current/containerDir0/2/metadata/2-dn-container.db
	at org.apache.hadoop.utils.RocksDBStore.<init>(RocksDBStore.java:87)
	at org.apache.hadoop.utils.MetadataStoreBuilder.build(MetadataStoreBuilder.java:137)
	at org.apache.hadoop.ozone.container.common.utils.ContainerCache.getDB(ContainerCache.java:129)
	at org.apache.hadoop.ozone.container.keyvalue.helpers.BlockUtils.getDB(BlockUtils.java:77)
	at org.apache.hadoop.ozone.container.keyvalue.statemachine.background.BlockDeletingService$BlockDeletingTask.call(BlockDeletingService.java:188)
	at org.apache.hadoop.ozone.container.keyvalue.statemachine.background.BlockDeletingService$BlockDeletingTask.call(BlockDeletingService.java:172)
	at java.util.concurrent.FutureTask.run(FutureTask.java:266)
	at java.util.concurrent.Executors$RunnableAdapter.call(Executors.java:511)
	at java.util.concurrent.FutureTask.run(FutureTask.java:266)
	at java.util.concurrent.Executors$RunnableAdapter.call(Executors.java:511)
	at java.util.concurrent.FutureTask.run(FutureTask.java:266)
	at java.util.concurrent.ScheduledThreadPoolExecutor$ScheduledFutureTask.access$201(ScheduledThreadPoolExecutor.java:180)
	at java.util.concurrent.ScheduledThreadPoolExecutor$ScheduledFutureTask.run(ScheduledThreadPoolExecutor.java:293)
	at java.util.concurrent.ThreadPoolExecutor.runWorker(ThreadPoolExecutor.java:1149)
	at java.util.concurrent.ThreadPoolExecutor$Worker.run(ThreadPoolExecutor.java:624)
	at java.lang.Thread.run(Thread.java:748)
Caused by: org.rocksdb.RocksDBException: While mkdir if missing: /opt/src/hadoop-ozone/integration-test/target/test-dir/MiniOzoneClusterImpl-869c8c0d-6a5a-4d77-b402-f67e80feef85/datanode-0/data/containers/hdds/02d1f6b8-f026-4f59-9974-24481a7be2f4/current/containerDir0/2/metadata/2-dn-container.db: No such file or directory
	at org.rocksdb.RocksDB.open(Native Method)
	at org.rocksdb.RocksDB.open(RocksDB.java:231)
	at org.apache.hadoop.utils.RocksDBStore.<init>(RocksDBStore.java:71)
	... 15 more
2019-06-12 13:50:47,477 ERROR utils.ContainerCache (ContainerCache.java:getDB(137)) - Error opening DB. Container:5 ContainerPath:/opt/src/hadoop-ozone/integration-test/target/test-dir/MiniOzoneClusterImpl-869c8c0d-6a5a-4d77-b402-f67e80feef85/datanode-0/data/containers/hdds/02d1f6b8-f026-4f59-9974-24481a7be2f4/current/containerDir0/5/metadata/5-dn-container.db
java.io.IOException: Failed init RocksDB, db path : /opt/src/hadoop-ozone/integration-test/target/test-dir/MiniOzoneClusterImpl-869c8c0d-6a5a-4d77-b402-f67e80feef85/datanode-0/data/containers/hdds/02d1f6b8-f026-4f59-9974-24481a7be2f4/current/containerDir0/5/metadata/5-dn-container.db
	at org.apache.hadoop.utils.RocksDBStore.<init>(RocksDBStore.java:87)
	at org.apache.hadoop.utils.MetadataStoreBuilder.build(MetadataStoreBuilder.java:137)
	at org.apache.hadoop.ozone.container.common.utils.ContainerCache.getDB(ContainerCache.java:129)
	at org.apache.hadoop.ozone.container.keyvalue.helpers.BlockUtils.getDB(BlockUtils.java:77)
	at org.apache.hadoop.ozone.container.keyvalue.statemachine.background.BlockDeletingService$BlockDeletingTask.call(BlockDeletingService.java:188)
	at org.apache.hadoop.ozone.container.keyvalue.statemachine.background.BlockDeletingService$BlockDeletingTask.call(BlockDeletingService.java:172)
	at java.util.concurrent.FutureTask.run(FutureTask.java:266)
	at java.util.concurrent.Executors$RunnableAdapter.call(Executors.java:511)
	at java.util.concurrent.FutureTask.run(FutureTask.java:266)
	at java.util.concurrent.Executors$RunnableAdapter.call(Executors.java:511)
	at java.util.concurrent.FutureTask.run(FutureTask.java:266)
	at java.util.concurrent.ScheduledThreadPoolExecutor$ScheduledFutureTask.access$201(ScheduledThreadPoolExecutor.java:180)
	at java.util.concurrent.ScheduledThreadPoolExecutor$ScheduledFutureTask.run(ScheduledThreadPoolExecutor.java:293)
	at java.util.concurrent.ThreadPoolExecutor.runWorker(ThreadPoolExecutor.java:1149)
	at java.util.concurrent.ThreadPoolExecutor$Worker.run(ThreadPoolExecutor.java:624)
	at java.lang.Thread.run(Thread.java:748)
Caused by: org.rocksdb.RocksDBException: While mkdir if missing: /opt/src/hadoop-ozone/integration-test/target/test-dir/MiniOzoneClusterImpl-869c8c0d-6a5a-4d77-b402-f67e80feef85/datanode-0/data/containers/hdds/02d1f6b8-f026-4f59-9974-24481a7be2f4/current/containerDir0/5/metadata/5-dn-container.db: No such file or directory
	at org.rocksdb.RocksDB.open(Native Method)
	at org.rocksdb.RocksDB.open(RocksDB.java:231)
	at org.apache.hadoop.utils.RocksDBStore.<init>(RocksDBStore.java:71)
	... 15 more
2019-06-12 13:50:47,477 WARN  utils.BackgroundService (BackgroundService.java:lambda$run$0(135)) - Background task fails to execute, retrying in next interval
java.util.concurrent.ExecutionException: org.apache.hadoop.hdds.scm.container.common.helpers.StorageContainerException: Error opening DB. Container:5 ContainerPath:/opt/src/hadoop-ozone/integration-test/target/test-dir/MiniOzoneClusterImpl-869c8c0d-6a5a-4d77-b402-f67e80feef85/datanode-0/data/containers/hdds/02d1f6b8-f026-4f59-9974-24481a7be2f4/current/containerDir0/5/metadata/5-dn-container.db
	at java.util.concurrent.FutureTask.report(FutureTask.java:122)
	at java.util.concurrent.FutureTask.get(FutureTask.java:206)
	at org.apache.hadoop.utils.BackgroundService$PeriodicalTask.lambda$run$0(BackgroundService.java:129)
	at java.util.stream.ForEachOps$ForEachOp$OfRef.accept(ForEachOps.java:184)
	at java.util.ArrayList$ArrayListSpliterator.forEachRemaining(ArrayList.java:1382)
	at java.util.stream.AbstractPipeline.copyInto(AbstractPipeline.java:482)
	at java.util.stream.ForEachOps$ForEachTask.compute(ForEachOps.java:291)
	at java.util.concurrent.CountedCompleter.exec(CountedCompleter.java:731)
	at java.util.concurrent.ForkJoinTask.doExec(ForkJoinTask.java:289)
	at java.util.concurrent.ForkJoinPool$WorkQueue.runTask(ForkJoinPool.java:1056)
	at java.util.concurrent.ForkJoinPool.runWorker(ForkJoinPool.java:1692)
	at java.util.concurrent.ForkJoinWorkerThread.run(ForkJoinWorkerThread.java:157)
Caused by: org.apache.hadoop.hdds.scm.container.common.helpers.StorageContainerException: Error opening DB. Container:5 ContainerPath:/opt/src/hadoop-ozone/integration-test/target/test-dir/MiniOzoneClusterImpl-869c8c0d-6a5a-4d77-b402-f67e80feef85/datanode-0/data/containers/hdds/02d1f6b8-f026-4f59-9974-24481a7be2f4/current/containerDir0/5/metadata/5-dn-container.db
	at org.apache.hadoop.ozone.container.keyvalue.helpers.BlockUtils.getDB(BlockUtils.java:84)
	at org.apache.hadoop.ozone.container.keyvalue.statemachine.background.BlockDeletingService$BlockDeletingTask.call(BlockDeletingService.java:188)
	at org.apache.hadoop.ozone.container.keyvalue.statemachine.background.BlockDeletingService$BlockDeletingTask.call(BlockDeletingService.java:172)
	at java.util.concurrent.FutureTask.run(FutureTask.java:266)
	at java.util.concurrent.Executors$RunnableAdapter.call(Executors.java:511)
	at java.util.concurrent.FutureTask.run(FutureTask.java:266)
	at java.util.concurrent.Executors$RunnableAdapter.call(Executors.java:511)
	at java.util.concurrent.FutureTask.run(FutureTask.java:266)
	at java.util.concurrent.ScheduledThreadPoolExecutor$ScheduledFutureTask.access$201(ScheduledThreadPoolExecutor.java:180)
	at java.util.concurrent.ScheduledThreadPoolExecutor$ScheduledFutureTask.run(ScheduledThreadPoolExecutor.java:293)
	at java.util.concurrent.ThreadPoolExecutor.runWorker(ThreadPoolExecutor.java:1149)
	at java.util.concurrent.ThreadPoolExecutor$Worker.run(ThreadPoolExecutor.java:624)
	at java.lang.Thread.run(Thread.java:748)
2019-06-12 13:50:47,478 WARN  utils.BackgroundService (BackgroundService.java:lambda$run$0(135)) - Background task fails to execute, retrying in next interval
java.util.concurrent.ExecutionException: org.apache.hadoop.hdds.scm.container.common.helpers.StorageContainerException: Error opening DB. Container:1 ContainerPath:/opt/src/hadoop-ozone/integration-test/target/test-dir/MiniOzoneClusterImpl-869c8c0d-6a5a-4d77-b402-f67e80feef85/datanode-0/data/containers/hdds/02d1f6b8-f026-4f59-9974-24481a7be2f4/current/containerDir0/1/metadata/1-dn-container.db
	at java.util.concurrent.FutureTask.report(FutureTask.java:122)
	at java.util.concurrent.FutureTask.get(FutureTask.java:206)
	at org.apache.hadoop.utils.BackgroundService$PeriodicalTask.lambda$run$0(BackgroundService.java:129)
	at java.util.stream.ForEachOps$ForEachOp$OfRef.accept(ForEachOps.java:184)
	at java.util.ArrayList$ArrayListSpliterator.forEachRemaining(ArrayList.java:1382)
	at java.util.stream.AbstractPipeline.copyInto(AbstractPipeline.java:482)
	at java.util.stream.ForEachOps$ForEachTask.compute(ForEachOps.java:291)
	at java.util.concurrent.CountedCompleter.exec(CountedCompleter.java:731)
	at java.util.concurrent.ForkJoinTask.doExec(ForkJoinTask.java:289)
	at java.util.concurrent.ForkJoinPool$WorkQueue.execLocalTasks(ForkJoinPool.java:1040)
	at java.util.concurrent.ForkJoinPool$WorkQueue.runTask(ForkJoinPool.java:1058)
	at java.util.concurrent.ForkJoinPool.runWorker(ForkJoinPool.java:1692)
	at java.util.concurrent.ForkJoinWorkerThread.run(ForkJoinWorkerThread.java:157)
Caused by: org.apache.hadoop.hdds.scm.container.common.helpers.StorageContainerException: Error opening DB. Container:1 ContainerPath:/opt/src/hadoop-ozone/integration-test/target/test-dir/MiniOzoneClusterImpl-869c8c0d-6a5a-4d77-b402-f67e80feef85/datanode-0/data/containers/hdds/02d1f6b8-f026-4f59-9974-24481a7be2f4/current/containerDir0/1/metadata/1-dn-container.db
	at org.apache.hadoop.ozone.container.keyvalue.helpers.BlockUtils.getDB(BlockUtils.java:84)
	at org.apache.hadoop.ozone.container.keyvalue.statemachine.background.BlockDeletingService$BlockDeletingTask.call(BlockDeletingService.java:188)
	at org.apache.hadoop.ozone.container.keyvalue.statemachine.background.BlockDeletingService$BlockDeletingTask.call(BlockDeletingService.java:172)
	at java.util.concurrent.FutureTask.run(FutureTask.java:266)
	at java.util.concurrent.Executors$RunnableAdapter.call(Executors.java:511)
	at java.util.concurrent.FutureTask.run(FutureTask.java:266)
	at java.util.concurrent.Executors$RunnableAdapter.call(Executors.java:511)
	at java.util.concurrent.FutureTask.run(FutureTask.java:266)
	at java.util.concurrent.ScheduledThreadPoolExecutor$ScheduledFutureTask.access$201(ScheduledThreadPoolExecutor.java:180)
	at java.util.concurrent.ScheduledThreadPoolExecutor$ScheduledFutureTask.run(ScheduledThreadPoolExecutor.java:293)
	at java.util.concurrent.ThreadPoolExecutor.runWorker(ThreadPoolExecutor.java:1149)
	at java.util.concurrent.ThreadPoolExecutor$Worker.run(ThreadPoolExecutor.java:624)
	at java.lang.Thread.run(Thread.java:748)
2019-06-12 13:50:47,478 WARN  utils.BackgroundService (BackgroundService.java:lambda$run$0(135)) - Background task fails to execute, retrying in next interval
java.util.concurrent.ExecutionException: org.apache.hadoop.hdds.scm.container.common.helpers.StorageContainerException: Error opening DB. Container:2 ContainerPath:/opt/src/hadoop-ozone/integration-test/target/test-dir/MiniOzoneClusterImpl-869c8c0d-6a5a-4d77-b402-f67e80feef85/datanode-0/data/containers/hdds/02d1f6b8-f026-4f59-9974-24481a7be2f4/current/containerDir0/2/metadata/2-dn-container.db
	at java.util.concurrent.FutureTask.report(FutureTask.java:122)
	at java.util.concurrent.FutureTask.get(FutureTask.java:206)
	at org.apache.hadoop.utils.BackgroundService$PeriodicalTask.lambda$run$0(BackgroundService.java:129)
	at java.util.stream.ForEachOps$ForEachOp$OfRef.accept(ForEachOps.java:184)
	at java.util.ArrayList$ArrayListSpliterator.forEachRemaining(ArrayList.java:1382)
	at java.util.stream.AbstractPipeline.copyInto(AbstractPipeline.java:482)
	at java.util.stream.ForEachOps$ForEachTask.compute(ForEachOps.java:291)
	at java.util.concurrent.CountedCompleter.exec(CountedCompleter.java:731)
	at java.util.concurrent.ForkJoinTask.doExec(ForkJoinTask.java:289)
	at java.util.concurrent.ForkJoinPool.helpComplete(ForkJoinPool.java:1870)
	at java.util.concurrent.ForkJoinPool.externalHelpComplete(ForkJoinPool.java:2467)
	at java.util.concurrent.ForkJoinTask.externalAwaitDone(ForkJoinTask.java:324)
	at java.util.concurrent.ForkJoinTask.doInvoke(ForkJoinTask.java:405)
	at java.util.concurrent.ForkJoinTask.invoke(ForkJoinTask.java:734)
	at java.util.stream.ForEachOps$ForEachOp.evaluateParallel(ForEachOps.java:160)
	at java.util.stream.ForEachOps$ForEachOp$OfRef.evaluateParallel(ForEachOps.java:174)
	at java.util.stream.AbstractPipeline.evaluate(AbstractPipeline.java:233)
	at java.util.stream.ReferencePipeline.forEach(ReferencePipeline.java:418)
	at java.util.stream.ReferencePipeline$Head.forEach(ReferencePipeline.java:583)
	at org.apache.hadoop.utils.BackgroundService$PeriodicalTask.run(BackgroundService.java:125)
	at java.util.concurrent.Executors$RunnableAdapter.call(Executors.java:511)
	at java.util.concurrent.FutureTask.runAndReset(FutureTask.java:308)
	at java.util.concurrent.ScheduledThreadPoolExecutor$ScheduledFutureTask.access$301(ScheduledThreadPoolExecutor.java:180)
	at java.util.concurrent.ScheduledThreadPoolExecutor$ScheduledFutureTask.run(ScheduledThreadPoolExecutor.java:294)
	at java.util.concurrent.ThreadPoolExecutor.runWorker(ThreadPoolExecutor.java:1149)
	at java.util.concurrent.ThreadPoolExecutor$Worker.run(ThreadPoolExecutor.java:624)
	at java.lang.Thread.run(Thread.java:748)
Caused by: org.apache.hadoop.hdds.scm.container.common.helpers.StorageContainerException: Error opening DB. Container:2 ContainerPath:/opt/src/hadoop-ozone/integration-test/target/test-dir/MiniOzoneClusterImpl-869c8c0d-6a5a-4d77-b402-f67e80feef85/datanode-0/data/containers/hdds/02d1f6b8-f026-4f59-9974-24481a7be2f4/current/containerDir0/2/metadata/2-dn-container.db
	at org.apache.hadoop.ozone.container.keyvalue.helpers.BlockUtils.getDB(BlockUtils.java:84)
	at org.apache.hadoop.ozone.container.keyvalue.statemachine.background.BlockDeletingService$BlockDeletingTask.call(BlockDeletingService.java:188)
	at org.apache.hadoop.ozone.container.keyvalue.statemachine.background.BlockDeletingService$BlockDeletingTask.call(BlockDeletingService.java:172)
	at java.util.concurrent.FutureTask.run(FutureTask.java:266)
	at java.util.concurrent.Executors$RunnableAdapter.call(Executors.java:511)
	at java.util.concurrent.FutureTask.run(FutureTask.java:266)
	at java.util.concurrent.Executors$RunnableAdapter.call(Executors.java:511)
	at java.util.concurrent.FutureTask.run(FutureTask.java:266)
	at java.util.concurrent.ScheduledThreadPoolExecutor$ScheduledFutureTask.access$201(ScheduledThreadPoolExecutor.java:180)
	at java.util.concurrent.ScheduledThreadPoolExecutor$ScheduledFutureTask.run(ScheduledThreadPoolExecutor.java:293)
	... 3 more
2019-06-12 13:50:47,479 WARN  utils.BackgroundService (BackgroundService.java:lambda$run$0(135)) - Background task fails to execute, retrying in next interval
java.util.concurrent.ExecutionException: org.apache.hadoop.hdds.scm.container.common.helpers.StorageContainerException: Error opening DB. Container:3 ContainerPath:/opt/src/hadoop-ozone/integration-test/target/test-dir/MiniOzoneClusterImpl-869c8c0d-6a5a-4d77-b402-f67e80feef85/datanode-0/data/containers/hdds/02d1f6b8-f026-4f59-9974-24481a7be2f4/current/containerDir0/3/metadata/3-dn-container.db
	at java.util.concurrent.FutureTask.report(FutureTask.java:122)
	at java.util.concurrent.FutureTask.get(FutureTask.java:206)
	at org.apache.hadoop.utils.BackgroundService$PeriodicalTask.lambda$run$0(BackgroundService.java:129)
	at java.util.stream.ForEachOps$ForEachOp$OfRef.accept(ForEachOps.java:184)
	at java.util.ArrayList$ArrayListSpliterator.forEachRemaining(ArrayList.java:1382)
	at java.util.stream.AbstractPipeline.copyInto(AbstractPipeline.java:482)
	at java.util.stream.ForEachOps$ForEachTask.compute(ForEachOps.java:291)
	at java.util.concurrent.CountedCompleter.exec(CountedCompleter.java:731)
	at java.util.concurrent.ForkJoinTask.doExec(ForkJoinTask.java:289)
	at java.util.concurrent.ForkJoinPool$WorkQueue.runTask(ForkJoinPool.java:1056)
	at java.util.concurrent.ForkJoinPool.runWorker(ForkJoinPool.java:1692)
	at java.util.concurrent.ForkJoinWorkerThread.run(ForkJoinWorkerThread.java:157)
Caused by: org.apache.hadoop.hdds.scm.container.common.helpers.StorageContainerException: Error opening DB. Container:3 ContainerPath:/opt/src/hadoop-ozone/integration-test/target/test-dir/MiniOzoneClusterImpl-869c8c0d-6a5a-4d77-b402-f67e80feef85/datanode-0/data/containers/hdds/02d1f6b8-f026-4f59-9974-24481a7be2f4/current/containerDir0/3/metadata/3-dn-container.db
	at org.apache.hadoop.ozone.container.keyvalue.helpers.BlockUtils.getDB(BlockUtils.java:84)
	at org.apache.hadoop.ozone.container.keyvalue.statemachine.background.BlockDeletingService$BlockDeletingTask.call(BlockDeletingService.java:188)
	at org.apache.hadoop.ozone.container.keyvalue.statemachine.background.BlockDeletingService$BlockDeletingTask.call(BlockDeletingService.java:172)
	at java.util.concurrent.FutureTask.run(FutureTask.java:266)
	at java.util.concurrent.Executors$RunnableAdapter.call(Executors.java:511)
	at java.util.concurrent.FutureTask.run(FutureTask.java:266)
	at java.util.concurrent.Executors$RunnableAdapter.call(Executors.java:511)
	at java.util.concurrent.FutureTask.run(FutureTask.java:266)
	at java.util.concurrent.ScheduledThreadPoolExecutor$ScheduledFutureTask.access$201(ScheduledThreadPoolExecutor.java:180)
	at java.util.concurrent.ScheduledThreadPoolExecutor$ScheduledFutureTask.run(ScheduledThreadPoolExecutor.java:293)
	at java.util.concurrent.ThreadPoolExecutor.runWorker(ThreadPoolExecutor.java:1149)
	at java.util.concurrent.ThreadPoolExecutor$Worker.run(ThreadPoolExecutor.java:624)
	at java.lang.Thread.run(Thread.java:748)
2019-06-12 13:50:47,899 INFO  ozone.MiniOzoneClusterImpl (MiniOzoneClusterImpl.java:lambda$waitForClusterToBeReady$0(142)) - Waiting for cluster to be ready. Got 0 of 1 DN Heartbeats.
2019-06-12 13:50:48,482 INFO  background.BlockDeletingService (BlockDeletingService.java:getTasks(123)) - Plan to choose 10 containers for block deletion, actually returns 5 valid containers.
2019-06-12 13:50:48,483 ERROR utils.ContainerCache (ContainerCache.java:getDB(137)) - Error opening DB. Container:1 ContainerPath:/opt/src/hadoop-ozone/integration-test/target/test-dir/MiniOzoneClusterImpl-869c8c0d-6a5a-4d77-b402-f67e80feef85/datanode-0/data/containers/hdds/02d1f6b8-f026-4f59-9974-24481a7be2f4/current/containerDir0/1/metadata/1-dn-container.db
java.io.IOException: Failed init RocksDB, db path : /opt/src/hadoop-ozone/integration-test/target/test-dir/MiniOzoneClusterImpl-869c8c0d-6a5a-4d77-b402-f67e80feef85/datanode-0/data/containers/hdds/02d1f6b8-f026-4f59-9974-24481a7be2f4/current/containerDir0/1/metadata/1-dn-container.db
	at org.apache.hadoop.utils.RocksDBStore.<init>(RocksDBStore.java:87)
	at org.apache.hadoop.utils.MetadataStoreBuilder.build(MetadataStoreBuilder.java:137)
	at org.apache.hadoop.ozone.container.common.utils.ContainerCache.getDB(ContainerCache.java:129)
	at org.apache.hadoop.ozone.container.keyvalue.helpers.BlockUtils.getDB(BlockUtils.java:77)
	at org.apache.hadoop.ozone.container.keyvalue.statemachine.background.BlockDeletingService$BlockDeletingTask.call(BlockDeletingService.java:188)
	at org.apache.hadoop.ozone.container.keyvalue.statemachine.background.BlockDeletingService$BlockDeletingTask.call(BlockDeletingService.java:172)
	at java.util.concurrent.FutureTask.run(FutureTask.java:266)
	at java.util.concurrent.Executors$RunnableAdapter.call(Executors.java:511)
	at java.util.concurrent.FutureTask.run(FutureTask.java:266)
	at java.util.concurrent.Executors$RunnableAdapter.call(Executors.java:511)
	at java.util.concurrent.FutureTask.run(FutureTask.java:266)
	at java.util.concurrent.ScheduledThreadPoolExecutor$ScheduledFutureTask.access$201(ScheduledThreadPoolExecutor.java:180)
	at java.util.concurrent.ScheduledThreadPoolExecutor$ScheduledFutureTask.run(ScheduledThreadPoolExecutor.java:293)
	at java.util.concurrent.ThreadPoolExecutor.runWorker(ThreadPoolExecutor.java:1149)
	at java.util.concurrent.ThreadPoolExecutor$Worker.run(ThreadPoolExecutor.java:624)
	at java.lang.Thread.run(Thread.java:748)
Caused by: org.rocksdb.RocksDBException: While mkdir if missing: /opt/src/hadoop-ozone/integration-test/target/test-dir/MiniOzoneClusterImpl-869c8c0d-6a5a-4d77-b402-f67e80feef85/datanode-0/data/containers/hdds/02d1f6b8-f026-4f59-9974-24481a7be2f4/current/containerDir0/1/metadata/1-dn-container.db: No such file or directory
	at org.rocksdb.RocksDB.open(Native Method)
	at org.rocksdb.RocksDB.open(RocksDB.java:231)
	at org.apache.hadoop.utils.RocksDBStore.<init>(RocksDBStore.java:71)
	... 15 more
2019-06-12 13:50:48,483 ERROR utils.ContainerCache (ContainerCache.java:getDB(137)) - Error opening DB. Container:5 ContainerPath:/opt/src/hadoop-ozone/integration-test/target/test-dir/MiniOzoneClusterImpl-869c8c0d-6a5a-4d77-b402-f67e80feef85/datanode-0/data/containers/hdds/02d1f6b8-f026-4f59-9974-24481a7be2f4/current/containerDir0/5/metadata/5-dn-container.db
java.io.IOException: Failed init RocksDB, db path : /opt/src/hadoop-ozone/integration-test/target/test-dir/MiniOzoneClusterImpl-869c8c0d-6a5a-4d77-b402-f67e80feef85/datanode-0/data/containers/hdds/02d1f6b8-f026-4f59-9974-24481a7be2f4/current/containerDir0/5/metadata/5-dn-container.db
	at org.apache.hadoop.utils.RocksDBStore.<init>(RocksDBStore.java:87)
	at org.apache.hadoop.utils.MetadataStoreBuilder.build(MetadataStoreBuilder.java:137)
	at org.apache.hadoop.ozone.container.common.utils.ContainerCache.getDB(ContainerCache.java:129)
	at org.apache.hadoop.ozone.container.keyvalue.helpers.BlockUtils.getDB(BlockUtils.java:77)
	at org.apache.hadoop.ozone.container.keyvalue.statemachine.background.BlockDeletingService$BlockDeletingTask.call(BlockDeletingService.java:188)
	at org.apache.hadoop.ozone.container.keyvalue.statemachine.background.BlockDeletingService$BlockDeletingTask.call(BlockDeletingService.java:172)
	at java.util.concurrent.FutureTask.run(FutureTask.java:266)
	at java.util.concurrent.Executors$RunnableAdapter.call(Executors.java:511)
	at java.util.concurrent.FutureTask.run(FutureTask.java:266)
	at java.util.concurrent.Executors$RunnableAdapter.call(Executors.java:511)
	at java.util.concurrent.FutureTask.run(FutureTask.java:266)
	at java.util.concurrent.ScheduledThreadPoolExecutor$ScheduledFutureTask.access$201(ScheduledThreadPoolExecutor.java:180)
	at java.util.concurrent.ScheduledThreadPoolExecutor$ScheduledFutureTask.run(ScheduledThreadPoolExecutor.java:293)
	at java.util.concurrent.ThreadPoolExecutor.runWorker(ThreadPoolExecutor.java:1149)
	at java.util.concurrent.ThreadPoolExecutor$Worker.run(ThreadPoolExecutor.java:624)
	at java.lang.Thread.run(Thread.java:748)
Caused by: org.rocksdb.RocksDBException: While mkdir if missing: /opt/src/hadoop-ozone/integration-test/target/test-dir/MiniOzoneClusterImpl-869c8c0d-6a5a-4d77-b402-f67e80feef85/datanode-0/data/containers/hdds/02d1f6b8-f026-4f59-9974-24481a7be2f4/current/containerDir0/5/metadata/5-dn-container.db: No such file or directory
	at org.rocksdb.RocksDB.open(Native Method)
	at org.rocksdb.RocksDB.open(RocksDB.java:231)
	at org.apache.hadoop.utils.RocksDBStore.<init>(RocksDBStore.java:71)
	... 15 more
2019-06-12 13:50:48,484 WARN  utils.BackgroundService (BackgroundService.java:lambda$run$0(135)) - Background task fails to execute, retrying in next interval
java.util.concurrent.ExecutionException: org.apache.hadoop.hdds.scm.container.common.helpers.StorageContainerException: Error opening DB. Container:5 ContainerPath:/opt/src/hadoop-ozone/integration-test/target/test-dir/MiniOzoneClusterImpl-869c8c0d-6a5a-4d77-b402-f67e80feef85/datanode-0/data/containers/hdds/02d1f6b8-f026-4f59-9974-24481a7be2f4/current/containerDir0/5/metadata/5-dn-container.db
	at java.util.concurrent.FutureTask.report(FutureTask.java:122)
	at java.util.concurrent.FutureTask.get(FutureTask.java:206)
	at org.apache.hadoop.utils.BackgroundService$PeriodicalTask.lambda$run$0(BackgroundService.java:129)
	at java.util.stream.ForEachOps$ForEachOp$OfRef.accept(ForEachOps.java:184)
	at java.util.ArrayList$ArrayListSpliterator.forEachRemaining(ArrayList.java:1382)
	at java.util.stream.AbstractPipeline.copyInto(AbstractPipeline.java:482)
	at java.util.stream.ForEachOps$ForEachTask.compute(ForEachOps.java:291)
	at java.util.concurrent.CountedCompleter.exec(CountedCompleter.java:731)
	at java.util.concurrent.ForkJoinTask.doExec(ForkJoinTask.java:289)
	at java.util.concurrent.ForkJoinPool$WorkQueue.runTask(ForkJoinPool.java:1056)
	at java.util.concurrent.ForkJoinPool.runWorker(ForkJoinPool.java:1692)
	at java.util.concurrent.ForkJoinWorkerThread.run(ForkJoinWorkerThread.java:157)
Caused by: org.apache.hadoop.hdds.scm.container.common.helpers.StorageContainerException: Error opening DB. Container:5 ContainerPath:/opt/src/hadoop-ozone/integration-test/target/test-dir/MiniOzoneClusterImpl-869c8c0d-6a5a-4d77-b402-f67e80feef85/datanode-0/data/containers/hdds/02d1f6b8-f026-4f59-9974-24481a7be2f4/current/containerDir0/5/metadata/5-dn-container.db
	at org.apache.hadoop.ozone.container.keyvalue.helpers.BlockUtils.getDB(BlockUtils.java:84)
	at org.apache.hadoop.ozone.container.keyvalue.statemachine.background.BlockDeletingService$BlockDeletingTask.call(BlockDeletingService.java:188)
	at org.apache.hadoop.ozone.container.keyvalue.statemachine.background.BlockDeletingService$BlockDeletingTask.call(BlockDeletingService.java:172)
	at java.util.concurrent.FutureTask.run(FutureTask.java:266)
	at java.util.concurrent.Executors$RunnableAdapter.call(Executors.java:511)
	at java.util.concurrent.FutureTask.run(FutureTask.java:266)
	at java.util.concurrent.Executors$RunnableAdapter.call(Executors.java:511)
	at java.util.concurrent.FutureTask.run(FutureTask.java:266)
	at java.util.concurrent.ScheduledThreadPoolExecutor$ScheduledFutureTask.access$201(ScheduledThreadPoolExecutor.java:180)
	at java.util.concurrent.ScheduledThreadPoolExecutor$ScheduledFutureTask.run(ScheduledThreadPoolExecutor.java:293)
	at java.util.concurrent.ThreadPoolExecutor.runWorker(ThreadPoolExecutor.java:1149)
	at java.util.concurrent.ThreadPoolExecutor$Worker.run(ThreadPoolExecutor.java:624)
	at java.lang.Thread.run(Thread.java:748)
2019-06-12 13:50:48,484 WARN  utils.BackgroundService (BackgroundService.java:lambda$run$0(135)) - Background task fails to execute, retrying in next interval
java.util.concurrent.ExecutionException: org.apache.hadoop.hdds.scm.container.common.helpers.StorageContainerException: Error opening DB. Container:1 ContainerPath:/opt/src/hadoop-ozone/integration-test/target/test-dir/MiniOzoneClusterImpl-869c8c0d-6a5a-4d77-b402-f67e80feef85/datanode-0/data/containers/hdds/02d1f6b8-f026-4f59-9974-24481a7be2f4/current/containerDir0/1/metadata/1-dn-container.db
	at java.util.concurrent.FutureTask.report(FutureTask.java:122)
	at java.util.concurrent.FutureTask.get(FutureTask.java:206)
	at org.apache.hadoop.utils.BackgroundService$PeriodicalTask.lambda$run$0(BackgroundService.java:129)
	at java.util.stream.ForEachOps$ForEachOp$OfRef.accept(ForEachOps.java:184)
	at java.util.ArrayList$ArrayListSpliterator.forEachRemaining(ArrayList.java:1382)
	at java.util.stream.AbstractPipeline.copyInto(AbstractPipeline.java:482)
	at java.util.stream.ForEachOps$ForEachTask.compute(ForEachOps.java:291)
	at java.util.concurrent.CountedCompleter.exec(CountedCompleter.java:731)
	at java.util.concurrent.ForkJoinTask.doExec(ForkJoinTask.java:289)
	at java.util.concurrent.ForkJoinPool$WorkQueue.execLocalTasks(ForkJoinPool.java:1040)
	at java.util.concurrent.ForkJoinPool$WorkQueue.runTask(ForkJoinPool.java:1058)
	at java.util.concurrent.ForkJoinPool.runWorker(ForkJoinPool.java:1692)
	at java.util.concurrent.ForkJoinWorkerThread.run(ForkJoinWorkerThread.java:157)
Caused by: org.apache.hadoop.hdds.scm.container.common.helpers.StorageContainerException: Error opening DB. Container:1 ContainerPath:/opt/src/hadoop-ozone/integration-test/target/test-dir/MiniOzoneClusterImpl-869c8c0d-6a5a-4d77-b402-f67e80feef85/datanode-0/data/containers/hdds/02d1f6b8-f026-4f59-9974-24481a7be2f4/current/containerDir0/1/metadata/1-dn-container.db
	at org.apache.hadoop.ozone.container.keyvalue.helpers.BlockUtils.getDB(BlockUtils.java:84)
	at org.apache.hadoop.ozone.container.keyvalue.statemachine.background.BlockDeletingService$BlockDeletingTask.call(BlockDeletingService.java:188)
	at org.apache.hadoop.ozone.container.keyvalue.statemachine.background.BlockDeletingService$BlockDeletingTask.call(BlockDeletingService.java:172)
	at java.util.concurrent.FutureTask.run(FutureTask.java:266)
	at java.util.concurrent.Executors$RunnableAdapter.call(Executors.java:511)
	at java.util.concurrent.FutureTask.run(FutureTask.java:266)
	at java.util.concurrent.Executors$RunnableAdapter.call(Executors.java:511)
	at java.util.concurrent.FutureTask.run(FutureTask.java:266)
	at java.util.concurrent.ScheduledThreadPoolExecutor$ScheduledFutureTask.access$201(ScheduledThreadPoolExecutor.java:180)
	at java.util.concurrent.ScheduledThreadPoolExecutor$ScheduledFutureTask.run(ScheduledThreadPoolExecutor.java:293)
	at java.util.concurrent.ThreadPoolExecutor.runWorker(ThreadPoolExecutor.java:1149)
	at java.util.concurrent.ThreadPoolExecutor$Worker.run(ThreadPoolExecutor.java:624)
	at java.lang.Thread.run(Thread.java:748)
2019-06-12 13:50:48,486 ERROR utils.ContainerCache (ContainerCache.java:getDB(137)) - Error opening DB. Container:4 ContainerPath:/opt/src/hadoop-ozone/integration-test/target/test-dir/MiniOzoneClusterImpl-869c8c0d-6a5a-4d77-b402-f67e80feef85/datanode-0/data/containers/hdds/02d1f6b8-f026-4f59-9974-24481a7be2f4/current/containerDir0/4/metadata/4-dn-container.db
java.io.IOException: Failed init RocksDB, db path : /opt/src/hadoop-ozone/integration-test/target/test-dir/MiniOzoneClusterImpl-869c8c0d-6a5a-4d77-b402-f67e80feef85/datanode-0/data/containers/hdds/02d1f6b8-f026-4f59-9974-24481a7be2f4/current/containerDir0/4/metadata/4-dn-container.db
	at org.apache.hadoop.utils.RocksDBStore.<init>(RocksDBStore.java:87)
	at org.apache.hadoop.utils.MetadataStoreBuilder.build(MetadataStoreBuilder.java:137)
	at org.apache.hadoop.ozone.container.common.utils.ContainerCache.getDB(ContainerCache.java:129)
	at org.apache.hadoop.ozone.container.keyvalue.helpers.BlockUtils.getDB(BlockUtils.java:77)
	at org.apache.hadoop.ozone.container.keyvalue.statemachine.background.BlockDeletingService$BlockDeletingTask.call(BlockDeletingService.java:188)
	at org.apache.hadoop.ozone.container.keyvalue.statemachine.background.BlockDeletingService$BlockDeletingTask.call(BlockDeletingService.java:172)
	at java.util.concurrent.FutureTask.run(FutureTask.java:266)
	at java.util.concurrent.Executors$RunnableAdapter.call(Executors.java:511)
	at java.util.concurrent.FutureTask.run(FutureTask.java:266)
	at java.util.concurrent.Executors$RunnableAdapter.call(Executors.java:511)
	at java.util.concurrent.FutureTask.run(FutureTask.java:266)
	at java.util.concurrent.ScheduledThreadPoolExecutor$ScheduledFutureTask.access$201(ScheduledThreadPoolExecutor.java:180)
	at java.util.concurrent.ScheduledThreadPoolExecutor$ScheduledFutureTask.run(ScheduledThreadPoolExecutor.java:293)
	at java.util.concurrent.ThreadPoolExecutor.runWorker(ThreadPoolExecutor.java:1149)
	at java.util.concurrent.ThreadPoolExecutor$Worker.run(ThreadPoolExecutor.java:624)
	at java.lang.Thread.run(Thread.java:748)
Caused by: org.rocksdb.RocksDBException: While mkdir if missing: /opt/src/hadoop-ozone/integration-test/target/test-dir/MiniOzoneClusterImpl-869c8c0d-6a5a-4d77-b402-f67e80feef85/datanode-0/data/containers/hdds/02d1f6b8-f026-4f59-9974-24481a7be2f4/current/containerDir0/4/metadata/4-dn-container.db: No such file or directory
	at org.rocksdb.RocksDB.open(Native Method)
	at org.rocksdb.RocksDB.open(RocksDB.java:231)
	at org.apache.hadoop.utils.RocksDBStore.<init>(RocksDBStore.java:71)
	... 15 more
2019-06-12 13:50:48,487 WARN  utils.BackgroundService (BackgroundService.java:lambda$run$0(135)) - Background task fails to execute, retrying in next interval
java.util.concurrent.ExecutionException: org.apache.hadoop.hdds.scm.container.common.helpers.StorageContainerException: Error opening DB. Container:4 ContainerPath:/opt/src/hadoop-ozone/integration-test/target/test-dir/MiniOzoneClusterImpl-869c8c0d-6a5a-4d77-b402-f67e80feef85/datanode-0/data/containers/hdds/02d1f6b8-f026-4f59-9974-24481a7be2f4/current/containerDir0/4/metadata/4-dn-container.db
	at java.util.concurrent.FutureTask.report(FutureTask.java:122)
	at java.util.concurrent.FutureTask.get(FutureTask.java:206)
	at org.apache.hadoop.utils.BackgroundService$PeriodicalTask.lambda$run$0(BackgroundService.java:129)
	at java.util.stream.ForEachOps$ForEachOp$OfRef.accept(ForEachOps.java:184)
	at java.util.ArrayList$ArrayListSpliterator.forEachRemaining(ArrayList.java:1382)
	at java.util.stream.AbstractPipeline.copyInto(AbstractPipeline.java:482)
	at java.util.stream.ForEachOps$ForEachTask.compute(ForEachOps.java:291)
	at java.util.concurrent.CountedCompleter.exec(CountedCompleter.java:731)
	at java.util.concurrent.ForkJoinTask.doExec(ForkJoinTask.java:289)
	at java.util.concurrent.ForkJoinTask.doInvoke(ForkJoinTask.java:401)
	at java.util.concurrent.ForkJoinTask.invoke(ForkJoinTask.java:734)
	at java.util.stream.ForEachOps$ForEachOp.evaluateParallel(ForEachOps.java:160)
	at java.util.stream.ForEachOps$ForEachOp$OfRef.evaluateParallel(ForEachOps.java:174)
	at java.util.stream.AbstractPipeline.evaluate(AbstractPipeline.java:233)
	at java.util.stream.ReferencePipeline.forEach(ReferencePipeline.java:418)
	at java.util.stream.ReferencePipeline$Head.forEach(ReferencePipeline.java:583)
	at org.apache.hadoop.utils.BackgroundService$PeriodicalTask.run(BackgroundService.java:125)
	at java.util.concurrent.Executors$RunnableAdapter.call(Executors.java:511)
	at java.util.concurrent.FutureTask.runAndReset(FutureTask.java:308)
	at java.util.concurrent.ScheduledThreadPoolExecutor$ScheduledFutureTask.access$301(ScheduledThreadPoolExecutor.java:180)
	at java.util.concurrent.ScheduledThreadPoolExecutor$ScheduledFutureTask.run(ScheduledThreadPoolExecutor.java:294)
	at java.util.concurrent.ThreadPoolExecutor.runWorker(ThreadPoolExecutor.java:1149)
	at java.util.concurrent.ThreadPoolExecutor$Worker.run(ThreadPoolExecutor.java:624)
	at java.lang.Thread.run(Thread.java:748)
Caused by: org.apache.hadoop.hdds.scm.container.common.helpers.StorageContainerException: Error opening DB. Container:4 ContainerPath:/opt/src/hadoop-ozone/integration-test/target/test-dir/MiniOzoneClusterImpl-869c8c0d-6a5a-4d77-b402-f67e80feef85/datanode-0/data/containers/hdds/02d1f6b8-f026-4f59-9974-24481a7be2f4/current/containerDir0/4/metadata/4-dn-container.db
	at org.apache.hadoop.ozone.container.keyvalue.helpers.BlockUtils.getDB(BlockUtils.java:84)
	at org.apache.hadoop.ozone.container.keyvalue.statemachine.background.BlockDeletingService$BlockDeletingTask.call(BlockDeletingService.java:188)
	at org.apache.hadoop.ozone.container.keyvalue.statemachine.background.BlockDeletingService$BlockDeletingTask.call(BlockDeletingService.java:172)
	at java.util.concurrent.FutureTask.run(FutureTask.java:266)
	at java.util.concurrent.Executors$RunnableAdapter.call(Executors.java:511)
	at java.util.concurrent.FutureTask.run(FutureTask.java:266)
	at java.util.concurrent.Executors$RunnableAdapter.call(Executors.java:511)
	at java.util.concurrent.FutureTask.run(FutureTask.java:266)
	at java.util.concurrent.ScheduledThreadPoolExecutor$ScheduledFutureTask.access$201(ScheduledThreadPoolExecutor.java:180)
	at java.util.concurrent.ScheduledThreadPoolExecutor$ScheduledFutureTask.run(ScheduledThreadPoolExecutor.java:293)
	... 3 more
2019-06-12 13:50:48,487 ERROR utils.ContainerCache (ContainerCache.java:getDB(137)) - Error opening DB. Container:3 ContainerPath:/opt/src/hadoop-ozone/integration-test/target/test-dir/MiniOzoneClusterImpl-869c8c0d-6a5a-4d77-b402-f67e80feef85/datanode-0/data/containers/hdds/02d1f6b8-f026-4f59-9974-24481a7be2f4/current/containerDir0/3/metadata/3-dn-container.db
java.io.IOException: Failed init RocksDB, db path : /opt/src/hadoop-ozone/integration-test/target/test-dir/MiniOzoneClusterImpl-869c8c0d-6a5a-4d77-b402-f67e80feef85/datanode-0/data/containers/hdds/02d1f6b8-f026-4f59-9974-24481a7be2f4/current/containerDir0/3/metadata/3-dn-container.db
	at org.apache.hadoop.utils.RocksDBStore.<init>(RocksDBStore.java:87)
	at org.apache.hadoop.utils.MetadataStoreBuilder.build(MetadataStoreBuilder.java:137)
	at org.apache.hadoop.ozone.container.common.utils.ContainerCache.getDB(ContainerCache.java:129)
	at org.apache.hadoop.ozone.container.keyvalue.helpers.BlockUtils.getDB(BlockUtils.java:77)
	at org.apache.hadoop.ozone.container.keyvalue.statemachine.background.BlockDeletingService$BlockDeletingTask.call(BlockDeletingService.java:188)
	at org.apache.hadoop.ozone.container.keyvalue.statemachine.background.BlockDeletingService$BlockDeletingTask.call(BlockDeletingService.java:172)
	at java.util.concurrent.FutureTask.run(FutureTask.java:266)
	at java.util.concurrent.Executors$RunnableAdapter.call(Executors.java:511)
	at java.util.concurrent.FutureTask.run(FutureTask.java:266)
	at java.util.concurrent.Executors$RunnableAdapter.call(Executors.java:511)
	at java.util.concurrent.FutureTask.run(FutureTask.java:266)
	at java.util.concurrent.ScheduledThreadPoolExecutor$ScheduledFutureTask.access$201(ScheduledThreadPoolExecutor.java:180)
	at java.util.concurrent.ScheduledThreadPoolExecutor$ScheduledFutureTask.run(ScheduledThreadPoolExecutor.java:293)
	at java.util.concurrent.ThreadPoolExecutor.runWorker(ThreadPoolExecutor.java:1149)
	at java.util.concurrent.ThreadPoolExecutor$Worker.run(ThreadPoolExecutor.java:624)
	at java.lang.Thread.run(Thread.java:748)
Caused by: org.rocksdb.RocksDBException: While mkdir if missing: /opt/src/hadoop-ozone/integration-test/target/test-dir/MiniOzoneClusterImpl-869c8c0d-6a5a-4d77-b402-f67e80feef85/datanode-0/data/containers/hdds/02d1f6b8-f026-4f59-9974-24481a7be2f4/current/containerDir0/3/metadata/3-dn-container.db: No such file or directory
	at org.rocksdb.RocksDB.open(Native Method)
	at org.rocksdb.RocksDB.open(RocksDB.java:231)
	at org.apache.hadoop.utils.RocksDBStore.<init>(RocksDBStore.java:71)
	... 15 more
2019-06-12 13:50:48,488 ERROR utils.ContainerCache (ContainerCache.java:getDB(137)) - Error opening DB. Container:2 ContainerPath:/opt/src/hadoop-ozone/integration-test/target/test-dir/MiniOzoneClusterImpl-869c8c0d-6a5a-4d77-b402-f67e80feef85/datanode-0/data/containers/hdds/02d1f6b8-f026-4f59-9974-24481a7be2f4/current/containerDir0/2/metadata/2-dn-container.db
java.io.IOException: Failed init RocksDB, db path : /opt/src/hadoop-ozone/integration-test/target/test-dir/MiniOzoneClusterImpl-869c8c0d-6a5a-4d77-b402-f67e80feef85/datanode-0/data/containers/hdds/02d1f6b8-f026-4f59-9974-24481a7be2f4/current/containerDir0/2/metadata/2-dn-container.db
	at org.apache.hadoop.utils.RocksDBStore.<init>(RocksDBStore.java:87)
	at org.apache.hadoop.utils.MetadataStoreBuilder.build(MetadataStoreBuilder.java:137)
	at org.apache.hadoop.ozone.container.common.utils.ContainerCache.getDB(ContainerCache.java:129)
	at org.apache.hadoop.ozone.container.keyvalue.helpers.BlockUtils.getDB(BlockUtils.java:77)
	at org.apache.hadoop.ozone.container.keyvalue.statemachine.background.BlockDeletingService$BlockDeletingTask.call(BlockDeletingService.java:188)
	at org.apache.hadoop.ozone.container.keyvalue.statemachine.background.BlockDeletingService$BlockDeletingTask.call(BlockDeletingService.java:172)
	at java.util.concurrent.FutureTask.run(FutureTask.java:266)
	at java.util.concurrent.Executors$RunnableAdapter.call(Executors.java:511)
	at java.util.concurrent.FutureTask.run(FutureTask.java:266)
	at java.util.concurrent.Executors$RunnableAdapter.call(Executors.java:511)
	at java.util.concurrent.FutureTask.run(FutureTask.java:266)
	at java.util.concurrent.ScheduledThreadPoolExecutor$ScheduledFutureTask.access$201(ScheduledThreadPoolExecutor.java:180)
	at java.util.concurrent.ScheduledThreadPoolExecutor$ScheduledFutureTask.run(ScheduledThreadPoolExecutor.java:293)
	at java.util.concurrent.ThreadPoolExecutor.runWorker(ThreadPoolExecutor.java:1149)
	at java.util.concurrent.ThreadPoolExecutor$Worker.run(ThreadPoolExecutor.java:624)
	at java.lang.Thread.run(Thread.java:748)
Caused by: org.rocksdb.RocksDBException: While mkdir if missing: /opt/src/hadoop-ozone/integration-test/target/test-dir/MiniOzoneClusterImpl-869c8c0d-6a5a-4d77-b402-f67e80feef85/datanode-0/data/containers/hdds/02d1f6b8-f026-4f59-9974-24481a7be2f4/current/containerDir0/2/metadata/2-dn-container.db: No such file or directory
	at org.rocksdb.RocksDB.open(Native Method)
	at org.rocksdb.RocksDB.open(RocksDB.java:231)
	at org.apache.hadoop.utils.RocksDBStore.<init>(RocksDBStore.java:71)
	... 15 more
2019-06-12 13:50:48,489 WARN  utils.BackgroundService (BackgroundService.java:lambda$run$0(135)) - Background task fails to execute, retrying in next interval
java.util.concurrent.ExecutionException: org.apache.hadoop.hdds.scm.container.common.helpers.StorageContainerException: Error opening DB. Container:2 ContainerPath:/opt/src/hadoop-ozone/integration-test/target/test-dir/MiniOzoneClusterImpl-869c8c0d-6a5a-4d77-b402-f67e80feef85/datanode-0/data/containers/hdds/02d1f6b8-f026-4f59-9974-24481a7be2f4/current/containerDir0/2/metadata/2-dn-container.db
	at java.util.concurrent.FutureTask.report(FutureTask.java:122)
	at java.util.concurrent.FutureTask.get(FutureTask.java:206)
	at org.apache.hadoop.utils.BackgroundService$PeriodicalTask.lambda$run$0(BackgroundService.java:129)
	at java.util.stream.ForEachOps$ForEachOp$OfRef.accept(ForEachOps.java:184)
	at java.util.ArrayList$ArrayListSpliterator.forEachRemaining(ArrayList.java:1382)
	at java.util.stream.AbstractPipeline.copyInto(AbstractPipeline.java:482)
	at java.util.stream.ForEachOps$ForEachTask.compute(ForEachOps.java:291)
	at java.util.concurrent.CountedCompleter.exec(CountedCompleter.java:731)
	at java.util.concurrent.ForkJoinTask.doExec(ForkJoinTask.java:289)
	at java.util.concurrent.ForkJoinPool$WorkQueue.runTask(ForkJoinPool.java:1056)
	at java.util.concurrent.ForkJoinPool.runWorker(ForkJoinPool.java:1692)
	at java.util.concurrent.ForkJoinWorkerThread.run(ForkJoinWorkerThread.java:157)
Caused by: org.apache.hadoop.hdds.scm.container.common.helpers.StorageContainerException: Error opening DB. Container:2 ContainerPath:/opt/src/hadoop-ozone/integration-test/target/test-dir/MiniOzoneClusterImpl-869c8c0d-6a5a-4d77-b402-f67e80feef85/datanode-0/data/containers/hdds/02d1f6b8-f026-4f59-9974-24481a7be2f4/current/containerDir0/2/metadata/2-dn-container.db
	at org.apache.hadoop.ozone.container.keyvalue.helpers.BlockUtils.getDB(BlockUtils.java:84)
	at org.apache.hadoop.ozone.container.keyvalue.statemachine.background.BlockDeletingService$BlockDeletingTask.call(BlockDeletingService.java:188)
	at org.apache.hadoop.ozone.container.keyvalue.statemachine.background.BlockDeletingService$BlockDeletingTask.call(BlockDeletingService.java:172)
	at java.util.concurrent.FutureTask.run(FutureTask.java:266)
	at java.util.concurrent.Executors$RunnableAdapter.call(Executors.java:511)
	at java.util.concurrent.FutureTask.run(FutureTask.java:266)
	at java.util.concurrent.Executors$RunnableAdapter.call(Executors.java:511)
	at java.util.concurrent.FutureTask.run(FutureTask.java:266)
	at java.util.concurrent.ScheduledThreadPoolExecutor$ScheduledFutureTask.access$201(ScheduledThreadPoolExecutor.java:180)
	at java.util.concurrent.ScheduledThreadPoolExecutor$ScheduledFutureTask.run(ScheduledThreadPoolExecutor.java:293)
	at java.util.concurrent.ThreadPoolExecutor.runWorker(ThreadPoolExecutor.java:1149)
	at java.util.concurrent.ThreadPoolExecutor$Worker.run(ThreadPoolExecutor.java:624)
	at java.lang.Thread.run(Thread.java:748)
2019-06-12 13:50:48,494 WARN  utils.BackgroundService (BackgroundService.java:lambda$run$0(135)) - Background task fails to execute, retrying in next interval
java.util.concurrent.ExecutionException: org.apache.hadoop.hdds.scm.container.common.helpers.StorageContainerException: Error opening DB. Container:3 ContainerPath:/opt/src/hadoop-ozone/integration-test/target/test-dir/MiniOzoneClusterImpl-869c8c0d-6a5a-4d77-b402-f67e80feef85/datanode-0/data/containers/hdds/02d1f6b8-f026-4f59-9974-24481a7be2f4/current/containerDir0/3/metadata/3-dn-container.db
	at java.util.concurrent.FutureTask.report(FutureTask.java:122)
	at java.util.concurrent.FutureTask.get(FutureTask.java:206)
	at org.apache.hadoop.utils.BackgroundService$PeriodicalTask.lambda$run$0(BackgroundService.java:129)
	at java.util.stream.ForEachOps$ForEachOp$OfRef.accept(ForEachOps.java:184)
	at java.util.ArrayList$ArrayListSpliterator.forEachRemaining(ArrayList.java:1382)
	at java.util.stream.AbstractPipeline.copyInto(AbstractPipeline.java:482)
	at java.util.stream.ForEachOps$ForEachTask.compute(ForEachOps.java:291)
	at java.util.concurrent.CountedCompleter.exec(CountedCompleter.java:731)
	at java.util.concurrent.ForkJoinTask.doExec(ForkJoinTask.java:289)
	at java.util.concurrent.ForkJoinPool$WorkQueue.pollAndExecCC(ForkJoinPool.java:1190)
	at java.util.concurrent.ForkJoinPool.helpComplete(ForkJoinPool.java:1879)
	at java.util.concurrent.ForkJoinPool.externalHelpComplete(ForkJoinPool.java:2467)
	at java.util.concurrent.ForkJoinTask.externalAwaitDone(ForkJoinTask.java:324)
	at java.util.concurrent.ForkJoinTask.doInvoke(ForkJoinTask.java:405)
	at java.util.concurrent.ForkJoinTask.invoke(ForkJoinTask.java:734)
	at java.util.stream.ForEachOps$ForEachOp.evaluateParallel(ForEachOps.java:160)
	at java.util.stream.ForEachOps$ForEachOp$OfRef.evaluateParallel(ForEachOps.java:174)
	at java.util.stream.AbstractPipeline.evaluate(AbstractPipeline.java:233)
	at java.util.stream.ReferencePipeline.forEach(ReferencePipeline.java:418)
	at java.util.stream.ReferencePipeline$Head.forEach(ReferencePipeline.java:583)
	at org.apache.hadoop.utils.BackgroundService$PeriodicalTask.run(BackgroundService.java:125)
	at java.util.concurrent.Executors$RunnableAdapter.call(Executors.java:511)
	at java.util.concurrent.FutureTask.runAndReset(FutureTask.java:308)
	at java.util.concurrent.ScheduledThreadPoolExecutor$ScheduledFutureTask.access$301(ScheduledThreadPoolExecutor.java:180)
	at java.util.concurrent.ScheduledThreadPoolExecutor$ScheduledFutureTask.run(ScheduledThreadPoolExecutor.java:294)
	at java.util.concurrent.ThreadPoolExecutor.runWorker(ThreadPoolExecutor.java:1149)
	at java.util.concurrent.ThreadPoolExecutor$Worker.run(ThreadPoolExecutor.java:624)
	at java.lang.Thread.run(Thread.java:748)
Caused by: org.apache.hadoop.hdds.scm.container.common.helpers.StorageContainerException: Error opening DB. Container:3 ContainerPath:/opt/src/hadoop-ozone/integration-test/target/test-dir/MiniOzoneClusterImpl-869c8c0d-6a5a-4d77-b402-f67e80feef85/datanode-0/data/containers/hdds/02d1f6b8-f026-4f59-9974-24481a7be2f4/current/containerDir0/3/metadata/3-dn-container.db
	at org.apache.hadoop.ozone.container.keyvalue.helpers.BlockUtils.getDB(BlockUtils.java:84)
	at org.apache.hadoop.ozone.container.keyvalue.statemachine.background.BlockDeletingService$BlockDeletingTask.call(BlockDeletingService.java:188)
	at org.apache.hadoop.ozone.container.keyvalue.statemachine.background.BlockDeletingService$BlockDeletingTask.call(BlockDeletingService.java:172)
	at java.util.concurrent.FutureTask.run(FutureTask.java:266)
	at java.util.concurrent.Executors$RunnableAdapter.call(Executors.java:511)
	at java.util.concurrent.FutureTask.run(FutureTask.java:266)
	at java.util.concurrent.Executors$RunnableAdapter.call(Executors.java:511)
	at java.util.concurrent.FutureTask.run(FutureTask.java:266)
	at java.util.concurrent.ScheduledThreadPoolExecutor$ScheduledFutureTask.access$201(ScheduledThreadPoolExecutor.java:180)
	at java.util.concurrent.ScheduledThreadPoolExecutor$ScheduledFutureTask.run(ScheduledThreadPoolExecutor.java:293)
	... 3 more
2019-06-12 13:50:48,899 INFO  ozone.MiniOzoneClusterImpl (MiniOzoneClusterImpl.java:lambda$waitForClusterToBeReady$0(142)) - Waiting for cluster to be ready. Got 0 of 1 DN Heartbeats.
2019-06-12 13:50:48,908 INFO  ozoneimpl.OzoneContainer (OzoneContainer.java:start(186)) - Attempting to start container services.
2019-06-12 13:50:48,909 INFO  ozoneimpl.OzoneContainer (OzoneContainer.java:startContainerScrub(160)) - Background container scrubber has been disabled by hdds.containerscrub.enabled
2019-06-12 13:50:48,909 INFO  ratis.XceiverServerRatis (XceiverServerRatis.java:start(418)) - Starting XceiverServerRatis 2ec4175c-2012-45e6-8f3b-678fe176ad41 at port 35473
2019-06-12 13:50:48,914 INFO  impl.RaftServerProxy (RaftServerProxy.java:lambda$start$3(299)) - 2ec4175c-2012-45e6-8f3b-678fe176ad41: start RPC server
2019-06-12 13:50:48,915 INFO  server.GrpcService (GrpcService.java:startImpl(148)) - 2ec4175c-2012-45e6-8f3b-678fe176ad41: GrpcService started, listening on 0.0.0.0/0.0.0.0:35473
2019-06-12 13:50:49,495 INFO  background.BlockDeletingService (BlockDeletingService.java:getTasks(123)) - Plan to choose 10 containers for block deletion, actually returns 5 valid containers.
2019-06-12 13:50:49,496 ERROR utils.ContainerCache (ContainerCache.java:getDB(137)) - Error opening DB. Container:1 ContainerPath:/opt/src/hadoop-ozone/integration-test/target/test-dir/MiniOzoneClusterImpl-869c8c0d-6a5a-4d77-b402-f67e80feef85/datanode-0/data/containers/hdds/02d1f6b8-f026-4f59-9974-24481a7be2f4/current/containerDir0/1/metadata/1-dn-container.db
java.io.IOException: Failed init RocksDB, db path : /opt/src/hadoop-ozone/integration-test/target/test-dir/MiniOzoneClusterImpl-869c8c0d-6a5a-4d77-b402-f67e80feef85/datanode-0/data/containers/hdds/02d1f6b8-f026-4f59-9974-24481a7be2f4/current/containerDir0/1/metadata/1-dn-container.db
	at org.apache.hadoop.utils.RocksDBStore.<init>(RocksDBStore.java:87)
	at org.apache.hadoop.utils.MetadataStoreBuilder.build(MetadataStoreBuilder.java:137)
	at org.apache.hadoop.ozone.container.common.utils.ContainerCache.getDB(ContainerCache.java:129)
	at org.apache.hadoop.ozone.container.keyvalue.helpers.BlockUtils.getDB(BlockUtils.java:77)
	at org.apache.hadoop.ozone.container.keyvalue.statemachine.background.BlockDeletingService$BlockDeletingTask.call(BlockDeletingService.java:188)
	at org.apache.hadoop.ozone.container.keyvalue.statemachine.background.BlockDeletingService$BlockDeletingTask.call(BlockDeletingService.java:172)
	at java.util.concurrent.FutureTask.run(FutureTask.java:266)
	at java.util.concurrent.Executors$RunnableAdapter.call(Executors.java:511)
	at java.util.concurrent.FutureTask.run(FutureTask.java:266)
	at java.util.concurrent.Executors$RunnableAdapter.call(Executors.java:511)
	at java.util.concurrent.FutureTask.run(FutureTask.java:266)
	at java.util.concurrent.ScheduledThreadPoolExecutor$ScheduledFutureTask.access$201(ScheduledThreadPoolExecutor.java:180)
	at java.util.concurrent.ScheduledThreadPoolExecutor$ScheduledFutureTask.run(ScheduledThreadPoolExecutor.java:293)
	at java.util.concurrent.ThreadPoolExecutor.runWorker(ThreadPoolExecutor.java:1149)
	at java.util.concurrent.ThreadPoolExecutor$Worker.run(ThreadPoolExecutor.java:624)
	at java.lang.Thread.run(Thread.java:748)
Caused by: org.rocksdb.RocksDBException: While mkdir if missing: /opt/src/hadoop-ozone/integration-test/target/test-dir/MiniOzoneClusterImpl-869c8c0d-6a5a-4d77-b402-f67e80feef85/datanode-0/data/containers/hdds/02d1f6b8-f026-4f59-9974-24481a7be2f4/current/containerDir0/1/metadata/1-dn-container.db: No such file or directory
	at org.rocksdb.RocksDB.open(Native Method)
	at org.rocksdb.RocksDB.open(RocksDB.java:231)
	at org.apache.hadoop.utils.RocksDBStore.<init>(RocksDBStore.java:71)
	... 15 more
2019-06-12 13:50:49,497 ERROR utils.ContainerCache (ContainerCache.java:getDB(137)) - Error opening DB. Container:5 ContainerPath:/opt/src/hadoop-ozone/integration-test/target/test-dir/MiniOzoneClusterImpl-869c8c0d-6a5a-4d77-b402-f67e80feef85/datanode-0/data/containers/hdds/02d1f6b8-f026-4f59-9974-24481a7be2f4/current/containerDir0/5/metadata/5-dn-container.db
java.io.IOException: Failed init RocksDB, db path : /opt/src/hadoop-ozone/integration-test/target/test-dir/MiniOzoneClusterImpl-869c8c0d-6a5a-4d77-b402-f67e80feef85/datanode-0/data/containers/hdds/02d1f6b8-f026-4f59-9974-24481a7be2f4/current/containerDir0/5/metadata/5-dn-container.db
	at org.apache.hadoop.utils.RocksDBStore.<init>(RocksDBStore.java:87)
	at org.apache.hadoop.utils.MetadataStoreBuilder.build(MetadataStoreBuilder.java:137)
	at org.apache.hadoop.ozone.container.common.utils.ContainerCache.getDB(ContainerCache.java:129)
	at org.apache.hadoop.ozone.container.keyvalue.helpers.BlockUtils.getDB(BlockUtils.java:77)
	at org.apache.hadoop.ozone.container.keyvalue.statemachine.background.BlockDeletingService$BlockDeletingTask.call(BlockDeletingService.java:188)
	at org.apache.hadoop.ozone.container.keyvalue.statemachine.background.BlockDeletingService$BlockDeletingTask.call(BlockDeletingService.java:172)
	at java.util.concurrent.FutureTask.run(FutureTask.java:266)
	at java.util.concurrent.Executors$RunnableAdapter.call(Executors.java:511)
	at java.util.concurrent.FutureTask.run(FutureTask.java:266)
	at java.util.concurrent.Executors$RunnableAdapter.call(Executors.java:511)
	at java.util.concurrent.FutureTask.run(FutureTask.java:266)
	at java.util.concurrent.ScheduledThreadPoolExecutor$ScheduledFutureTask.access$201(ScheduledThreadPoolExecutor.java:180)
	at java.util.concurrent.ScheduledThreadPoolExecutor$ScheduledFutureTask.run(ScheduledThreadPoolExecutor.java:293)
	at java.util.concurrent.ThreadPoolExecutor.runWorker(ThreadPoolExecutor.java:1149)
	at java.util.concurrent.ThreadPoolExecutor$Worker.run(ThreadPoolExecutor.java:624)
	at java.lang.Thread.run(Thread.java:748)
Caused by: org.rocksdb.RocksDBException: While mkdir if missing: /opt/src/hadoop-ozone/integration-test/target/test-dir/MiniOzoneClusterImpl-869c8c0d-6a5a-4d77-b402-f67e80feef85/datanode-0/data/containers/hdds/02d1f6b8-f026-4f59-9974-24481a7be2f4/current/containerDir0/5/metadata/5-dn-container.db: No such file or directory
	at org.rocksdb.RocksDB.open(Native Method)
	at org.rocksdb.RocksDB.open(RocksDB.java:231)
	at org.apache.hadoop.utils.RocksDBStore.<init>(RocksDBStore.java:71)
	... 15 more
2019-06-12 13:50:49,497 WARN  utils.BackgroundService (BackgroundService.java:lambda$run$0(135)) - Background task fails to execute, retrying in next interval
java.util.concurrent.ExecutionException: org.apache.hadoop.hdds.scm.container.common.helpers.StorageContainerException: Error opening DB. Container:5 ContainerPath:/opt/src/hadoop-ozone/integration-test/target/test-dir/MiniOzoneClusterImpl-869c8c0d-6a5a-4d77-b402-f67e80feef85/datanode-0/data/containers/hdds/02d1f6b8-f026-4f59-9974-24481a7be2f4/current/containerDir0/5/metadata/5-dn-container.db
	at java.util.concurrent.FutureTask.report(FutureTask.java:122)
	at java.util.concurrent.FutureTask.get(FutureTask.java:206)
	at org.apache.hadoop.utils.BackgroundService$PeriodicalTask.lambda$run$0(BackgroundService.java:129)
	at java.util.stream.ForEachOps$ForEachOp$OfRef.accept(ForEachOps.java:184)
	at java.util.ArrayList$ArrayListSpliterator.forEachRemaining(ArrayList.java:1382)
	at java.util.stream.AbstractPipeline.copyInto(AbstractPipeline.java:482)
	at java.util.stream.ForEachOps$ForEachTask.compute(ForEachOps.java:291)
	at java.util.concurrent.CountedCompleter.exec(CountedCompleter.java:731)
	at java.util.concurrent.ForkJoinTask.doExec(ForkJoinTask.java:289)
	at java.util.concurrent.ForkJoinPool$WorkQueue.runTask(ForkJoinPool.java:1056)
	at java.util.concurrent.ForkJoinPool.runWorker(ForkJoinPool.java:1692)
	at java.util.concurrent.ForkJoinWorkerThread.run(ForkJoinWorkerThread.java:157)
Caused by: org.apache.hadoop.hdds.scm.container.common.helpers.StorageContainerException: Error opening DB. Container:5 ContainerPath:/opt/src/hadoop-ozone/integration-test/target/test-dir/MiniOzoneClusterImpl-869c8c0d-6a5a-4d77-b402-f67e80feef85/datanode-0/data/containers/hdds/02d1f6b8-f026-4f59-9974-24481a7be2f4/current/containerDir0/5/metadata/5-dn-container.db
	at org.apache.hadoop.ozone.container.keyvalue.helpers.BlockUtils.getDB(BlockUtils.java:84)
	at org.apache.hadoop.ozone.container.keyvalue.statemachine.background.BlockDeletingService$BlockDeletingTask.call(BlockDeletingService.java:188)
	at org.apache.hadoop.ozone.container.keyvalue.statemachine.background.BlockDeletingService$BlockDeletingTask.call(BlockDeletingService.java:172)
	at java.util.concurrent.FutureTask.run(FutureTask.java:266)
	at java.util.concurrent.Executors$RunnableAdapter.call(Executors.java:511)
	at java.util.concurrent.FutureTask.run(FutureTask.java:266)
	at java.util.concurrent.Executors$RunnableAdapter.call(Executors.java:511)
	at java.util.concurrent.FutureTask.run(FutureTask.java:266)
	at java.util.concurrent.ScheduledThreadPoolExecutor$ScheduledFutureTask.access$201(ScheduledThreadPoolExecutor.java:180)
	at java.util.concurrent.ScheduledThreadPoolExecutor$ScheduledFutureTask.run(ScheduledThreadPoolExecutor.java:293)
	at java.util.concurrent.ThreadPoolExecutor.runWorker(ThreadPoolExecutor.java:1149)
	at java.util.concurrent.ThreadPoolExecutor$Worker.run(ThreadPoolExecutor.java:624)
	at java.lang.Thread.run(Thread.java:748)
2019-06-12 13:50:49,497 ERROR utils.ContainerCache (ContainerCache.java:getDB(137)) - Error opening DB. Container:4 ContainerPath:/opt/src/hadoop-ozone/integration-test/target/test-dir/MiniOzoneClusterImpl-869c8c0d-6a5a-4d77-b402-f67e80feef85/datanode-0/data/containers/hdds/02d1f6b8-f026-4f59-9974-24481a7be2f4/current/containerDir0/4/metadata/4-dn-container.db
java.io.IOException: Failed init RocksDB, db path : /opt/src/hadoop-ozone/integration-test/target/test-dir/MiniOzoneClusterImpl-869c8c0d-6a5a-4d77-b402-f67e80feef85/datanode-0/data/containers/hdds/02d1f6b8-f026-4f59-9974-24481a7be2f4/current/containerDir0/4/metadata/4-dn-container.db
	at org.apache.hadoop.utils.RocksDBStore.<init>(RocksDBStore.java:87)
	at org.apache.hadoop.utils.MetadataStoreBuilder.build(MetadataStoreBuilder.java:137)
	at org.apache.hadoop.ozone.container.common.utils.ContainerCache.getDB(ContainerCache.java:129)
	at org.apache.hadoop.ozone.container.keyvalue.helpers.BlockUtils.getDB(BlockUtils.java:77)
	at org.apache.hadoop.ozone.container.keyvalue.statemachine.background.BlockDeletingService$BlockDeletingTask.call(BlockDeletingService.java:188)
	at org.apache.hadoop.ozone.container.keyvalue.statemachine.background.BlockDeletingService$BlockDeletingTask.call(BlockDeletingService.java:172)
	at java.util.concurrent.FutureTask.run(FutureTask.java:266)
	at java.util.concurrent.Executors$RunnableAdapter.call(Executors.java:511)
	at java.util.concurrent.FutureTask.run(FutureTask.java:266)
	at java.util.concurrent.Executors$RunnableAdapter.call(Executors.java:511)
	at java.util.concurrent.FutureTask.run(FutureTask.java:266)
	at java.util.concurrent.ScheduledThreadPoolExecutor$ScheduledFutureTask.access$201(ScheduledThreadPoolExecutor.java:180)
	at java.util.concurrent.ScheduledThreadPoolExecutor$ScheduledFutureTask.run(ScheduledThreadPoolExecutor.java:293)
	at java.util.concurrent.ThreadPoolExecutor.runWorker(ThreadPoolExecutor.java:1149)
	at java.util.concurrent.ThreadPoolExecutor$Worker.run(ThreadPoolExecutor.java:624)
	at java.lang.Thread.run(Thread.java:748)
Caused by: org.rocksdb.RocksDBException: While mkdir if missing: /opt/src/hadoop-ozone/integration-test/target/test-dir/MiniOzoneClusterImpl-869c8c0d-6a5a-4d77-b402-f67e80feef85/datanode-0/data/containers/hdds/02d1f6b8-f026-4f59-9974-24481a7be2f4/current/containerDir0/4/metadata/4-dn-container.db: No such file or directory
	at org.rocksdb.RocksDB.open(Native Method)
	at org.rocksdb.RocksDB.open(RocksDB.java:231)
	at org.apache.hadoop.utils.RocksDBStore.<init>(RocksDBStore.java:71)
	... 15 more
2019-06-12 13:50:49,498 WARN  utils.BackgroundService (BackgroundService.java:lambda$run$0(135)) - Background task fails to execute, retrying in next interval
java.util.concurrent.ExecutionException: org.apache.hadoop.hdds.scm.container.common.helpers.StorageContainerException: Error opening DB. Container:1 ContainerPath:/opt/src/hadoop-ozone/integration-test/target/test-dir/MiniOzoneClusterImpl-869c8c0d-6a5a-4d77-b402-f67e80feef85/datanode-0/data/containers/hdds/02d1f6b8-f026-4f59-9974-24481a7be2f4/current/containerDir0/1/metadata/1-dn-container.db
	at java.util.concurrent.FutureTask.report(FutureTask.java:122)
	at java.util.concurrent.FutureTask.get(FutureTask.java:206)
	at org.apache.hadoop.utils.BackgroundService$PeriodicalTask.lambda$run$0(BackgroundService.java:129)
	at java.util.stream.ForEachOps$ForEachOp$OfRef.accept(ForEachOps.java:184)
	at java.util.ArrayList$ArrayListSpliterator.forEachRemaining(ArrayList.java:1382)
	at java.util.stream.AbstractPipeline.copyInto(AbstractPipeline.java:482)
	at java.util.stream.ForEachOps$ForEachTask.compute(ForEachOps.java:291)
	at java.util.concurrent.CountedCompleter.exec(CountedCompleter.java:731)
	at java.util.concurrent.ForkJoinTask.doExec(ForkJoinTask.java:289)
	at java.util.concurrent.ForkJoinPool$WorkQueue.execLocalTasks(ForkJoinPool.java:1040)
	at java.util.concurrent.ForkJoinPool$WorkQueue.runTask(ForkJoinPool.java:1058)
	at java.util.concurrent.ForkJoinPool.runWorker(ForkJoinPool.java:1692)
	at java.util.concurrent.ForkJoinWorkerThread.run(ForkJoinWorkerThread.java:157)
Caused by: org.apache.hadoop.hdds.scm.container.common.helpers.StorageContainerException: Error opening DB. Container:1 ContainerPath:/opt/src/hadoop-ozone/integration-test/target/test-dir/MiniOzoneClusterImpl-869c8c0d-6a5a-4d77-b402-f67e80feef85/datanode-0/data/containers/hdds/02d1f6b8-f026-4f59-9974-24481a7be2f4/current/containerDir0/1/metadata/1-dn-container.db
	at org.apache.hadoop.ozone.container.keyvalue.helpers.BlockUtils.getDB(BlockUtils.java:84)
	at org.apache.hadoop.ozone.container.keyvalue.statemachine.background.BlockDeletingService$BlockDeletingTask.call(BlockDeletingService.java:188)
	at org.apache.hadoop.ozone.container.keyvalue.statemachine.background.BlockDeletingService$BlockDeletingTask.call(BlockDeletingService.java:172)
	at java.util.concurrent.FutureTask.run(FutureTask.java:266)
	at java.util.concurrent.Executors$RunnableAdapter.call(Executors.java:511)
	at java.util.concurrent.FutureTask.run(FutureTask.java:266)
	at java.util.concurrent.Executors$RunnableAdapter.call(Executors.java:511)
	at java.util.concurrent.FutureTask.run(FutureTask.java:266)
	at java.util.concurrent.ScheduledThreadPoolExecutor$ScheduledFutureTask.access$201(ScheduledThreadPoolExecutor.java:180)
	at java.util.concurrent.ScheduledThreadPoolExecutor$ScheduledFutureTask.run(ScheduledThreadPoolExecutor.java:293)
	at java.util.concurrent.ThreadPoolExecutor.runWorker(ThreadPoolExecutor.java:1149)
	at java.util.concurrent.ThreadPoolExecutor$Worker.run(ThreadPoolExecutor.java:624)
	at java.lang.Thread.run(Thread.java:748)
2019-06-12 13:50:49,499 ERROR utils.ContainerCache (ContainerCache.java:getDB(137)) - Error opening DB. Container:3 ContainerPath:/opt/src/hadoop-ozone/integration-test/target/test-dir/MiniOzoneClusterImpl-869c8c0d-6a5a-4d77-b402-f67e80feef85/datanode-0/data/containers/hdds/02d1f6b8-f026-4f59-9974-24481a7be2f4/current/containerDir0/3/metadata/3-dn-container.db
java.io.IOException: Failed init RocksDB, db path : /opt/src/hadoop-ozone/integration-test/target/test-dir/MiniOzoneClusterImpl-869c8c0d-6a5a-4d77-b402-f67e80feef85/datanode-0/data/containers/hdds/02d1f6b8-f026-4f59-9974-24481a7be2f4/current/containerDir0/3/metadata/3-dn-container.db
	at org.apache.hadoop.utils.RocksDBStore.<init>(RocksDBStore.java:87)
	at org.apache.hadoop.utils.MetadataStoreBuilder.build(MetadataStoreBuilder.java:137)
	at org.apache.hadoop.ozone.container.common.utils.ContainerCache.getDB(ContainerCache.java:129)
	at org.apache.hadoop.ozone.container.keyvalue.helpers.BlockUtils.getDB(BlockUtils.java:77)
	at org.apache.hadoop.ozone.container.keyvalue.statemachine.background.BlockDeletingService$BlockDeletingTask.call(BlockDeletingService.java:188)
	at org.apache.hadoop.ozone.container.keyvalue.statemachine.background.BlockDeletingService$BlockDeletingTask.call(BlockDeletingService.java:172)
	at java.util.concurrent.FutureTask.run(FutureTask.java:266)
	at java.util.concurrent.Executors$RunnableAdapter.call(Executors.java:511)
	at java.util.concurrent.FutureTask.run(FutureTask.java:266)
	at java.util.concurrent.Executors$RunnableAdapter.call(Executors.java:511)
	at java.util.concurrent.FutureTask.run(FutureTask.java:266)
	at java.util.concurrent.ScheduledThreadPoolExecutor$ScheduledFutureTask.access$201(ScheduledThreadPoolExecutor.java:180)
	at java.util.concurrent.ScheduledThreadPoolExecutor$ScheduledFutureTask.run(ScheduledThreadPoolExecutor.java:293)
	at java.util.concurrent.ThreadPoolExecutor.runWorker(ThreadPoolExecutor.java:1149)
	at java.util.concurrent.ThreadPoolExecutor$Worker.run(ThreadPoolExecutor.java:624)
	at java.lang.Thread.run(Thread.java:748)
Caused by: org.rocksdb.RocksDBException: While mkdir if missing: /opt/src/hadoop-ozone/integration-test/target/test-dir/MiniOzoneClusterImpl-869c8c0d-6a5a-4d77-b402-f67e80feef85/datanode-0/data/containers/hdds/02d1f6b8-f026-4f59-9974-24481a7be2f4/current/containerDir0/3/metadata/3-dn-container.db: No such file or directory
	at org.rocksdb.RocksDB.open(Native Method)
	at org.rocksdb.RocksDB.open(RocksDB.java:231)
	at org.apache.hadoop.utils.RocksDBStore.<init>(RocksDBStore.java:71)
	... 15 more
2019-06-12 13:50:49,499 WARN  utils.BackgroundService (BackgroundService.java:lambda$run$0(135)) - Background task fails to execute, retrying in next interval
java.util.concurrent.ExecutionException: org.apache.hadoop.hdds.scm.container.common.helpers.StorageContainerException: Error opening DB. Container:4 ContainerPath:/opt/src/hadoop-ozone/integration-test/target/test-dir/MiniOzoneClusterImpl-869c8c0d-6a5a-4d77-b402-f67e80feef85/datanode-0/data/containers/hdds/02d1f6b8-f026-4f59-9974-24481a7be2f4/current/containerDir0/4/metadata/4-dn-container.db
	at java.util.concurrent.FutureTask.report(FutureTask.java:122)
	at java.util.concurrent.FutureTask.get(FutureTask.java:206)
	at org.apache.hadoop.utils.BackgroundService$PeriodicalTask.lambda$run$0(BackgroundService.java:129)
	at java.util.stream.ForEachOps$ForEachOp$OfRef.accept(ForEachOps.java:184)
	at java.util.ArrayList$ArrayListSpliterator.forEachRemaining(ArrayList.java:1382)
	at java.util.stream.AbstractPipeline.copyInto(AbstractPipeline.java:482)
	at java.util.stream.ForEachOps$ForEachTask.compute(ForEachOps.java:291)
	at java.util.concurrent.CountedCompleter.exec(CountedCompleter.java:731)
	at java.util.concurrent.ForkJoinTask.doExec(ForkJoinTask.java:289)
	at java.util.concurrent.ForkJoinTask.doInvoke(ForkJoinTask.java:401)
	at java.util.concurrent.ForkJoinTask.invoke(ForkJoinTask.java:734)
	at java.util.stream.ForEachOps$ForEachOp.evaluateParallel(ForEachOps.java:160)
	at java.util.stream.ForEachOps$ForEachOp$OfRef.evaluateParallel(ForEachOps.java:174)
	at java.util.stream.AbstractPipeline.evaluate(AbstractPipeline.java:233)
	at java.util.stream.ReferencePipeline.forEach(ReferencePipeline.java:418)
	at java.util.stream.ReferencePipeline$Head.forEach(ReferencePipeline.java:583)
	at org.apache.hadoop.utils.BackgroundService$PeriodicalTask.run(BackgroundService.java:125)
	at java.util.concurrent.Executors$RunnableAdapter.call(Executors.java:511)
	at java.util.concurrent.FutureTask.runAndReset(FutureTask.java:308)
	at java.util.concurrent.ScheduledThreadPoolExecutor$ScheduledFutureTask.access$301(ScheduledThreadPoolExecutor.java:180)
	at java.util.concurrent.ScheduledThreadPoolExecutor$ScheduledFutureTask.run(ScheduledThreadPoolExecutor.java:294)
	at java.util.concurrent.ThreadPoolExecutor.runWorker(ThreadPoolExecutor.java:1149)
	at java.util.concurrent.ThreadPoolExecutor$Worker.run(ThreadPoolExecutor.java:624)
	at java.lang.Thread.run(Thread.java:748)
Caused by: org.apache.hadoop.hdds.scm.container.common.helpers.StorageContainerException: Error opening DB. Container:4 ContainerPath:/opt/src/hadoop-ozone/integration-test/target/test-dir/MiniOzoneClusterImpl-869c8c0d-6a5a-4d77-b402-f67e80feef85/datanode-0/data/containers/hdds/02d1f6b8-f026-4f59-9974-24481a7be2f4/current/containerDir0/4/metadata/4-dn-container.db
	at org.apache.hadoop.ozone.container.keyvalue.helpers.BlockUtils.getDB(BlockUtils.java:84)
	at org.apache.hadoop.ozone.container.keyvalue.statemachine.background.BlockDeletingService$BlockDeletingTask.call(BlockDeletingService.java:188)
	at org.apache.hadoop.ozone.container.keyvalue.statemachine.background.BlockDeletingService$BlockDeletingTask.call(BlockDeletingService.java:172)
	at java.util.concurrent.FutureTask.run(FutureTask.java:266)
	at java.util.concurrent.Executors$RunnableAdapter.call(Executors.java:511)
	at java.util.concurrent.FutureTask.run(FutureTask.java:266)
	at java.util.concurrent.Executors$RunnableAdapter.call(Executors.java:511)
	at java.util.concurrent.FutureTask.run(FutureTask.java:266)
	at java.util.concurrent.ScheduledThreadPoolExecutor$ScheduledFutureTask.access$201(ScheduledThreadPoolExecutor.java:180)
	at java.util.concurrent.ScheduledThreadPoolExecutor$ScheduledFutureTask.run(ScheduledThreadPoolExecutor.java:293)
	... 3 more
2019-06-12 13:50:49,500 ERROR utils.ContainerCache (ContainerCache.java:getDB(137)) - Error opening DB. Container:2 ContainerPath:/opt/src/hadoop-ozone/integration-test/target/test-dir/MiniOzoneClusterImpl-869c8c0d-6a5a-4d77-b402-f67e80feef85/datanode-0/data/containers/hdds/02d1f6b8-f026-4f59-9974-24481a7be2f4/current/containerDir0/2/metadata/2-dn-container.db
java.io.IOException: Failed init RocksDB, db path : /opt/src/hadoop-ozone/integration-test/target/test-dir/MiniOzoneClusterImpl-869c8c0d-6a5a-4d77-b402-f67e80feef85/datanode-0/data/containers/hdds/02d1f6b8-f026-4f59-9974-24481a7be2f4/current/containerDir0/2/metadata/2-dn-container.db
	at org.apache.hadoop.utils.RocksDBStore.<init>(RocksDBStore.java:87)
	at org.apache.hadoop.utils.MetadataStoreBuilder.build(MetadataStoreBuilder.java:137)
	at org.apache.hadoop.ozone.container.common.utils.ContainerCache.getDB(ContainerCache.java:129)
	at org.apache.hadoop.ozone.container.keyvalue.helpers.BlockUtils.getDB(BlockUtils.java:77)
	at org.apache.hadoop.ozone.container.keyvalue.statemachine.background.BlockDeletingService$BlockDeletingTask.call(BlockDeletingService.java:188)
	at org.apache.hadoop.ozone.container.keyvalue.statemachine.background.BlockDeletingService$BlockDeletingTask.call(BlockDeletingService.java:172)
	at java.util.concurrent.FutureTask.run(FutureTask.java:266)
	at java.util.concurrent.Executors$RunnableAdapter.call(Executors.java:511)
	at java.util.concurrent.FutureTask.run(FutureTask.java:266)
	at java.util.concurrent.Executors$RunnableAdapter.call(Executors.java:511)
	at java.util.concurrent.FutureTask.run(FutureTask.java:266)
	at java.util.concurrent.ScheduledThreadPoolExecutor$ScheduledFutureTask.access$201(ScheduledThreadPoolExecutor.java:180)
	at java.util.concurrent.ScheduledThreadPoolExecutor$ScheduledFutureTask.run(ScheduledThreadPoolExecutor.java:293)
	at java.util.concurrent.ThreadPoolExecutor.runWorker(ThreadPoolExecutor.java:1149)
	at java.util.concurrent.ThreadPoolExecutor$Worker.run(ThreadPoolExecutor.java:624)
	at java.lang.Thread.run(Thread.java:748)
Caused by: org.rocksdb.RocksDBException: While mkdir if missing: /opt/src/hadoop-ozone/integration-test/target/test-dir/MiniOzoneClusterImpl-869c8c0d-6a5a-4d77-b402-f67e80feef85/datanode-0/data/containers/hdds/02d1f6b8-f026-4f59-9974-24481a7be2f4/current/containerDir0/2/metadata/2-dn-container.db: No such file or directory
	at org.rocksdb.RocksDB.open(Native Method)
	at org.rocksdb.RocksDB.open(RocksDB.java:231)
	at org.apache.hadoop.utils.RocksDBStore.<init>(RocksDBStore.java:71)
	... 15 more
2019-06-12 13:50:49,505 WARN  utils.BackgroundService (BackgroundService.java:lambda$run$0(135)) - Background task fails to execute, retrying in next interval
java.util.concurrent.ExecutionException: org.apache.hadoop.hdds.scm.container.common.helpers.StorageContainerException: Error opening DB. Container:2 ContainerPath:/opt/src/hadoop-ozone/integration-test/target/test-dir/MiniOzoneClusterImpl-869c8c0d-6a5a-4d77-b402-f67e80feef85/datanode-0/data/containers/hdds/02d1f6b8-f026-4f59-9974-24481a7be2f4/current/containerDir0/2/metadata/2-dn-container.db
	at java.util.concurrent.FutureTask.report(FutureTask.java:122)
	at java.util.concurrent.FutureTask.get(FutureTask.java:206)
	at org.apache.hadoop.utils.BackgroundService$PeriodicalTask.lambda$run$0(BackgroundService.java:129)
	at java.util.stream.ForEachOps$ForEachOp$OfRef.accept(ForEachOps.java:184)
	at java.util.ArrayList$ArrayListSpliterator.forEachRemaining(ArrayList.java:1382)
	at java.util.stream.AbstractPipeline.copyInto(AbstractPipeline.java:482)
	at java.util.stream.ForEachOps$ForEachTask.compute(ForEachOps.java:291)
	at java.util.concurrent.CountedCompleter.exec(CountedCompleter.java:731)
	at java.util.concurrent.ForkJoinTask.doExec(ForkJoinTask.java:289)
	at java.util.concurrent.ForkJoinPool$WorkQueue.runTask(ForkJoinPool.java:1056)
	at java.util.concurrent.ForkJoinPool.runWorker(ForkJoinPool.java:1692)
	at java.util.concurrent.ForkJoinWorkerThread.run(ForkJoinWorkerThread.java:157)
Caused by: org.apache.hadoop.hdds.scm.container.common.helpers.StorageContainerException: Error opening DB. Container:2 ContainerPath:/opt/src/hadoop-ozone/integration-test/target/test-dir/MiniOzoneClusterImpl-869c8c0d-6a5a-4d77-b402-f67e80feef85/datanode-0/data/containers/hdds/02d1f6b8-f026-4f59-9974-24481a7be2f4/current/containerDir0/2/metadata/2-dn-container.db
	at org.apache.hadoop.ozone.container.keyvalue.helpers.BlockUtils.getDB(BlockUtils.java:84)
	at org.apache.hadoop.ozone.container.keyvalue.statemachine.background.BlockDeletingService$BlockDeletingTask.call(BlockDeletingService.java:188)
	at org.apache.hadoop.ozone.container.keyvalue.statemachine.background.BlockDeletingService$BlockDeletingTask.call(BlockDeletingService.java:172)
	at java.util.concurrent.FutureTask.run(FutureTask.java:266)
	at java.util.concurrent.Executors$RunnableAdapter.call(Executors.java:511)
	at java.util.concurrent.FutureTask.run(FutureTask.java:266)
	at java.util.concurrent.Executors$RunnableAdapter.call(Executors.java:511)
	at java.util.concurrent.FutureTask.run(FutureTask.java:266)
	at java.util.concurrent.ScheduledThreadPoolExecutor$ScheduledFutureTask.access$201(ScheduledThreadPoolExecutor.java:180)
	at java.util.concurrent.ScheduledThreadPoolExecutor$ScheduledFutureTask.run(ScheduledThreadPoolExecutor.java:293)
	at java.util.concurrent.ThreadPoolExecutor.runWorker(ThreadPoolExecutor.java:1149)
	at java.util.concurrent.ThreadPoolExecutor$Worker.run(ThreadPoolExecutor.java:624)
	at java.lang.Thread.run(Thread.java:748)
2019-06-12 13:50:49,501 WARN  utils.BackgroundService (BackgroundService.java:lambda$run$0(135)) - Background task fails to execute, retrying in next interval
java.util.concurrent.ExecutionException: org.apache.hadoop.hdds.scm.container.common.helpers.StorageContainerException: Error opening DB. Container:3 ContainerPath:/opt/src/hadoop-ozone/integration-test/target/test-dir/MiniOzoneClusterImpl-869c8c0d-6a5a-4d77-b402-f67e80feef85/datanode-0/data/containers/hdds/02d1f6b8-f026-4f59-9974-24481a7be2f4/current/containerDir0/3/metadata/3-dn-container.db
	at java.util.concurrent.FutureTask.report(FutureTask.java:122)
	at java.util.concurrent.FutureTask.get(FutureTask.java:206)
	at org.apache.hadoop.utils.BackgroundService$PeriodicalTask.lambda$run$0(BackgroundService.java:129)
	at java.util.stream.ForEachOps$ForEachOp$OfRef.accept(ForEachOps.java:184)
	at java.util.ArrayList$ArrayListSpliterator.forEachRemaining(ArrayList.java:1382)
	at java.util.stream.AbstractPipeline.copyInto(AbstractPipeline.java:482)
	at java.util.stream.ForEachOps$ForEachTask.compute(ForEachOps.java:291)
	at java.util.concurrent.CountedCompleter.exec(CountedCompleter.java:731)
	at java.util.concurrent.ForkJoinTask.doExec(ForkJoinTask.java:289)
	at java.util.concurrent.ForkJoinPool$WorkQueue.pollAndExecCC(ForkJoinPool.java:1190)
	at java.util.concurrent.ForkJoinPool.helpComplete(ForkJoinPool.java:1879)
	at java.util.concurrent.ForkJoinPool.externalHelpComplete(ForkJoinPool.java:2467)
	at java.util.concurrent.ForkJoinTask.externalAwaitDone(ForkJoinTask.java:324)
	at java.util.concurrent.ForkJoinTask.doInvoke(ForkJoinTask.java:405)
	at java.util.concurrent.ForkJoinTask.invoke(ForkJoinTask.java:734)
	at java.util.stream.ForEachOps$ForEachOp.evaluateParallel(ForEachOps.java:160)
	at java.util.stream.ForEachOps$ForEachOp$OfRef.evaluateParallel(ForEachOps.java:174)
	at java.util.stream.AbstractPipeline.evaluate(AbstractPipeline.java:233)
	at java.util.stream.ReferencePipeline.forEach(ReferencePipeline.java:418)
	at java.util.stream.ReferencePipeline$Head.forEach(ReferencePipeline.java:583)
	at org.apache.hadoop.utils.BackgroundService$PeriodicalTask.run(BackgroundService.java:125)
	at java.util.concurrent.Executors$RunnableAdapter.call(Executors.java:511)
	at java.util.concurrent.FutureTask.runAndReset(FutureTask.java:308)
	at java.util.concurrent.ScheduledThreadPoolExecutor$ScheduledFutureTask.access$301(ScheduledThreadPoolExecutor.java:180)
	at java.util.concurrent.ScheduledThreadPoolExecutor$ScheduledFutureTask.run(ScheduledThreadPoolExecutor.java:294)
	at java.util.concurrent.ThreadPoolExecutor.runWorker(ThreadPoolExecutor.java:1149)
	at java.util.concurrent.ThreadPoolExecutor$Worker.run(ThreadPoolExecutor.java:624)
	at java.lang.Thread.run(Thread.java:748)
Caused by: org.apache.hadoop.hdds.scm.container.common.helpers.StorageContainerException: Error opening DB. Container:3 ContainerPath:/opt/src/hadoop-ozone/integration-test/target/test-dir/MiniOzoneClusterImpl-869c8c0d-6a5a-4d77-b402-f67e80feef85/datanode-0/data/containers/hdds/02d1f6b8-f026-4f59-9974-24481a7be2f4/current/containerDir0/3/metadata/3-dn-container.db
	at org.apache.hadoop.ozone.container.keyvalue.helpers.BlockUtils.getDB(BlockUtils.java:84)
	at org.apache.hadoop.ozone.container.keyvalue.statemachine.background.BlockDeletingService$BlockDeletingTask.call(BlockDeletingService.java:188)
	at org.apache.hadoop.ozone.container.keyvalue.statemachine.background.BlockDeletingService$BlockDeletingTask.call(BlockDeletingService.java:172)
	at java.util.concurrent.FutureTask.run(FutureTask.java:266)
	at java.util.concurrent.Executors$RunnableAdapter.call(Executors.java:511)
	at java.util.concurrent.FutureTask.run(FutureTask.java:266)
	at java.util.concurrent.Executors$RunnableAdapter.call(Executors.java:511)
	at java.util.concurrent.FutureTask.run(FutureTask.java:266)
	at java.util.concurrent.ScheduledThreadPoolExecutor$ScheduledFutureTask.access$201(ScheduledThreadPoolExecutor.java:180)
	at java.util.concurrent.ScheduledThreadPoolExecutor$ScheduledFutureTask.run(ScheduledThreadPoolExecutor.java:293)
	... 3 more
2019-06-12 13:50:49,899 INFO  ozone.MiniOzoneClusterImpl (MiniOzoneClusterImpl.java:lambda$waitForClusterToBeReady$0(142)) - Waiting for cluster to be ready. Got 0 of 1 DN Heartbeats.
2019-06-12 13:50:50,511 INFO  background.BlockDeletingService (BlockDeletingService.java:getTasks(123)) - Plan to choose 10 containers for block deletion, actually returns 5 valid containers.
2019-06-12 13:50:50,512 ERROR utils.ContainerCache (ContainerCache.java:getDB(137)) - Error opening DB. Container:1 ContainerPath:/opt/src/hadoop-ozone/integration-test/target/test-dir/MiniOzoneClusterImpl-869c8c0d-6a5a-4d77-b402-f67e80feef85/datanode-0/data/containers/hdds/02d1f6b8-f026-4f59-9974-24481a7be2f4/current/containerDir0/1/metadata/1-dn-container.db
java.io.IOException: Failed init RocksDB, db path : /opt/src/hadoop-ozone/integration-test/target/test-dir/MiniOzoneClusterImpl-869c8c0d-6a5a-4d77-b402-f67e80feef85/datanode-0/data/containers/hdds/02d1f6b8-f026-4f59-9974-24481a7be2f4/current/containerDir0/1/metadata/1-dn-container.db
	at org.apache.hadoop.utils.RocksDBStore.<init>(RocksDBStore.java:87)
	at org.apache.hadoop.utils.MetadataStoreBuilder.build(MetadataStoreBuilder.java:137)
	at org.apache.hadoop.ozone.container.common.utils.ContainerCache.getDB(ContainerCache.java:129)
	at org.apache.hadoop.ozone.container.keyvalue.helpers.BlockUtils.getDB(BlockUtils.java:77)
	at org.apache.hadoop.ozone.container.keyvalue.statemachine.background.BlockDeletingService$BlockDeletingTask.call(BlockDeletingService.java:188)
	at org.apache.hadoop.ozone.container.keyvalue.statemachine.background.BlockDeletingService$BlockDeletingTask.call(BlockDeletingService.java:172)
	at java.util.concurrent.FutureTask.run(FutureTask.java:266)
	at java.util.concurrent.Executors$RunnableAdapter.call(Executors.java:511)
	at java.util.concurrent.FutureTask.run(FutureTask.java:266)
	at java.util.concurrent.Executors$RunnableAdapter.call(Executors.java:511)
	at java.util.concurrent.FutureTask.run(FutureTask.java:266)
	at java.util.concurrent.ScheduledThreadPoolExecutor$ScheduledFutureTask.access$201(ScheduledThreadPoolExecutor.java:180)
	at java.util.concurrent.ScheduledThreadPoolExecutor$ScheduledFutureTask.run(ScheduledThreadPoolExecutor.java:293)
	at java.util.concurrent.ThreadPoolExecutor.runWorker(ThreadPoolExecutor.java:1149)
	at java.util.concurrent.ThreadPoolExecutor$Worker.run(ThreadPoolExecutor.java:624)
	at java.lang.Thread.run(Thread.java:748)
Caused by: org.rocksdb.RocksDBException: While mkdir if missing: /opt/src/hadoop-ozone/integration-test/target/test-dir/MiniOzoneClusterImpl-869c8c0d-6a5a-4d77-b402-f67e80feef85/datanode-0/data/containers/hdds/02d1f6b8-f026-4f59-9974-24481a7be2f4/current/containerDir0/1/metadata/1-dn-container.db: No such file or directory
	at org.rocksdb.RocksDB.open(Native Method)
	at org.rocksdb.RocksDB.open(RocksDB.java:231)
	at org.apache.hadoop.utils.RocksDBStore.<init>(RocksDBStore.java:71)
	... 15 more
2019-06-12 13:50:50,513 ERROR utils.ContainerCache (ContainerCache.java:getDB(137)) - Error opening DB. Container:5 ContainerPath:/opt/src/hadoop-ozone/integration-test/target/test-dir/MiniOzoneClusterImpl-869c8c0d-6a5a-4d77-b402-f67e80feef85/datanode-0/data/containers/hdds/02d1f6b8-f026-4f59-9974-24481a7be2f4/current/containerDir0/5/metadata/5-dn-container.db
java.io.IOException: Failed init RocksDB, db path : /opt/src/hadoop-ozone/integration-test/target/test-dir/MiniOzoneClusterImpl-869c8c0d-6a5a-4d77-b402-f67e80feef85/datanode-0/data/containers/hdds/02d1f6b8-f026-4f59-9974-24481a7be2f4/current/containerDir0/5/metadata/5-dn-container.db
	at org.apache.hadoop.utils.RocksDBStore.<init>(RocksDBStore.java:87)
	at org.apache.hadoop.utils.MetadataStoreBuilder.build(MetadataStoreBuilder.java:137)
	at org.apache.hadoop.ozone.container.common.utils.ContainerCache.getDB(ContainerCache.java:129)
	at org.apache.hadoop.ozone.container.keyvalue.helpers.BlockUtils.getDB(BlockUtils.java:77)
	at org.apache.hadoop.ozone.container.keyvalue.statemachine.background.BlockDeletingService$BlockDeletingTask.call(BlockDeletingService.java:188)
	at org.apache.hadoop.ozone.container.keyvalue.statemachine.background.BlockDeletingService$BlockDeletingTask.call(BlockDeletingService.java:172)
	at java.util.concurrent.FutureTask.run(FutureTask.java:266)
	at java.util.concurrent.Executors$RunnableAdapter.call(Executors.java:511)
	at java.util.concurrent.FutureTask.run(FutureTask.java:266)
	at java.util.concurrent.Executors$RunnableAdapter.call(Executors.java:511)
	at java.util.concurrent.FutureTask.run(FutureTask.java:266)
	at java.util.concurrent.ScheduledThreadPoolExecutor$ScheduledFutureTask.access$201(ScheduledThreadPoolExecutor.java:180)
	at java.util.concurrent.ScheduledThreadPoolExecutor$ScheduledFutureTask.run(ScheduledThreadPoolExecutor.java:293)
	at java.util.concurrent.ThreadPoolExecutor.runWorker(ThreadPoolExecutor.java:1149)
	at java.util.concurrent.ThreadPoolExecutor$Worker.run(ThreadPoolExecutor.java:624)
	at java.lang.Thread.run(Thread.java:748)
Caused by: org.rocksdb.RocksDBException: While mkdir if missing: /opt/src/hadoop-ozone/integration-test/target/test-dir/MiniOzoneClusterImpl-869c8c0d-6a5a-4d77-b402-f67e80feef85/datanode-0/data/containers/hdds/02d1f6b8-f026-4f59-9974-24481a7be2f4/current/containerDir0/5/metadata/5-dn-container.db: No such file or directory
	at org.rocksdb.RocksDB.open(Native Method)
	at org.rocksdb.RocksDB.open(RocksDB.java:231)
	at org.apache.hadoop.utils.RocksDBStore.<init>(RocksDBStore.java:71)
	... 15 more
2019-06-12 13:50:50,513 WARN  utils.BackgroundService (BackgroundService.java:lambda$run$0(135)) - Background task fails to execute, retrying in next interval
java.util.concurrent.ExecutionException: org.apache.hadoop.hdds.scm.container.common.helpers.StorageContainerException: Error opening DB. Container:5 ContainerPath:/opt/src/hadoop-ozone/integration-test/target/test-dir/MiniOzoneClusterImpl-869c8c0d-6a5a-4d77-b402-f67e80feef85/datanode-0/data/containers/hdds/02d1f6b8-f026-4f59-9974-24481a7be2f4/current/containerDir0/5/metadata/5-dn-container.db
	at java.util.concurrent.FutureTask.report(FutureTask.java:122)
	at java.util.concurrent.FutureTask.get(FutureTask.java:206)
	at org.apache.hadoop.utils.BackgroundService$PeriodicalTask.lambda$run$0(BackgroundService.java:129)
	at java.util.stream.ForEachOps$ForEachOp$OfRef.accept(ForEachOps.java:184)
	at java.util.ArrayList$ArrayListSpliterator.forEachRemaining(ArrayList.java:1382)
	at java.util.stream.AbstractPipeline.copyInto(AbstractPipeline.java:482)
	at java.util.stream.ForEachOps$ForEachTask.compute(ForEachOps.java:291)
	at java.util.concurrent.CountedCompleter.exec(CountedCompleter.java:731)
	at java.util.concurrent.ForkJoinTask.doExec(ForkJoinTask.java:289)
	at java.util.concurrent.ForkJoinPool$WorkQueue.runTask(ForkJoinPool.java:1056)
	at java.util.concurrent.ForkJoinPool.runWorker(ForkJoinPool.java:1692)
	at java.util.concurrent.ForkJoinWorkerThread.run(ForkJoinWorkerThread.java:157)
Caused by: org.apache.hadoop.hdds.scm.container.common.helpers.StorageContainerException: Error opening DB. Container:5 ContainerPath:/opt/src/hadoop-ozone/integration-test/target/test-dir/MiniOzoneClusterImpl-869c8c0d-6a5a-4d77-b402-f67e80feef85/datanode-0/data/containers/hdds/02d1f6b8-f026-4f59-9974-24481a7be2f4/current/containerDir0/5/metadata/5-dn-container.db
	at org.apache.hadoop.ozone.container.keyvalue.helpers.BlockUtils.getDB(BlockUtils.java:84)
	at org.apache.hadoop.ozone.container.keyvalue.statemachine.background.BlockDeletingService$BlockDeletingTask.call(BlockDeletingService.java:188)
	at org.apache.hadoop.ozone.container.keyvalue.statemachine.background.BlockDeletingService$BlockDeletingTask.call(BlockDeletingService.java:172)
	at java.util.concurrent.FutureTask.run(FutureTask.java:266)
	at java.util.concurrent.Executors$RunnableAdapter.call(Executors.java:511)
	at java.util.concurrent.FutureTask.run(FutureTask.java:266)
	at java.util.concurrent.Executors$RunnableAdapter.call(Executors.java:511)
	at java.util.concurrent.FutureTask.run(FutureTask.java:266)
	at java.util.concurrent.ScheduledThreadPoolExecutor$ScheduledFutureTask.access$201(ScheduledThreadPoolExecutor.java:180)
	at java.util.concurrent.ScheduledThreadPoolExecutor$ScheduledFutureTask.run(ScheduledThreadPoolExecutor.java:293)
	at java.util.concurrent.ThreadPoolExecutor.runWorker(ThreadPoolExecutor.java:1149)
	at java.util.concurrent.ThreadPoolExecutor$Worker.run(ThreadPoolExecutor.java:624)
	at java.lang.Thread.run(Thread.java:748)
2019-06-12 13:50:50,513 ERROR utils.ContainerCache (ContainerCache.java:getDB(137)) - Error opening DB. Container:4 ContainerPath:/opt/src/hadoop-ozone/integration-test/target/test-dir/MiniOzoneClusterImpl-869c8c0d-6a5a-4d77-b402-f67e80feef85/datanode-0/data/containers/hdds/02d1f6b8-f026-4f59-9974-24481a7be2f4/current/containerDir0/4/metadata/4-dn-container.db
java.io.IOException: Failed init RocksDB, db path : /opt/src/hadoop-ozone/integration-test/target/test-dir/MiniOzoneClusterImpl-869c8c0d-6a5a-4d77-b402-f67e80feef85/datanode-0/data/containers/hdds/02d1f6b8-f026-4f59-9974-24481a7be2f4/current/containerDir0/4/metadata/4-dn-container.db
	at org.apache.hadoop.utils.RocksDBStore.<init>(RocksDBStore.java:87)
	at org.apache.hadoop.utils.MetadataStoreBuilder.build(MetadataStoreBuilder.java:137)
	at org.apache.hadoop.ozone.container.common.utils.ContainerCache.getDB(ContainerCache.java:129)
	at org.apache.hadoop.ozone.container.keyvalue.helpers.BlockUtils.getDB(BlockUtils.java:77)
	at org.apache.hadoop.ozone.container.keyvalue.statemachine.background.BlockDeletingService$BlockDeletingTask.call(BlockDeletingService.java:188)
	at org.apache.hadoop.ozone.container.keyvalue.statemachine.background.BlockDeletingService$BlockDeletingTask.call(BlockDeletingService.java:172)
	at java.util.concurrent.FutureTask.run(FutureTask.java:266)
	at java.util.concurrent.Executors$RunnableAdapter.call(Executors.java:511)
	at java.util.concurrent.FutureTask.run(FutureTask.java:266)
	at java.util.concurrent.Executors$RunnableAdapter.call(Executors.java:511)
	at java.util.concurrent.FutureTask.run(FutureTask.java:266)
	at java.util.concurrent.ScheduledThreadPoolExecutor$ScheduledFutureTask.access$201(ScheduledThreadPoolExecutor.java:180)
	at java.util.concurrent.ScheduledThreadPoolExecutor$ScheduledFutureTask.run(ScheduledThreadPoolExecutor.java:293)
	at java.util.concurrent.ThreadPoolExecutor.runWorker(ThreadPoolExecutor.java:1149)
	at java.util.concurrent.ThreadPoolExecutor$Worker.run(ThreadPoolExecutor.java:624)
	at java.lang.Thread.run(Thread.java:748)
Caused by: org.rocksdb.RocksDBException: While mkdir if missing: /opt/src/hadoop-ozone/integration-test/target/test-dir/MiniOzoneClusterImpl-869c8c0d-6a5a-4d77-b402-f67e80feef85/datanode-0/data/containers/hdds/02d1f6b8-f026-4f59-9974-24481a7be2f4/current/containerDir0/4/metadata/4-dn-container.db: No such file or directory
	at org.rocksdb.RocksDB.open(Native Method)
	at org.rocksdb.RocksDB.open(RocksDB.java:231)
	at org.apache.hadoop.utils.RocksDBStore.<init>(RocksDBStore.java:71)
	... 15 more
2019-06-12 13:50:50,514 WARN  utils.BackgroundService (BackgroundService.java:lambda$run$0(135)) - Background task fails to execute, retrying in next interval
java.util.concurrent.ExecutionException: org.apache.hadoop.hdds.scm.container.common.helpers.StorageContainerException: Error opening DB. Container:1 ContainerPath:/opt/src/hadoop-ozone/integration-test/target/test-dir/MiniOzoneClusterImpl-869c8c0d-6a5a-4d77-b402-f67e80feef85/datanode-0/data/containers/hdds/02d1f6b8-f026-4f59-9974-24481a7be2f4/current/containerDir0/1/metadata/1-dn-container.db
	at java.util.concurrent.FutureTask.report(FutureTask.java:122)
	at java.util.concurrent.FutureTask.get(FutureTask.java:206)
	at org.apache.hadoop.utils.BackgroundService$PeriodicalTask.lambda$run$0(BackgroundService.java:129)
	at java.util.stream.ForEachOps$ForEachOp$OfRef.accept(ForEachOps.java:184)
	at java.util.ArrayList$ArrayListSpliterator.forEachRemaining(ArrayList.java:1382)
	at java.util.stream.AbstractPipeline.copyInto(AbstractPipeline.java:482)
	at java.util.stream.ForEachOps$ForEachTask.compute(ForEachOps.java:291)
	at java.util.concurrent.CountedCompleter.exec(CountedCompleter.java:731)
	at java.util.concurrent.ForkJoinTask.doExec(ForkJoinTask.java:289)
	at java.util.concurrent.ForkJoinPool$WorkQueue.execLocalTasks(ForkJoinPool.java:1040)
	at java.util.concurrent.ForkJoinPool$WorkQueue.runTask(ForkJoinPool.java:1058)
	at java.util.concurrent.ForkJoinPool.runWorker(ForkJoinPool.java:1692)
	at java.util.concurrent.ForkJoinWorkerThread.run(ForkJoinWorkerThread.java:157)
Caused by: org.apache.hadoop.hdds.scm.container.common.helpers.StorageContainerException: Error opening DB. Container:1 ContainerPath:/opt/src/hadoop-ozone/integration-test/target/test-dir/MiniOzoneClusterImpl-869c8c0d-6a5a-4d77-b402-f67e80feef85/datanode-0/data/containers/hdds/02d1f6b8-f026-4f59-9974-24481a7be2f4/current/containerDir0/1/metadata/1-dn-container.db
	at org.apache.hadoop.ozone.container.keyvalue.helpers.BlockUtils.getDB(BlockUtils.java:84)
	at org.apache.hadoop.ozone.container.keyvalue.statemachine.background.BlockDeletingService$BlockDeletingTask.call(BlockDeletingService.java:188)
	at org.apache.hadoop.ozone.container.keyvalue.statemachine.background.BlockDeletingService$BlockDeletingTask.call(BlockDeletingService.java:172)
	at java.util.concurrent.FutureTask.run(FutureTask.java:266)
	at java.util.concurrent.Executors$RunnableAdapter.call(Executors.java:511)
	at java.util.concurrent.FutureTask.run(FutureTask.java:266)
	at java.util.concurrent.Executors$RunnableAdapter.call(Executors.java:511)
	at java.util.concurrent.FutureTask.run(FutureTask.java:266)
	at java.util.concurrent.ScheduledThreadPoolExecutor$ScheduledFutureTask.access$201(ScheduledThreadPoolExecutor.java:180)
	at java.util.concurrent.ScheduledThreadPoolExecutor$ScheduledFutureTask.run(ScheduledThreadPoolExecutor.java:293)
	at java.util.concurrent.ThreadPoolExecutor.runWorker(ThreadPoolExecutor.java:1149)
	at java.util.concurrent.ThreadPoolExecutor$Worker.run(ThreadPoolExecutor.java:624)
	at java.lang.Thread.run(Thread.java:748)
2019-06-12 13:50:50,515 ERROR utils.ContainerCache (ContainerCache.java:getDB(137)) - Error opening DB. Container:3 ContainerPath:/opt/src/hadoop-ozone/integration-test/target/test-dir/MiniOzoneClusterImpl-869c8c0d-6a5a-4d77-b402-f67e80feef85/datanode-0/data/containers/hdds/02d1f6b8-f026-4f59-9974-24481a7be2f4/current/containerDir0/3/metadata/3-dn-container.db
java.io.IOException: Failed init RocksDB, db path : /opt/src/hadoop-ozone/integration-test/target/test-dir/MiniOzoneClusterImpl-869c8c0d-6a5a-4d77-b402-f67e80feef85/datanode-0/data/containers/hdds/02d1f6b8-f026-4f59-9974-24481a7be2f4/current/containerDir0/3/metadata/3-dn-container.db
	at org.apache.hadoop.utils.RocksDBStore.<init>(RocksDBStore.java:87)
	at org.apache.hadoop.utils.MetadataStoreBuilder.build(MetadataStoreBuilder.java:137)
	at org.apache.hadoop.ozone.container.common.utils.ContainerCache.getDB(ContainerCache.java:129)
	at org.apache.hadoop.ozone.container.keyvalue.helpers.BlockUtils.getDB(BlockUtils.java:77)
	at org.apache.hadoop.ozone.container.keyvalue.statemachine.background.BlockDeletingService$BlockDeletingTask.call(BlockDeletingService.java:188)
	at org.apache.hadoop.ozone.container.keyvalue.statemachine.background.BlockDeletingService$BlockDeletingTask.call(BlockDeletingService.java:172)
	at java.util.concurrent.FutureTask.run(FutureTask.java:266)
	at java.util.concurrent.Executors$RunnableAdapter.call(Executors.java:511)
	at java.util.concurrent.FutureTask.run(FutureTask.java:266)
	at java.util.concurrent.Executors$RunnableAdapter.call(Executors.java:511)
	at java.util.concurrent.FutureTask.run(FutureTask.java:266)
	at java.util.concurrent.ScheduledThreadPoolExecutor$ScheduledFutureTask.access$201(ScheduledThreadPoolExecutor.java:180)
	at java.util.concurrent.ScheduledThreadPoolExecutor$ScheduledFutureTask.run(ScheduledThreadPoolExecutor.java:293)
	at java.util.concurrent.ThreadPoolExecutor.runWorker(ThreadPoolExecutor.java:1149)
	at java.util.concurrent.ThreadPoolExecutor$Worker.run(ThreadPoolExecutor.java:624)
	at java.lang.Thread.run(Thread.java:748)
Caused by: org.rocksdb.RocksDBException: While mkdir if missing: /opt/src/hadoop-ozone/integration-test/target/test-dir/MiniOzoneClusterImpl-869c8c0d-6a5a-4d77-b402-f67e80feef85/datanode-0/data/containers/hdds/02d1f6b8-f026-4f59-9974-24481a7be2f4/current/containerDir0/3/metadata/3-dn-container.db: No such file or directory
	at org.rocksdb.RocksDB.open(Native Method)
	at org.rocksdb.RocksDB.open(RocksDB.java:231)
	at org.apache.hadoop.utils.RocksDBStore.<init>(RocksDBStore.java:71)
	... 15 more
2019-06-12 13:50:50,514 WARN  utils.BackgroundService (BackgroundService.java:lambda$run$0(135)) - Background task fails to execute, retrying in next interval
java.util.concurrent.ExecutionException: org.apache.hadoop.hdds.scm.container.common.helpers.StorageContainerException: Error opening DB. Container:4 ContainerPath:/opt/src/hadoop-ozone/integration-test/target/test-dir/MiniOzoneClusterImpl-869c8c0d-6a5a-4d77-b402-f67e80feef85/datanode-0/data/containers/hdds/02d1f6b8-f026-4f59-9974-24481a7be2f4/current/containerDir0/4/metadata/4-dn-container.db
	at java.util.concurrent.FutureTask.report(FutureTask.java:122)
	at java.util.concurrent.FutureTask.get(FutureTask.java:206)
	at org.apache.hadoop.utils.BackgroundService$PeriodicalTask.lambda$run$0(BackgroundService.java:129)
	at java.util.stream.ForEachOps$ForEachOp$OfRef.accept(ForEachOps.java:184)
	at java.util.ArrayList$ArrayListSpliterator.forEachRemaining(ArrayList.java:1382)
	at java.util.stream.AbstractPipeline.copyInto(AbstractPipeline.java:482)
	at java.util.stream.ForEachOps$ForEachTask.compute(ForEachOps.java:291)
	at java.util.concurrent.CountedCompleter.exec(CountedCompleter.java:731)
	at java.util.concurrent.ForkJoinTask.doExec(ForkJoinTask.java:289)
	at java.util.concurrent.ForkJoinTask.doInvoke(ForkJoinTask.java:401)
	at java.util.concurrent.ForkJoinTask.invoke(ForkJoinTask.java:734)
	at java.util.stream.ForEachOps$ForEachOp.evaluateParallel(ForEachOps.java:160)
	at java.util.stream.ForEachOps$ForEachOp$OfRef.evaluateParallel(ForEachOps.java:174)
	at java.util.stream.AbstractPipeline.evaluate(AbstractPipeline.java:233)
	at java.util.stream.ReferencePipeline.forEach(ReferencePipeline.java:418)
	at java.util.stream.ReferencePipeline$Head.forEach(ReferencePipeline.java:583)
	at org.apache.hadoop.utils.BackgroundService$PeriodicalTask.run(BackgroundService.java:125)
	at java.util.concurrent.Executors$RunnableAdapter.call(Executors.java:511)
	at java.util.concurrent.FutureTask.runAndReset(FutureTask.java:308)
	at java.util.concurrent.ScheduledThreadPoolExecutor$ScheduledFutureTask.access$301(ScheduledThreadPoolExecutor.java:180)
	at java.util.concurrent.ScheduledThreadPoolExecutor$ScheduledFutureTask.run(ScheduledThreadPoolExecutor.java:294)
	at java.util.concurrent.ThreadPoolExecutor.runWorker(ThreadPoolExecutor.java:1149)
	at java.util.concurrent.ThreadPoolExecutor$Worker.run(ThreadPoolExecutor.java:624)
	at java.lang.Thread.run(Thread.java:748)
Caused by: org.apache.hadoop.hdds.scm.container.common.helpers.StorageContainerException: Error opening DB. Container:4 ContainerPath:/opt/src/hadoop-ozone/integration-test/target/test-dir/MiniOzoneClusterImpl-869c8c0d-6a5a-4d77-b402-f67e80feef85/datanode-0/data/containers/hdds/02d1f6b8-f026-4f59-9974-24481a7be2f4/current/containerDir0/4/metadata/4-dn-container.db
	at org.apache.hadoop.ozone.container.keyvalue.helpers.BlockUtils.getDB(BlockUtils.java:84)
	at org.apache.hadoop.ozone.container.keyvalue.statemachine.background.BlockDeletingService$BlockDeletingTask.call(BlockDeletingService.java:188)
	at org.apache.hadoop.ozone.container.keyvalue.statemachine.background.BlockDeletingService$BlockDeletingTask.call(BlockDeletingService.java:172)
	at java.util.concurrent.FutureTask.run(FutureTask.java:266)
	at java.util.concurrent.Executors$RunnableAdapter.call(Executors.java:511)
	at java.util.concurrent.FutureTask.run(FutureTask.java:266)
	at java.util.concurrent.Executors$RunnableAdapter.call(Executors.java:511)
	at java.util.concurrent.FutureTask.run(FutureTask.java:266)
	at java.util.concurrent.ScheduledThreadPoolExecutor$ScheduledFutureTask.access$201(ScheduledThreadPoolExecutor.java:180)
	at java.util.concurrent.ScheduledThreadPoolExecutor$ScheduledFutureTask.run(ScheduledThreadPoolExecutor.java:293)
	... 3 more
2019-06-12 13:50:50,515 ERROR utils.ContainerCache (ContainerCache.java:getDB(137)) - Error opening DB. Container:2 ContainerPath:/opt/src/hadoop-ozone/integration-test/target/test-dir/MiniOzoneClusterImpl-869c8c0d-6a5a-4d77-b402-f67e80feef85/datanode-0/data/containers/hdds/02d1f6b8-f026-4f59-9974-24481a7be2f4/current/containerDir0/2/metadata/2-dn-container.db
java.io.IOException: Failed init RocksDB, db path : /opt/src/hadoop-ozone/integration-test/target/test-dir/MiniOzoneClusterImpl-869c8c0d-6a5a-4d77-b402-f67e80feef85/datanode-0/data/containers/hdds/02d1f6b8-f026-4f59-9974-24481a7be2f4/current/containerDir0/2/metadata/2-dn-container.db
	at org.apache.hadoop.utils.RocksDBStore.<init>(RocksDBStore.java:87)
	at org.apache.hadoop.utils.MetadataStoreBuilder.build(MetadataStoreBuilder.java:137)
	at org.apache.hadoop.ozone.container.common.utils.ContainerCache.getDB(ContainerCache.java:129)
	at org.apache.hadoop.ozone.container.keyvalue.helpers.BlockUtils.getDB(BlockUtils.java:77)
	at org.apache.hadoop.ozone.container.keyvalue.statemachine.background.BlockDeletingService$BlockDeletingTask.call(BlockDeletingService.java:188)
	at org.apache.hadoop.ozone.container.keyvalue.statemachine.background.BlockDeletingService$BlockDeletingTask.call(BlockDeletingService.java:172)
	at java.util.concurrent.FutureTask.run(FutureTask.java:266)
	at java.util.concurrent.Executors$RunnableAdapter.call(Executors.java:511)
	at java.util.concurrent.FutureTask.run(FutureTask.java:266)
	at java.util.concurrent.Executors$RunnableAdapter.call(Executors.java:511)
	at java.util.concurrent.FutureTask.run(FutureTask.java:266)
	at java.util.concurrent.ScheduledThreadPoolExecutor$ScheduledFutureTask.access$201(ScheduledThreadPoolExecutor.java:180)
	at java.util.concurrent.ScheduledThreadPoolExecutor$ScheduledFutureTask.run(ScheduledThreadPoolExecutor.java:293)
	at java.util.concurrent.ThreadPoolExecutor.runWorker(ThreadPoolExecutor.java:1149)
	at java.util.concurrent.ThreadPoolExecutor$Worker.run(ThreadPoolExecutor.java:624)
	at java.lang.Thread.run(Thread.java:748)
Caused by: org.rocksdb.RocksDBException: While mkdir if missing: /opt/src/hadoop-ozone/integration-test/target/test-dir/MiniOzoneClusterImpl-869c8c0d-6a5a-4d77-b402-f67e80feef85/datanode-0/data/containers/hdds/02d1f6b8-f026-4f59-9974-24481a7be2f4/current/containerDir0/2/metadata/2-dn-container.db: No such file or directory
	at org.rocksdb.RocksDB.open(Native Method)
	at org.rocksdb.RocksDB.open(RocksDB.java:231)
	at org.apache.hadoop.utils.RocksDBStore.<init>(RocksDBStore.java:71)
	... 15 more
2019-06-12 13:50:50,516 WARN  utils.BackgroundService (BackgroundService.java:lambda$run$0(135)) - Background task fails to execute, retrying in next interval
java.util.concurrent.ExecutionException: org.apache.hadoop.hdds.scm.container.common.helpers.StorageContainerException: Error opening DB. Container:3 ContainerPath:/opt/src/hadoop-ozone/integration-test/target/test-dir/MiniOzoneClusterImpl-869c8c0d-6a5a-4d77-b402-f67e80feef85/datanode-0/data/containers/hdds/02d1f6b8-f026-4f59-9974-24481a7be2f4/current/containerDir0/3/metadata/3-dn-container.db
	at java.util.concurrent.FutureTask.report(FutureTask.java:122)
	at java.util.concurrent.FutureTask.get(FutureTask.java:206)
	at org.apache.hadoop.utils.BackgroundService$PeriodicalTask.lambda$run$0(BackgroundService.java:129)
	at java.util.stream.ForEachOps$ForEachOp$OfRef.accept(ForEachOps.java:184)
	at java.util.ArrayList$ArrayListSpliterator.forEachRemaining(ArrayList.java:1382)
	at java.util.stream.AbstractPipeline.copyInto(AbstractPipeline.java:482)
	at java.util.stream.ForEachOps$ForEachTask.compute(ForEachOps.java:291)
	at java.util.concurrent.CountedCompleter.exec(CountedCompleter.java:731)
	at java.util.concurrent.ForkJoinTask.doExec(ForkJoinTask.java:289)
	at java.util.concurrent.ForkJoinPool$WorkQueue.pollAndExecCC(ForkJoinPool.java:1190)
	at java.util.concurrent.ForkJoinPool.helpComplete(ForkJoinPool.java:1879)
	at java.util.concurrent.ForkJoinPool.externalHelpComplete(ForkJoinPool.java:2467)
	at java.util.concurrent.ForkJoinTask.externalAwaitDone(ForkJoinTask.java:324)
	at java.util.concurrent.ForkJoinTask.doInvoke(ForkJoinTask.java:405)
	at java.util.concurrent.ForkJoinTask.invoke(ForkJoinTask.java:734)
	at java.util.stream.ForEachOps$ForEachOp.evaluateParallel(ForEachOps.java:160)
	at java.util.stream.ForEachOps$ForEachOp$OfRef.evaluateParallel(ForEachOps.java:174)
	at java.util.stream.AbstractPipeline.evaluate(AbstractPipeline.java:233)
	at java.util.stream.ReferencePipeline.forEach(ReferencePipeline.java:418)
	at java.util.stream.ReferencePipeline$Head.forEach(ReferencePipeline.java:583)
	at org.apache.hadoop.utils.BackgroundService$PeriodicalTask.run(BackgroundService.java:125)
	at java.util.concurrent.Executors$RunnableAdapter.call(Executors.java:511)
	at java.util.concurrent.FutureTask.runAndReset(FutureTask.java:308)
	at java.util.concurrent.ScheduledThreadPoolExecutor$ScheduledFutureTask.access$301(ScheduledThreadPoolExecutor.java:180)
	at java.util.concurrent.ScheduledThreadPoolExecutor$ScheduledFutureTask.run(ScheduledThreadPoolExecutor.java:294)
	at java.util.concurrent.ThreadPoolExecutor.runWorker(ThreadPoolExecutor.java:1149)
	at java.util.concurrent.ThreadPoolExecutor$Worker.run(ThreadPoolExecutor.java:624)
	at java.lang.Thread.run(Thread.java:748)
Caused by: org.apache.hadoop.hdds.scm.container.common.helpers.StorageContainerException: Error opening DB. Container:3 ContainerPath:/opt/src/hadoop-ozone/integration-test/target/test-dir/MiniOzoneClusterImpl-869c8c0d-6a5a-4d77-b402-f67e80feef85/datanode-0/data/containers/hdds/02d1f6b8-f026-4f59-9974-24481a7be2f4/current/containerDir0/3/metadata/3-dn-container.db
	at org.apache.hadoop.ozone.container.keyvalue.helpers.BlockUtils.getDB(BlockUtils.java:84)
	at org.apache.hadoop.ozone.container.keyvalue.statemachine.background.BlockDeletingService$BlockDeletingTask.call(BlockDeletingService.java:188)
	at org.apache.hadoop.ozone.container.keyvalue.statemachine.background.BlockDeletingService$BlockDeletingTask.call(BlockDeletingService.java:172)
	at java.util.concurrent.FutureTask.run(FutureTask.java:266)
	at java.util.concurrent.Executors$RunnableAdapter.call(Executors.java:511)
	at java.util.concurrent.FutureTask.run(FutureTask.java:266)
	at java.util.concurrent.Executors$RunnableAdapter.call(Executors.java:511)
	at java.util.concurrent.FutureTask.run(FutureTask.java:266)
	at java.util.concurrent.ScheduledThreadPoolExecutor$ScheduledFutureTask.access$201(ScheduledThreadPoolExecutor.java:180)
	at java.util.concurrent.ScheduledThreadPoolExecutor$ScheduledFutureTask.run(ScheduledThreadPoolExecutor.java:293)
	... 3 more
2019-06-12 13:50:50,516 WARN  utils.BackgroundService (BackgroundService.java:lambda$run$0(135)) - Background task fails to execute, retrying in next interval
java.util.concurrent.ExecutionException: org.apache.hadoop.hdds.scm.container.common.helpers.StorageContainerException: Error opening DB. Container:2 ContainerPath:/opt/src/hadoop-ozone/integration-test/target/test-dir/MiniOzoneClusterImpl-869c8c0d-6a5a-4d77-b402-f67e80feef85/datanode-0/data/containers/hdds/02d1f6b8-f026-4f59-9974-24481a7be2f4/current/containerDir0/2/metadata/2-dn-container.db
	at java.util.concurrent.FutureTask.report(FutureTask.java:122)
	at java.util.concurrent.FutureTask.get(FutureTask.java:206)
	at org.apache.hadoop.utils.BackgroundService$PeriodicalTask.lambda$run$0(BackgroundService.java:129)
	at java.util.stream.ForEachOps$ForEachOp$OfRef.accept(ForEachOps.java:184)
	at java.util.ArrayList$ArrayListSpliterator.forEachRemaining(ArrayList.java:1382)
	at java.util.stream.AbstractPipeline.copyInto(AbstractPipeline.java:482)
	at java.util.stream.ForEachOps$ForEachTask.compute(ForEachOps.java:291)
	at java.util.concurrent.CountedCompleter.exec(CountedCompleter.java:731)
	at java.util.concurrent.ForkJoinTask.doExec(ForkJoinTask.java:289)
	at java.util.concurrent.ForkJoinPool$WorkQueue.runTask(ForkJoinPool.java:1056)
	at java.util.concurrent.ForkJoinPool.runWorker(ForkJoinPool.java:1692)
	at java.util.concurrent.ForkJoinWorkerThread.run(ForkJoinWorkerThread.java:157)
Caused by: org.apache.hadoop.hdds.scm.container.common.helpers.StorageContainerException: Error opening DB. Container:2 ContainerPath:/opt/src/hadoop-ozone/integration-test/target/test-dir/MiniOzoneClusterImpl-869c8c0d-6a5a-4d77-b402-f67e80feef85/datanode-0/data/containers/hdds/02d1f6b8-f026-4f59-9974-24481a7be2f4/current/containerDir0/2/metadata/2-dn-container.db
	at org.apache.hadoop.ozone.container.keyvalue.helpers.BlockUtils.getDB(BlockUtils.java:84)
	at org.apache.hadoop.ozone.container.keyvalue.statemachine.background.BlockDeletingService$BlockDeletingTask.call(BlockDeletingService.java:188)
	at org.apache.hadoop.ozone.container.keyvalue.statemachine.background.BlockDeletingService$BlockDeletingTask.call(BlockDeletingService.java:172)
	at java.util.concurrent.FutureTask.run(FutureTask.java:266)
	at java.util.concurrent.Executors$RunnableAdapter.call(Executors.java:511)
	at java.util.concurrent.FutureTask.run(FutureTask.java:266)
	at java.util.concurrent.Executors$RunnableAdapter.call(Executors.java:511)
	at java.util.concurrent.FutureTask.run(FutureTask.java:266)
	at java.util.concurrent.ScheduledThreadPoolExecutor$ScheduledFutureTask.access$201(ScheduledThreadPoolExecutor.java:180)
	at java.util.concurrent.ScheduledThreadPoolExecutor$ScheduledFutureTask.run(ScheduledThreadPoolExecutor.java:293)
	at java.util.concurrent.ThreadPoolExecutor.runWorker(ThreadPoolExecutor.java:1149)
	at java.util.concurrent.ThreadPoolExecutor$Worker.run(ThreadPoolExecutor.java:624)
	at java.lang.Thread.run(Thread.java:748)
2019-06-12 13:50:50,900 INFO  ozone.MiniOzoneClusterImpl (MiniOzoneClusterImpl.java:lambda$waitForClusterToBeReady$0(142)) - Waiting for cluster to be ready. Got 0 of 1 DN Heartbeats.
2019-06-12 13:50:50,904 INFO  node.SCMNodeManager (SCMNodeManager.java:register(234)) - Registered Data node : 2ec4175c-2012-45e6-8f3b-678fe176ad41{ip: 192.168.11.194, host: ozone-5qnff-1533938733, networkLocation: /default-rack, certSerialId: null}
2019-06-12 13:50:50,906 INFO  safemode.SCMSafeModeManager (DataNodeSafeModeRule.java:process(71)) - SCM in safe mode. 1 DataNodes registered, 1 required.
2019-06-12 13:50:50,907 INFO  safemode.SCMSafeModeManager (SCMSafeModeManager.java:validateSafeModeExitRules(177)) - ScmSafeModeManager, all rules are successfully validated
2019-06-12 13:50:50,907 INFO  safemode.SCMSafeModeManager (SCMSafeModeManager.java:exitSafeMode(193)) - SCM exiting safe mode.
2019-06-12 13:50:50,917 INFO  impl.RaftServerProxy (RaftServerProxy.java:addNew(89)) - 2ec4175c-2012-45e6-8f3b-678fe176ad41: addNew group-E551838EA076:[2ec4175c-2012-45e6-8f3b-678fe176ad41:192.168.11.194:35473] returns group-E551838EA076:java.util.concurrent.CompletableFuture@638507d4[Not completed]
2019-06-12 13:50:50,917 INFO  impl.RaftServerImpl (RaftServerImpl.java:<init>(91)) - 2ec4175c-2012-45e6-8f3b-678fe176ad41: new RaftServerImpl for group-E551838EA076:[2ec4175c-2012-45e6-8f3b-678fe176ad41:192.168.11.194:35473] with ContainerStateMachine:uninitialized
2019-06-12 13:50:50,918 INFO  server.RaftServerConfigKeys (ConfUtils.java:logGet(43)) - raft.server.rpc.timeout.min = 1s (custom)
2019-06-12 13:50:50,918 INFO  server.RaftServerConfigKeys (ConfUtils.java:logGet(43)) - raft.server.rpc.timeout.max = 1200ms (custom)
2019-06-12 13:50:50,918 INFO  server.RaftServerConfigKeys (ConfUtils.java:logGet(43)) - raft.server.rpcslowness.timeout = 120s (custom)
2019-06-12 13:50:50,918 INFO  server.RaftServerConfigKeys (ConfUtils.java:logGet(43)) - raft.server.log.appender.install.snapshot.enabled = true (default)
2019-06-12 13:50:50,918 INFO  impl.RaftServerImpl (ServerState.java:<init>(101)) - 2ec4175c-2012-45e6-8f3b-678fe176ad41:group-E551838EA076 ConfigurationManager, init=-1: [2ec4175c-2012-45e6-8f3b-678fe176ad41:192.168.11.194:35473], old=null, confs=<EMPTY_MAP>
2019-06-12 13:50:50,918 INFO  server.RaftServerConfigKeys (ConfUtils.java:logGet(43)) - raft.server.storage.dir = [/opt/src/hadoop-ozone/integration-test/target/test-dir/MiniOzoneClusterImpl-5ea0d9c2-7a37-4159-b04b-3e8e010f21f0/datanode-0/data/ratis] (custom)
2019-06-12 13:50:50,918 INFO  storage.RaftStorageDirectory (RaftStorageDirectory.java:analyzeStorage(246)) - The storage directory /opt/src/hadoop-ozone/integration-test/target/test-dir/MiniOzoneClusterImpl-5ea0d9c2-7a37-4159-b04b-3e8e010f21f0/datanode-0/data/ratis/febd5f81-77cf-4cf4-a5f7-e551838ea076 does not exist. Creating ...
2019-06-12 13:50:50,920 INFO  storage.RaftStorageDirectory (RaftStorageDirectory.java:tryLock(328)) - Lock on /opt/src/hadoop-ozone/integration-test/target/test-dir/MiniOzoneClusterImpl-5ea0d9c2-7a37-4159-b04b-3e8e010f21f0/datanode-0/data/ratis/febd5f81-77cf-4cf4-a5f7-e551838ea076/in_use.lock acquired by nodename 17093@ozone-5qnff-1533938733
2019-06-12 13:50:50,923 INFO  storage.RaftStorage (RaftStorage.java:format(75)) - Storage directory /opt/src/hadoop-ozone/integration-test/target/test-dir/MiniOzoneClusterImpl-5ea0d9c2-7a37-4159-b04b-3e8e010f21f0/datanode-0/data/ratis/febd5f81-77cf-4cf4-a5f7-e551838ea076 has been successfully formatted.
2019-06-12 13:50:50,923 INFO  ratis.ContainerStateMachine (ContainerStateMachine.java:loadSnapshot(199)) - The snapshot info is null.Setting the last applied index to:(t:0, i:~)
2019-06-12 13:50:50,923 INFO  server.RaftServerConfigKeys (ConfUtils.java:logGet(43)) - raft.server.leader.election.timeout = 120s (custom)
2019-06-12 13:50:50,923 INFO  server.RaftServerConfigKeys (ConfUtils.java:logGet(43)) - raft.server.log.use.memory = false (default)
2019-06-12 13:50:50,923 INFO  server.RaftServerConfigKeys (ConfUtils.java:logGet(43)) - raft.server.log.appender.buffer.byte-limit = 33554432 (custom)
2019-06-12 13:50:50,923 INFO  server.RaftServerConfigKeys (ConfUtils.java:logGet(43)) - raft.server.log.segment.size.max = 16384 (custom)
2019-06-12 13:50:50,924 INFO  server.RaftServerConfigKeys (ConfUtils.java:logGet(43)) - raft.server.log.segment.cache.num.max = 2 (custom)
2019-06-12 13:50:50,924 INFO  storage.RaftLogWorker (RaftLogWorker.java:<init>(123)) - new 2ec4175c-2012-45e6-8f3b-678fe176ad41-RaftLogWorker for Storage Directory /opt/src/hadoop-ozone/integration-test/target/test-dir/MiniOzoneClusterImpl-5ea0d9c2-7a37-4159-b04b-3e8e010f21f0/datanode-0/data/ratis/febd5f81-77cf-4cf4-a5f7-e551838ea076
2019-06-12 13:50:50,924 INFO  server.RaftServerConfigKeys (ConfUtils.java:logGet(43)) - raft.server.log.queue.byte-limit = 2147483647 (custom)
2019-06-12 13:50:50,924 INFO  server.RaftServerConfigKeys (ConfUtils.java:logGet(43)) - raft.server.log.queue.element-limit = 1024 (custom)
2019-06-12 13:50:50,924 INFO  server.RaftServerConfigKeys (ConfUtils.java:logGet(43)) - raft.server.log.segment.size.max = 16384 (custom)
2019-06-12 13:50:50,924 INFO  server.RaftServerConfigKeys (ConfUtils.java:logGet(43)) - raft.server.log.preallocated.size = 16384 (custom)
2019-06-12 13:50:50,924 INFO  server.RaftServerConfigKeys (ConfUtils.java:logGet(43)) - raft.server.log.write.buffer.size = 33554432 (custom)
2019-06-12 13:50:50,924 INFO  server.RaftServerConfigKeys (ConfUtils.java:logGet(43)) - raft.server.log.force.sync.num = 128 (default)
2019-06-12 13:50:50,924 INFO  server.RaftServerConfigKeys (ConfUtils.java:logGet(43)) - raft.server.log.statemachine.data.sync = true (default)
2019-06-12 13:50:50,924 INFO  server.RaftServerConfigKeys (ConfUtils.java:logGet(43)) - raft.server.log.statemachine.data.sync.timeout = 10s (default)
2019-06-12 13:50:50,924 INFO  server.RaftServerConfigKeys (ConfUtils.java:logGet(43)) - raft.server.log.statemachine.data.sync.timeout.retry = -1 (default)
2019-06-12 13:50:50,924 INFO  server.RaftServerConfigKeys (ConfUtils.java:logGet(43)) - raft.server.log.statemachine.data.caching.enabled = true (custom)
2019-06-12 13:50:50,925 INFO  server.RaftServerConfigKeys (ConfUtils.java:logGet(43)) - raft.server.snapshot.auto.trigger.enabled = true (custom)
2019-06-12 13:50:50,925 INFO  server.RaftServerConfigKeys (ConfUtils.java:logGet(43)) - raft.server.snapshot.auto.trigger.threshold = 10000 (custom)
2019-06-12 13:50:50,925 INFO  server.RaftServerConfigKeys (ConfUtils.java:logGet(43)) - raft.server.retrycache.expirytime = 600000ms (custom)
2019-06-12 13:50:50,925 INFO  impl.RaftServerImpl (RaftServerImpl.java:start(173)) - 2ec4175c-2012-45e6-8f3b-678fe176ad41: start group-E551838EA076
2019-06-12 13:50:50,925 INFO  impl.RaftServerImpl (RaftServerImpl.java:setRole(164)) - 2ec4175c-2012-45e6-8f3b-678fe176ad41:group-E551838EA076 changes role from null to FOLLOWER at term 0 for startAsFollower
2019-06-12 13:50:50,925 INFO  impl.RoleInfo (RoleInfo.java:updateAndGet(143)) - 2ec4175c-2012-45e6-8f3b-678fe176ad41: start FollowerState
2019-06-12 13:50:50,925 INFO  util.JmxRegister (JmxRegister.java:tryRegister(44)) - Successfully registered JMX Bean with object name Ratis:service=RaftServer,group=group-E551838EA076,id=2ec4175c-2012-45e6-8f3b-678fe176ad41
2019-06-12 13:50:50,931 INFO  pipeline.PipelineStateManager (PipelineStateManager.java:addPipeline(56)) - Created pipeline Pipeline[ Id: febd5f81-77cf-4cf4-a5f7-e551838ea076, Nodes: 2ec4175c-2012-45e6-8f3b-678fe176ad41{ip: 192.168.11.194, host: ozone-5qnff-1533938733, networkLocation: /default-rack, certSerialId: null}, Type:RATIS, Factor:ONE, State:OPEN]
2019-06-12 13:50:51,518 INFO  background.BlockDeletingService (BlockDeletingService.java:getTasks(123)) - Plan to choose 10 containers for block deletion, actually returns 5 valid containers.
2019-06-12 13:50:51,518 ERROR utils.ContainerCache (ContainerCache.java:getDB(137)) - Error opening DB. Container:1 ContainerPath:/opt/src/hadoop-ozone/integration-test/target/test-dir/MiniOzoneClusterImpl-869c8c0d-6a5a-4d77-b402-f67e80feef85/datanode-0/data/containers/hdds/02d1f6b8-f026-4f59-9974-24481a7be2f4/current/containerDir0/1/metadata/1-dn-container.db
java.io.IOException: Failed init RocksDB, db path : /opt/src/hadoop-ozone/integration-test/target/test-dir/MiniOzoneClusterImpl-869c8c0d-6a5a-4d77-b402-f67e80feef85/datanode-0/data/containers/hdds/02d1f6b8-f026-4f59-9974-24481a7be2f4/current/containerDir0/1/metadata/1-dn-container.db
	at org.apache.hadoop.utils.RocksDBStore.<init>(RocksDBStore.java:87)
	at org.apache.hadoop.utils.MetadataStoreBuilder.build(MetadataStoreBuilder.java:137)
	at org.apache.hadoop.ozone.container.common.utils.ContainerCache.getDB(ContainerCache.java:129)
	at org.apache.hadoop.ozone.container.keyvalue.helpers.BlockUtils.getDB(BlockUtils.java:77)
	at org.apache.hadoop.ozone.container.keyvalue.statemachine.background.BlockDeletingService$BlockDeletingTask.call(BlockDeletingService.java:188)
	at org.apache.hadoop.ozone.container.keyvalue.statemachine.background.BlockDeletingService$BlockDeletingTask.call(BlockDeletingService.java:172)
	at java.util.concurrent.FutureTask.run(FutureTask.java:266)
	at java.util.concurrent.Executors$RunnableAdapter.call(Executors.java:511)
	at java.util.concurrent.FutureTask.run(FutureTask.java:266)
	at java.util.concurrent.Executors$RunnableAdapter.call(Executors.java:511)
	at java.util.concurrent.FutureTask.run(FutureTask.java:266)
	at java.util.concurrent.ScheduledThreadPoolExecutor$ScheduledFutureTask.access$201(ScheduledThreadPoolExecutor.java:180)
	at java.util.concurrent.ScheduledThreadPoolExecutor$ScheduledFutureTask.run(ScheduledThreadPoolExecutor.java:293)
	at java.util.concurrent.ThreadPoolExecutor.runWorker(ThreadPoolExecutor.java:1149)
	at java.util.concurrent.ThreadPoolExecutor$Worker.run(ThreadPoolExecutor.java:624)
	at java.lang.Thread.run(Thread.java:748)
Caused by: org.rocksdb.RocksDBException: While mkdir if missing: /opt/src/hadoop-ozone/integration-test/target/test-dir/MiniOzoneClusterImpl-869c8c0d-6a5a-4d77-b402-f67e80feef85/datanode-0/data/containers/hdds/02d1f6b8-f026-4f59-9974-24481a7be2f4/current/containerDir0/1/metadata/1-dn-container.db: No such file or directory
	at org.rocksdb.RocksDB.open(Native Method)
	at org.rocksdb.RocksDB.open(RocksDB.java:231)
	at org.apache.hadoop.utils.RocksDBStore.<init>(RocksDBStore.java:71)
	... 15 more
2019-06-12 13:50:51,519 ERROR utils.ContainerCache (ContainerCache.java:getDB(137)) - Error opening DB. Container:5 ContainerPath:/opt/src/hadoop-ozone/integration-test/target/test-dir/MiniOzoneClusterImpl-869c8c0d-6a5a-4d77-b402-f67e80feef85/datanode-0/data/containers/hdds/02d1f6b8-f026-4f59-9974-24481a7be2f4/current/containerDir0/5/metadata/5-dn-container.db
java.io.IOException: Failed init RocksDB, db path : /opt/src/hadoop-ozone/integration-test/target/test-dir/MiniOzoneClusterImpl-869c8c0d-6a5a-4d77-b402-f67e80feef85/datanode-0/data/containers/hdds/02d1f6b8-f026-4f59-9974-24481a7be2f4/current/containerDir0/5/metadata/5-dn-container.db
	at org.apache.hadoop.utils.RocksDBStore.<init>(RocksDBStore.java:87)
	at org.apache.hadoop.utils.MetadataStoreBuilder.build(MetadataStoreBuilder.java:137)
	at org.apache.hadoop.ozone.container.common.utils.ContainerCache.getDB(ContainerCache.java:129)
	at org.apache.hadoop.ozone.container.keyvalue.helpers.BlockUtils.getDB(BlockUtils.java:77)
	at org.apache.hadoop.ozone.container.keyvalue.statemachine.background.BlockDeletingService$BlockDeletingTask.call(BlockDeletingService.java:188)
	at org.apache.hadoop.ozone.container.keyvalue.statemachine.background.BlockDeletingService$BlockDeletingTask.call(BlockDeletingService.java:172)
	at java.util.concurrent.FutureTask.run(FutureTask.java:266)
	at java.util.concurrent.Executors$RunnableAdapter.call(Executors.java:511)
	at java.util.concurrent.FutureTask.run(FutureTask.java:266)
	at java.util.concurrent.Executors$RunnableAdapter.call(Executors.java:511)
	at java.util.concurrent.FutureTask.run(FutureTask.java:266)
	at java.util.concurrent.ScheduledThreadPoolExecutor$ScheduledFutureTask.access$201(ScheduledThreadPoolExecutor.java:180)
	at java.util.concurrent.ScheduledThreadPoolExecutor$ScheduledFutureTask.run(ScheduledThreadPoolExecutor.java:293)
	at java.util.concurrent.ThreadPoolExecutor.runWorker(ThreadPoolExecutor.java:1149)
	at java.util.concurrent.ThreadPoolExecutor$Worker.run(ThreadPoolExecutor.java:624)
	at java.lang.Thread.run(Thread.java:748)
Caused by: org.rocksdb.RocksDBException: While mkdir if missing: /opt/src/hadoop-ozone/integration-test/target/test-dir/MiniOzoneClusterImpl-869c8c0d-6a5a-4d77-b402-f67e80feef85/datanode-0/data/containers/hdds/02d1f6b8-f026-4f59-9974-24481a7be2f4/current/containerDir0/5/metadata/5-dn-container.db: No such file or directory
	at org.rocksdb.RocksDB.open(Native Method)
	at org.rocksdb.RocksDB.open(RocksDB.java:231)
	at org.apache.hadoop.utils.RocksDBStore.<init>(RocksDBStore.java:71)
	... 15 more
2019-06-12 13:50:51,519 WARN  utils.BackgroundService (BackgroundService.java:lambda$run$0(135)) - Background task fails to execute, retrying in next interval
java.util.concurrent.ExecutionException: org.apache.hadoop.hdds.scm.container.common.helpers.StorageContainerException: Error opening DB. Container:5 ContainerPath:/opt/src/hadoop-ozone/integration-test/target/test-dir/MiniOzoneClusterImpl-869c8c0d-6a5a-4d77-b402-f67e80feef85/datanode-0/data/containers/hdds/02d1f6b8-f026-4f59-9974-24481a7be2f4/current/containerDir0/5/metadata/5-dn-container.db
	at java.util.concurrent.FutureTask.report(FutureTask.java:122)
	at java.util.concurrent.FutureTask.get(FutureTask.java:206)
	at org.apache.hadoop.utils.BackgroundService$PeriodicalTask.lambda$run$0(BackgroundService.java:129)
	at java.util.stream.ForEachOps$ForEachOp$OfRef.accept(ForEachOps.java:184)
	at java.util.ArrayList$ArrayListSpliterator.forEachRemaining(ArrayList.java:1382)
	at java.util.stream.AbstractPipeline.copyInto(AbstractPipeline.java:482)
	at java.util.stream.ForEachOps$ForEachTask.compute(ForEachOps.java:291)
	at java.util.concurrent.CountedCompleter.exec(CountedCompleter.java:731)
	at java.util.concurrent.ForkJoinTask.doExec(ForkJoinTask.java:289)
	at java.util.concurrent.ForkJoinPool$WorkQueue.runTask(ForkJoinPool.java:1056)
	at java.util.concurrent.ForkJoinPool.runWorker(ForkJoinPool.java:1692)
	at java.util.concurrent.ForkJoinWorkerThread.run(ForkJoinWorkerThread.java:157)
Caused by: org.apache.hadoop.hdds.scm.container.common.helpers.StorageContainerException: Error opening DB. Container:5 ContainerPath:/opt/src/hadoop-ozone/integration-test/target/test-dir/MiniOzoneClusterImpl-869c8c0d-6a5a-4d77-b402-f67e80feef85/datanode-0/data/containers/hdds/02d1f6b8-f026-4f59-9974-24481a7be2f4/current/containerDir0/5/metadata/5-dn-container.db
	at org.apache.hadoop.ozone.container.keyvalue.helpers.BlockUtils.getDB(BlockUtils.java:84)
	at org.apache.hadoop.ozone.container.keyvalue.statemachine.background.BlockDeletingService$BlockDeletingTask.call(BlockDeletingService.java:188)
	at org.apache.hadoop.ozone.container.keyvalue.statemachine.background.BlockDeletingService$BlockDeletingTask.call(BlockDeletingService.java:172)
	at java.util.concurrent.FutureTask.run(FutureTask.java:266)
	at java.util.concurrent.Executors$RunnableAdapter.call(Executors.java:511)
	at java.util.concurrent.FutureTask.run(FutureTask.java:266)
	at java.util.concurrent.Executors$RunnableAdapter.call(Executors.java:511)
	at java.util.concurrent.FutureTask.run(FutureTask.java:266)
	at java.util.concurrent.ScheduledThreadPoolExecutor$ScheduledFutureTask.access$201(ScheduledThreadPoolExecutor.java:180)
	at java.util.concurrent.ScheduledThreadPoolExecutor$ScheduledFutureTask.run(ScheduledThreadPoolExecutor.java:293)
	at java.util.concurrent.ThreadPoolExecutor.runWorker(ThreadPoolExecutor.java:1149)
	at java.util.concurrent.ThreadPoolExecutor$Worker.run(ThreadPoolExecutor.java:624)
	at java.lang.Thread.run(Thread.java:748)
2019-06-12 13:50:51,519 ERROR utils.ContainerCache (ContainerCache.java:getDB(137)) - Error opening DB. Container:4 ContainerPath:/opt/src/hadoop-ozone/integration-test/target/test-dir/MiniOzoneClusterImpl-869c8c0d-6a5a-4d77-b402-f67e80feef85/datanode-0/data/containers/hdds/02d1f6b8-f026-4f59-9974-24481a7be2f4/current/containerDir0/4/metadata/4-dn-container.db
java.io.IOException: Failed init RocksDB, db path : /opt/src/hadoop-ozone/integration-test/target/test-dir/MiniOzoneClusterImpl-869c8c0d-6a5a-4d77-b402-f67e80feef85/datanode-0/data/containers/hdds/02d1f6b8-f026-4f59-9974-24481a7be2f4/current/containerDir0/4/metadata/4-dn-container.db
	at org.apache.hadoop.utils.RocksDBStore.<init>(RocksDBStore.java:87)
	at org.apache.hadoop.utils.MetadataStoreBuilder.build(MetadataStoreBuilder.java:137)
	at org.apache.hadoop.ozone.container.common.utils.ContainerCache.getDB(ContainerCache.java:129)
	at org.apache.hadoop.ozone.container.keyvalue.helpers.BlockUtils.getDB(BlockUtils.java:77)
	at org.apache.hadoop.ozone.container.keyvalue.statemachine.background.BlockDeletingService$BlockDeletingTask.call(BlockDeletingService.java:188)
	at org.apache.hadoop.ozone.container.keyvalue.statemachine.background.BlockDeletingService$BlockDeletingTask.call(BlockDeletingService.java:172)
	at java.util.concurrent.FutureTask.run(FutureTask.java:266)
	at java.util.concurrent.Executors$RunnableAdapter.call(Executors.java:511)
	at java.util.concurrent.FutureTask.run(FutureTask.java:266)
	at java.util.concurrent.Executors$RunnableAdapter.call(Executors.java:511)
	at java.util.concurrent.FutureTask.run(FutureTask.java:266)
	at java.util.concurrent.ScheduledThreadPoolExecutor$ScheduledFutureTask.access$201(ScheduledThreadPoolExecutor.java:180)
	at java.util.concurrent.ScheduledThreadPoolExecutor$ScheduledFutureTask.run(ScheduledThreadPoolExecutor.java:293)
	at java.util.concurrent.ThreadPoolExecutor.runWorker(ThreadPoolExecutor.java:1149)
	at java.util.concurrent.ThreadPoolExecutor$Worker.run(ThreadPoolExecutor.java:624)
	at java.lang.Thread.run(Thread.java:748)
Caused by: org.rocksdb.RocksDBException: While mkdir if missing: /opt/src/hadoop-ozone/integration-test/target/test-dir/MiniOzoneClusterImpl-869c8c0d-6a5a-4d77-b402-f67e80feef85/datanode-0/data/containers/hdds/02d1f6b8-f026-4f59-9974-24481a7be2f4/current/containerDir0/4/metadata/4-dn-container.db: No such file or directory
	at org.rocksdb.RocksDB.open(Native Method)
	at org.rocksdb.RocksDB.open(RocksDB.java:231)
	at org.apache.hadoop.utils.RocksDBStore.<init>(RocksDBStore.java:71)
	... 15 more
2019-06-12 13:50:51,520 WARN  utils.BackgroundService (BackgroundService.java:lambda$run$0(135)) - Background task fails to execute, retrying in next interval
java.util.concurrent.ExecutionException: org.apache.hadoop.hdds.scm.container.common.helpers.StorageContainerException: Error opening DB. Container:1 ContainerPath:/opt/src/hadoop-ozone/integration-test/target/test-dir/MiniOzoneClusterImpl-869c8c0d-6a5a-4d77-b402-f67e80feef85/datanode-0/data/containers/hdds/02d1f6b8-f026-4f59-9974-24481a7be2f4/current/containerDir0/1/metadata/1-dn-container.db
	at java.util.concurrent.FutureTask.report(FutureTask.java:122)
	at java.util.concurrent.FutureTask.get(FutureTask.java:206)
	at org.apache.hadoop.utils.BackgroundService$PeriodicalTask.lambda$run$0(BackgroundService.java:129)
	at java.util.stream.ForEachOps$ForEachOp$OfRef.accept(ForEachOps.java:184)
	at java.util.ArrayList$ArrayListSpliterator.forEachRemaining(ArrayList.java:1382)
	at java.util.stream.AbstractPipeline.copyInto(AbstractPipeline.java:482)
	at java.util.stream.ForEachOps$ForEachTask.compute(ForEachOps.java:291)
	at java.util.concurrent.CountedCompleter.exec(CountedCompleter.java:731)
	at java.util.concurrent.ForkJoinTask.doExec(ForkJoinTask.java:289)
	at java.util.concurrent.ForkJoinPool$WorkQueue.execLocalTasks(ForkJoinPool.java:1040)
	at java.util.concurrent.ForkJoinPool$WorkQueue.runTask(ForkJoinPool.java:1058)
	at java.util.concurrent.ForkJoinPool.runWorker(ForkJoinPool.java:1692)
	at java.util.concurrent.ForkJoinWorkerThread.run(ForkJoinWorkerThread.java:157)
Caused by: org.apache.hadoop.hdds.scm.container.common.helpers.StorageContainerException: Error opening DB. Container:1 ContainerPath:/opt/src/hadoop-ozone/integration-test/target/test-dir/MiniOzoneClusterImpl-869c8c0d-6a5a-4d77-b402-f67e80feef85/datanode-0/data/containers/hdds/02d1f6b8-f026-4f59-9974-24481a7be2f4/current/containerDir0/1/metadata/1-dn-container.db
	at org.apache.hadoop.ozone.container.keyvalue.helpers.BlockUtils.getDB(BlockUtils.java:84)
	at org.apache.hadoop.ozone.container.keyvalue.statemachine.background.BlockDeletingService$BlockDeletingTask.call(BlockDeletingService.java:188)
	at org.apache.hadoop.ozone.container.keyvalue.statemachine.background.BlockDeletingService$BlockDeletingTask.call(BlockDeletingService.java:172)
	at java.util.concurrent.FutureTask.run(FutureTask.java:266)
	at java.util.concurrent.Executors$RunnableAdapter.call(Executors.java:511)
	at java.util.concurrent.FutureTask.run(FutureTask.java:266)
	at java.util.concurrent.Executors$RunnableAdapter.call(Executors.java:511)
	at java.util.concurrent.FutureTask.run(FutureTask.java:266)
	at java.util.concurrent.ScheduledThreadPoolExecutor$ScheduledFutureTask.access$201(ScheduledThreadPoolExecutor.java:180)
	at java.util.concurrent.ScheduledThreadPoolExecutor$ScheduledFutureTask.run(ScheduledThreadPoolExecutor.java:293)
	at java.util.concurrent.ThreadPoolExecutor.runWorker(ThreadPoolExecutor.java:1149)
	at java.util.concurrent.ThreadPoolExecutor$Worker.run(ThreadPoolExecutor.java:624)
	at java.lang.Thread.run(Thread.java:748)
2019-06-12 13:50:51,521 ERROR utils.ContainerCache (ContainerCache.java:getDB(137)) - Error opening DB. Container:3 ContainerPath:/opt/src/hadoop-ozone/integration-test/target/test-dir/MiniOzoneClusterImpl-869c8c0d-6a5a-4d77-b402-f67e80feef85/datanode-0/data/containers/hdds/02d1f6b8-f026-4f59-9974-24481a7be2f4/current/containerDir0/3/metadata/3-dn-container.db
java.io.IOException: Failed init RocksDB, db path : /opt/src/hadoop-ozone/integration-test/target/test-dir/MiniOzoneClusterImpl-869c8c0d-6a5a-4d77-b402-f67e80feef85/datanode-0/data/containers/hdds/02d1f6b8-f026-4f59-9974-24481a7be2f4/current/containerDir0/3/metadata/3-dn-container.db
	at org.apache.hadoop.utils.RocksDBStore.<init>(RocksDBStore.java:87)
	at org.apache.hadoop.utils.MetadataStoreBuilder.build(MetadataStoreBuilder.java:137)
	at org.apache.hadoop.ozone.container.common.utils.ContainerCache.getDB(ContainerCache.java:129)
	at org.apache.hadoop.ozone.container.keyvalue.helpers.BlockUtils.getDB(BlockUtils.java:77)
	at org.apache.hadoop.ozone.container.keyvalue.statemachine.background.BlockDeletingService$BlockDeletingTask.call(BlockDeletingService.java:188)
	at org.apache.hadoop.ozone.container.keyvalue.statemachine.background.BlockDeletingService$BlockDeletingTask.call(BlockDeletingService.java:172)
	at java.util.concurrent.FutureTask.run(FutureTask.java:266)
	at java.util.concurrent.Executors$RunnableAdapter.call(Executors.java:511)
	at java.util.concurrent.FutureTask.run(FutureTask.java:266)
	at java.util.concurrent.Executors$RunnableAdapter.call(Executors.java:511)
	at java.util.concurrent.FutureTask.run(FutureTask.java:266)
	at java.util.concurrent.ScheduledThreadPoolExecutor$ScheduledFutureTask.access$201(ScheduledThreadPoolExecutor.java:180)
	at java.util.concurrent.ScheduledThreadPoolExecutor$ScheduledFutureTask.run(ScheduledThreadPoolExecutor.java:293)
	at java.util.concurrent.ThreadPoolExecutor.runWorker(ThreadPoolExecutor.java:1149)
	at java.util.concurrent.ThreadPoolExecutor$Worker.run(ThreadPoolExecutor.java:624)
	at java.lang.Thread.run(Thread.java:748)
Caused by: org.rocksdb.RocksDBException: While mkdir if missing: /opt/src/hadoop-ozone/integration-test/target/test-dir/MiniOzoneClusterImpl-869c8c0d-6a5a-4d77-b402-f67e80feef85/datanode-0/data/containers/hdds/02d1f6b8-f026-4f59-9974-24481a7be2f4/current/containerDir0/3/metadata/3-dn-container.db: No such file or directory
	at org.rocksdb.RocksDB.open(Native Method)
	at org.rocksdb.RocksDB.open(RocksDB.java:231)
	at org.apache.hadoop.utils.RocksDBStore.<init>(RocksDBStore.java:71)
	... 15 more
2019-06-12 13:50:51,521 WARN  utils.BackgroundService (BackgroundService.java:lambda$run$0(135)) - Background task fails to execute, retrying in next interval
java.util.concurrent.ExecutionException: org.apache.hadoop.hdds.scm.container.common.helpers.StorageContainerException: Error opening DB. Container:4 ContainerPath:/opt/src/hadoop-ozone/integration-test/target/test-dir/MiniOzoneClusterImpl-869c8c0d-6a5a-4d77-b402-f67e80feef85/datanode-0/data/containers/hdds/02d1f6b8-f026-4f59-9974-24481a7be2f4/current/containerDir0/4/metadata/4-dn-container.db
	at java.util.concurrent.FutureTask.report(FutureTask.java:122)
	at java.util.concurrent.FutureTask.get(FutureTask.java:206)
	at org.apache.hadoop.utils.BackgroundService$PeriodicalTask.lambda$run$0(BackgroundService.java:129)
	at java.util.stream.ForEachOps$ForEachOp$OfRef.accept(ForEachOps.java:184)
	at java.util.ArrayList$ArrayListSpliterator.forEachRemaining(ArrayList.java:1382)
	at java.util.stream.AbstractPipeline.copyInto(AbstractPipeline.java:482)
	at java.util.stream.ForEachOps$ForEachTask.compute(ForEachOps.java:291)
	at java.util.concurrent.CountedCompleter.exec(CountedCompleter.java:731)
	at java.util.concurrent.ForkJoinTask.doExec(ForkJoinTask.java:289)
	at java.util.concurrent.ForkJoinTask.doInvoke(ForkJoinTask.java:401)
	at java.util.concurrent.ForkJoinTask.invoke(ForkJoinTask.java:734)
	at java.util.stream.ForEachOps$ForEachOp.evaluateParallel(ForEachOps.java:160)
	at java.util.stream.ForEachOps$ForEachOp$OfRef.evaluateParallel(ForEachOps.java:174)
	at java.util.stream.AbstractPipeline.evaluate(AbstractPipeline.java:233)
	at java.util.stream.ReferencePipeline.forEach(ReferencePipeline.java:418)
	at java.util.stream.ReferencePipeline$Head.forEach(ReferencePipeline.java:583)
	at org.apache.hadoop.utils.BackgroundService$PeriodicalTask.run(BackgroundService.java:125)
	at java.util.concurrent.Executors$RunnableAdapter.call(Executors.java:511)
	at java.util.concurrent.FutureTask.runAndReset(FutureTask.java:308)
	at java.util.concurrent.ScheduledThreadPoolExecutor$ScheduledFutureTask.access$301(ScheduledThreadPoolExecutor.java:180)
	at java.util.concurrent.ScheduledThreadPoolExecutor$ScheduledFutureTask.run(ScheduledThreadPoolExecutor.java:294)
	at java.util.concurrent.ThreadPoolExecutor.runWorker(ThreadPoolExecutor.java:1149)
	at java.util.concurrent.ThreadPoolExecutor$Worker.run(ThreadPoolExecutor.java:624)
	at java.lang.Thread.run(Thread.java:748)
Caused by: org.apache.hadoop.hdds.scm.container.common.helpers.StorageContainerException: Error opening DB. Container:4 ContainerPath:/opt/src/hadoop-ozone/integration-test/target/test-dir/MiniOzoneClusterImpl-869c8c0d-6a5a-4d77-b402-f67e80feef85/datanode-0/data/containers/hdds/02d1f6b8-f026-4f59-9974-24481a7be2f4/current/containerDir0/4/metadata/4-dn-container.db
	at org.apache.hadoop.ozone.container.keyvalue.helpers.BlockUtils.getDB(BlockUtils.java:84)
	at org.apache.hadoop.ozone.container.keyvalue.statemachine.background.BlockDeletingService$BlockDeletingTask.call(BlockDeletingService.java:188)
	at org.apache.hadoop.ozone.container.keyvalue.statemachine.background.BlockDeletingService$BlockDeletingTask.call(BlockDeletingService.java:172)
	at java.util.concurrent.FutureTask.run(FutureTask.java:266)
	at java.util.concurrent.Executors$RunnableAdapter.call(Executors.java:511)
	at java.util.concurrent.FutureTask.run(FutureTask.java:266)
	at java.util.concurrent.Executors$RunnableAdapter.call(Executors.java:511)
	at java.util.concurrent.FutureTask.run(FutureTask.java:266)
	at java.util.concurrent.ScheduledThreadPoolExecutor$ScheduledFutureTask.access$201(ScheduledThreadPoolExecutor.java:180)
	at java.util.concurrent.ScheduledThreadPoolExecutor$ScheduledFutureTask.run(ScheduledThreadPoolExecutor.java:293)
	... 3 more
2019-06-12 13:50:51,522 ERROR utils.ContainerCache (ContainerCache.java:getDB(137)) - Error opening DB. Container:2 ContainerPath:/opt/src/hadoop-ozone/integration-test/target/test-dir/MiniOzoneClusterImpl-869c8c0d-6a5a-4d77-b402-f67e80feef85/datanode-0/data/containers/hdds/02d1f6b8-f026-4f59-9974-24481a7be2f4/current/containerDir0/2/metadata/2-dn-container.db
java.io.IOException: Failed init RocksDB, db path : /opt/src/hadoop-ozone/integration-test/target/test-dir/MiniOzoneClusterImpl-869c8c0d-6a5a-4d77-b402-f67e80feef85/datanode-0/data/containers/hdds/02d1f6b8-f026-4f59-9974-24481a7be2f4/current/containerDir0/2/metadata/2-dn-container.db
	at org.apache.hadoop.utils.RocksDBStore.<init>(RocksDBStore.java:87)
	at org.apache.hadoop.utils.MetadataStoreBuilder.build(MetadataStoreBuilder.java:137)
	at org.apache.hadoop.ozone.container.common.utils.ContainerCache.getDB(ContainerCache.java:129)
	at org.apache.hadoop.ozone.container.keyvalue.helpers.BlockUtils.getDB(BlockUtils.java:77)
	at org.apache.hadoop.ozone.container.keyvalue.statemachine.background.BlockDeletingService$BlockDeletingTask.call(BlockDeletingService.java:188)
	at org.apache.hadoop.ozone.container.keyvalue.statemachine.background.BlockDeletingService$BlockDeletingTask.call(BlockDeletingService.java:172)
	at java.util.concurrent.FutureTask.run(FutureTask.java:266)
	at java.util.concurrent.Executors$RunnableAdapter.call(Executors.java:511)
	at java.util.concurrent.FutureTask.run(FutureTask.java:266)
	at java.util.concurrent.Executors$RunnableAdapter.call(Executors.java:511)
	at java.util.concurrent.FutureTask.run(FutureTask.java:266)
	at java.util.concurrent.ScheduledThreadPoolExecutor$ScheduledFutureTask.access$201(ScheduledThreadPoolExecutor.java:180)
	at java.util.concurrent.ScheduledThreadPoolExecutor$ScheduledFutureTask.run(ScheduledThreadPoolExecutor.java:293)
	at java.util.concurrent.ThreadPoolExecutor.runWorker(ThreadPoolExecutor.java:1149)
	at java.util.concurrent.ThreadPoolExecutor$Worker.run(ThreadPoolExecutor.java:624)
	at java.lang.Thread.run(Thread.java:748)
Caused by: org.rocksdb.RocksDBException: While mkdir if missing: /opt/src/hadoop-ozone/integration-test/target/test-dir/MiniOzoneClusterImpl-869c8c0d-6a5a-4d77-b402-f67e80feef85/datanode-0/data/containers/hdds/02d1f6b8-f026-4f59-9974-24481a7be2f4/current/containerDir0/2/metadata/2-dn-container.db: No such file or directory
	at org.rocksdb.RocksDB.open(Native Method)
	at org.rocksdb.RocksDB.open(RocksDB.java:231)
	at org.apache.hadoop.utils.RocksDBStore.<init>(RocksDBStore.java:71)
	... 15 more
2019-06-12 13:50:51,522 WARN  utils.BackgroundService (BackgroundService.java:lambda$run$0(135)) - Background task fails to execute, retrying in next interval
java.util.concurrent.ExecutionException: org.apache.hadoop.hdds.scm.container.common.helpers.StorageContainerException: Error opening DB. Container:3 ContainerPath:/opt/src/hadoop-ozone/integration-test/target/test-dir/MiniOzoneClusterImpl-869c8c0d-6a5a-4d77-b402-f67e80feef85/datanode-0/data/containers/hdds/02d1f6b8-f026-4f59-9974-24481a7be2f4/current/containerDir0/3/metadata/3-dn-container.db
	at java.util.concurrent.FutureTask.report(FutureTask.java:122)
	at java.util.concurrent.FutureTask.get(FutureTask.java:206)
	at org.apache.hadoop.utils.BackgroundService$PeriodicalTask.lambda$run$0(BackgroundService.java:129)
	at java.util.stream.ForEachOps$ForEachOp$OfRef.accept(ForEachOps.java:184)
	at java.util.ArrayList$ArrayListSpliterator.forEachRemaining(ArrayList.java:1382)
	at java.util.stream.AbstractPipeline.copyInto(AbstractPipeline.java:482)
	at java.util.stream.ForEachOps$ForEachTask.compute(ForEachOps.java:291)
	at java.util.concurrent.CountedCompleter.exec(CountedCompleter.java:731)
	at java.util.concurrent.ForkJoinTask.doExec(ForkJoinTask.java:289)
	at java.util.concurrent.ForkJoinPool$WorkQueue.pollAndExecCC(ForkJoinPool.java:1190)
	at java.util.concurrent.ForkJoinPool.helpComplete(ForkJoinPool.java:1879)
	at java.util.concurrent.ForkJoinPool.externalHelpComplete(ForkJoinPool.java:2467)
	at java.util.concurrent.ForkJoinTask.externalAwaitDone(ForkJoinTask.java:324)
	at java.util.concurrent.ForkJoinTask.doInvoke(ForkJoinTask.java:405)
	at java.util.concurrent.ForkJoinTask.invoke(ForkJoinTask.java:734)
	at java.util.stream.ForEachOps$ForEachOp.evaluateParallel(ForEachOps.java:160)
	at java.util.stream.ForEachOps$ForEachOp$OfRef.evaluateParallel(ForEachOps.java:174)
	at java.util.stream.AbstractPipeline.evaluate(AbstractPipeline.java:233)
	at java.util.stream.ReferencePipeline.forEach(ReferencePipeline.java:418)
	at java.util.stream.ReferencePipeline$Head.forEach(ReferencePipeline.java:583)
	at org.apache.hadoop.utils.BackgroundService$PeriodicalTask.run(BackgroundService.java:125)
	at java.util.concurrent.Executors$RunnableAdapter.call(Executors.java:511)
	at java.util.concurrent.FutureTask.runAndReset(FutureTask.java:308)
	at java.util.concurrent.ScheduledThreadPoolExecutor$ScheduledFutureTask.access$301(ScheduledThreadPoolExecutor.java:180)
	at java.util.concurrent.ScheduledThreadPoolExecutor$ScheduledFutureTask.run(ScheduledThreadPoolExecutor.java:294)
	at java.util.concurrent.ThreadPoolExecutor.runWorker(ThreadPoolExecutor.java:1149)
	at java.util.concurrent.ThreadPoolExecutor$Worker.run(ThreadPoolExecutor.java:624)
	at java.lang.Thread.run(Thread.java:748)
Caused by: org.apache.hadoop.hdds.scm.container.common.helpers.StorageContainerException: Error opening DB. Container:3 ContainerPath:/opt/src/hadoop-ozone/integration-test/target/test-dir/MiniOzoneClusterImpl-869c8c0d-6a5a-4d77-b402-f67e80feef85/datanode-0/data/containers/hdds/02d1f6b8-f026-4f59-9974-24481a7be2f4/current/containerDir0/3/metadata/3-dn-container.db
	at org.apache.hadoop.ozone.container.keyvalue.helpers.BlockUtils.getDB(BlockUtils.java:84)
	at org.apache.hadoop.ozone.container.keyvalue.statemachine.background.BlockDeletingService$BlockDeletingTask.call(BlockDeletingService.java:188)
	at org.apache.hadoop.ozone.container.keyvalue.statemachine.background.BlockDeletingService$BlockDeletingTask.call(BlockDeletingService.java:172)
	at java.util.concurrent.FutureTask.run(FutureTask.java:266)
	at java.util.concurrent.Executors$RunnableAdapter.call(Executors.java:511)
	at java.util.concurrent.FutureTask.run(FutureTask.java:266)
	at java.util.concurrent.Executors$RunnableAdapter.call(Executors.java:511)
	at java.util.concurrent.FutureTask.run(FutureTask.java:266)
	at java.util.concurrent.ScheduledThreadPoolExecutor$ScheduledFutureTask.access$201(ScheduledThreadPoolExecutor.java:180)
	at java.util.concurrent.ScheduledThreadPoolExecutor$ScheduledFutureTask.run(ScheduledThreadPoolExecutor.java:293)
	... 3 more
2019-06-12 13:50:51,522 WARN  utils.BackgroundService (BackgroundService.java:lambda$run$0(135)) - Background task fails to execute, retrying in next interval
java.util.concurrent.ExecutionException: org.apache.hadoop.hdds.scm.container.common.helpers.StorageContainerException: Error opening DB. Container:2 ContainerPath:/opt/src/hadoop-ozone/integration-test/target/test-dir/MiniOzoneClusterImpl-869c8c0d-6a5a-4d77-b402-f67e80feef85/datanode-0/data/containers/hdds/02d1f6b8-f026-4f59-9974-24481a7be2f4/current/containerDir0/2/metadata/2-dn-container.db
	at java.util.concurrent.FutureTask.report(FutureTask.java:122)
	at java.util.concurrent.FutureTask.get(FutureTask.java:206)
	at org.apache.hadoop.utils.BackgroundService$PeriodicalTask.lambda$run$0(BackgroundService.java:129)
	at java.util.stream.ForEachOps$ForEachOp$OfRef.accept(ForEachOps.java:184)
	at java.util.ArrayList$ArrayListSpliterator.forEachRemaining(ArrayList.java:1382)
	at java.util.stream.AbstractPipeline.copyInto(AbstractPipeline.java:482)
	at java.util.stream.ForEachOps$ForEachTask.compute(ForEachOps.java:291)
	at java.util.concurrent.CountedCompleter.exec(CountedCompleter.java:731)
	at java.util.concurrent.ForkJoinTask.doExec(ForkJoinTask.java:289)
	at java.util.concurrent.ForkJoinPool$WorkQueue.runTask(ForkJoinPool.java:1056)
	at java.util.concurrent.ForkJoinPool.runWorker(ForkJoinPool.java:1692)
	at java.util.concurrent.ForkJoinWorkerThread.run(ForkJoinWorkerThread.java:157)
Caused by: org.apache.hadoop.hdds.scm.container.common.helpers.StorageContainerException: Error opening DB. Container:2 ContainerPath:/opt/src/hadoop-ozone/integration-test/target/test-dir/MiniOzoneClusterImpl-869c8c0d-6a5a-4d77-b402-f67e80feef85/datanode-0/data/containers/hdds/02d1f6b8-f026-4f59-9974-24481a7be2f4/current/containerDir0/2/metadata/2-dn-container.db
	at org.apache.hadoop.ozone.container.keyvalue.helpers.BlockUtils.getDB(BlockUtils.java:84)
	at org.apache.hadoop.ozone.container.keyvalue.statemachine.background.BlockDeletingService$BlockDeletingTask.call(BlockDeletingService.java:188)
	at org.apache.hadoop.ozone.container.keyvalue.statemachine.background.BlockDeletingService$BlockDeletingTask.call(BlockDeletingService.java:172)
	at java.util.concurrent.FutureTask.run(FutureTask.java:266)
	at java.util.concurrent.Executors$RunnableAdapter.call(Executors.java:511)
	at java.util.concurrent.FutureTask.run(FutureTask.java:266)
	at java.util.concurrent.Executors$RunnableAdapter.call(Executors.java:511)
	at java.util.concurrent.FutureTask.run(FutureTask.java:266)
	at java.util.concurrent.ScheduledThreadPoolExecutor$ScheduledFutureTask.access$201(ScheduledThreadPoolExecutor.java:180)
	at java.util.concurrent.ScheduledThreadPoolExecutor$ScheduledFutureTask.run(ScheduledThreadPoolExecutor.java:293)
	at java.util.concurrent.ThreadPoolExecutor.runWorker(ThreadPoolExecutor.java:1149)
	at java.util.concurrent.ThreadPoolExecutor$Worker.run(ThreadPoolExecutor.java:624)
	at java.lang.Thread.run(Thread.java:748)
2019-06-12 13:50:51,900 INFO  ozone.MiniOzoneClusterImpl (MiniOzoneClusterImpl.java:lambda$waitForClusterToBeReady$0(142)) - Cluster is ready. Got 1 of 1 DN Heartbeats.
2019-06-12 13:50:52,010 INFO  pipeline.PipelineStateManager (PipelineStateManager.java:addPipeline(56)) - Created pipeline Pipeline[ Id: 4aabb5bd-e8fc-4972-a0b4-5a0b1d302186, Nodes: 2ec4175c-2012-45e6-8f3b-678fe176ad41{ip: 192.168.11.194, host: ozone-5qnff-1533938733, networkLocation: /default-rack, certSerialId: null}, Type:STAND_ALONE, Factor:ONE, State:OPEN]
2019-06-12 13:50:52,077 INFO  impl.FollowerState (FollowerState.java:run(101)) - 2ec4175c-2012-45e6-8f3b-678fe176ad41:group-E551838EA076 changes to CANDIDATE, lastRpcTime:1151, electionTimeout:1151ms
2019-06-12 13:50:52,077 INFO  impl.RoleInfo (RoleInfo.java:shutdownFollowerState(121)) - 2ec4175c-2012-45e6-8f3b-678fe176ad41: shutdown FollowerState
2019-06-12 13:50:52,077 INFO  impl.RaftServerImpl (RaftServerImpl.java:setRole(164)) - 2ec4175c-2012-45e6-8f3b-678fe176ad41:group-E551838EA076 changes role from FOLLOWER to CANDIDATE at term 0 for changeToCandidate
2019-06-12 13:50:52,077 INFO  impl.RoleInfo (RoleInfo.java:updateAndGet(143)) - 2ec4175c-2012-45e6-8f3b-678fe176ad41: start LeaderElection
2019-06-12 13:50:52,083 INFO  impl.LeaderElection (LeaderElection.java:askForVotes(181)) - 2ec4175c-2012-45e6-8f3b-678fe176ad41:group-E551838EA076:LeaderElection2: begin an election at term 1 for -1: [2ec4175c-2012-45e6-8f3b-678fe176ad41:192.168.11.194:35473], old=null
2019-06-12 13:50:52,085 INFO  impl.RoleInfo (RoleInfo.java:shutdownLeaderElection(134)) - 2ec4175c-2012-45e6-8f3b-678fe176ad41: shutdown LeaderElection
2019-06-12 13:50:52,085 INFO  impl.RaftServerImpl (RaftServerImpl.java:setRole(164)) - 2ec4175c-2012-45e6-8f3b-678fe176ad41:group-E551838EA076 changes role from CANDIDATE to LEADER at term 1 for changeToLeader
2019-06-12 13:50:52,085 INFO  impl.RaftServerImpl (ServerState.java:setLeader(263)) - 2ec4175c-2012-45e6-8f3b-678fe176ad41:group-E551838EA076 change Leader from null to 2ec4175c-2012-45e6-8f3b-678fe176ad41 at term 1 for becomeLeader, leader elected after 1161ms
2019-06-12 13:50:52,085 INFO  server.RaftServerConfigKeys (ConfUtils.java:logGet(43)) - raft.server.staging.catchup.gap = 1000 (default)
2019-06-12 13:50:52,085 INFO  server.RaftServerConfigKeys (ConfUtils.java:logGet(43)) - raft.server.rpc.sleep.time = 25ms (default)
2019-06-12 13:50:52,085 INFO  server.RaftServerConfigKeys (ConfUtils.java:logGet(43)) - raft.server.watch.timeout = 10s (default)
2019-06-12 13:50:52,086 INFO  server.RaftServerConfigKeys (ConfUtils.java:logGet(43)) - raft.server.watch.timeout.denomination = 1s (default)
2019-06-12 13:50:52,086 INFO  impl.RoleInfo (RoleInfo.java:updateAndGet(143)) - 2ec4175c-2012-45e6-8f3b-678fe176ad41: start LeaderState
2019-06-12 13:50:52,086 INFO  storage.RaftLogWorker (RaftLogWorker.java:startLogSegment(298)) - 2ec4175c-2012-45e6-8f3b-678fe176ad41-RaftLogWorker: Starting segment from index:0
2019-06-12 13:50:52,087 INFO  impl.RaftServerImpl (ServerState.java:setRaftConf(361)) - 2ec4175c-2012-45e6-8f3b-678fe176ad41:group-E551838EA076 set configuration 0: [2ec4175c-2012-45e6-8f3b-678fe176ad41:192.168.11.194:35473], old=null at 0
2019-06-12 13:50:52,123 INFO  storage.RaftLogWorker (RaftLogWorker.java:execute(469)) - 2ec4175c-2012-45e6-8f3b-678fe176ad41-RaftLogWorker: created new log segment /opt/src/hadoop-ozone/integration-test/target/test-dir/MiniOzoneClusterImpl-5ea0d9c2-7a37-4159-b04b-3e8e010f21f0/datanode-0/data/ratis/febd5f81-77cf-4cf4-a5f7-e551838ea076/current/log_inprogress_0
2019-06-12 13:50:52,281 INFO  keyvalue.KeyValueHandler (ContainerUtils.java:logAndReturnError(146)) - Operation: CreateContainer : Trace ID: 2fd7657d89a1b67b:2fd7657d89a1b67b:0:0 : Message: Container creation failed, due to disk out of space : Result: DISK_OUT_OF_SPACE
13:50:52.282 [grpc-default-executor-1] ERROR DNAudit - user=null | ip=null | op=WRITE_CHUNK {blockData=conID: 6 locID: 102258930629410837 bcsId: 0} | ret=FAILURE
org.apache.hadoop.hdds.scm.container.common.helpers.StorageContainerException: ContainerID 6 creation failed
	at org.apache.hadoop.ozone.container.common.impl.HddsDispatcher.dispatchRequest(HddsDispatcher.java:227) [hadoop-hdds-container-service-0.5.0-SNAPSHOT.jar:?]
	at org.apache.hadoop.ozone.container.common.impl.HddsDispatcher.dispatch(HddsDispatcher.java:148) [hadoop-hdds-container-service-0.5.0-SNAPSHOT.jar:?]
	at org.apache.hadoop.ozone.container.common.transport.server.GrpcXceiverService$1.onNext(GrpcXceiverService.java:73) [hadoop-hdds-container-service-0.5.0-SNAPSHOT.jar:?]
	at org.apache.hadoop.ozone.container.common.transport.server.GrpcXceiverService$1.onNext(GrpcXceiverService.java:61) [hadoop-hdds-container-service-0.5.0-SNAPSHOT.jar:?]
	at org.apache.ratis.thirdparty.io.grpc.stub.ServerCalls$StreamingServerCallHandler$StreamingServerCallListener.onMessage(ServerCalls.java:248) [ratis-thirdparty-misc-0.2.0.jar:0.2.0]
	at org.apache.ratis.thirdparty.io.grpc.ForwardingServerCallListener.onMessage(ForwardingServerCallListener.java:33) [ratis-thirdparty-misc-0.2.0.jar:0.2.0]
	at org.apache.ratis.thirdparty.io.grpc.Contexts$ContextualizedServerCallListener.onMessage(Contexts.java:76) [ratis-thirdparty-misc-0.2.0.jar:0.2.0]
	at org.apache.ratis.thirdparty.io.grpc.ForwardingServerCallListener.onMessage(ForwardingServerCallListener.java:33) [ratis-thirdparty-misc-0.2.0.jar:0.2.0]
	at org.apache.hadoop.hdds.tracing.GrpcServerInterceptor$1.onMessage(GrpcServerInterceptor.java:46) [hadoop-hdds-common-0.5.0-SNAPSHOT.jar:?]
	at org.apache.ratis.thirdparty.io.grpc.internal.ServerCallImpl$ServerStreamListenerImpl.messagesAvailable(ServerCallImpl.java:263) [ratis-thirdparty-misc-0.2.0.jar:0.2.0]
	at org.apache.ratis.thirdparty.io.grpc.internal.ServerImpl$JumpToApplicationThreadServerStreamListener$1MessagesAvailable.runInContext(ServerImpl.java:686) [ratis-thirdparty-misc-0.2.0.jar:0.2.0]
	at org.apache.ratis.thirdparty.io.grpc.internal.ContextRunnable.run(ContextRunnable.java:37) [ratis-thirdparty-misc-0.2.0.jar:0.2.0]
	at org.apache.ratis.thirdparty.io.grpc.internal.SerializingExecutor.run(SerializingExecutor.java:123) [ratis-thirdparty-misc-0.2.0.jar:0.2.0]
	at java.util.concurrent.ThreadPoolExecutor.runWorker(ThreadPoolExecutor.java:1149) [?:1.8.0_212]
	at java.util.concurrent.ThreadPoolExecutor$Worker.run(ThreadPoolExecutor.java:624) [?:1.8.0_212]
	at java.lang.Thread.run(Thread.java:748) [?:1.8.0_212]
2019-06-12 13:50:52,291 INFO  impl.HddsDispatcher (ContainerUtils.java:logAndReturnError(146)) - Operation: WriteChunk : Trace ID: 2fd7657d89a1b67b:2fd7657d89a1b67b:0:0 : Message: ContainerID 6 creation failed : Result: DISK_OUT_OF_SPACE
2019-06-12 13:50:52,293 ERROR storage.BlockOutputStream (BlockOutputStream.java:validateResponse(538)) - Unexpected Storage Container Exception: 
org.apache.hadoop.hdds.scm.container.common.helpers.StorageContainerException: ContainerID 6 creation failed
	at org.apache.hadoop.hdds.scm.storage.ContainerProtocolCalls.validateContainerResponse(ContainerProtocolCalls.java:536)
	at org.apache.hadoop.hdds.scm.storage.BlockOutputStream.validateResponse(BlockOutputStream.java:536)
	at org.apache.hadoop.hdds.scm.storage.BlockOutputStream.lambda$writeChunkToContainer$2(BlockOutputStream.java:614)
	at java.util.concurrent.CompletableFuture.uniApply(CompletableFuture.java:602)
	at java.util.concurrent.CompletableFuture$UniApply.tryFire(CompletableFuture.java:577)
	at java.util.concurrent.CompletableFuture$Completion.run(CompletableFuture.java:442)
	at java.util.concurrent.ThreadPoolExecutor.runWorker(ThreadPoolExecutor.java:1149)
	at java.util.concurrent.ThreadPoolExecutor$Worker.run(ThreadPoolExecutor.java:624)
	at java.lang.Thread.run(Thread.java:748)
13:50:52.295 [grpc-default-executor-1] ERROR DNAudit - user=null | ip=null | op=PUT_BLOCK {blockData=[blockId=conID: 6 locID: 102258930629410837 bcsId: 0,size=5]} | ret=FAILURE
org.apache.hadoop.hdds.scm.container.common.helpers.StorageContainerException: ContainerID 6 does not exist
	at org.apache.hadoop.ozone.container.common.impl.HddsDispatcher.dispatchRequest(HddsDispatcher.java:242) [hadoop-hdds-container-service-0.5.0-SNAPSHOT.jar:?]
	at org.apache.hadoop.ozone.container.common.impl.HddsDispatcher.dispatch(HddsDispatcher.java:148) [hadoop-hdds-container-service-0.5.0-SNAPSHOT.jar:?]
	at org.apache.hadoop.ozone.container.common.transport.server.GrpcXceiverService$1.onNext(GrpcXceiverService.java:73) [hadoop-hdds-container-service-0.5.0-SNAPSHOT.jar:?]
	at org.apache.hadoop.ozone.container.common.transport.server.GrpcXceiverService$1.onNext(GrpcXceiverService.java:61) [hadoop-hdds-container-service-0.5.0-SNAPSHOT.jar:?]
	at org.apache.ratis.thirdparty.io.grpc.stub.ServerCalls$StreamingServerCallHandler$StreamingServerCallListener.onMessage(ServerCalls.java:248) [ratis-thirdparty-misc-0.2.0.jar:0.2.0]
	at org.apache.ratis.thirdparty.io.grpc.ForwardingServerCallListener.onMessage(ForwardingServerCallListener.java:33) [ratis-thirdparty-misc-0.2.0.jar:0.2.0]
	at org.apache.ratis.thirdparty.io.grpc.Contexts$ContextualizedServerCallListener.onMessage(Contexts.java:76) [ratis-thirdparty-misc-0.2.0.jar:0.2.0]
	at org.apache.ratis.thirdparty.io.grpc.ForwardingServerCallListener.onMessage(ForwardingServerCallListener.java:33) [ratis-thirdparty-misc-0.2.0.jar:0.2.0]
	at org.apache.hadoop.hdds.tracing.GrpcServerInterceptor$1.onMessage(GrpcServerInterceptor.java:46) [hadoop-hdds-common-0.5.0-SNAPSHOT.jar:?]
	at org.apache.ratis.thirdparty.io.grpc.internal.ServerCallImpl$ServerStreamListenerImpl.messagesAvailable(ServerCallImpl.java:263) [ratis-thirdparty-misc-0.2.0.jar:0.2.0]
	at org.apache.ratis.thirdparty.io.grpc.internal.ServerImpl$JumpToApplicationThreadServerStreamListener$1MessagesAvailable.runInContext(ServerImpl.java:686) [ratis-thirdparty-misc-0.2.0.jar:0.2.0]
	at org.apache.ratis.thirdparty.io.grpc.internal.ContextRunnable.run(ContextRunnable.java:37) [ratis-thirdparty-misc-0.2.0.jar:0.2.0]
	at org.apache.ratis.thirdparty.io.grpc.internal.SerializingExecutor.run(SerializingExecutor.java:123) [ratis-thirdparty-misc-0.2.0.jar:0.2.0]
	at java.util.concurrent.ThreadPoolExecutor.runWorker(ThreadPoolExecutor.java:1149) [?:1.8.0_212]
	at java.util.concurrent.ThreadPoolExecutor$Worker.run(ThreadPoolExecutor.java:624) [?:1.8.0_212]
	at java.lang.Thread.run(Thread.java:748) [?:1.8.0_212]
2019-06-12 13:50:52,295 INFO  impl.HddsDispatcher (ContainerUtils.java:logAndReturnError(146)) - Operation: PutBlock : Trace ID: d95be63e2da5c921:d95be63e2da5c921:0:0 : Message: ContainerID 6 does not exist : Result: CONTAINER_NOT_FOUND
]]></system-out>
    <system-err><![CDATA[Jun 12, 2019 1:50:46 PM com.sun.jersey.server.impl.application.WebApplicationImpl _initiate
INFO: Initiating Jersey application, version 'Jersey: 1.19 02/11/2015 03:25 AM'
Jun 12, 2019 1:50:50 PM org.apache.ratis.thirdparty.io.grpc.internal.ManagedChannelOrphanWrapper$ManagedChannelReference cleanQueue
SEVERE: *~*~*~ Channel ManagedChannelImpl{logId=12, target=192.168.11.194:46615} was not shutdown properly!!! ~*~*~*
    Make sure to call shutdown()/shutdownNow() and wait until awaitTermination() returns true.
java.lang.RuntimeException: ManagedChannel allocation site
	at org.apache.ratis.thirdparty.io.grpc.internal.ManagedChannelOrphanWrapper$ManagedChannelReference.<init>(ManagedChannelOrphanWrapper.java:103)
	at org.apache.ratis.thirdparty.io.grpc.internal.ManagedChannelOrphanWrapper.<init>(ManagedChannelOrphanWrapper.java:53)
	at org.apache.ratis.thirdparty.io.grpc.internal.ManagedChannelOrphanWrapper.<init>(ManagedChannelOrphanWrapper.java:44)
	at org.apache.ratis.thirdparty.io.grpc.internal.AbstractManagedChannelImplBuilder.build(AbstractManagedChannelImplBuilder.java:411)
	at org.apache.hadoop.hdds.scm.XceiverClientGrpc.connectToDatanode(XceiverClientGrpc.java:163)
	at org.apache.hadoop.hdds.scm.XceiverClientGrpc.reconnect(XceiverClientGrpc.java:398)
	at org.apache.hadoop.hdds.scm.XceiverClientGrpc.sendCommandAsync(XceiverClientGrpc.java:349)
	at org.apache.hadoop.hdds.scm.XceiverClientGrpc.sendCommandAsync(XceiverClientGrpc.java:324)
	at org.apache.hadoop.hdds.scm.storage.ContainerProtocolCalls.writeChunkAsync(ContainerProtocolCalls.java:310)
	at org.apache.hadoop.hdds.scm.storage.BlockOutputStream.writeChunkToContainer(BlockOutputStream.java:609)
	at org.apache.hadoop.hdds.scm.storage.BlockOutputStream.writeChunk(BlockOutputStream.java:466)
	at org.apache.hadoop.hdds.scm.storage.BlockOutputStream.handleFlush(BlockOutputStream.java:477)
	at org.apache.hadoop.hdds.scm.storage.BlockOutputStream.close(BlockOutputStream.java:500)
	at org.apache.hadoop.ozone.client.io.BlockOutputStreamEntry.close(BlockOutputStreamEntry.java:143)
	at org.apache.hadoop.ozone.client.io.KeyOutputStream.handleFlushOrClose(KeyOutputStream.java:434)
	at org.apache.hadoop.ozone.client.io.KeyOutputStream.close(KeyOutputStream.java:472)
	at org.apache.hadoop.ozone.client.io.OzoneOutputStream.close(OzoneOutputStream.java:60)
	at org.apache.hadoop.ozone.TestStorageContainerManagerHelper.createKeys(TestStorageContainerManagerHelper.java:102)
	at org.apache.hadoop.ozone.TestStorageContainerManager.testBlockDeletionTransactions(TestStorageContainerManager.java:244)
	at sun.reflect.NativeMethodAccessorImpl.invoke0(Native Method)
	at sun.reflect.NativeMethodAccessorImpl.invoke(NativeMethodAccessorImpl.java:62)
	at sun.reflect.DelegatingMethodAccessorImpl.invoke(DelegatingMethodAccessorImpl.java:43)
	at java.lang.reflect.Method.invoke(Method.java:498)
	at org.junit.runners.model.FrameworkMethod$1.runReflectiveCall(FrameworkMethod.java:47)
	at org.junit.internal.runners.model.ReflectiveCallable.run(ReflectiveCallable.java:12)
	at org.junit.runners.model.FrameworkMethod.invokeExplosively(FrameworkMethod.java:44)
	at org.junit.internal.runners.statements.InvokeMethod.evaluate(InvokeMethod.java:17)
	at org.junit.internal.runners.statements.FailOnTimeout$StatementThread.run(FailOnTimeout.java:74)

Jun 12, 2019 1:50:51 PM com.sun.jersey.server.impl.application.WebApplicationImpl _initiate
INFO: Initiating Jersey application, version 'Jersey: 1.19 02/11/2015 03:25 AM'
]]></system-err>
  </testcase>
  <testcase name="testSCMReinitialization" classname="org.apache.hadoop.ozone.TestStorageContainerManager" time="5.586"/>
  <testcase name="testCloseContainerCommandOnRestart" classname="org.apache.hadoop.ozone.TestStorageContainerManager" time="4.836">
    <error message="Unexpected Storage Container Exception: org.apache.hadoop.hdds.scm.container.common.helpers.StorageContainerException: ContainerID 6 creation failed" type="java.io.IOException">java.io.IOException: Unexpected Storage Container Exception: org.apache.hadoop.hdds.scm.container.common.helpers.StorageContainerException: ContainerID 6 creation failed
	at org.apache.hadoop.hdds.scm.storage.BlockOutputStream.setIoException(BlockOutputStream.java:548)
	at org.apache.hadoop.hdds.scm.storage.BlockOutputStream.validateResponse(BlockOutputStream.java:539)
	at org.apache.hadoop.hdds.scm.storage.BlockOutputStream.lambda$writeChunkToContainer$2(BlockOutputStream.java:614)
	at java.util.concurrent.CompletableFuture.uniApply(CompletableFuture.java:602)
	at java.util.concurrent.CompletableFuture$UniApply.tryFire(CompletableFuture.java:577)
	at java.util.concurrent.CompletableFuture$Completion.run(CompletableFuture.java:442)
	at java.util.concurrent.ThreadPoolExecutor.runWorker(ThreadPoolExecutor.java:1149)
	at java.util.concurrent.ThreadPoolExecutor$Worker.run(ThreadPoolExecutor.java:624)
	at java.lang.Thread.run(Thread.java:748)
Caused by: org.apache.hadoop.hdds.scm.container.common.helpers.StorageContainerException: ContainerID 6 creation failed
	at org.apache.hadoop.hdds.scm.storage.ContainerProtocolCalls.validateContainerResponse(ContainerProtocolCalls.java:536)
	at org.apache.hadoop.hdds.scm.storage.BlockOutputStream.validateResponse(BlockOutputStream.java:536)
	... 7 more
</error>
    <system-out><![CDATA[2019-06-12 13:50:57,900 WARN  server.ServerUtils (ServerUtils.java:getScmDbDir(145)) - ozone.scm.db.dirs is not configured. We recommend adding this setting. Falling back to ozone.metadata.dirs instead.
2019-06-12 13:50:57,904 WARN  server.ServerUtils (ServerUtils.java:getScmDbDir(145)) - ozone.scm.db.dirs is not configured. We recommend adding this setting. Falling back to ozone.metadata.dirs instead.
2019-06-12 13:50:57,904 WARN  server.ServerUtils (ServerUtils.java:getScmDbDir(145)) - ozone.scm.db.dirs is not configured. We recommend adding this setting. Falling back to ozone.metadata.dirs instead.
2019-06-12 13:50:57,905 INFO  db.DBStoreBuilder (DBStoreBuilder.java:addTable(110)) - using custom profile for table: deletedBlocks
2019-06-12 13:50:57,905 INFO  db.DBStoreBuilder (DBStoreBuilder.java:processTables(161)) - Using default column profile:DBProfile.DISK for Table:deletedBlocks
2019-06-12 13:50:57,905 INFO  db.DBStoreBuilder (DBStoreBuilder.java:addTable(110)) - using custom profile for table: validCerts
2019-06-12 13:50:57,905 INFO  db.DBStoreBuilder (DBStoreBuilder.java:processTables(161)) - Using default column profile:DBProfile.DISK for Table:validCerts
2019-06-12 13:50:57,905 INFO  db.DBStoreBuilder (DBStoreBuilder.java:addTable(110)) - using custom profile for table: revokedCerts
2019-06-12 13:50:57,905 INFO  db.DBStoreBuilder (DBStoreBuilder.java:processTables(161)) - Using default column profile:DBProfile.DISK for Table:revokedCerts
2019-06-12 13:50:57,905 INFO  db.DBStoreBuilder (DBStoreBuilder.java:addTable(110)) - using custom profile for table: default
2019-06-12 13:50:57,905 INFO  db.DBStoreBuilder (DBStoreBuilder.java:processTables(167)) - Using default column profile:DBProfile.DISK for Table:default
2019-06-12 13:50:57,905 INFO  db.DBStoreBuilder (DBStoreBuilder.java:getDbProfile(198)) - Using default options. DBProfile.DISK
2019-06-12 13:50:57,943 INFO  node.SCMNodeManager (SCMNodeManager.java:<init>(108)) - Entering startup safe mode.
2019-06-12 13:50:57,944 INFO  net.NodeSchemaLoader (NodeSchemaLoader.java:loadSchemaFromFile(125)) - Loading file from sun.misc.CompoundEnumeration@92d6886
2019-06-12 13:50:57,944 INFO  net.NodeSchemaLoader (NodeSchemaLoader.java:loadSchema(171)) - Loading network topology layer schema file
2019-06-12 13:50:57,947 WARN  server.ServerUtils (ServerUtils.java:getScmDbDir(145)) - ozone.scm.db.dirs is not configured. We recommend adding this setting. Falling back to ozone.metadata.dirs instead.
2019-06-12 13:50:57,959 INFO  pipeline.SCMPipelineManager (SCMPipelineManager.java:initializePipelineState(126)) - No pipeline exists in current db
2019-06-12 13:50:57,960 WARN  server.ServerUtils (ServerUtils.java:getScmDbDir(145)) - ozone.scm.db.dirs is not configured. We recommend adding this setting. Falling back to ozone.metadata.dirs instead.
2019-06-12 13:50:57,974 WARN  events.EventQueue (EventQueue.java:fireEvent(175)) - No event handler registered for event TypedEvent{payloadType=SafeModeStatus, name='SafeModeStatus'}
2019-06-12 13:50:57,975 INFO  ipc.CallQueueManager (CallQueueManager.java:<init>(84)) - Using callQueue: class java.util.concurrent.LinkedBlockingQueue, queueCapacity: 2000, scheduler: class org.apache.hadoop.ipc.DefaultRpcScheduler, ipcBackoff: false.
2019-06-12 13:50:57,975 INFO  ipc.Server (Server.java:run(1074)) - Starting Socket Reader #1 for port 35159
2019-06-12 13:50:57,978 INFO  ipc.CallQueueManager (CallQueueManager.java:<init>(84)) - Using callQueue: class java.util.concurrent.LinkedBlockingQueue, queueCapacity: 2000, scheduler: class org.apache.hadoop.ipc.DefaultRpcScheduler, ipcBackoff: false.
2019-06-12 13:50:57,979 INFO  ipc.Server (Server.java:run(1074)) - Starting Socket Reader #1 for port 43449
2019-06-12 13:50:57,980 INFO  ipc.CallQueueManager (CallQueueManager.java:<init>(84)) - Using callQueue: class java.util.concurrent.LinkedBlockingQueue, queueCapacity: 2000, scheduler: class org.apache.hadoop.ipc.DefaultRpcScheduler, ipcBackoff: false.
2019-06-12 13:50:57,981 INFO  ipc.Server (Server.java:run(1074)) - Starting Socket Reader #1 for port 43939
2019-06-12 13:50:57,986 INFO  hdfs.DFSUtil (DFSUtil.java:httpServerTemplateForNNAndJN(1641)) - Starting Web-server for scm at: http://0.0.0.0:0
2019-06-12 13:50:57,987 INFO  server.AuthenticationFilter (AuthenticationFilter.java:constructSecretProvider(240)) - Unable to initialize FileSignerSecretProvider, falling back to use random secrets.
2019-06-12 13:50:57,988 WARN  http.HttpRequestLog (HttpRequestLog.java:getRequestLog(97)) - Jetty request log can only be enabled using Log4j
2019-06-12 13:50:57,989 INFO  http.HttpServer2 (HttpServer2.java:addGlobalFilter(975)) - Added global filter 'safety' (class=org.apache.hadoop.http.HttpServer2$QuotingInputFilter)
2019-06-12 13:50:57,989 INFO  http.HttpServer2 (HttpServer2.java:addFilter(948)) - Added filter static_user_filter (class=org.apache.hadoop.http.lib.StaticUserWebFilter$StaticUserFilter) to context scm
2019-06-12 13:50:57,990 INFO  http.HttpServer2 (HttpServer2.java:addFilter(958)) - Added filter static_user_filter (class=org.apache.hadoop.http.lib.StaticUserWebFilter$StaticUserFilter) to context logs
2019-06-12 13:50:57,990 INFO  http.HttpServer2 (HttpServer2.java:addFilter(958)) - Added filter static_user_filter (class=org.apache.hadoop.http.lib.StaticUserWebFilter$StaticUserFilter) to context static
2019-06-12 13:50:57,994 INFO  server.StorageContainerManager (StorageContainerManager.java:start(752)) - StorageContainerLocationProtocol RPC server is listening at /0.0.0.0:43939
2019-06-12 13:50:57,994 INFO  impl.MetricsSystemImpl (MetricsSystemImpl.java:init(158)) - StorageContainerManager metrics system started (again)
2019-06-12 13:50:57,994 INFO  server.SCMClientProtocolServer (SCMClientProtocolServer.java:start(149)) - RPC server for Client  is listening at /0.0.0.0:43939
2019-06-12 13:50:57,994 INFO  ipc.Server (Server.java:run(1314)) - IPC Server Responder: starting
2019-06-12 13:50:57,995 INFO  ipc.Server (Server.java:run(1153)) - IPC Server listener on 43939: starting
2019-06-12 13:50:58,003 INFO  server.StorageContainerManager (StorageContainerManager.java:start(761)) - ScmBlockLocationProtocol RPC server is listening at /0.0.0.0:43449
2019-06-12 13:50:58,003 INFO  server.SCMBlockProtocolServer (SCMBlockProtocolServer.java:start(137)) - RPC server for Block Protocol is listening at /0.0.0.0:43449
2019-06-12 13:50:58,003 INFO  ipc.Server (Server.java:run(1314)) - IPC Server Responder: starting
2019-06-12 13:50:58,003 INFO  ipc.Server (Server.java:run(1153)) - IPC Server listener on 43449: starting
2019-06-12 13:50:58,017 INFO  server.StorageContainerManager (StorageContainerManager.java:start(765)) - ScmDatanodeProtocl RPC server is listening at /0.0.0.0:35159
2019-06-12 13:50:58,017 INFO  server.SCMDatanodeProtocolServer (SCMDatanodeProtocolServer.java:start(191)) - RPC server for DataNodes is listening at /0.0.0.0:35159
2019-06-12 13:50:58,017 INFO  ipc.Server (Server.java:run(1314)) - IPC Server Responder: starting
2019-06-12 13:50:58,017 INFO  ipc.Server (Server.java:run(1153)) - IPC Server listener on 35159: starting
2019-06-12 13:50:58,024 INFO  http.HttpServer2 (HttpServer2.java:bindListener(1191)) - Jetty bound to port 36997
2019-06-12 13:50:58,024 INFO  server.Server (Server.java:doStart(351)) - jetty-9.3.24.v20180605, build timestamp: 2018-06-05T17:11:56Z, git hash: 84205aa28f11a4f31f2a3b86d1bba2cc8ab69827
2019-06-12 13:50:58,025 INFO  handler.ContextHandler (ContextHandler.java:doStart(781)) - Started o.e.j.s.ServletContextHandler@7aaa4502{/logs,file:///opt/src/hadoop-ozone/integration-test/target/log,AVAILABLE}
2019-06-12 13:50:58,025 INFO  handler.ContextHandler (ContextHandler.java:doStart(781)) - Started o.e.j.s.ServletContextHandler@30536dda{/static,file:///opt/src/hadoop-ozone/integration-test/target/test-classes/webapps/static,AVAILABLE}
2019-06-12 13:50:58,028 INFO  handler.ContextHandler (ContextHandler.java:doStart(781)) - Started o.e.j.w.WebAppContext@1451f6a7{/,file:///opt/src/hadoop-ozone/integration-test/target/test-classes/webapps/scm/,AVAILABLE}{/scm}
2019-06-12 13:50:58,029 INFO  server.AbstractConnector (AbstractConnector.java:doStart(278)) - Started ServerConnector@6855f727{HTTP/1.1,[http/1.1]}{0.0.0.0:36997}
2019-06-12 13:50:58,029 INFO  server.Server (Server.java:doStart(419)) - Started @23638ms
2019-06-12 13:50:58,030 INFO  server.BaseHttpServer (BaseHttpServer.java:updateConnectorAddress(207)) - HTTP server of SCM is listening at http://0.0.0.0:36997
2019-06-12 13:50:58,031 WARN  scm.ScmUtils (ScmUtils.java:getDBPath(63)) - ozone.om.db.dirs is not configured. We recommend adding this setting. Falling back to ozone.metadata.dirs instead.
2019-06-12 13:50:58,031 INFO  util.JvmPauseMonitor (JvmPauseMonitor.java:run(188)) - Starting JVM pause monitor
2019-06-12 13:50:58,033 WARN  scm.ScmUtils (ScmUtils.java:getDBPath(63)) - ozone.om.db.dirs is not configured. We recommend adding this setting. Falling back to ozone.metadata.dirs instead.
2019-06-12 13:50:58,034 INFO  om.OzoneManager (OzoneManager.java:setOMNodeDetails(519)) - OM Service ID is not set. Setting it to the default ID: omServiceIdDefault
2019-06-12 13:50:58,034 INFO  om.OzoneManager (OzoneManager.java:setOMNodeDetails(525)) - OM Node ID is not set. Setting it to the OmStorage's OmID: 6fe2fbfd-0da5-4d71-a929-b8ee20e16c48
2019-06-12 13:50:58,034 WARN  scm.HddsServerUtil (HddsServerUtil.java:getDefaultRatisDirectory(354)) - Storage directory for Ratis is not configured. It is a good idea to map this to an SSD disk. Falling back to ozone.metadata.dirs
2019-06-12 13:50:58,034 WARN  scm.HddsServerUtil (HddsServerUtil.java:getDefaultRatisDirectory(354)) - Storage directory for Ratis is not configured. It is a good idea to map this to an SSD disk. Falling back to ozone.metadata.dirs
2019-06-12 13:50:58,034 INFO  om.OzoneManager (OzoneManager.java:loadOMHAConfigs(476)) - Found matching OM address with OMServiceId: null, OMNodeId: null, RPC Address: localhost:0 and Ratis port: 9872
2019-06-12 13:50:58,039 WARN  scm.ScmUtils (ScmUtils.java:getDBPath(63)) - ozone.om.db.dirs is not configured. We recommend adding this setting. Falling back to ozone.metadata.dirs instead.
2019-06-12 13:50:58,039 INFO  db.DBStoreBuilder (DBStoreBuilder.java:addTable(110)) - using custom profile for table: userTable
2019-06-12 13:50:58,040 INFO  db.DBStoreBuilder (DBStoreBuilder.java:processTables(161)) - Using default column profile:DBProfile.DISK for Table:userTable
2019-06-12 13:50:58,040 INFO  db.DBStoreBuilder (DBStoreBuilder.java:addTable(110)) - using custom profile for table: volumeTable
2019-06-12 13:50:58,040 INFO  db.DBStoreBuilder (DBStoreBuilder.java:processTables(161)) - Using default column profile:DBProfile.DISK for Table:volumeTable
2019-06-12 13:50:58,040 INFO  db.DBStoreBuilder (DBStoreBuilder.java:addTable(110)) - using custom profile for table: bucketTable
2019-06-12 13:50:58,040 INFO  db.DBStoreBuilder (DBStoreBuilder.java:processTables(161)) - Using default column profile:DBProfile.DISK for Table:bucketTable
2019-06-12 13:50:58,040 INFO  db.DBStoreBuilder (DBStoreBuilder.java:addTable(110)) - using custom profile for table: keyTable
2019-06-12 13:50:58,040 INFO  db.DBStoreBuilder (DBStoreBuilder.java:processTables(161)) - Using default column profile:DBProfile.DISK for Table:keyTable
2019-06-12 13:50:58,041 INFO  db.DBStoreBuilder (DBStoreBuilder.java:addTable(110)) - using custom profile for table: deletedTable
2019-06-12 13:50:58,041 INFO  db.DBStoreBuilder (DBStoreBuilder.java:processTables(161)) - Using default column profile:DBProfile.DISK for Table:deletedTable
2019-06-12 13:50:58,041 INFO  db.DBStoreBuilder (DBStoreBuilder.java:addTable(110)) - using custom profile for table: openKeyTable
2019-06-12 13:50:58,041 INFO  db.DBStoreBuilder (DBStoreBuilder.java:processTables(161)) - Using default column profile:DBProfile.DISK for Table:openKeyTable
2019-06-12 13:50:58,041 INFO  db.DBStoreBuilder (DBStoreBuilder.java:addTable(110)) - using custom profile for table: s3Table
2019-06-12 13:50:58,041 INFO  db.DBStoreBuilder (DBStoreBuilder.java:processTables(161)) - Using default column profile:DBProfile.DISK for Table:s3Table
2019-06-12 13:50:58,041 INFO  db.DBStoreBuilder (DBStoreBuilder.java:addTable(110)) - using custom profile for table: multipartInfoTable
2019-06-12 13:50:58,041 INFO  db.DBStoreBuilder (DBStoreBuilder.java:processTables(161)) - Using default column profile:DBProfile.DISK for Table:multipartInfoTable
2019-06-12 13:50:58,042 INFO  db.DBStoreBuilder (DBStoreBuilder.java:addTable(110)) - using custom profile for table: dTokenTable
2019-06-12 13:50:58,042 INFO  db.DBStoreBuilder (DBStoreBuilder.java:processTables(161)) - Using default column profile:DBProfile.DISK for Table:dTokenTable
2019-06-12 13:50:58,042 INFO  db.DBStoreBuilder (DBStoreBuilder.java:addTable(110)) - using custom profile for table: s3SecretTable
2019-06-12 13:50:58,042 INFO  db.DBStoreBuilder (DBStoreBuilder.java:processTables(161)) - Using default column profile:DBProfile.DISK for Table:s3SecretTable
2019-06-12 13:50:58,042 INFO  db.DBStoreBuilder (DBStoreBuilder.java:addTable(110)) - using custom profile for table: prefixTable
2019-06-12 13:50:58,042 INFO  db.DBStoreBuilder (DBStoreBuilder.java:processTables(161)) - Using default column profile:DBProfile.DISK for Table:prefixTable
2019-06-12 13:50:58,042 INFO  db.DBStoreBuilder (DBStoreBuilder.java:addTable(110)) - using custom profile for table: default
2019-06-12 13:50:58,043 INFO  db.DBStoreBuilder (DBStoreBuilder.java:processTables(167)) - Using default column profile:DBProfile.DISK for Table:default
2019-06-12 13:50:58,043 INFO  db.DBStoreBuilder (DBStoreBuilder.java:getDbProfile(198)) - Using default options. DBProfile.DISK
2019-06-12 13:50:58,182 INFO  ipc.CallQueueManager (CallQueueManager.java:<init>(84)) - Using callQueue: class java.util.concurrent.LinkedBlockingQueue, queueCapacity: 2000, scheduler: class org.apache.hadoop.ipc.DefaultRpcScheduler, ipcBackoff: false.
2019-06-12 13:50:58,183 INFO  ipc.Server (Server.java:run(1074)) - Starting Socket Reader #1 for port 45787
2019-06-12 13:50:58,195 WARN  scm.ScmUtils (ScmUtils.java:getDBPath(63)) - ozone.om.db.dirs is not configured. We recommend adding this setting. Falling back to ozone.metadata.dirs instead.
2019-06-12 13:50:58,195 INFO  om.OzoneManager (OzoneManager.java:start(1217)) - OzoneManager RPC server is listening at localhost/127.0.0.1:45787
2019-06-12 13:50:58,195 INFO  impl.MetricsSystemImpl (MetricsSystemImpl.java:init(158)) - OzoneManager metrics system started (again)
2019-06-12 13:50:58,195 INFO  ipc.Server (Server.java:run(1314)) - IPC Server Responder: starting
2019-06-12 13:50:58,195 INFO  ipc.Server (Server.java:run(1153)) - IPC Server listener on 45787: starting
2019-06-12 13:50:58,200 INFO  hdfs.DFSUtil (DFSUtil.java:httpServerTemplateForNNAndJN(1641)) - Starting Web-server for ozoneManager at: http://0.0.0.0:0
2019-06-12 13:50:58,201 INFO  server.AuthenticationFilter (AuthenticationFilter.java:constructSecretProvider(240)) - Unable to initialize FileSignerSecretProvider, falling back to use random secrets.
2019-06-12 13:50:58,201 WARN  http.HttpRequestLog (HttpRequestLog.java:getRequestLog(97)) - Jetty request log can only be enabled using Log4j
2019-06-12 13:50:58,202 INFO  http.HttpServer2 (HttpServer2.java:addGlobalFilter(975)) - Added global filter 'safety' (class=org.apache.hadoop.http.HttpServer2$QuotingInputFilter)
2019-06-12 13:50:58,203 INFO  http.HttpServer2 (HttpServer2.java:addFilter(948)) - Added filter static_user_filter (class=org.apache.hadoop.http.lib.StaticUserWebFilter$StaticUserFilter) to context ozoneManager
2019-06-12 13:50:58,203 INFO  http.HttpServer2 (HttpServer2.java:addFilter(958)) - Added filter static_user_filter (class=org.apache.hadoop.http.lib.StaticUserWebFilter$StaticUserFilter) to context static
2019-06-12 13:50:58,203 INFO  http.HttpServer2 (HttpServer2.java:addFilter(958)) - Added filter static_user_filter (class=org.apache.hadoop.http.lib.StaticUserWebFilter$StaticUserFilter) to context logs
2019-06-12 13:50:58,203 INFO  http.HttpServer2 (HttpServer2.java:bindListener(1191)) - Jetty bound to port 37767
2019-06-12 13:50:58,203 INFO  server.Server (Server.java:doStart(351)) - jetty-9.3.24.v20180605, build timestamp: 2018-06-05T17:11:56Z, git hash: 84205aa28f11a4f31f2a3b86d1bba2cc8ab69827
2019-06-12 13:50:58,206 INFO  handler.ContextHandler (ContextHandler.java:doStart(781)) - Started o.e.j.s.ServletContextHandler@699ce3c2{/logs,file:///opt/src/hadoop-ozone/integration-test/target/log,AVAILABLE}
2019-06-12 13:50:58,207 INFO  handler.ContextHandler (ContextHandler.java:doStart(781)) - Started o.e.j.s.ServletContextHandler@36ebb55c{/static,file:///opt/src/hadoop-ozone/integration-test/target/test-classes/webapps/static,AVAILABLE}
2019-06-12 13:50:58,209 INFO  handler.ContextHandler (ContextHandler.java:doStart(781)) - Started o.e.j.w.WebAppContext@65dc1c17{/,file:///opt/src/hadoop-ozone/integration-test/target/test-classes/webapps/ozoneManager/,AVAILABLE}{/ozoneManager}
2019-06-12 13:50:58,209 INFO  server.AbstractConnector (AbstractConnector.java:doStart(278)) - Started ServerConnector@1552dc3f{HTTP/1.1,[http/1.1]}{0.0.0.0:37767}
2019-06-12 13:50:58,210 INFO  server.Server (Server.java:doStart(419)) - Started @23819ms
2019-06-12 13:50:58,211 INFO  server.BaseHttpServer (BaseHttpServer.java:updateConnectorAddress(207)) - HTTP server of OZONEMANAGER is listening at http://0.0.0.0:37767
2019-06-12 13:50:58,212 INFO  impl.MetricsSystemImpl (MetricsSystemImpl.java:init(158)) - HddsDatanode metrics system started (again)
2019-06-12 13:50:58,213 INFO  ozone.HddsDatanodeService (HddsDatanodeService.java:start(185)) - HddsDatanodeService host:ozone-5qnff-1533938733 ip:192.168.11.194
2019-06-12 13:50:58,223 INFO  volume.HddsVolume (HddsVolume.java:<init>(176)) - Creating Volume: /opt/src/hadoop-ozone/integration-test/target/test-dir/MiniOzoneClusterImpl-c318ed5c-8950-4a6c-8aeb-779a8deb068f/datanode-0/data/containers/hdds of  storage type : DISK and capacity : 104021790720
2019-06-12 13:50:58,224 INFO  volume.VolumeSet (VolumeSet.java:initializeVolumeSet(170)) - Added Volume : /opt/src/hadoop-ozone/integration-test/target/test-dir/MiniOzoneClusterImpl-c318ed5c-8950-4a6c-8aeb-779a8deb068f/datanode-0/data/containers/hdds to VolumeSet
2019-06-12 13:50:58,224 INFO  volume.ThrottledAsyncChecker (ThrottledAsyncChecker.java:schedule(140)) - Scheduling a check for org.apache.hadoop.ozone.container.common.volume.HddsVolume@362aee3
2019-06-12 13:50:58,224 INFO  volume.HddsVolumeChecker (HddsVolumeChecker.java:checkAllVolumes(203)) - Scheduled health check for volume org.apache.hadoop.ozone.container.common.volume.HddsVolume@362aee3
2019-06-12 13:50:58,234 INFO  ratis.XceiverServerRatis (XceiverServerRatis.java:newXceiverServerRatis(401)) - Found a free port for the server : 42131
2019-06-12 13:50:58,235 INFO  impl.RaftServerProxy (ConfUtils.java:logGet(43)) - raft.rpc.type = GRPC (default)
2019-06-12 13:50:58,235 INFO  grpc.GrpcConfigKeys$Server (ConfUtils.java:logGet(43)) - raft.grpc.server.port = 42131 (custom)
2019-06-12 13:50:58,236 INFO  server.GrpcService (ConfUtils.java:logGet(43)) - raft.grpc.message.size.max = 33570816 (custom)
2019-06-12 13:50:58,236 INFO  server.RaftServerConfigKeys (ConfUtils.java:logGet(43)) - raft.server.log.appender.buffer.byte-limit = 33554432 (custom)
2019-06-12 13:50:58,236 INFO  server.GrpcService (ConfUtils.java:logGet(43)) - raft.grpc.flow.control.window = 1MB (=1048576) (default)
2019-06-12 13:50:58,236 INFO  server.RaftServerConfigKeys (ConfUtils.java:logGet(43)) - raft.server.rpc.request.timeout = 3000ms (default)
2019-06-12 13:50:58,237 INFO  server.RaftServerConfigKeys (ConfUtils.java:logGet(43)) - raft.server.storage.dir = [/opt/src/hadoop-ozone/integration-test/target/test-dir/MiniOzoneClusterImpl-c318ed5c-8950-4a6c-8aeb-779a8deb068f/datanode-0/data/ratis] (custom)
2019-06-12 13:50:58,237 INFO  server.XceiverServerGrpc (XceiverServerGrpc.java:<init>(97)) - Found a free port for the server : 33041
2019-06-12 13:50:58,237 INFO  replication.SimpleContainerDownloader (SimpleContainerDownloader.java:<init>(72)) - Starting container downloader service to copy containers to replicate.
2019-06-12 13:50:58,238 INFO  hdfs.DFSUtil (DFSUtil.java:httpServerTemplateForNNAndJN(1641)) - Starting Web-server for hddsDatanode at: http://0.0.0.0:0
2019-06-12 13:50:58,239 INFO  server.AuthenticationFilter (AuthenticationFilter.java:constructSecretProvider(240)) - Unable to initialize FileSignerSecretProvider, falling back to use random secrets.
2019-06-12 13:50:58,239 WARN  http.HttpRequestLog (HttpRequestLog.java:getRequestLog(97)) - Jetty request log can only be enabled using Log4j
2019-06-12 13:50:58,240 INFO  http.HttpServer2 (HttpServer2.java:addGlobalFilter(975)) - Added global filter 'safety' (class=org.apache.hadoop.http.HttpServer2$QuotingInputFilter)
2019-06-12 13:50:58,241 INFO  http.HttpServer2 (HttpServer2.java:addFilter(948)) - Added filter static_user_filter (class=org.apache.hadoop.http.lib.StaticUserWebFilter$StaticUserFilter) to context hddsDatanode
2019-06-12 13:50:58,241 INFO  http.HttpServer2 (HttpServer2.java:addFilter(958)) - Added filter static_user_filter (class=org.apache.hadoop.http.lib.StaticUserWebFilter$StaticUserFilter) to context logs
2019-06-12 13:50:58,241 INFO  http.HttpServer2 (HttpServer2.java:addFilter(958)) - Added filter static_user_filter (class=org.apache.hadoop.http.lib.StaticUserWebFilter$StaticUserFilter) to context static
2019-06-12 13:50:58,241 INFO  http.HttpServer2 (HttpServer2.java:bindListener(1191)) - Jetty bound to port 41287
2019-06-12 13:50:58,241 INFO  server.Server (Server.java:doStart(351)) - jetty-9.3.24.v20180605, build timestamp: 2018-06-05T17:11:56Z, git hash: 84205aa28f11a4f31f2a3b86d1bba2cc8ab69827
2019-06-12 13:50:58,247 INFO  handler.ContextHandler (ContextHandler.java:doStart(781)) - Started o.e.j.s.ServletContextHandler@76b8ea39{/logs,file:///opt/src/hadoop-ozone/integration-test/target/log,AVAILABLE}
2019-06-12 13:50:58,248 INFO  handler.ContextHandler (ContextHandler.java:doStart(781)) - Started o.e.j.s.ServletContextHandler@555dd6f6{/static,jar:file:/root/.m2/repository/org/apache/hadoop/hadoop-hdds-container-service/0.5.0-SNAPSHOT/hadoop-hdds-container-service-0.5.0-SNAPSHOT.jar!/webapps/static,AVAILABLE}
2019-06-12 13:50:58,277 INFO  handler.ContextHandler (ContextHandler.java:doStart(781)) - Started o.e.j.w.WebAppContext@286030bf{/,file:///tmp/jetty-0.0.0.0-41287-hddsDatanode-_-any-5890163446532068262.dir/webapp/,AVAILABLE}{/hddsDatanode}
2019-06-12 13:50:58,278 INFO  server.AbstractConnector (AbstractConnector.java:doStart(278)) - Started ServerConnector@3aa66fbf{HTTP/1.1,[http/1.1]}{0.0.0.0:41287}
2019-06-12 13:50:58,278 INFO  server.Server (Server.java:doStart(419)) - Started @23887ms
2019-06-12 13:50:58,279 INFO  server.BaseHttpServer (BaseHttpServer.java:updateConnectorAddress(207)) - HTTP server of HDDSDATANODE is listening at http://0.0.0.0:41287
2019-06-12 13:50:58,383 INFO  ozone.HddsDatanodeService (HddsDatanodeService.java:startPlugins(396)) - Started plug-in org.apache.hadoop.ozone.web.OzoneHddsDatanodeService@306ffdb7
2019-06-12 13:50:58,384 INFO  ozone.MiniOzoneClusterImpl (MiniOzoneClusterImpl.java:lambda$waitForClusterToBeReady$0(142)) - Waiting for cluster to be ready. Got 0 of 1 DN Heartbeats.
2019-06-12 13:50:58,385 INFO  util.JvmPauseMonitor (JvmPauseMonitor.java:run(188)) - Starting JVM pause monitor
2019-06-12 13:50:58,386 INFO  datanode.InitDatanodeState (InitDatanodeState.java:persistContainerDatanodeDetails(140)) - DatanodeDetails is persisted to /opt/src/hadoop-ozone/integration-test/target/test-dir/MiniOzoneClusterImpl-c318ed5c-8950-4a6c-8aeb-779a8deb068f/datanode-0/meta/datanode.id
2019-06-12 13:50:58,560 INFO  background.BlockDeletingService (BlockDeletingService.java:getTasks(123)) - Plan to choose 10 containers for block deletion, actually returns 5 valid containers.
2019-06-12 13:50:58,560 ERROR utils.ContainerCache (ContainerCache.java:getDB(137)) - Error opening DB. Container:1 ContainerPath:/opt/src/hadoop-ozone/integration-test/target/test-dir/MiniOzoneClusterImpl-869c8c0d-6a5a-4d77-b402-f67e80feef85/datanode-0/data/containers/hdds/02d1f6b8-f026-4f59-9974-24481a7be2f4/current/containerDir0/1/metadata/1-dn-container.db
java.io.IOException: Failed init RocksDB, db path : /opt/src/hadoop-ozone/integration-test/target/test-dir/MiniOzoneClusterImpl-869c8c0d-6a5a-4d77-b402-f67e80feef85/datanode-0/data/containers/hdds/02d1f6b8-f026-4f59-9974-24481a7be2f4/current/containerDir0/1/metadata/1-dn-container.db
	at org.apache.hadoop.utils.RocksDBStore.<init>(RocksDBStore.java:87)
	at org.apache.hadoop.utils.MetadataStoreBuilder.build(MetadataStoreBuilder.java:137)
	at org.apache.hadoop.ozone.container.common.utils.ContainerCache.getDB(ContainerCache.java:129)
	at org.apache.hadoop.ozone.container.keyvalue.helpers.BlockUtils.getDB(BlockUtils.java:77)
	at org.apache.hadoop.ozone.container.keyvalue.statemachine.background.BlockDeletingService$BlockDeletingTask.call(BlockDeletingService.java:188)
	at org.apache.hadoop.ozone.container.keyvalue.statemachine.background.BlockDeletingService$BlockDeletingTask.call(BlockDeletingService.java:172)
	at java.util.concurrent.FutureTask.run(FutureTask.java:266)
	at java.util.concurrent.Executors$RunnableAdapter.call(Executors.java:511)
	at java.util.concurrent.FutureTask.run(FutureTask.java:266)
	at java.util.concurrent.Executors$RunnableAdapter.call(Executors.java:511)
	at java.util.concurrent.FutureTask.run(FutureTask.java:266)
	at java.util.concurrent.ScheduledThreadPoolExecutor$ScheduledFutureTask.access$201(ScheduledThreadPoolExecutor.java:180)
	at java.util.concurrent.ScheduledThreadPoolExecutor$ScheduledFutureTask.run(ScheduledThreadPoolExecutor.java:293)
	at java.util.concurrent.ThreadPoolExecutor.runWorker(ThreadPoolExecutor.java:1149)
	at java.util.concurrent.ThreadPoolExecutor$Worker.run(ThreadPoolExecutor.java:624)
	at java.lang.Thread.run(Thread.java:748)
Caused by: org.rocksdb.RocksDBException: While mkdir if missing: /opt/src/hadoop-ozone/integration-test/target/test-dir/MiniOzoneClusterImpl-869c8c0d-6a5a-4d77-b402-f67e80feef85/datanode-0/data/containers/hdds/02d1f6b8-f026-4f59-9974-24481a7be2f4/current/containerDir0/1/metadata/1-dn-container.db: No such file or directory
	at org.rocksdb.RocksDB.open(Native Method)
	at org.rocksdb.RocksDB.open(RocksDB.java:231)
	at org.apache.hadoop.utils.RocksDBStore.<init>(RocksDBStore.java:71)
	... 15 more
2019-06-12 13:50:58,561 ERROR utils.ContainerCache (ContainerCache.java:getDB(137)) - Error opening DB. Container:5 ContainerPath:/opt/src/hadoop-ozone/integration-test/target/test-dir/MiniOzoneClusterImpl-869c8c0d-6a5a-4d77-b402-f67e80feef85/datanode-0/data/containers/hdds/02d1f6b8-f026-4f59-9974-24481a7be2f4/current/containerDir0/5/metadata/5-dn-container.db
java.io.IOException: Failed init RocksDB, db path : /opt/src/hadoop-ozone/integration-test/target/test-dir/MiniOzoneClusterImpl-869c8c0d-6a5a-4d77-b402-f67e80feef85/datanode-0/data/containers/hdds/02d1f6b8-f026-4f59-9974-24481a7be2f4/current/containerDir0/5/metadata/5-dn-container.db
	at org.apache.hadoop.utils.RocksDBStore.<init>(RocksDBStore.java:87)
	at org.apache.hadoop.utils.MetadataStoreBuilder.build(MetadataStoreBuilder.java:137)
	at org.apache.hadoop.ozone.container.common.utils.ContainerCache.getDB(ContainerCache.java:129)
	at org.apache.hadoop.ozone.container.keyvalue.helpers.BlockUtils.getDB(BlockUtils.java:77)
	at org.apache.hadoop.ozone.container.keyvalue.statemachine.background.BlockDeletingService$BlockDeletingTask.call(BlockDeletingService.java:188)
	at org.apache.hadoop.ozone.container.keyvalue.statemachine.background.BlockDeletingService$BlockDeletingTask.call(BlockDeletingService.java:172)
	at java.util.concurrent.FutureTask.run(FutureTask.java:266)
	at java.util.concurrent.Executors$RunnableAdapter.call(Executors.java:511)
	at java.util.concurrent.FutureTask.run(FutureTask.java:266)
	at java.util.concurrent.Executors$RunnableAdapter.call(Executors.java:511)
	at java.util.concurrent.FutureTask.run(FutureTask.java:266)
	at java.util.concurrent.ScheduledThreadPoolExecutor$ScheduledFutureTask.access$201(ScheduledThreadPoolExecutor.java:180)
	at java.util.concurrent.ScheduledThreadPoolExecutor$ScheduledFutureTask.run(ScheduledThreadPoolExecutor.java:293)
	at java.util.concurrent.ThreadPoolExecutor.runWorker(ThreadPoolExecutor.java:1149)
	at java.util.concurrent.ThreadPoolExecutor$Worker.run(ThreadPoolExecutor.java:624)
	at java.lang.Thread.run(Thread.java:748)
Caused by: org.rocksdb.RocksDBException: While mkdir if missing: /opt/src/hadoop-ozone/integration-test/target/test-dir/MiniOzoneClusterImpl-869c8c0d-6a5a-4d77-b402-f67e80feef85/datanode-0/data/containers/hdds/02d1f6b8-f026-4f59-9974-24481a7be2f4/current/containerDir0/5/metadata/5-dn-container.db: No such file or directory
	at org.rocksdb.RocksDB.open(Native Method)
	at org.rocksdb.RocksDB.open(RocksDB.java:231)
	at org.apache.hadoop.utils.RocksDBStore.<init>(RocksDBStore.java:71)
	... 15 more
2019-06-12 13:50:58,561 WARN  utils.BackgroundService (BackgroundService.java:lambda$run$0(135)) - Background task fails to execute, retrying in next interval
java.util.concurrent.ExecutionException: org.apache.hadoop.hdds.scm.container.common.helpers.StorageContainerException: Error opening DB. Container:5 ContainerPath:/opt/src/hadoop-ozone/integration-test/target/test-dir/MiniOzoneClusterImpl-869c8c0d-6a5a-4d77-b402-f67e80feef85/datanode-0/data/containers/hdds/02d1f6b8-f026-4f59-9974-24481a7be2f4/current/containerDir0/5/metadata/5-dn-container.db
	at java.util.concurrent.FutureTask.report(FutureTask.java:122)
	at java.util.concurrent.FutureTask.get(FutureTask.java:206)
	at org.apache.hadoop.utils.BackgroundService$PeriodicalTask.lambda$run$0(BackgroundService.java:129)
	at java.util.stream.ForEachOps$ForEachOp$OfRef.accept(ForEachOps.java:184)
	at java.util.ArrayList$ArrayListSpliterator.forEachRemaining(ArrayList.java:1382)
	at java.util.stream.AbstractPipeline.copyInto(AbstractPipeline.java:482)
	at java.util.stream.ForEachOps$ForEachTask.compute(ForEachOps.java:291)
	at java.util.concurrent.CountedCompleter.exec(CountedCompleter.java:731)
	at java.util.concurrent.ForkJoinTask.doExec(ForkJoinTask.java:289)
	at java.util.concurrent.ForkJoinPool$WorkQueue.runTask(ForkJoinPool.java:1056)
	at java.util.concurrent.ForkJoinPool.runWorker(ForkJoinPool.java:1692)
	at java.util.concurrent.ForkJoinWorkerThread.run(ForkJoinWorkerThread.java:157)
Caused by: org.apache.hadoop.hdds.scm.container.common.helpers.StorageContainerException: Error opening DB. Container:5 ContainerPath:/opt/src/hadoop-ozone/integration-test/target/test-dir/MiniOzoneClusterImpl-869c8c0d-6a5a-4d77-b402-f67e80feef85/datanode-0/data/containers/hdds/02d1f6b8-f026-4f59-9974-24481a7be2f4/current/containerDir0/5/metadata/5-dn-container.db
	at org.apache.hadoop.ozone.container.keyvalue.helpers.BlockUtils.getDB(BlockUtils.java:84)
	at org.apache.hadoop.ozone.container.keyvalue.statemachine.background.BlockDeletingService$BlockDeletingTask.call(BlockDeletingService.java:188)
	at org.apache.hadoop.ozone.container.keyvalue.statemachine.background.BlockDeletingService$BlockDeletingTask.call(BlockDeletingService.java:172)
	at java.util.concurrent.FutureTask.run(FutureTask.java:266)
	at java.util.concurrent.Executors$RunnableAdapter.call(Executors.java:511)
	at java.util.concurrent.FutureTask.run(FutureTask.java:266)
	at java.util.concurrent.Executors$RunnableAdapter.call(Executors.java:511)
	at java.util.concurrent.FutureTask.run(FutureTask.java:266)
	at java.util.concurrent.ScheduledThreadPoolExecutor$ScheduledFutureTask.access$201(ScheduledThreadPoolExecutor.java:180)
	at java.util.concurrent.ScheduledThreadPoolExecutor$ScheduledFutureTask.run(ScheduledThreadPoolExecutor.java:293)
	at java.util.concurrent.ThreadPoolExecutor.runWorker(ThreadPoolExecutor.java:1149)
	at java.util.concurrent.ThreadPoolExecutor$Worker.run(ThreadPoolExecutor.java:624)
	at java.lang.Thread.run(Thread.java:748)
2019-06-12 13:50:58,562 ERROR utils.ContainerCache (ContainerCache.java:getDB(137)) - Error opening DB. Container:4 ContainerPath:/opt/src/hadoop-ozone/integration-test/target/test-dir/MiniOzoneClusterImpl-869c8c0d-6a5a-4d77-b402-f67e80feef85/datanode-0/data/containers/hdds/02d1f6b8-f026-4f59-9974-24481a7be2f4/current/containerDir0/4/metadata/4-dn-container.db
java.io.IOException: Failed init RocksDB, db path : /opt/src/hadoop-ozone/integration-test/target/test-dir/MiniOzoneClusterImpl-869c8c0d-6a5a-4d77-b402-f67e80feef85/datanode-0/data/containers/hdds/02d1f6b8-f026-4f59-9974-24481a7be2f4/current/containerDir0/4/metadata/4-dn-container.db
	at org.apache.hadoop.utils.RocksDBStore.<init>(RocksDBStore.java:87)
	at org.apache.hadoop.utils.MetadataStoreBuilder.build(MetadataStoreBuilder.java:137)
	at org.apache.hadoop.ozone.container.common.utils.ContainerCache.getDB(ContainerCache.java:129)
	at org.apache.hadoop.ozone.container.keyvalue.helpers.BlockUtils.getDB(BlockUtils.java:77)
	at org.apache.hadoop.ozone.container.keyvalue.statemachine.background.BlockDeletingService$BlockDeletingTask.call(BlockDeletingService.java:188)
	at org.apache.hadoop.ozone.container.keyvalue.statemachine.background.BlockDeletingService$BlockDeletingTask.call(BlockDeletingService.java:172)
	at java.util.concurrent.FutureTask.run(FutureTask.java:266)
	at java.util.concurrent.Executors$RunnableAdapter.call(Executors.java:511)
	at java.util.concurrent.FutureTask.run(FutureTask.java:266)
	at java.util.concurrent.Executors$RunnableAdapter.call(Executors.java:511)
	at java.util.concurrent.FutureTask.run(FutureTask.java:266)
	at java.util.concurrent.ScheduledThreadPoolExecutor$ScheduledFutureTask.access$201(ScheduledThreadPoolExecutor.java:180)
	at java.util.concurrent.ScheduledThreadPoolExecutor$ScheduledFutureTask.run(ScheduledThreadPoolExecutor.java:293)
	at java.util.concurrent.ThreadPoolExecutor.runWorker(ThreadPoolExecutor.java:1149)
	at java.util.concurrent.ThreadPoolExecutor$Worker.run(ThreadPoolExecutor.java:624)
	at java.lang.Thread.run(Thread.java:748)
Caused by: org.rocksdb.RocksDBException: While mkdir if missing: /opt/src/hadoop-ozone/integration-test/target/test-dir/MiniOzoneClusterImpl-869c8c0d-6a5a-4d77-b402-f67e80feef85/datanode-0/data/containers/hdds/02d1f6b8-f026-4f59-9974-24481a7be2f4/current/containerDir0/4/metadata/4-dn-container.db: No such file or directory
	at org.rocksdb.RocksDB.open(Native Method)
	at org.rocksdb.RocksDB.open(RocksDB.java:231)
	at org.apache.hadoop.utils.RocksDBStore.<init>(RocksDBStore.java:71)
	... 15 more
2019-06-12 13:50:58,562 WARN  utils.BackgroundService (BackgroundService.java:lambda$run$0(135)) - Background task fails to execute, retrying in next interval
java.util.concurrent.ExecutionException: org.apache.hadoop.hdds.scm.container.common.helpers.StorageContainerException: Error opening DB. Container:1 ContainerPath:/opt/src/hadoop-ozone/integration-test/target/test-dir/MiniOzoneClusterImpl-869c8c0d-6a5a-4d77-b402-f67e80feef85/datanode-0/data/containers/hdds/02d1f6b8-f026-4f59-9974-24481a7be2f4/current/containerDir0/1/metadata/1-dn-container.db
	at java.util.concurrent.FutureTask.report(FutureTask.java:122)
	at java.util.concurrent.FutureTask.get(FutureTask.java:206)
	at org.apache.hadoop.utils.BackgroundService$PeriodicalTask.lambda$run$0(BackgroundService.java:129)
	at java.util.stream.ForEachOps$ForEachOp$OfRef.accept(ForEachOps.java:184)
	at java.util.ArrayList$ArrayListSpliterator.forEachRemaining(ArrayList.java:1382)
	at java.util.stream.AbstractPipeline.copyInto(AbstractPipeline.java:482)
	at java.util.stream.ForEachOps$ForEachTask.compute(ForEachOps.java:291)
	at java.util.concurrent.CountedCompleter.exec(CountedCompleter.java:731)
	at java.util.concurrent.ForkJoinTask.doExec(ForkJoinTask.java:289)
	at java.util.concurrent.ForkJoinPool$WorkQueue.execLocalTasks(ForkJoinPool.java:1040)
	at java.util.concurrent.ForkJoinPool$WorkQueue.runTask(ForkJoinPool.java:1058)
	at java.util.concurrent.ForkJoinPool.runWorker(ForkJoinPool.java:1692)
	at java.util.concurrent.ForkJoinWorkerThread.run(ForkJoinWorkerThread.java:157)
Caused by: org.apache.hadoop.hdds.scm.container.common.helpers.StorageContainerException: Error opening DB. Container:1 ContainerPath:/opt/src/hadoop-ozone/integration-test/target/test-dir/MiniOzoneClusterImpl-869c8c0d-6a5a-4d77-b402-f67e80feef85/datanode-0/data/containers/hdds/02d1f6b8-f026-4f59-9974-24481a7be2f4/current/containerDir0/1/metadata/1-dn-container.db
	at org.apache.hadoop.ozone.container.keyvalue.helpers.BlockUtils.getDB(BlockUtils.java:84)
	at org.apache.hadoop.ozone.container.keyvalue.statemachine.background.BlockDeletingService$BlockDeletingTask.call(BlockDeletingService.java:188)
	at org.apache.hadoop.ozone.container.keyvalue.statemachine.background.BlockDeletingService$BlockDeletingTask.call(BlockDeletingService.java:172)
	at java.util.concurrent.FutureTask.run(FutureTask.java:266)
	at java.util.concurrent.Executors$RunnableAdapter.call(Executors.java:511)
	at java.util.concurrent.FutureTask.run(FutureTask.java:266)
	at java.util.concurrent.Executors$RunnableAdapter.call(Executors.java:511)
	at java.util.concurrent.FutureTask.run(FutureTask.java:266)
	at java.util.concurrent.ScheduledThreadPoolExecutor$ScheduledFutureTask.access$201(ScheduledThreadPoolExecutor.java:180)
	at java.util.concurrent.ScheduledThreadPoolExecutor$ScheduledFutureTask.run(ScheduledThreadPoolExecutor.java:293)
	at java.util.concurrent.ThreadPoolExecutor.runWorker(ThreadPoolExecutor.java:1149)
	at java.util.concurrent.ThreadPoolExecutor$Worker.run(ThreadPoolExecutor.java:624)
	at java.lang.Thread.run(Thread.java:748)
2019-06-12 13:50:58,562 WARN  utils.BackgroundService (BackgroundService.java:lambda$run$0(135)) - Background task fails to execute, retrying in next interval
java.util.concurrent.ExecutionException: org.apache.hadoop.hdds.scm.container.common.helpers.StorageContainerException: Error opening DB. Container:4 ContainerPath:/opt/src/hadoop-ozone/integration-test/target/test-dir/MiniOzoneClusterImpl-869c8c0d-6a5a-4d77-b402-f67e80feef85/datanode-0/data/containers/hdds/02d1f6b8-f026-4f59-9974-24481a7be2f4/current/containerDir0/4/metadata/4-dn-container.db
	at java.util.concurrent.FutureTask.report(FutureTask.java:122)
	at java.util.concurrent.FutureTask.get(FutureTask.java:206)
	at org.apache.hadoop.utils.BackgroundService$PeriodicalTask.lambda$run$0(BackgroundService.java:129)
	at java.util.stream.ForEachOps$ForEachOp$OfRef.accept(ForEachOps.java:184)
	at java.util.ArrayList$ArrayListSpliterator.forEachRemaining(ArrayList.java:1382)
	at java.util.stream.AbstractPipeline.copyInto(AbstractPipeline.java:482)
	at java.util.stream.ForEachOps$ForEachTask.compute(ForEachOps.java:291)
	at java.util.concurrent.CountedCompleter.exec(CountedCompleter.java:731)
	at java.util.concurrent.ForkJoinTask.doExec(ForkJoinTask.java:289)
	at java.util.concurrent.ForkJoinTask.doInvoke(ForkJoinTask.java:401)
	at java.util.concurrent.ForkJoinTask.invoke(ForkJoinTask.java:734)
	at java.util.stream.ForEachOps$ForEachOp.evaluateParallel(ForEachOps.java:160)
	at java.util.stream.ForEachOps$ForEachOp$OfRef.evaluateParallel(ForEachOps.java:174)
	at java.util.stream.AbstractPipeline.evaluate(AbstractPipeline.java:233)
	at java.util.stream.ReferencePipeline.forEach(ReferencePipeline.java:418)
	at java.util.stream.ReferencePipeline$Head.forEach(ReferencePipeline.java:583)
	at org.apache.hadoop.utils.BackgroundService$PeriodicalTask.run(BackgroundService.java:125)
	at java.util.concurrent.Executors$RunnableAdapter.call(Executors.java:511)
	at java.util.concurrent.FutureTask.runAndReset(FutureTask.java:308)
	at java.util.concurrent.ScheduledThreadPoolExecutor$ScheduledFutureTask.access$301(ScheduledThreadPoolExecutor.java:180)
	at java.util.concurrent.ScheduledThreadPoolExecutor$ScheduledFutureTask.run(ScheduledThreadPoolExecutor.java:294)
	at java.util.concurrent.ThreadPoolExecutor.runWorker(ThreadPoolExecutor.java:1149)
	at java.util.concurrent.ThreadPoolExecutor$Worker.run(ThreadPoolExecutor.java:624)
	at java.lang.Thread.run(Thread.java:748)
Caused by: org.apache.hadoop.hdds.scm.container.common.helpers.StorageContainerException: Error opening DB. Container:4 ContainerPath:/opt/src/hadoop-ozone/integration-test/target/test-dir/MiniOzoneClusterImpl-869c8c0d-6a5a-4d77-b402-f67e80feef85/datanode-0/data/containers/hdds/02d1f6b8-f026-4f59-9974-24481a7be2f4/current/containerDir0/4/metadata/4-dn-container.db
	at org.apache.hadoop.ozone.container.keyvalue.helpers.BlockUtils.getDB(BlockUtils.java:84)
	at org.apache.hadoop.ozone.container.keyvalue.statemachine.background.BlockDeletingService$BlockDeletingTask.call(BlockDeletingService.java:188)
	at org.apache.hadoop.ozone.container.keyvalue.statemachine.background.BlockDeletingService$BlockDeletingTask.call(BlockDeletingService.java:172)
	at java.util.concurrent.FutureTask.run(FutureTask.java:266)
	at java.util.concurrent.Executors$RunnableAdapter.call(Executors.java:511)
	at java.util.concurrent.FutureTask.run(FutureTask.java:266)
	at java.util.concurrent.Executors$RunnableAdapter.call(Executors.java:511)
	at java.util.concurrent.FutureTask.run(FutureTask.java:266)
	at java.util.concurrent.ScheduledThreadPoolExecutor$ScheduledFutureTask.access$201(ScheduledThreadPoolExecutor.java:180)
	at java.util.concurrent.ScheduledThreadPoolExecutor$ScheduledFutureTask.run(ScheduledThreadPoolExecutor.java:293)
	... 3 more
2019-06-12 13:50:58,562 ERROR utils.ContainerCache (ContainerCache.java:getDB(137)) - Error opening DB. Container:3 ContainerPath:/opt/src/hadoop-ozone/integration-test/target/test-dir/MiniOzoneClusterImpl-869c8c0d-6a5a-4d77-b402-f67e80feef85/datanode-0/data/containers/hdds/02d1f6b8-f026-4f59-9974-24481a7be2f4/current/containerDir0/3/metadata/3-dn-container.db
java.io.IOException: Failed init RocksDB, db path : /opt/src/hadoop-ozone/integration-test/target/test-dir/MiniOzoneClusterImpl-869c8c0d-6a5a-4d77-b402-f67e80feef85/datanode-0/data/containers/hdds/02d1f6b8-f026-4f59-9974-24481a7be2f4/current/containerDir0/3/metadata/3-dn-container.db
	at org.apache.hadoop.utils.RocksDBStore.<init>(RocksDBStore.java:87)
	at org.apache.hadoop.utils.MetadataStoreBuilder.build(MetadataStoreBuilder.java:137)
	at org.apache.hadoop.ozone.container.common.utils.ContainerCache.getDB(ContainerCache.java:129)
	at org.apache.hadoop.ozone.container.keyvalue.helpers.BlockUtils.getDB(BlockUtils.java:77)
	at org.apache.hadoop.ozone.container.keyvalue.statemachine.background.BlockDeletingService$BlockDeletingTask.call(BlockDeletingService.java:188)
	at org.apache.hadoop.ozone.container.keyvalue.statemachine.background.BlockDeletingService$BlockDeletingTask.call(BlockDeletingService.java:172)
	at java.util.concurrent.FutureTask.run(FutureTask.java:266)
	at java.util.concurrent.Executors$RunnableAdapter.call(Executors.java:511)
	at java.util.concurrent.FutureTask.run(FutureTask.java:266)
	at java.util.concurrent.Executors$RunnableAdapter.call(Executors.java:511)
	at java.util.concurrent.FutureTask.run(FutureTask.java:266)
	at java.util.concurrent.ScheduledThreadPoolExecutor$ScheduledFutureTask.access$201(ScheduledThreadPoolExecutor.java:180)
	at java.util.concurrent.ScheduledThreadPoolExecutor$ScheduledFutureTask.run(ScheduledThreadPoolExecutor.java:293)
	at java.util.concurrent.ThreadPoolExecutor.runWorker(ThreadPoolExecutor.java:1149)
	at java.util.concurrent.ThreadPoolExecutor$Worker.run(ThreadPoolExecutor.java:624)
	at java.lang.Thread.run(Thread.java:748)
Caused by: org.rocksdb.RocksDBException: While mkdir if missing: /opt/src/hadoop-ozone/integration-test/target/test-dir/MiniOzoneClusterImpl-869c8c0d-6a5a-4d77-b402-f67e80feef85/datanode-0/data/containers/hdds/02d1f6b8-f026-4f59-9974-24481a7be2f4/current/containerDir0/3/metadata/3-dn-container.db: No such file or directory
	at org.rocksdb.RocksDB.open(Native Method)
	at org.rocksdb.RocksDB.open(RocksDB.java:231)
	at org.apache.hadoop.utils.RocksDBStore.<init>(RocksDBStore.java:71)
	... 15 more
2019-06-12 13:50:58,563 WARN  utils.BackgroundService (BackgroundService.java:lambda$run$0(135)) - Background task fails to execute, retrying in next interval
java.util.concurrent.ExecutionException: org.apache.hadoop.hdds.scm.container.common.helpers.StorageContainerException: Error opening DB. Container:3 ContainerPath:/opt/src/hadoop-ozone/integration-test/target/test-dir/MiniOzoneClusterImpl-869c8c0d-6a5a-4d77-b402-f67e80feef85/datanode-0/data/containers/hdds/02d1f6b8-f026-4f59-9974-24481a7be2f4/current/containerDir0/3/metadata/3-dn-container.db
	at java.util.concurrent.FutureTask.report(FutureTask.java:122)
	at java.util.concurrent.FutureTask.get(FutureTask.java:206)
	at org.apache.hadoop.utils.BackgroundService$PeriodicalTask.lambda$run$0(BackgroundService.java:129)
	at java.util.stream.ForEachOps$ForEachOp$OfRef.accept(ForEachOps.java:184)
	at java.util.ArrayList$ArrayListSpliterator.forEachRemaining(ArrayList.java:1382)
	at java.util.stream.AbstractPipeline.copyInto(AbstractPipeline.java:482)
	at java.util.stream.ForEachOps$ForEachTask.compute(ForEachOps.java:291)
	at java.util.concurrent.CountedCompleter.exec(CountedCompleter.java:731)
	at java.util.concurrent.ForkJoinTask.doExec(ForkJoinTask.java:289)
	at java.util.concurrent.ForkJoinPool$WorkQueue.pollAndExecCC(ForkJoinPool.java:1190)
	at java.util.concurrent.ForkJoinPool.helpComplete(ForkJoinPool.java:1879)
	at java.util.concurrent.ForkJoinPool.externalHelpComplete(ForkJoinPool.java:2467)
	at java.util.concurrent.ForkJoinTask.externalAwaitDone(ForkJoinTask.java:324)
	at java.util.concurrent.ForkJoinTask.doInvoke(ForkJoinTask.java:405)
	at java.util.concurrent.ForkJoinTask.invoke(ForkJoinTask.java:734)
	at java.util.stream.ForEachOps$ForEachOp.evaluateParallel(ForEachOps.java:160)
	at java.util.stream.ForEachOps$ForEachOp$OfRef.evaluateParallel(ForEachOps.java:174)
	at java.util.stream.AbstractPipeline.evaluate(AbstractPipeline.java:233)
	at java.util.stream.ReferencePipeline.forEach(ReferencePipeline.java:418)
	at java.util.stream.ReferencePipeline$Head.forEach(ReferencePipeline.java:583)
	at org.apache.hadoop.utils.BackgroundService$PeriodicalTask.run(BackgroundService.java:125)
	at java.util.concurrent.Executors$RunnableAdapter.call(Executors.java:511)
	at java.util.concurrent.FutureTask.runAndReset(FutureTask.java:308)
	at java.util.concurrent.ScheduledThreadPoolExecutor$ScheduledFutureTask.access$301(ScheduledThreadPoolExecutor.java:180)
	at java.util.concurrent.ScheduledThreadPoolExecutor$ScheduledFutureTask.run(ScheduledThreadPoolExecutor.java:294)
	at java.util.concurrent.ThreadPoolExecutor.runWorker(ThreadPoolExecutor.java:1149)
	at java.util.concurrent.ThreadPoolExecutor$Worker.run(ThreadPoolExecutor.java:624)
	at java.lang.Thread.run(Thread.java:748)
Caused by: org.apache.hadoop.hdds.scm.container.common.helpers.StorageContainerException: Error opening DB. Container:3 ContainerPath:/opt/src/hadoop-ozone/integration-test/target/test-dir/MiniOzoneClusterImpl-869c8c0d-6a5a-4d77-b402-f67e80feef85/datanode-0/data/containers/hdds/02d1f6b8-f026-4f59-9974-24481a7be2f4/current/containerDir0/3/metadata/3-dn-container.db
	at org.apache.hadoop.ozone.container.keyvalue.helpers.BlockUtils.getDB(BlockUtils.java:84)
	at org.apache.hadoop.ozone.container.keyvalue.statemachine.background.BlockDeletingService$BlockDeletingTask.call(BlockDeletingService.java:188)
	at org.apache.hadoop.ozone.container.keyvalue.statemachine.background.BlockDeletingService$BlockDeletingTask.call(BlockDeletingService.java:172)
	at java.util.concurrent.FutureTask.run(FutureTask.java:266)
	at java.util.concurrent.Executors$RunnableAdapter.call(Executors.java:511)
	at java.util.concurrent.FutureTask.run(FutureTask.java:266)
	at java.util.concurrent.Executors$RunnableAdapter.call(Executors.java:511)
	at java.util.concurrent.FutureTask.run(FutureTask.java:266)
	at java.util.concurrent.ScheduledThreadPoolExecutor$ScheduledFutureTask.access$201(ScheduledThreadPoolExecutor.java:180)
	at java.util.concurrent.ScheduledThreadPoolExecutor$ScheduledFutureTask.run(ScheduledThreadPoolExecutor.java:293)
	... 3 more
2019-06-12 13:50:58,563 ERROR utils.ContainerCache (ContainerCache.java:getDB(137)) - Error opening DB. Container:2 ContainerPath:/opt/src/hadoop-ozone/integration-test/target/test-dir/MiniOzoneClusterImpl-869c8c0d-6a5a-4d77-b402-f67e80feef85/datanode-0/data/containers/hdds/02d1f6b8-f026-4f59-9974-24481a7be2f4/current/containerDir0/2/metadata/2-dn-container.db
java.io.IOException: Failed init RocksDB, db path : /opt/src/hadoop-ozone/integration-test/target/test-dir/MiniOzoneClusterImpl-869c8c0d-6a5a-4d77-b402-f67e80feef85/datanode-0/data/containers/hdds/02d1f6b8-f026-4f59-9974-24481a7be2f4/current/containerDir0/2/metadata/2-dn-container.db
	at org.apache.hadoop.utils.RocksDBStore.<init>(RocksDBStore.java:87)
	at org.apache.hadoop.utils.MetadataStoreBuilder.build(MetadataStoreBuilder.java:137)
	at org.apache.hadoop.ozone.container.common.utils.ContainerCache.getDB(ContainerCache.java:129)
	at org.apache.hadoop.ozone.container.keyvalue.helpers.BlockUtils.getDB(BlockUtils.java:77)
	at org.apache.hadoop.ozone.container.keyvalue.statemachine.background.BlockDeletingService$BlockDeletingTask.call(BlockDeletingService.java:188)
	at org.apache.hadoop.ozone.container.keyvalue.statemachine.background.BlockDeletingService$BlockDeletingTask.call(BlockDeletingService.java:172)
	at java.util.concurrent.FutureTask.run(FutureTask.java:266)
	at java.util.concurrent.Executors$RunnableAdapter.call(Executors.java:511)
	at java.util.concurrent.FutureTask.run(FutureTask.java:266)
	at java.util.concurrent.Executors$RunnableAdapter.call(Executors.java:511)
	at java.util.concurrent.FutureTask.run(FutureTask.java:266)
	at java.util.concurrent.ScheduledThreadPoolExecutor$ScheduledFutureTask.access$201(ScheduledThreadPoolExecutor.java:180)
	at java.util.concurrent.ScheduledThreadPoolExecutor$ScheduledFutureTask.run(ScheduledThreadPoolExecutor.java:293)
	at java.util.concurrent.ThreadPoolExecutor.runWorker(ThreadPoolExecutor.java:1149)
	at java.util.concurrent.ThreadPoolExecutor$Worker.run(ThreadPoolExecutor.java:624)
	at java.lang.Thread.run(Thread.java:748)
Caused by: org.rocksdb.RocksDBException: While mkdir if missing: /opt/src/hadoop-ozone/integration-test/target/test-dir/MiniOzoneClusterImpl-869c8c0d-6a5a-4d77-b402-f67e80feef85/datanode-0/data/containers/hdds/02d1f6b8-f026-4f59-9974-24481a7be2f4/current/containerDir0/2/metadata/2-dn-container.db: No such file or directory
	at org.rocksdb.RocksDB.open(Native Method)
	at org.rocksdb.RocksDB.open(RocksDB.java:231)
	at org.apache.hadoop.utils.RocksDBStore.<init>(RocksDBStore.java:71)
	... 15 more
2019-06-12 13:50:58,564 WARN  utils.BackgroundService (BackgroundService.java:lambda$run$0(135)) - Background task fails to execute, retrying in next interval
java.util.concurrent.ExecutionException: org.apache.hadoop.hdds.scm.container.common.helpers.StorageContainerException: Error opening DB. Container:2 ContainerPath:/opt/src/hadoop-ozone/integration-test/target/test-dir/MiniOzoneClusterImpl-869c8c0d-6a5a-4d77-b402-f67e80feef85/datanode-0/data/containers/hdds/02d1f6b8-f026-4f59-9974-24481a7be2f4/current/containerDir0/2/metadata/2-dn-container.db
	at java.util.concurrent.FutureTask.report(FutureTask.java:122)
	at java.util.concurrent.FutureTask.get(FutureTask.java:206)
	at org.apache.hadoop.utils.BackgroundService$PeriodicalTask.lambda$run$0(BackgroundService.java:129)
	at java.util.stream.ForEachOps$ForEachOp$OfRef.accept(ForEachOps.java:184)
	at java.util.ArrayList$ArrayListSpliterator.forEachRemaining(ArrayList.java:1382)
	at java.util.stream.AbstractPipeline.copyInto(AbstractPipeline.java:482)
	at java.util.stream.ForEachOps$ForEachTask.compute(ForEachOps.java:291)
	at java.util.concurrent.CountedCompleter.exec(CountedCompleter.java:731)
	at java.util.concurrent.ForkJoinTask.doExec(ForkJoinTask.java:289)
	at java.util.concurrent.ForkJoinPool$WorkQueue.runTask(ForkJoinPool.java:1056)
	at java.util.concurrent.ForkJoinPool.runWorker(ForkJoinPool.java:1692)
	at java.util.concurrent.ForkJoinWorkerThread.run(ForkJoinWorkerThread.java:157)
Caused by: org.apache.hadoop.hdds.scm.container.common.helpers.StorageContainerException: Error opening DB. Container:2 ContainerPath:/opt/src/hadoop-ozone/integration-test/target/test-dir/MiniOzoneClusterImpl-869c8c0d-6a5a-4d77-b402-f67e80feef85/datanode-0/data/containers/hdds/02d1f6b8-f026-4f59-9974-24481a7be2f4/current/containerDir0/2/metadata/2-dn-container.db
	at org.apache.hadoop.ozone.container.keyvalue.helpers.BlockUtils.getDB(BlockUtils.java:84)
	at org.apache.hadoop.ozone.container.keyvalue.statemachine.background.BlockDeletingService$BlockDeletingTask.call(BlockDeletingService.java:188)
	at org.apache.hadoop.ozone.container.keyvalue.statemachine.background.BlockDeletingService$BlockDeletingTask.call(BlockDeletingService.java:172)
	at java.util.concurrent.FutureTask.run(FutureTask.java:266)
	at java.util.concurrent.Executors$RunnableAdapter.call(Executors.java:511)
	at java.util.concurrent.FutureTask.run(FutureTask.java:266)
	at java.util.concurrent.Executors$RunnableAdapter.call(Executors.java:511)
	at java.util.concurrent.FutureTask.run(FutureTask.java:266)
	at java.util.concurrent.ScheduledThreadPoolExecutor$ScheduledFutureTask.access$201(ScheduledThreadPoolExecutor.java:180)
	at java.util.concurrent.ScheduledThreadPoolExecutor$ScheduledFutureTask.run(ScheduledThreadPoolExecutor.java:293)
	at java.util.concurrent.ThreadPoolExecutor.runWorker(ThreadPoolExecutor.java:1149)
	at java.util.concurrent.ThreadPoolExecutor$Worker.run(ThreadPoolExecutor.java:624)
	at java.lang.Thread.run(Thread.java:748)
2019-06-12 13:50:59,385 INFO  ozone.MiniOzoneClusterImpl (MiniOzoneClusterImpl.java:lambda$waitForClusterToBeReady$0(142)) - Waiting for cluster to be ready. Got 0 of 1 DN Heartbeats.
2019-06-12 13:50:59,564 INFO  background.BlockDeletingService (BlockDeletingService.java:getTasks(123)) - Plan to choose 10 containers for block deletion, actually returns 5 valid containers.
2019-06-12 13:50:59,564 ERROR utils.ContainerCache (ContainerCache.java:getDB(137)) - Error opening DB. Container:1 ContainerPath:/opt/src/hadoop-ozone/integration-test/target/test-dir/MiniOzoneClusterImpl-869c8c0d-6a5a-4d77-b402-f67e80feef85/datanode-0/data/containers/hdds/02d1f6b8-f026-4f59-9974-24481a7be2f4/current/containerDir0/1/metadata/1-dn-container.db
java.io.IOException: Failed init RocksDB, db path : /opt/src/hadoop-ozone/integration-test/target/test-dir/MiniOzoneClusterImpl-869c8c0d-6a5a-4d77-b402-f67e80feef85/datanode-0/data/containers/hdds/02d1f6b8-f026-4f59-9974-24481a7be2f4/current/containerDir0/1/metadata/1-dn-container.db
	at org.apache.hadoop.utils.RocksDBStore.<init>(RocksDBStore.java:87)
	at org.apache.hadoop.utils.MetadataStoreBuilder.build(MetadataStoreBuilder.java:137)
	at org.apache.hadoop.ozone.container.common.utils.ContainerCache.getDB(ContainerCache.java:129)
	at org.apache.hadoop.ozone.container.keyvalue.helpers.BlockUtils.getDB(BlockUtils.java:77)
	at org.apache.hadoop.ozone.container.keyvalue.statemachine.background.BlockDeletingService$BlockDeletingTask.call(BlockDeletingService.java:188)
	at org.apache.hadoop.ozone.container.keyvalue.statemachine.background.BlockDeletingService$BlockDeletingTask.call(BlockDeletingService.java:172)
	at java.util.concurrent.FutureTask.run(FutureTask.java:266)
	at java.util.concurrent.Executors$RunnableAdapter.call(Executors.java:511)
	at java.util.concurrent.FutureTask.run(FutureTask.java:266)
	at java.util.concurrent.Executors$RunnableAdapter.call(Executors.java:511)
	at java.util.concurrent.FutureTask.run(FutureTask.java:266)
	at java.util.concurrent.ScheduledThreadPoolExecutor$ScheduledFutureTask.access$201(ScheduledThreadPoolExecutor.java:180)
	at java.util.concurrent.ScheduledThreadPoolExecutor$ScheduledFutureTask.run(ScheduledThreadPoolExecutor.java:293)
	at java.util.concurrent.ThreadPoolExecutor.runWorker(ThreadPoolExecutor.java:1149)
	at java.util.concurrent.ThreadPoolExecutor$Worker.run(ThreadPoolExecutor.java:624)
	at java.lang.Thread.run(Thread.java:748)
Caused by: org.rocksdb.RocksDBException: While mkdir if missing: /opt/src/hadoop-ozone/integration-test/target/test-dir/MiniOzoneClusterImpl-869c8c0d-6a5a-4d77-b402-f67e80feef85/datanode-0/data/containers/hdds/02d1f6b8-f026-4f59-9974-24481a7be2f4/current/containerDir0/1/metadata/1-dn-container.db: No such file or directory
	at org.rocksdb.RocksDB.open(Native Method)
	at org.rocksdb.RocksDB.open(RocksDB.java:231)
	at org.apache.hadoop.utils.RocksDBStore.<init>(RocksDBStore.java:71)
	... 15 more
2019-06-12 13:50:59,565 ERROR utils.ContainerCache (ContainerCache.java:getDB(137)) - Error opening DB. Container:5 ContainerPath:/opt/src/hadoop-ozone/integration-test/target/test-dir/MiniOzoneClusterImpl-869c8c0d-6a5a-4d77-b402-f67e80feef85/datanode-0/data/containers/hdds/02d1f6b8-f026-4f59-9974-24481a7be2f4/current/containerDir0/5/metadata/5-dn-container.db
java.io.IOException: Failed init RocksDB, db path : /opt/src/hadoop-ozone/integration-test/target/test-dir/MiniOzoneClusterImpl-869c8c0d-6a5a-4d77-b402-f67e80feef85/datanode-0/data/containers/hdds/02d1f6b8-f026-4f59-9974-24481a7be2f4/current/containerDir0/5/metadata/5-dn-container.db
	at org.apache.hadoop.utils.RocksDBStore.<init>(RocksDBStore.java:87)
	at org.apache.hadoop.utils.MetadataStoreBuilder.build(MetadataStoreBuilder.java:137)
	at org.apache.hadoop.ozone.container.common.utils.ContainerCache.getDB(ContainerCache.java:129)
	at org.apache.hadoop.ozone.container.keyvalue.helpers.BlockUtils.getDB(BlockUtils.java:77)
	at org.apache.hadoop.ozone.container.keyvalue.statemachine.background.BlockDeletingService$BlockDeletingTask.call(BlockDeletingService.java:188)
	at org.apache.hadoop.ozone.container.keyvalue.statemachine.background.BlockDeletingService$BlockDeletingTask.call(BlockDeletingService.java:172)
	at java.util.concurrent.FutureTask.run(FutureTask.java:266)
	at java.util.concurrent.Executors$RunnableAdapter.call(Executors.java:511)
	at java.util.concurrent.FutureTask.run(FutureTask.java:266)
	at java.util.concurrent.Executors$RunnableAdapter.call(Executors.java:511)
	at java.util.concurrent.FutureTask.run(FutureTask.java:266)
	at java.util.concurrent.ScheduledThreadPoolExecutor$ScheduledFutureTask.access$201(ScheduledThreadPoolExecutor.java:180)
	at java.util.concurrent.ScheduledThreadPoolExecutor$ScheduledFutureTask.run(ScheduledThreadPoolExecutor.java:293)
	at java.util.concurrent.ThreadPoolExecutor.runWorker(ThreadPoolExecutor.java:1149)
	at java.util.concurrent.ThreadPoolExecutor$Worker.run(ThreadPoolExecutor.java:624)
	at java.lang.Thread.run(Thread.java:748)
Caused by: org.rocksdb.RocksDBException: While mkdir if missing: /opt/src/hadoop-ozone/integration-test/target/test-dir/MiniOzoneClusterImpl-869c8c0d-6a5a-4d77-b402-f67e80feef85/datanode-0/data/containers/hdds/02d1f6b8-f026-4f59-9974-24481a7be2f4/current/containerDir0/5/metadata/5-dn-container.db: No such file or directory
	at org.rocksdb.RocksDB.open(Native Method)
	at org.rocksdb.RocksDB.open(RocksDB.java:231)
	at org.apache.hadoop.utils.RocksDBStore.<init>(RocksDBStore.java:71)
	... 15 more
2019-06-12 13:50:59,565 WARN  utils.BackgroundService (BackgroundService.java:lambda$run$0(135)) - Background task fails to execute, retrying in next interval
java.util.concurrent.ExecutionException: org.apache.hadoop.hdds.scm.container.common.helpers.StorageContainerException: Error opening DB. Container:5 ContainerPath:/opt/src/hadoop-ozone/integration-test/target/test-dir/MiniOzoneClusterImpl-869c8c0d-6a5a-4d77-b402-f67e80feef85/datanode-0/data/containers/hdds/02d1f6b8-f026-4f59-9974-24481a7be2f4/current/containerDir0/5/metadata/5-dn-container.db
	at java.util.concurrent.FutureTask.report(FutureTask.java:122)
	at java.util.concurrent.FutureTask.get(FutureTask.java:206)
	at org.apache.hadoop.utils.BackgroundService$PeriodicalTask.lambda$run$0(BackgroundService.java:129)
	at java.util.stream.ForEachOps$ForEachOp$OfRef.accept(ForEachOps.java:184)
	at java.util.ArrayList$ArrayListSpliterator.forEachRemaining(ArrayList.java:1382)
	at java.util.stream.AbstractPipeline.copyInto(AbstractPipeline.java:482)
	at java.util.stream.ForEachOps$ForEachTask.compute(ForEachOps.java:291)
	at java.util.concurrent.CountedCompleter.exec(CountedCompleter.java:731)
	at java.util.concurrent.ForkJoinTask.doExec(ForkJoinTask.java:289)
	at java.util.concurrent.ForkJoinPool$WorkQueue.runTask(ForkJoinPool.java:1056)
	at java.util.concurrent.ForkJoinPool.runWorker(ForkJoinPool.java:1692)
	at java.util.concurrent.ForkJoinWorkerThread.run(ForkJoinWorkerThread.java:157)
Caused by: org.apache.hadoop.hdds.scm.container.common.helpers.StorageContainerException: Error opening DB. Container:5 ContainerPath:/opt/src/hadoop-ozone/integration-test/target/test-dir/MiniOzoneClusterImpl-869c8c0d-6a5a-4d77-b402-f67e80feef85/datanode-0/data/containers/hdds/02d1f6b8-f026-4f59-9974-24481a7be2f4/current/containerDir0/5/metadata/5-dn-container.db
	at org.apache.hadoop.ozone.container.keyvalue.helpers.BlockUtils.getDB(BlockUtils.java:84)
	at org.apache.hadoop.ozone.container.keyvalue.statemachine.background.BlockDeletingService$BlockDeletingTask.call(BlockDeletingService.java:188)
	at org.apache.hadoop.ozone.container.keyvalue.statemachine.background.BlockDeletingService$BlockDeletingTask.call(BlockDeletingService.java:172)
	at java.util.concurrent.FutureTask.run(FutureTask.java:266)
	at java.util.concurrent.Executors$RunnableAdapter.call(Executors.java:511)
	at java.util.concurrent.FutureTask.run(FutureTask.java:266)
	at java.util.concurrent.Executors$RunnableAdapter.call(Executors.java:511)
	at java.util.concurrent.FutureTask.run(FutureTask.java:266)
	at java.util.concurrent.ScheduledThreadPoolExecutor$ScheduledFutureTask.access$201(ScheduledThreadPoolExecutor.java:180)
	at java.util.concurrent.ScheduledThreadPoolExecutor$ScheduledFutureTask.run(ScheduledThreadPoolExecutor.java:293)
	at java.util.concurrent.ThreadPoolExecutor.runWorker(ThreadPoolExecutor.java:1149)
	at java.util.concurrent.ThreadPoolExecutor$Worker.run(ThreadPoolExecutor.java:624)
	at java.lang.Thread.run(Thread.java:748)
2019-06-12 13:50:59,565 ERROR utils.ContainerCache (ContainerCache.java:getDB(137)) - Error opening DB. Container:4 ContainerPath:/opt/src/hadoop-ozone/integration-test/target/test-dir/MiniOzoneClusterImpl-869c8c0d-6a5a-4d77-b402-f67e80feef85/datanode-0/data/containers/hdds/02d1f6b8-f026-4f59-9974-24481a7be2f4/current/containerDir0/4/metadata/4-dn-container.db
java.io.IOException: Failed init RocksDB, db path : /opt/src/hadoop-ozone/integration-test/target/test-dir/MiniOzoneClusterImpl-869c8c0d-6a5a-4d77-b402-f67e80feef85/datanode-0/data/containers/hdds/02d1f6b8-f026-4f59-9974-24481a7be2f4/current/containerDir0/4/metadata/4-dn-container.db
	at org.apache.hadoop.utils.RocksDBStore.<init>(RocksDBStore.java:87)
	at org.apache.hadoop.utils.MetadataStoreBuilder.build(MetadataStoreBuilder.java:137)
	at org.apache.hadoop.ozone.container.common.utils.ContainerCache.getDB(ContainerCache.java:129)
	at org.apache.hadoop.ozone.container.keyvalue.helpers.BlockUtils.getDB(BlockUtils.java:77)
	at org.apache.hadoop.ozone.container.keyvalue.statemachine.background.BlockDeletingService$BlockDeletingTask.call(BlockDeletingService.java:188)
	at org.apache.hadoop.ozone.container.keyvalue.statemachine.background.BlockDeletingService$BlockDeletingTask.call(BlockDeletingService.java:172)
	at java.util.concurrent.FutureTask.run(FutureTask.java:266)
	at java.util.concurrent.Executors$RunnableAdapter.call(Executors.java:511)
	at java.util.concurrent.FutureTask.run(FutureTask.java:266)
	at java.util.concurrent.Executors$RunnableAdapter.call(Executors.java:511)
	at java.util.concurrent.FutureTask.run(FutureTask.java:266)
	at java.util.concurrent.ScheduledThreadPoolExecutor$ScheduledFutureTask.access$201(ScheduledThreadPoolExecutor.java:180)
	at java.util.concurrent.ScheduledThreadPoolExecutor$ScheduledFutureTask.run(ScheduledThreadPoolExecutor.java:293)
	at java.util.concurrent.ThreadPoolExecutor.runWorker(ThreadPoolExecutor.java:1149)
	at java.util.concurrent.ThreadPoolExecutor$Worker.run(ThreadPoolExecutor.java:624)
	at java.lang.Thread.run(Thread.java:748)
Caused by: org.rocksdb.RocksDBException: While mkdir if missing: /opt/src/hadoop-ozone/integration-test/target/test-dir/MiniOzoneClusterImpl-869c8c0d-6a5a-4d77-b402-f67e80feef85/datanode-0/data/containers/hdds/02d1f6b8-f026-4f59-9974-24481a7be2f4/current/containerDir0/4/metadata/4-dn-container.db: No such file or directory
	at org.rocksdb.RocksDB.open(Native Method)
	at org.rocksdb.RocksDB.open(RocksDB.java:231)
	at org.apache.hadoop.utils.RocksDBStore.<init>(RocksDBStore.java:71)
	... 15 more
2019-06-12 13:50:59,566 WARN  utils.BackgroundService (BackgroundService.java:lambda$run$0(135)) - Background task fails to execute, retrying in next interval
java.util.concurrent.ExecutionException: org.apache.hadoop.hdds.scm.container.common.helpers.StorageContainerException: Error opening DB. Container:1 ContainerPath:/opt/src/hadoop-ozone/integration-test/target/test-dir/MiniOzoneClusterImpl-869c8c0d-6a5a-4d77-b402-f67e80feef85/datanode-0/data/containers/hdds/02d1f6b8-f026-4f59-9974-24481a7be2f4/current/containerDir0/1/metadata/1-dn-container.db
	at java.util.concurrent.FutureTask.report(FutureTask.java:122)
	at java.util.concurrent.FutureTask.get(FutureTask.java:206)
	at org.apache.hadoop.utils.BackgroundService$PeriodicalTask.lambda$run$0(BackgroundService.java:129)
	at java.util.stream.ForEachOps$ForEachOp$OfRef.accept(ForEachOps.java:184)
	at java.util.ArrayList$ArrayListSpliterator.forEachRemaining(ArrayList.java:1382)
	at java.util.stream.AbstractPipeline.copyInto(AbstractPipeline.java:482)
	at java.util.stream.ForEachOps$ForEachTask.compute(ForEachOps.java:291)
	at java.util.concurrent.CountedCompleter.exec(CountedCompleter.java:731)
	at java.util.concurrent.ForkJoinTask.doExec(ForkJoinTask.java:289)
	at java.util.concurrent.ForkJoinPool$WorkQueue.execLocalTasks(ForkJoinPool.java:1040)
	at java.util.concurrent.ForkJoinPool$WorkQueue.runTask(ForkJoinPool.java:1058)
	at java.util.concurrent.ForkJoinPool.runWorker(ForkJoinPool.java:1692)
	at java.util.concurrent.ForkJoinWorkerThread.run(ForkJoinWorkerThread.java:157)
Caused by: org.apache.hadoop.hdds.scm.container.common.helpers.StorageContainerException: Error opening DB. Container:1 ContainerPath:/opt/src/hadoop-ozone/integration-test/target/test-dir/MiniOzoneClusterImpl-869c8c0d-6a5a-4d77-b402-f67e80feef85/datanode-0/data/containers/hdds/02d1f6b8-f026-4f59-9974-24481a7be2f4/current/containerDir0/1/metadata/1-dn-container.db
	at org.apache.hadoop.ozone.container.keyvalue.helpers.BlockUtils.getDB(BlockUtils.java:84)
	at org.apache.hadoop.ozone.container.keyvalue.statemachine.background.BlockDeletingService$BlockDeletingTask.call(BlockDeletingService.java:188)
	at org.apache.hadoop.ozone.container.keyvalue.statemachine.background.BlockDeletingService$BlockDeletingTask.call(BlockDeletingService.java:172)
	at java.util.concurrent.FutureTask.run(FutureTask.java:266)
	at java.util.concurrent.Executors$RunnableAdapter.call(Executors.java:511)
	at java.util.concurrent.FutureTask.run(FutureTask.java:266)
	at java.util.concurrent.Executors$RunnableAdapter.call(Executors.java:511)
	at java.util.concurrent.FutureTask.run(FutureTask.java:266)
	at java.util.concurrent.ScheduledThreadPoolExecutor$ScheduledFutureTask.access$201(ScheduledThreadPoolExecutor.java:180)
	at java.util.concurrent.ScheduledThreadPoolExecutor$ScheduledFutureTask.run(ScheduledThreadPoolExecutor.java:293)
	at java.util.concurrent.ThreadPoolExecutor.runWorker(ThreadPoolExecutor.java:1149)
	at java.util.concurrent.ThreadPoolExecutor$Worker.run(ThreadPoolExecutor.java:624)
	at java.lang.Thread.run(Thread.java:748)
2019-06-12 13:50:59,566 WARN  utils.BackgroundService (BackgroundService.java:lambda$run$0(135)) - Background task fails to execute, retrying in next interval
java.util.concurrent.ExecutionException: org.apache.hadoop.hdds.scm.container.common.helpers.StorageContainerException: Error opening DB. Container:4 ContainerPath:/opt/src/hadoop-ozone/integration-test/target/test-dir/MiniOzoneClusterImpl-869c8c0d-6a5a-4d77-b402-f67e80feef85/datanode-0/data/containers/hdds/02d1f6b8-f026-4f59-9974-24481a7be2f4/current/containerDir0/4/metadata/4-dn-container.db
	at java.util.concurrent.FutureTask.report(FutureTask.java:122)
	at java.util.concurrent.FutureTask.get(FutureTask.java:206)
	at org.apache.hadoop.utils.BackgroundService$PeriodicalTask.lambda$run$0(BackgroundService.java:129)
	at java.util.stream.ForEachOps$ForEachOp$OfRef.accept(ForEachOps.java:184)
	at java.util.ArrayList$ArrayListSpliterator.forEachRemaining(ArrayList.java:1382)
	at java.util.stream.AbstractPipeline.copyInto(AbstractPipeline.java:482)
	at java.util.stream.ForEachOps$ForEachTask.compute(ForEachOps.java:291)
	at java.util.concurrent.CountedCompleter.exec(CountedCompleter.java:731)
	at java.util.concurrent.ForkJoinTask.doExec(ForkJoinTask.java:289)
	at java.util.concurrent.ForkJoinTask.doInvoke(ForkJoinTask.java:401)
	at java.util.concurrent.ForkJoinTask.invoke(ForkJoinTask.java:734)
	at java.util.stream.ForEachOps$ForEachOp.evaluateParallel(ForEachOps.java:160)
	at java.util.stream.ForEachOps$ForEachOp$OfRef.evaluateParallel(ForEachOps.java:174)
	at java.util.stream.AbstractPipeline.evaluate(AbstractPipeline.java:233)
	at java.util.stream.ReferencePipeline.forEach(ReferencePipeline.java:418)
	at java.util.stream.ReferencePipeline$Head.forEach(ReferencePipeline.java:583)
	at org.apache.hadoop.utils.BackgroundService$PeriodicalTask.run(BackgroundService.java:125)
	at java.util.concurrent.Executors$RunnableAdapter.call(Executors.java:511)
	at java.util.concurrent.FutureTask.runAndReset(FutureTask.java:308)
	at java.util.concurrent.ScheduledThreadPoolExecutor$ScheduledFutureTask.access$301(ScheduledThreadPoolExecutor.java:180)
	at java.util.concurrent.ScheduledThreadPoolExecutor$ScheduledFutureTask.run(ScheduledThreadPoolExecutor.java:294)
	at java.util.concurrent.ThreadPoolExecutor.runWorker(ThreadPoolExecutor.java:1149)
	at java.util.concurrent.ThreadPoolExecutor$Worker.run(ThreadPoolExecutor.java:624)
	at java.lang.Thread.run(Thread.java:748)
Caused by: org.apache.hadoop.hdds.scm.container.common.helpers.StorageContainerException: Error opening DB. Container:4 ContainerPath:/opt/src/hadoop-ozone/integration-test/target/test-dir/MiniOzoneClusterImpl-869c8c0d-6a5a-4d77-b402-f67e80feef85/datanode-0/data/containers/hdds/02d1f6b8-f026-4f59-9974-24481a7be2f4/current/containerDir0/4/metadata/4-dn-container.db
	at org.apache.hadoop.ozone.container.keyvalue.helpers.BlockUtils.getDB(BlockUtils.java:84)
	at org.apache.hadoop.ozone.container.keyvalue.statemachine.background.BlockDeletingService$BlockDeletingTask.call(BlockDeletingService.java:188)
	at org.apache.hadoop.ozone.container.keyvalue.statemachine.background.BlockDeletingService$BlockDeletingTask.call(BlockDeletingService.java:172)
	at java.util.concurrent.FutureTask.run(FutureTask.java:266)
	at java.util.concurrent.Executors$RunnableAdapter.call(Executors.java:511)
	at java.util.concurrent.FutureTask.run(FutureTask.java:266)
	at java.util.concurrent.Executors$RunnableAdapter.call(Executors.java:511)
	at java.util.concurrent.FutureTask.run(FutureTask.java:266)
	at java.util.concurrent.ScheduledThreadPoolExecutor$ScheduledFutureTask.access$201(ScheduledThreadPoolExecutor.java:180)
	at java.util.concurrent.ScheduledThreadPoolExecutor$ScheduledFutureTask.run(ScheduledThreadPoolExecutor.java:293)
	... 3 more
2019-06-12 13:50:59,566 ERROR utils.ContainerCache (ContainerCache.java:getDB(137)) - Error opening DB. Container:3 ContainerPath:/opt/src/hadoop-ozone/integration-test/target/test-dir/MiniOzoneClusterImpl-869c8c0d-6a5a-4d77-b402-f67e80feef85/datanode-0/data/containers/hdds/02d1f6b8-f026-4f59-9974-24481a7be2f4/current/containerDir0/3/metadata/3-dn-container.db
java.io.IOException: Failed init RocksDB, db path : /opt/src/hadoop-ozone/integration-test/target/test-dir/MiniOzoneClusterImpl-869c8c0d-6a5a-4d77-b402-f67e80feef85/datanode-0/data/containers/hdds/02d1f6b8-f026-4f59-9974-24481a7be2f4/current/containerDir0/3/metadata/3-dn-container.db
	at org.apache.hadoop.utils.RocksDBStore.<init>(RocksDBStore.java:87)
	at org.apache.hadoop.utils.MetadataStoreBuilder.build(MetadataStoreBuilder.java:137)
	at org.apache.hadoop.ozone.container.common.utils.ContainerCache.getDB(ContainerCache.java:129)
	at org.apache.hadoop.ozone.container.keyvalue.helpers.BlockUtils.getDB(BlockUtils.java:77)
	at org.apache.hadoop.ozone.container.keyvalue.statemachine.background.BlockDeletingService$BlockDeletingTask.call(BlockDeletingService.java:188)
	at org.apache.hadoop.ozone.container.keyvalue.statemachine.background.BlockDeletingService$BlockDeletingTask.call(BlockDeletingService.java:172)
	at java.util.concurrent.FutureTask.run(FutureTask.java:266)
	at java.util.concurrent.Executors$RunnableAdapter.call(Executors.java:511)
	at java.util.concurrent.FutureTask.run(FutureTask.java:266)
	at java.util.concurrent.Executors$RunnableAdapter.call(Executors.java:511)
	at java.util.concurrent.FutureTask.run(FutureTask.java:266)
	at java.util.concurrent.ScheduledThreadPoolExecutor$ScheduledFutureTask.access$201(ScheduledThreadPoolExecutor.java:180)
	at java.util.concurrent.ScheduledThreadPoolExecutor$ScheduledFutureTask.run(ScheduledThreadPoolExecutor.java:293)
	at java.util.concurrent.ThreadPoolExecutor.runWorker(ThreadPoolExecutor.java:1149)
	at java.util.concurrent.ThreadPoolExecutor$Worker.run(ThreadPoolExecutor.java:624)
	at java.lang.Thread.run(Thread.java:748)
Caused by: org.rocksdb.RocksDBException: While mkdir if missing: /opt/src/hadoop-ozone/integration-test/target/test-dir/MiniOzoneClusterImpl-869c8c0d-6a5a-4d77-b402-f67e80feef85/datanode-0/data/containers/hdds/02d1f6b8-f026-4f59-9974-24481a7be2f4/current/containerDir0/3/metadata/3-dn-container.db: No such file or directory
	at org.rocksdb.RocksDB.open(Native Method)
	at org.rocksdb.RocksDB.open(RocksDB.java:231)
	at org.apache.hadoop.utils.RocksDBStore.<init>(RocksDBStore.java:71)
	... 15 more
2019-06-12 13:50:59,566 WARN  utils.BackgroundService (BackgroundService.java:lambda$run$0(135)) - Background task fails to execute, retrying in next interval
java.util.concurrent.ExecutionException: org.apache.hadoop.hdds.scm.container.common.helpers.StorageContainerException: Error opening DB. Container:3 ContainerPath:/opt/src/hadoop-ozone/integration-test/target/test-dir/MiniOzoneClusterImpl-869c8c0d-6a5a-4d77-b402-f67e80feef85/datanode-0/data/containers/hdds/02d1f6b8-f026-4f59-9974-24481a7be2f4/current/containerDir0/3/metadata/3-dn-container.db
	at java.util.concurrent.FutureTask.report(FutureTask.java:122)
	at java.util.concurrent.FutureTask.get(FutureTask.java:206)
	at org.apache.hadoop.utils.BackgroundService$PeriodicalTask.lambda$run$0(BackgroundService.java:129)
	at java.util.stream.ForEachOps$ForEachOp$OfRef.accept(ForEachOps.java:184)
	at java.util.ArrayList$ArrayListSpliterator.forEachRemaining(ArrayList.java:1382)
	at java.util.stream.AbstractPipeline.copyInto(AbstractPipeline.java:482)
	at java.util.stream.ForEachOps$ForEachTask.compute(ForEachOps.java:291)
	at java.util.concurrent.CountedCompleter.exec(CountedCompleter.java:731)
	at java.util.concurrent.ForkJoinTask.doExec(ForkJoinTask.java:289)
	at java.util.concurrent.ForkJoinPool$WorkQueue.pollAndExecCC(ForkJoinPool.java:1190)
	at java.util.concurrent.ForkJoinPool.helpComplete(ForkJoinPool.java:1879)
	at java.util.concurrent.ForkJoinPool.externalHelpComplete(ForkJoinPool.java:2467)
	at java.util.concurrent.ForkJoinTask.externalAwaitDone(ForkJoinTask.java:324)
	at java.util.concurrent.ForkJoinTask.doInvoke(ForkJoinTask.java:405)
	at java.util.concurrent.ForkJoinTask.invoke(ForkJoinTask.java:734)
	at java.util.stream.ForEachOps$ForEachOp.evaluateParallel(ForEachOps.java:160)
	at java.util.stream.ForEachOps$ForEachOp$OfRef.evaluateParallel(ForEachOps.java:174)
	at java.util.stream.AbstractPipeline.evaluate(AbstractPipeline.java:233)
	at java.util.stream.ReferencePipeline.forEach(ReferencePipeline.java:418)
	at java.util.stream.ReferencePipeline$Head.forEach(ReferencePipeline.java:583)
	at org.apache.hadoop.utils.BackgroundService$PeriodicalTask.run(BackgroundService.java:125)
	at java.util.concurrent.Executors$RunnableAdapter.call(Executors.java:511)
	at java.util.concurrent.FutureTask.runAndReset(FutureTask.java:308)
	at java.util.concurrent.ScheduledThreadPoolExecutor$ScheduledFutureTask.access$301(ScheduledThreadPoolExecutor.java:180)
	at java.util.concurrent.ScheduledThreadPoolExecutor$ScheduledFutureTask.run(ScheduledThreadPoolExecutor.java:294)
	at java.util.concurrent.ThreadPoolExecutor.runWorker(ThreadPoolExecutor.java:1149)
	at java.util.concurrent.ThreadPoolExecutor$Worker.run(ThreadPoolExecutor.java:624)
	at java.lang.Thread.run(Thread.java:748)
Caused by: org.apache.hadoop.hdds.scm.container.common.helpers.StorageContainerException: Error opening DB. Container:3 ContainerPath:/opt/src/hadoop-ozone/integration-test/target/test-dir/MiniOzoneClusterImpl-869c8c0d-6a5a-4d77-b402-f67e80feef85/datanode-0/data/containers/hdds/02d1f6b8-f026-4f59-9974-24481a7be2f4/current/containerDir0/3/metadata/3-dn-container.db
	at org.apache.hadoop.ozone.container.keyvalue.helpers.BlockUtils.getDB(BlockUtils.java:84)
	at org.apache.hadoop.ozone.container.keyvalue.statemachine.background.BlockDeletingService$BlockDeletingTask.call(BlockDeletingService.java:188)
	at org.apache.hadoop.ozone.container.keyvalue.statemachine.background.BlockDeletingService$BlockDeletingTask.call(BlockDeletingService.java:172)
	at java.util.concurrent.FutureTask.run(FutureTask.java:266)
	at java.util.concurrent.Executors$RunnableAdapter.call(Executors.java:511)
	at java.util.concurrent.FutureTask.run(FutureTask.java:266)
	at java.util.concurrent.Executors$RunnableAdapter.call(Executors.java:511)
	at java.util.concurrent.FutureTask.run(FutureTask.java:266)
	at java.util.concurrent.ScheduledThreadPoolExecutor$ScheduledFutureTask.access$201(ScheduledThreadPoolExecutor.java:180)
	at java.util.concurrent.ScheduledThreadPoolExecutor$ScheduledFutureTask.run(ScheduledThreadPoolExecutor.java:293)
	... 3 more
2019-06-12 13:50:59,567 ERROR utils.ContainerCache (ContainerCache.java:getDB(137)) - Error opening DB. Container:2 ContainerPath:/opt/src/hadoop-ozone/integration-test/target/test-dir/MiniOzoneClusterImpl-869c8c0d-6a5a-4d77-b402-f67e80feef85/datanode-0/data/containers/hdds/02d1f6b8-f026-4f59-9974-24481a7be2f4/current/containerDir0/2/metadata/2-dn-container.db
java.io.IOException: Failed init RocksDB, db path : /opt/src/hadoop-ozone/integration-test/target/test-dir/MiniOzoneClusterImpl-869c8c0d-6a5a-4d77-b402-f67e80feef85/datanode-0/data/containers/hdds/02d1f6b8-f026-4f59-9974-24481a7be2f4/current/containerDir0/2/metadata/2-dn-container.db
	at org.apache.hadoop.utils.RocksDBStore.<init>(RocksDBStore.java:87)
	at org.apache.hadoop.utils.MetadataStoreBuilder.build(MetadataStoreBuilder.java:137)
	at org.apache.hadoop.ozone.container.common.utils.ContainerCache.getDB(ContainerCache.java:129)
	at org.apache.hadoop.ozone.container.keyvalue.helpers.BlockUtils.getDB(BlockUtils.java:77)
	at org.apache.hadoop.ozone.container.keyvalue.statemachine.background.BlockDeletingService$BlockDeletingTask.call(BlockDeletingService.java:188)
	at org.apache.hadoop.ozone.container.keyvalue.statemachine.background.BlockDeletingService$BlockDeletingTask.call(BlockDeletingService.java:172)
	at java.util.concurrent.FutureTask.run(FutureTask.java:266)
	at java.util.concurrent.Executors$RunnableAdapter.call(Executors.java:511)
	at java.util.concurrent.FutureTask.run(FutureTask.java:266)
	at java.util.concurrent.Executors$RunnableAdapter.call(Executors.java:511)
	at java.util.concurrent.FutureTask.run(FutureTask.java:266)
	at java.util.concurrent.ScheduledThreadPoolExecutor$ScheduledFutureTask.access$201(ScheduledThreadPoolExecutor.java:180)
	at java.util.concurrent.ScheduledThreadPoolExecutor$ScheduledFutureTask.run(ScheduledThreadPoolExecutor.java:293)
	at java.util.concurrent.ThreadPoolExecutor.runWorker(ThreadPoolExecutor.java:1149)
	at java.util.concurrent.ThreadPoolExecutor$Worker.run(ThreadPoolExecutor.java:624)
	at java.lang.Thread.run(Thread.java:748)
Caused by: org.rocksdb.RocksDBException: While mkdir if missing: /opt/src/hadoop-ozone/integration-test/target/test-dir/MiniOzoneClusterImpl-869c8c0d-6a5a-4d77-b402-f67e80feef85/datanode-0/data/containers/hdds/02d1f6b8-f026-4f59-9974-24481a7be2f4/current/containerDir0/2/metadata/2-dn-container.db: No such file or directory
	at org.rocksdb.RocksDB.open(Native Method)
	at org.rocksdb.RocksDB.open(RocksDB.java:231)
	at org.apache.hadoop.utils.RocksDBStore.<init>(RocksDBStore.java:71)
	... 15 more
2019-06-12 13:50:59,567 WARN  utils.BackgroundService (BackgroundService.java:lambda$run$0(135)) - Background task fails to execute, retrying in next interval
java.util.concurrent.ExecutionException: org.apache.hadoop.hdds.scm.container.common.helpers.StorageContainerException: Error opening DB. Container:2 ContainerPath:/opt/src/hadoop-ozone/integration-test/target/test-dir/MiniOzoneClusterImpl-869c8c0d-6a5a-4d77-b402-f67e80feef85/datanode-0/data/containers/hdds/02d1f6b8-f026-4f59-9974-24481a7be2f4/current/containerDir0/2/metadata/2-dn-container.db
	at java.util.concurrent.FutureTask.report(FutureTask.java:122)
	at java.util.concurrent.FutureTask.get(FutureTask.java:206)
	at org.apache.hadoop.utils.BackgroundService$PeriodicalTask.lambda$run$0(BackgroundService.java:129)
	at java.util.stream.ForEachOps$ForEachOp$OfRef.accept(ForEachOps.java:184)
	at java.util.ArrayList$ArrayListSpliterator.forEachRemaining(ArrayList.java:1382)
	at java.util.stream.AbstractPipeline.copyInto(AbstractPipeline.java:482)
	at java.util.stream.ForEachOps$ForEachTask.compute(ForEachOps.java:291)
	at java.util.concurrent.CountedCompleter.exec(CountedCompleter.java:731)
	at java.util.concurrent.ForkJoinTask.doExec(ForkJoinTask.java:289)
	at java.util.concurrent.ForkJoinPool$WorkQueue.runTask(ForkJoinPool.java:1056)
	at java.util.concurrent.ForkJoinPool.runWorker(ForkJoinPool.java:1692)
	at java.util.concurrent.ForkJoinWorkerThread.run(ForkJoinWorkerThread.java:157)
Caused by: org.apache.hadoop.hdds.scm.container.common.helpers.StorageContainerException: Error opening DB. Container:2 ContainerPath:/opt/src/hadoop-ozone/integration-test/target/test-dir/MiniOzoneClusterImpl-869c8c0d-6a5a-4d77-b402-f67e80feef85/datanode-0/data/containers/hdds/02d1f6b8-f026-4f59-9974-24481a7be2f4/current/containerDir0/2/metadata/2-dn-container.db
	at org.apache.hadoop.ozone.container.keyvalue.helpers.BlockUtils.getDB(BlockUtils.java:84)
	at org.apache.hadoop.ozone.container.keyvalue.statemachine.background.BlockDeletingService$BlockDeletingTask.call(BlockDeletingService.java:188)
	at org.apache.hadoop.ozone.container.keyvalue.statemachine.background.BlockDeletingService$BlockDeletingTask.call(BlockDeletingService.java:172)
	at java.util.concurrent.FutureTask.run(FutureTask.java:266)
	at java.util.concurrent.Executors$RunnableAdapter.call(Executors.java:511)
	at java.util.concurrent.FutureTask.run(FutureTask.java:266)
	at java.util.concurrent.Executors$RunnableAdapter.call(Executors.java:511)
	at java.util.concurrent.FutureTask.run(FutureTask.java:266)
	at java.util.concurrent.ScheduledThreadPoolExecutor$ScheduledFutureTask.access$201(ScheduledThreadPoolExecutor.java:180)
	at java.util.concurrent.ScheduledThreadPoolExecutor$ScheduledFutureTask.run(ScheduledThreadPoolExecutor.java:293)
	at java.util.concurrent.ThreadPoolExecutor.runWorker(ThreadPoolExecutor.java:1149)
	at java.util.concurrent.ThreadPoolExecutor$Worker.run(ThreadPoolExecutor.java:624)
	at java.lang.Thread.run(Thread.java:748)
2019-06-12 13:51:00,385 INFO  ozone.MiniOzoneClusterImpl (MiniOzoneClusterImpl.java:lambda$waitForClusterToBeReady$0(142)) - Waiting for cluster to be ready. Got 0 of 1 DN Heartbeats.
2019-06-12 13:51:00,392 INFO  ozoneimpl.OzoneContainer (OzoneContainer.java:start(186)) - Attempting to start container services.
2019-06-12 13:51:00,394 INFO  ozoneimpl.OzoneContainer (OzoneContainer.java:startContainerScrub(160)) - Background container scrubber has been disabled by hdds.containerscrub.enabled
2019-06-12 13:51:00,394 INFO  ratis.XceiverServerRatis (XceiverServerRatis.java:start(418)) - Starting XceiverServerRatis d30925d8-ee5e-4ea8-a96c-99ad4d21afe0 at port 42131
2019-06-12 13:51:00,400 INFO  impl.RaftServerProxy (RaftServerProxy.java:lambda$start$3(299)) - d30925d8-ee5e-4ea8-a96c-99ad4d21afe0: start RPC server
2019-06-12 13:51:00,402 INFO  server.GrpcService (GrpcService.java:startImpl(148)) - d30925d8-ee5e-4ea8-a96c-99ad4d21afe0: GrpcService started, listening on 0.0.0.0/0.0.0.0:42131
2019-06-12 13:51:00,567 INFO  background.BlockDeletingService (BlockDeletingService.java:getTasks(123)) - Plan to choose 10 containers for block deletion, actually returns 5 valid containers.
2019-06-12 13:51:00,568 ERROR utils.ContainerCache (ContainerCache.java:getDB(137)) - Error opening DB. Container:1 ContainerPath:/opt/src/hadoop-ozone/integration-test/target/test-dir/MiniOzoneClusterImpl-869c8c0d-6a5a-4d77-b402-f67e80feef85/datanode-0/data/containers/hdds/02d1f6b8-f026-4f59-9974-24481a7be2f4/current/containerDir0/1/metadata/1-dn-container.db
java.io.IOException: Failed init RocksDB, db path : /opt/src/hadoop-ozone/integration-test/target/test-dir/MiniOzoneClusterImpl-869c8c0d-6a5a-4d77-b402-f67e80feef85/datanode-0/data/containers/hdds/02d1f6b8-f026-4f59-9974-24481a7be2f4/current/containerDir0/1/metadata/1-dn-container.db
	at org.apache.hadoop.utils.RocksDBStore.<init>(RocksDBStore.java:87)
	at org.apache.hadoop.utils.MetadataStoreBuilder.build(MetadataStoreBuilder.java:137)
	at org.apache.hadoop.ozone.container.common.utils.ContainerCache.getDB(ContainerCache.java:129)
	at org.apache.hadoop.ozone.container.keyvalue.helpers.BlockUtils.getDB(BlockUtils.java:77)
	at org.apache.hadoop.ozone.container.keyvalue.statemachine.background.BlockDeletingService$BlockDeletingTask.call(BlockDeletingService.java:188)
	at org.apache.hadoop.ozone.container.keyvalue.statemachine.background.BlockDeletingService$BlockDeletingTask.call(BlockDeletingService.java:172)
	at java.util.concurrent.FutureTask.run(FutureTask.java:266)
	at java.util.concurrent.Executors$RunnableAdapter.call(Executors.java:511)
	at java.util.concurrent.FutureTask.run(FutureTask.java:266)
	at java.util.concurrent.Executors$RunnableAdapter.call(Executors.java:511)
	at java.util.concurrent.FutureTask.run(FutureTask.java:266)
	at java.util.concurrent.ScheduledThreadPoolExecutor$ScheduledFutureTask.access$201(ScheduledThreadPoolExecutor.java:180)
	at java.util.concurrent.ScheduledThreadPoolExecutor$ScheduledFutureTask.run(ScheduledThreadPoolExecutor.java:293)
	at java.util.concurrent.ThreadPoolExecutor.runWorker(ThreadPoolExecutor.java:1149)
	at java.util.concurrent.ThreadPoolExecutor$Worker.run(ThreadPoolExecutor.java:624)
	at java.lang.Thread.run(Thread.java:748)
Caused by: org.rocksdb.RocksDBException: While mkdir if missing: /opt/src/hadoop-ozone/integration-test/target/test-dir/MiniOzoneClusterImpl-869c8c0d-6a5a-4d77-b402-f67e80feef85/datanode-0/data/containers/hdds/02d1f6b8-f026-4f59-9974-24481a7be2f4/current/containerDir0/1/metadata/1-dn-container.db: No such file or directory
	at org.rocksdb.RocksDB.open(Native Method)
	at org.rocksdb.RocksDB.open(RocksDB.java:231)
	at org.apache.hadoop.utils.RocksDBStore.<init>(RocksDBStore.java:71)
	... 15 more
2019-06-12 13:51:00,568 ERROR utils.ContainerCache (ContainerCache.java:getDB(137)) - Error opening DB. Container:5 ContainerPath:/opt/src/hadoop-ozone/integration-test/target/test-dir/MiniOzoneClusterImpl-869c8c0d-6a5a-4d77-b402-f67e80feef85/datanode-0/data/containers/hdds/02d1f6b8-f026-4f59-9974-24481a7be2f4/current/containerDir0/5/metadata/5-dn-container.db
java.io.IOException: Failed init RocksDB, db path : /opt/src/hadoop-ozone/integration-test/target/test-dir/MiniOzoneClusterImpl-869c8c0d-6a5a-4d77-b402-f67e80feef85/datanode-0/data/containers/hdds/02d1f6b8-f026-4f59-9974-24481a7be2f4/current/containerDir0/5/metadata/5-dn-container.db
	at org.apache.hadoop.utils.RocksDBStore.<init>(RocksDBStore.java:87)
	at org.apache.hadoop.utils.MetadataStoreBuilder.build(MetadataStoreBuilder.java:137)
	at org.apache.hadoop.ozone.container.common.utils.ContainerCache.getDB(ContainerCache.java:129)
	at org.apache.hadoop.ozone.container.keyvalue.helpers.BlockUtils.getDB(BlockUtils.java:77)
	at org.apache.hadoop.ozone.container.keyvalue.statemachine.background.BlockDeletingService$BlockDeletingTask.call(BlockDeletingService.java:188)
	at org.apache.hadoop.ozone.container.keyvalue.statemachine.background.BlockDeletingService$BlockDeletingTask.call(BlockDeletingService.java:172)
	at java.util.concurrent.FutureTask.run(FutureTask.java:266)
	at java.util.concurrent.Executors$RunnableAdapter.call(Executors.java:511)
	at java.util.concurrent.FutureTask.run(FutureTask.java:266)
	at java.util.concurrent.Executors$RunnableAdapter.call(Executors.java:511)
	at java.util.concurrent.FutureTask.run(FutureTask.java:266)
	at java.util.concurrent.ScheduledThreadPoolExecutor$ScheduledFutureTask.access$201(ScheduledThreadPoolExecutor.java:180)
	at java.util.concurrent.ScheduledThreadPoolExecutor$ScheduledFutureTask.run(ScheduledThreadPoolExecutor.java:293)
	at java.util.concurrent.ThreadPoolExecutor.runWorker(ThreadPoolExecutor.java:1149)
	at java.util.concurrent.ThreadPoolExecutor$Worker.run(ThreadPoolExecutor.java:624)
	at java.lang.Thread.run(Thread.java:748)
Caused by: org.rocksdb.RocksDBException: While mkdir if missing: /opt/src/hadoop-ozone/integration-test/target/test-dir/MiniOzoneClusterImpl-869c8c0d-6a5a-4d77-b402-f67e80feef85/datanode-0/data/containers/hdds/02d1f6b8-f026-4f59-9974-24481a7be2f4/current/containerDir0/5/metadata/5-dn-container.db: No such file or directory
	at org.rocksdb.RocksDB.open(Native Method)
	at org.rocksdb.RocksDB.open(RocksDB.java:231)
	at org.apache.hadoop.utils.RocksDBStore.<init>(RocksDBStore.java:71)
	... 15 more
2019-06-12 13:51:00,568 WARN  utils.BackgroundService (BackgroundService.java:lambda$run$0(135)) - Background task fails to execute, retrying in next interval
java.util.concurrent.ExecutionException: org.apache.hadoop.hdds.scm.container.common.helpers.StorageContainerException: Error opening DB. Container:5 ContainerPath:/opt/src/hadoop-ozone/integration-test/target/test-dir/MiniOzoneClusterImpl-869c8c0d-6a5a-4d77-b402-f67e80feef85/datanode-0/data/containers/hdds/02d1f6b8-f026-4f59-9974-24481a7be2f4/current/containerDir0/5/metadata/5-dn-container.db
	at java.util.concurrent.FutureTask.report(FutureTask.java:122)
	at java.util.concurrent.FutureTask.get(FutureTask.java:206)
	at org.apache.hadoop.utils.BackgroundService$PeriodicalTask.lambda$run$0(BackgroundService.java:129)
	at java.util.stream.ForEachOps$ForEachOp$OfRef.accept(ForEachOps.java:184)
	at java.util.ArrayList$ArrayListSpliterator.forEachRemaining(ArrayList.java:1382)
	at java.util.stream.AbstractPipeline.copyInto(AbstractPipeline.java:482)
	at java.util.stream.ForEachOps$ForEachTask.compute(ForEachOps.java:291)
	at java.util.concurrent.CountedCompleter.exec(CountedCompleter.java:731)
	at java.util.concurrent.ForkJoinTask.doExec(ForkJoinTask.java:289)
	at java.util.concurrent.ForkJoinPool$WorkQueue.runTask(ForkJoinPool.java:1056)
	at java.util.concurrent.ForkJoinPool.runWorker(ForkJoinPool.java:1692)
	at java.util.concurrent.ForkJoinWorkerThread.run(ForkJoinWorkerThread.java:157)
Caused by: org.apache.hadoop.hdds.scm.container.common.helpers.StorageContainerException: Error opening DB. Container:5 ContainerPath:/opt/src/hadoop-ozone/integration-test/target/test-dir/MiniOzoneClusterImpl-869c8c0d-6a5a-4d77-b402-f67e80feef85/datanode-0/data/containers/hdds/02d1f6b8-f026-4f59-9974-24481a7be2f4/current/containerDir0/5/metadata/5-dn-container.db
	at org.apache.hadoop.ozone.container.keyvalue.helpers.BlockUtils.getDB(BlockUtils.java:84)
	at org.apache.hadoop.ozone.container.keyvalue.statemachine.background.BlockDeletingService$BlockDeletingTask.call(BlockDeletingService.java:188)
	at org.apache.hadoop.ozone.container.keyvalue.statemachine.background.BlockDeletingService$BlockDeletingTask.call(BlockDeletingService.java:172)
	at java.util.concurrent.FutureTask.run(FutureTask.java:266)
	at java.util.concurrent.Executors$RunnableAdapter.call(Executors.java:511)
	at java.util.concurrent.FutureTask.run(FutureTask.java:266)
	at java.util.concurrent.Executors$RunnableAdapter.call(Executors.java:511)
	at java.util.concurrent.FutureTask.run(FutureTask.java:266)
	at java.util.concurrent.ScheduledThreadPoolExecutor$ScheduledFutureTask.access$201(ScheduledThreadPoolExecutor.java:180)
	at java.util.concurrent.ScheduledThreadPoolExecutor$ScheduledFutureTask.run(ScheduledThreadPoolExecutor.java:293)
	at java.util.concurrent.ThreadPoolExecutor.runWorker(ThreadPoolExecutor.java:1149)
	at java.util.concurrent.ThreadPoolExecutor$Worker.run(ThreadPoolExecutor.java:624)
	at java.lang.Thread.run(Thread.java:748)
2019-06-12 13:51:00,569 ERROR utils.ContainerCache (ContainerCache.java:getDB(137)) - Error opening DB. Container:4 ContainerPath:/opt/src/hadoop-ozone/integration-test/target/test-dir/MiniOzoneClusterImpl-869c8c0d-6a5a-4d77-b402-f67e80feef85/datanode-0/data/containers/hdds/02d1f6b8-f026-4f59-9974-24481a7be2f4/current/containerDir0/4/metadata/4-dn-container.db
java.io.IOException: Failed init RocksDB, db path : /opt/src/hadoop-ozone/integration-test/target/test-dir/MiniOzoneClusterImpl-869c8c0d-6a5a-4d77-b402-f67e80feef85/datanode-0/data/containers/hdds/02d1f6b8-f026-4f59-9974-24481a7be2f4/current/containerDir0/4/metadata/4-dn-container.db
	at org.apache.hadoop.utils.RocksDBStore.<init>(RocksDBStore.java:87)
	at org.apache.hadoop.utils.MetadataStoreBuilder.build(MetadataStoreBuilder.java:137)
	at org.apache.hadoop.ozone.container.common.utils.ContainerCache.getDB(ContainerCache.java:129)
	at org.apache.hadoop.ozone.container.keyvalue.helpers.BlockUtils.getDB(BlockUtils.java:77)
	at org.apache.hadoop.ozone.container.keyvalue.statemachine.background.BlockDeletingService$BlockDeletingTask.call(BlockDeletingService.java:188)
	at org.apache.hadoop.ozone.container.keyvalue.statemachine.background.BlockDeletingService$BlockDeletingTask.call(BlockDeletingService.java:172)
	at java.util.concurrent.FutureTask.run(FutureTask.java:266)
	at java.util.concurrent.Executors$RunnableAdapter.call(Executors.java:511)
	at java.util.concurrent.FutureTask.run(FutureTask.java:266)
	at java.util.concurrent.Executors$RunnableAdapter.call(Executors.java:511)
	at java.util.concurrent.FutureTask.run(FutureTask.java:266)
	at java.util.concurrent.ScheduledThreadPoolExecutor$ScheduledFutureTask.access$201(ScheduledThreadPoolExecutor.java:180)
	at java.util.concurrent.ScheduledThreadPoolExecutor$ScheduledFutureTask.run(ScheduledThreadPoolExecutor.java:293)
	at java.util.concurrent.ThreadPoolExecutor.runWorker(ThreadPoolExecutor.java:1149)
	at java.util.concurrent.ThreadPoolExecutor$Worker.run(ThreadPoolExecutor.java:624)
	at java.lang.Thread.run(Thread.java:748)
Caused by: org.rocksdb.RocksDBException: While mkdir if missing: /opt/src/hadoop-ozone/integration-test/target/test-dir/MiniOzoneClusterImpl-869c8c0d-6a5a-4d77-b402-f67e80feef85/datanode-0/data/containers/hdds/02d1f6b8-f026-4f59-9974-24481a7be2f4/current/containerDir0/4/metadata/4-dn-container.db: No such file or directory
	at org.rocksdb.RocksDB.open(Native Method)
	at org.rocksdb.RocksDB.open(RocksDB.java:231)
	at org.apache.hadoop.utils.RocksDBStore.<init>(RocksDBStore.java:71)
	... 15 more
2019-06-12 13:51:00,569 WARN  utils.BackgroundService (BackgroundService.java:lambda$run$0(135)) - Background task fails to execute, retrying in next interval
java.util.concurrent.ExecutionException: org.apache.hadoop.hdds.scm.container.common.helpers.StorageContainerException: Error opening DB. Container:1 ContainerPath:/opt/src/hadoop-ozone/integration-test/target/test-dir/MiniOzoneClusterImpl-869c8c0d-6a5a-4d77-b402-f67e80feef85/datanode-0/data/containers/hdds/02d1f6b8-f026-4f59-9974-24481a7be2f4/current/containerDir0/1/metadata/1-dn-container.db
	at java.util.concurrent.FutureTask.report(FutureTask.java:122)
	at java.util.concurrent.FutureTask.get(FutureTask.java:206)
	at org.apache.hadoop.utils.BackgroundService$PeriodicalTask.lambda$run$0(BackgroundService.java:129)
	at java.util.stream.ForEachOps$ForEachOp$OfRef.accept(ForEachOps.java:184)
	at java.util.ArrayList$ArrayListSpliterator.forEachRemaining(ArrayList.java:1382)
	at java.util.stream.AbstractPipeline.copyInto(AbstractPipeline.java:482)
	at java.util.stream.ForEachOps$ForEachTask.compute(ForEachOps.java:291)
	at java.util.concurrent.CountedCompleter.exec(CountedCompleter.java:731)
	at java.util.concurrent.ForkJoinTask.doExec(ForkJoinTask.java:289)
	at java.util.concurrent.ForkJoinPool$WorkQueue.execLocalTasks(ForkJoinPool.java:1040)
	at java.util.concurrent.ForkJoinPool$WorkQueue.runTask(ForkJoinPool.java:1058)
	at java.util.concurrent.ForkJoinPool.runWorker(ForkJoinPool.java:1692)
	at java.util.concurrent.ForkJoinWorkerThread.run(ForkJoinWorkerThread.java:157)
Caused by: org.apache.hadoop.hdds.scm.container.common.helpers.StorageContainerException: Error opening DB. Container:1 ContainerPath:/opt/src/hadoop-ozone/integration-test/target/test-dir/MiniOzoneClusterImpl-869c8c0d-6a5a-4d77-b402-f67e80feef85/datanode-0/data/containers/hdds/02d1f6b8-f026-4f59-9974-24481a7be2f4/current/containerDir0/1/metadata/1-dn-container.db
	at org.apache.hadoop.ozone.container.keyvalue.helpers.BlockUtils.getDB(BlockUtils.java:84)
	at org.apache.hadoop.ozone.container.keyvalue.statemachine.background.BlockDeletingService$BlockDeletingTask.call(BlockDeletingService.java:188)
	at org.apache.hadoop.ozone.container.keyvalue.statemachine.background.BlockDeletingService$BlockDeletingTask.call(BlockDeletingService.java:172)
	at java.util.concurrent.FutureTask.run(FutureTask.java:266)
	at java.util.concurrent.Executors$RunnableAdapter.call(Executors.java:511)
	at java.util.concurrent.FutureTask.run(FutureTask.java:266)
	at java.util.concurrent.Executors$RunnableAdapter.call(Executors.java:511)
	at java.util.concurrent.FutureTask.run(FutureTask.java:266)
	at java.util.concurrent.ScheduledThreadPoolExecutor$ScheduledFutureTask.access$201(ScheduledThreadPoolExecutor.java:180)
	at java.util.concurrent.ScheduledThreadPoolExecutor$ScheduledFutureTask.run(ScheduledThreadPoolExecutor.java:293)
	at java.util.concurrent.ThreadPoolExecutor.runWorker(ThreadPoolExecutor.java:1149)
	at java.util.concurrent.ThreadPoolExecutor$Worker.run(ThreadPoolExecutor.java:624)
	at java.lang.Thread.run(Thread.java:748)
2019-06-12 13:51:00,569 ERROR utils.ContainerCache (ContainerCache.java:getDB(137)) - Error opening DB. Container:3 ContainerPath:/opt/src/hadoop-ozone/integration-test/target/test-dir/MiniOzoneClusterImpl-869c8c0d-6a5a-4d77-b402-f67e80feef85/datanode-0/data/containers/hdds/02d1f6b8-f026-4f59-9974-24481a7be2f4/current/containerDir0/3/metadata/3-dn-container.db
java.io.IOException: Failed init RocksDB, db path : /opt/src/hadoop-ozone/integration-test/target/test-dir/MiniOzoneClusterImpl-869c8c0d-6a5a-4d77-b402-f67e80feef85/datanode-0/data/containers/hdds/02d1f6b8-f026-4f59-9974-24481a7be2f4/current/containerDir0/3/metadata/3-dn-container.db
	at org.apache.hadoop.utils.RocksDBStore.<init>(RocksDBStore.java:87)
	at org.apache.hadoop.utils.MetadataStoreBuilder.build(MetadataStoreBuilder.java:137)
	at org.apache.hadoop.ozone.container.common.utils.ContainerCache.getDB(ContainerCache.java:129)
	at org.apache.hadoop.ozone.container.keyvalue.helpers.BlockUtils.getDB(BlockUtils.java:77)
	at org.apache.hadoop.ozone.container.keyvalue.statemachine.background.BlockDeletingService$BlockDeletingTask.call(BlockDeletingService.java:188)
	at org.apache.hadoop.ozone.container.keyvalue.statemachine.background.BlockDeletingService$BlockDeletingTask.call(BlockDeletingService.java:172)
	at java.util.concurrent.FutureTask.run(FutureTask.java:266)
	at java.util.concurrent.Executors$RunnableAdapter.call(Executors.java:511)
	at java.util.concurrent.FutureTask.run(FutureTask.java:266)
	at java.util.concurrent.Executors$RunnableAdapter.call(Executors.java:511)
	at java.util.concurrent.FutureTask.run(FutureTask.java:266)
	at java.util.concurrent.ScheduledThreadPoolExecutor$ScheduledFutureTask.access$201(ScheduledThreadPoolExecutor.java:180)
	at java.util.concurrent.ScheduledThreadPoolExecutor$ScheduledFutureTask.run(ScheduledThreadPoolExecutor.java:293)
	at java.util.concurrent.ThreadPoolExecutor.runWorker(ThreadPoolExecutor.java:1149)
	at java.util.concurrent.ThreadPoolExecutor$Worker.run(ThreadPoolExecutor.java:624)
	at java.lang.Thread.run(Thread.java:748)
Caused by: org.rocksdb.RocksDBException: While mkdir if missing: /opt/src/hadoop-ozone/integration-test/target/test-dir/MiniOzoneClusterImpl-869c8c0d-6a5a-4d77-b402-f67e80feef85/datanode-0/data/containers/hdds/02d1f6b8-f026-4f59-9974-24481a7be2f4/current/containerDir0/3/metadata/3-dn-container.db: No such file or directory
	at org.rocksdb.RocksDB.open(Native Method)
	at org.rocksdb.RocksDB.open(RocksDB.java:231)
	at org.apache.hadoop.utils.RocksDBStore.<init>(RocksDBStore.java:71)
	... 15 more
2019-06-12 13:51:00,570 ERROR utils.ContainerCache (ContainerCache.java:getDB(137)) - Error opening DB. Container:2 ContainerPath:/opt/src/hadoop-ozone/integration-test/target/test-dir/MiniOzoneClusterImpl-869c8c0d-6a5a-4d77-b402-f67e80feef85/datanode-0/data/containers/hdds/02d1f6b8-f026-4f59-9974-24481a7be2f4/current/containerDir0/2/metadata/2-dn-container.db
java.io.IOException: Failed init RocksDB, db path : /opt/src/hadoop-ozone/integration-test/target/test-dir/MiniOzoneClusterImpl-869c8c0d-6a5a-4d77-b402-f67e80feef85/datanode-0/data/containers/hdds/02d1f6b8-f026-4f59-9974-24481a7be2f4/current/containerDir0/2/metadata/2-dn-container.db
	at org.apache.hadoop.utils.RocksDBStore.<init>(RocksDBStore.java:87)
	at org.apache.hadoop.utils.MetadataStoreBuilder.build(MetadataStoreBuilder.java:137)
	at org.apache.hadoop.ozone.container.common.utils.ContainerCache.getDB(ContainerCache.java:129)
	at org.apache.hadoop.ozone.container.keyvalue.helpers.BlockUtils.getDB(BlockUtils.java:77)
	at org.apache.hadoop.ozone.container.keyvalue.statemachine.background.BlockDeletingService$BlockDeletingTask.call(BlockDeletingService.java:188)
	at org.apache.hadoop.ozone.container.keyvalue.statemachine.background.BlockDeletingService$BlockDeletingTask.call(BlockDeletingService.java:172)
	at java.util.concurrent.FutureTask.run(FutureTask.java:266)
	at java.util.concurrent.Executors$RunnableAdapter.call(Executors.java:511)
	at java.util.concurrent.FutureTask.run(FutureTask.java:266)
	at java.util.concurrent.Executors$RunnableAdapter.call(Executors.java:511)
	at java.util.concurrent.FutureTask.run(FutureTask.java:266)
	at java.util.concurrent.ScheduledThreadPoolExecutor$ScheduledFutureTask.access$201(ScheduledThreadPoolExecutor.java:180)
	at java.util.concurrent.ScheduledThreadPoolExecutor$ScheduledFutureTask.run(ScheduledThreadPoolExecutor.java:293)
	at java.util.concurrent.ThreadPoolExecutor.runWorker(ThreadPoolExecutor.java:1149)
	at java.util.concurrent.ThreadPoolExecutor$Worker.run(ThreadPoolExecutor.java:624)
	at java.lang.Thread.run(Thread.java:748)
Caused by: org.rocksdb.RocksDBException: While mkdir if missing: /opt/src/hadoop-ozone/integration-test/target/test-dir/MiniOzoneClusterImpl-869c8c0d-6a5a-4d77-b402-f67e80feef85/datanode-0/data/containers/hdds/02d1f6b8-f026-4f59-9974-24481a7be2f4/current/containerDir0/2/metadata/2-dn-container.db: No such file or directory
	at org.rocksdb.RocksDB.open(Native Method)
	at org.rocksdb.RocksDB.open(RocksDB.java:231)
	at org.apache.hadoop.utils.RocksDBStore.<init>(RocksDBStore.java:71)
	... 15 more
2019-06-12 13:51:00,569 WARN  utils.BackgroundService (BackgroundService.java:lambda$run$0(135)) - Background task fails to execute, retrying in next interval
java.util.concurrent.ExecutionException: org.apache.hadoop.hdds.scm.container.common.helpers.StorageContainerException: Error opening DB. Container:4 ContainerPath:/opt/src/hadoop-ozone/integration-test/target/test-dir/MiniOzoneClusterImpl-869c8c0d-6a5a-4d77-b402-f67e80feef85/datanode-0/data/containers/hdds/02d1f6b8-f026-4f59-9974-24481a7be2f4/current/containerDir0/4/metadata/4-dn-container.db
	at java.util.concurrent.FutureTask.report(FutureTask.java:122)
	at java.util.concurrent.FutureTask.get(FutureTask.java:206)
	at org.apache.hadoop.utils.BackgroundService$PeriodicalTask.lambda$run$0(BackgroundService.java:129)
	at java.util.stream.ForEachOps$ForEachOp$OfRef.accept(ForEachOps.java:184)
	at java.util.ArrayList$ArrayListSpliterator.forEachRemaining(ArrayList.java:1382)
	at java.util.stream.AbstractPipeline.copyInto(AbstractPipeline.java:482)
	at java.util.stream.ForEachOps$ForEachTask.compute(ForEachOps.java:291)
	at java.util.concurrent.CountedCompleter.exec(CountedCompleter.java:731)
	at java.util.concurrent.ForkJoinTask.doExec(ForkJoinTask.java:289)
	at java.util.concurrent.ForkJoinTask.doInvoke(ForkJoinTask.java:401)
	at java.util.concurrent.ForkJoinTask.invoke(ForkJoinTask.java:734)
	at java.util.stream.ForEachOps$ForEachOp.evaluateParallel(ForEachOps.java:160)
	at java.util.stream.ForEachOps$ForEachOp$OfRef.evaluateParallel(ForEachOps.java:174)
	at java.util.stream.AbstractPipeline.evaluate(AbstractPipeline.java:233)
	at java.util.stream.ReferencePipeline.forEach(ReferencePipeline.java:418)
	at java.util.stream.ReferencePipeline$Head.forEach(ReferencePipeline.java:583)
	at org.apache.hadoop.utils.BackgroundService$PeriodicalTask.run(BackgroundService.java:125)
	at java.util.concurrent.Executors$RunnableAdapter.call(Executors.java:511)
	at java.util.concurrent.FutureTask.runAndReset(FutureTask.java:308)
	at java.util.concurrent.ScheduledThreadPoolExecutor$ScheduledFutureTask.access$301(ScheduledThreadPoolExecutor.java:180)
	at java.util.concurrent.ScheduledThreadPoolExecutor$ScheduledFutureTask.run(ScheduledThreadPoolExecutor.java:294)
	at java.util.concurrent.ThreadPoolExecutor.runWorker(ThreadPoolExecutor.java:1149)
	at java.util.concurrent.ThreadPoolExecutor$Worker.run(ThreadPoolExecutor.java:624)
	at java.lang.Thread.run(Thread.java:748)
Caused by: org.apache.hadoop.hdds.scm.container.common.helpers.StorageContainerException: Error opening DB. Container:4 ContainerPath:/opt/src/hadoop-ozone/integration-test/target/test-dir/MiniOzoneClusterImpl-869c8c0d-6a5a-4d77-b402-f67e80feef85/datanode-0/data/containers/hdds/02d1f6b8-f026-4f59-9974-24481a7be2f4/current/containerDir0/4/metadata/4-dn-container.db
	at org.apache.hadoop.ozone.container.keyvalue.helpers.BlockUtils.getDB(BlockUtils.java:84)
	at org.apache.hadoop.ozone.container.keyvalue.statemachine.background.BlockDeletingService$BlockDeletingTask.call(BlockDeletingService.java:188)
	at org.apache.hadoop.ozone.container.keyvalue.statemachine.background.BlockDeletingService$BlockDeletingTask.call(BlockDeletingService.java:172)
	at java.util.concurrent.FutureTask.run(FutureTask.java:266)
	at java.util.concurrent.Executors$RunnableAdapter.call(Executors.java:511)
	at java.util.concurrent.FutureTask.run(FutureTask.java:266)
	at java.util.concurrent.Executors$RunnableAdapter.call(Executors.java:511)
	at java.util.concurrent.FutureTask.run(FutureTask.java:266)
	at java.util.concurrent.ScheduledThreadPoolExecutor$ScheduledFutureTask.access$201(ScheduledThreadPoolExecutor.java:180)
	at java.util.concurrent.ScheduledThreadPoolExecutor$ScheduledFutureTask.run(ScheduledThreadPoolExecutor.java:293)
	... 3 more
2019-06-12 13:51:00,570 WARN  utils.BackgroundService (BackgroundService.java:lambda$run$0(135)) - Background task fails to execute, retrying in next interval
java.util.concurrent.ExecutionException: org.apache.hadoop.hdds.scm.container.common.helpers.StorageContainerException: Error opening DB. Container:2 ContainerPath:/opt/src/hadoop-ozone/integration-test/target/test-dir/MiniOzoneClusterImpl-869c8c0d-6a5a-4d77-b402-f67e80feef85/datanode-0/data/containers/hdds/02d1f6b8-f026-4f59-9974-24481a7be2f4/current/containerDir0/2/metadata/2-dn-container.db
	at java.util.concurrent.FutureTask.report(FutureTask.java:122)
	at java.util.concurrent.FutureTask.get(FutureTask.java:206)
	at org.apache.hadoop.utils.BackgroundService$PeriodicalTask.lambda$run$0(BackgroundService.java:129)
	at java.util.stream.ForEachOps$ForEachOp$OfRef.accept(ForEachOps.java:184)
	at java.util.ArrayList$ArrayListSpliterator.forEachRemaining(ArrayList.java:1382)
	at java.util.stream.AbstractPipeline.copyInto(AbstractPipeline.java:482)
	at java.util.stream.ForEachOps$ForEachTask.compute(ForEachOps.java:291)
	at java.util.concurrent.CountedCompleter.exec(CountedCompleter.java:731)
	at java.util.concurrent.ForkJoinTask.doExec(ForkJoinTask.java:289)
	at java.util.concurrent.ForkJoinPool$WorkQueue.runTask(ForkJoinPool.java:1056)
	at java.util.concurrent.ForkJoinPool.runWorker(ForkJoinPool.java:1692)
	at java.util.concurrent.ForkJoinWorkerThread.run(ForkJoinWorkerThread.java:157)
Caused by: org.apache.hadoop.hdds.scm.container.common.helpers.StorageContainerException: Error opening DB. Container:2 ContainerPath:/opt/src/hadoop-ozone/integration-test/target/test-dir/MiniOzoneClusterImpl-869c8c0d-6a5a-4d77-b402-f67e80feef85/datanode-0/data/containers/hdds/02d1f6b8-f026-4f59-9974-24481a7be2f4/current/containerDir0/2/metadata/2-dn-container.db
	at org.apache.hadoop.ozone.container.keyvalue.helpers.BlockUtils.getDB(BlockUtils.java:84)
	at org.apache.hadoop.ozone.container.keyvalue.statemachine.background.BlockDeletingService$BlockDeletingTask.call(BlockDeletingService.java:188)
	at org.apache.hadoop.ozone.container.keyvalue.statemachine.background.BlockDeletingService$BlockDeletingTask.call(BlockDeletingService.java:172)
	at java.util.concurrent.FutureTask.run(FutureTask.java:266)
	at java.util.concurrent.Executors$RunnableAdapter.call(Executors.java:511)
	at java.util.concurrent.FutureTask.run(FutureTask.java:266)
	at java.util.concurrent.Executors$RunnableAdapter.call(Executors.java:511)
	at java.util.concurrent.FutureTask.run(FutureTask.java:266)
	at java.util.concurrent.ScheduledThreadPoolExecutor$ScheduledFutureTask.access$201(ScheduledThreadPoolExecutor.java:180)
	at java.util.concurrent.ScheduledThreadPoolExecutor$ScheduledFutureTask.run(ScheduledThreadPoolExecutor.java:293)
	at java.util.concurrent.ThreadPoolExecutor.runWorker(ThreadPoolExecutor.java:1149)
	at java.util.concurrent.ThreadPoolExecutor$Worker.run(ThreadPoolExecutor.java:624)
	at java.lang.Thread.run(Thread.java:748)
2019-06-12 13:51:00,570 WARN  utils.BackgroundService (BackgroundService.java:lambda$run$0(135)) - Background task fails to execute, retrying in next interval
java.util.concurrent.ExecutionException: org.apache.hadoop.hdds.scm.container.common.helpers.StorageContainerException: Error opening DB. Container:3 ContainerPath:/opt/src/hadoop-ozone/integration-test/target/test-dir/MiniOzoneClusterImpl-869c8c0d-6a5a-4d77-b402-f67e80feef85/datanode-0/data/containers/hdds/02d1f6b8-f026-4f59-9974-24481a7be2f4/current/containerDir0/3/metadata/3-dn-container.db
	at java.util.concurrent.FutureTask.report(FutureTask.java:122)
	at java.util.concurrent.FutureTask.get(FutureTask.java:206)
	at org.apache.hadoop.utils.BackgroundService$PeriodicalTask.lambda$run$0(BackgroundService.java:129)
	at java.util.stream.ForEachOps$ForEachOp$OfRef.accept(ForEachOps.java:184)
	at java.util.ArrayList$ArrayListSpliterator.forEachRemaining(ArrayList.java:1382)
	at java.util.stream.AbstractPipeline.copyInto(AbstractPipeline.java:482)
	at java.util.stream.ForEachOps$ForEachTask.compute(ForEachOps.java:291)
	at java.util.concurrent.CountedCompleter.exec(CountedCompleter.java:731)
	at java.util.concurrent.ForkJoinTask.doExec(ForkJoinTask.java:289)
	at java.util.concurrent.ForkJoinPool$WorkQueue.pollAndExecCC(ForkJoinPool.java:1190)
	at java.util.concurrent.ForkJoinPool.helpComplete(ForkJoinPool.java:1879)
	at java.util.concurrent.ForkJoinPool.externalHelpComplete(ForkJoinPool.java:2467)
	at java.util.concurrent.ForkJoinTask.externalAwaitDone(ForkJoinTask.java:324)
	at java.util.concurrent.ForkJoinTask.doInvoke(ForkJoinTask.java:405)
	at java.util.concurrent.ForkJoinTask.invoke(ForkJoinTask.java:734)
	at java.util.stream.ForEachOps$ForEachOp.evaluateParallel(ForEachOps.java:160)
	at java.util.stream.ForEachOps$ForEachOp$OfRef.evaluateParallel(ForEachOps.java:174)
	at java.util.stream.AbstractPipeline.evaluate(AbstractPipeline.java:233)
	at java.util.stream.ReferencePipeline.forEach(ReferencePipeline.java:418)
	at java.util.stream.ReferencePipeline$Head.forEach(ReferencePipeline.java:583)
	at org.apache.hadoop.utils.BackgroundService$PeriodicalTask.run(BackgroundService.java:125)
	at java.util.concurrent.Executors$RunnableAdapter.call(Executors.java:511)
	at java.util.concurrent.FutureTask.runAndReset(FutureTask.java:308)
	at java.util.concurrent.ScheduledThreadPoolExecutor$ScheduledFutureTask.access$301(ScheduledThreadPoolExecutor.java:180)
	at java.util.concurrent.ScheduledThreadPoolExecutor$ScheduledFutureTask.run(ScheduledThreadPoolExecutor.java:294)
	at java.util.concurrent.ThreadPoolExecutor.runWorker(ThreadPoolExecutor.java:1149)
	at java.util.concurrent.ThreadPoolExecutor$Worker.run(ThreadPoolExecutor.java:624)
	at java.lang.Thread.run(Thread.java:748)
Caused by: org.apache.hadoop.hdds.scm.container.common.helpers.StorageContainerException: Error opening DB. Container:3 ContainerPath:/opt/src/hadoop-ozone/integration-test/target/test-dir/MiniOzoneClusterImpl-869c8c0d-6a5a-4d77-b402-f67e80feef85/datanode-0/data/containers/hdds/02d1f6b8-f026-4f59-9974-24481a7be2f4/current/containerDir0/3/metadata/3-dn-container.db
	at org.apache.hadoop.ozone.container.keyvalue.helpers.BlockUtils.getDB(BlockUtils.java:84)
	at org.apache.hadoop.ozone.container.keyvalue.statemachine.background.BlockDeletingService$BlockDeletingTask.call(BlockDeletingService.java:188)
	at org.apache.hadoop.ozone.container.keyvalue.statemachine.background.BlockDeletingService$BlockDeletingTask.call(BlockDeletingService.java:172)
	at java.util.concurrent.FutureTask.run(FutureTask.java:266)
	at java.util.concurrent.Executors$RunnableAdapter.call(Executors.java:511)
	at java.util.concurrent.FutureTask.run(FutureTask.java:266)
	at java.util.concurrent.Executors$RunnableAdapter.call(Executors.java:511)
	at java.util.concurrent.FutureTask.run(FutureTask.java:266)
	at java.util.concurrent.ScheduledThreadPoolExecutor$ScheduledFutureTask.access$201(ScheduledThreadPoolExecutor.java:180)
	at java.util.concurrent.ScheduledThreadPoolExecutor$ScheduledFutureTask.run(ScheduledThreadPoolExecutor.java:293)
	... 3 more
2019-06-12 13:51:01,385 INFO  ozone.MiniOzoneClusterImpl (MiniOzoneClusterImpl.java:lambda$waitForClusterToBeReady$0(142)) - Waiting for cluster to be ready. Got 0 of 1 DN Heartbeats.
2019-06-12 13:51:01,571 INFO  background.BlockDeletingService (BlockDeletingService.java:getTasks(123)) - Plan to choose 10 containers for block deletion, actually returns 5 valid containers.
2019-06-12 13:51:01,572 ERROR utils.ContainerCache (ContainerCache.java:getDB(137)) - Error opening DB. Container:1 ContainerPath:/opt/src/hadoop-ozone/integration-test/target/test-dir/MiniOzoneClusterImpl-869c8c0d-6a5a-4d77-b402-f67e80feef85/datanode-0/data/containers/hdds/02d1f6b8-f026-4f59-9974-24481a7be2f4/current/containerDir0/1/metadata/1-dn-container.db
java.io.IOException: Failed init RocksDB, db path : /opt/src/hadoop-ozone/integration-test/target/test-dir/MiniOzoneClusterImpl-869c8c0d-6a5a-4d77-b402-f67e80feef85/datanode-0/data/containers/hdds/02d1f6b8-f026-4f59-9974-24481a7be2f4/current/containerDir0/1/metadata/1-dn-container.db
	at org.apache.hadoop.utils.RocksDBStore.<init>(RocksDBStore.java:87)
	at org.apache.hadoop.utils.MetadataStoreBuilder.build(MetadataStoreBuilder.java:137)
	at org.apache.hadoop.ozone.container.common.utils.ContainerCache.getDB(ContainerCache.java:129)
	at org.apache.hadoop.ozone.container.keyvalue.helpers.BlockUtils.getDB(BlockUtils.java:77)
	at org.apache.hadoop.ozone.container.keyvalue.statemachine.background.BlockDeletingService$BlockDeletingTask.call(BlockDeletingService.java:188)
	at org.apache.hadoop.ozone.container.keyvalue.statemachine.background.BlockDeletingService$BlockDeletingTask.call(BlockDeletingService.java:172)
	at java.util.concurrent.FutureTask.run(FutureTask.java:266)
	at java.util.concurrent.Executors$RunnableAdapter.call(Executors.java:511)
	at java.util.concurrent.FutureTask.run(FutureTask.java:266)
	at java.util.concurrent.Executors$RunnableAdapter.call(Executors.java:511)
	at java.util.concurrent.FutureTask.run(FutureTask.java:266)
	at java.util.concurrent.ScheduledThreadPoolExecutor$ScheduledFutureTask.access$201(ScheduledThreadPoolExecutor.java:180)
	at java.util.concurrent.ScheduledThreadPoolExecutor$ScheduledFutureTask.run(ScheduledThreadPoolExecutor.java:293)
	at java.util.concurrent.ThreadPoolExecutor.runWorker(ThreadPoolExecutor.java:1149)
	at java.util.concurrent.ThreadPoolExecutor$Worker.run(ThreadPoolExecutor.java:624)
	at java.lang.Thread.run(Thread.java:748)
Caused by: org.rocksdb.RocksDBException: While mkdir if missing: /opt/src/hadoop-ozone/integration-test/target/test-dir/MiniOzoneClusterImpl-869c8c0d-6a5a-4d77-b402-f67e80feef85/datanode-0/data/containers/hdds/02d1f6b8-f026-4f59-9974-24481a7be2f4/current/containerDir0/1/metadata/1-dn-container.db: No such file or directory
	at org.rocksdb.RocksDB.open(Native Method)
	at org.rocksdb.RocksDB.open(RocksDB.java:231)
	at org.apache.hadoop.utils.RocksDBStore.<init>(RocksDBStore.java:71)
	... 15 more
2019-06-12 13:51:01,572 ERROR utils.ContainerCache (ContainerCache.java:getDB(137)) - Error opening DB. Container:5 ContainerPath:/opt/src/hadoop-ozone/integration-test/target/test-dir/MiniOzoneClusterImpl-869c8c0d-6a5a-4d77-b402-f67e80feef85/datanode-0/data/containers/hdds/02d1f6b8-f026-4f59-9974-24481a7be2f4/current/containerDir0/5/metadata/5-dn-container.db
java.io.IOException: Failed init RocksDB, db path : /opt/src/hadoop-ozone/integration-test/target/test-dir/MiniOzoneClusterImpl-869c8c0d-6a5a-4d77-b402-f67e80feef85/datanode-0/data/containers/hdds/02d1f6b8-f026-4f59-9974-24481a7be2f4/current/containerDir0/5/metadata/5-dn-container.db
	at org.apache.hadoop.utils.RocksDBStore.<init>(RocksDBStore.java:87)
	at org.apache.hadoop.utils.MetadataStoreBuilder.build(MetadataStoreBuilder.java:137)
	at org.apache.hadoop.ozone.container.common.utils.ContainerCache.getDB(ContainerCache.java:129)
	at org.apache.hadoop.ozone.container.keyvalue.helpers.BlockUtils.getDB(BlockUtils.java:77)
	at org.apache.hadoop.ozone.container.keyvalue.statemachine.background.BlockDeletingService$BlockDeletingTask.call(BlockDeletingService.java:188)
	at org.apache.hadoop.ozone.container.keyvalue.statemachine.background.BlockDeletingService$BlockDeletingTask.call(BlockDeletingService.java:172)
	at java.util.concurrent.FutureTask.run(FutureTask.java:266)
	at java.util.concurrent.Executors$RunnableAdapter.call(Executors.java:511)
	at java.util.concurrent.FutureTask.run(FutureTask.java:266)
	at java.util.concurrent.Executors$RunnableAdapter.call(Executors.java:511)
	at java.util.concurrent.FutureTask.run(FutureTask.java:266)
	at java.util.concurrent.ScheduledThreadPoolExecutor$ScheduledFutureTask.access$201(ScheduledThreadPoolExecutor.java:180)
	at java.util.concurrent.ScheduledThreadPoolExecutor$ScheduledFutureTask.run(ScheduledThreadPoolExecutor.java:293)
	at java.util.concurrent.ThreadPoolExecutor.runWorker(ThreadPoolExecutor.java:1149)
	at java.util.concurrent.ThreadPoolExecutor$Worker.run(ThreadPoolExecutor.java:624)
	at java.lang.Thread.run(Thread.java:748)
Caused by: org.rocksdb.RocksDBException: While mkdir if missing: /opt/src/hadoop-ozone/integration-test/target/test-dir/MiniOzoneClusterImpl-869c8c0d-6a5a-4d77-b402-f67e80feef85/datanode-0/data/containers/hdds/02d1f6b8-f026-4f59-9974-24481a7be2f4/current/containerDir0/5/metadata/5-dn-container.db: No such file or directory
	at org.rocksdb.RocksDB.open(Native Method)
	at org.rocksdb.RocksDB.open(RocksDB.java:231)
	at org.apache.hadoop.utils.RocksDBStore.<init>(RocksDBStore.java:71)
	... 15 more
2019-06-12 13:51:01,573 WARN  utils.BackgroundService (BackgroundService.java:lambda$run$0(135)) - Background task fails to execute, retrying in next interval
java.util.concurrent.ExecutionException: org.apache.hadoop.hdds.scm.container.common.helpers.StorageContainerException: Error opening DB. Container:5 ContainerPath:/opt/src/hadoop-ozone/integration-test/target/test-dir/MiniOzoneClusterImpl-869c8c0d-6a5a-4d77-b402-f67e80feef85/datanode-0/data/containers/hdds/02d1f6b8-f026-4f59-9974-24481a7be2f4/current/containerDir0/5/metadata/5-dn-container.db
	at java.util.concurrent.FutureTask.report(FutureTask.java:122)
	at java.util.concurrent.FutureTask.get(FutureTask.java:206)
	at org.apache.hadoop.utils.BackgroundService$PeriodicalTask.lambda$run$0(BackgroundService.java:129)
	at java.util.stream.ForEachOps$ForEachOp$OfRef.accept(ForEachOps.java:184)
	at java.util.ArrayList$ArrayListSpliterator.forEachRemaining(ArrayList.java:1382)
	at java.util.stream.AbstractPipeline.copyInto(AbstractPipeline.java:482)
	at java.util.stream.ForEachOps$ForEachTask.compute(ForEachOps.java:291)
	at java.util.concurrent.CountedCompleter.exec(CountedCompleter.java:731)
	at java.util.concurrent.ForkJoinTask.doExec(ForkJoinTask.java:289)
	at java.util.concurrent.ForkJoinPool$WorkQueue.runTask(ForkJoinPool.java:1056)
	at java.util.concurrent.ForkJoinPool.runWorker(ForkJoinPool.java:1692)
	at java.util.concurrent.ForkJoinWorkerThread.run(ForkJoinWorkerThread.java:157)
Caused by: org.apache.hadoop.hdds.scm.container.common.helpers.StorageContainerException: Error opening DB. Container:5 ContainerPath:/opt/src/hadoop-ozone/integration-test/target/test-dir/MiniOzoneClusterImpl-869c8c0d-6a5a-4d77-b402-f67e80feef85/datanode-0/data/containers/hdds/02d1f6b8-f026-4f59-9974-24481a7be2f4/current/containerDir0/5/metadata/5-dn-container.db
	at org.apache.hadoop.ozone.container.keyvalue.helpers.BlockUtils.getDB(BlockUtils.java:84)
	at org.apache.hadoop.ozone.container.keyvalue.statemachine.background.BlockDeletingService$BlockDeletingTask.call(BlockDeletingService.java:188)
	at org.apache.hadoop.ozone.container.keyvalue.statemachine.background.BlockDeletingService$BlockDeletingTask.call(BlockDeletingService.java:172)
	at java.util.concurrent.FutureTask.run(FutureTask.java:266)
	at java.util.concurrent.Executors$RunnableAdapter.call(Executors.java:511)
	at java.util.concurrent.FutureTask.run(FutureTask.java:266)
	at java.util.concurrent.Executors$RunnableAdapter.call(Executors.java:511)
	at java.util.concurrent.FutureTask.run(FutureTask.java:266)
	at java.util.concurrent.ScheduledThreadPoolExecutor$ScheduledFutureTask.access$201(ScheduledThreadPoolExecutor.java:180)
	at java.util.concurrent.ScheduledThreadPoolExecutor$ScheduledFutureTask.run(ScheduledThreadPoolExecutor.java:293)
	at java.util.concurrent.ThreadPoolExecutor.runWorker(ThreadPoolExecutor.java:1149)
	at java.util.concurrent.ThreadPoolExecutor$Worker.run(ThreadPoolExecutor.java:624)
	at java.lang.Thread.run(Thread.java:748)
2019-06-12 13:51:01,573 WARN  utils.BackgroundService (BackgroundService.java:lambda$run$0(135)) - Background task fails to execute, retrying in next interval
java.util.concurrent.ExecutionException: org.apache.hadoop.hdds.scm.container.common.helpers.StorageContainerException: Error opening DB. Container:1 ContainerPath:/opt/src/hadoop-ozone/integration-test/target/test-dir/MiniOzoneClusterImpl-869c8c0d-6a5a-4d77-b402-f67e80feef85/datanode-0/data/containers/hdds/02d1f6b8-f026-4f59-9974-24481a7be2f4/current/containerDir0/1/metadata/1-dn-container.db
	at java.util.concurrent.FutureTask.report(FutureTask.java:122)
	at java.util.concurrent.FutureTask.get(FutureTask.java:206)
	at org.apache.hadoop.utils.BackgroundService$PeriodicalTask.lambda$run$0(BackgroundService.java:129)
	at java.util.stream.ForEachOps$ForEachOp$OfRef.accept(ForEachOps.java:184)
	at java.util.ArrayList$ArrayListSpliterator.forEachRemaining(ArrayList.java:1382)
	at java.util.stream.AbstractPipeline.copyInto(AbstractPipeline.java:482)
	at java.util.stream.ForEachOps$ForEachTask.compute(ForEachOps.java:291)
	at java.util.concurrent.CountedCompleter.exec(CountedCompleter.java:731)
	at java.util.concurrent.ForkJoinTask.doExec(ForkJoinTask.java:289)
	at java.util.concurrent.ForkJoinPool$WorkQueue.execLocalTasks(ForkJoinPool.java:1040)
	at java.util.concurrent.ForkJoinPool$WorkQueue.runTask(ForkJoinPool.java:1058)
	at java.util.concurrent.ForkJoinPool.runWorker(ForkJoinPool.java:1692)
	at java.util.concurrent.ForkJoinWorkerThread.run(ForkJoinWorkerThread.java:157)
Caused by: org.apache.hadoop.hdds.scm.container.common.helpers.StorageContainerException: Error opening DB. Container:1 ContainerPath:/opt/src/hadoop-ozone/integration-test/target/test-dir/MiniOzoneClusterImpl-869c8c0d-6a5a-4d77-b402-f67e80feef85/datanode-0/data/containers/hdds/02d1f6b8-f026-4f59-9974-24481a7be2f4/current/containerDir0/1/metadata/1-dn-container.db
	at org.apache.hadoop.ozone.container.keyvalue.helpers.BlockUtils.getDB(BlockUtils.java:84)
	at org.apache.hadoop.ozone.container.keyvalue.statemachine.background.BlockDeletingService$BlockDeletingTask.call(BlockDeletingService.java:188)
	at org.apache.hadoop.ozone.container.keyvalue.statemachine.background.BlockDeletingService$BlockDeletingTask.call(BlockDeletingService.java:172)
	at java.util.concurrent.FutureTask.run(FutureTask.java:266)
	at java.util.concurrent.Executors$RunnableAdapter.call(Executors.java:511)
	at java.util.concurrent.FutureTask.run(FutureTask.java:266)
	at java.util.concurrent.Executors$RunnableAdapter.call(Executors.java:511)
	at java.util.concurrent.FutureTask.run(FutureTask.java:266)
	at java.util.concurrent.ScheduledThreadPoolExecutor$ScheduledFutureTask.access$201(ScheduledThreadPoolExecutor.java:180)
	at java.util.concurrent.ScheduledThreadPoolExecutor$ScheduledFutureTask.run(ScheduledThreadPoolExecutor.java:293)
	at java.util.concurrent.ThreadPoolExecutor.runWorker(ThreadPoolExecutor.java:1149)
	at java.util.concurrent.ThreadPoolExecutor$Worker.run(ThreadPoolExecutor.java:624)
	at java.lang.Thread.run(Thread.java:748)
2019-06-12 13:51:01,573 ERROR utils.ContainerCache (ContainerCache.java:getDB(137)) - Error opening DB. Container:4 ContainerPath:/opt/src/hadoop-ozone/integration-test/target/test-dir/MiniOzoneClusterImpl-869c8c0d-6a5a-4d77-b402-f67e80feef85/datanode-0/data/containers/hdds/02d1f6b8-f026-4f59-9974-24481a7be2f4/current/containerDir0/4/metadata/4-dn-container.db
java.io.IOException: Failed init RocksDB, db path : /opt/src/hadoop-ozone/integration-test/target/test-dir/MiniOzoneClusterImpl-869c8c0d-6a5a-4d77-b402-f67e80feef85/datanode-0/data/containers/hdds/02d1f6b8-f026-4f59-9974-24481a7be2f4/current/containerDir0/4/metadata/4-dn-container.db
	at org.apache.hadoop.utils.RocksDBStore.<init>(RocksDBStore.java:87)
	at org.apache.hadoop.utils.MetadataStoreBuilder.build(MetadataStoreBuilder.java:137)
	at org.apache.hadoop.ozone.container.common.utils.ContainerCache.getDB(ContainerCache.java:129)
	at org.apache.hadoop.ozone.container.keyvalue.helpers.BlockUtils.getDB(BlockUtils.java:77)
	at org.apache.hadoop.ozone.container.keyvalue.statemachine.background.BlockDeletingService$BlockDeletingTask.call(BlockDeletingService.java:188)
	at org.apache.hadoop.ozone.container.keyvalue.statemachine.background.BlockDeletingService$BlockDeletingTask.call(BlockDeletingService.java:172)
	at java.util.concurrent.FutureTask.run(FutureTask.java:266)
	at java.util.concurrent.Executors$RunnableAdapter.call(Executors.java:511)
	at java.util.concurrent.FutureTask.run(FutureTask.java:266)
	at java.util.concurrent.Executors$RunnableAdapter.call(Executors.java:511)
	at java.util.concurrent.FutureTask.run(FutureTask.java:266)
	at java.util.concurrent.ScheduledThreadPoolExecutor$ScheduledFutureTask.access$201(ScheduledThreadPoolExecutor.java:180)
	at java.util.concurrent.ScheduledThreadPoolExecutor$ScheduledFutureTask.run(ScheduledThreadPoolExecutor.java:293)
	at java.util.concurrent.ThreadPoolExecutor.runWorker(ThreadPoolExecutor.java:1149)
	at java.util.concurrent.ThreadPoolExecutor$Worker.run(ThreadPoolExecutor.java:624)
	at java.lang.Thread.run(Thread.java:748)
Caused by: org.rocksdb.RocksDBException: While mkdir if missing: /opt/src/hadoop-ozone/integration-test/target/test-dir/MiniOzoneClusterImpl-869c8c0d-6a5a-4d77-b402-f67e80feef85/datanode-0/data/containers/hdds/02d1f6b8-f026-4f59-9974-24481a7be2f4/current/containerDir0/4/metadata/4-dn-container.db: No such file or directory
	at org.rocksdb.RocksDB.open(Native Method)
	at org.rocksdb.RocksDB.open(RocksDB.java:231)
	at org.apache.hadoop.utils.RocksDBStore.<init>(RocksDBStore.java:71)
	... 15 more
2019-06-12 13:51:01,574 WARN  utils.BackgroundService (BackgroundService.java:lambda$run$0(135)) - Background task fails to execute, retrying in next interval
java.util.concurrent.ExecutionException: org.apache.hadoop.hdds.scm.container.common.helpers.StorageContainerException: Error opening DB. Container:4 ContainerPath:/opt/src/hadoop-ozone/integration-test/target/test-dir/MiniOzoneClusterImpl-869c8c0d-6a5a-4d77-b402-f67e80feef85/datanode-0/data/containers/hdds/02d1f6b8-f026-4f59-9974-24481a7be2f4/current/containerDir0/4/metadata/4-dn-container.db
	at java.util.concurrent.FutureTask.report(FutureTask.java:122)
	at java.util.concurrent.FutureTask.get(FutureTask.java:206)
	at org.apache.hadoop.utils.BackgroundService$PeriodicalTask.lambda$run$0(BackgroundService.java:129)
	at java.util.stream.ForEachOps$ForEachOp$OfRef.accept(ForEachOps.java:184)
	at java.util.ArrayList$ArrayListSpliterator.forEachRemaining(ArrayList.java:1382)
	at java.util.stream.AbstractPipeline.copyInto(AbstractPipeline.java:482)
	at java.util.stream.ForEachOps$ForEachTask.compute(ForEachOps.java:291)
	at java.util.concurrent.CountedCompleter.exec(CountedCompleter.java:731)
	at java.util.concurrent.ForkJoinTask.doExec(ForkJoinTask.java:289)
	at java.util.concurrent.ForkJoinTask.doInvoke(ForkJoinTask.java:401)
	at java.util.concurrent.ForkJoinTask.invoke(ForkJoinTask.java:734)
	at java.util.stream.ForEachOps$ForEachOp.evaluateParallel(ForEachOps.java:160)
	at java.util.stream.ForEachOps$ForEachOp$OfRef.evaluateParallel(ForEachOps.java:174)
	at java.util.stream.AbstractPipeline.evaluate(AbstractPipeline.java:233)
	at java.util.stream.ReferencePipeline.forEach(ReferencePipeline.java:418)
	at java.util.stream.ReferencePipeline$Head.forEach(ReferencePipeline.java:583)
	at org.apache.hadoop.utils.BackgroundService$PeriodicalTask.run(BackgroundService.java:125)
	at java.util.concurrent.Executors$RunnableAdapter.call(Executors.java:511)
	at java.util.concurrent.FutureTask.runAndReset(FutureTask.java:308)
	at java.util.concurrent.ScheduledThreadPoolExecutor$ScheduledFutureTask.access$301(ScheduledThreadPoolExecutor.java:180)
	at java.util.concurrent.ScheduledThreadPoolExecutor$ScheduledFutureTask.run(ScheduledThreadPoolExecutor.java:294)
	at java.util.concurrent.ThreadPoolExecutor.runWorker(ThreadPoolExecutor.java:1149)
	at java.util.concurrent.ThreadPoolExecutor$Worker.run(ThreadPoolExecutor.java:624)
	at java.lang.Thread.run(Thread.java:748)
Caused by: org.apache.hadoop.hdds.scm.container.common.helpers.StorageContainerException: Error opening DB. Container:4 ContainerPath:/opt/src/hadoop-ozone/integration-test/target/test-dir/MiniOzoneClusterImpl-869c8c0d-6a5a-4d77-b402-f67e80feef85/datanode-0/data/containers/hdds/02d1f6b8-f026-4f59-9974-24481a7be2f4/current/containerDir0/4/metadata/4-dn-container.db
	at org.apache.hadoop.ozone.container.keyvalue.helpers.BlockUtils.getDB(BlockUtils.java:84)
	at org.apache.hadoop.ozone.container.keyvalue.statemachine.background.BlockDeletingService$BlockDeletingTask.call(BlockDeletingService.java:188)
	at org.apache.hadoop.ozone.container.keyvalue.statemachine.background.BlockDeletingService$BlockDeletingTask.call(BlockDeletingService.java:172)
	at java.util.concurrent.FutureTask.run(FutureTask.java:266)
	at java.util.concurrent.Executors$RunnableAdapter.call(Executors.java:511)
	at java.util.concurrent.FutureTask.run(FutureTask.java:266)
	at java.util.concurrent.Executors$RunnableAdapter.call(Executors.java:511)
	at java.util.concurrent.FutureTask.run(FutureTask.java:266)
	at java.util.concurrent.ScheduledThreadPoolExecutor$ScheduledFutureTask.access$201(ScheduledThreadPoolExecutor.java:180)
	at java.util.concurrent.ScheduledThreadPoolExecutor$ScheduledFutureTask.run(ScheduledThreadPoolExecutor.java:293)
	... 3 more
2019-06-12 13:51:01,574 ERROR utils.ContainerCache (ContainerCache.java:getDB(137)) - Error opening DB. Container:3 ContainerPath:/opt/src/hadoop-ozone/integration-test/target/test-dir/MiniOzoneClusterImpl-869c8c0d-6a5a-4d77-b402-f67e80feef85/datanode-0/data/containers/hdds/02d1f6b8-f026-4f59-9974-24481a7be2f4/current/containerDir0/3/metadata/3-dn-container.db
java.io.IOException: Failed init RocksDB, db path : /opt/src/hadoop-ozone/integration-test/target/test-dir/MiniOzoneClusterImpl-869c8c0d-6a5a-4d77-b402-f67e80feef85/datanode-0/data/containers/hdds/02d1f6b8-f026-4f59-9974-24481a7be2f4/current/containerDir0/3/metadata/3-dn-container.db
	at org.apache.hadoop.utils.RocksDBStore.<init>(RocksDBStore.java:87)
	at org.apache.hadoop.utils.MetadataStoreBuilder.build(MetadataStoreBuilder.java:137)
	at org.apache.hadoop.ozone.container.common.utils.ContainerCache.getDB(ContainerCache.java:129)
	at org.apache.hadoop.ozone.container.keyvalue.helpers.BlockUtils.getDB(BlockUtils.java:77)
	at org.apache.hadoop.ozone.container.keyvalue.statemachine.background.BlockDeletingService$BlockDeletingTask.call(BlockDeletingService.java:188)
	at org.apache.hadoop.ozone.container.keyvalue.statemachine.background.BlockDeletingService$BlockDeletingTask.call(BlockDeletingService.java:172)
	at java.util.concurrent.FutureTask.run(FutureTask.java:266)
	at java.util.concurrent.Executors$RunnableAdapter.call(Executors.java:511)
	at java.util.concurrent.FutureTask.run(FutureTask.java:266)
	at java.util.concurrent.Executors$RunnableAdapter.call(Executors.java:511)
	at java.util.concurrent.FutureTask.run(FutureTask.java:266)
	at java.util.concurrent.ScheduledThreadPoolExecutor$ScheduledFutureTask.access$201(ScheduledThreadPoolExecutor.java:180)
	at java.util.concurrent.ScheduledThreadPoolExecutor$ScheduledFutureTask.run(ScheduledThreadPoolExecutor.java:293)
	at java.util.concurrent.ThreadPoolExecutor.runWorker(ThreadPoolExecutor.java:1149)
	at java.util.concurrent.ThreadPoolExecutor$Worker.run(ThreadPoolExecutor.java:624)
	at java.lang.Thread.run(Thread.java:748)
Caused by: org.rocksdb.RocksDBException: While mkdir if missing: /opt/src/hadoop-ozone/integration-test/target/test-dir/MiniOzoneClusterImpl-869c8c0d-6a5a-4d77-b402-f67e80feef85/datanode-0/data/containers/hdds/02d1f6b8-f026-4f59-9974-24481a7be2f4/current/containerDir0/3/metadata/3-dn-container.db: No such file or directory
	at org.rocksdb.RocksDB.open(Native Method)
	at org.rocksdb.RocksDB.open(RocksDB.java:231)
	at org.apache.hadoop.utils.RocksDBStore.<init>(RocksDBStore.java:71)
	... 15 more
2019-06-12 13:51:01,574 WARN  utils.BackgroundService (BackgroundService.java:lambda$run$0(135)) - Background task fails to execute, retrying in next interval
java.util.concurrent.ExecutionException: org.apache.hadoop.hdds.scm.container.common.helpers.StorageContainerException: Error opening DB. Container:3 ContainerPath:/opt/src/hadoop-ozone/integration-test/target/test-dir/MiniOzoneClusterImpl-869c8c0d-6a5a-4d77-b402-f67e80feef85/datanode-0/data/containers/hdds/02d1f6b8-f026-4f59-9974-24481a7be2f4/current/containerDir0/3/metadata/3-dn-container.db
	at java.util.concurrent.FutureTask.report(FutureTask.java:122)
	at java.util.concurrent.FutureTask.get(FutureTask.java:206)
	at org.apache.hadoop.utils.BackgroundService$PeriodicalTask.lambda$run$0(BackgroundService.java:129)
	at java.util.stream.ForEachOps$ForEachOp$OfRef.accept(ForEachOps.java:184)
	at java.util.ArrayList$ArrayListSpliterator.forEachRemaining(ArrayList.java:1382)
	at java.util.stream.AbstractPipeline.copyInto(AbstractPipeline.java:482)
	at java.util.stream.ForEachOps$ForEachTask.compute(ForEachOps.java:291)
	at java.util.concurrent.CountedCompleter.exec(CountedCompleter.java:731)
	at java.util.concurrent.ForkJoinTask.doExec(ForkJoinTask.java:289)
	at java.util.concurrent.ForkJoinPool$WorkQueue.pollAndExecCC(ForkJoinPool.java:1190)
	at java.util.concurrent.ForkJoinPool.helpComplete(ForkJoinPool.java:1879)
	at java.util.concurrent.ForkJoinPool.externalHelpComplete(ForkJoinPool.java:2467)
	at java.util.concurrent.ForkJoinTask.externalAwaitDone(ForkJoinTask.java:324)
	at java.util.concurrent.ForkJoinTask.doInvoke(ForkJoinTask.java:405)
	at java.util.concurrent.ForkJoinTask.invoke(ForkJoinTask.java:734)
	at java.util.stream.ForEachOps$ForEachOp.evaluateParallel(ForEachOps.java:160)
	at java.util.stream.ForEachOps$ForEachOp$OfRef.evaluateParallel(ForEachOps.java:174)
	at java.util.stream.AbstractPipeline.evaluate(AbstractPipeline.java:233)
	at java.util.stream.ReferencePipeline.forEach(ReferencePipeline.java:418)
	at java.util.stream.ReferencePipeline$Head.forEach(ReferencePipeline.java:583)
	at org.apache.hadoop.utils.BackgroundService$PeriodicalTask.run(BackgroundService.java:125)
	at java.util.concurrent.Executors$RunnableAdapter.call(Executors.java:511)
	at java.util.concurrent.FutureTask.runAndReset(FutureTask.java:308)
	at java.util.concurrent.ScheduledThreadPoolExecutor$ScheduledFutureTask.access$301(ScheduledThreadPoolExecutor.java:180)
	at java.util.concurrent.ScheduledThreadPoolExecutor$ScheduledFutureTask.run(ScheduledThreadPoolExecutor.java:294)
	at java.util.concurrent.ThreadPoolExecutor.runWorker(ThreadPoolExecutor.java:1149)
	at java.util.concurrent.ThreadPoolExecutor$Worker.run(ThreadPoolExecutor.java:624)
	at java.lang.Thread.run(Thread.java:748)
Caused by: org.apache.hadoop.hdds.scm.container.common.helpers.StorageContainerException: Error opening DB. Container:3 ContainerPath:/opt/src/hadoop-ozone/integration-test/target/test-dir/MiniOzoneClusterImpl-869c8c0d-6a5a-4d77-b402-f67e80feef85/datanode-0/data/containers/hdds/02d1f6b8-f026-4f59-9974-24481a7be2f4/current/containerDir0/3/metadata/3-dn-container.db
	at org.apache.hadoop.ozone.container.keyvalue.helpers.BlockUtils.getDB(BlockUtils.java:84)
	at org.apache.hadoop.ozone.container.keyvalue.statemachine.background.BlockDeletingService$BlockDeletingTask.call(BlockDeletingService.java:188)
	at org.apache.hadoop.ozone.container.keyvalue.statemachine.background.BlockDeletingService$BlockDeletingTask.call(BlockDeletingService.java:172)
	at java.util.concurrent.FutureTask.run(FutureTask.java:266)
	at java.util.concurrent.Executors$RunnableAdapter.call(Executors.java:511)
	at java.util.concurrent.FutureTask.run(FutureTask.java:266)
	at java.util.concurrent.Executors$RunnableAdapter.call(Executors.java:511)
	at java.util.concurrent.FutureTask.run(FutureTask.java:266)
	at java.util.concurrent.ScheduledThreadPoolExecutor$ScheduledFutureTask.access$201(ScheduledThreadPoolExecutor.java:180)
	at java.util.concurrent.ScheduledThreadPoolExecutor$ScheduledFutureTask.run(ScheduledThreadPoolExecutor.java:293)
	... 3 more
2019-06-12 13:51:01,574 ERROR utils.ContainerCache (ContainerCache.java:getDB(137)) - Error opening DB. Container:2 ContainerPath:/opt/src/hadoop-ozone/integration-test/target/test-dir/MiniOzoneClusterImpl-869c8c0d-6a5a-4d77-b402-f67e80feef85/datanode-0/data/containers/hdds/02d1f6b8-f026-4f59-9974-24481a7be2f4/current/containerDir0/2/metadata/2-dn-container.db
java.io.IOException: Failed init RocksDB, db path : /opt/src/hadoop-ozone/integration-test/target/test-dir/MiniOzoneClusterImpl-869c8c0d-6a5a-4d77-b402-f67e80feef85/datanode-0/data/containers/hdds/02d1f6b8-f026-4f59-9974-24481a7be2f4/current/containerDir0/2/metadata/2-dn-container.db
	at org.apache.hadoop.utils.RocksDBStore.<init>(RocksDBStore.java:87)
	at org.apache.hadoop.utils.MetadataStoreBuilder.build(MetadataStoreBuilder.java:137)
	at org.apache.hadoop.ozone.container.common.utils.ContainerCache.getDB(ContainerCache.java:129)
	at org.apache.hadoop.ozone.container.keyvalue.helpers.BlockUtils.getDB(BlockUtils.java:77)
	at org.apache.hadoop.ozone.container.keyvalue.statemachine.background.BlockDeletingService$BlockDeletingTask.call(BlockDeletingService.java:188)
	at org.apache.hadoop.ozone.container.keyvalue.statemachine.background.BlockDeletingService$BlockDeletingTask.call(BlockDeletingService.java:172)
	at java.util.concurrent.FutureTask.run(FutureTask.java:266)
	at java.util.concurrent.Executors$RunnableAdapter.call(Executors.java:511)
	at java.util.concurrent.FutureTask.run(FutureTask.java:266)
	at java.util.concurrent.Executors$RunnableAdapter.call(Executors.java:511)
	at java.util.concurrent.FutureTask.run(FutureTask.java:266)
	at java.util.concurrent.ScheduledThreadPoolExecutor$ScheduledFutureTask.access$201(ScheduledThreadPoolExecutor.java:180)
	at java.util.concurrent.ScheduledThreadPoolExecutor$ScheduledFutureTask.run(ScheduledThreadPoolExecutor.java:293)
	at java.util.concurrent.ThreadPoolExecutor.runWorker(ThreadPoolExecutor.java:1149)
	at java.util.concurrent.ThreadPoolExecutor$Worker.run(ThreadPoolExecutor.java:624)
	at java.lang.Thread.run(Thread.java:748)
Caused by: org.rocksdb.RocksDBException: While mkdir if missing: /opt/src/hadoop-ozone/integration-test/target/test-dir/MiniOzoneClusterImpl-869c8c0d-6a5a-4d77-b402-f67e80feef85/datanode-0/data/containers/hdds/02d1f6b8-f026-4f59-9974-24481a7be2f4/current/containerDir0/2/metadata/2-dn-container.db: No such file or directory
	at org.rocksdb.RocksDB.open(Native Method)
	at org.rocksdb.RocksDB.open(RocksDB.java:231)
	at org.apache.hadoop.utils.RocksDBStore.<init>(RocksDBStore.java:71)
	... 15 more
2019-06-12 13:51:01,575 WARN  utils.BackgroundService (BackgroundService.java:lambda$run$0(135)) - Background task fails to execute, retrying in next interval
java.util.concurrent.ExecutionException: org.apache.hadoop.hdds.scm.container.common.helpers.StorageContainerException: Error opening DB. Container:2 ContainerPath:/opt/src/hadoop-ozone/integration-test/target/test-dir/MiniOzoneClusterImpl-869c8c0d-6a5a-4d77-b402-f67e80feef85/datanode-0/data/containers/hdds/02d1f6b8-f026-4f59-9974-24481a7be2f4/current/containerDir0/2/metadata/2-dn-container.db
	at java.util.concurrent.FutureTask.report(FutureTask.java:122)
	at java.util.concurrent.FutureTask.get(FutureTask.java:206)
	at org.apache.hadoop.utils.BackgroundService$PeriodicalTask.lambda$run$0(BackgroundService.java:129)
	at java.util.stream.ForEachOps$ForEachOp$OfRef.accept(ForEachOps.java:184)
	at java.util.ArrayList$ArrayListSpliterator.forEachRemaining(ArrayList.java:1382)
	at java.util.stream.AbstractPipeline.copyInto(AbstractPipeline.java:482)
	at java.util.stream.ForEachOps$ForEachTask.compute(ForEachOps.java:291)
	at java.util.concurrent.CountedCompleter.exec(CountedCompleter.java:731)
	at java.util.concurrent.ForkJoinTask.doExec(ForkJoinTask.java:289)
	at java.util.concurrent.ForkJoinPool$WorkQueue.runTask(ForkJoinPool.java:1056)
	at java.util.concurrent.ForkJoinPool.runWorker(ForkJoinPool.java:1692)
	at java.util.concurrent.ForkJoinWorkerThread.run(ForkJoinWorkerThread.java:157)
Caused by: org.apache.hadoop.hdds.scm.container.common.helpers.StorageContainerException: Error opening DB. Container:2 ContainerPath:/opt/src/hadoop-ozone/integration-test/target/test-dir/MiniOzoneClusterImpl-869c8c0d-6a5a-4d77-b402-f67e80feef85/datanode-0/data/containers/hdds/02d1f6b8-f026-4f59-9974-24481a7be2f4/current/containerDir0/2/metadata/2-dn-container.db
	at org.apache.hadoop.ozone.container.keyvalue.helpers.BlockUtils.getDB(BlockUtils.java:84)
	at org.apache.hadoop.ozone.container.keyvalue.statemachine.background.BlockDeletingService$BlockDeletingTask.call(BlockDeletingService.java:188)
	at org.apache.hadoop.ozone.container.keyvalue.statemachine.background.BlockDeletingService$BlockDeletingTask.call(BlockDeletingService.java:172)
	at java.util.concurrent.FutureTask.run(FutureTask.java:266)
	at java.util.concurrent.Executors$RunnableAdapter.call(Executors.java:511)
	at java.util.concurrent.FutureTask.run(FutureTask.java:266)
	at java.util.concurrent.Executors$RunnableAdapter.call(Executors.java:511)
	at java.util.concurrent.FutureTask.run(FutureTask.java:266)
	at java.util.concurrent.ScheduledThreadPoolExecutor$ScheduledFutureTask.access$201(ScheduledThreadPoolExecutor.java:180)
	at java.util.concurrent.ScheduledThreadPoolExecutor$ScheduledFutureTask.run(ScheduledThreadPoolExecutor.java:293)
	at java.util.concurrent.ThreadPoolExecutor.runWorker(ThreadPoolExecutor.java:1149)
	at java.util.concurrent.ThreadPoolExecutor$Worker.run(ThreadPoolExecutor.java:624)
	at java.lang.Thread.run(Thread.java:748)
2019-06-12 13:51:02,386 INFO  ozone.MiniOzoneClusterImpl (MiniOzoneClusterImpl.java:lambda$waitForClusterToBeReady$0(142)) - Cluster is ready. Got 1 of 1 DN Heartbeats.
2019-06-12 13:51:02,387 INFO  node.SCMNodeManager (SCMNodeManager.java:register(234)) - Registered Data node : d30925d8-ee5e-4ea8-a96c-99ad4d21afe0{ip: 192.168.11.194, host: ozone-5qnff-1533938733, networkLocation: /default-rack, certSerialId: null}
2019-06-12 13:51:02,392 INFO  safemode.SCMSafeModeManager (DataNodeSafeModeRule.java:process(71)) - SCM in safe mode. 1 DataNodes registered, 1 required.
2019-06-12 13:51:02,399 INFO  safemode.SCMSafeModeManager (SCMSafeModeManager.java:validateSafeModeExitRules(177)) - ScmSafeModeManager, all rules are successfully validated
2019-06-12 13:51:02,399 INFO  safemode.SCMSafeModeManager (SCMSafeModeManager.java:exitSafeMode(193)) - SCM exiting safe mode.
2019-06-12 13:51:02,423 INFO  impl.RaftServerProxy (RaftServerProxy.java:addNew(89)) - d30925d8-ee5e-4ea8-a96c-99ad4d21afe0: addNew group-95A2A04FB539:[d30925d8-ee5e-4ea8-a96c-99ad4d21afe0:192.168.11.194:42131] returns group-95A2A04FB539:java.util.concurrent.CompletableFuture@4ef06e6a[Not completed]
2019-06-12 13:51:02,426 INFO  impl.RaftServerImpl (RaftServerImpl.java:<init>(91)) - d30925d8-ee5e-4ea8-a96c-99ad4d21afe0: new RaftServerImpl for group-95A2A04FB539:[d30925d8-ee5e-4ea8-a96c-99ad4d21afe0:192.168.11.194:42131] with ContainerStateMachine:uninitialized
2019-06-12 13:51:02,426 INFO  server.RaftServerConfigKeys (ConfUtils.java:logGet(43)) - raft.server.rpc.timeout.min = 1s (custom)
2019-06-12 13:51:02,426 INFO  server.RaftServerConfigKeys (ConfUtils.java:logGet(43)) - raft.server.rpc.timeout.max = 1200ms (custom)
2019-06-12 13:51:02,426 INFO  server.RaftServerConfigKeys (ConfUtils.java:logGet(43)) - raft.server.rpcslowness.timeout = 120s (custom)
2019-06-12 13:51:02,426 INFO  server.RaftServerConfigKeys (ConfUtils.java:logGet(43)) - raft.server.log.appender.install.snapshot.enabled = true (default)
2019-06-12 13:51:02,426 INFO  impl.RaftServerImpl (ServerState.java:<init>(101)) - d30925d8-ee5e-4ea8-a96c-99ad4d21afe0:group-95A2A04FB539 ConfigurationManager, init=-1: [d30925d8-ee5e-4ea8-a96c-99ad4d21afe0:192.168.11.194:42131], old=null, confs=<EMPTY_MAP>
2019-06-12 13:51:02,426 INFO  server.RaftServerConfigKeys (ConfUtils.java:logGet(43)) - raft.server.storage.dir = [/opt/src/hadoop-ozone/integration-test/target/test-dir/MiniOzoneClusterImpl-c318ed5c-8950-4a6c-8aeb-779a8deb068f/datanode-0/data/ratis] (custom)
2019-06-12 13:51:02,426 INFO  storage.RaftStorageDirectory (RaftStorageDirectory.java:analyzeStorage(246)) - The storage directory /opt/src/hadoop-ozone/integration-test/target/test-dir/MiniOzoneClusterImpl-c318ed5c-8950-4a6c-8aeb-779a8deb068f/datanode-0/data/ratis/6b29fb4f-ecb2-4394-a9ce-95a2a04fb539 does not exist. Creating ...
2019-06-12 13:51:02,429 INFO  storage.RaftStorageDirectory (RaftStorageDirectory.java:tryLock(328)) - Lock on /opt/src/hadoop-ozone/integration-test/target/test-dir/MiniOzoneClusterImpl-c318ed5c-8950-4a6c-8aeb-779a8deb068f/datanode-0/data/ratis/6b29fb4f-ecb2-4394-a9ce-95a2a04fb539/in_use.lock acquired by nodename 17093@ozone-5qnff-1533938733
2019-06-12 13:51:02,431 INFO  storage.RaftStorage (RaftStorage.java:format(75)) - Storage directory /opt/src/hadoop-ozone/integration-test/target/test-dir/MiniOzoneClusterImpl-c318ed5c-8950-4a6c-8aeb-779a8deb068f/datanode-0/data/ratis/6b29fb4f-ecb2-4394-a9ce-95a2a04fb539 has been successfully formatted.
2019-06-12 13:51:02,431 INFO  ratis.ContainerStateMachine (ContainerStateMachine.java:loadSnapshot(199)) - The snapshot info is null.Setting the last applied index to:(t:0, i:~)
2019-06-12 13:51:02,431 INFO  server.RaftServerConfigKeys (ConfUtils.java:logGet(43)) - raft.server.leader.election.timeout = 120s (custom)
2019-06-12 13:51:02,431 INFO  server.RaftServerConfigKeys (ConfUtils.java:logGet(43)) - raft.server.log.use.memory = false (default)
2019-06-12 13:51:02,432 INFO  server.RaftServerConfigKeys (ConfUtils.java:logGet(43)) - raft.server.log.appender.buffer.byte-limit = 33554432 (custom)
2019-06-12 13:51:02,432 INFO  server.RaftServerConfigKeys (ConfUtils.java:logGet(43)) - raft.server.log.segment.size.max = 16384 (custom)
2019-06-12 13:51:02,432 INFO  server.RaftServerConfigKeys (ConfUtils.java:logGet(43)) - raft.server.log.segment.cache.num.max = 2 (custom)
2019-06-12 13:51:02,432 INFO  storage.RaftLogWorker (RaftLogWorker.java:<init>(123)) - new d30925d8-ee5e-4ea8-a96c-99ad4d21afe0-RaftLogWorker for Storage Directory /opt/src/hadoop-ozone/integration-test/target/test-dir/MiniOzoneClusterImpl-c318ed5c-8950-4a6c-8aeb-779a8deb068f/datanode-0/data/ratis/6b29fb4f-ecb2-4394-a9ce-95a2a04fb539
2019-06-12 13:51:02,432 INFO  server.RaftServerConfigKeys (ConfUtils.java:logGet(43)) - raft.server.log.queue.byte-limit = 2147483647 (custom)
2019-06-12 13:51:02,432 INFO  server.RaftServerConfigKeys (ConfUtils.java:logGet(43)) - raft.server.log.queue.element-limit = 1024 (custom)
2019-06-12 13:51:02,432 INFO  server.RaftServerConfigKeys (ConfUtils.java:logGet(43)) - raft.server.log.segment.size.max = 16384 (custom)
2019-06-12 13:51:02,433 INFO  server.RaftServerConfigKeys (ConfUtils.java:logGet(43)) - raft.server.log.preallocated.size = 16384 (custom)
2019-06-12 13:51:02,433 INFO  server.RaftServerConfigKeys (ConfUtils.java:logGet(43)) - raft.server.log.write.buffer.size = 33554432 (custom)
2019-06-12 13:51:02,433 INFO  server.RaftServerConfigKeys (ConfUtils.java:logGet(43)) - raft.server.log.force.sync.num = 128 (default)
2019-06-12 13:51:02,433 INFO  server.RaftServerConfigKeys (ConfUtils.java:logGet(43)) - raft.server.log.statemachine.data.sync = true (default)
2019-06-12 13:51:02,433 INFO  server.RaftServerConfigKeys (ConfUtils.java:logGet(43)) - raft.server.log.statemachine.data.sync.timeout = 10s (default)
2019-06-12 13:51:02,433 INFO  server.RaftServerConfigKeys (ConfUtils.java:logGet(43)) - raft.server.log.statemachine.data.sync.timeout.retry = -1 (default)
2019-06-12 13:51:02,433 INFO  server.RaftServerConfigKeys (ConfUtils.java:logGet(43)) - raft.server.log.statemachine.data.caching.enabled = true (custom)
2019-06-12 13:51:02,434 INFO  server.RaftServerConfigKeys (ConfUtils.java:logGet(43)) - raft.server.snapshot.auto.trigger.enabled = true (custom)
2019-06-12 13:51:02,434 INFO  server.RaftServerConfigKeys (ConfUtils.java:logGet(43)) - raft.server.snapshot.auto.trigger.threshold = 10000 (custom)
2019-06-12 13:51:02,434 INFO  server.RaftServerConfigKeys (ConfUtils.java:logGet(43)) - raft.server.retrycache.expirytime = 600000ms (custom)
2019-06-12 13:51:02,434 INFO  impl.RaftServerImpl (RaftServerImpl.java:start(173)) - d30925d8-ee5e-4ea8-a96c-99ad4d21afe0: start group-95A2A04FB539
2019-06-12 13:51:02,434 INFO  impl.RaftServerImpl (RaftServerImpl.java:setRole(164)) - d30925d8-ee5e-4ea8-a96c-99ad4d21afe0:group-95A2A04FB539 changes role from null to FOLLOWER at term 0 for startAsFollower
2019-06-12 13:51:02,434 INFO  impl.RoleInfo (RoleInfo.java:updateAndGet(143)) - d30925d8-ee5e-4ea8-a96c-99ad4d21afe0: start FollowerState
2019-06-12 13:51:02,438 INFO  util.JmxRegister (JmxRegister.java:tryRegister(44)) - Successfully registered JMX Bean with object name Ratis:service=RaftServer,group=group-95A2A04FB539,id=d30925d8-ee5e-4ea8-a96c-99ad4d21afe0
2019-06-12 13:51:02,443 INFO  pipeline.PipelineStateManager (PipelineStateManager.java:addPipeline(56)) - Created pipeline Pipeline[ Id: 6b29fb4f-ecb2-4394-a9ce-95a2a04fb539, Nodes: d30925d8-ee5e-4ea8-a96c-99ad4d21afe0{ip: 192.168.11.194, host: ozone-5qnff-1533938733, networkLocation: /default-rack, certSerialId: null}, Type:RATIS, Factor:ONE, State:OPEN]
2019-06-12 13:51:02,523 INFO  pipeline.PipelineStateManager (PipelineStateManager.java:addPipeline(56)) - Created pipeline Pipeline[ Id: 8c7723d2-b8ff-44fb-907b-018240ab8ed4, Nodes: d30925d8-ee5e-4ea8-a96c-99ad4d21afe0{ip: 192.168.11.194, host: ozone-5qnff-1533938733, networkLocation: /default-rack, certSerialId: null}, Type:STAND_ALONE, Factor:ONE, State:OPEN]
2019-06-12 13:51:02,575 INFO  background.BlockDeletingService (BlockDeletingService.java:getTasks(123)) - Plan to choose 10 containers for block deletion, actually returns 5 valid containers.
2019-06-12 13:51:02,576 ERROR utils.ContainerCache (ContainerCache.java:getDB(137)) - Error opening DB. Container:1 ContainerPath:/opt/src/hadoop-ozone/integration-test/target/test-dir/MiniOzoneClusterImpl-869c8c0d-6a5a-4d77-b402-f67e80feef85/datanode-0/data/containers/hdds/02d1f6b8-f026-4f59-9974-24481a7be2f4/current/containerDir0/1/metadata/1-dn-container.db
java.io.IOException: Failed init RocksDB, db path : /opt/src/hadoop-ozone/integration-test/target/test-dir/MiniOzoneClusterImpl-869c8c0d-6a5a-4d77-b402-f67e80feef85/datanode-0/data/containers/hdds/02d1f6b8-f026-4f59-9974-24481a7be2f4/current/containerDir0/1/metadata/1-dn-container.db
	at org.apache.hadoop.utils.RocksDBStore.<init>(RocksDBStore.java:87)
	at org.apache.hadoop.utils.MetadataStoreBuilder.build(MetadataStoreBuilder.java:137)
	at org.apache.hadoop.ozone.container.common.utils.ContainerCache.getDB(ContainerCache.java:129)
	at org.apache.hadoop.ozone.container.keyvalue.helpers.BlockUtils.getDB(BlockUtils.java:77)
	at org.apache.hadoop.ozone.container.keyvalue.statemachine.background.BlockDeletingService$BlockDeletingTask.call(BlockDeletingService.java:188)
	at org.apache.hadoop.ozone.container.keyvalue.statemachine.background.BlockDeletingService$BlockDeletingTask.call(BlockDeletingService.java:172)
	at java.util.concurrent.FutureTask.run(FutureTask.java:266)
	at java.util.concurrent.Executors$RunnableAdapter.call(Executors.java:511)
	at java.util.concurrent.FutureTask.run(FutureTask.java:266)
	at java.util.concurrent.Executors$RunnableAdapter.call(Executors.java:511)
	at java.util.concurrent.FutureTask.run(FutureTask.java:266)
	at java.util.concurrent.ScheduledThreadPoolExecutor$ScheduledFutureTask.access$201(ScheduledThreadPoolExecutor.java:180)
	at java.util.concurrent.ScheduledThreadPoolExecutor$ScheduledFutureTask.run(ScheduledThreadPoolExecutor.java:293)
	at java.util.concurrent.ThreadPoolExecutor.runWorker(ThreadPoolExecutor.java:1149)
	at java.util.concurrent.ThreadPoolExecutor$Worker.run(ThreadPoolExecutor.java:624)
	at java.lang.Thread.run(Thread.java:748)
Caused by: org.rocksdb.RocksDBException: While mkdir if missing: /opt/src/hadoop-ozone/integration-test/target/test-dir/MiniOzoneClusterImpl-869c8c0d-6a5a-4d77-b402-f67e80feef85/datanode-0/data/containers/hdds/02d1f6b8-f026-4f59-9974-24481a7be2f4/current/containerDir0/1/metadata/1-dn-container.db: No such file or directory
	at org.rocksdb.RocksDB.open(Native Method)
	at org.rocksdb.RocksDB.open(RocksDB.java:231)
	at org.apache.hadoop.utils.RocksDBStore.<init>(RocksDBStore.java:71)
	... 15 more
2019-06-12 13:51:02,576 ERROR utils.ContainerCache (ContainerCache.java:getDB(137)) - Error opening DB. Container:5 ContainerPath:/opt/src/hadoop-ozone/integration-test/target/test-dir/MiniOzoneClusterImpl-869c8c0d-6a5a-4d77-b402-f67e80feef85/datanode-0/data/containers/hdds/02d1f6b8-f026-4f59-9974-24481a7be2f4/current/containerDir0/5/metadata/5-dn-container.db
java.io.IOException: Failed init RocksDB, db path : /opt/src/hadoop-ozone/integration-test/target/test-dir/MiniOzoneClusterImpl-869c8c0d-6a5a-4d77-b402-f67e80feef85/datanode-0/data/containers/hdds/02d1f6b8-f026-4f59-9974-24481a7be2f4/current/containerDir0/5/metadata/5-dn-container.db
	at org.apache.hadoop.utils.RocksDBStore.<init>(RocksDBStore.java:87)
	at org.apache.hadoop.utils.MetadataStoreBuilder.build(MetadataStoreBuilder.java:137)
	at org.apache.hadoop.ozone.container.common.utils.ContainerCache.getDB(ContainerCache.java:129)
	at org.apache.hadoop.ozone.container.keyvalue.helpers.BlockUtils.getDB(BlockUtils.java:77)
	at org.apache.hadoop.ozone.container.keyvalue.statemachine.background.BlockDeletingService$BlockDeletingTask.call(BlockDeletingService.java:188)
	at org.apache.hadoop.ozone.container.keyvalue.statemachine.background.BlockDeletingService$BlockDeletingTask.call(BlockDeletingService.java:172)
	at java.util.concurrent.FutureTask.run(FutureTask.java:266)
	at java.util.concurrent.Executors$RunnableAdapter.call(Executors.java:511)
	at java.util.concurrent.FutureTask.run(FutureTask.java:266)
	at java.util.concurrent.Executors$RunnableAdapter.call(Executors.java:511)
	at java.util.concurrent.FutureTask.run(FutureTask.java:266)
	at java.util.concurrent.ScheduledThreadPoolExecutor$ScheduledFutureTask.access$201(ScheduledThreadPoolExecutor.java:180)
	at java.util.concurrent.ScheduledThreadPoolExecutor$ScheduledFutureTask.run(ScheduledThreadPoolExecutor.java:293)
	at java.util.concurrent.ThreadPoolExecutor.runWorker(ThreadPoolExecutor.java:1149)
	at java.util.concurrent.ThreadPoolExecutor$Worker.run(ThreadPoolExecutor.java:624)
	at java.lang.Thread.run(Thread.java:748)
Caused by: org.rocksdb.RocksDBException: While mkdir if missing: /opt/src/hadoop-ozone/integration-test/target/test-dir/MiniOzoneClusterImpl-869c8c0d-6a5a-4d77-b402-f67e80feef85/datanode-0/data/containers/hdds/02d1f6b8-f026-4f59-9974-24481a7be2f4/current/containerDir0/5/metadata/5-dn-container.db: No such file or directory
	at org.rocksdb.RocksDB.open(Native Method)
	at org.rocksdb.RocksDB.open(RocksDB.java:231)
	at org.apache.hadoop.utils.RocksDBStore.<init>(RocksDBStore.java:71)
	... 15 more
2019-06-12 13:51:02,576 WARN  utils.BackgroundService (BackgroundService.java:lambda$run$0(135)) - Background task fails to execute, retrying in next interval
java.util.concurrent.ExecutionException: org.apache.hadoop.hdds.scm.container.common.helpers.StorageContainerException: Error opening DB. Container:5 ContainerPath:/opt/src/hadoop-ozone/integration-test/target/test-dir/MiniOzoneClusterImpl-869c8c0d-6a5a-4d77-b402-f67e80feef85/datanode-0/data/containers/hdds/02d1f6b8-f026-4f59-9974-24481a7be2f4/current/containerDir0/5/metadata/5-dn-container.db
	at java.util.concurrent.FutureTask.report(FutureTask.java:122)
	at java.util.concurrent.FutureTask.get(FutureTask.java:206)
	at org.apache.hadoop.utils.BackgroundService$PeriodicalTask.lambda$run$0(BackgroundService.java:129)
	at java.util.stream.ForEachOps$ForEachOp$OfRef.accept(ForEachOps.java:184)
	at java.util.ArrayList$ArrayListSpliterator.forEachRemaining(ArrayList.java:1382)
	at java.util.stream.AbstractPipeline.copyInto(AbstractPipeline.java:482)
	at java.util.stream.ForEachOps$ForEachTask.compute(ForEachOps.java:291)
	at java.util.concurrent.CountedCompleter.exec(CountedCompleter.java:731)
	at java.util.concurrent.ForkJoinTask.doExec(ForkJoinTask.java:289)
	at java.util.concurrent.ForkJoinPool$WorkQueue.runTask(ForkJoinPool.java:1056)
	at java.util.concurrent.ForkJoinPool.runWorker(ForkJoinPool.java:1692)
	at java.util.concurrent.ForkJoinWorkerThread.run(ForkJoinWorkerThread.java:157)
Caused by: org.apache.hadoop.hdds.scm.container.common.helpers.StorageContainerException: Error opening DB. Container:5 ContainerPath:/opt/src/hadoop-ozone/integration-test/target/test-dir/MiniOzoneClusterImpl-869c8c0d-6a5a-4d77-b402-f67e80feef85/datanode-0/data/containers/hdds/02d1f6b8-f026-4f59-9974-24481a7be2f4/current/containerDir0/5/metadata/5-dn-container.db
	at org.apache.hadoop.ozone.container.keyvalue.helpers.BlockUtils.getDB(BlockUtils.java:84)
	at org.apache.hadoop.ozone.container.keyvalue.statemachine.background.BlockDeletingService$BlockDeletingTask.call(BlockDeletingService.java:188)
	at org.apache.hadoop.ozone.container.keyvalue.statemachine.background.BlockDeletingService$BlockDeletingTask.call(BlockDeletingService.java:172)
	at java.util.concurrent.FutureTask.run(FutureTask.java:266)
	at java.util.concurrent.Executors$RunnableAdapter.call(Executors.java:511)
	at java.util.concurrent.FutureTask.run(FutureTask.java:266)
	at java.util.concurrent.Executors$RunnableAdapter.call(Executors.java:511)
	at java.util.concurrent.FutureTask.run(FutureTask.java:266)
	at java.util.concurrent.ScheduledThreadPoolExecutor$ScheduledFutureTask.access$201(ScheduledThreadPoolExecutor.java:180)
	at java.util.concurrent.ScheduledThreadPoolExecutor$ScheduledFutureTask.run(ScheduledThreadPoolExecutor.java:293)
	at java.util.concurrent.ThreadPoolExecutor.runWorker(ThreadPoolExecutor.java:1149)
	at java.util.concurrent.ThreadPoolExecutor$Worker.run(ThreadPoolExecutor.java:624)
	at java.lang.Thread.run(Thread.java:748)
2019-06-12 13:51:02,577 ERROR utils.ContainerCache (ContainerCache.java:getDB(137)) - Error opening DB. Container:4 ContainerPath:/opt/src/hadoop-ozone/integration-test/target/test-dir/MiniOzoneClusterImpl-869c8c0d-6a5a-4d77-b402-f67e80feef85/datanode-0/data/containers/hdds/02d1f6b8-f026-4f59-9974-24481a7be2f4/current/containerDir0/4/metadata/4-dn-container.db
java.io.IOException: Failed init RocksDB, db path : /opt/src/hadoop-ozone/integration-test/target/test-dir/MiniOzoneClusterImpl-869c8c0d-6a5a-4d77-b402-f67e80feef85/datanode-0/data/containers/hdds/02d1f6b8-f026-4f59-9974-24481a7be2f4/current/containerDir0/4/metadata/4-dn-container.db
	at org.apache.hadoop.utils.RocksDBStore.<init>(RocksDBStore.java:87)
	at org.apache.hadoop.utils.MetadataStoreBuilder.build(MetadataStoreBuilder.java:137)
	at org.apache.hadoop.ozone.container.common.utils.ContainerCache.getDB(ContainerCache.java:129)
	at org.apache.hadoop.ozone.container.keyvalue.helpers.BlockUtils.getDB(BlockUtils.java:77)
	at org.apache.hadoop.ozone.container.keyvalue.statemachine.background.BlockDeletingService$BlockDeletingTask.call(BlockDeletingService.java:188)
	at org.apache.hadoop.ozone.container.keyvalue.statemachine.background.BlockDeletingService$BlockDeletingTask.call(BlockDeletingService.java:172)
	at java.util.concurrent.FutureTask.run(FutureTask.java:266)
	at java.util.concurrent.Executors$RunnableAdapter.call(Executors.java:511)
	at java.util.concurrent.FutureTask.run(FutureTask.java:266)
	at java.util.concurrent.Executors$RunnableAdapter.call(Executors.java:511)
	at java.util.concurrent.FutureTask.run(FutureTask.java:266)
	at java.util.concurrent.ScheduledThreadPoolExecutor$ScheduledFutureTask.access$201(ScheduledThreadPoolExecutor.java:180)
	at java.util.concurrent.ScheduledThreadPoolExecutor$ScheduledFutureTask.run(ScheduledThreadPoolExecutor.java:293)
	at java.util.concurrent.ThreadPoolExecutor.runWorker(ThreadPoolExecutor.java:1149)
	at java.util.concurrent.ThreadPoolExecutor$Worker.run(ThreadPoolExecutor.java:624)
	at java.lang.Thread.run(Thread.java:748)
Caused by: org.rocksdb.RocksDBException: While mkdir if missing: /opt/src/hadoop-ozone/integration-test/target/test-dir/MiniOzoneClusterImpl-869c8c0d-6a5a-4d77-b402-f67e80feef85/datanode-0/data/containers/hdds/02d1f6b8-f026-4f59-9974-24481a7be2f4/current/containerDir0/4/metadata/4-dn-container.db: No such file or directory
	at org.rocksdb.RocksDB.open(Native Method)
	at org.rocksdb.RocksDB.open(RocksDB.java:231)
	at org.apache.hadoop.utils.RocksDBStore.<init>(RocksDBStore.java:71)
	... 15 more
2019-06-12 13:51:02,577 WARN  utils.BackgroundService (BackgroundService.java:lambda$run$0(135)) - Background task fails to execute, retrying in next interval
java.util.concurrent.ExecutionException: org.apache.hadoop.hdds.scm.container.common.helpers.StorageContainerException: Error opening DB. Container:1 ContainerPath:/opt/src/hadoop-ozone/integration-test/target/test-dir/MiniOzoneClusterImpl-869c8c0d-6a5a-4d77-b402-f67e80feef85/datanode-0/data/containers/hdds/02d1f6b8-f026-4f59-9974-24481a7be2f4/current/containerDir0/1/metadata/1-dn-container.db
	at java.util.concurrent.FutureTask.report(FutureTask.java:122)
	at java.util.concurrent.FutureTask.get(FutureTask.java:206)
	at org.apache.hadoop.utils.BackgroundService$PeriodicalTask.lambda$run$0(BackgroundService.java:129)
	at java.util.stream.ForEachOps$ForEachOp$OfRef.accept(ForEachOps.java:184)
	at java.util.ArrayList$ArrayListSpliterator.forEachRemaining(ArrayList.java:1382)
	at java.util.stream.AbstractPipeline.copyInto(AbstractPipeline.java:482)
	at java.util.stream.ForEachOps$ForEachTask.compute(ForEachOps.java:291)
	at java.util.concurrent.CountedCompleter.exec(CountedCompleter.java:731)
	at java.util.concurrent.ForkJoinTask.doExec(ForkJoinTask.java:289)
	at java.util.concurrent.ForkJoinPool$WorkQueue.execLocalTasks(ForkJoinPool.java:1040)
	at java.util.concurrent.ForkJoinPool$WorkQueue.runTask(ForkJoinPool.java:1058)
	at java.util.concurrent.ForkJoinPool.runWorker(ForkJoinPool.java:1692)
	at java.util.concurrent.ForkJoinWorkerThread.run(ForkJoinWorkerThread.java:157)
Caused by: org.apache.hadoop.hdds.scm.container.common.helpers.StorageContainerException: Error opening DB. Container:1 ContainerPath:/opt/src/hadoop-ozone/integration-test/target/test-dir/MiniOzoneClusterImpl-869c8c0d-6a5a-4d77-b402-f67e80feef85/datanode-0/data/containers/hdds/02d1f6b8-f026-4f59-9974-24481a7be2f4/current/containerDir0/1/metadata/1-dn-container.db
	at org.apache.hadoop.ozone.container.keyvalue.helpers.BlockUtils.getDB(BlockUtils.java:84)
	at org.apache.hadoop.ozone.container.keyvalue.statemachine.background.BlockDeletingService$BlockDeletingTask.call(BlockDeletingService.java:188)
	at org.apache.hadoop.ozone.container.keyvalue.statemachine.background.BlockDeletingService$BlockDeletingTask.call(BlockDeletingService.java:172)
	at java.util.concurrent.FutureTask.run(FutureTask.java:266)
	at java.util.concurrent.Executors$RunnableAdapter.call(Executors.java:511)
	at java.util.concurrent.FutureTask.run(FutureTask.java:266)
	at java.util.concurrent.Executors$RunnableAdapter.call(Executors.java:511)
	at java.util.concurrent.FutureTask.run(FutureTask.java:266)
	at java.util.concurrent.ScheduledThreadPoolExecutor$ScheduledFutureTask.access$201(ScheduledThreadPoolExecutor.java:180)
	at java.util.concurrent.ScheduledThreadPoolExecutor$ScheduledFutureTask.run(ScheduledThreadPoolExecutor.java:293)
	at java.util.concurrent.ThreadPoolExecutor.runWorker(ThreadPoolExecutor.java:1149)
	at java.util.concurrent.ThreadPoolExecutor$Worker.run(ThreadPoolExecutor.java:624)
	at java.lang.Thread.run(Thread.java:748)
2019-06-12 13:51:02,577 ERROR utils.ContainerCache (ContainerCache.java:getDB(137)) - Error opening DB. Container:3 ContainerPath:/opt/src/hadoop-ozone/integration-test/target/test-dir/MiniOzoneClusterImpl-869c8c0d-6a5a-4d77-b402-f67e80feef85/datanode-0/data/containers/hdds/02d1f6b8-f026-4f59-9974-24481a7be2f4/current/containerDir0/3/metadata/3-dn-container.db
java.io.IOException: Failed init RocksDB, db path : /opt/src/hadoop-ozone/integration-test/target/test-dir/MiniOzoneClusterImpl-869c8c0d-6a5a-4d77-b402-f67e80feef85/datanode-0/data/containers/hdds/02d1f6b8-f026-4f59-9974-24481a7be2f4/current/containerDir0/3/metadata/3-dn-container.db
	at org.apache.hadoop.utils.RocksDBStore.<init>(RocksDBStore.java:87)
	at org.apache.hadoop.utils.MetadataStoreBuilder.build(MetadataStoreBuilder.java:137)
	at org.apache.hadoop.ozone.container.common.utils.ContainerCache.getDB(ContainerCache.java:129)
	at org.apache.hadoop.ozone.container.keyvalue.helpers.BlockUtils.getDB(BlockUtils.java:77)
	at org.apache.hadoop.ozone.container.keyvalue.statemachine.background.BlockDeletingService$BlockDeletingTask.call(BlockDeletingService.java:188)
	at org.apache.hadoop.ozone.container.keyvalue.statemachine.background.BlockDeletingService$BlockDeletingTask.call(BlockDeletingService.java:172)
	at java.util.concurrent.FutureTask.run(FutureTask.java:266)
	at java.util.concurrent.Executors$RunnableAdapter.call(Executors.java:511)
	at java.util.concurrent.FutureTask.run(FutureTask.java:266)
	at java.util.concurrent.Executors$RunnableAdapter.call(Executors.java:511)
	at java.util.concurrent.FutureTask.run(FutureTask.java:266)
	at java.util.concurrent.ScheduledThreadPoolExecutor$ScheduledFutureTask.access$201(ScheduledThreadPoolExecutor.java:180)
	at java.util.concurrent.ScheduledThreadPoolExecutor$ScheduledFutureTask.run(ScheduledThreadPoolExecutor.java:293)
	at java.util.concurrent.ThreadPoolExecutor.runWorker(ThreadPoolExecutor.java:1149)
	at java.util.concurrent.ThreadPoolExecutor$Worker.run(ThreadPoolExecutor.java:624)
	at java.lang.Thread.run(Thread.java:748)
Caused by: org.rocksdb.RocksDBException: While mkdir if missing: /opt/src/hadoop-ozone/integration-test/target/test-dir/MiniOzoneClusterImpl-869c8c0d-6a5a-4d77-b402-f67e80feef85/datanode-0/data/containers/hdds/02d1f6b8-f026-4f59-9974-24481a7be2f4/current/containerDir0/3/metadata/3-dn-container.db: No such file or directory
	at org.rocksdb.RocksDB.open(Native Method)
	at org.rocksdb.RocksDB.open(RocksDB.java:231)
	at org.apache.hadoop.utils.RocksDBStore.<init>(RocksDBStore.java:71)
	... 15 more
2019-06-12 13:51:02,578 ERROR utils.ContainerCache (ContainerCache.java:getDB(137)) - Error opening DB. Container:2 ContainerPath:/opt/src/hadoop-ozone/integration-test/target/test-dir/MiniOzoneClusterImpl-869c8c0d-6a5a-4d77-b402-f67e80feef85/datanode-0/data/containers/hdds/02d1f6b8-f026-4f59-9974-24481a7be2f4/current/containerDir0/2/metadata/2-dn-container.db
java.io.IOException: Failed init RocksDB, db path : /opt/src/hadoop-ozone/integration-test/target/test-dir/MiniOzoneClusterImpl-869c8c0d-6a5a-4d77-b402-f67e80feef85/datanode-0/data/containers/hdds/02d1f6b8-f026-4f59-9974-24481a7be2f4/current/containerDir0/2/metadata/2-dn-container.db
	at org.apache.hadoop.utils.RocksDBStore.<init>(RocksDBStore.java:87)
	at org.apache.hadoop.utils.MetadataStoreBuilder.build(MetadataStoreBuilder.java:137)
	at org.apache.hadoop.ozone.container.common.utils.ContainerCache.getDB(ContainerCache.java:129)
	at org.apache.hadoop.ozone.container.keyvalue.helpers.BlockUtils.getDB(BlockUtils.java:77)
	at org.apache.hadoop.ozone.container.keyvalue.statemachine.background.BlockDeletingService$BlockDeletingTask.call(BlockDeletingService.java:188)
	at org.apache.hadoop.ozone.container.keyvalue.statemachine.background.BlockDeletingService$BlockDeletingTask.call(BlockDeletingService.java:172)
	at java.util.concurrent.FutureTask.run(FutureTask.java:266)
	at java.util.concurrent.Executors$RunnableAdapter.call(Executors.java:511)
	at java.util.concurrent.FutureTask.run(FutureTask.java:266)
	at java.util.concurrent.Executors$RunnableAdapter.call(Executors.java:511)
	at java.util.concurrent.FutureTask.run(FutureTask.java:266)
	at java.util.concurrent.ScheduledThreadPoolExecutor$ScheduledFutureTask.access$201(ScheduledThreadPoolExecutor.java:180)
	at java.util.concurrent.ScheduledThreadPoolExecutor$ScheduledFutureTask.run(ScheduledThreadPoolExecutor.java:293)
	at java.util.concurrent.ThreadPoolExecutor.runWorker(ThreadPoolExecutor.java:1149)
	at java.util.concurrent.ThreadPoolExecutor$Worker.run(ThreadPoolExecutor.java:624)
	at java.lang.Thread.run(Thread.java:748)
Caused by: org.rocksdb.RocksDBException: While mkdir if missing: /opt/src/hadoop-ozone/integration-test/target/test-dir/MiniOzoneClusterImpl-869c8c0d-6a5a-4d77-b402-f67e80feef85/datanode-0/data/containers/hdds/02d1f6b8-f026-4f59-9974-24481a7be2f4/current/containerDir0/2/metadata/2-dn-container.db: No such file or directory
	at org.rocksdb.RocksDB.open(Native Method)
	at org.rocksdb.RocksDB.open(RocksDB.java:231)
	at org.apache.hadoop.utils.RocksDBStore.<init>(RocksDBStore.java:71)
	... 15 more
2019-06-12 13:51:02,578 WARN  utils.BackgroundService (BackgroundService.java:lambda$run$0(135)) - Background task fails to execute, retrying in next interval
java.util.concurrent.ExecutionException: org.apache.hadoop.hdds.scm.container.common.helpers.StorageContainerException: Error opening DB. Container:2 ContainerPath:/opt/src/hadoop-ozone/integration-test/target/test-dir/MiniOzoneClusterImpl-869c8c0d-6a5a-4d77-b402-f67e80feef85/datanode-0/data/containers/hdds/02d1f6b8-f026-4f59-9974-24481a7be2f4/current/containerDir0/2/metadata/2-dn-container.db
	at java.util.concurrent.FutureTask.report(FutureTask.java:122)
	at java.util.concurrent.FutureTask.get(FutureTask.java:206)
	at org.apache.hadoop.utils.BackgroundService$PeriodicalTask.lambda$run$0(BackgroundService.java:129)
	at java.util.stream.ForEachOps$ForEachOp$OfRef.accept(ForEachOps.java:184)
	at java.util.ArrayList$ArrayListSpliterator.forEachRemaining(ArrayList.java:1382)
	at java.util.stream.AbstractPipeline.copyInto(AbstractPipeline.java:482)
	at java.util.stream.ForEachOps$ForEachTask.compute(ForEachOps.java:291)
	at java.util.concurrent.CountedCompleter.exec(CountedCompleter.java:731)
	at java.util.concurrent.ForkJoinTask.doExec(ForkJoinTask.java:289)
	at java.util.concurrent.ForkJoinPool$WorkQueue.runTask(ForkJoinPool.java:1056)
	at java.util.concurrent.ForkJoinPool.runWorker(ForkJoinPool.java:1692)
	at java.util.concurrent.ForkJoinWorkerThread.run(ForkJoinWorkerThread.java:157)
Caused by: org.apache.hadoop.hdds.scm.container.common.helpers.StorageContainerException: Error opening DB. Container:2 ContainerPath:/opt/src/hadoop-ozone/integration-test/target/test-dir/MiniOzoneClusterImpl-869c8c0d-6a5a-4d77-b402-f67e80feef85/datanode-0/data/containers/hdds/02d1f6b8-f026-4f59-9974-24481a7be2f4/current/containerDir0/2/metadata/2-dn-container.db
	at org.apache.hadoop.ozone.container.keyvalue.helpers.BlockUtils.getDB(BlockUtils.java:84)
	at org.apache.hadoop.ozone.container.keyvalue.statemachine.background.BlockDeletingService$BlockDeletingTask.call(BlockDeletingService.java:188)
	at org.apache.hadoop.ozone.container.keyvalue.statemachine.background.BlockDeletingService$BlockDeletingTask.call(BlockDeletingService.java:172)
	at java.util.concurrent.FutureTask.run(FutureTask.java:266)
	at java.util.concurrent.Executors$RunnableAdapter.call(Executors.java:511)
	at java.util.concurrent.FutureTask.run(FutureTask.java:266)
	at java.util.concurrent.Executors$RunnableAdapter.call(Executors.java:511)
	at java.util.concurrent.FutureTask.run(FutureTask.java:266)
	at java.util.concurrent.ScheduledThreadPoolExecutor$ScheduledFutureTask.access$201(ScheduledThreadPoolExecutor.java:180)
	at java.util.concurrent.ScheduledThreadPoolExecutor$ScheduledFutureTask.run(ScheduledThreadPoolExecutor.java:293)
	at java.util.concurrent.ThreadPoolExecutor.runWorker(ThreadPoolExecutor.java:1149)
	at java.util.concurrent.ThreadPoolExecutor$Worker.run(ThreadPoolExecutor.java:624)
	at java.lang.Thread.run(Thread.java:748)
2019-06-12 13:51:02,578 WARN  utils.BackgroundService (BackgroundService.java:lambda$run$0(135)) - Background task fails to execute, retrying in next interval
java.util.concurrent.ExecutionException: org.apache.hadoop.hdds.scm.container.common.helpers.StorageContainerException: Error opening DB. Container:3 ContainerPath:/opt/src/hadoop-ozone/integration-test/target/test-dir/MiniOzoneClusterImpl-869c8c0d-6a5a-4d77-b402-f67e80feef85/datanode-0/data/containers/hdds/02d1f6b8-f026-4f59-9974-24481a7be2f4/current/containerDir0/3/metadata/3-dn-container.db
	at java.util.concurrent.FutureTask.report(FutureTask.java:122)
	at java.util.concurrent.FutureTask.get(FutureTask.java:206)
	at org.apache.hadoop.utils.BackgroundService$PeriodicalTask.lambda$run$0(BackgroundService.java:129)
	at java.util.stream.ForEachOps$ForEachOp$OfRef.accept(ForEachOps.java:184)
	at java.util.ArrayList$ArrayListSpliterator.forEachRemaining(ArrayList.java:1382)
	at java.util.stream.AbstractPipeline.copyInto(AbstractPipeline.java:482)
	at java.util.stream.ForEachOps$ForEachTask.compute(ForEachOps.java:291)
	at java.util.concurrent.CountedCompleter.exec(CountedCompleter.java:731)
	at java.util.concurrent.ForkJoinTask.doExec(ForkJoinTask.java:289)
	at java.util.concurrent.ForkJoinPool$WorkQueue.execLocalTasks(ForkJoinPool.java:1040)
	at java.util.concurrent.ForkJoinPool$WorkQueue.runTask(ForkJoinPool.java:1058)
	at java.util.concurrent.ForkJoinPool.runWorker(ForkJoinPool.java:1692)
	at java.util.concurrent.ForkJoinWorkerThread.run(ForkJoinWorkerThread.java:157)
Caused by: org.apache.hadoop.hdds.scm.container.common.helpers.StorageContainerException: Error opening DB. Container:3 ContainerPath:/opt/src/hadoop-ozone/integration-test/target/test-dir/MiniOzoneClusterImpl-869c8c0d-6a5a-4d77-b402-f67e80feef85/datanode-0/data/containers/hdds/02d1f6b8-f026-4f59-9974-24481a7be2f4/current/containerDir0/3/metadata/3-dn-container.db
	at org.apache.hadoop.ozone.container.keyvalue.helpers.BlockUtils.getDB(BlockUtils.java:84)
	at org.apache.hadoop.ozone.container.keyvalue.statemachine.background.BlockDeletingService$BlockDeletingTask.call(BlockDeletingService.java:188)
	at org.apache.hadoop.ozone.container.keyvalue.statemachine.background.BlockDeletingService$BlockDeletingTask.call(BlockDeletingService.java:172)
	at java.util.concurrent.FutureTask.run(FutureTask.java:266)
	at java.util.concurrent.Executors$RunnableAdapter.call(Executors.java:511)
	at java.util.concurrent.FutureTask.run(FutureTask.java:266)
	at java.util.concurrent.Executors$RunnableAdapter.call(Executors.java:511)
	at java.util.concurrent.FutureTask.run(FutureTask.java:266)
	at java.util.concurrent.ScheduledThreadPoolExecutor$ScheduledFutureTask.access$201(ScheduledThreadPoolExecutor.java:180)
	at java.util.concurrent.ScheduledThreadPoolExecutor$ScheduledFutureTask.run(ScheduledThreadPoolExecutor.java:293)
	at java.util.concurrent.ThreadPoolExecutor.runWorker(ThreadPoolExecutor.java:1149)
	at java.util.concurrent.ThreadPoolExecutor$Worker.run(ThreadPoolExecutor.java:624)
	at java.lang.Thread.run(Thread.java:748)
2019-06-12 13:51:02,578 WARN  utils.BackgroundService (BackgroundService.java:lambda$run$0(135)) - Background task fails to execute, retrying in next interval
java.util.concurrent.ExecutionException: org.apache.hadoop.hdds.scm.container.common.helpers.StorageContainerException: Error opening DB. Container:4 ContainerPath:/opt/src/hadoop-ozone/integration-test/target/test-dir/MiniOzoneClusterImpl-869c8c0d-6a5a-4d77-b402-f67e80feef85/datanode-0/data/containers/hdds/02d1f6b8-f026-4f59-9974-24481a7be2f4/current/containerDir0/4/metadata/4-dn-container.db
	at java.util.concurrent.FutureTask.report(FutureTask.java:122)
	at java.util.concurrent.FutureTask.get(FutureTask.java:206)
	at org.apache.hadoop.utils.BackgroundService$PeriodicalTask.lambda$run$0(BackgroundService.java:129)
	at java.util.stream.ForEachOps$ForEachOp$OfRef.accept(ForEachOps.java:184)
	at java.util.ArrayList$ArrayListSpliterator.forEachRemaining(ArrayList.java:1382)
	at java.util.stream.AbstractPipeline.copyInto(AbstractPipeline.java:482)
	at java.util.stream.ForEachOps$ForEachTask.compute(ForEachOps.java:291)
	at java.util.concurrent.CountedCompleter.exec(CountedCompleter.java:731)
	at java.util.concurrent.ForkJoinTask.doExec(ForkJoinTask.java:289)
	at java.util.concurrent.ForkJoinTask.doInvoke(ForkJoinTask.java:401)
	at java.util.concurrent.ForkJoinTask.invoke(ForkJoinTask.java:734)
	at java.util.stream.ForEachOps$ForEachOp.evaluateParallel(ForEachOps.java:160)
	at java.util.stream.ForEachOps$ForEachOp$OfRef.evaluateParallel(ForEachOps.java:174)
	at java.util.stream.AbstractPipeline.evaluate(AbstractPipeline.java:233)
	at java.util.stream.ReferencePipeline.forEach(ReferencePipeline.java:418)
	at java.util.stream.ReferencePipeline$Head.forEach(ReferencePipeline.java:583)
	at org.apache.hadoop.utils.BackgroundService$PeriodicalTask.run(BackgroundService.java:125)
	at java.util.concurrent.Executors$RunnableAdapter.call(Executors.java:511)
	at java.util.concurrent.FutureTask.runAndReset(FutureTask.java:308)
	at java.util.concurrent.ScheduledThreadPoolExecutor$ScheduledFutureTask.access$301(ScheduledThreadPoolExecutor.java:180)
	at java.util.concurrent.ScheduledThreadPoolExecutor$ScheduledFutureTask.run(ScheduledThreadPoolExecutor.java:294)
	at java.util.concurrent.ThreadPoolExecutor.runWorker(ThreadPoolExecutor.java:1149)
	at java.util.concurrent.ThreadPoolExecutor$Worker.run(ThreadPoolExecutor.java:624)
	at java.lang.Thread.run(Thread.java:748)
Caused by: org.apache.hadoop.hdds.scm.container.common.helpers.StorageContainerException: Error opening DB. Container:4 ContainerPath:/opt/src/hadoop-ozone/integration-test/target/test-dir/MiniOzoneClusterImpl-869c8c0d-6a5a-4d77-b402-f67e80feef85/datanode-0/data/containers/hdds/02d1f6b8-f026-4f59-9974-24481a7be2f4/current/containerDir0/4/metadata/4-dn-container.db
	at org.apache.hadoop.ozone.container.keyvalue.helpers.BlockUtils.getDB(BlockUtils.java:84)
	at org.apache.hadoop.ozone.container.keyvalue.statemachine.background.BlockDeletingService$BlockDeletingTask.call(BlockDeletingService.java:188)
	at org.apache.hadoop.ozone.container.keyvalue.statemachine.background.BlockDeletingService$BlockDeletingTask.call(BlockDeletingService.java:172)
	at java.util.concurrent.FutureTask.run(FutureTask.java:266)
	at java.util.concurrent.Executors$RunnableAdapter.call(Executors.java:511)
	at java.util.concurrent.FutureTask.run(FutureTask.java:266)
	at java.util.concurrent.Executors$RunnableAdapter.call(Executors.java:511)
	at java.util.concurrent.FutureTask.run(FutureTask.java:266)
	at java.util.concurrent.ScheduledThreadPoolExecutor$ScheduledFutureTask.access$201(ScheduledThreadPoolExecutor.java:180)
	at java.util.concurrent.ScheduledThreadPoolExecutor$ScheduledFutureTask.run(ScheduledThreadPoolExecutor.java:293)
	... 3 more
2019-06-12 13:51:02,718 INFO  keyvalue.KeyValueHandler (ContainerUtils.java:logAndReturnError(146)) - Operation: CreateContainer : Trace ID: edce3917d2f03a8f:edce3917d2f03a8f:0:0 : Message: Container creation failed, due to disk out of space : Result: DISK_OUT_OF_SPACE
13:51:02.718 [grpc-default-executor-1] ERROR DNAudit - user=null | ip=null | op=WRITE_CHUNK {blockData=conID: 6 locID: 102258931316490273 bcsId: 0} | ret=FAILURE
org.apache.hadoop.hdds.scm.container.common.helpers.StorageContainerException: ContainerID 6 creation failed
	at org.apache.hadoop.ozone.container.common.impl.HddsDispatcher.dispatchRequest(HddsDispatcher.java:227) [hadoop-hdds-container-service-0.5.0-SNAPSHOT.jar:?]
	at org.apache.hadoop.ozone.container.common.impl.HddsDispatcher.dispatch(HddsDispatcher.java:148) [hadoop-hdds-container-service-0.5.0-SNAPSHOT.jar:?]
	at org.apache.hadoop.ozone.container.common.transport.server.GrpcXceiverService$1.onNext(GrpcXceiverService.java:73) [hadoop-hdds-container-service-0.5.0-SNAPSHOT.jar:?]
	at org.apache.hadoop.ozone.container.common.transport.server.GrpcXceiverService$1.onNext(GrpcXceiverService.java:61) [hadoop-hdds-container-service-0.5.0-SNAPSHOT.jar:?]
	at org.apache.ratis.thirdparty.io.grpc.stub.ServerCalls$StreamingServerCallHandler$StreamingServerCallListener.onMessage(ServerCalls.java:248) [ratis-thirdparty-misc-0.2.0.jar:0.2.0]
	at org.apache.ratis.thirdparty.io.grpc.ForwardingServerCallListener.onMessage(ForwardingServerCallListener.java:33) [ratis-thirdparty-misc-0.2.0.jar:0.2.0]
	at org.apache.ratis.thirdparty.io.grpc.Contexts$ContextualizedServerCallListener.onMessage(Contexts.java:76) [ratis-thirdparty-misc-0.2.0.jar:0.2.0]
	at org.apache.ratis.thirdparty.io.grpc.ForwardingServerCallListener.onMessage(ForwardingServerCallListener.java:33) [ratis-thirdparty-misc-0.2.0.jar:0.2.0]
	at org.apache.hadoop.hdds.tracing.GrpcServerInterceptor$1.onMessage(GrpcServerInterceptor.java:46) [hadoop-hdds-common-0.5.0-SNAPSHOT.jar:?]
	at org.apache.ratis.thirdparty.io.grpc.internal.ServerCallImpl$ServerStreamListenerImpl.messagesAvailable(ServerCallImpl.java:263) [ratis-thirdparty-misc-0.2.0.jar:0.2.0]
	at org.apache.ratis.thirdparty.io.grpc.internal.ServerImpl$JumpToApplicationThreadServerStreamListener$1MessagesAvailable.runInContext(ServerImpl.java:686) [ratis-thirdparty-misc-0.2.0.jar:0.2.0]
	at org.apache.ratis.thirdparty.io.grpc.internal.ContextRunnable.run(ContextRunnable.java:37) [ratis-thirdparty-misc-0.2.0.jar:0.2.0]
	at org.apache.ratis.thirdparty.io.grpc.internal.SerializingExecutor.run(SerializingExecutor.java:123) [ratis-thirdparty-misc-0.2.0.jar:0.2.0]
	at java.util.concurrent.ThreadPoolExecutor.runWorker(ThreadPoolExecutor.java:1149) [?:1.8.0_212]
	at java.util.concurrent.ThreadPoolExecutor$Worker.run(ThreadPoolExecutor.java:624) [?:1.8.0_212]
	at java.lang.Thread.run(Thread.java:748) [?:1.8.0_212]
2019-06-12 13:51:02,719 INFO  impl.HddsDispatcher (ContainerUtils.java:logAndReturnError(146)) - Operation: WriteChunk : Trace ID: edce3917d2f03a8f:edce3917d2f03a8f:0:0 : Message: ContainerID 6 creation failed : Result: DISK_OUT_OF_SPACE
2019-06-12 13:51:02,720 ERROR storage.BlockOutputStream (BlockOutputStream.java:validateResponse(538)) - Unexpected Storage Container Exception: 
org.apache.hadoop.hdds.scm.container.common.helpers.StorageContainerException: ContainerID 6 creation failed
	at org.apache.hadoop.hdds.scm.storage.ContainerProtocolCalls.validateContainerResponse(ContainerProtocolCalls.java:536)
	at org.apache.hadoop.hdds.scm.storage.BlockOutputStream.validateResponse(BlockOutputStream.java:536)
	at org.apache.hadoop.hdds.scm.storage.BlockOutputStream.lambda$writeChunkToContainer$2(BlockOutputStream.java:614)
	at java.util.concurrent.CompletableFuture.uniApply(CompletableFuture.java:602)
	at java.util.concurrent.CompletableFuture$UniApply.tryFire(CompletableFuture.java:577)
	at java.util.concurrent.CompletableFuture$Completion.run(CompletableFuture.java:442)
	at java.util.concurrent.ThreadPoolExecutor.runWorker(ThreadPoolExecutor.java:1149)
	at java.util.concurrent.ThreadPoolExecutor$Worker.run(ThreadPoolExecutor.java:624)
	at java.lang.Thread.run(Thread.java:748)
13:51:02.722 [grpc-default-executor-1] ERROR DNAudit - user=null | ip=null | op=PUT_BLOCK {blockData=[blockId=conID: 6 locID: 102258931316490273 bcsId: 0,size=5]} | ret=FAILURE
org.apache.hadoop.hdds.scm.container.common.helpers.StorageContainerException: ContainerID 6 does not exist
	at org.apache.hadoop.ozone.container.common.impl.HddsDispatcher.dispatchRequest(HddsDispatcher.java:242) [hadoop-hdds-container-service-0.5.0-SNAPSHOT.jar:?]
	at org.apache.hadoop.ozone.container.common.impl.HddsDispatcher.dispatch(HddsDispatcher.java:148) [hadoop-hdds-container-service-0.5.0-SNAPSHOT.jar:?]
	at org.apache.hadoop.ozone.container.common.transport.server.GrpcXceiverService$1.onNext(GrpcXceiverService.java:73) [hadoop-hdds-container-service-0.5.0-SNAPSHOT.jar:?]
	at org.apache.hadoop.ozone.container.common.transport.server.GrpcXceiverService$1.onNext(GrpcXceiverService.java:61) [hadoop-hdds-container-service-0.5.0-SNAPSHOT.jar:?]
	at org.apache.ratis.thirdparty.io.grpc.stub.ServerCalls$StreamingServerCallHandler$StreamingServerCallListener.onMessage(ServerCalls.java:248) [ratis-thirdparty-misc-0.2.0.jar:0.2.0]
	at org.apache.ratis.thirdparty.io.grpc.ForwardingServerCallListener.onMessage(ForwardingServerCallListener.java:33) [ratis-thirdparty-misc-0.2.0.jar:0.2.0]
	at org.apache.ratis.thirdparty.io.grpc.Contexts$ContextualizedServerCallListener.onMessage(Contexts.java:76) [ratis-thirdparty-misc-0.2.0.jar:0.2.0]
	at org.apache.ratis.thirdparty.io.grpc.ForwardingServerCallListener.onMessage(ForwardingServerCallListener.java:33) [ratis-thirdparty-misc-0.2.0.jar:0.2.0]
	at org.apache.hadoop.hdds.tracing.GrpcServerInterceptor$1.onMessage(GrpcServerInterceptor.java:46) [hadoop-hdds-common-0.5.0-SNAPSHOT.jar:?]
	at org.apache.ratis.thirdparty.io.grpc.internal.ServerCallImpl$ServerStreamListenerImpl.messagesAvailable(ServerCallImpl.java:263) [ratis-thirdparty-misc-0.2.0.jar:0.2.0]
	at org.apache.ratis.thirdparty.io.grpc.internal.ServerImpl$JumpToApplicationThreadServerStreamListener$1MessagesAvailable.runInContext(ServerImpl.java:686) [ratis-thirdparty-misc-0.2.0.jar:0.2.0]
	at org.apache.ratis.thirdparty.io.grpc.internal.ContextRunnable.run(ContextRunnable.java:37) [ratis-thirdparty-misc-0.2.0.jar:0.2.0]
	at org.apache.ratis.thirdparty.io.grpc.internal.SerializingExecutor.run(SerializingExecutor.java:123) [ratis-thirdparty-misc-0.2.0.jar:0.2.0]
	at java.util.concurrent.ThreadPoolExecutor.runWorker(ThreadPoolExecutor.java:1149) [?:1.8.0_212]
	at java.util.concurrent.ThreadPoolExecutor$Worker.run(ThreadPoolExecutor.java:624) [?:1.8.0_212]
	at java.lang.Thread.run(Thread.java:748) [?:1.8.0_212]
2019-06-12 13:51:02,723 INFO  impl.HddsDispatcher (ContainerUtils.java:logAndReturnError(146)) - Operation: PutBlock : Trace ID: 940a113c1cb30092:940a113c1cb30092:0:0 : Message: ContainerID 6 does not exist : Result: CONTAINER_NOT_FOUND
]]></system-out>
    <system-err><![CDATA[Jun 12, 2019 1:50:58 PM com.sun.jersey.server.impl.application.WebApplicationImpl _initiate
INFO: Initiating Jersey application, version 'Jersey: 1.19 02/11/2015 03:25 AM'
Jun 12, 2019 1:51:02 PM com.sun.jersey.server.impl.application.WebApplicationImpl _initiate
INFO: Initiating Jersey application, version 'Jersey: 1.19 02/11/2015 03:25 AM'
]]></system-err>
  </testcase>
  <testcase name="testRpcPermission" classname="org.apache.hadoop.ozone.TestStorageContainerManager" time="10.219">
    <failure message="expected:&lt;[Access denied for user unknownUser. Superuser privilege is required.]&gt; but was:&lt;[SafeModePrecheck failed for allocateContainer]&gt;" type="org.junit.ComparisonFailure"><![CDATA[org.junit.ComparisonFailure: expected:<[Access denied for user unknownUser. Superuser privilege is required.]> but was:<[SafeModePrecheck failed for allocateContainer]>
	at org.junit.Assert.assertEquals(Assert.java:115)
	at org.junit.Assert.assertEquals(Assert.java:144)
	at org.apache.hadoop.ozone.TestStorageContainerManager.verifyPermissionDeniedException(TestStorageContainerManager.java:209)
	at org.apache.hadoop.ozone.TestStorageContainerManager.testRpcPermissionWithConf(TestStorageContainerManager.java:171)
	at org.apache.hadoop.ozone.TestStorageContainerManager.testRpcPermission(TestStorageContainerManager.java:129)
	at sun.reflect.NativeMethodAccessorImpl.invoke0(Native Method)
	at sun.reflect.NativeMethodAccessorImpl.invoke(NativeMethodAccessorImpl.java:62)
	at sun.reflect.DelegatingMethodAccessorImpl.invoke(DelegatingMethodAccessorImpl.java:43)
	at java.lang.reflect.Method.invoke(Method.java:498)
	at org.junit.runners.model.FrameworkMethod$1.runReflectiveCall(FrameworkMethod.java:47)
	at org.junit.internal.runners.model.ReflectiveCallable.run(ReflectiveCallable.java:12)
	at org.junit.runners.model.FrameworkMethod.invokeExplosively(FrameworkMethod.java:44)
	at org.junit.internal.runners.statements.InvokeMethod.evaluate(InvokeMethod.java:17)
	at org.junit.internal.runners.statements.FailOnTimeout$StatementThread.run(FailOnTimeout.java:74)
]]></failure>
    <system-out><![CDATA[2019-06-12 13:51:02,734 WARN  server.ServerUtils (ServerUtils.java:getScmDbDir(145)) - ozone.scm.db.dirs is not configured. We recommend adding this setting. Falling back to ozone.metadata.dirs instead.
2019-06-12 13:51:02,737 WARN  server.ServerUtils (ServerUtils.java:getScmDbDir(145)) - ozone.scm.db.dirs is not configured. We recommend adding this setting. Falling back to ozone.metadata.dirs instead.
2019-06-12 13:51:02,737 WARN  server.ServerUtils (ServerUtils.java:getScmDbDir(145)) - ozone.scm.db.dirs is not configured. We recommend adding this setting. Falling back to ozone.metadata.dirs instead.
2019-06-12 13:51:02,738 INFO  db.DBStoreBuilder (DBStoreBuilder.java:addTable(110)) - using custom profile for table: deletedBlocks
2019-06-12 13:51:02,738 INFO  db.DBStoreBuilder (DBStoreBuilder.java:processTables(161)) - Using default column profile:DBProfile.DISK for Table:deletedBlocks
2019-06-12 13:51:02,738 INFO  db.DBStoreBuilder (DBStoreBuilder.java:addTable(110)) - using custom profile for table: validCerts
2019-06-12 13:51:02,738 INFO  db.DBStoreBuilder (DBStoreBuilder.java:processTables(161)) - Using default column profile:DBProfile.DISK for Table:validCerts
2019-06-12 13:51:02,738 INFO  db.DBStoreBuilder (DBStoreBuilder.java:addTable(110)) - using custom profile for table: revokedCerts
2019-06-12 13:51:02,738 INFO  db.DBStoreBuilder (DBStoreBuilder.java:processTables(161)) - Using default column profile:DBProfile.DISK for Table:revokedCerts
2019-06-12 13:51:02,739 INFO  db.DBStoreBuilder (DBStoreBuilder.java:addTable(110)) - using custom profile for table: default
2019-06-12 13:51:02,739 INFO  db.DBStoreBuilder (DBStoreBuilder.java:processTables(167)) - Using default column profile:DBProfile.DISK for Table:default
2019-06-12 13:51:02,739 INFO  db.DBStoreBuilder (DBStoreBuilder.java:getDbProfile(198)) - Using default options. DBProfile.DISK
2019-06-12 13:51:02,779 WARN  server.ServerUtils (ServerUtils.java:sanitizeUserArgs(70)) - ozone.scm.stale.node.interval value = 300000 is larger than max = 100000 based on the key value of ozone.scm.heartbeat.thread.interval, reset to the max value 100000.
2019-06-12 13:51:02,779 WARN  server.ServerUtils (ServerUtils.java:sanitizeUserArgs(70)) - ozone.scm.stale.node.interval value = 300000 is larger than max = 100000 based on the key value of ozone.scm.heartbeat.thread.interval, reset to the max value 100000.
2019-06-12 13:51:02,779 INFO  node.SCMNodeManager (SCMNodeManager.java:<init>(108)) - Entering startup safe mode.
2019-06-12 13:51:02,780 INFO  net.NodeSchemaLoader (NodeSchemaLoader.java:loadSchemaFromFile(125)) - Loading file from sun.misc.CompoundEnumeration@436c205f
2019-06-12 13:51:02,780 INFO  net.NodeSchemaLoader (NodeSchemaLoader.java:loadSchema(171)) - Loading network topology layer schema file
2019-06-12 13:51:02,783 WARN  server.ServerUtils (ServerUtils.java:getScmDbDir(145)) - ozone.scm.db.dirs is not configured. We recommend adding this setting. Falling back to ozone.metadata.dirs instead.
2019-06-12 13:51:02,797 INFO  pipeline.SCMPipelineManager (SCMPipelineManager.java:initializePipelineState(126)) - No pipeline exists in current db
2019-06-12 13:51:02,797 WARN  server.ServerUtils (ServerUtils.java:getScmDbDir(145)) - ozone.scm.db.dirs is not configured. We recommend adding this setting. Falling back to ozone.metadata.dirs instead.
2019-06-12 13:51:02,813 WARN  events.EventQueue (EventQueue.java:fireEvent(175)) - No event handler registered for event TypedEvent{payloadType=SafeModeStatus, name='SafeModeStatus'}
2019-06-12 13:51:02,814 INFO  ipc.CallQueueManager (CallQueueManager.java:<init>(84)) - Using callQueue: class java.util.concurrent.LinkedBlockingQueue, queueCapacity: 2000, scheduler: class org.apache.hadoop.ipc.DefaultRpcScheduler, ipcBackoff: false.
2019-06-12 13:51:02,814 INFO  ipc.Server (Server.java:run(1074)) - Starting Socket Reader #1 for port 43145
2019-06-12 13:51:02,821 INFO  ipc.CallQueueManager (CallQueueManager.java:<init>(84)) - Using callQueue: class java.util.concurrent.LinkedBlockingQueue, queueCapacity: 2000, scheduler: class org.apache.hadoop.ipc.DefaultRpcScheduler, ipcBackoff: false.
2019-06-12 13:51:02,821 INFO  ipc.Server (Server.java:run(1074)) - Starting Socket Reader #1 for port 40807
2019-06-12 13:51:02,826 INFO  ipc.CallQueueManager (CallQueueManager.java:<init>(84)) - Using callQueue: class java.util.concurrent.LinkedBlockingQueue, queueCapacity: 2000, scheduler: class org.apache.hadoop.ipc.DefaultRpcScheduler, ipcBackoff: false.
2019-06-12 13:51:02,826 INFO  ipc.Server (Server.java:run(1074)) - Starting Socket Reader #1 for port 46387
2019-06-12 13:51:02,829 INFO  hdfs.DFSUtil (DFSUtil.java:httpServerTemplateForNNAndJN(1641)) - Starting Web-server for scm at: http://0.0.0.0:0
2019-06-12 13:51:02,830 INFO  server.AuthenticationFilter (AuthenticationFilter.java:constructSecretProvider(240)) - Unable to initialize FileSignerSecretProvider, falling back to use random secrets.
2019-06-12 13:51:02,830 WARN  http.HttpRequestLog (HttpRequestLog.java:getRequestLog(97)) - Jetty request log can only be enabled using Log4j
2019-06-12 13:51:02,832 INFO  http.HttpServer2 (HttpServer2.java:addGlobalFilter(975)) - Added global filter 'safety' (class=org.apache.hadoop.http.HttpServer2$QuotingInputFilter)
2019-06-12 13:51:02,832 INFO  http.HttpServer2 (HttpServer2.java:addFilter(948)) - Added filter static_user_filter (class=org.apache.hadoop.http.lib.StaticUserWebFilter$StaticUserFilter) to context scm
2019-06-12 13:51:02,832 INFO  http.HttpServer2 (HttpServer2.java:addFilter(958)) - Added filter static_user_filter (class=org.apache.hadoop.http.lib.StaticUserWebFilter$StaticUserFilter) to context static
2019-06-12 13:51:02,833 INFO  http.HttpServer2 (HttpServer2.java:addFilter(958)) - Added filter static_user_filter (class=org.apache.hadoop.http.lib.StaticUserWebFilter$StaticUserFilter) to context logs
2019-06-12 13:51:02,835 INFO  server.StorageContainerManager (StorageContainerManager.java:start(752)) - StorageContainerLocationProtocol RPC server is listening at /0.0.0.0:46387
2019-06-12 13:51:02,836 INFO  impl.MetricsSystemImpl (MetricsSystemImpl.java:init(158)) - StorageContainerManager metrics system started (again)
2019-06-12 13:51:02,836 INFO  server.SCMClientProtocolServer (SCMClientProtocolServer.java:start(149)) - RPC server for Client  is listening at /0.0.0.0:46387
2019-06-12 13:51:02,836 INFO  ipc.Server (Server.java:run(1314)) - IPC Server Responder: starting
2019-06-12 13:51:02,836 INFO  ipc.Server (Server.java:run(1153)) - IPC Server listener on 46387: starting
2019-06-12 13:51:02,839 INFO  server.StorageContainerManager (StorageContainerManager.java:start(761)) - ScmBlockLocationProtocol RPC server is listening at /0.0.0.0:40807
2019-06-12 13:51:02,839 INFO  server.SCMBlockProtocolServer (SCMBlockProtocolServer.java:start(137)) - RPC server for Block Protocol is listening at /0.0.0.0:40807
2019-06-12 13:51:02,839 INFO  ipc.Server (Server.java:run(1314)) - IPC Server Responder: starting
2019-06-12 13:51:02,840 INFO  ipc.Server (Server.java:run(1153)) - IPC Server listener on 40807: starting
2019-06-12 13:51:02,845 INFO  server.StorageContainerManager (StorageContainerManager.java:start(765)) - ScmDatanodeProtocl RPC server is listening at /0.0.0.0:43145
2019-06-12 13:51:02,846 INFO  server.SCMDatanodeProtocolServer (SCMDatanodeProtocolServer.java:start(191)) - RPC server for DataNodes is listening at /0.0.0.0:43145
2019-06-12 13:51:02,846 INFO  ipc.Server (Server.java:run(1314)) - IPC Server Responder: starting
2019-06-12 13:51:02,846 INFO  ipc.Server (Server.java:run(1153)) - IPC Server listener on 43145: starting
2019-06-12 13:51:02,849 INFO  http.HttpServer2 (HttpServer2.java:bindListener(1191)) - Jetty bound to port 36177
2019-06-12 13:51:02,849 INFO  server.Server (Server.java:doStart(351)) - jetty-9.3.24.v20180605, build timestamp: 2018-06-05T17:11:56Z, git hash: 84205aa28f11a4f31f2a3b86d1bba2cc8ab69827
2019-06-12 13:51:02,850 INFO  handler.ContextHandler (ContextHandler.java:doStart(781)) - Started o.e.j.s.ServletContextHandler@12b5da3e{/logs,file:///opt/src/hadoop-ozone/integration-test/target/log,AVAILABLE}
2019-06-12 13:51:02,850 INFO  handler.ContextHandler (ContextHandler.java:doStart(781)) - Started o.e.j.s.ServletContextHandler@1b502f72{/static,file:///opt/src/hadoop-ozone/integration-test/target/test-classes/webapps/static,AVAILABLE}
2019-06-12 13:51:02,853 INFO  handler.ContextHandler (ContextHandler.java:doStart(781)) - Started o.e.j.w.WebAppContext@5a5d2fbd{/,file:///opt/src/hadoop-ozone/integration-test/target/test-classes/webapps/scm/,AVAILABLE}{/scm}
2019-06-12 13:51:02,854 INFO  server.AbstractConnector (AbstractConnector.java:doStart(278)) - Started ServerConnector@623fe8b7{HTTP/1.1,[http/1.1]}{0.0.0.0:36177}
2019-06-12 13:51:02,854 INFO  server.Server (Server.java:doStart(419)) - Started @28463ms
2019-06-12 13:51:02,855 INFO  server.BaseHttpServer (BaseHttpServer.java:updateConnectorAddress(207)) - HTTP server of SCM is listening at http://0.0.0.0:36177
2019-06-12 13:51:02,856 WARN  scm.ScmUtils (ScmUtils.java:getDBPath(63)) - ozone.om.db.dirs is not configured. We recommend adding this setting. Falling back to ozone.metadata.dirs instead.
2019-06-12 13:51:02,856 INFO  util.JvmPauseMonitor (JvmPauseMonitor.java:run(188)) - Starting JVM pause monitor
2019-06-12 13:51:02,859 WARN  scm.ScmUtils (ScmUtils.java:getDBPath(63)) - ozone.om.db.dirs is not configured. We recommend adding this setting. Falling back to ozone.metadata.dirs instead.
2019-06-12 13:51:02,859 INFO  om.OzoneManager (OzoneManager.java:setOMNodeDetails(519)) - OM Service ID is not set. Setting it to the default ID: omServiceIdDefault
2019-06-12 13:51:02,859 INFO  om.OzoneManager (OzoneManager.java:setOMNodeDetails(525)) - OM Node ID is not set. Setting it to the OmStorage's OmID: 5bf62dbb-f657-489d-b98b-3cc08f270115
2019-06-12 13:51:02,859 WARN  scm.HddsServerUtil (HddsServerUtil.java:getDefaultRatisDirectory(354)) - Storage directory for Ratis is not configured. It is a good idea to map this to an SSD disk. Falling back to ozone.metadata.dirs
2019-06-12 13:51:02,860 WARN  scm.HddsServerUtil (HddsServerUtil.java:getDefaultRatisDirectory(354)) - Storage directory for Ratis is not configured. It is a good idea to map this to an SSD disk. Falling back to ozone.metadata.dirs
2019-06-12 13:51:02,860 INFO  om.OzoneManager (OzoneManager.java:loadOMHAConfigs(476)) - Found matching OM address with OMServiceId: null, OMNodeId: null, RPC Address: localhost:0 and Ratis port: 9872
2019-06-12 13:51:02,866 WARN  scm.ScmUtils (ScmUtils.java:getDBPath(63)) - ozone.om.db.dirs is not configured. We recommend adding this setting. Falling back to ozone.metadata.dirs instead.
2019-06-12 13:51:02,866 INFO  db.DBStoreBuilder (DBStoreBuilder.java:addTable(110)) - using custom profile for table: userTable
2019-06-12 13:51:02,866 INFO  db.DBStoreBuilder (DBStoreBuilder.java:processTables(161)) - Using default column profile:DBProfile.DISK for Table:userTable
2019-06-12 13:51:02,866 INFO  db.DBStoreBuilder (DBStoreBuilder.java:addTable(110)) - using custom profile for table: volumeTable
2019-06-12 13:51:02,866 INFO  db.DBStoreBuilder (DBStoreBuilder.java:processTables(161)) - Using default column profile:DBProfile.DISK for Table:volumeTable
2019-06-12 13:51:02,866 INFO  db.DBStoreBuilder (DBStoreBuilder.java:addTable(110)) - using custom profile for table: bucketTable
2019-06-12 13:51:02,867 INFO  db.DBStoreBuilder (DBStoreBuilder.java:processTables(161)) - Using default column profile:DBProfile.DISK for Table:bucketTable
2019-06-12 13:51:02,867 INFO  db.DBStoreBuilder (DBStoreBuilder.java:addTable(110)) - using custom profile for table: keyTable
2019-06-12 13:51:02,867 INFO  db.DBStoreBuilder (DBStoreBuilder.java:processTables(161)) - Using default column profile:DBProfile.DISK for Table:keyTable
2019-06-12 13:51:02,867 INFO  db.DBStoreBuilder (DBStoreBuilder.java:addTable(110)) - using custom profile for table: deletedTable
2019-06-12 13:51:02,867 INFO  db.DBStoreBuilder (DBStoreBuilder.java:processTables(161)) - Using default column profile:DBProfile.DISK for Table:deletedTable
2019-06-12 13:51:02,867 INFO  db.DBStoreBuilder (DBStoreBuilder.java:addTable(110)) - using custom profile for table: openKeyTable
2019-06-12 13:51:02,867 INFO  db.DBStoreBuilder (DBStoreBuilder.java:processTables(161)) - Using default column profile:DBProfile.DISK for Table:openKeyTable
2019-06-12 13:51:02,867 INFO  db.DBStoreBuilder (DBStoreBuilder.java:addTable(110)) - using custom profile for table: s3Table
2019-06-12 13:51:02,867 INFO  db.DBStoreBuilder (DBStoreBuilder.java:processTables(161)) - Using default column profile:DBProfile.DISK for Table:s3Table
2019-06-12 13:51:02,867 INFO  db.DBStoreBuilder (DBStoreBuilder.java:addTable(110)) - using custom profile for table: multipartInfoTable
2019-06-12 13:51:02,867 INFO  db.DBStoreBuilder (DBStoreBuilder.java:processTables(161)) - Using default column profile:DBProfile.DISK for Table:multipartInfoTable
2019-06-12 13:51:02,867 INFO  db.DBStoreBuilder (DBStoreBuilder.java:addTable(110)) - using custom profile for table: dTokenTable
2019-06-12 13:51:02,868 INFO  db.DBStoreBuilder (DBStoreBuilder.java:processTables(161)) - Using default column profile:DBProfile.DISK for Table:dTokenTable
2019-06-12 13:51:02,868 INFO  db.DBStoreBuilder (DBStoreBuilder.java:addTable(110)) - using custom profile for table: s3SecretTable
2019-06-12 13:51:02,868 INFO  db.DBStoreBuilder (DBStoreBuilder.java:processTables(161)) - Using default column profile:DBProfile.DISK for Table:s3SecretTable
2019-06-12 13:51:02,868 INFO  db.DBStoreBuilder (DBStoreBuilder.java:addTable(110)) - using custom profile for table: prefixTable
2019-06-12 13:51:02,868 INFO  db.DBStoreBuilder (DBStoreBuilder.java:processTables(161)) - Using default column profile:DBProfile.DISK for Table:prefixTable
2019-06-12 13:51:02,868 INFO  db.DBStoreBuilder (DBStoreBuilder.java:addTable(110)) - using custom profile for table: default
2019-06-12 13:51:02,868 INFO  db.DBStoreBuilder (DBStoreBuilder.java:processTables(167)) - Using default column profile:DBProfile.DISK for Table:default
2019-06-12 13:51:02,868 INFO  db.DBStoreBuilder (DBStoreBuilder.java:getDbProfile(198)) - Using default options. DBProfile.DISK
2019-06-12 13:51:03,013 INFO  ipc.CallQueueManager (CallQueueManager.java:<init>(84)) - Using callQueue: class java.util.concurrent.LinkedBlockingQueue, queueCapacity: 2000, scheduler: class org.apache.hadoop.ipc.DefaultRpcScheduler, ipcBackoff: false.
2019-06-12 13:51:03,013 INFO  ipc.Server (Server.java:run(1074)) - Starting Socket Reader #1 for port 33229
2019-06-12 13:51:03,023 WARN  scm.ScmUtils (ScmUtils.java:getDBPath(63)) - ozone.om.db.dirs is not configured. We recommend adding this setting. Falling back to ozone.metadata.dirs instead.
2019-06-12 13:51:03,024 INFO  om.OzoneManager (OzoneManager.java:start(1217)) - OzoneManager RPC server is listening at localhost/127.0.0.1:33229
2019-06-12 13:51:03,024 INFO  impl.MetricsSystemImpl (MetricsSystemImpl.java:init(158)) - OzoneManager metrics system started (again)
2019-06-12 13:51:03,027 INFO  ipc.Server (Server.java:run(1314)) - IPC Server Responder: starting
2019-06-12 13:51:03,028 INFO  ipc.Server (Server.java:run(1153)) - IPC Server listener on 33229: starting
2019-06-12 13:51:03,037 INFO  hdfs.DFSUtil (DFSUtil.java:httpServerTemplateForNNAndJN(1641)) - Starting Web-server for ozoneManager at: http://0.0.0.0:0
2019-06-12 13:51:03,038 INFO  server.AuthenticationFilter (AuthenticationFilter.java:constructSecretProvider(240)) - Unable to initialize FileSignerSecretProvider, falling back to use random secrets.
2019-06-12 13:51:03,038 WARN  http.HttpRequestLog (HttpRequestLog.java:getRequestLog(97)) - Jetty request log can only be enabled using Log4j
2019-06-12 13:51:03,039 INFO  http.HttpServer2 (HttpServer2.java:addGlobalFilter(975)) - Added global filter 'safety' (class=org.apache.hadoop.http.HttpServer2$QuotingInputFilter)
2019-06-12 13:51:03,039 INFO  http.HttpServer2 (HttpServer2.java:addFilter(948)) - Added filter static_user_filter (class=org.apache.hadoop.http.lib.StaticUserWebFilter$StaticUserFilter) to context ozoneManager
2019-06-12 13:51:03,039 INFO  http.HttpServer2 (HttpServer2.java:addFilter(958)) - Added filter static_user_filter (class=org.apache.hadoop.http.lib.StaticUserWebFilter$StaticUserFilter) to context static
2019-06-12 13:51:03,039 INFO  http.HttpServer2 (HttpServer2.java:addFilter(958)) - Added filter static_user_filter (class=org.apache.hadoop.http.lib.StaticUserWebFilter$StaticUserFilter) to context logs
2019-06-12 13:51:03,040 INFO  http.HttpServer2 (HttpServer2.java:bindListener(1191)) - Jetty bound to port 43997
2019-06-12 13:51:03,040 INFO  server.Server (Server.java:doStart(351)) - jetty-9.3.24.v20180605, build timestamp: 2018-06-05T17:11:56Z, git hash: 84205aa28f11a4f31f2a3b86d1bba2cc8ab69827
2019-06-12 13:51:03,041 INFO  handler.ContextHandler (ContextHandler.java:doStart(781)) - Started o.e.j.s.ServletContextHandler@779fff2{/logs,file:///opt/src/hadoop-ozone/integration-test/target/log,AVAILABLE}
2019-06-12 13:51:03,041 INFO  handler.ContextHandler (ContextHandler.java:doStart(781)) - Started o.e.j.s.ServletContextHandler@c3ccb5f{/static,file:///opt/src/hadoop-ozone/integration-test/target/test-classes/webapps/static,AVAILABLE}
2019-06-12 13:51:03,044 INFO  handler.ContextHandler (ContextHandler.java:doStart(781)) - Started o.e.j.w.WebAppContext@2ff06a95{/,file:///opt/src/hadoop-ozone/integration-test/target/test-classes/webapps/ozoneManager/,AVAILABLE}{/ozoneManager}
2019-06-12 13:51:03,044 INFO  server.AbstractConnector (AbstractConnector.java:doStart(278)) - Started ServerConnector@6e67c225{HTTP/1.1,[http/1.1]}{0.0.0.0:43997}
2019-06-12 13:51:03,045 INFO  server.Server (Server.java:doStart(419)) - Started @28654ms
2019-06-12 13:51:03,046 INFO  server.BaseHttpServer (BaseHttpServer.java:updateConnectorAddress(207)) - HTTP server of OZONEMANAGER is listening at http://0.0.0.0:43997
2019-06-12 13:51:03,048 INFO  impl.MetricsSystemImpl (MetricsSystemImpl.java:init(158)) - HddsDatanode metrics system started (again)
2019-06-12 13:51:03,048 INFO  ozone.HddsDatanodeService (HddsDatanodeService.java:start(185)) - HddsDatanodeService host:ozone-5qnff-1533938733 ip:192.168.11.194
2019-06-12 13:51:03,056 INFO  volume.HddsVolume (HddsVolume.java:<init>(176)) - Creating Volume: /opt/src/hadoop-ozone/integration-test/target/test-dir/MiniOzoneClusterImpl-e4e5da64-475b-40e1-8557-986e8a5263f1/datanode-0/data/containers/hdds of  storage type : DISK and capacity : 104021790720
2019-06-12 13:51:03,056 INFO  volume.VolumeSet (VolumeSet.java:initializeVolumeSet(170)) - Added Volume : /opt/src/hadoop-ozone/integration-test/target/test-dir/MiniOzoneClusterImpl-e4e5da64-475b-40e1-8557-986e8a5263f1/datanode-0/data/containers/hdds to VolumeSet
2019-06-12 13:51:03,056 INFO  volume.ThrottledAsyncChecker (ThrottledAsyncChecker.java:schedule(140)) - Scheduling a check for org.apache.hadoop.ozone.container.common.volume.HddsVolume@328edb40
2019-06-12 13:51:03,056 INFO  volume.HddsVolumeChecker (HddsVolumeChecker.java:checkAllVolumes(203)) - Scheduled health check for volume org.apache.hadoop.ozone.container.common.volume.HddsVolume@328edb40
2019-06-12 13:51:03,066 INFO  ratis.XceiverServerRatis (XceiverServerRatis.java:newXceiverServerRatis(401)) - Found a free port for the server : 36585
2019-06-12 13:51:03,067 INFO  impl.RaftServerProxy (ConfUtils.java:logGet(43)) - raft.rpc.type = GRPC (default)
2019-06-12 13:51:03,067 INFO  grpc.GrpcConfigKeys$Server (ConfUtils.java:logGet(43)) - raft.grpc.server.port = 36585 (custom)
2019-06-12 13:51:03,067 INFO  server.GrpcService (ConfUtils.java:logGet(43)) - raft.grpc.message.size.max = 33570816 (custom)
2019-06-12 13:51:03,067 INFO  server.RaftServerConfigKeys (ConfUtils.java:logGet(43)) - raft.server.log.appender.buffer.byte-limit = 33554432 (custom)
2019-06-12 13:51:03,067 INFO  server.GrpcService (ConfUtils.java:logGet(43)) - raft.grpc.flow.control.window = 1MB (=1048576) (default)
2019-06-12 13:51:03,067 INFO  server.RaftServerConfigKeys (ConfUtils.java:logGet(43)) - raft.server.rpc.request.timeout = 3000ms (default)
2019-06-12 13:51:03,068 INFO  server.RaftServerConfigKeys (ConfUtils.java:logGet(43)) - raft.server.storage.dir = [/opt/src/hadoop-ozone/integration-test/target/test-dir/MiniOzoneClusterImpl-e4e5da64-475b-40e1-8557-986e8a5263f1/datanode-0/data/ratis] (custom)
2019-06-12 13:51:03,068 INFO  server.XceiverServerGrpc (XceiverServerGrpc.java:<init>(97)) - Found a free port for the server : 40927
2019-06-12 13:51:03,068 INFO  replication.SimpleContainerDownloader (SimpleContainerDownloader.java:<init>(72)) - Starting container downloader service to copy containers to replicate.
2019-06-12 13:51:03,069 INFO  hdfs.DFSUtil (DFSUtil.java:httpServerTemplateForNNAndJN(1641)) - Starting Web-server for hddsDatanode at: http://0.0.0.0:0
2019-06-12 13:51:03,070 INFO  server.AuthenticationFilter (AuthenticationFilter.java:constructSecretProvider(240)) - Unable to initialize FileSignerSecretProvider, falling back to use random secrets.
2019-06-12 13:51:03,070 WARN  http.HttpRequestLog (HttpRequestLog.java:getRequestLog(97)) - Jetty request log can only be enabled using Log4j
2019-06-12 13:51:03,071 INFO  http.HttpServer2 (HttpServer2.java:addGlobalFilter(975)) - Added global filter 'safety' (class=org.apache.hadoop.http.HttpServer2$QuotingInputFilter)
2019-06-12 13:51:03,071 INFO  http.HttpServer2 (HttpServer2.java:addFilter(948)) - Added filter static_user_filter (class=org.apache.hadoop.http.lib.StaticUserWebFilter$StaticUserFilter) to context hddsDatanode
2019-06-12 13:51:03,071 INFO  http.HttpServer2 (HttpServer2.java:addFilter(958)) - Added filter static_user_filter (class=org.apache.hadoop.http.lib.StaticUserWebFilter$StaticUserFilter) to context static
2019-06-12 13:51:03,071 INFO  http.HttpServer2 (HttpServer2.java:addFilter(958)) - Added filter static_user_filter (class=org.apache.hadoop.http.lib.StaticUserWebFilter$StaticUserFilter) to context logs
2019-06-12 13:51:03,072 INFO  http.HttpServer2 (HttpServer2.java:bindListener(1191)) - Jetty bound to port 39177
2019-06-12 13:51:03,072 INFO  server.Server (Server.java:doStart(351)) - jetty-9.3.24.v20180605, build timestamp: 2018-06-05T17:11:56Z, git hash: 84205aa28f11a4f31f2a3b86d1bba2cc8ab69827
2019-06-12 13:51:03,073 INFO  handler.ContextHandler (ContextHandler.java:doStart(781)) - Started o.e.j.s.ServletContextHandler@142685ad{/logs,file:///opt/src/hadoop-ozone/integration-test/target/log,AVAILABLE}
2019-06-12 13:51:03,073 INFO  handler.ContextHandler (ContextHandler.java:doStart(781)) - Started o.e.j.s.ServletContextHandler@d65a355{/static,jar:file:/root/.m2/repository/org/apache/hadoop/hadoop-hdds-container-service/0.5.0-SNAPSHOT/hadoop-hdds-container-service-0.5.0-SNAPSHOT.jar!/webapps/static,AVAILABLE}
2019-06-12 13:51:03,093 INFO  handler.ContextHandler (ContextHandler.java:doStart(781)) - Started o.e.j.w.WebAppContext@616f6133{/,file:///tmp/jetty-0.0.0.0-39177-hddsDatanode-_-any-6815001071236212991.dir/webapp/,AVAILABLE}{/hddsDatanode}
2019-06-12 13:51:03,093 INFO  server.AbstractConnector (AbstractConnector.java:doStart(278)) - Started ServerConnector@6785facb{HTTP/1.1,[http/1.1]}{0.0.0.0:39177}
2019-06-12 13:51:03,095 INFO  server.Server (Server.java:doStart(419)) - Started @28703ms
2019-06-12 13:51:03,095 INFO  server.BaseHttpServer (BaseHttpServer.java:updateConnectorAddress(207)) - HTTP server of HDDSDATANODE is listening at http://0.0.0.0:39177
2019-06-12 13:51:03,206 INFO  ozone.HddsDatanodeService (HddsDatanodeService.java:startPlugins(396)) - Started plug-in org.apache.hadoop.ozone.web.OzoneHddsDatanodeService@3956360b
2019-06-12 13:51:03,207 INFO  ozone.MiniOzoneClusterImpl (MiniOzoneClusterImpl.java:lambda$waitForClusterToBeReady$0(142)) - Waiting for cluster to be ready. Got 0 of 1 DN Heartbeats.
2019-06-12 13:51:03,214 INFO  util.JvmPauseMonitor (JvmPauseMonitor.java:run(188)) - Starting JVM pause monitor
2019-06-12 13:51:03,216 INFO  datanode.InitDatanodeState (InitDatanodeState.java:persistContainerDatanodeDetails(140)) - DatanodeDetails is persisted to /opt/src/hadoop-ozone/integration-test/target/test-dir/MiniOzoneClusterImpl-e4e5da64-475b-40e1-8557-986e8a5263f1/datanode-0/meta/datanode.id
2019-06-12 13:51:03,485 INFO  impl.FollowerState (FollowerState.java:run(101)) - d30925d8-ee5e-4ea8-a96c-99ad4d21afe0:group-95A2A04FB539 changes to CANDIDATE, lastRpcTime:1050, electionTimeout:1047ms
2019-06-12 13:51:03,485 INFO  impl.RoleInfo (RoleInfo.java:shutdownFollowerState(121)) - d30925d8-ee5e-4ea8-a96c-99ad4d21afe0: shutdown FollowerState
2019-06-12 13:51:03,485 INFO  impl.RaftServerImpl (RaftServerImpl.java:setRole(164)) - d30925d8-ee5e-4ea8-a96c-99ad4d21afe0:group-95A2A04FB539 changes role from FOLLOWER to CANDIDATE at term 0 for changeToCandidate
2019-06-12 13:51:03,485 INFO  impl.RoleInfo (RoleInfo.java:updateAndGet(143)) - d30925d8-ee5e-4ea8-a96c-99ad4d21afe0: start LeaderElection
2019-06-12 13:51:03,491 INFO  impl.LeaderElection (LeaderElection.java:askForVotes(181)) - d30925d8-ee5e-4ea8-a96c-99ad4d21afe0:group-95A2A04FB539:LeaderElection3: begin an election at term 1 for -1: [d30925d8-ee5e-4ea8-a96c-99ad4d21afe0:192.168.11.194:42131], old=null
2019-06-12 13:51:03,492 INFO  impl.RoleInfo (RoleInfo.java:shutdownLeaderElection(134)) - d30925d8-ee5e-4ea8-a96c-99ad4d21afe0: shutdown LeaderElection
2019-06-12 13:51:03,492 INFO  impl.RaftServerImpl (RaftServerImpl.java:setRole(164)) - d30925d8-ee5e-4ea8-a96c-99ad4d21afe0:group-95A2A04FB539 changes role from CANDIDATE to LEADER at term 1 for changeToLeader
2019-06-12 13:51:03,492 INFO  impl.RaftServerImpl (ServerState.java:setLeader(263)) - d30925d8-ee5e-4ea8-a96c-99ad4d21afe0:group-95A2A04FB539 change Leader from null to d30925d8-ee5e-4ea8-a96c-99ad4d21afe0 at term 1 for becomeLeader, leader elected after 1060ms
2019-06-12 13:51:03,492 INFO  server.RaftServerConfigKeys (ConfUtils.java:logGet(43)) - raft.server.staging.catchup.gap = 1000 (default)
2019-06-12 13:51:03,493 INFO  server.RaftServerConfigKeys (ConfUtils.java:logGet(43)) - raft.server.rpc.sleep.time = 25ms (default)
2019-06-12 13:51:03,493 INFO  server.RaftServerConfigKeys (ConfUtils.java:logGet(43)) - raft.server.watch.timeout = 10s (default)
2019-06-12 13:51:03,493 INFO  server.RaftServerConfigKeys (ConfUtils.java:logGet(43)) - raft.server.watch.timeout.denomination = 1s (default)
2019-06-12 13:51:03,493 INFO  impl.RoleInfo (RoleInfo.java:updateAndGet(143)) - d30925d8-ee5e-4ea8-a96c-99ad4d21afe0: start LeaderState
2019-06-12 13:51:03,493 INFO  storage.RaftLogWorker (RaftLogWorker.java:startLogSegment(298)) - d30925d8-ee5e-4ea8-a96c-99ad4d21afe0-RaftLogWorker: Starting segment from index:0
2019-06-12 13:51:03,493 INFO  impl.RaftServerImpl (ServerState.java:setRaftConf(361)) - d30925d8-ee5e-4ea8-a96c-99ad4d21afe0:group-95A2A04FB539 set configuration 0: [d30925d8-ee5e-4ea8-a96c-99ad4d21afe0:192.168.11.194:42131], old=null at 0
2019-06-12 13:51:03,529 INFO  storage.RaftLogWorker (RaftLogWorker.java:execute(469)) - d30925d8-ee5e-4ea8-a96c-99ad4d21afe0-RaftLogWorker: created new log segment /opt/src/hadoop-ozone/integration-test/target/test-dir/MiniOzoneClusterImpl-c318ed5c-8950-4a6c-8aeb-779a8deb068f/datanode-0/data/ratis/6b29fb4f-ecb2-4394-a9ce-95a2a04fb539/current/log_inprogress_0
2019-06-12 13:51:03,579 INFO  background.BlockDeletingService (BlockDeletingService.java:getTasks(123)) - Plan to choose 10 containers for block deletion, actually returns 5 valid containers.
2019-06-12 13:51:03,579 ERROR utils.ContainerCache (ContainerCache.java:getDB(137)) - Error opening DB. Container:1 ContainerPath:/opt/src/hadoop-ozone/integration-test/target/test-dir/MiniOzoneClusterImpl-869c8c0d-6a5a-4d77-b402-f67e80feef85/datanode-0/data/containers/hdds/02d1f6b8-f026-4f59-9974-24481a7be2f4/current/containerDir0/1/metadata/1-dn-container.db
java.io.IOException: Failed init RocksDB, db path : /opt/src/hadoop-ozone/integration-test/target/test-dir/MiniOzoneClusterImpl-869c8c0d-6a5a-4d77-b402-f67e80feef85/datanode-0/data/containers/hdds/02d1f6b8-f026-4f59-9974-24481a7be2f4/current/containerDir0/1/metadata/1-dn-container.db
	at org.apache.hadoop.utils.RocksDBStore.<init>(RocksDBStore.java:87)
	at org.apache.hadoop.utils.MetadataStoreBuilder.build(MetadataStoreBuilder.java:137)
	at org.apache.hadoop.ozone.container.common.utils.ContainerCache.getDB(ContainerCache.java:129)
	at org.apache.hadoop.ozone.container.keyvalue.helpers.BlockUtils.getDB(BlockUtils.java:77)
	at org.apache.hadoop.ozone.container.keyvalue.statemachine.background.BlockDeletingService$BlockDeletingTask.call(BlockDeletingService.java:188)
	at org.apache.hadoop.ozone.container.keyvalue.statemachine.background.BlockDeletingService$BlockDeletingTask.call(BlockDeletingService.java:172)
	at java.util.concurrent.FutureTask.run(FutureTask.java:266)
	at java.util.concurrent.Executors$RunnableAdapter.call(Executors.java:511)
	at java.util.concurrent.FutureTask.run(FutureTask.java:266)
	at java.util.concurrent.Executors$RunnableAdapter.call(Executors.java:511)
	at java.util.concurrent.FutureTask.run(FutureTask.java:266)
	at java.util.concurrent.ScheduledThreadPoolExecutor$ScheduledFutureTask.access$201(ScheduledThreadPoolExecutor.java:180)
	at java.util.concurrent.ScheduledThreadPoolExecutor$ScheduledFutureTask.run(ScheduledThreadPoolExecutor.java:293)
	at java.util.concurrent.ThreadPoolExecutor.runWorker(ThreadPoolExecutor.java:1149)
	at java.util.concurrent.ThreadPoolExecutor$Worker.run(ThreadPoolExecutor.java:624)
	at java.lang.Thread.run(Thread.java:748)
Caused by: org.rocksdb.RocksDBException: While mkdir if missing: /opt/src/hadoop-ozone/integration-test/target/test-dir/MiniOzoneClusterImpl-869c8c0d-6a5a-4d77-b402-f67e80feef85/datanode-0/data/containers/hdds/02d1f6b8-f026-4f59-9974-24481a7be2f4/current/containerDir0/1/metadata/1-dn-container.db: No such file or directory
	at org.rocksdb.RocksDB.open(Native Method)
	at org.rocksdb.RocksDB.open(RocksDB.java:231)
	at org.apache.hadoop.utils.RocksDBStore.<init>(RocksDBStore.java:71)
	... 15 more
2019-06-12 13:51:03,580 ERROR utils.ContainerCache (ContainerCache.java:getDB(137)) - Error opening DB. Container:5 ContainerPath:/opt/src/hadoop-ozone/integration-test/target/test-dir/MiniOzoneClusterImpl-869c8c0d-6a5a-4d77-b402-f67e80feef85/datanode-0/data/containers/hdds/02d1f6b8-f026-4f59-9974-24481a7be2f4/current/containerDir0/5/metadata/5-dn-container.db
java.io.IOException: Failed init RocksDB, db path : /opt/src/hadoop-ozone/integration-test/target/test-dir/MiniOzoneClusterImpl-869c8c0d-6a5a-4d77-b402-f67e80feef85/datanode-0/data/containers/hdds/02d1f6b8-f026-4f59-9974-24481a7be2f4/current/containerDir0/5/metadata/5-dn-container.db
	at org.apache.hadoop.utils.RocksDBStore.<init>(RocksDBStore.java:87)
	at org.apache.hadoop.utils.MetadataStoreBuilder.build(MetadataStoreBuilder.java:137)
	at org.apache.hadoop.ozone.container.common.utils.ContainerCache.getDB(ContainerCache.java:129)
	at org.apache.hadoop.ozone.container.keyvalue.helpers.BlockUtils.getDB(BlockUtils.java:77)
	at org.apache.hadoop.ozone.container.keyvalue.statemachine.background.BlockDeletingService$BlockDeletingTask.call(BlockDeletingService.java:188)
	at org.apache.hadoop.ozone.container.keyvalue.statemachine.background.BlockDeletingService$BlockDeletingTask.call(BlockDeletingService.java:172)
	at java.util.concurrent.FutureTask.run(FutureTask.java:266)
	at java.util.concurrent.Executors$RunnableAdapter.call(Executors.java:511)
	at java.util.concurrent.FutureTask.run(FutureTask.java:266)
	at java.util.concurrent.Executors$RunnableAdapter.call(Executors.java:511)
	at java.util.concurrent.FutureTask.run(FutureTask.java:266)
	at java.util.concurrent.ScheduledThreadPoolExecutor$ScheduledFutureTask.access$201(ScheduledThreadPoolExecutor.java:180)
	at java.util.concurrent.ScheduledThreadPoolExecutor$ScheduledFutureTask.run(ScheduledThreadPoolExecutor.java:293)
	at java.util.concurrent.ThreadPoolExecutor.runWorker(ThreadPoolExecutor.java:1149)
	at java.util.concurrent.ThreadPoolExecutor$Worker.run(ThreadPoolExecutor.java:624)
	at java.lang.Thread.run(Thread.java:748)
Caused by: org.rocksdb.RocksDBException: While mkdir if missing: /opt/src/hadoop-ozone/integration-test/target/test-dir/MiniOzoneClusterImpl-869c8c0d-6a5a-4d77-b402-f67e80feef85/datanode-0/data/containers/hdds/02d1f6b8-f026-4f59-9974-24481a7be2f4/current/containerDir0/5/metadata/5-dn-container.db: No such file or directory
	at org.rocksdb.RocksDB.open(Native Method)
	at org.rocksdb.RocksDB.open(RocksDB.java:231)
	at org.apache.hadoop.utils.RocksDBStore.<init>(RocksDBStore.java:71)
	... 15 more
2019-06-12 13:51:03,580 WARN  utils.BackgroundService (BackgroundService.java:lambda$run$0(135)) - Background task fails to execute, retrying in next interval
java.util.concurrent.ExecutionException: org.apache.hadoop.hdds.scm.container.common.helpers.StorageContainerException: Error opening DB. Container:5 ContainerPath:/opt/src/hadoop-ozone/integration-test/target/test-dir/MiniOzoneClusterImpl-869c8c0d-6a5a-4d77-b402-f67e80feef85/datanode-0/data/containers/hdds/02d1f6b8-f026-4f59-9974-24481a7be2f4/current/containerDir0/5/metadata/5-dn-container.db
	at java.util.concurrent.FutureTask.report(FutureTask.java:122)
	at java.util.concurrent.FutureTask.get(FutureTask.java:206)
	at org.apache.hadoop.utils.BackgroundService$PeriodicalTask.lambda$run$0(BackgroundService.java:129)
	at java.util.stream.ForEachOps$ForEachOp$OfRef.accept(ForEachOps.java:184)
	at java.util.ArrayList$ArrayListSpliterator.forEachRemaining(ArrayList.java:1382)
	at java.util.stream.AbstractPipeline.copyInto(AbstractPipeline.java:482)
	at java.util.stream.ForEachOps$ForEachTask.compute(ForEachOps.java:291)
	at java.util.concurrent.CountedCompleter.exec(CountedCompleter.java:731)
	at java.util.concurrent.ForkJoinTask.doExec(ForkJoinTask.java:289)
	at java.util.concurrent.ForkJoinPool$WorkQueue.runTask(ForkJoinPool.java:1056)
	at java.util.concurrent.ForkJoinPool.runWorker(ForkJoinPool.java:1692)
	at java.util.concurrent.ForkJoinWorkerThread.run(ForkJoinWorkerThread.java:157)
Caused by: org.apache.hadoop.hdds.scm.container.common.helpers.StorageContainerException: Error opening DB. Container:5 ContainerPath:/opt/src/hadoop-ozone/integration-test/target/test-dir/MiniOzoneClusterImpl-869c8c0d-6a5a-4d77-b402-f67e80feef85/datanode-0/data/containers/hdds/02d1f6b8-f026-4f59-9974-24481a7be2f4/current/containerDir0/5/metadata/5-dn-container.db
	at org.apache.hadoop.ozone.container.keyvalue.helpers.BlockUtils.getDB(BlockUtils.java:84)
	at org.apache.hadoop.ozone.container.keyvalue.statemachine.background.BlockDeletingService$BlockDeletingTask.call(BlockDeletingService.java:188)
	at org.apache.hadoop.ozone.container.keyvalue.statemachine.background.BlockDeletingService$BlockDeletingTask.call(BlockDeletingService.java:172)
	at java.util.concurrent.FutureTask.run(FutureTask.java:266)
	at java.util.concurrent.Executors$RunnableAdapter.call(Executors.java:511)
	at java.util.concurrent.FutureTask.run(FutureTask.java:266)
	at java.util.concurrent.Executors$RunnableAdapter.call(Executors.java:511)
	at java.util.concurrent.FutureTask.run(FutureTask.java:266)
	at java.util.concurrent.ScheduledThreadPoolExecutor$ScheduledFutureTask.access$201(ScheduledThreadPoolExecutor.java:180)
	at java.util.concurrent.ScheduledThreadPoolExecutor$ScheduledFutureTask.run(ScheduledThreadPoolExecutor.java:293)
	at java.util.concurrent.ThreadPoolExecutor.runWorker(ThreadPoolExecutor.java:1149)
	at java.util.concurrent.ThreadPoolExecutor$Worker.run(ThreadPoolExecutor.java:624)
	at java.lang.Thread.run(Thread.java:748)
2019-06-12 13:51:03,580 ERROR utils.ContainerCache (ContainerCache.java:getDB(137)) - Error opening DB. Container:4 ContainerPath:/opt/src/hadoop-ozone/integration-test/target/test-dir/MiniOzoneClusterImpl-869c8c0d-6a5a-4d77-b402-f67e80feef85/datanode-0/data/containers/hdds/02d1f6b8-f026-4f59-9974-24481a7be2f4/current/containerDir0/4/metadata/4-dn-container.db
java.io.IOException: Failed init RocksDB, db path : /opt/src/hadoop-ozone/integration-test/target/test-dir/MiniOzoneClusterImpl-869c8c0d-6a5a-4d77-b402-f67e80feef85/datanode-0/data/containers/hdds/02d1f6b8-f026-4f59-9974-24481a7be2f4/current/containerDir0/4/metadata/4-dn-container.db
	at org.apache.hadoop.utils.RocksDBStore.<init>(RocksDBStore.java:87)
	at org.apache.hadoop.utils.MetadataStoreBuilder.build(MetadataStoreBuilder.java:137)
	at org.apache.hadoop.ozone.container.common.utils.ContainerCache.getDB(ContainerCache.java:129)
	at org.apache.hadoop.ozone.container.keyvalue.helpers.BlockUtils.getDB(BlockUtils.java:77)
	at org.apache.hadoop.ozone.container.keyvalue.statemachine.background.BlockDeletingService$BlockDeletingTask.call(BlockDeletingService.java:188)
	at org.apache.hadoop.ozone.container.keyvalue.statemachine.background.BlockDeletingService$BlockDeletingTask.call(BlockDeletingService.java:172)
	at java.util.concurrent.FutureTask.run(FutureTask.java:266)
	at java.util.concurrent.Executors$RunnableAdapter.call(Executors.java:511)
	at java.util.concurrent.FutureTask.run(FutureTask.java:266)
	at java.util.concurrent.Executors$RunnableAdapter.call(Executors.java:511)
	at java.util.concurrent.FutureTask.run(FutureTask.java:266)
	at java.util.concurrent.ScheduledThreadPoolExecutor$ScheduledFutureTask.access$201(ScheduledThreadPoolExecutor.java:180)
	at java.util.concurrent.ScheduledThreadPoolExecutor$ScheduledFutureTask.run(ScheduledThreadPoolExecutor.java:293)
	at java.util.concurrent.ThreadPoolExecutor.runWorker(ThreadPoolExecutor.java:1149)
	at java.util.concurrent.ThreadPoolExecutor$Worker.run(ThreadPoolExecutor.java:624)
	at java.lang.Thread.run(Thread.java:748)
Caused by: org.rocksdb.RocksDBException: While mkdir if missing: /opt/src/hadoop-ozone/integration-test/target/test-dir/MiniOzoneClusterImpl-869c8c0d-6a5a-4d77-b402-f67e80feef85/datanode-0/data/containers/hdds/02d1f6b8-f026-4f59-9974-24481a7be2f4/current/containerDir0/4/metadata/4-dn-container.db: No such file or directory
	at org.rocksdb.RocksDB.open(Native Method)
	at org.rocksdb.RocksDB.open(RocksDB.java:231)
	at org.apache.hadoop.utils.RocksDBStore.<init>(RocksDBStore.java:71)
	... 15 more
2019-06-12 13:51:03,580 WARN  utils.BackgroundService (BackgroundService.java:lambda$run$0(135)) - Background task fails to execute, retrying in next interval
java.util.concurrent.ExecutionException: org.apache.hadoop.hdds.scm.container.common.helpers.StorageContainerException: Error opening DB. Container:1 ContainerPath:/opt/src/hadoop-ozone/integration-test/target/test-dir/MiniOzoneClusterImpl-869c8c0d-6a5a-4d77-b402-f67e80feef85/datanode-0/data/containers/hdds/02d1f6b8-f026-4f59-9974-24481a7be2f4/current/containerDir0/1/metadata/1-dn-container.db
	at java.util.concurrent.FutureTask.report(FutureTask.java:122)
	at java.util.concurrent.FutureTask.get(FutureTask.java:206)
	at org.apache.hadoop.utils.BackgroundService$PeriodicalTask.lambda$run$0(BackgroundService.java:129)
	at java.util.stream.ForEachOps$ForEachOp$OfRef.accept(ForEachOps.java:184)
	at java.util.ArrayList$ArrayListSpliterator.forEachRemaining(ArrayList.java:1382)
	at java.util.stream.AbstractPipeline.copyInto(AbstractPipeline.java:482)
	at java.util.stream.ForEachOps$ForEachTask.compute(ForEachOps.java:291)
	at java.util.concurrent.CountedCompleter.exec(CountedCompleter.java:731)
	at java.util.concurrent.ForkJoinTask.doExec(ForkJoinTask.java:289)
	at java.util.concurrent.ForkJoinPool$WorkQueue.execLocalTasks(ForkJoinPool.java:1040)
	at java.util.concurrent.ForkJoinPool$WorkQueue.runTask(ForkJoinPool.java:1058)
	at java.util.concurrent.ForkJoinPool.runWorker(ForkJoinPool.java:1692)
	at java.util.concurrent.ForkJoinWorkerThread.run(ForkJoinWorkerThread.java:157)
Caused by: org.apache.hadoop.hdds.scm.container.common.helpers.StorageContainerException: Error opening DB. Container:1 ContainerPath:/opt/src/hadoop-ozone/integration-test/target/test-dir/MiniOzoneClusterImpl-869c8c0d-6a5a-4d77-b402-f67e80feef85/datanode-0/data/containers/hdds/02d1f6b8-f026-4f59-9974-24481a7be2f4/current/containerDir0/1/metadata/1-dn-container.db
	at org.apache.hadoop.ozone.container.keyvalue.helpers.BlockUtils.getDB(BlockUtils.java:84)
	at org.apache.hadoop.ozone.container.keyvalue.statemachine.background.BlockDeletingService$BlockDeletingTask.call(BlockDeletingService.java:188)
	at org.apache.hadoop.ozone.container.keyvalue.statemachine.background.BlockDeletingService$BlockDeletingTask.call(BlockDeletingService.java:172)
	at java.util.concurrent.FutureTask.run(FutureTask.java:266)
	at java.util.concurrent.Executors$RunnableAdapter.call(Executors.java:511)
	at java.util.concurrent.FutureTask.run(FutureTask.java:266)
	at java.util.concurrent.Executors$RunnableAdapter.call(Executors.java:511)
	at java.util.concurrent.FutureTask.run(FutureTask.java:266)
	at java.util.concurrent.ScheduledThreadPoolExecutor$ScheduledFutureTask.access$201(ScheduledThreadPoolExecutor.java:180)
	at java.util.concurrent.ScheduledThreadPoolExecutor$ScheduledFutureTask.run(ScheduledThreadPoolExecutor.java:293)
	at java.util.concurrent.ThreadPoolExecutor.runWorker(ThreadPoolExecutor.java:1149)
	at java.util.concurrent.ThreadPoolExecutor$Worker.run(ThreadPoolExecutor.java:624)
	at java.lang.Thread.run(Thread.java:748)
2019-06-12 13:51:03,580 WARN  utils.BackgroundService (BackgroundService.java:lambda$run$0(135)) - Background task fails to execute, retrying in next interval
java.util.concurrent.ExecutionException: org.apache.hadoop.hdds.scm.container.common.helpers.StorageContainerException: Error opening DB. Container:4 ContainerPath:/opt/src/hadoop-ozone/integration-test/target/test-dir/MiniOzoneClusterImpl-869c8c0d-6a5a-4d77-b402-f67e80feef85/datanode-0/data/containers/hdds/02d1f6b8-f026-4f59-9974-24481a7be2f4/current/containerDir0/4/metadata/4-dn-container.db
	at java.util.concurrent.FutureTask.report(FutureTask.java:122)
	at java.util.concurrent.FutureTask.get(FutureTask.java:206)
	at org.apache.hadoop.utils.BackgroundService$PeriodicalTask.lambda$run$0(BackgroundService.java:129)
	at java.util.stream.ForEachOps$ForEachOp$OfRef.accept(ForEachOps.java:184)
	at java.util.ArrayList$ArrayListSpliterator.forEachRemaining(ArrayList.java:1382)
	at java.util.stream.AbstractPipeline.copyInto(AbstractPipeline.java:482)
	at java.util.stream.ForEachOps$ForEachTask.compute(ForEachOps.java:291)
	at java.util.concurrent.CountedCompleter.exec(CountedCompleter.java:731)
	at java.util.concurrent.ForkJoinTask.doExec(ForkJoinTask.java:289)
	at java.util.concurrent.ForkJoinTask.doInvoke(ForkJoinTask.java:401)
	at java.util.concurrent.ForkJoinTask.invoke(ForkJoinTask.java:734)
	at java.util.stream.ForEachOps$ForEachOp.evaluateParallel(ForEachOps.java:160)
	at java.util.stream.ForEachOps$ForEachOp$OfRef.evaluateParallel(ForEachOps.java:174)
	at java.util.stream.AbstractPipeline.evaluate(AbstractPipeline.java:233)
	at java.util.stream.ReferencePipeline.forEach(ReferencePipeline.java:418)
	at java.util.stream.ReferencePipeline$Head.forEach(ReferencePipeline.java:583)
	at org.apache.hadoop.utils.BackgroundService$PeriodicalTask.run(BackgroundService.java:125)
	at java.util.concurrent.Executors$RunnableAdapter.call(Executors.java:511)
	at java.util.concurrent.FutureTask.runAndReset(FutureTask.java:308)
	at java.util.concurrent.ScheduledThreadPoolExecutor$ScheduledFutureTask.access$301(ScheduledThreadPoolExecutor.java:180)
	at java.util.concurrent.ScheduledThreadPoolExecutor$ScheduledFutureTask.run(ScheduledThreadPoolExecutor.java:294)
	at java.util.concurrent.ThreadPoolExecutor.runWorker(ThreadPoolExecutor.java:1149)
	at java.util.concurrent.ThreadPoolExecutor$Worker.run(ThreadPoolExecutor.java:624)
	at java.lang.Thread.run(Thread.java:748)
Caused by: org.apache.hadoop.hdds.scm.container.common.helpers.StorageContainerException: Error opening DB. Container:4 ContainerPath:/opt/src/hadoop-ozone/integration-test/target/test-dir/MiniOzoneClusterImpl-869c8c0d-6a5a-4d77-b402-f67e80feef85/datanode-0/data/containers/hdds/02d1f6b8-f026-4f59-9974-24481a7be2f4/current/containerDir0/4/metadata/4-dn-container.db
	at org.apache.hadoop.ozone.container.keyvalue.helpers.BlockUtils.getDB(BlockUtils.java:84)
	at org.apache.hadoop.ozone.container.keyvalue.statemachine.background.BlockDeletingService$BlockDeletingTask.call(BlockDeletingService.java:188)
	at org.apache.hadoop.ozone.container.keyvalue.statemachine.background.BlockDeletingService$BlockDeletingTask.call(BlockDeletingService.java:172)
	at java.util.concurrent.FutureTask.run(FutureTask.java:266)
	at java.util.concurrent.Executors$RunnableAdapter.call(Executors.java:511)
	at java.util.concurrent.FutureTask.run(FutureTask.java:266)
	at java.util.concurrent.Executors$RunnableAdapter.call(Executors.java:511)
	at java.util.concurrent.FutureTask.run(FutureTask.java:266)
	at java.util.concurrent.ScheduledThreadPoolExecutor$ScheduledFutureTask.access$201(ScheduledThreadPoolExecutor.java:180)
	at java.util.concurrent.ScheduledThreadPoolExecutor$ScheduledFutureTask.run(ScheduledThreadPoolExecutor.java:293)
	... 3 more
2019-06-12 13:51:03,581 ERROR utils.ContainerCache (ContainerCache.java:getDB(137)) - Error opening DB. Container:3 ContainerPath:/opt/src/hadoop-ozone/integration-test/target/test-dir/MiniOzoneClusterImpl-869c8c0d-6a5a-4d77-b402-f67e80feef85/datanode-0/data/containers/hdds/02d1f6b8-f026-4f59-9974-24481a7be2f4/current/containerDir0/3/metadata/3-dn-container.db
java.io.IOException: Failed init RocksDB, db path : /opt/src/hadoop-ozone/integration-test/target/test-dir/MiniOzoneClusterImpl-869c8c0d-6a5a-4d77-b402-f67e80feef85/datanode-0/data/containers/hdds/02d1f6b8-f026-4f59-9974-24481a7be2f4/current/containerDir0/3/metadata/3-dn-container.db
	at org.apache.hadoop.utils.RocksDBStore.<init>(RocksDBStore.java:87)
	at org.apache.hadoop.utils.MetadataStoreBuilder.build(MetadataStoreBuilder.java:137)
	at org.apache.hadoop.ozone.container.common.utils.ContainerCache.getDB(ContainerCache.java:129)
	at org.apache.hadoop.ozone.container.keyvalue.helpers.BlockUtils.getDB(BlockUtils.java:77)
	at org.apache.hadoop.ozone.container.keyvalue.statemachine.background.BlockDeletingService$BlockDeletingTask.call(BlockDeletingService.java:188)
	at org.apache.hadoop.ozone.container.keyvalue.statemachine.background.BlockDeletingService$BlockDeletingTask.call(BlockDeletingService.java:172)
	at java.util.concurrent.FutureTask.run(FutureTask.java:266)
	at java.util.concurrent.Executors$RunnableAdapter.call(Executors.java:511)
	at java.util.concurrent.FutureTask.run(FutureTask.java:266)
	at java.util.concurrent.Executors$RunnableAdapter.call(Executors.java:511)
	at java.util.concurrent.FutureTask.run(FutureTask.java:266)
	at java.util.concurrent.ScheduledThreadPoolExecutor$ScheduledFutureTask.access$201(ScheduledThreadPoolExecutor.java:180)
	at java.util.concurrent.ScheduledThreadPoolExecutor$ScheduledFutureTask.run(ScheduledThreadPoolExecutor.java:293)
	at java.util.concurrent.ThreadPoolExecutor.runWorker(ThreadPoolExecutor.java:1149)
	at java.util.concurrent.ThreadPoolExecutor$Worker.run(ThreadPoolExecutor.java:624)
	at java.lang.Thread.run(Thread.java:748)
Caused by: org.rocksdb.RocksDBException: While mkdir if missing: /opt/src/hadoop-ozone/integration-test/target/test-dir/MiniOzoneClusterImpl-869c8c0d-6a5a-4d77-b402-f67e80feef85/datanode-0/data/containers/hdds/02d1f6b8-f026-4f59-9974-24481a7be2f4/current/containerDir0/3/metadata/3-dn-container.db: No such file or directory
	at org.rocksdb.RocksDB.open(Native Method)
	at org.rocksdb.RocksDB.open(RocksDB.java:231)
	at org.apache.hadoop.utils.RocksDBStore.<init>(RocksDBStore.java:71)
	... 15 more
2019-06-12 13:51:03,581 WARN  utils.BackgroundService (BackgroundService.java:lambda$run$0(135)) - Background task fails to execute, retrying in next interval
java.util.concurrent.ExecutionException: org.apache.hadoop.hdds.scm.container.common.helpers.StorageContainerException: Error opening DB. Container:3 ContainerPath:/opt/src/hadoop-ozone/integration-test/target/test-dir/MiniOzoneClusterImpl-869c8c0d-6a5a-4d77-b402-f67e80feef85/datanode-0/data/containers/hdds/02d1f6b8-f026-4f59-9974-24481a7be2f4/current/containerDir0/3/metadata/3-dn-container.db
	at java.util.concurrent.FutureTask.report(FutureTask.java:122)
	at java.util.concurrent.FutureTask.get(FutureTask.java:206)
	at org.apache.hadoop.utils.BackgroundService$PeriodicalTask.lambda$run$0(BackgroundService.java:129)
	at java.util.stream.ForEachOps$ForEachOp$OfRef.accept(ForEachOps.java:184)
	at java.util.ArrayList$ArrayListSpliterator.forEachRemaining(ArrayList.java:1382)
	at java.util.stream.AbstractPipeline.copyInto(AbstractPipeline.java:482)
	at java.util.stream.ForEachOps$ForEachTask.compute(ForEachOps.java:291)
	at java.util.concurrent.CountedCompleter.exec(CountedCompleter.java:731)
	at java.util.concurrent.ForkJoinTask.doExec(ForkJoinTask.java:289)
	at java.util.concurrent.ForkJoinPool$WorkQueue.pollAndExecCC(ForkJoinPool.java:1190)
	at java.util.concurrent.ForkJoinPool.helpComplete(ForkJoinPool.java:1879)
	at java.util.concurrent.ForkJoinPool.externalHelpComplete(ForkJoinPool.java:2467)
	at java.util.concurrent.ForkJoinTask.externalAwaitDone(ForkJoinTask.java:324)
	at java.util.concurrent.ForkJoinTask.doInvoke(ForkJoinTask.java:405)
	at java.util.concurrent.ForkJoinTask.invoke(ForkJoinTask.java:734)
	at java.util.stream.ForEachOps$ForEachOp.evaluateParallel(ForEachOps.java:160)
	at java.util.stream.ForEachOps$ForEachOp$OfRef.evaluateParallel(ForEachOps.java:174)
	at java.util.stream.AbstractPipeline.evaluate(AbstractPipeline.java:233)
	at java.util.stream.ReferencePipeline.forEach(ReferencePipeline.java:418)
	at java.util.stream.ReferencePipeline$Head.forEach(ReferencePipeline.java:583)
	at org.apache.hadoop.utils.BackgroundService$PeriodicalTask.run(BackgroundService.java:125)
	at java.util.concurrent.Executors$RunnableAdapter.call(Executors.java:511)
	at java.util.concurrent.FutureTask.runAndReset(FutureTask.java:308)
	at java.util.concurrent.ScheduledThreadPoolExecutor$ScheduledFutureTask.access$301(ScheduledThreadPoolExecutor.java:180)
	at java.util.concurrent.ScheduledThreadPoolExecutor$ScheduledFutureTask.run(ScheduledThreadPoolExecutor.java:294)
	at java.util.concurrent.ThreadPoolExecutor.runWorker(ThreadPoolExecutor.java:1149)
	at java.util.concurrent.ThreadPoolExecutor$Worker.run(ThreadPoolExecutor.java:624)
	at java.lang.Thread.run(Thread.java:748)
Caused by: org.apache.hadoop.hdds.scm.container.common.helpers.StorageContainerException: Error opening DB. Container:3 ContainerPath:/opt/src/hadoop-ozone/integration-test/target/test-dir/MiniOzoneClusterImpl-869c8c0d-6a5a-4d77-b402-f67e80feef85/datanode-0/data/containers/hdds/02d1f6b8-f026-4f59-9974-24481a7be2f4/current/containerDir0/3/metadata/3-dn-container.db
	at org.apache.hadoop.ozone.container.keyvalue.helpers.BlockUtils.getDB(BlockUtils.java:84)
	at org.apache.hadoop.ozone.container.keyvalue.statemachine.background.BlockDeletingService$BlockDeletingTask.call(BlockDeletingService.java:188)
	at org.apache.hadoop.ozone.container.keyvalue.statemachine.background.BlockDeletingService$BlockDeletingTask.call(BlockDeletingService.java:172)
	at java.util.concurrent.FutureTask.run(FutureTask.java:266)
	at java.util.concurrent.Executors$RunnableAdapter.call(Executors.java:511)
	at java.util.concurrent.FutureTask.run(FutureTask.java:266)
	at java.util.concurrent.Executors$RunnableAdapter.call(Executors.java:511)
	at java.util.concurrent.FutureTask.run(FutureTask.java:266)
	at java.util.concurrent.ScheduledThreadPoolExecutor$ScheduledFutureTask.access$201(ScheduledThreadPoolExecutor.java:180)
	at java.util.concurrent.ScheduledThreadPoolExecutor$ScheduledFutureTask.run(ScheduledThreadPoolExecutor.java:293)
	... 3 more
2019-06-12 13:51:03,583 ERROR utils.ContainerCache (ContainerCache.java:getDB(137)) - Error opening DB. Container:2 ContainerPath:/opt/src/hadoop-ozone/integration-test/target/test-dir/MiniOzoneClusterImpl-869c8c0d-6a5a-4d77-b402-f67e80feef85/datanode-0/data/containers/hdds/02d1f6b8-f026-4f59-9974-24481a7be2f4/current/containerDir0/2/metadata/2-dn-container.db
java.io.IOException: Failed init RocksDB, db path : /opt/src/hadoop-ozone/integration-test/target/test-dir/MiniOzoneClusterImpl-869c8c0d-6a5a-4d77-b402-f67e80feef85/datanode-0/data/containers/hdds/02d1f6b8-f026-4f59-9974-24481a7be2f4/current/containerDir0/2/metadata/2-dn-container.db
	at org.apache.hadoop.utils.RocksDBStore.<init>(RocksDBStore.java:87)
	at org.apache.hadoop.utils.MetadataStoreBuilder.build(MetadataStoreBuilder.java:137)
	at org.apache.hadoop.ozone.container.common.utils.ContainerCache.getDB(ContainerCache.java:129)
	at org.apache.hadoop.ozone.container.keyvalue.helpers.BlockUtils.getDB(BlockUtils.java:77)
	at org.apache.hadoop.ozone.container.keyvalue.statemachine.background.BlockDeletingService$BlockDeletingTask.call(BlockDeletingService.java:188)
	at org.apache.hadoop.ozone.container.keyvalue.statemachine.background.BlockDeletingService$BlockDeletingTask.call(BlockDeletingService.java:172)
	at java.util.concurrent.FutureTask.run(FutureTask.java:266)
	at java.util.concurrent.Executors$RunnableAdapter.call(Executors.java:511)
	at java.util.concurrent.FutureTask.run(FutureTask.java:266)
	at java.util.concurrent.Executors$RunnableAdapter.call(Executors.java:511)
	at java.util.concurrent.FutureTask.run(FutureTask.java:266)
	at java.util.concurrent.ScheduledThreadPoolExecutor$ScheduledFutureTask.access$201(ScheduledThreadPoolExecutor.java:180)
	at java.util.concurrent.ScheduledThreadPoolExecutor$ScheduledFutureTask.run(ScheduledThreadPoolExecutor.java:293)
	at java.util.concurrent.ThreadPoolExecutor.runWorker(ThreadPoolExecutor.java:1149)
	at java.util.concurrent.ThreadPoolExecutor$Worker.run(ThreadPoolExecutor.java:624)
	at java.lang.Thread.run(Thread.java:748)
Caused by: org.rocksdb.RocksDBException: While mkdir if missing: /opt/src/hadoop-ozone/integration-test/target/test-dir/MiniOzoneClusterImpl-869c8c0d-6a5a-4d77-b402-f67e80feef85/datanode-0/data/containers/hdds/02d1f6b8-f026-4f59-9974-24481a7be2f4/current/containerDir0/2/metadata/2-dn-container.db: No such file or directory
	at org.rocksdb.RocksDB.open(Native Method)
	at org.rocksdb.RocksDB.open(RocksDB.java:231)
	at org.apache.hadoop.utils.RocksDBStore.<init>(RocksDBStore.java:71)
	... 15 more
2019-06-12 13:51:03,583 WARN  utils.BackgroundService (BackgroundService.java:lambda$run$0(135)) - Background task fails to execute, retrying in next interval
java.util.concurrent.ExecutionException: org.apache.hadoop.hdds.scm.container.common.helpers.StorageContainerException: Error opening DB. Container:2 ContainerPath:/opt/src/hadoop-ozone/integration-test/target/test-dir/MiniOzoneClusterImpl-869c8c0d-6a5a-4d77-b402-f67e80feef85/datanode-0/data/containers/hdds/02d1f6b8-f026-4f59-9974-24481a7be2f4/current/containerDir0/2/metadata/2-dn-container.db
	at java.util.concurrent.FutureTask.report(FutureTask.java:122)
	at java.util.concurrent.FutureTask.get(FutureTask.java:206)
	at org.apache.hadoop.utils.BackgroundService$PeriodicalTask.lambda$run$0(BackgroundService.java:129)
	at java.util.stream.ForEachOps$ForEachOp$OfRef.accept(ForEachOps.java:184)
	at java.util.ArrayList$ArrayListSpliterator.forEachRemaining(ArrayList.java:1382)
	at java.util.stream.AbstractPipeline.copyInto(AbstractPipeline.java:482)
	at java.util.stream.ForEachOps$ForEachTask.compute(ForEachOps.java:291)
	at java.util.concurrent.CountedCompleter.exec(CountedCompleter.java:731)
	at java.util.concurrent.ForkJoinTask.doExec(ForkJoinTask.java:289)
	at java.util.concurrent.ForkJoinPool$WorkQueue.runTask(ForkJoinPool.java:1056)
	at java.util.concurrent.ForkJoinPool.runWorker(ForkJoinPool.java:1692)
	at java.util.concurrent.ForkJoinWorkerThread.run(ForkJoinWorkerThread.java:157)
Caused by: org.apache.hadoop.hdds.scm.container.common.helpers.StorageContainerException: Error opening DB. Container:2 ContainerPath:/opt/src/hadoop-ozone/integration-test/target/test-dir/MiniOzoneClusterImpl-869c8c0d-6a5a-4d77-b402-f67e80feef85/datanode-0/data/containers/hdds/02d1f6b8-f026-4f59-9974-24481a7be2f4/current/containerDir0/2/metadata/2-dn-container.db
	at org.apache.hadoop.ozone.container.keyvalue.helpers.BlockUtils.getDB(BlockUtils.java:84)
	at org.apache.hadoop.ozone.container.keyvalue.statemachine.background.BlockDeletingService$BlockDeletingTask.call(BlockDeletingService.java:188)
	at org.apache.hadoop.ozone.container.keyvalue.statemachine.background.BlockDeletingService$BlockDeletingTask.call(BlockDeletingService.java:172)
	at java.util.concurrent.FutureTask.run(FutureTask.java:266)
	at java.util.concurrent.Executors$RunnableAdapter.call(Executors.java:511)
	at java.util.concurrent.FutureTask.run(FutureTask.java:266)
	at java.util.concurrent.Executors$RunnableAdapter.call(Executors.java:511)
	at java.util.concurrent.FutureTask.run(FutureTask.java:266)
	at java.util.concurrent.ScheduledThreadPoolExecutor$ScheduledFutureTask.access$201(ScheduledThreadPoolExecutor.java:180)
	at java.util.concurrent.ScheduledThreadPoolExecutor$ScheduledFutureTask.run(ScheduledThreadPoolExecutor.java:293)
	at java.util.concurrent.ThreadPoolExecutor.runWorker(ThreadPoolExecutor.java:1149)
	at java.util.concurrent.ThreadPoolExecutor$Worker.run(ThreadPoolExecutor.java:624)
	at java.lang.Thread.run(Thread.java:748)
2019-06-12 13:51:04,208 INFO  ozone.MiniOzoneClusterImpl (MiniOzoneClusterImpl.java:lambda$waitForClusterToBeReady$0(142)) - Waiting for cluster to be ready. Got 0 of 1 DN Heartbeats.
2019-06-12 13:51:04,583 INFO  background.BlockDeletingService (BlockDeletingService.java:getTasks(123)) - Plan to choose 10 containers for block deletion, actually returns 5 valid containers.
2019-06-12 13:51:04,584 ERROR utils.ContainerCache (ContainerCache.java:getDB(137)) - Error opening DB. Container:1 ContainerPath:/opt/src/hadoop-ozone/integration-test/target/test-dir/MiniOzoneClusterImpl-869c8c0d-6a5a-4d77-b402-f67e80feef85/datanode-0/data/containers/hdds/02d1f6b8-f026-4f59-9974-24481a7be2f4/current/containerDir0/1/metadata/1-dn-container.db
java.io.IOException: Failed init RocksDB, db path : /opt/src/hadoop-ozone/integration-test/target/test-dir/MiniOzoneClusterImpl-869c8c0d-6a5a-4d77-b402-f67e80feef85/datanode-0/data/containers/hdds/02d1f6b8-f026-4f59-9974-24481a7be2f4/current/containerDir0/1/metadata/1-dn-container.db
	at org.apache.hadoop.utils.RocksDBStore.<init>(RocksDBStore.java:87)
	at org.apache.hadoop.utils.MetadataStoreBuilder.build(MetadataStoreBuilder.java:137)
	at org.apache.hadoop.ozone.container.common.utils.ContainerCache.getDB(ContainerCache.java:129)
	at org.apache.hadoop.ozone.container.keyvalue.helpers.BlockUtils.getDB(BlockUtils.java:77)
	at org.apache.hadoop.ozone.container.keyvalue.statemachine.background.BlockDeletingService$BlockDeletingTask.call(BlockDeletingService.java:188)
	at org.apache.hadoop.ozone.container.keyvalue.statemachine.background.BlockDeletingService$BlockDeletingTask.call(BlockDeletingService.java:172)
	at java.util.concurrent.FutureTask.run(FutureTask.java:266)
	at java.util.concurrent.Executors$RunnableAdapter.call(Executors.java:511)
	at java.util.concurrent.FutureTask.run(FutureTask.java:266)
	at java.util.concurrent.Executors$RunnableAdapter.call(Executors.java:511)
	at java.util.concurrent.FutureTask.run(FutureTask.java:266)
	at java.util.concurrent.ScheduledThreadPoolExecutor$ScheduledFutureTask.access$201(ScheduledThreadPoolExecutor.java:180)
	at java.util.concurrent.ScheduledThreadPoolExecutor$ScheduledFutureTask.run(ScheduledThreadPoolExecutor.java:293)
	at java.util.concurrent.ThreadPoolExecutor.runWorker(ThreadPoolExecutor.java:1149)
	at java.util.concurrent.ThreadPoolExecutor$Worker.run(ThreadPoolExecutor.java:624)
	at java.lang.Thread.run(Thread.java:748)
Caused by: org.rocksdb.RocksDBException: While mkdir if missing: /opt/src/hadoop-ozone/integration-test/target/test-dir/MiniOzoneClusterImpl-869c8c0d-6a5a-4d77-b402-f67e80feef85/datanode-0/data/containers/hdds/02d1f6b8-f026-4f59-9974-24481a7be2f4/current/containerDir0/1/metadata/1-dn-container.db: No such file or directory
	at org.rocksdb.RocksDB.open(Native Method)
	at org.rocksdb.RocksDB.open(RocksDB.java:231)
	at org.apache.hadoop.utils.RocksDBStore.<init>(RocksDBStore.java:71)
	... 15 more
2019-06-12 13:51:04,585 ERROR utils.ContainerCache (ContainerCache.java:getDB(137)) - Error opening DB. Container:5 ContainerPath:/opt/src/hadoop-ozone/integration-test/target/test-dir/MiniOzoneClusterImpl-869c8c0d-6a5a-4d77-b402-f67e80feef85/datanode-0/data/containers/hdds/02d1f6b8-f026-4f59-9974-24481a7be2f4/current/containerDir0/5/metadata/5-dn-container.db
java.io.IOException: Failed init RocksDB, db path : /opt/src/hadoop-ozone/integration-test/target/test-dir/MiniOzoneClusterImpl-869c8c0d-6a5a-4d77-b402-f67e80feef85/datanode-0/data/containers/hdds/02d1f6b8-f026-4f59-9974-24481a7be2f4/current/containerDir0/5/metadata/5-dn-container.db
	at org.apache.hadoop.utils.RocksDBStore.<init>(RocksDBStore.java:87)
	at org.apache.hadoop.utils.MetadataStoreBuilder.build(MetadataStoreBuilder.java:137)
	at org.apache.hadoop.ozone.container.common.utils.ContainerCache.getDB(ContainerCache.java:129)
	at org.apache.hadoop.ozone.container.keyvalue.helpers.BlockUtils.getDB(BlockUtils.java:77)
	at org.apache.hadoop.ozone.container.keyvalue.statemachine.background.BlockDeletingService$BlockDeletingTask.call(BlockDeletingService.java:188)
	at org.apache.hadoop.ozone.container.keyvalue.statemachine.background.BlockDeletingService$BlockDeletingTask.call(BlockDeletingService.java:172)
	at java.util.concurrent.FutureTask.run(FutureTask.java:266)
	at java.util.concurrent.Executors$RunnableAdapter.call(Executors.java:511)
	at java.util.concurrent.FutureTask.run(FutureTask.java:266)
	at java.util.concurrent.Executors$RunnableAdapter.call(Executors.java:511)
	at java.util.concurrent.FutureTask.run(FutureTask.java:266)
	at java.util.concurrent.ScheduledThreadPoolExecutor$ScheduledFutureTask.access$201(ScheduledThreadPoolExecutor.java:180)
	at java.util.concurrent.ScheduledThreadPoolExecutor$ScheduledFutureTask.run(ScheduledThreadPoolExecutor.java:293)
	at java.util.concurrent.ThreadPoolExecutor.runWorker(ThreadPoolExecutor.java:1149)
	at java.util.concurrent.ThreadPoolExecutor$Worker.run(ThreadPoolExecutor.java:624)
	at java.lang.Thread.run(Thread.java:748)
Caused by: org.rocksdb.RocksDBException: While mkdir if missing: /opt/src/hadoop-ozone/integration-test/target/test-dir/MiniOzoneClusterImpl-869c8c0d-6a5a-4d77-b402-f67e80feef85/datanode-0/data/containers/hdds/02d1f6b8-f026-4f59-9974-24481a7be2f4/current/containerDir0/5/metadata/5-dn-container.db: No such file or directory
	at org.rocksdb.RocksDB.open(Native Method)
	at org.rocksdb.RocksDB.open(RocksDB.java:231)
	at org.apache.hadoop.utils.RocksDBStore.<init>(RocksDBStore.java:71)
	... 15 more
2019-06-12 13:51:04,585 WARN  utils.BackgroundService (BackgroundService.java:lambda$run$0(135)) - Background task fails to execute, retrying in next interval
java.util.concurrent.ExecutionException: org.apache.hadoop.hdds.scm.container.common.helpers.StorageContainerException: Error opening DB. Container:5 ContainerPath:/opt/src/hadoop-ozone/integration-test/target/test-dir/MiniOzoneClusterImpl-869c8c0d-6a5a-4d77-b402-f67e80feef85/datanode-0/data/containers/hdds/02d1f6b8-f026-4f59-9974-24481a7be2f4/current/containerDir0/5/metadata/5-dn-container.db
	at java.util.concurrent.FutureTask.report(FutureTask.java:122)
	at java.util.concurrent.FutureTask.get(FutureTask.java:206)
	at org.apache.hadoop.utils.BackgroundService$PeriodicalTask.lambda$run$0(BackgroundService.java:129)
	at java.util.stream.ForEachOps$ForEachOp$OfRef.accept(ForEachOps.java:184)
	at java.util.ArrayList$ArrayListSpliterator.forEachRemaining(ArrayList.java:1382)
	at java.util.stream.AbstractPipeline.copyInto(AbstractPipeline.java:482)
	at java.util.stream.ForEachOps$ForEachTask.compute(ForEachOps.java:291)
	at java.util.concurrent.CountedCompleter.exec(CountedCompleter.java:731)
	at java.util.concurrent.ForkJoinTask.doExec(ForkJoinTask.java:289)
	at java.util.concurrent.ForkJoinPool$WorkQueue.runTask(ForkJoinPool.java:1056)
	at java.util.concurrent.ForkJoinPool.runWorker(ForkJoinPool.java:1692)
	at java.util.concurrent.ForkJoinWorkerThread.run(ForkJoinWorkerThread.java:157)
Caused by: org.apache.hadoop.hdds.scm.container.common.helpers.StorageContainerException: Error opening DB. Container:5 ContainerPath:/opt/src/hadoop-ozone/integration-test/target/test-dir/MiniOzoneClusterImpl-869c8c0d-6a5a-4d77-b402-f67e80feef85/datanode-0/data/containers/hdds/02d1f6b8-f026-4f59-9974-24481a7be2f4/current/containerDir0/5/metadata/5-dn-container.db
	at org.apache.hadoop.ozone.container.keyvalue.helpers.BlockUtils.getDB(BlockUtils.java:84)
	at org.apache.hadoop.ozone.container.keyvalue.statemachine.background.BlockDeletingService$BlockDeletingTask.call(BlockDeletingService.java:188)
	at org.apache.hadoop.ozone.container.keyvalue.statemachine.background.BlockDeletingService$BlockDeletingTask.call(BlockDeletingService.java:172)
	at java.util.concurrent.FutureTask.run(FutureTask.java:266)
	at java.util.concurrent.Executors$RunnableAdapter.call(Executors.java:511)
	at java.util.concurrent.FutureTask.run(FutureTask.java:266)
	at java.util.concurrent.Executors$RunnableAdapter.call(Executors.java:511)
	at java.util.concurrent.FutureTask.run(FutureTask.java:266)
	at java.util.concurrent.ScheduledThreadPoolExecutor$ScheduledFutureTask.access$201(ScheduledThreadPoolExecutor.java:180)
	at java.util.concurrent.ScheduledThreadPoolExecutor$ScheduledFutureTask.run(ScheduledThreadPoolExecutor.java:293)
	at java.util.concurrent.ThreadPoolExecutor.runWorker(ThreadPoolExecutor.java:1149)
	at java.util.concurrent.ThreadPoolExecutor$Worker.run(ThreadPoolExecutor.java:624)
	at java.lang.Thread.run(Thread.java:748)
2019-06-12 13:51:04,585 ERROR utils.ContainerCache (ContainerCache.java:getDB(137)) - Error opening DB. Container:4 ContainerPath:/opt/src/hadoop-ozone/integration-test/target/test-dir/MiniOzoneClusterImpl-869c8c0d-6a5a-4d77-b402-f67e80feef85/datanode-0/data/containers/hdds/02d1f6b8-f026-4f59-9974-24481a7be2f4/current/containerDir0/4/metadata/4-dn-container.db
java.io.IOException: Failed init RocksDB, db path : /opt/src/hadoop-ozone/integration-test/target/test-dir/MiniOzoneClusterImpl-869c8c0d-6a5a-4d77-b402-f67e80feef85/datanode-0/data/containers/hdds/02d1f6b8-f026-4f59-9974-24481a7be2f4/current/containerDir0/4/metadata/4-dn-container.db
	at org.apache.hadoop.utils.RocksDBStore.<init>(RocksDBStore.java:87)
	at org.apache.hadoop.utils.MetadataStoreBuilder.build(MetadataStoreBuilder.java:137)
	at org.apache.hadoop.ozone.container.common.utils.ContainerCache.getDB(ContainerCache.java:129)
	at org.apache.hadoop.ozone.container.keyvalue.helpers.BlockUtils.getDB(BlockUtils.java:77)
	at org.apache.hadoop.ozone.container.keyvalue.statemachine.background.BlockDeletingService$BlockDeletingTask.call(BlockDeletingService.java:188)
	at org.apache.hadoop.ozone.container.keyvalue.statemachine.background.BlockDeletingService$BlockDeletingTask.call(BlockDeletingService.java:172)
	at java.util.concurrent.FutureTask.run(FutureTask.java:266)
	at java.util.concurrent.Executors$RunnableAdapter.call(Executors.java:511)
	at java.util.concurrent.FutureTask.run(FutureTask.java:266)
	at java.util.concurrent.Executors$RunnableAdapter.call(Executors.java:511)
	at java.util.concurrent.FutureTask.run(FutureTask.java:266)
	at java.util.concurrent.ScheduledThreadPoolExecutor$ScheduledFutureTask.access$201(ScheduledThreadPoolExecutor.java:180)
	at java.util.concurrent.ScheduledThreadPoolExecutor$ScheduledFutureTask.run(ScheduledThreadPoolExecutor.java:293)
	at java.util.concurrent.ThreadPoolExecutor.runWorker(ThreadPoolExecutor.java:1149)
	at java.util.concurrent.ThreadPoolExecutor$Worker.run(ThreadPoolExecutor.java:624)
	at java.lang.Thread.run(Thread.java:748)
Caused by: org.rocksdb.RocksDBException: While mkdir if missing: /opt/src/hadoop-ozone/integration-test/target/test-dir/MiniOzoneClusterImpl-869c8c0d-6a5a-4d77-b402-f67e80feef85/datanode-0/data/containers/hdds/02d1f6b8-f026-4f59-9974-24481a7be2f4/current/containerDir0/4/metadata/4-dn-container.db: No such file or directory
	at org.rocksdb.RocksDB.open(Native Method)
	at org.rocksdb.RocksDB.open(RocksDB.java:231)
	at org.apache.hadoop.utils.RocksDBStore.<init>(RocksDBStore.java:71)
	... 15 more
2019-06-12 13:51:04,585 WARN  utils.BackgroundService (BackgroundService.java:lambda$run$0(135)) - Background task fails to execute, retrying in next interval
java.util.concurrent.ExecutionException: org.apache.hadoop.hdds.scm.container.common.helpers.StorageContainerException: Error opening DB. Container:1 ContainerPath:/opt/src/hadoop-ozone/integration-test/target/test-dir/MiniOzoneClusterImpl-869c8c0d-6a5a-4d77-b402-f67e80feef85/datanode-0/data/containers/hdds/02d1f6b8-f026-4f59-9974-24481a7be2f4/current/containerDir0/1/metadata/1-dn-container.db
	at java.util.concurrent.FutureTask.report(FutureTask.java:122)
	at java.util.concurrent.FutureTask.get(FutureTask.java:206)
	at org.apache.hadoop.utils.BackgroundService$PeriodicalTask.lambda$run$0(BackgroundService.java:129)
	at java.util.stream.ForEachOps$ForEachOp$OfRef.accept(ForEachOps.java:184)
	at java.util.ArrayList$ArrayListSpliterator.forEachRemaining(ArrayList.java:1382)
	at java.util.stream.AbstractPipeline.copyInto(AbstractPipeline.java:482)
	at java.util.stream.ForEachOps$ForEachTask.compute(ForEachOps.java:291)
	at java.util.concurrent.CountedCompleter.exec(CountedCompleter.java:731)
	at java.util.concurrent.ForkJoinTask.doExec(ForkJoinTask.java:289)
	at java.util.concurrent.ForkJoinPool$WorkQueue.execLocalTasks(ForkJoinPool.java:1040)
	at java.util.concurrent.ForkJoinPool$WorkQueue.runTask(ForkJoinPool.java:1058)
	at java.util.concurrent.ForkJoinPool.runWorker(ForkJoinPool.java:1692)
	at java.util.concurrent.ForkJoinWorkerThread.run(ForkJoinWorkerThread.java:157)
Caused by: org.apache.hadoop.hdds.scm.container.common.helpers.StorageContainerException: Error opening DB. Container:1 ContainerPath:/opt/src/hadoop-ozone/integration-test/target/test-dir/MiniOzoneClusterImpl-869c8c0d-6a5a-4d77-b402-f67e80feef85/datanode-0/data/containers/hdds/02d1f6b8-f026-4f59-9974-24481a7be2f4/current/containerDir0/1/metadata/1-dn-container.db
	at org.apache.hadoop.ozone.container.keyvalue.helpers.BlockUtils.getDB(BlockUtils.java:84)
	at org.apache.hadoop.ozone.container.keyvalue.statemachine.background.BlockDeletingService$BlockDeletingTask.call(BlockDeletingService.java:188)
	at org.apache.hadoop.ozone.container.keyvalue.statemachine.background.BlockDeletingService$BlockDeletingTask.call(BlockDeletingService.java:172)
	at java.util.concurrent.FutureTask.run(FutureTask.java:266)
	at java.util.concurrent.Executors$RunnableAdapter.call(Executors.java:511)
	at java.util.concurrent.FutureTask.run(FutureTask.java:266)
	at java.util.concurrent.Executors$RunnableAdapter.call(Executors.java:511)
	at java.util.concurrent.FutureTask.run(FutureTask.java:266)
	at java.util.concurrent.ScheduledThreadPoolExecutor$ScheduledFutureTask.access$201(ScheduledThreadPoolExecutor.java:180)
	at java.util.concurrent.ScheduledThreadPoolExecutor$ScheduledFutureTask.run(ScheduledThreadPoolExecutor.java:293)
	at java.util.concurrent.ThreadPoolExecutor.runWorker(ThreadPoolExecutor.java:1149)
	at java.util.concurrent.ThreadPoolExecutor$Worker.run(ThreadPoolExecutor.java:624)
	at java.lang.Thread.run(Thread.java:748)
2019-06-12 13:51:04,586 WARN  utils.BackgroundService (BackgroundService.java:lambda$run$0(135)) - Background task fails to execute, retrying in next interval
java.util.concurrent.ExecutionException: org.apache.hadoop.hdds.scm.container.common.helpers.StorageContainerException: Error opening DB. Container:4 ContainerPath:/opt/src/hadoop-ozone/integration-test/target/test-dir/MiniOzoneClusterImpl-869c8c0d-6a5a-4d77-b402-f67e80feef85/datanode-0/data/containers/hdds/02d1f6b8-f026-4f59-9974-24481a7be2f4/current/containerDir0/4/metadata/4-dn-container.db
	at java.util.concurrent.FutureTask.report(FutureTask.java:122)
	at java.util.concurrent.FutureTask.get(FutureTask.java:206)
	at org.apache.hadoop.utils.BackgroundService$PeriodicalTask.lambda$run$0(BackgroundService.java:129)
	at java.util.stream.ForEachOps$ForEachOp$OfRef.accept(ForEachOps.java:184)
	at java.util.ArrayList$ArrayListSpliterator.forEachRemaining(ArrayList.java:1382)
	at java.util.stream.AbstractPipeline.copyInto(AbstractPipeline.java:482)
	at java.util.stream.ForEachOps$ForEachTask.compute(ForEachOps.java:291)
	at java.util.concurrent.CountedCompleter.exec(CountedCompleter.java:731)
	at java.util.concurrent.ForkJoinTask.doExec(ForkJoinTask.java:289)
	at java.util.concurrent.ForkJoinTask.doInvoke(ForkJoinTask.java:401)
	at java.util.concurrent.ForkJoinTask.invoke(ForkJoinTask.java:734)
	at java.util.stream.ForEachOps$ForEachOp.evaluateParallel(ForEachOps.java:160)
	at java.util.stream.ForEachOps$ForEachOp$OfRef.evaluateParallel(ForEachOps.java:174)
	at java.util.stream.AbstractPipeline.evaluate(AbstractPipeline.java:233)
	at java.util.stream.ReferencePipeline.forEach(ReferencePipeline.java:418)
	at java.util.stream.ReferencePipeline$Head.forEach(ReferencePipeline.java:583)
	at org.apache.hadoop.utils.BackgroundService$PeriodicalTask.run(BackgroundService.java:125)
	at java.util.concurrent.Executors$RunnableAdapter.call(Executors.java:511)
	at java.util.concurrent.FutureTask.runAndReset(FutureTask.java:308)
	at java.util.concurrent.ScheduledThreadPoolExecutor$ScheduledFutureTask.access$301(ScheduledThreadPoolExecutor.java:180)
	at java.util.concurrent.ScheduledThreadPoolExecutor$ScheduledFutureTask.run(ScheduledThreadPoolExecutor.java:294)
	at java.util.concurrent.ThreadPoolExecutor.runWorker(ThreadPoolExecutor.java:1149)
	at java.util.concurrent.ThreadPoolExecutor$Worker.run(ThreadPoolExecutor.java:624)
	at java.lang.Thread.run(Thread.java:748)
Caused by: org.apache.hadoop.hdds.scm.container.common.helpers.StorageContainerException: Error opening DB. Container:4 ContainerPath:/opt/src/hadoop-ozone/integration-test/target/test-dir/MiniOzoneClusterImpl-869c8c0d-6a5a-4d77-b402-f67e80feef85/datanode-0/data/containers/hdds/02d1f6b8-f026-4f59-9974-24481a7be2f4/current/containerDir0/4/metadata/4-dn-container.db
	at org.apache.hadoop.ozone.container.keyvalue.helpers.BlockUtils.getDB(BlockUtils.java:84)
	at org.apache.hadoop.ozone.container.keyvalue.statemachine.background.BlockDeletingService$BlockDeletingTask.call(BlockDeletingService.java:188)
	at org.apache.hadoop.ozone.container.keyvalue.statemachine.background.BlockDeletingService$BlockDeletingTask.call(BlockDeletingService.java:172)
	at java.util.concurrent.FutureTask.run(FutureTask.java:266)
	at java.util.concurrent.Executors$RunnableAdapter.call(Executors.java:511)
	at java.util.concurrent.FutureTask.run(FutureTask.java:266)
	at java.util.concurrent.Executors$RunnableAdapter.call(Executors.java:511)
	at java.util.concurrent.FutureTask.run(FutureTask.java:266)
	at java.util.concurrent.ScheduledThreadPoolExecutor$ScheduledFutureTask.access$201(ScheduledThreadPoolExecutor.java:180)
	at java.util.concurrent.ScheduledThreadPoolExecutor$ScheduledFutureTask.run(ScheduledThreadPoolExecutor.java:293)
	... 3 more
2019-06-12 13:51:04,586 ERROR utils.ContainerCache (ContainerCache.java:getDB(137)) - Error opening DB. Container:3 ContainerPath:/opt/src/hadoop-ozone/integration-test/target/test-dir/MiniOzoneClusterImpl-869c8c0d-6a5a-4d77-b402-f67e80feef85/datanode-0/data/containers/hdds/02d1f6b8-f026-4f59-9974-24481a7be2f4/current/containerDir0/3/metadata/3-dn-container.db
java.io.IOException: Failed init RocksDB, db path : /opt/src/hadoop-ozone/integration-test/target/test-dir/MiniOzoneClusterImpl-869c8c0d-6a5a-4d77-b402-f67e80feef85/datanode-0/data/containers/hdds/02d1f6b8-f026-4f59-9974-24481a7be2f4/current/containerDir0/3/metadata/3-dn-container.db
	at org.apache.hadoop.utils.RocksDBStore.<init>(RocksDBStore.java:87)
	at org.apache.hadoop.utils.MetadataStoreBuilder.build(MetadataStoreBuilder.java:137)
	at org.apache.hadoop.ozone.container.common.utils.ContainerCache.getDB(ContainerCache.java:129)
	at org.apache.hadoop.ozone.container.keyvalue.helpers.BlockUtils.getDB(BlockUtils.java:77)
	at org.apache.hadoop.ozone.container.keyvalue.statemachine.background.BlockDeletingService$BlockDeletingTask.call(BlockDeletingService.java:188)
	at org.apache.hadoop.ozone.container.keyvalue.statemachine.background.BlockDeletingService$BlockDeletingTask.call(BlockDeletingService.java:172)
	at java.util.concurrent.FutureTask.run(FutureTask.java:266)
	at java.util.concurrent.Executors$RunnableAdapter.call(Executors.java:511)
	at java.util.concurrent.FutureTask.run(FutureTask.java:266)
	at java.util.concurrent.Executors$RunnableAdapter.call(Executors.java:511)
	at java.util.concurrent.FutureTask.run(FutureTask.java:266)
	at java.util.concurrent.ScheduledThreadPoolExecutor$ScheduledFutureTask.access$201(ScheduledThreadPoolExecutor.java:180)
	at java.util.concurrent.ScheduledThreadPoolExecutor$ScheduledFutureTask.run(ScheduledThreadPoolExecutor.java:293)
	at java.util.concurrent.ThreadPoolExecutor.runWorker(ThreadPoolExecutor.java:1149)
	at java.util.concurrent.ThreadPoolExecutor$Worker.run(ThreadPoolExecutor.java:624)
	at java.lang.Thread.run(Thread.java:748)
Caused by: org.rocksdb.RocksDBException: While mkdir if missing: /opt/src/hadoop-ozone/integration-test/target/test-dir/MiniOzoneClusterImpl-869c8c0d-6a5a-4d77-b402-f67e80feef85/datanode-0/data/containers/hdds/02d1f6b8-f026-4f59-9974-24481a7be2f4/current/containerDir0/3/metadata/3-dn-container.db: No such file or directory
	at org.rocksdb.RocksDB.open(Native Method)
	at org.rocksdb.RocksDB.open(RocksDB.java:231)
	at org.apache.hadoop.utils.RocksDBStore.<init>(RocksDBStore.java:71)
	... 15 more
2019-06-12 13:51:04,586 WARN  utils.BackgroundService (BackgroundService.java:lambda$run$0(135)) - Background task fails to execute, retrying in next interval
java.util.concurrent.ExecutionException: org.apache.hadoop.hdds.scm.container.common.helpers.StorageContainerException: Error opening DB. Container:3 ContainerPath:/opt/src/hadoop-ozone/integration-test/target/test-dir/MiniOzoneClusterImpl-869c8c0d-6a5a-4d77-b402-f67e80feef85/datanode-0/data/containers/hdds/02d1f6b8-f026-4f59-9974-24481a7be2f4/current/containerDir0/3/metadata/3-dn-container.db
	at java.util.concurrent.FutureTask.report(FutureTask.java:122)
	at java.util.concurrent.FutureTask.get(FutureTask.java:206)
	at org.apache.hadoop.utils.BackgroundService$PeriodicalTask.lambda$run$0(BackgroundService.java:129)
	at java.util.stream.ForEachOps$ForEachOp$OfRef.accept(ForEachOps.java:184)
	at java.util.ArrayList$ArrayListSpliterator.forEachRemaining(ArrayList.java:1382)
	at java.util.stream.AbstractPipeline.copyInto(AbstractPipeline.java:482)
	at java.util.stream.ForEachOps$ForEachTask.compute(ForEachOps.java:291)
	at java.util.concurrent.CountedCompleter.exec(CountedCompleter.java:731)
	at java.util.concurrent.ForkJoinTask.doExec(ForkJoinTask.java:289)
	at java.util.concurrent.ForkJoinPool$WorkQueue.pollAndExecCC(ForkJoinPool.java:1190)
	at java.util.concurrent.ForkJoinPool.helpComplete(ForkJoinPool.java:1879)
	at java.util.concurrent.ForkJoinPool.externalHelpComplete(ForkJoinPool.java:2467)
	at java.util.concurrent.ForkJoinTask.externalAwaitDone(ForkJoinTask.java:324)
	at java.util.concurrent.ForkJoinTask.doInvoke(ForkJoinTask.java:405)
	at java.util.concurrent.ForkJoinTask.invoke(ForkJoinTask.java:734)
	at java.util.stream.ForEachOps$ForEachOp.evaluateParallel(ForEachOps.java:160)
	at java.util.stream.ForEachOps$ForEachOp$OfRef.evaluateParallel(ForEachOps.java:174)
	at java.util.stream.AbstractPipeline.evaluate(AbstractPipeline.java:233)
	at java.util.stream.ReferencePipeline.forEach(ReferencePipeline.java:418)
	at java.util.stream.ReferencePipeline$Head.forEach(ReferencePipeline.java:583)
	at org.apache.hadoop.utils.BackgroundService$PeriodicalTask.run(BackgroundService.java:125)
	at java.util.concurrent.Executors$RunnableAdapter.call(Executors.java:511)
	at java.util.concurrent.FutureTask.runAndReset(FutureTask.java:308)
	at java.util.concurrent.ScheduledThreadPoolExecutor$ScheduledFutureTask.access$301(ScheduledThreadPoolExecutor.java:180)
	at java.util.concurrent.ScheduledThreadPoolExecutor$ScheduledFutureTask.run(ScheduledThreadPoolExecutor.java:294)
	at java.util.concurrent.ThreadPoolExecutor.runWorker(ThreadPoolExecutor.java:1149)
	at java.util.concurrent.ThreadPoolExecutor$Worker.run(ThreadPoolExecutor.java:624)
	at java.lang.Thread.run(Thread.java:748)
Caused by: org.apache.hadoop.hdds.scm.container.common.helpers.StorageContainerException: Error opening DB. Container:3 ContainerPath:/opt/src/hadoop-ozone/integration-test/target/test-dir/MiniOzoneClusterImpl-869c8c0d-6a5a-4d77-b402-f67e80feef85/datanode-0/data/containers/hdds/02d1f6b8-f026-4f59-9974-24481a7be2f4/current/containerDir0/3/metadata/3-dn-container.db
	at org.apache.hadoop.ozone.container.keyvalue.helpers.BlockUtils.getDB(BlockUtils.java:84)
	at org.apache.hadoop.ozone.container.keyvalue.statemachine.background.BlockDeletingService$BlockDeletingTask.call(BlockDeletingService.java:188)
	at org.apache.hadoop.ozone.container.keyvalue.statemachine.background.BlockDeletingService$BlockDeletingTask.call(BlockDeletingService.java:172)
	at java.util.concurrent.FutureTask.run(FutureTask.java:266)
	at java.util.concurrent.Executors$RunnableAdapter.call(Executors.java:511)
	at java.util.concurrent.FutureTask.run(FutureTask.java:266)
	at java.util.concurrent.Executors$RunnableAdapter.call(Executors.java:511)
	at java.util.concurrent.FutureTask.run(FutureTask.java:266)
	at java.util.concurrent.ScheduledThreadPoolExecutor$ScheduledFutureTask.access$201(ScheduledThreadPoolExecutor.java:180)
	at java.util.concurrent.ScheduledThreadPoolExecutor$ScheduledFutureTask.run(ScheduledThreadPoolExecutor.java:293)
	... 3 more
2019-06-12 13:51:04,586 ERROR utils.ContainerCache (ContainerCache.java:getDB(137)) - Error opening DB. Container:2 ContainerPath:/opt/src/hadoop-ozone/integration-test/target/test-dir/MiniOzoneClusterImpl-869c8c0d-6a5a-4d77-b402-f67e80feef85/datanode-0/data/containers/hdds/02d1f6b8-f026-4f59-9974-24481a7be2f4/current/containerDir0/2/metadata/2-dn-container.db
java.io.IOException: Failed init RocksDB, db path : /opt/src/hadoop-ozone/integration-test/target/test-dir/MiniOzoneClusterImpl-869c8c0d-6a5a-4d77-b402-f67e80feef85/datanode-0/data/containers/hdds/02d1f6b8-f026-4f59-9974-24481a7be2f4/current/containerDir0/2/metadata/2-dn-container.db
	at org.apache.hadoop.utils.RocksDBStore.<init>(RocksDBStore.java:87)
	at org.apache.hadoop.utils.MetadataStoreBuilder.build(MetadataStoreBuilder.java:137)
	at org.apache.hadoop.ozone.container.common.utils.ContainerCache.getDB(ContainerCache.java:129)
	at org.apache.hadoop.ozone.container.keyvalue.helpers.BlockUtils.getDB(BlockUtils.java:77)
	at org.apache.hadoop.ozone.container.keyvalue.statemachine.background.BlockDeletingService$BlockDeletingTask.call(BlockDeletingService.java:188)
	at org.apache.hadoop.ozone.container.keyvalue.statemachine.background.BlockDeletingService$BlockDeletingTask.call(BlockDeletingService.java:172)
	at java.util.concurrent.FutureTask.run(FutureTask.java:266)
	at java.util.concurrent.Executors$RunnableAdapter.call(Executors.java:511)
	at java.util.concurrent.FutureTask.run(FutureTask.java:266)
	at java.util.concurrent.Executors$RunnableAdapter.call(Executors.java:511)
	at java.util.concurrent.FutureTask.run(FutureTask.java:266)
	at java.util.concurrent.ScheduledThreadPoolExecutor$ScheduledFutureTask.access$201(ScheduledThreadPoolExecutor.java:180)
	at java.util.concurrent.ScheduledThreadPoolExecutor$ScheduledFutureTask.run(ScheduledThreadPoolExecutor.java:293)
	at java.util.concurrent.ThreadPoolExecutor.runWorker(ThreadPoolExecutor.java:1149)
	at java.util.concurrent.ThreadPoolExecutor$Worker.run(ThreadPoolExecutor.java:624)
	at java.lang.Thread.run(Thread.java:748)
Caused by: org.rocksdb.RocksDBException: While mkdir if missing: /opt/src/hadoop-ozone/integration-test/target/test-dir/MiniOzoneClusterImpl-869c8c0d-6a5a-4d77-b402-f67e80feef85/datanode-0/data/containers/hdds/02d1f6b8-f026-4f59-9974-24481a7be2f4/current/containerDir0/2/metadata/2-dn-container.db: No such file or directory
	at org.rocksdb.RocksDB.open(Native Method)
	at org.rocksdb.RocksDB.open(RocksDB.java:231)
	at org.apache.hadoop.utils.RocksDBStore.<init>(RocksDBStore.java:71)
	... 15 more
2019-06-12 13:51:04,587 WARN  utils.BackgroundService (BackgroundService.java:lambda$run$0(135)) - Background task fails to execute, retrying in next interval
java.util.concurrent.ExecutionException: org.apache.hadoop.hdds.scm.container.common.helpers.StorageContainerException: Error opening DB. Container:2 ContainerPath:/opt/src/hadoop-ozone/integration-test/target/test-dir/MiniOzoneClusterImpl-869c8c0d-6a5a-4d77-b402-f67e80feef85/datanode-0/data/containers/hdds/02d1f6b8-f026-4f59-9974-24481a7be2f4/current/containerDir0/2/metadata/2-dn-container.db
	at java.util.concurrent.FutureTask.report(FutureTask.java:122)
	at java.util.concurrent.FutureTask.get(FutureTask.java:206)
	at org.apache.hadoop.utils.BackgroundService$PeriodicalTask.lambda$run$0(BackgroundService.java:129)
	at java.util.stream.ForEachOps$ForEachOp$OfRef.accept(ForEachOps.java:184)
	at java.util.ArrayList$ArrayListSpliterator.forEachRemaining(ArrayList.java:1382)
	at java.util.stream.AbstractPipeline.copyInto(AbstractPipeline.java:482)
	at java.util.stream.ForEachOps$ForEachTask.compute(ForEachOps.java:291)
	at java.util.concurrent.CountedCompleter.exec(CountedCompleter.java:731)
	at java.util.concurrent.ForkJoinTask.doExec(ForkJoinTask.java:289)
	at java.util.concurrent.ForkJoinPool$WorkQueue.runTask(ForkJoinPool.java:1056)
	at java.util.concurrent.ForkJoinPool.runWorker(ForkJoinPool.java:1692)
	at java.util.concurrent.ForkJoinWorkerThread.run(ForkJoinWorkerThread.java:157)
Caused by: org.apache.hadoop.hdds.scm.container.common.helpers.StorageContainerException: Error opening DB. Container:2 ContainerPath:/opt/src/hadoop-ozone/integration-test/target/test-dir/MiniOzoneClusterImpl-869c8c0d-6a5a-4d77-b402-f67e80feef85/datanode-0/data/containers/hdds/02d1f6b8-f026-4f59-9974-24481a7be2f4/current/containerDir0/2/metadata/2-dn-container.db
	at org.apache.hadoop.ozone.container.keyvalue.helpers.BlockUtils.getDB(BlockUtils.java:84)
	at org.apache.hadoop.ozone.container.keyvalue.statemachine.background.BlockDeletingService$BlockDeletingTask.call(BlockDeletingService.java:188)
	at org.apache.hadoop.ozone.container.keyvalue.statemachine.background.BlockDeletingService$BlockDeletingTask.call(BlockDeletingService.java:172)
	at java.util.concurrent.FutureTask.run(FutureTask.java:266)
	at java.util.concurrent.Executors$RunnableAdapter.call(Executors.java:511)
	at java.util.concurrent.FutureTask.run(FutureTask.java:266)
	at java.util.concurrent.Executors$RunnableAdapter.call(Executors.java:511)
	at java.util.concurrent.FutureTask.run(FutureTask.java:266)
	at java.util.concurrent.ScheduledThreadPoolExecutor$ScheduledFutureTask.access$201(ScheduledThreadPoolExecutor.java:180)
	at java.util.concurrent.ScheduledThreadPoolExecutor$ScheduledFutureTask.run(ScheduledThreadPoolExecutor.java:293)
	at java.util.concurrent.ThreadPoolExecutor.runWorker(ThreadPoolExecutor.java:1149)
	at java.util.concurrent.ThreadPoolExecutor$Worker.run(ThreadPoolExecutor.java:624)
	at java.lang.Thread.run(Thread.java:748)
2019-06-12 13:51:05,208 INFO  ozone.MiniOzoneClusterImpl (MiniOzoneClusterImpl.java:lambda$waitForClusterToBeReady$0(142)) - Waiting for cluster to be ready. Got 0 of 1 DN Heartbeats.
2019-06-12 13:51:05,223 INFO  ozoneimpl.OzoneContainer (OzoneContainer.java:start(186)) - Attempting to start container services.
2019-06-12 13:51:05,225 INFO  ozoneimpl.OzoneContainer (OzoneContainer.java:startContainerScrub(160)) - Background container scrubber has been disabled by hdds.containerscrub.enabled
2019-06-12 13:51:05,225 INFO  ratis.XceiverServerRatis (XceiverServerRatis.java:start(418)) - Starting XceiverServerRatis 3f85c82f-f194-49ed-bd97-4e328f7c9042 at port 36585
2019-06-12 13:51:05,228 INFO  impl.RaftServerProxy (RaftServerProxy.java:lambda$start$3(299)) - 3f85c82f-f194-49ed-bd97-4e328f7c9042: start RPC server
2019-06-12 13:51:05,229 INFO  server.GrpcService (GrpcService.java:startImpl(148)) - 3f85c82f-f194-49ed-bd97-4e328f7c9042: GrpcService started, listening on 0.0.0.0/0.0.0.0:36585
2019-06-12 13:51:05,587 INFO  background.BlockDeletingService (BlockDeletingService.java:getTasks(123)) - Plan to choose 10 containers for block deletion, actually returns 5 valid containers.
2019-06-12 13:51:05,588 ERROR utils.ContainerCache (ContainerCache.java:getDB(137)) - Error opening DB. Container:1 ContainerPath:/opt/src/hadoop-ozone/integration-test/target/test-dir/MiniOzoneClusterImpl-869c8c0d-6a5a-4d77-b402-f67e80feef85/datanode-0/data/containers/hdds/02d1f6b8-f026-4f59-9974-24481a7be2f4/current/containerDir0/1/metadata/1-dn-container.db
java.io.IOException: Failed init RocksDB, db path : /opt/src/hadoop-ozone/integration-test/target/test-dir/MiniOzoneClusterImpl-869c8c0d-6a5a-4d77-b402-f67e80feef85/datanode-0/data/containers/hdds/02d1f6b8-f026-4f59-9974-24481a7be2f4/current/containerDir0/1/metadata/1-dn-container.db
	at org.apache.hadoop.utils.RocksDBStore.<init>(RocksDBStore.java:87)
	at org.apache.hadoop.utils.MetadataStoreBuilder.build(MetadataStoreBuilder.java:137)
	at org.apache.hadoop.ozone.container.common.utils.ContainerCache.getDB(ContainerCache.java:129)
	at org.apache.hadoop.ozone.container.keyvalue.helpers.BlockUtils.getDB(BlockUtils.java:77)
	at org.apache.hadoop.ozone.container.keyvalue.statemachine.background.BlockDeletingService$BlockDeletingTask.call(BlockDeletingService.java:188)
	at org.apache.hadoop.ozone.container.keyvalue.statemachine.background.BlockDeletingService$BlockDeletingTask.call(BlockDeletingService.java:172)
	at java.util.concurrent.FutureTask.run(FutureTask.java:266)
	at java.util.concurrent.Executors$RunnableAdapter.call(Executors.java:511)
	at java.util.concurrent.FutureTask.run(FutureTask.java:266)
	at java.util.concurrent.Executors$RunnableAdapter.call(Executors.java:511)
	at java.util.concurrent.FutureTask.run(FutureTask.java:266)
	at java.util.concurrent.ScheduledThreadPoolExecutor$ScheduledFutureTask.access$201(ScheduledThreadPoolExecutor.java:180)
	at java.util.concurrent.ScheduledThreadPoolExecutor$ScheduledFutureTask.run(ScheduledThreadPoolExecutor.java:293)
	at java.util.concurrent.ThreadPoolExecutor.runWorker(ThreadPoolExecutor.java:1149)
	at java.util.concurrent.ThreadPoolExecutor$Worker.run(ThreadPoolExecutor.java:624)
	at java.lang.Thread.run(Thread.java:748)
Caused by: org.rocksdb.RocksDBException: While mkdir if missing: /opt/src/hadoop-ozone/integration-test/target/test-dir/MiniOzoneClusterImpl-869c8c0d-6a5a-4d77-b402-f67e80feef85/datanode-0/data/containers/hdds/02d1f6b8-f026-4f59-9974-24481a7be2f4/current/containerDir0/1/metadata/1-dn-container.db: No such file or directory
	at org.rocksdb.RocksDB.open(Native Method)
	at org.rocksdb.RocksDB.open(RocksDB.java:231)
	at org.apache.hadoop.utils.RocksDBStore.<init>(RocksDBStore.java:71)
	... 15 more
2019-06-12 13:51:05,588 ERROR utils.ContainerCache (ContainerCache.java:getDB(137)) - Error opening DB. Container:5 ContainerPath:/opt/src/hadoop-ozone/integration-test/target/test-dir/MiniOzoneClusterImpl-869c8c0d-6a5a-4d77-b402-f67e80feef85/datanode-0/data/containers/hdds/02d1f6b8-f026-4f59-9974-24481a7be2f4/current/containerDir0/5/metadata/5-dn-container.db
java.io.IOException: Failed init RocksDB, db path : /opt/src/hadoop-ozone/integration-test/target/test-dir/MiniOzoneClusterImpl-869c8c0d-6a5a-4d77-b402-f67e80feef85/datanode-0/data/containers/hdds/02d1f6b8-f026-4f59-9974-24481a7be2f4/current/containerDir0/5/metadata/5-dn-container.db
	at org.apache.hadoop.utils.RocksDBStore.<init>(RocksDBStore.java:87)
	at org.apache.hadoop.utils.MetadataStoreBuilder.build(MetadataStoreBuilder.java:137)
	at org.apache.hadoop.ozone.container.common.utils.ContainerCache.getDB(ContainerCache.java:129)
	at org.apache.hadoop.ozone.container.keyvalue.helpers.BlockUtils.getDB(BlockUtils.java:77)
	at org.apache.hadoop.ozone.container.keyvalue.statemachine.background.BlockDeletingService$BlockDeletingTask.call(BlockDeletingService.java:188)
	at org.apache.hadoop.ozone.container.keyvalue.statemachine.background.BlockDeletingService$BlockDeletingTask.call(BlockDeletingService.java:172)
	at java.util.concurrent.FutureTask.run(FutureTask.java:266)
	at java.util.concurrent.Executors$RunnableAdapter.call(Executors.java:511)
	at java.util.concurrent.FutureTask.run(FutureTask.java:266)
	at java.util.concurrent.Executors$RunnableAdapter.call(Executors.java:511)
	at java.util.concurrent.FutureTask.run(FutureTask.java:266)
	at java.util.concurrent.ScheduledThreadPoolExecutor$ScheduledFutureTask.access$201(ScheduledThreadPoolExecutor.java:180)
	at java.util.concurrent.ScheduledThreadPoolExecutor$ScheduledFutureTask.run(ScheduledThreadPoolExecutor.java:293)
	at java.util.concurrent.ThreadPoolExecutor.runWorker(ThreadPoolExecutor.java:1149)
	at java.util.concurrent.ThreadPoolExecutor$Worker.run(ThreadPoolExecutor.java:624)
	at java.lang.Thread.run(Thread.java:748)
Caused by: org.rocksdb.RocksDBException: While mkdir if missing: /opt/src/hadoop-ozone/integration-test/target/test-dir/MiniOzoneClusterImpl-869c8c0d-6a5a-4d77-b402-f67e80feef85/datanode-0/data/containers/hdds/02d1f6b8-f026-4f59-9974-24481a7be2f4/current/containerDir0/5/metadata/5-dn-container.db: No such file or directory
	at org.rocksdb.RocksDB.open(Native Method)
	at org.rocksdb.RocksDB.open(RocksDB.java:231)
	at org.apache.hadoop.utils.RocksDBStore.<init>(RocksDBStore.java:71)
	... 15 more
2019-06-12 13:51:05,588 WARN  utils.BackgroundService (BackgroundService.java:lambda$run$0(135)) - Background task fails to execute, retrying in next interval
java.util.concurrent.ExecutionException: org.apache.hadoop.hdds.scm.container.common.helpers.StorageContainerException: Error opening DB. Container:5 ContainerPath:/opt/src/hadoop-ozone/integration-test/target/test-dir/MiniOzoneClusterImpl-869c8c0d-6a5a-4d77-b402-f67e80feef85/datanode-0/data/containers/hdds/02d1f6b8-f026-4f59-9974-24481a7be2f4/current/containerDir0/5/metadata/5-dn-container.db
	at java.util.concurrent.FutureTask.report(FutureTask.java:122)
	at java.util.concurrent.FutureTask.get(FutureTask.java:206)
	at org.apache.hadoop.utils.BackgroundService$PeriodicalTask.lambda$run$0(BackgroundService.java:129)
	at java.util.stream.ForEachOps$ForEachOp$OfRef.accept(ForEachOps.java:184)
	at java.util.ArrayList$ArrayListSpliterator.forEachRemaining(ArrayList.java:1382)
	at java.util.stream.AbstractPipeline.copyInto(AbstractPipeline.java:482)
	at java.util.stream.ForEachOps$ForEachTask.compute(ForEachOps.java:291)
	at java.util.concurrent.CountedCompleter.exec(CountedCompleter.java:731)
	at java.util.concurrent.ForkJoinTask.doExec(ForkJoinTask.java:289)
	at java.util.concurrent.ForkJoinPool$WorkQueue.runTask(ForkJoinPool.java:1056)
	at java.util.concurrent.ForkJoinPool.runWorker(ForkJoinPool.java:1692)
	at java.util.concurrent.ForkJoinWorkerThread.run(ForkJoinWorkerThread.java:157)
Caused by: org.apache.hadoop.hdds.scm.container.common.helpers.StorageContainerException: Error opening DB. Container:5 ContainerPath:/opt/src/hadoop-ozone/integration-test/target/test-dir/MiniOzoneClusterImpl-869c8c0d-6a5a-4d77-b402-f67e80feef85/datanode-0/data/containers/hdds/02d1f6b8-f026-4f59-9974-24481a7be2f4/current/containerDir0/5/metadata/5-dn-container.db
	at org.apache.hadoop.ozone.container.keyvalue.helpers.BlockUtils.getDB(BlockUtils.java:84)
	at org.apache.hadoop.ozone.container.keyvalue.statemachine.background.BlockDeletingService$BlockDeletingTask.call(BlockDeletingService.java:188)
	at org.apache.hadoop.ozone.container.keyvalue.statemachine.background.BlockDeletingService$BlockDeletingTask.call(BlockDeletingService.java:172)
	at java.util.concurrent.FutureTask.run(FutureTask.java:266)
	at java.util.concurrent.Executors$RunnableAdapter.call(Executors.java:511)
	at java.util.concurrent.FutureTask.run(FutureTask.java:266)
	at java.util.concurrent.Executors$RunnableAdapter.call(Executors.java:511)
	at java.util.concurrent.FutureTask.run(FutureTask.java:266)
	at java.util.concurrent.ScheduledThreadPoolExecutor$ScheduledFutureTask.access$201(ScheduledThreadPoolExecutor.java:180)
	at java.util.concurrent.ScheduledThreadPoolExecutor$ScheduledFutureTask.run(ScheduledThreadPoolExecutor.java:293)
	at java.util.concurrent.ThreadPoolExecutor.runWorker(ThreadPoolExecutor.java:1149)
	at java.util.concurrent.ThreadPoolExecutor$Worker.run(ThreadPoolExecutor.java:624)
	at java.lang.Thread.run(Thread.java:748)
2019-06-12 13:51:05,589 ERROR utils.ContainerCache (ContainerCache.java:getDB(137)) - Error opening DB. Container:4 ContainerPath:/opt/src/hadoop-ozone/integration-test/target/test-dir/MiniOzoneClusterImpl-869c8c0d-6a5a-4d77-b402-f67e80feef85/datanode-0/data/containers/hdds/02d1f6b8-f026-4f59-9974-24481a7be2f4/current/containerDir0/4/metadata/4-dn-container.db
java.io.IOException: Failed init RocksDB, db path : /opt/src/hadoop-ozone/integration-test/target/test-dir/MiniOzoneClusterImpl-869c8c0d-6a5a-4d77-b402-f67e80feef85/datanode-0/data/containers/hdds/02d1f6b8-f026-4f59-9974-24481a7be2f4/current/containerDir0/4/metadata/4-dn-container.db
	at org.apache.hadoop.utils.RocksDBStore.<init>(RocksDBStore.java:87)
	at org.apache.hadoop.utils.MetadataStoreBuilder.build(MetadataStoreBuilder.java:137)
	at org.apache.hadoop.ozone.container.common.utils.ContainerCache.getDB(ContainerCache.java:129)
	at org.apache.hadoop.ozone.container.keyvalue.helpers.BlockUtils.getDB(BlockUtils.java:77)
	at org.apache.hadoop.ozone.container.keyvalue.statemachine.background.BlockDeletingService$BlockDeletingTask.call(BlockDeletingService.java:188)
	at org.apache.hadoop.ozone.container.keyvalue.statemachine.background.BlockDeletingService$BlockDeletingTask.call(BlockDeletingService.java:172)
	at java.util.concurrent.FutureTask.run(FutureTask.java:266)
	at java.util.concurrent.Executors$RunnableAdapter.call(Executors.java:511)
	at java.util.concurrent.FutureTask.run(FutureTask.java:266)
	at java.util.concurrent.Executors$RunnableAdapter.call(Executors.java:511)
	at java.util.concurrent.FutureTask.run(FutureTask.java:266)
	at java.util.concurrent.ScheduledThreadPoolExecutor$ScheduledFutureTask.access$201(ScheduledThreadPoolExecutor.java:180)
	at java.util.concurrent.ScheduledThreadPoolExecutor$ScheduledFutureTask.run(ScheduledThreadPoolExecutor.java:293)
	at java.util.concurrent.ThreadPoolExecutor.runWorker(ThreadPoolExecutor.java:1149)
	at java.util.concurrent.ThreadPoolExecutor$Worker.run(ThreadPoolExecutor.java:624)
	at java.lang.Thread.run(Thread.java:748)
Caused by: org.rocksdb.RocksDBException: While mkdir if missing: /opt/src/hadoop-ozone/integration-test/target/test-dir/MiniOzoneClusterImpl-869c8c0d-6a5a-4d77-b402-f67e80feef85/datanode-0/data/containers/hdds/02d1f6b8-f026-4f59-9974-24481a7be2f4/current/containerDir0/4/metadata/4-dn-container.db: No such file or directory
	at org.rocksdb.RocksDB.open(Native Method)
	at org.rocksdb.RocksDB.open(RocksDB.java:231)
	at org.apache.hadoop.utils.RocksDBStore.<init>(RocksDBStore.java:71)
	... 15 more
2019-06-12 13:51:05,589 WARN  utils.BackgroundService (BackgroundService.java:lambda$run$0(135)) - Background task fails to execute, retrying in next interval
java.util.concurrent.ExecutionException: org.apache.hadoop.hdds.scm.container.common.helpers.StorageContainerException: Error opening DB. Container:1 ContainerPath:/opt/src/hadoop-ozone/integration-test/target/test-dir/MiniOzoneClusterImpl-869c8c0d-6a5a-4d77-b402-f67e80feef85/datanode-0/data/containers/hdds/02d1f6b8-f026-4f59-9974-24481a7be2f4/current/containerDir0/1/metadata/1-dn-container.db
	at java.util.concurrent.FutureTask.report(FutureTask.java:122)
	at java.util.concurrent.FutureTask.get(FutureTask.java:206)
	at org.apache.hadoop.utils.BackgroundService$PeriodicalTask.lambda$run$0(BackgroundService.java:129)
	at java.util.stream.ForEachOps$ForEachOp$OfRef.accept(ForEachOps.java:184)
	at java.util.ArrayList$ArrayListSpliterator.forEachRemaining(ArrayList.java:1382)
	at java.util.stream.AbstractPipeline.copyInto(AbstractPipeline.java:482)
	at java.util.stream.ForEachOps$ForEachTask.compute(ForEachOps.java:291)
	at java.util.concurrent.CountedCompleter.exec(CountedCompleter.java:731)
	at java.util.concurrent.ForkJoinTask.doExec(ForkJoinTask.java:289)
	at java.util.concurrent.ForkJoinPool$WorkQueue.execLocalTasks(ForkJoinPool.java:1040)
	at java.util.concurrent.ForkJoinPool$WorkQueue.runTask(ForkJoinPool.java:1058)
	at java.util.concurrent.ForkJoinPool.runWorker(ForkJoinPool.java:1692)
	at java.util.concurrent.ForkJoinWorkerThread.run(ForkJoinWorkerThread.java:157)
Caused by: org.apache.hadoop.hdds.scm.container.common.helpers.StorageContainerException: Error opening DB. Container:1 ContainerPath:/opt/src/hadoop-ozone/integration-test/target/test-dir/MiniOzoneClusterImpl-869c8c0d-6a5a-4d77-b402-f67e80feef85/datanode-0/data/containers/hdds/02d1f6b8-f026-4f59-9974-24481a7be2f4/current/containerDir0/1/metadata/1-dn-container.db
	at org.apache.hadoop.ozone.container.keyvalue.helpers.BlockUtils.getDB(BlockUtils.java:84)
	at org.apache.hadoop.ozone.container.keyvalue.statemachine.background.BlockDeletingService$BlockDeletingTask.call(BlockDeletingService.java:188)
	at org.apache.hadoop.ozone.container.keyvalue.statemachine.background.BlockDeletingService$BlockDeletingTask.call(BlockDeletingService.java:172)
	at java.util.concurrent.FutureTask.run(FutureTask.java:266)
	at java.util.concurrent.Executors$RunnableAdapter.call(Executors.java:511)
	at java.util.concurrent.FutureTask.run(FutureTask.java:266)
	at java.util.concurrent.Executors$RunnableAdapter.call(Executors.java:511)
	at java.util.concurrent.FutureTask.run(FutureTask.java:266)
	at java.util.concurrent.ScheduledThreadPoolExecutor$ScheduledFutureTask.access$201(ScheduledThreadPoolExecutor.java:180)
	at java.util.concurrent.ScheduledThreadPoolExecutor$ScheduledFutureTask.run(ScheduledThreadPoolExecutor.java:293)
	at java.util.concurrent.ThreadPoolExecutor.runWorker(ThreadPoolExecutor.java:1149)
	at java.util.concurrent.ThreadPoolExecutor$Worker.run(ThreadPoolExecutor.java:624)
	at java.lang.Thread.run(Thread.java:748)
2019-06-12 13:51:05,589 ERROR utils.ContainerCache (ContainerCache.java:getDB(137)) - Error opening DB. Container:3 ContainerPath:/opt/src/hadoop-ozone/integration-test/target/test-dir/MiniOzoneClusterImpl-869c8c0d-6a5a-4d77-b402-f67e80feef85/datanode-0/data/containers/hdds/02d1f6b8-f026-4f59-9974-24481a7be2f4/current/containerDir0/3/metadata/3-dn-container.db
java.io.IOException: Failed init RocksDB, db path : /opt/src/hadoop-ozone/integration-test/target/test-dir/MiniOzoneClusterImpl-869c8c0d-6a5a-4d77-b402-f67e80feef85/datanode-0/data/containers/hdds/02d1f6b8-f026-4f59-9974-24481a7be2f4/current/containerDir0/3/metadata/3-dn-container.db
	at org.apache.hadoop.utils.RocksDBStore.<init>(RocksDBStore.java:87)
	at org.apache.hadoop.utils.MetadataStoreBuilder.build(MetadataStoreBuilder.java:137)
	at org.apache.hadoop.ozone.container.common.utils.ContainerCache.getDB(ContainerCache.java:129)
	at org.apache.hadoop.ozone.container.keyvalue.helpers.BlockUtils.getDB(BlockUtils.java:77)
	at org.apache.hadoop.ozone.container.keyvalue.statemachine.background.BlockDeletingService$BlockDeletingTask.call(BlockDeletingService.java:188)
	at org.apache.hadoop.ozone.container.keyvalue.statemachine.background.BlockDeletingService$BlockDeletingTask.call(BlockDeletingService.java:172)
	at java.util.concurrent.FutureTask.run(FutureTask.java:266)
	at java.util.concurrent.Executors$RunnableAdapter.call(Executors.java:511)
	at java.util.concurrent.FutureTask.run(FutureTask.java:266)
	at java.util.concurrent.Executors$RunnableAdapter.call(Executors.java:511)
	at java.util.concurrent.FutureTask.run(FutureTask.java:266)
	at java.util.concurrent.ScheduledThreadPoolExecutor$ScheduledFutureTask.access$201(ScheduledThreadPoolExecutor.java:180)
	at java.util.concurrent.ScheduledThreadPoolExecutor$ScheduledFutureTask.run(ScheduledThreadPoolExecutor.java:293)
	at java.util.concurrent.ThreadPoolExecutor.runWorker(ThreadPoolExecutor.java:1149)
	at java.util.concurrent.ThreadPoolExecutor$Worker.run(ThreadPoolExecutor.java:624)
	at java.lang.Thread.run(Thread.java:748)
Caused by: org.rocksdb.RocksDBException: While mkdir if missing: /opt/src/hadoop-ozone/integration-test/target/test-dir/MiniOzoneClusterImpl-869c8c0d-6a5a-4d77-b402-f67e80feef85/datanode-0/data/containers/hdds/02d1f6b8-f026-4f59-9974-24481a7be2f4/current/containerDir0/3/metadata/3-dn-container.db: No such file or directory
	at org.rocksdb.RocksDB.open(Native Method)
	at org.rocksdb.RocksDB.open(RocksDB.java:231)
	at org.apache.hadoop.utils.RocksDBStore.<init>(RocksDBStore.java:71)
	... 15 more
2019-06-12 13:51:05,589 WARN  utils.BackgroundService (BackgroundService.java:lambda$run$0(135)) - Background task fails to execute, retrying in next interval
java.util.concurrent.ExecutionException: org.apache.hadoop.hdds.scm.container.common.helpers.StorageContainerException: Error opening DB. Container:4 ContainerPath:/opt/src/hadoop-ozone/integration-test/target/test-dir/MiniOzoneClusterImpl-869c8c0d-6a5a-4d77-b402-f67e80feef85/datanode-0/data/containers/hdds/02d1f6b8-f026-4f59-9974-24481a7be2f4/current/containerDir0/4/metadata/4-dn-container.db
	at java.util.concurrent.FutureTask.report(FutureTask.java:122)
	at java.util.concurrent.FutureTask.get(FutureTask.java:206)
	at org.apache.hadoop.utils.BackgroundService$PeriodicalTask.lambda$run$0(BackgroundService.java:129)
	at java.util.stream.ForEachOps$ForEachOp$OfRef.accept(ForEachOps.java:184)
	at java.util.ArrayList$ArrayListSpliterator.forEachRemaining(ArrayList.java:1382)
	at java.util.stream.AbstractPipeline.copyInto(AbstractPipeline.java:482)
	at java.util.stream.ForEachOps$ForEachTask.compute(ForEachOps.java:291)
	at java.util.concurrent.CountedCompleter.exec(CountedCompleter.java:731)
	at java.util.concurrent.ForkJoinTask.doExec(ForkJoinTask.java:289)
	at java.util.concurrent.ForkJoinTask.doInvoke(ForkJoinTask.java:401)
	at java.util.concurrent.ForkJoinTask.invoke(ForkJoinTask.java:734)
	at java.util.stream.ForEachOps$ForEachOp.evaluateParallel(ForEachOps.java:160)
	at java.util.stream.ForEachOps$ForEachOp$OfRef.evaluateParallel(ForEachOps.java:174)
	at java.util.stream.AbstractPipeline.evaluate(AbstractPipeline.java:233)
	at java.util.stream.ReferencePipeline.forEach(ReferencePipeline.java:418)
	at java.util.stream.ReferencePipeline$Head.forEach(ReferencePipeline.java:583)
	at org.apache.hadoop.utils.BackgroundService$PeriodicalTask.run(BackgroundService.java:125)
	at java.util.concurrent.Executors$RunnableAdapter.call(Executors.java:511)
	at java.util.concurrent.FutureTask.runAndReset(FutureTask.java:308)
	at java.util.concurrent.ScheduledThreadPoolExecutor$ScheduledFutureTask.access$301(ScheduledThreadPoolExecutor.java:180)
	at java.util.concurrent.ScheduledThreadPoolExecutor$ScheduledFutureTask.run(ScheduledThreadPoolExecutor.java:294)
	at java.util.concurrent.ThreadPoolExecutor.runWorker(ThreadPoolExecutor.java:1149)
	at java.util.concurrent.ThreadPoolExecutor$Worker.run(ThreadPoolExecutor.java:624)
	at java.lang.Thread.run(Thread.java:748)
Caused by: org.apache.hadoop.hdds.scm.container.common.helpers.StorageContainerException: Error opening DB. Container:4 ContainerPath:/opt/src/hadoop-ozone/integration-test/target/test-dir/MiniOzoneClusterImpl-869c8c0d-6a5a-4d77-b402-f67e80feef85/datanode-0/data/containers/hdds/02d1f6b8-f026-4f59-9974-24481a7be2f4/current/containerDir0/4/metadata/4-dn-container.db
	at org.apache.hadoop.ozone.container.keyvalue.helpers.BlockUtils.getDB(BlockUtils.java:84)
	at org.apache.hadoop.ozone.container.keyvalue.statemachine.background.BlockDeletingService$BlockDeletingTask.call(BlockDeletingService.java:188)
	at org.apache.hadoop.ozone.container.keyvalue.statemachine.background.BlockDeletingService$BlockDeletingTask.call(BlockDeletingService.java:172)
	at java.util.concurrent.FutureTask.run(FutureTask.java:266)
	at java.util.concurrent.Executors$RunnableAdapter.call(Executors.java:511)
	at java.util.concurrent.FutureTask.run(FutureTask.java:266)
	at java.util.concurrent.Executors$RunnableAdapter.call(Executors.java:511)
	at java.util.concurrent.FutureTask.run(FutureTask.java:266)
	at java.util.concurrent.ScheduledThreadPoolExecutor$ScheduledFutureTask.access$201(ScheduledThreadPoolExecutor.java:180)
	at java.util.concurrent.ScheduledThreadPoolExecutor$ScheduledFutureTask.run(ScheduledThreadPoolExecutor.java:293)
	... 3 more
2019-06-12 13:51:05,590 WARN  utils.BackgroundService (BackgroundService.java:lambda$run$0(135)) - Background task fails to execute, retrying in next interval
java.util.concurrent.ExecutionException: org.apache.hadoop.hdds.scm.container.common.helpers.StorageContainerException: Error opening DB. Container:3 ContainerPath:/opt/src/hadoop-ozone/integration-test/target/test-dir/MiniOzoneClusterImpl-869c8c0d-6a5a-4d77-b402-f67e80feef85/datanode-0/data/containers/hdds/02d1f6b8-f026-4f59-9974-24481a7be2f4/current/containerDir0/3/metadata/3-dn-container.db
	at java.util.concurrent.FutureTask.report(FutureTask.java:122)
	at java.util.concurrent.FutureTask.get(FutureTask.java:206)
	at org.apache.hadoop.utils.BackgroundService$PeriodicalTask.lambda$run$0(BackgroundService.java:129)
	at java.util.stream.ForEachOps$ForEachOp$OfRef.accept(ForEachOps.java:184)
	at java.util.ArrayList$ArrayListSpliterator.forEachRemaining(ArrayList.java:1382)
	at java.util.stream.AbstractPipeline.copyInto(AbstractPipeline.java:482)
	at java.util.stream.ForEachOps$ForEachTask.compute(ForEachOps.java:291)
	at java.util.concurrent.CountedCompleter.exec(CountedCompleter.java:731)
	at java.util.concurrent.ForkJoinTask.doExec(ForkJoinTask.java:289)
	at java.util.concurrent.ForkJoinPool$WorkQueue.pollAndExecCC(ForkJoinPool.java:1190)
	at java.util.concurrent.ForkJoinPool.helpComplete(ForkJoinPool.java:1879)
	at java.util.concurrent.ForkJoinPool.externalHelpComplete(ForkJoinPool.java:2467)
	at java.util.concurrent.ForkJoinTask.externalAwaitDone(ForkJoinTask.java:324)
	at java.util.concurrent.ForkJoinTask.doInvoke(ForkJoinTask.java:405)
	at java.util.concurrent.ForkJoinTask.invoke(ForkJoinTask.java:734)
	at java.util.stream.ForEachOps$ForEachOp.evaluateParallel(ForEachOps.java:160)
	at java.util.stream.ForEachOps$ForEachOp$OfRef.evaluateParallel(ForEachOps.java:174)
	at java.util.stream.AbstractPipeline.evaluate(AbstractPipeline.java:233)
	at java.util.stream.ReferencePipeline.forEach(ReferencePipeline.java:418)
	at java.util.stream.ReferencePipeline$Head.forEach(ReferencePipeline.java:583)
	at org.apache.hadoop.utils.BackgroundService$PeriodicalTask.run(BackgroundService.java:125)
	at java.util.concurrent.Executors$RunnableAdapter.call(Executors.java:511)
	at java.util.concurrent.FutureTask.runAndReset(FutureTask.java:308)
	at java.util.concurrent.ScheduledThreadPoolExecutor$ScheduledFutureTask.access$301(ScheduledThreadPoolExecutor.java:180)
	at java.util.concurrent.ScheduledThreadPoolExecutor$ScheduledFutureTask.run(ScheduledThreadPoolExecutor.java:294)
	at java.util.concurrent.ThreadPoolExecutor.runWorker(ThreadPoolExecutor.java:1149)
	at java.util.concurrent.ThreadPoolExecutor$Worker.run(ThreadPoolExecutor.java:624)
	at java.lang.Thread.run(Thread.java:748)
Caused by: org.apache.hadoop.hdds.scm.container.common.helpers.StorageContainerException: Error opening DB. Container:3 ContainerPath:/opt/src/hadoop-ozone/integration-test/target/test-dir/MiniOzoneClusterImpl-869c8c0d-6a5a-4d77-b402-f67e80feef85/datanode-0/data/containers/hdds/02d1f6b8-f026-4f59-9974-24481a7be2f4/current/containerDir0/3/metadata/3-dn-container.db
	at org.apache.hadoop.ozone.container.keyvalue.helpers.BlockUtils.getDB(BlockUtils.java:84)
	at org.apache.hadoop.ozone.container.keyvalue.statemachine.background.BlockDeletingService$BlockDeletingTask.call(BlockDeletingService.java:188)
	at org.apache.hadoop.ozone.container.keyvalue.statemachine.background.BlockDeletingService$BlockDeletingTask.call(BlockDeletingService.java:172)
	at java.util.concurrent.FutureTask.run(FutureTask.java:266)
	at java.util.concurrent.Executors$RunnableAdapter.call(Executors.java:511)
	at java.util.concurrent.FutureTask.run(FutureTask.java:266)
	at java.util.concurrent.Executors$RunnableAdapter.call(Executors.java:511)
	at java.util.concurrent.FutureTask.run(FutureTask.java:266)
	at java.util.concurrent.ScheduledThreadPoolExecutor$ScheduledFutureTask.access$201(ScheduledThreadPoolExecutor.java:180)
	at java.util.concurrent.ScheduledThreadPoolExecutor$ScheduledFutureTask.run(ScheduledThreadPoolExecutor.java:293)
	... 3 more
2019-06-12 13:51:05,590 ERROR utils.ContainerCache (ContainerCache.java:getDB(137)) - Error opening DB. Container:2 ContainerPath:/opt/src/hadoop-ozone/integration-test/target/test-dir/MiniOzoneClusterImpl-869c8c0d-6a5a-4d77-b402-f67e80feef85/datanode-0/data/containers/hdds/02d1f6b8-f026-4f59-9974-24481a7be2f4/current/containerDir0/2/metadata/2-dn-container.db
java.io.IOException: Failed init RocksDB, db path : /opt/src/hadoop-ozone/integration-test/target/test-dir/MiniOzoneClusterImpl-869c8c0d-6a5a-4d77-b402-f67e80feef85/datanode-0/data/containers/hdds/02d1f6b8-f026-4f59-9974-24481a7be2f4/current/containerDir0/2/metadata/2-dn-container.db
	at org.apache.hadoop.utils.RocksDBStore.<init>(RocksDBStore.java:87)
	at org.apache.hadoop.utils.MetadataStoreBuilder.build(MetadataStoreBuilder.java:137)
	at org.apache.hadoop.ozone.container.common.utils.ContainerCache.getDB(ContainerCache.java:129)
	at org.apache.hadoop.ozone.container.keyvalue.helpers.BlockUtils.getDB(BlockUtils.java:77)
	at org.apache.hadoop.ozone.container.keyvalue.statemachine.background.BlockDeletingService$BlockDeletingTask.call(BlockDeletingService.java:188)
	at org.apache.hadoop.ozone.container.keyvalue.statemachine.background.BlockDeletingService$BlockDeletingTask.call(BlockDeletingService.java:172)
	at java.util.concurrent.FutureTask.run(FutureTask.java:266)
	at java.util.concurrent.Executors$RunnableAdapter.call(Executors.java:511)
	at java.util.concurrent.FutureTask.run(FutureTask.java:266)
	at java.util.concurrent.Executors$RunnableAdapter.call(Executors.java:511)
	at java.util.concurrent.FutureTask.run(FutureTask.java:266)
	at java.util.concurrent.ScheduledThreadPoolExecutor$ScheduledFutureTask.access$201(ScheduledThreadPoolExecutor.java:180)
	at java.util.concurrent.ScheduledThreadPoolExecutor$ScheduledFutureTask.run(ScheduledThreadPoolExecutor.java:293)
	at java.util.concurrent.ThreadPoolExecutor.runWorker(ThreadPoolExecutor.java:1149)
	at java.util.concurrent.ThreadPoolExecutor$Worker.run(ThreadPoolExecutor.java:624)
	at java.lang.Thread.run(Thread.java:748)
Caused by: org.rocksdb.RocksDBException: While mkdir if missing: /opt/src/hadoop-ozone/integration-test/target/test-dir/MiniOzoneClusterImpl-869c8c0d-6a5a-4d77-b402-f67e80feef85/datanode-0/data/containers/hdds/02d1f6b8-f026-4f59-9974-24481a7be2f4/current/containerDir0/2/metadata/2-dn-container.db: No such file or directory
	at org.rocksdb.RocksDB.open(Native Method)
	at org.rocksdb.RocksDB.open(RocksDB.java:231)
	at org.apache.hadoop.utils.RocksDBStore.<init>(RocksDBStore.java:71)
	... 15 more
2019-06-12 13:51:05,590 WARN  utils.BackgroundService (BackgroundService.java:lambda$run$0(135)) - Background task fails to execute, retrying in next interval
java.util.concurrent.ExecutionException: org.apache.hadoop.hdds.scm.container.common.helpers.StorageContainerException: Error opening DB. Container:2 ContainerPath:/opt/src/hadoop-ozone/integration-test/target/test-dir/MiniOzoneClusterImpl-869c8c0d-6a5a-4d77-b402-f67e80feef85/datanode-0/data/containers/hdds/02d1f6b8-f026-4f59-9974-24481a7be2f4/current/containerDir0/2/metadata/2-dn-container.db
	at java.util.concurrent.FutureTask.report(FutureTask.java:122)
	at java.util.concurrent.FutureTask.get(FutureTask.java:206)
	at org.apache.hadoop.utils.BackgroundService$PeriodicalTask.lambda$run$0(BackgroundService.java:129)
	at java.util.stream.ForEachOps$ForEachOp$OfRef.accept(ForEachOps.java:184)
	at java.util.ArrayList$ArrayListSpliterator.forEachRemaining(ArrayList.java:1382)
	at java.util.stream.AbstractPipeline.copyInto(AbstractPipeline.java:482)
	at java.util.stream.ForEachOps$ForEachTask.compute(ForEachOps.java:291)
	at java.util.concurrent.CountedCompleter.exec(CountedCompleter.java:731)
	at java.util.concurrent.ForkJoinTask.doExec(ForkJoinTask.java:289)
	at java.util.concurrent.ForkJoinPool$WorkQueue.runTask(ForkJoinPool.java:1056)
	at java.util.concurrent.ForkJoinPool.runWorker(ForkJoinPool.java:1692)
	at java.util.concurrent.ForkJoinWorkerThread.run(ForkJoinWorkerThread.java:157)
Caused by: org.apache.hadoop.hdds.scm.container.common.helpers.StorageContainerException: Error opening DB. Container:2 ContainerPath:/opt/src/hadoop-ozone/integration-test/target/test-dir/MiniOzoneClusterImpl-869c8c0d-6a5a-4d77-b402-f67e80feef85/datanode-0/data/containers/hdds/02d1f6b8-f026-4f59-9974-24481a7be2f4/current/containerDir0/2/metadata/2-dn-container.db
	at org.apache.hadoop.ozone.container.keyvalue.helpers.BlockUtils.getDB(BlockUtils.java:84)
	at org.apache.hadoop.ozone.container.keyvalue.statemachine.background.BlockDeletingService$BlockDeletingTask.call(BlockDeletingService.java:188)
	at org.apache.hadoop.ozone.container.keyvalue.statemachine.background.BlockDeletingService$BlockDeletingTask.call(BlockDeletingService.java:172)
	at java.util.concurrent.FutureTask.run(FutureTask.java:266)
	at java.util.concurrent.Executors$RunnableAdapter.call(Executors.java:511)
	at java.util.concurrent.FutureTask.run(FutureTask.java:266)
	at java.util.concurrent.Executors$RunnableAdapter.call(Executors.java:511)
	at java.util.concurrent.FutureTask.run(FutureTask.java:266)
	at java.util.concurrent.ScheduledThreadPoolExecutor$ScheduledFutureTask.access$201(ScheduledThreadPoolExecutor.java:180)
	at java.util.concurrent.ScheduledThreadPoolExecutor$ScheduledFutureTask.run(ScheduledThreadPoolExecutor.java:293)
	at java.util.concurrent.ThreadPoolExecutor.runWorker(ThreadPoolExecutor.java:1149)
	at java.util.concurrent.ThreadPoolExecutor$Worker.run(ThreadPoolExecutor.java:624)
	at java.lang.Thread.run(Thread.java:748)
2019-06-12 13:51:06,208 INFO  ozone.MiniOzoneClusterImpl (MiniOzoneClusterImpl.java:lambda$waitForClusterToBeReady$0(142)) - Waiting for cluster to be ready. Got 0 of 1 DN Heartbeats.
2019-06-12 13:51:06,591 INFO  background.BlockDeletingService (BlockDeletingService.java:getTasks(123)) - Plan to choose 10 containers for block deletion, actually returns 5 valid containers.
2019-06-12 13:51:06,591 ERROR utils.ContainerCache (ContainerCache.java:getDB(137)) - Error opening DB. Container:1 ContainerPath:/opt/src/hadoop-ozone/integration-test/target/test-dir/MiniOzoneClusterImpl-869c8c0d-6a5a-4d77-b402-f67e80feef85/datanode-0/data/containers/hdds/02d1f6b8-f026-4f59-9974-24481a7be2f4/current/containerDir0/1/metadata/1-dn-container.db
java.io.IOException: Failed init RocksDB, db path : /opt/src/hadoop-ozone/integration-test/target/test-dir/MiniOzoneClusterImpl-869c8c0d-6a5a-4d77-b402-f67e80feef85/datanode-0/data/containers/hdds/02d1f6b8-f026-4f59-9974-24481a7be2f4/current/containerDir0/1/metadata/1-dn-container.db
	at org.apache.hadoop.utils.RocksDBStore.<init>(RocksDBStore.java:87)
	at org.apache.hadoop.utils.MetadataStoreBuilder.build(MetadataStoreBuilder.java:137)
	at org.apache.hadoop.ozone.container.common.utils.ContainerCache.getDB(ContainerCache.java:129)
	at org.apache.hadoop.ozone.container.keyvalue.helpers.BlockUtils.getDB(BlockUtils.java:77)
	at org.apache.hadoop.ozone.container.keyvalue.statemachine.background.BlockDeletingService$BlockDeletingTask.call(BlockDeletingService.java:188)
	at org.apache.hadoop.ozone.container.keyvalue.statemachine.background.BlockDeletingService$BlockDeletingTask.call(BlockDeletingService.java:172)
	at java.util.concurrent.FutureTask.run(FutureTask.java:266)
	at java.util.concurrent.Executors$RunnableAdapter.call(Executors.java:511)
	at java.util.concurrent.FutureTask.run(FutureTask.java:266)
	at java.util.concurrent.Executors$RunnableAdapter.call(Executors.java:511)
	at java.util.concurrent.FutureTask.run(FutureTask.java:266)
	at java.util.concurrent.ScheduledThreadPoolExecutor$ScheduledFutureTask.access$201(ScheduledThreadPoolExecutor.java:180)
	at java.util.concurrent.ScheduledThreadPoolExecutor$ScheduledFutureTask.run(ScheduledThreadPoolExecutor.java:293)
	at java.util.concurrent.ThreadPoolExecutor.runWorker(ThreadPoolExecutor.java:1149)
	at java.util.concurrent.ThreadPoolExecutor$Worker.run(ThreadPoolExecutor.java:624)
	at java.lang.Thread.run(Thread.java:748)
Caused by: org.rocksdb.RocksDBException: While mkdir if missing: /opt/src/hadoop-ozone/integration-test/target/test-dir/MiniOzoneClusterImpl-869c8c0d-6a5a-4d77-b402-f67e80feef85/datanode-0/data/containers/hdds/02d1f6b8-f026-4f59-9974-24481a7be2f4/current/containerDir0/1/metadata/1-dn-container.db: No such file or directory
	at org.rocksdb.RocksDB.open(Native Method)
	at org.rocksdb.RocksDB.open(RocksDB.java:231)
	at org.apache.hadoop.utils.RocksDBStore.<init>(RocksDBStore.java:71)
	... 15 more
2019-06-12 13:51:06,592 ERROR utils.ContainerCache (ContainerCache.java:getDB(137)) - Error opening DB. Container:5 ContainerPath:/opt/src/hadoop-ozone/integration-test/target/test-dir/MiniOzoneClusterImpl-869c8c0d-6a5a-4d77-b402-f67e80feef85/datanode-0/data/containers/hdds/02d1f6b8-f026-4f59-9974-24481a7be2f4/current/containerDir0/5/metadata/5-dn-container.db
java.io.IOException: Failed init RocksDB, db path : /opt/src/hadoop-ozone/integration-test/target/test-dir/MiniOzoneClusterImpl-869c8c0d-6a5a-4d77-b402-f67e80feef85/datanode-0/data/containers/hdds/02d1f6b8-f026-4f59-9974-24481a7be2f4/current/containerDir0/5/metadata/5-dn-container.db
	at org.apache.hadoop.utils.RocksDBStore.<init>(RocksDBStore.java:87)
	at org.apache.hadoop.utils.MetadataStoreBuilder.build(MetadataStoreBuilder.java:137)
	at org.apache.hadoop.ozone.container.common.utils.ContainerCache.getDB(ContainerCache.java:129)
	at org.apache.hadoop.ozone.container.keyvalue.helpers.BlockUtils.getDB(BlockUtils.java:77)
	at org.apache.hadoop.ozone.container.keyvalue.statemachine.background.BlockDeletingService$BlockDeletingTask.call(BlockDeletingService.java:188)
	at org.apache.hadoop.ozone.container.keyvalue.statemachine.background.BlockDeletingService$BlockDeletingTask.call(BlockDeletingService.java:172)
	at java.util.concurrent.FutureTask.run(FutureTask.java:266)
	at java.util.concurrent.Executors$RunnableAdapter.call(Executors.java:511)
	at java.util.concurrent.FutureTask.run(FutureTask.java:266)
	at java.util.concurrent.Executors$RunnableAdapter.call(Executors.java:511)
	at java.util.concurrent.FutureTask.run(FutureTask.java:266)
	at java.util.concurrent.ScheduledThreadPoolExecutor$ScheduledFutureTask.access$201(ScheduledThreadPoolExecutor.java:180)
	at java.util.concurrent.ScheduledThreadPoolExecutor$ScheduledFutureTask.run(ScheduledThreadPoolExecutor.java:293)
	at java.util.concurrent.ThreadPoolExecutor.runWorker(ThreadPoolExecutor.java:1149)
	at java.util.concurrent.ThreadPoolExecutor$Worker.run(ThreadPoolExecutor.java:624)
	at java.lang.Thread.run(Thread.java:748)
Caused by: org.rocksdb.RocksDBException: While mkdir if missing: /opt/src/hadoop-ozone/integration-test/target/test-dir/MiniOzoneClusterImpl-869c8c0d-6a5a-4d77-b402-f67e80feef85/datanode-0/data/containers/hdds/02d1f6b8-f026-4f59-9974-24481a7be2f4/current/containerDir0/5/metadata/5-dn-container.db: No such file or directory
	at org.rocksdb.RocksDB.open(Native Method)
	at org.rocksdb.RocksDB.open(RocksDB.java:231)
	at org.apache.hadoop.utils.RocksDBStore.<init>(RocksDBStore.java:71)
	... 15 more
2019-06-12 13:51:06,592 WARN  utils.BackgroundService (BackgroundService.java:lambda$run$0(135)) - Background task fails to execute, retrying in next interval
java.util.concurrent.ExecutionException: org.apache.hadoop.hdds.scm.container.common.helpers.StorageContainerException: Error opening DB. Container:5 ContainerPath:/opt/src/hadoop-ozone/integration-test/target/test-dir/MiniOzoneClusterImpl-869c8c0d-6a5a-4d77-b402-f67e80feef85/datanode-0/data/containers/hdds/02d1f6b8-f026-4f59-9974-24481a7be2f4/current/containerDir0/5/metadata/5-dn-container.db
	at java.util.concurrent.FutureTask.report(FutureTask.java:122)
	at java.util.concurrent.FutureTask.get(FutureTask.java:206)
	at org.apache.hadoop.utils.BackgroundService$PeriodicalTask.lambda$run$0(BackgroundService.java:129)
	at java.util.stream.ForEachOps$ForEachOp$OfRef.accept(ForEachOps.java:184)
	at java.util.ArrayList$ArrayListSpliterator.forEachRemaining(ArrayList.java:1382)
	at java.util.stream.AbstractPipeline.copyInto(AbstractPipeline.java:482)
	at java.util.stream.ForEachOps$ForEachTask.compute(ForEachOps.java:291)
	at java.util.concurrent.CountedCompleter.exec(CountedCompleter.java:731)
	at java.util.concurrent.ForkJoinTask.doExec(ForkJoinTask.java:289)
	at java.util.concurrent.ForkJoinPool$WorkQueue.runTask(ForkJoinPool.java:1056)
	at java.util.concurrent.ForkJoinPool.runWorker(ForkJoinPool.java:1692)
	at java.util.concurrent.ForkJoinWorkerThread.run(ForkJoinWorkerThread.java:157)
Caused by: org.apache.hadoop.hdds.scm.container.common.helpers.StorageContainerException: Error opening DB. Container:5 ContainerPath:/opt/src/hadoop-ozone/integration-test/target/test-dir/MiniOzoneClusterImpl-869c8c0d-6a5a-4d77-b402-f67e80feef85/datanode-0/data/containers/hdds/02d1f6b8-f026-4f59-9974-24481a7be2f4/current/containerDir0/5/metadata/5-dn-container.db
	at org.apache.hadoop.ozone.container.keyvalue.helpers.BlockUtils.getDB(BlockUtils.java:84)
	at org.apache.hadoop.ozone.container.keyvalue.statemachine.background.BlockDeletingService$BlockDeletingTask.call(BlockDeletingService.java:188)
	at org.apache.hadoop.ozone.container.keyvalue.statemachine.background.BlockDeletingService$BlockDeletingTask.call(BlockDeletingService.java:172)
	at java.util.concurrent.FutureTask.run(FutureTask.java:266)
	at java.util.concurrent.Executors$RunnableAdapter.call(Executors.java:511)
	at java.util.concurrent.FutureTask.run(FutureTask.java:266)
	at java.util.concurrent.Executors$RunnableAdapter.call(Executors.java:511)
	at java.util.concurrent.FutureTask.run(FutureTask.java:266)
	at java.util.concurrent.ScheduledThreadPoolExecutor$ScheduledFutureTask.access$201(ScheduledThreadPoolExecutor.java:180)
	at java.util.concurrent.ScheduledThreadPoolExecutor$ScheduledFutureTask.run(ScheduledThreadPoolExecutor.java:293)
	at java.util.concurrent.ThreadPoolExecutor.runWorker(ThreadPoolExecutor.java:1149)
	at java.util.concurrent.ThreadPoolExecutor$Worker.run(ThreadPoolExecutor.java:624)
	at java.lang.Thread.run(Thread.java:748)
2019-06-12 13:51:06,592 ERROR utils.ContainerCache (ContainerCache.java:getDB(137)) - Error opening DB. Container:4 ContainerPath:/opt/src/hadoop-ozone/integration-test/target/test-dir/MiniOzoneClusterImpl-869c8c0d-6a5a-4d77-b402-f67e80feef85/datanode-0/data/containers/hdds/02d1f6b8-f026-4f59-9974-24481a7be2f4/current/containerDir0/4/metadata/4-dn-container.db
java.io.IOException: Failed init RocksDB, db path : /opt/src/hadoop-ozone/integration-test/target/test-dir/MiniOzoneClusterImpl-869c8c0d-6a5a-4d77-b402-f67e80feef85/datanode-0/data/containers/hdds/02d1f6b8-f026-4f59-9974-24481a7be2f4/current/containerDir0/4/metadata/4-dn-container.db
	at org.apache.hadoop.utils.RocksDBStore.<init>(RocksDBStore.java:87)
	at org.apache.hadoop.utils.MetadataStoreBuilder.build(MetadataStoreBuilder.java:137)
	at org.apache.hadoop.ozone.container.common.utils.ContainerCache.getDB(ContainerCache.java:129)
	at org.apache.hadoop.ozone.container.keyvalue.helpers.BlockUtils.getDB(BlockUtils.java:77)
	at org.apache.hadoop.ozone.container.keyvalue.statemachine.background.BlockDeletingService$BlockDeletingTask.call(BlockDeletingService.java:188)
	at org.apache.hadoop.ozone.container.keyvalue.statemachine.background.BlockDeletingService$BlockDeletingTask.call(BlockDeletingService.java:172)
	at java.util.concurrent.FutureTask.run(FutureTask.java:266)
	at java.util.concurrent.Executors$RunnableAdapter.call(Executors.java:511)
	at java.util.concurrent.FutureTask.run(FutureTask.java:266)
	at java.util.concurrent.Executors$RunnableAdapter.call(Executors.java:511)
	at java.util.concurrent.FutureTask.run(FutureTask.java:266)
	at java.util.concurrent.ScheduledThreadPoolExecutor$ScheduledFutureTask.access$201(ScheduledThreadPoolExecutor.java:180)
	at java.util.concurrent.ScheduledThreadPoolExecutor$ScheduledFutureTask.run(ScheduledThreadPoolExecutor.java:293)
	at java.util.concurrent.ThreadPoolExecutor.runWorker(ThreadPoolExecutor.java:1149)
	at java.util.concurrent.ThreadPoolExecutor$Worker.run(ThreadPoolExecutor.java:624)
	at java.lang.Thread.run(Thread.java:748)
Caused by: org.rocksdb.RocksDBException: While mkdir if missing: /opt/src/hadoop-ozone/integration-test/target/test-dir/MiniOzoneClusterImpl-869c8c0d-6a5a-4d77-b402-f67e80feef85/datanode-0/data/containers/hdds/02d1f6b8-f026-4f59-9974-24481a7be2f4/current/containerDir0/4/metadata/4-dn-container.db: No such file or directory
	at org.rocksdb.RocksDB.open(Native Method)
	at org.rocksdb.RocksDB.open(RocksDB.java:231)
	at org.apache.hadoop.utils.RocksDBStore.<init>(RocksDBStore.java:71)
	... 15 more
2019-06-12 13:51:06,592 WARN  utils.BackgroundService (BackgroundService.java:lambda$run$0(135)) - Background task fails to execute, retrying in next interval
java.util.concurrent.ExecutionException: org.apache.hadoop.hdds.scm.container.common.helpers.StorageContainerException: Error opening DB. Container:1 ContainerPath:/opt/src/hadoop-ozone/integration-test/target/test-dir/MiniOzoneClusterImpl-869c8c0d-6a5a-4d77-b402-f67e80feef85/datanode-0/data/containers/hdds/02d1f6b8-f026-4f59-9974-24481a7be2f4/current/containerDir0/1/metadata/1-dn-container.db
	at java.util.concurrent.FutureTask.report(FutureTask.java:122)
	at java.util.concurrent.FutureTask.get(FutureTask.java:206)
	at org.apache.hadoop.utils.BackgroundService$PeriodicalTask.lambda$run$0(BackgroundService.java:129)
	at java.util.stream.ForEachOps$ForEachOp$OfRef.accept(ForEachOps.java:184)
	at java.util.ArrayList$ArrayListSpliterator.forEachRemaining(ArrayList.java:1382)
	at java.util.stream.AbstractPipeline.copyInto(AbstractPipeline.java:482)
	at java.util.stream.ForEachOps$ForEachTask.compute(ForEachOps.java:291)
	at java.util.concurrent.CountedCompleter.exec(CountedCompleter.java:731)
	at java.util.concurrent.ForkJoinTask.doExec(ForkJoinTask.java:289)
	at java.util.concurrent.ForkJoinPool$WorkQueue.execLocalTasks(ForkJoinPool.java:1040)
	at java.util.concurrent.ForkJoinPool$WorkQueue.runTask(ForkJoinPool.java:1058)
	at java.util.concurrent.ForkJoinPool.runWorker(ForkJoinPool.java:1692)
	at java.util.concurrent.ForkJoinWorkerThread.run(ForkJoinWorkerThread.java:157)
Caused by: org.apache.hadoop.hdds.scm.container.common.helpers.StorageContainerException: Error opening DB. Container:1 ContainerPath:/opt/src/hadoop-ozone/integration-test/target/test-dir/MiniOzoneClusterImpl-869c8c0d-6a5a-4d77-b402-f67e80feef85/datanode-0/data/containers/hdds/02d1f6b8-f026-4f59-9974-24481a7be2f4/current/containerDir0/1/metadata/1-dn-container.db
	at org.apache.hadoop.ozone.container.keyvalue.helpers.BlockUtils.getDB(BlockUtils.java:84)
	at org.apache.hadoop.ozone.container.keyvalue.statemachine.background.BlockDeletingService$BlockDeletingTask.call(BlockDeletingService.java:188)
	at org.apache.hadoop.ozone.container.keyvalue.statemachine.background.BlockDeletingService$BlockDeletingTask.call(BlockDeletingService.java:172)
	at java.util.concurrent.FutureTask.run(FutureTask.java:266)
	at java.util.concurrent.Executors$RunnableAdapter.call(Executors.java:511)
	at java.util.concurrent.FutureTask.run(FutureTask.java:266)
	at java.util.concurrent.Executors$RunnableAdapter.call(Executors.java:511)
	at java.util.concurrent.FutureTask.run(FutureTask.java:266)
	at java.util.concurrent.ScheduledThreadPoolExecutor$ScheduledFutureTask.access$201(ScheduledThreadPoolExecutor.java:180)
	at java.util.concurrent.ScheduledThreadPoolExecutor$ScheduledFutureTask.run(ScheduledThreadPoolExecutor.java:293)
	at java.util.concurrent.ThreadPoolExecutor.runWorker(ThreadPoolExecutor.java:1149)
	at java.util.concurrent.ThreadPoolExecutor$Worker.run(ThreadPoolExecutor.java:624)
	at java.lang.Thread.run(Thread.java:748)
2019-06-12 13:51:06,592 ERROR utils.ContainerCache (ContainerCache.java:getDB(137)) - Error opening DB. Container:3 ContainerPath:/opt/src/hadoop-ozone/integration-test/target/test-dir/MiniOzoneClusterImpl-869c8c0d-6a5a-4d77-b402-f67e80feef85/datanode-0/data/containers/hdds/02d1f6b8-f026-4f59-9974-24481a7be2f4/current/containerDir0/3/metadata/3-dn-container.db
java.io.IOException: Failed init RocksDB, db path : /opt/src/hadoop-ozone/integration-test/target/test-dir/MiniOzoneClusterImpl-869c8c0d-6a5a-4d77-b402-f67e80feef85/datanode-0/data/containers/hdds/02d1f6b8-f026-4f59-9974-24481a7be2f4/current/containerDir0/3/metadata/3-dn-container.db
	at org.apache.hadoop.utils.RocksDBStore.<init>(RocksDBStore.java:87)
	at org.apache.hadoop.utils.MetadataStoreBuilder.build(MetadataStoreBuilder.java:137)
	at org.apache.hadoop.ozone.container.common.utils.ContainerCache.getDB(ContainerCache.java:129)
	at org.apache.hadoop.ozone.container.keyvalue.helpers.BlockUtils.getDB(BlockUtils.java:77)
	at org.apache.hadoop.ozone.container.keyvalue.statemachine.background.BlockDeletingService$BlockDeletingTask.call(BlockDeletingService.java:188)
	at org.apache.hadoop.ozone.container.keyvalue.statemachine.background.BlockDeletingService$BlockDeletingTask.call(BlockDeletingService.java:172)
	at java.util.concurrent.FutureTask.run(FutureTask.java:266)
	at java.util.concurrent.Executors$RunnableAdapter.call(Executors.java:511)
	at java.util.concurrent.FutureTask.run(FutureTask.java:266)
	at java.util.concurrent.Executors$RunnableAdapter.call(Executors.java:511)
	at java.util.concurrent.FutureTask.run(FutureTask.java:266)
	at java.util.concurrent.ScheduledThreadPoolExecutor$ScheduledFutureTask.access$201(ScheduledThreadPoolExecutor.java:180)
	at java.util.concurrent.ScheduledThreadPoolExecutor$ScheduledFutureTask.run(ScheduledThreadPoolExecutor.java:293)
	at java.util.concurrent.ThreadPoolExecutor.runWorker(ThreadPoolExecutor.java:1149)
	at java.util.concurrent.ThreadPoolExecutor$Worker.run(ThreadPoolExecutor.java:624)
	at java.lang.Thread.run(Thread.java:748)
Caused by: org.rocksdb.RocksDBException: While mkdir if missing: /opt/src/hadoop-ozone/integration-test/target/test-dir/MiniOzoneClusterImpl-869c8c0d-6a5a-4d77-b402-f67e80feef85/datanode-0/data/containers/hdds/02d1f6b8-f026-4f59-9974-24481a7be2f4/current/containerDir0/3/metadata/3-dn-container.db: No such file or directory
	at org.rocksdb.RocksDB.open(Native Method)
	at org.rocksdb.RocksDB.open(RocksDB.java:231)
	at org.apache.hadoop.utils.RocksDBStore.<init>(RocksDBStore.java:71)
	... 15 more
2019-06-12 13:51:06,592 WARN  utils.BackgroundService (BackgroundService.java:lambda$run$0(135)) - Background task fails to execute, retrying in next interval
java.util.concurrent.ExecutionException: org.apache.hadoop.hdds.scm.container.common.helpers.StorageContainerException: Error opening DB. Container:4 ContainerPath:/opt/src/hadoop-ozone/integration-test/target/test-dir/MiniOzoneClusterImpl-869c8c0d-6a5a-4d77-b402-f67e80feef85/datanode-0/data/containers/hdds/02d1f6b8-f026-4f59-9974-24481a7be2f4/current/containerDir0/4/metadata/4-dn-container.db
	at java.util.concurrent.FutureTask.report(FutureTask.java:122)
	at java.util.concurrent.FutureTask.get(FutureTask.java:206)
	at org.apache.hadoop.utils.BackgroundService$PeriodicalTask.lambda$run$0(BackgroundService.java:129)
	at java.util.stream.ForEachOps$ForEachOp$OfRef.accept(ForEachOps.java:184)
	at java.util.ArrayList$ArrayListSpliterator.forEachRemaining(ArrayList.java:1382)
	at java.util.stream.AbstractPipeline.copyInto(AbstractPipeline.java:482)
	at java.util.stream.ForEachOps$ForEachTask.compute(ForEachOps.java:291)
	at java.util.concurrent.CountedCompleter.exec(CountedCompleter.java:731)
	at java.util.concurrent.ForkJoinTask.doExec(ForkJoinTask.java:289)
	at java.util.concurrent.ForkJoinTask.doInvoke(ForkJoinTask.java:401)
	at java.util.concurrent.ForkJoinTask.invoke(ForkJoinTask.java:734)
	at java.util.stream.ForEachOps$ForEachOp.evaluateParallel(ForEachOps.java:160)
	at java.util.stream.ForEachOps$ForEachOp$OfRef.evaluateParallel(ForEachOps.java:174)
	at java.util.stream.AbstractPipeline.evaluate(AbstractPipeline.java:233)
	at java.util.stream.ReferencePipeline.forEach(ReferencePipeline.java:418)
	at java.util.stream.ReferencePipeline$Head.forEach(ReferencePipeline.java:583)
	at org.apache.hadoop.utils.BackgroundService$PeriodicalTask.run(BackgroundService.java:125)
	at java.util.concurrent.Executors$RunnableAdapter.call(Executors.java:511)
	at java.util.concurrent.FutureTask.runAndReset(FutureTask.java:308)
	at java.util.concurrent.ScheduledThreadPoolExecutor$ScheduledFutureTask.access$301(ScheduledThreadPoolExecutor.java:180)
	at java.util.concurrent.ScheduledThreadPoolExecutor$ScheduledFutureTask.run(ScheduledThreadPoolExecutor.java:294)
	at java.util.concurrent.ThreadPoolExecutor.runWorker(ThreadPoolExecutor.java:1149)
	at java.util.concurrent.ThreadPoolExecutor$Worker.run(ThreadPoolExecutor.java:624)
	at java.lang.Thread.run(Thread.java:748)
Caused by: org.apache.hadoop.hdds.scm.container.common.helpers.StorageContainerException: Error opening DB. Container:4 ContainerPath:/opt/src/hadoop-ozone/integration-test/target/test-dir/MiniOzoneClusterImpl-869c8c0d-6a5a-4d77-b402-f67e80feef85/datanode-0/data/containers/hdds/02d1f6b8-f026-4f59-9974-24481a7be2f4/current/containerDir0/4/metadata/4-dn-container.db
	at org.apache.hadoop.ozone.container.keyvalue.helpers.BlockUtils.getDB(BlockUtils.java:84)
	at org.apache.hadoop.ozone.container.keyvalue.statemachine.background.BlockDeletingService$BlockDeletingTask.call(BlockDeletingService.java:188)
	at org.apache.hadoop.ozone.container.keyvalue.statemachine.background.BlockDeletingService$BlockDeletingTask.call(BlockDeletingService.java:172)
	at java.util.concurrent.FutureTask.run(FutureTask.java:266)
	at java.util.concurrent.Executors$RunnableAdapter.call(Executors.java:511)
	at java.util.concurrent.FutureTask.run(FutureTask.java:266)
	at java.util.concurrent.Executors$RunnableAdapter.call(Executors.java:511)
	at java.util.concurrent.FutureTask.run(FutureTask.java:266)
	at java.util.concurrent.ScheduledThreadPoolExecutor$ScheduledFutureTask.access$201(ScheduledThreadPoolExecutor.java:180)
	at java.util.concurrent.ScheduledThreadPoolExecutor$ScheduledFutureTask.run(ScheduledThreadPoolExecutor.java:293)
	... 3 more
2019-06-12 13:51:06,593 ERROR utils.ContainerCache (ContainerCache.java:getDB(137)) - Error opening DB. Container:2 ContainerPath:/opt/src/hadoop-ozone/integration-test/target/test-dir/MiniOzoneClusterImpl-869c8c0d-6a5a-4d77-b402-f67e80feef85/datanode-0/data/containers/hdds/02d1f6b8-f026-4f59-9974-24481a7be2f4/current/containerDir0/2/metadata/2-dn-container.db
java.io.IOException: Failed init RocksDB, db path : /opt/src/hadoop-ozone/integration-test/target/test-dir/MiniOzoneClusterImpl-869c8c0d-6a5a-4d77-b402-f67e80feef85/datanode-0/data/containers/hdds/02d1f6b8-f026-4f59-9974-24481a7be2f4/current/containerDir0/2/metadata/2-dn-container.db
	at org.apache.hadoop.utils.RocksDBStore.<init>(RocksDBStore.java:87)
	at org.apache.hadoop.utils.MetadataStoreBuilder.build(MetadataStoreBuilder.java:137)
	at org.apache.hadoop.ozone.container.common.utils.ContainerCache.getDB(ContainerCache.java:129)
	at org.apache.hadoop.ozone.container.keyvalue.helpers.BlockUtils.getDB(BlockUtils.java:77)
	at org.apache.hadoop.ozone.container.keyvalue.statemachine.background.BlockDeletingService$BlockDeletingTask.call(BlockDeletingService.java:188)
	at org.apache.hadoop.ozone.container.keyvalue.statemachine.background.BlockDeletingService$BlockDeletingTask.call(BlockDeletingService.java:172)
	at java.util.concurrent.FutureTask.run(FutureTask.java:266)
	at java.util.concurrent.Executors$RunnableAdapter.call(Executors.java:511)
	at java.util.concurrent.FutureTask.run(FutureTask.java:266)
	at java.util.concurrent.Executors$RunnableAdapter.call(Executors.java:511)
	at java.util.concurrent.FutureTask.run(FutureTask.java:266)
	at java.util.concurrent.ScheduledThreadPoolExecutor$ScheduledFutureTask.access$201(ScheduledThreadPoolExecutor.java:180)
	at java.util.concurrent.ScheduledThreadPoolExecutor$ScheduledFutureTask.run(ScheduledThreadPoolExecutor.java:293)
	at java.util.concurrent.ThreadPoolExecutor.runWorker(ThreadPoolExecutor.java:1149)
	at java.util.concurrent.ThreadPoolExecutor$Worker.run(ThreadPoolExecutor.java:624)
	at java.lang.Thread.run(Thread.java:748)
Caused by: org.rocksdb.RocksDBException: While mkdir if missing: /opt/src/hadoop-ozone/integration-test/target/test-dir/MiniOzoneClusterImpl-869c8c0d-6a5a-4d77-b402-f67e80feef85/datanode-0/data/containers/hdds/02d1f6b8-f026-4f59-9974-24481a7be2f4/current/containerDir0/2/metadata/2-dn-container.db: No such file or directory
	at org.rocksdb.RocksDB.open(Native Method)
	at org.rocksdb.RocksDB.open(RocksDB.java:231)
	at org.apache.hadoop.utils.RocksDBStore.<init>(RocksDBStore.java:71)
	... 15 more
2019-06-12 13:51:06,593 WARN  utils.BackgroundService (BackgroundService.java:lambda$run$0(135)) - Background task fails to execute, retrying in next interval
java.util.concurrent.ExecutionException: org.apache.hadoop.hdds.scm.container.common.helpers.StorageContainerException: Error opening DB. Container:3 ContainerPath:/opt/src/hadoop-ozone/integration-test/target/test-dir/MiniOzoneClusterImpl-869c8c0d-6a5a-4d77-b402-f67e80feef85/datanode-0/data/containers/hdds/02d1f6b8-f026-4f59-9974-24481a7be2f4/current/containerDir0/3/metadata/3-dn-container.db
	at java.util.concurrent.FutureTask.report(FutureTask.java:122)
	at java.util.concurrent.FutureTask.get(FutureTask.java:206)
	at org.apache.hadoop.utils.BackgroundService$PeriodicalTask.lambda$run$0(BackgroundService.java:129)
	at java.util.stream.ForEachOps$ForEachOp$OfRef.accept(ForEachOps.java:184)
	at java.util.ArrayList$ArrayListSpliterator.forEachRemaining(ArrayList.java:1382)
	at java.util.stream.AbstractPipeline.copyInto(AbstractPipeline.java:482)
	at java.util.stream.ForEachOps$ForEachTask.compute(ForEachOps.java:291)
	at java.util.concurrent.CountedCompleter.exec(CountedCompleter.java:731)
	at java.util.concurrent.ForkJoinTask.doExec(ForkJoinTask.java:289)
	at java.util.concurrent.ForkJoinPool$WorkQueue.pollAndExecCC(ForkJoinPool.java:1190)
	at java.util.concurrent.ForkJoinPool.helpComplete(ForkJoinPool.java:1879)
	at java.util.concurrent.ForkJoinPool.externalHelpComplete(ForkJoinPool.java:2467)
	at java.util.concurrent.ForkJoinTask.externalAwaitDone(ForkJoinTask.java:324)
	at java.util.concurrent.ForkJoinTask.doInvoke(ForkJoinTask.java:405)
	at java.util.concurrent.ForkJoinTask.invoke(ForkJoinTask.java:734)
	at java.util.stream.ForEachOps$ForEachOp.evaluateParallel(ForEachOps.java:160)
	at java.util.stream.ForEachOps$ForEachOp$OfRef.evaluateParallel(ForEachOps.java:174)
	at java.util.stream.AbstractPipeline.evaluate(AbstractPipeline.java:233)
	at java.util.stream.ReferencePipeline.forEach(ReferencePipeline.java:418)
	at java.util.stream.ReferencePipeline$Head.forEach(ReferencePipeline.java:583)
	at org.apache.hadoop.utils.BackgroundService$PeriodicalTask.run(BackgroundService.java:125)
	at java.util.concurrent.Executors$RunnableAdapter.call(Executors.java:511)
	at java.util.concurrent.FutureTask.runAndReset(FutureTask.java:308)
	at java.util.concurrent.ScheduledThreadPoolExecutor$ScheduledFutureTask.access$301(ScheduledThreadPoolExecutor.java:180)
	at java.util.concurrent.ScheduledThreadPoolExecutor$ScheduledFutureTask.run(ScheduledThreadPoolExecutor.java:294)
	at java.util.concurrent.ThreadPoolExecutor.runWorker(ThreadPoolExecutor.java:1149)
	at java.util.concurrent.ThreadPoolExecutor$Worker.run(ThreadPoolExecutor.java:624)
	at java.lang.Thread.run(Thread.java:748)
Caused by: org.apache.hadoop.hdds.scm.container.common.helpers.StorageContainerException: Error opening DB. Container:3 ContainerPath:/opt/src/hadoop-ozone/integration-test/target/test-dir/MiniOzoneClusterImpl-869c8c0d-6a5a-4d77-b402-f67e80feef85/datanode-0/data/containers/hdds/02d1f6b8-f026-4f59-9974-24481a7be2f4/current/containerDir0/3/metadata/3-dn-container.db
	at org.apache.hadoop.ozone.container.keyvalue.helpers.BlockUtils.getDB(BlockUtils.java:84)
	at org.apache.hadoop.ozone.container.keyvalue.statemachine.background.BlockDeletingService$BlockDeletingTask.call(BlockDeletingService.java:188)
	at org.apache.hadoop.ozone.container.keyvalue.statemachine.background.BlockDeletingService$BlockDeletingTask.call(BlockDeletingService.java:172)
	at java.util.concurrent.FutureTask.run(FutureTask.java:266)
	at java.util.concurrent.Executors$RunnableAdapter.call(Executors.java:511)
	at java.util.concurrent.FutureTask.run(FutureTask.java:266)
	at java.util.concurrent.Executors$RunnableAdapter.call(Executors.java:511)
	at java.util.concurrent.FutureTask.run(FutureTask.java:266)
	at java.util.concurrent.ScheduledThreadPoolExecutor$ScheduledFutureTask.access$201(ScheduledThreadPoolExecutor.java:180)
	at java.util.concurrent.ScheduledThreadPoolExecutor$ScheduledFutureTask.run(ScheduledThreadPoolExecutor.java:293)
	... 3 more
2019-06-12 13:51:06,593 WARN  utils.BackgroundService (BackgroundService.java:lambda$run$0(135)) - Background task fails to execute, retrying in next interval
java.util.concurrent.ExecutionException: org.apache.hadoop.hdds.scm.container.common.helpers.StorageContainerException: Error opening DB. Container:2 ContainerPath:/opt/src/hadoop-ozone/integration-test/target/test-dir/MiniOzoneClusterImpl-869c8c0d-6a5a-4d77-b402-f67e80feef85/datanode-0/data/containers/hdds/02d1f6b8-f026-4f59-9974-24481a7be2f4/current/containerDir0/2/metadata/2-dn-container.db
	at java.util.concurrent.FutureTask.report(FutureTask.java:122)
	at java.util.concurrent.FutureTask.get(FutureTask.java:206)
	at org.apache.hadoop.utils.BackgroundService$PeriodicalTask.lambda$run$0(BackgroundService.java:129)
	at java.util.stream.ForEachOps$ForEachOp$OfRef.accept(ForEachOps.java:184)
	at java.util.ArrayList$ArrayListSpliterator.forEachRemaining(ArrayList.java:1382)
	at java.util.stream.AbstractPipeline.copyInto(AbstractPipeline.java:482)
	at java.util.stream.ForEachOps$ForEachTask.compute(ForEachOps.java:291)
	at java.util.concurrent.CountedCompleter.exec(CountedCompleter.java:731)
	at java.util.concurrent.ForkJoinTask.doExec(ForkJoinTask.java:289)
	at java.util.concurrent.ForkJoinPool$WorkQueue.runTask(ForkJoinPool.java:1056)
	at java.util.concurrent.ForkJoinPool.runWorker(ForkJoinPool.java:1692)
	at java.util.concurrent.ForkJoinWorkerThread.run(ForkJoinWorkerThread.java:157)
Caused by: org.apache.hadoop.hdds.scm.container.common.helpers.StorageContainerException: Error opening DB. Container:2 ContainerPath:/opt/src/hadoop-ozone/integration-test/target/test-dir/MiniOzoneClusterImpl-869c8c0d-6a5a-4d77-b402-f67e80feef85/datanode-0/data/containers/hdds/02d1f6b8-f026-4f59-9974-24481a7be2f4/current/containerDir0/2/metadata/2-dn-container.db
	at org.apache.hadoop.ozone.container.keyvalue.helpers.BlockUtils.getDB(BlockUtils.java:84)
	at org.apache.hadoop.ozone.container.keyvalue.statemachine.background.BlockDeletingService$BlockDeletingTask.call(BlockDeletingService.java:188)
	at org.apache.hadoop.ozone.container.keyvalue.statemachine.background.BlockDeletingService$BlockDeletingTask.call(BlockDeletingService.java:172)
	at java.util.concurrent.FutureTask.run(FutureTask.java:266)
	at java.util.concurrent.Executors$RunnableAdapter.call(Executors.java:511)
	at java.util.concurrent.FutureTask.run(FutureTask.java:266)
	at java.util.concurrent.Executors$RunnableAdapter.call(Executors.java:511)
	at java.util.concurrent.FutureTask.run(FutureTask.java:266)
	at java.util.concurrent.ScheduledThreadPoolExecutor$ScheduledFutureTask.access$201(ScheduledThreadPoolExecutor.java:180)
	at java.util.concurrent.ScheduledThreadPoolExecutor$ScheduledFutureTask.run(ScheduledThreadPoolExecutor.java:293)
	at java.util.concurrent.ThreadPoolExecutor.runWorker(ThreadPoolExecutor.java:1149)
	at java.util.concurrent.ThreadPoolExecutor$Worker.run(ThreadPoolExecutor.java:624)
	at java.lang.Thread.run(Thread.java:748)
2019-06-12 13:51:07,208 INFO  ozone.MiniOzoneClusterImpl (MiniOzoneClusterImpl.java:lambda$waitForClusterToBeReady$0(142)) - Waiting for cluster to be ready. Got 0 of 1 DN Heartbeats.
2019-06-12 13:51:07,217 INFO  node.SCMNodeManager (SCMNodeManager.java:register(234)) - Registered Data node : 3f85c82f-f194-49ed-bd97-4e328f7c9042{ip: 192.168.11.194, host: ozone-5qnff-1533938733, networkLocation: /default-rack, certSerialId: null}
2019-06-12 13:51:07,219 INFO  safemode.SCMSafeModeManager (DataNodeSafeModeRule.java:process(71)) - SCM in safe mode. 1 DataNodes registered, 1 required.
2019-06-12 13:51:07,220 INFO  safemode.SCMSafeModeManager (SCMSafeModeManager.java:validateSafeModeExitRules(177)) - ScmSafeModeManager, all rules are successfully validated
2019-06-12 13:51:07,220 INFO  safemode.SCMSafeModeManager (SCMSafeModeManager.java:exitSafeMode(193)) - SCM exiting safe mode.
2019-06-12 13:51:07,235 INFO  impl.RaftServerProxy (RaftServerProxy.java:addNew(89)) - 3f85c82f-f194-49ed-bd97-4e328f7c9042: addNew group-658C219D277C:[3f85c82f-f194-49ed-bd97-4e328f7c9042:192.168.11.194:36585] returns group-658C219D277C:java.util.concurrent.CompletableFuture@72b9573d[Not completed]
2019-06-12 13:51:07,235 INFO  impl.RaftServerImpl (RaftServerImpl.java:<init>(91)) - 3f85c82f-f194-49ed-bd97-4e328f7c9042: new RaftServerImpl for group-658C219D277C:[3f85c82f-f194-49ed-bd97-4e328f7c9042:192.168.11.194:36585] with ContainerStateMachine:uninitialized
2019-06-12 13:51:07,237 INFO  server.RaftServerConfigKeys (ConfUtils.java:logGet(43)) - raft.server.rpc.timeout.min = 1s (custom)
2019-06-12 13:51:07,237 INFO  server.RaftServerConfigKeys (ConfUtils.java:logGet(43)) - raft.server.rpc.timeout.max = 1200ms (custom)
2019-06-12 13:51:07,237 INFO  server.RaftServerConfigKeys (ConfUtils.java:logGet(43)) - raft.server.rpcslowness.timeout = 120s (custom)
2019-06-12 13:51:07,237 INFO  server.RaftServerConfigKeys (ConfUtils.java:logGet(43)) - raft.server.log.appender.install.snapshot.enabled = true (default)
2019-06-12 13:51:07,237 INFO  impl.RaftServerImpl (ServerState.java:<init>(101)) - 3f85c82f-f194-49ed-bd97-4e328f7c9042:group-658C219D277C ConfigurationManager, init=-1: [3f85c82f-f194-49ed-bd97-4e328f7c9042:192.168.11.194:36585], old=null, confs=<EMPTY_MAP>
2019-06-12 13:51:07,237 INFO  server.RaftServerConfigKeys (ConfUtils.java:logGet(43)) - raft.server.storage.dir = [/opt/src/hadoop-ozone/integration-test/target/test-dir/MiniOzoneClusterImpl-e4e5da64-475b-40e1-8557-986e8a5263f1/datanode-0/data/ratis] (custom)
2019-06-12 13:51:07,237 INFO  storage.RaftStorageDirectory (RaftStorageDirectory.java:analyzeStorage(246)) - The storage directory /opt/src/hadoop-ozone/integration-test/target/test-dir/MiniOzoneClusterImpl-e4e5da64-475b-40e1-8557-986e8a5263f1/datanode-0/data/ratis/6e2c624d-6832-4067-8539-658c219d277c does not exist. Creating ...
2019-06-12 13:51:07,240 INFO  storage.RaftStorageDirectory (RaftStorageDirectory.java:tryLock(328)) - Lock on /opt/src/hadoop-ozone/integration-test/target/test-dir/MiniOzoneClusterImpl-e4e5da64-475b-40e1-8557-986e8a5263f1/datanode-0/data/ratis/6e2c624d-6832-4067-8539-658c219d277c/in_use.lock acquired by nodename 17093@ozone-5qnff-1533938733
2019-06-12 13:51:07,242 INFO  storage.RaftStorage (RaftStorage.java:format(75)) - Storage directory /opt/src/hadoop-ozone/integration-test/target/test-dir/MiniOzoneClusterImpl-e4e5da64-475b-40e1-8557-986e8a5263f1/datanode-0/data/ratis/6e2c624d-6832-4067-8539-658c219d277c has been successfully formatted.
2019-06-12 13:51:07,242 INFO  ratis.ContainerStateMachine (ContainerStateMachine.java:loadSnapshot(199)) - The snapshot info is null.Setting the last applied index to:(t:0, i:~)
2019-06-12 13:51:07,242 INFO  server.RaftServerConfigKeys (ConfUtils.java:logGet(43)) - raft.server.leader.election.timeout = 120s (custom)
2019-06-12 13:51:07,242 INFO  server.RaftServerConfigKeys (ConfUtils.java:logGet(43)) - raft.server.log.use.memory = false (default)
2019-06-12 13:51:07,242 INFO  server.RaftServerConfigKeys (ConfUtils.java:logGet(43)) - raft.server.log.appender.buffer.byte-limit = 33554432 (custom)
2019-06-12 13:51:07,242 INFO  server.RaftServerConfigKeys (ConfUtils.java:logGet(43)) - raft.server.log.segment.size.max = 16384 (custom)
2019-06-12 13:51:07,242 INFO  server.RaftServerConfigKeys (ConfUtils.java:logGet(43)) - raft.server.log.segment.cache.num.max = 2 (custom)
2019-06-12 13:51:07,242 INFO  storage.RaftLogWorker (RaftLogWorker.java:<init>(123)) - new 3f85c82f-f194-49ed-bd97-4e328f7c9042-RaftLogWorker for Storage Directory /opt/src/hadoop-ozone/integration-test/target/test-dir/MiniOzoneClusterImpl-e4e5da64-475b-40e1-8557-986e8a5263f1/datanode-0/data/ratis/6e2c624d-6832-4067-8539-658c219d277c
2019-06-12 13:51:07,242 INFO  server.RaftServerConfigKeys (ConfUtils.java:logGet(43)) - raft.server.log.queue.byte-limit = 2147483647 (custom)
2019-06-12 13:51:07,243 INFO  server.RaftServerConfigKeys (ConfUtils.java:logGet(43)) - raft.server.log.queue.element-limit = 1024 (custom)
2019-06-12 13:51:07,243 INFO  server.RaftServerConfigKeys (ConfUtils.java:logGet(43)) - raft.server.log.segment.size.max = 16384 (custom)
2019-06-12 13:51:07,243 INFO  server.RaftServerConfigKeys (ConfUtils.java:logGet(43)) - raft.server.log.preallocated.size = 16384 (custom)
2019-06-12 13:51:07,243 INFO  server.RaftServerConfigKeys (ConfUtils.java:logGet(43)) - raft.server.log.write.buffer.size = 33554432 (custom)
2019-06-12 13:51:07,243 INFO  server.RaftServerConfigKeys (ConfUtils.java:logGet(43)) - raft.server.log.force.sync.num = 128 (default)
2019-06-12 13:51:07,243 INFO  server.RaftServerConfigKeys (ConfUtils.java:logGet(43)) - raft.server.log.statemachine.data.sync = true (default)
2019-06-12 13:51:07,243 INFO  server.RaftServerConfigKeys (ConfUtils.java:logGet(43)) - raft.server.log.statemachine.data.sync.timeout = 10s (default)
2019-06-12 13:51:07,243 INFO  server.RaftServerConfigKeys (ConfUtils.java:logGet(43)) - raft.server.log.statemachine.data.sync.timeout.retry = -1 (default)
2019-06-12 13:51:07,243 INFO  server.RaftServerConfigKeys (ConfUtils.java:logGet(43)) - raft.server.log.statemachine.data.caching.enabled = true (custom)
2019-06-12 13:51:07,244 INFO  server.RaftServerConfigKeys (ConfUtils.java:logGet(43)) - raft.server.snapshot.auto.trigger.enabled = true (custom)
2019-06-12 13:51:07,244 INFO  server.RaftServerConfigKeys (ConfUtils.java:logGet(43)) - raft.server.snapshot.auto.trigger.threshold = 10000 (custom)
2019-06-12 13:51:07,244 INFO  server.RaftServerConfigKeys (ConfUtils.java:logGet(43)) - raft.server.retrycache.expirytime = 600000ms (custom)
2019-06-12 13:51:07,244 INFO  impl.RaftServerImpl (RaftServerImpl.java:start(173)) - 3f85c82f-f194-49ed-bd97-4e328f7c9042: start group-658C219D277C
2019-06-12 13:51:07,244 INFO  impl.RaftServerImpl (RaftServerImpl.java:setRole(164)) - 3f85c82f-f194-49ed-bd97-4e328f7c9042:group-658C219D277C changes role from null to FOLLOWER at term 0 for startAsFollower
2019-06-12 13:51:07,244 INFO  impl.RoleInfo (RoleInfo.java:updateAndGet(143)) - 3f85c82f-f194-49ed-bd97-4e328f7c9042: start FollowerState
2019-06-12 13:51:07,245 INFO  util.JmxRegister (JmxRegister.java:tryRegister(44)) - Successfully registered JMX Bean with object name Ratis:service=RaftServer,group=group-658C219D277C,id=3f85c82f-f194-49ed-bd97-4e328f7c9042
2019-06-12 13:51:07,250 INFO  pipeline.PipelineStateManager (PipelineStateManager.java:addPipeline(56)) - Created pipeline Pipeline[ Id: 6e2c624d-6832-4067-8539-658c219d277c, Nodes: 3f85c82f-f194-49ed-bd97-4e328f7c9042{ip: 192.168.11.194, host: ozone-5qnff-1533938733, networkLocation: /default-rack, certSerialId: null}, Type:RATIS, Factor:ONE, State:OPEN]
2019-06-12 13:51:07,594 INFO  background.BlockDeletingService (BlockDeletingService.java:getTasks(123)) - Plan to choose 10 containers for block deletion, actually returns 5 valid containers.
2019-06-12 13:51:07,594 ERROR utils.ContainerCache (ContainerCache.java:getDB(137)) - Error opening DB. Container:1 ContainerPath:/opt/src/hadoop-ozone/integration-test/target/test-dir/MiniOzoneClusterImpl-869c8c0d-6a5a-4d77-b402-f67e80feef85/datanode-0/data/containers/hdds/02d1f6b8-f026-4f59-9974-24481a7be2f4/current/containerDir0/1/metadata/1-dn-container.db
java.io.IOException: Failed init RocksDB, db path : /opt/src/hadoop-ozone/integration-test/target/test-dir/MiniOzoneClusterImpl-869c8c0d-6a5a-4d77-b402-f67e80feef85/datanode-0/data/containers/hdds/02d1f6b8-f026-4f59-9974-24481a7be2f4/current/containerDir0/1/metadata/1-dn-container.db
	at org.apache.hadoop.utils.RocksDBStore.<init>(RocksDBStore.java:87)
	at org.apache.hadoop.utils.MetadataStoreBuilder.build(MetadataStoreBuilder.java:137)
	at org.apache.hadoop.ozone.container.common.utils.ContainerCache.getDB(ContainerCache.java:129)
	at org.apache.hadoop.ozone.container.keyvalue.helpers.BlockUtils.getDB(BlockUtils.java:77)
	at org.apache.hadoop.ozone.container.keyvalue.statemachine.background.BlockDeletingService$BlockDeletingTask.call(BlockDeletingService.java:188)
	at org.apache.hadoop.ozone.container.keyvalue.statemachine.background.BlockDeletingService$BlockDeletingTask.call(BlockDeletingService.java:172)
	at java.util.concurrent.FutureTask.run(FutureTask.java:266)
	at java.util.concurrent.Executors$RunnableAdapter.call(Executors.java:511)
	at java.util.concurrent.FutureTask.run(FutureTask.java:266)
	at java.util.concurrent.Executors$RunnableAdapter.call(Executors.java:511)
	at java.util.concurrent.FutureTask.run(FutureTask.java:266)
	at java.util.concurrent.ScheduledThreadPoolExecutor$ScheduledFutureTask.access$201(ScheduledThreadPoolExecutor.java:180)
	at java.util.concurrent.ScheduledThreadPoolExecutor$ScheduledFutureTask.run(ScheduledThreadPoolExecutor.java:293)
	at java.util.concurrent.ThreadPoolExecutor.runWorker(ThreadPoolExecutor.java:1149)
	at java.util.concurrent.ThreadPoolExecutor$Worker.run(ThreadPoolExecutor.java:624)
	at java.lang.Thread.run(Thread.java:748)
Caused by: org.rocksdb.RocksDBException: While mkdir if missing: /opt/src/hadoop-ozone/integration-test/target/test-dir/MiniOzoneClusterImpl-869c8c0d-6a5a-4d77-b402-f67e80feef85/datanode-0/data/containers/hdds/02d1f6b8-f026-4f59-9974-24481a7be2f4/current/containerDir0/1/metadata/1-dn-container.db: No such file or directory
	at org.rocksdb.RocksDB.open(Native Method)
	at org.rocksdb.RocksDB.open(RocksDB.java:231)
	at org.apache.hadoop.utils.RocksDBStore.<init>(RocksDBStore.java:71)
	... 15 more
2019-06-12 13:51:07,595 ERROR utils.ContainerCache (ContainerCache.java:getDB(137)) - Error opening DB. Container:5 ContainerPath:/opt/src/hadoop-ozone/integration-test/target/test-dir/MiniOzoneClusterImpl-869c8c0d-6a5a-4d77-b402-f67e80feef85/datanode-0/data/containers/hdds/02d1f6b8-f026-4f59-9974-24481a7be2f4/current/containerDir0/5/metadata/5-dn-container.db
java.io.IOException: Failed init RocksDB, db path : /opt/src/hadoop-ozone/integration-test/target/test-dir/MiniOzoneClusterImpl-869c8c0d-6a5a-4d77-b402-f67e80feef85/datanode-0/data/containers/hdds/02d1f6b8-f026-4f59-9974-24481a7be2f4/current/containerDir0/5/metadata/5-dn-container.db
	at org.apache.hadoop.utils.RocksDBStore.<init>(RocksDBStore.java:87)
	at org.apache.hadoop.utils.MetadataStoreBuilder.build(MetadataStoreBuilder.java:137)
	at org.apache.hadoop.ozone.container.common.utils.ContainerCache.getDB(ContainerCache.java:129)
	at org.apache.hadoop.ozone.container.keyvalue.helpers.BlockUtils.getDB(BlockUtils.java:77)
	at org.apache.hadoop.ozone.container.keyvalue.statemachine.background.BlockDeletingService$BlockDeletingTask.call(BlockDeletingService.java:188)
	at org.apache.hadoop.ozone.container.keyvalue.statemachine.background.BlockDeletingService$BlockDeletingTask.call(BlockDeletingService.java:172)
	at java.util.concurrent.FutureTask.run(FutureTask.java:266)
	at java.util.concurrent.Executors$RunnableAdapter.call(Executors.java:511)
	at java.util.concurrent.FutureTask.run(FutureTask.java:266)
	at java.util.concurrent.Executors$RunnableAdapter.call(Executors.java:511)
	at java.util.concurrent.FutureTask.run(FutureTask.java:266)
	at java.util.concurrent.ScheduledThreadPoolExecutor$ScheduledFutureTask.access$201(ScheduledThreadPoolExecutor.java:180)
	at java.util.concurrent.ScheduledThreadPoolExecutor$ScheduledFutureTask.run(ScheduledThreadPoolExecutor.java:293)
	at java.util.concurrent.ThreadPoolExecutor.runWorker(ThreadPoolExecutor.java:1149)
	at java.util.concurrent.ThreadPoolExecutor$Worker.run(ThreadPoolExecutor.java:624)
	at java.lang.Thread.run(Thread.java:748)
Caused by: org.rocksdb.RocksDBException: While mkdir if missing: /opt/src/hadoop-ozone/integration-test/target/test-dir/MiniOzoneClusterImpl-869c8c0d-6a5a-4d77-b402-f67e80feef85/datanode-0/data/containers/hdds/02d1f6b8-f026-4f59-9974-24481a7be2f4/current/containerDir0/5/metadata/5-dn-container.db: No such file or directory
	at org.rocksdb.RocksDB.open(Native Method)
	at org.rocksdb.RocksDB.open(RocksDB.java:231)
	at org.apache.hadoop.utils.RocksDBStore.<init>(RocksDBStore.java:71)
	... 15 more
2019-06-12 13:51:07,595 WARN  utils.BackgroundService (BackgroundService.java:lambda$run$0(135)) - Background task fails to execute, retrying in next interval
java.util.concurrent.ExecutionException: org.apache.hadoop.hdds.scm.container.common.helpers.StorageContainerException: Error opening DB. Container:5 ContainerPath:/opt/src/hadoop-ozone/integration-test/target/test-dir/MiniOzoneClusterImpl-869c8c0d-6a5a-4d77-b402-f67e80feef85/datanode-0/data/containers/hdds/02d1f6b8-f026-4f59-9974-24481a7be2f4/current/containerDir0/5/metadata/5-dn-container.db
	at java.util.concurrent.FutureTask.report(FutureTask.java:122)
	at java.util.concurrent.FutureTask.get(FutureTask.java:206)
	at org.apache.hadoop.utils.BackgroundService$PeriodicalTask.lambda$run$0(BackgroundService.java:129)
	at java.util.stream.ForEachOps$ForEachOp$OfRef.accept(ForEachOps.java:184)
	at java.util.ArrayList$ArrayListSpliterator.forEachRemaining(ArrayList.java:1382)
	at java.util.stream.AbstractPipeline.copyInto(AbstractPipeline.java:482)
	at java.util.stream.ForEachOps$ForEachTask.compute(ForEachOps.java:291)
	at java.util.concurrent.CountedCompleter.exec(CountedCompleter.java:731)
	at java.util.concurrent.ForkJoinTask.doExec(ForkJoinTask.java:289)
	at java.util.concurrent.ForkJoinPool$WorkQueue.runTask(ForkJoinPool.java:1056)
	at java.util.concurrent.ForkJoinPool.runWorker(ForkJoinPool.java:1692)
	at java.util.concurrent.ForkJoinWorkerThread.run(ForkJoinWorkerThread.java:157)
Caused by: org.apache.hadoop.hdds.scm.container.common.helpers.StorageContainerException: Error opening DB. Container:5 ContainerPath:/opt/src/hadoop-ozone/integration-test/target/test-dir/MiniOzoneClusterImpl-869c8c0d-6a5a-4d77-b402-f67e80feef85/datanode-0/data/containers/hdds/02d1f6b8-f026-4f59-9974-24481a7be2f4/current/containerDir0/5/metadata/5-dn-container.db
	at org.apache.hadoop.ozone.container.keyvalue.helpers.BlockUtils.getDB(BlockUtils.java:84)
	at org.apache.hadoop.ozone.container.keyvalue.statemachine.background.BlockDeletingService$BlockDeletingTask.call(BlockDeletingService.java:188)
	at org.apache.hadoop.ozone.container.keyvalue.statemachine.background.BlockDeletingService$BlockDeletingTask.call(BlockDeletingService.java:172)
	at java.util.concurrent.FutureTask.run(FutureTask.java:266)
	at java.util.concurrent.Executors$RunnableAdapter.call(Executors.java:511)
	at java.util.concurrent.FutureTask.run(FutureTask.java:266)
	at java.util.concurrent.Executors$RunnableAdapter.call(Executors.java:511)
	at java.util.concurrent.FutureTask.run(FutureTask.java:266)
	at java.util.concurrent.ScheduledThreadPoolExecutor$ScheduledFutureTask.access$201(ScheduledThreadPoolExecutor.java:180)
	at java.util.concurrent.ScheduledThreadPoolExecutor$ScheduledFutureTask.run(ScheduledThreadPoolExecutor.java:293)
	at java.util.concurrent.ThreadPoolExecutor.runWorker(ThreadPoolExecutor.java:1149)
	at java.util.concurrent.ThreadPoolExecutor$Worker.run(ThreadPoolExecutor.java:624)
	at java.lang.Thread.run(Thread.java:748)
2019-06-12 13:51:07,596 ERROR utils.ContainerCache (ContainerCache.java:getDB(137)) - Error opening DB. Container:4 ContainerPath:/opt/src/hadoop-ozone/integration-test/target/test-dir/MiniOzoneClusterImpl-869c8c0d-6a5a-4d77-b402-f67e80feef85/datanode-0/data/containers/hdds/02d1f6b8-f026-4f59-9974-24481a7be2f4/current/containerDir0/4/metadata/4-dn-container.db
java.io.IOException: Failed init RocksDB, db path : /opt/src/hadoop-ozone/integration-test/target/test-dir/MiniOzoneClusterImpl-869c8c0d-6a5a-4d77-b402-f67e80feef85/datanode-0/data/containers/hdds/02d1f6b8-f026-4f59-9974-24481a7be2f4/current/containerDir0/4/metadata/4-dn-container.db
	at org.apache.hadoop.utils.RocksDBStore.<init>(RocksDBStore.java:87)
	at org.apache.hadoop.utils.MetadataStoreBuilder.build(MetadataStoreBuilder.java:137)
	at org.apache.hadoop.ozone.container.common.utils.ContainerCache.getDB(ContainerCache.java:129)
	at org.apache.hadoop.ozone.container.keyvalue.helpers.BlockUtils.getDB(BlockUtils.java:77)
	at org.apache.hadoop.ozone.container.keyvalue.statemachine.background.BlockDeletingService$BlockDeletingTask.call(BlockDeletingService.java:188)
	at org.apache.hadoop.ozone.container.keyvalue.statemachine.background.BlockDeletingService$BlockDeletingTask.call(BlockDeletingService.java:172)
	at java.util.concurrent.FutureTask.run(FutureTask.java:266)
	at java.util.concurrent.Executors$RunnableAdapter.call(Executors.java:511)
	at java.util.concurrent.FutureTask.run(FutureTask.java:266)
	at java.util.concurrent.Executors$RunnableAdapter.call(Executors.java:511)
	at java.util.concurrent.FutureTask.run(FutureTask.java:266)
	at java.util.concurrent.ScheduledThreadPoolExecutor$ScheduledFutureTask.access$201(ScheduledThreadPoolExecutor.java:180)
	at java.util.concurrent.ScheduledThreadPoolExecutor$ScheduledFutureTask.run(ScheduledThreadPoolExecutor.java:293)
	at java.util.concurrent.ThreadPoolExecutor.runWorker(ThreadPoolExecutor.java:1149)
	at java.util.concurrent.ThreadPoolExecutor$Worker.run(ThreadPoolExecutor.java:624)
	at java.lang.Thread.run(Thread.java:748)
Caused by: org.rocksdb.RocksDBException: While mkdir if missing: /opt/src/hadoop-ozone/integration-test/target/test-dir/MiniOzoneClusterImpl-869c8c0d-6a5a-4d77-b402-f67e80feef85/datanode-0/data/containers/hdds/02d1f6b8-f026-4f59-9974-24481a7be2f4/current/containerDir0/4/metadata/4-dn-container.db: No such file or directory
	at org.rocksdb.RocksDB.open(Native Method)
	at org.rocksdb.RocksDB.open(RocksDB.java:231)
	at org.apache.hadoop.utils.RocksDBStore.<init>(RocksDBStore.java:71)
	... 15 more
2019-06-12 13:51:07,596 WARN  utils.BackgroundService (BackgroundService.java:lambda$run$0(135)) - Background task fails to execute, retrying in next interval
java.util.concurrent.ExecutionException: org.apache.hadoop.hdds.scm.container.common.helpers.StorageContainerException: Error opening DB. Container:1 ContainerPath:/opt/src/hadoop-ozone/integration-test/target/test-dir/MiniOzoneClusterImpl-869c8c0d-6a5a-4d77-b402-f67e80feef85/datanode-0/data/containers/hdds/02d1f6b8-f026-4f59-9974-24481a7be2f4/current/containerDir0/1/metadata/1-dn-container.db
	at java.util.concurrent.FutureTask.report(FutureTask.java:122)
	at java.util.concurrent.FutureTask.get(FutureTask.java:206)
	at org.apache.hadoop.utils.BackgroundService$PeriodicalTask.lambda$run$0(BackgroundService.java:129)
	at java.util.stream.ForEachOps$ForEachOp$OfRef.accept(ForEachOps.java:184)
	at java.util.ArrayList$ArrayListSpliterator.forEachRemaining(ArrayList.java:1382)
	at java.util.stream.AbstractPipeline.copyInto(AbstractPipeline.java:482)
	at java.util.stream.ForEachOps$ForEachTask.compute(ForEachOps.java:291)
	at java.util.concurrent.CountedCompleter.exec(CountedCompleter.java:731)
	at java.util.concurrent.ForkJoinTask.doExec(ForkJoinTask.java:289)
	at java.util.concurrent.ForkJoinPool$WorkQueue.execLocalTasks(ForkJoinPool.java:1040)
	at java.util.concurrent.ForkJoinPool$WorkQueue.runTask(ForkJoinPool.java:1058)
	at java.util.concurrent.ForkJoinPool.runWorker(ForkJoinPool.java:1692)
	at java.util.concurrent.ForkJoinWorkerThread.run(ForkJoinWorkerThread.java:157)
Caused by: org.apache.hadoop.hdds.scm.container.common.helpers.StorageContainerException: Error opening DB. Container:1 ContainerPath:/opt/src/hadoop-ozone/integration-test/target/test-dir/MiniOzoneClusterImpl-869c8c0d-6a5a-4d77-b402-f67e80feef85/datanode-0/data/containers/hdds/02d1f6b8-f026-4f59-9974-24481a7be2f4/current/containerDir0/1/metadata/1-dn-container.db
	at org.apache.hadoop.ozone.container.keyvalue.helpers.BlockUtils.getDB(BlockUtils.java:84)
	at org.apache.hadoop.ozone.container.keyvalue.statemachine.background.BlockDeletingService$BlockDeletingTask.call(BlockDeletingService.java:188)
	at org.apache.hadoop.ozone.container.keyvalue.statemachine.background.BlockDeletingService$BlockDeletingTask.call(BlockDeletingService.java:172)
	at java.util.concurrent.FutureTask.run(FutureTask.java:266)
	at java.util.concurrent.Executors$RunnableAdapter.call(Executors.java:511)
	at java.util.concurrent.FutureTask.run(FutureTask.java:266)
	at java.util.concurrent.Executors$RunnableAdapter.call(Executors.java:511)
	at java.util.concurrent.FutureTask.run(FutureTask.java:266)
	at java.util.concurrent.ScheduledThreadPoolExecutor$ScheduledFutureTask.access$201(ScheduledThreadPoolExecutor.java:180)
	at java.util.concurrent.ScheduledThreadPoolExecutor$ScheduledFutureTask.run(ScheduledThreadPoolExecutor.java:293)
	at java.util.concurrent.ThreadPoolExecutor.runWorker(ThreadPoolExecutor.java:1149)
	at java.util.concurrent.ThreadPoolExecutor$Worker.run(ThreadPoolExecutor.java:624)
	at java.lang.Thread.run(Thread.java:748)
2019-06-12 13:51:07,596 ERROR utils.ContainerCache (ContainerCache.java:getDB(137)) - Error opening DB. Container:3 ContainerPath:/opt/src/hadoop-ozone/integration-test/target/test-dir/MiniOzoneClusterImpl-869c8c0d-6a5a-4d77-b402-f67e80feef85/datanode-0/data/containers/hdds/02d1f6b8-f026-4f59-9974-24481a7be2f4/current/containerDir0/3/metadata/3-dn-container.db
java.io.IOException: Failed init RocksDB, db path : /opt/src/hadoop-ozone/integration-test/target/test-dir/MiniOzoneClusterImpl-869c8c0d-6a5a-4d77-b402-f67e80feef85/datanode-0/data/containers/hdds/02d1f6b8-f026-4f59-9974-24481a7be2f4/current/containerDir0/3/metadata/3-dn-container.db
	at org.apache.hadoop.utils.RocksDBStore.<init>(RocksDBStore.java:87)
	at org.apache.hadoop.utils.MetadataStoreBuilder.build(MetadataStoreBuilder.java:137)
	at org.apache.hadoop.ozone.container.common.utils.ContainerCache.getDB(ContainerCache.java:129)
	at org.apache.hadoop.ozone.container.keyvalue.helpers.BlockUtils.getDB(BlockUtils.java:77)
	at org.apache.hadoop.ozone.container.keyvalue.statemachine.background.BlockDeletingService$BlockDeletingTask.call(BlockDeletingService.java:188)
	at org.apache.hadoop.ozone.container.keyvalue.statemachine.background.BlockDeletingService$BlockDeletingTask.call(BlockDeletingService.java:172)
	at java.util.concurrent.FutureTask.run(FutureTask.java:266)
	at java.util.concurrent.Executors$RunnableAdapter.call(Executors.java:511)
	at java.util.concurrent.FutureTask.run(FutureTask.java:266)
	at java.util.concurrent.Executors$RunnableAdapter.call(Executors.java:511)
	at java.util.concurrent.FutureTask.run(FutureTask.java:266)
	at java.util.concurrent.ScheduledThreadPoolExecutor$ScheduledFutureTask.access$201(ScheduledThreadPoolExecutor.java:180)
	at java.util.concurrent.ScheduledThreadPoolExecutor$ScheduledFutureTask.run(ScheduledThreadPoolExecutor.java:293)
	at java.util.concurrent.ThreadPoolExecutor.runWorker(ThreadPoolExecutor.java:1149)
	at java.util.concurrent.ThreadPoolExecutor$Worker.run(ThreadPoolExecutor.java:624)
	at java.lang.Thread.run(Thread.java:748)
Caused by: org.rocksdb.RocksDBException: While mkdir if missing: /opt/src/hadoop-ozone/integration-test/target/test-dir/MiniOzoneClusterImpl-869c8c0d-6a5a-4d77-b402-f67e80feef85/datanode-0/data/containers/hdds/02d1f6b8-f026-4f59-9974-24481a7be2f4/current/containerDir0/3/metadata/3-dn-container.db: No such file or directory
	at org.rocksdb.RocksDB.open(Native Method)
	at org.rocksdb.RocksDB.open(RocksDB.java:231)
	at org.apache.hadoop.utils.RocksDBStore.<init>(RocksDBStore.java:71)
	... 15 more
2019-06-12 13:51:07,596 WARN  utils.BackgroundService (BackgroundService.java:lambda$run$0(135)) - Background task fails to execute, retrying in next interval
java.util.concurrent.ExecutionException: org.apache.hadoop.hdds.scm.container.common.helpers.StorageContainerException: Error opening DB. Container:4 ContainerPath:/opt/src/hadoop-ozone/integration-test/target/test-dir/MiniOzoneClusterImpl-869c8c0d-6a5a-4d77-b402-f67e80feef85/datanode-0/data/containers/hdds/02d1f6b8-f026-4f59-9974-24481a7be2f4/current/containerDir0/4/metadata/4-dn-container.db
	at java.util.concurrent.FutureTask.report(FutureTask.java:122)
	at java.util.concurrent.FutureTask.get(FutureTask.java:206)
	at org.apache.hadoop.utils.BackgroundService$PeriodicalTask.lambda$run$0(BackgroundService.java:129)
	at java.util.stream.ForEachOps$ForEachOp$OfRef.accept(ForEachOps.java:184)
	at java.util.ArrayList$ArrayListSpliterator.forEachRemaining(ArrayList.java:1382)
	at java.util.stream.AbstractPipeline.copyInto(AbstractPipeline.java:482)
	at java.util.stream.ForEachOps$ForEachTask.compute(ForEachOps.java:291)
	at java.util.concurrent.CountedCompleter.exec(CountedCompleter.java:731)
	at java.util.concurrent.ForkJoinTask.doExec(ForkJoinTask.java:289)
	at java.util.concurrent.ForkJoinTask.doInvoke(ForkJoinTask.java:401)
	at java.util.concurrent.ForkJoinTask.invoke(ForkJoinTask.java:734)
	at java.util.stream.ForEachOps$ForEachOp.evaluateParallel(ForEachOps.java:160)
	at java.util.stream.ForEachOps$ForEachOp$OfRef.evaluateParallel(ForEachOps.java:174)
	at java.util.stream.AbstractPipeline.evaluate(AbstractPipeline.java:233)
	at java.util.stream.ReferencePipeline.forEach(ReferencePipeline.java:418)
	at java.util.stream.ReferencePipeline$Head.forEach(ReferencePipeline.java:583)
	at org.apache.hadoop.utils.BackgroundService$PeriodicalTask.run(BackgroundService.java:125)
	at java.util.concurrent.Executors$RunnableAdapter.call(Executors.java:511)
	at java.util.concurrent.FutureTask.runAndReset(FutureTask.java:308)
	at java.util.concurrent.ScheduledThreadPoolExecutor$ScheduledFutureTask.access$301(ScheduledThreadPoolExecutor.java:180)
	at java.util.concurrent.ScheduledThreadPoolExecutor$ScheduledFutureTask.run(ScheduledThreadPoolExecutor.java:294)
	at java.util.concurrent.ThreadPoolExecutor.runWorker(ThreadPoolExecutor.java:1149)
	at java.util.concurrent.ThreadPoolExecutor$Worker.run(ThreadPoolExecutor.java:624)
	at java.lang.Thread.run(Thread.java:748)
Caused by: org.apache.hadoop.hdds.scm.container.common.helpers.StorageContainerException: Error opening DB. Container:4 ContainerPath:/opt/src/hadoop-ozone/integration-test/target/test-dir/MiniOzoneClusterImpl-869c8c0d-6a5a-4d77-b402-f67e80feef85/datanode-0/data/containers/hdds/02d1f6b8-f026-4f59-9974-24481a7be2f4/current/containerDir0/4/metadata/4-dn-container.db
	at org.apache.hadoop.ozone.container.keyvalue.helpers.BlockUtils.getDB(BlockUtils.java:84)
	at org.apache.hadoop.ozone.container.keyvalue.statemachine.background.BlockDeletingService$BlockDeletingTask.call(BlockDeletingService.java:188)
	at org.apache.hadoop.ozone.container.keyvalue.statemachine.background.BlockDeletingService$BlockDeletingTask.call(BlockDeletingService.java:172)
	at java.util.concurrent.FutureTask.run(FutureTask.java:266)
	at java.util.concurrent.Executors$RunnableAdapter.call(Executors.java:511)
	at java.util.concurrent.FutureTask.run(FutureTask.java:266)
	at java.util.concurrent.Executors$RunnableAdapter.call(Executors.java:511)
	at java.util.concurrent.FutureTask.run(FutureTask.java:266)
	at java.util.concurrent.ScheduledThreadPoolExecutor$ScheduledFutureTask.access$201(ScheduledThreadPoolExecutor.java:180)
	at java.util.concurrent.ScheduledThreadPoolExecutor$ScheduledFutureTask.run(ScheduledThreadPoolExecutor.java:293)
	... 3 more
2019-06-12 13:51:07,597 ERROR utils.ContainerCache (ContainerCache.java:getDB(137)) - Error opening DB. Container:2 ContainerPath:/opt/src/hadoop-ozone/integration-test/target/test-dir/MiniOzoneClusterImpl-869c8c0d-6a5a-4d77-b402-f67e80feef85/datanode-0/data/containers/hdds/02d1f6b8-f026-4f59-9974-24481a7be2f4/current/containerDir0/2/metadata/2-dn-container.db
java.io.IOException: Failed init RocksDB, db path : /opt/src/hadoop-ozone/integration-test/target/test-dir/MiniOzoneClusterImpl-869c8c0d-6a5a-4d77-b402-f67e80feef85/datanode-0/data/containers/hdds/02d1f6b8-f026-4f59-9974-24481a7be2f4/current/containerDir0/2/metadata/2-dn-container.db
	at org.apache.hadoop.utils.RocksDBStore.<init>(RocksDBStore.java:87)
	at org.apache.hadoop.utils.MetadataStoreBuilder.build(MetadataStoreBuilder.java:137)
	at org.apache.hadoop.ozone.container.common.utils.ContainerCache.getDB(ContainerCache.java:129)
	at org.apache.hadoop.ozone.container.keyvalue.helpers.BlockUtils.getDB(BlockUtils.java:77)
	at org.apache.hadoop.ozone.container.keyvalue.statemachine.background.BlockDeletingService$BlockDeletingTask.call(BlockDeletingService.java:188)
	at org.apache.hadoop.ozone.container.keyvalue.statemachine.background.BlockDeletingService$BlockDeletingTask.call(BlockDeletingService.java:172)
	at java.util.concurrent.FutureTask.run(FutureTask.java:266)
	at java.util.concurrent.Executors$RunnableAdapter.call(Executors.java:511)
	at java.util.concurrent.FutureTask.run(FutureTask.java:266)
	at java.util.concurrent.Executors$RunnableAdapter.call(Executors.java:511)
	at java.util.concurrent.FutureTask.run(FutureTask.java:266)
	at java.util.concurrent.ScheduledThreadPoolExecutor$ScheduledFutureTask.access$201(ScheduledThreadPoolExecutor.java:180)
	at java.util.concurrent.ScheduledThreadPoolExecutor$ScheduledFutureTask.run(ScheduledThreadPoolExecutor.java:293)
	at java.util.concurrent.ThreadPoolExecutor.runWorker(ThreadPoolExecutor.java:1149)
	at java.util.concurrent.ThreadPoolExecutor$Worker.run(ThreadPoolExecutor.java:624)
	at java.lang.Thread.run(Thread.java:748)
Caused by: org.rocksdb.RocksDBException: While mkdir if missing: /opt/src/hadoop-ozone/integration-test/target/test-dir/MiniOzoneClusterImpl-869c8c0d-6a5a-4d77-b402-f67e80feef85/datanode-0/data/containers/hdds/02d1f6b8-f026-4f59-9974-24481a7be2f4/current/containerDir0/2/metadata/2-dn-container.db: No such file or directory
	at org.rocksdb.RocksDB.open(Native Method)
	at org.rocksdb.RocksDB.open(RocksDB.java:231)
	at org.apache.hadoop.utils.RocksDBStore.<init>(RocksDBStore.java:71)
	... 15 more
2019-06-12 13:51:07,597 WARN  utils.BackgroundService (BackgroundService.java:lambda$run$0(135)) - Background task fails to execute, retrying in next interval
java.util.concurrent.ExecutionException: org.apache.hadoop.hdds.scm.container.common.helpers.StorageContainerException: Error opening DB. Container:3 ContainerPath:/opt/src/hadoop-ozone/integration-test/target/test-dir/MiniOzoneClusterImpl-869c8c0d-6a5a-4d77-b402-f67e80feef85/datanode-0/data/containers/hdds/02d1f6b8-f026-4f59-9974-24481a7be2f4/current/containerDir0/3/metadata/3-dn-container.db
	at java.util.concurrent.FutureTask.report(FutureTask.java:122)
	at java.util.concurrent.FutureTask.get(FutureTask.java:206)
	at org.apache.hadoop.utils.BackgroundService$PeriodicalTask.lambda$run$0(BackgroundService.java:129)
	at java.util.stream.ForEachOps$ForEachOp$OfRef.accept(ForEachOps.java:184)
	at java.util.ArrayList$ArrayListSpliterator.forEachRemaining(ArrayList.java:1382)
	at java.util.stream.AbstractPipeline.copyInto(AbstractPipeline.java:482)
	at java.util.stream.ForEachOps$ForEachTask.compute(ForEachOps.java:291)
	at java.util.concurrent.CountedCompleter.exec(CountedCompleter.java:731)
	at java.util.concurrent.ForkJoinTask.doExec(ForkJoinTask.java:289)
	at java.util.concurrent.ForkJoinPool$WorkQueue.pollAndExecCC(ForkJoinPool.java:1190)
	at java.util.concurrent.ForkJoinPool.helpComplete(ForkJoinPool.java:1879)
	at java.util.concurrent.ForkJoinPool.externalHelpComplete(ForkJoinPool.java:2467)
	at java.util.concurrent.ForkJoinTask.externalAwaitDone(ForkJoinTask.java:324)
	at java.util.concurrent.ForkJoinTask.doInvoke(ForkJoinTask.java:405)
	at java.util.concurrent.ForkJoinTask.invoke(ForkJoinTask.java:734)
	at java.util.stream.ForEachOps$ForEachOp.evaluateParallel(ForEachOps.java:160)
	at java.util.stream.ForEachOps$ForEachOp$OfRef.evaluateParallel(ForEachOps.java:174)
	at java.util.stream.AbstractPipeline.evaluate(AbstractPipeline.java:233)
	at java.util.stream.ReferencePipeline.forEach(ReferencePipeline.java:418)
	at java.util.stream.ReferencePipeline$Head.forEach(ReferencePipeline.java:583)
	at org.apache.hadoop.utils.BackgroundService$PeriodicalTask.run(BackgroundService.java:125)
	at java.util.concurrent.Executors$RunnableAdapter.call(Executors.java:511)
	at java.util.concurrent.FutureTask.runAndReset(FutureTask.java:308)
	at java.util.concurrent.ScheduledThreadPoolExecutor$ScheduledFutureTask.access$301(ScheduledThreadPoolExecutor.java:180)
	at java.util.concurrent.ScheduledThreadPoolExecutor$ScheduledFutureTask.run(ScheduledThreadPoolExecutor.java:294)
	at java.util.concurrent.ThreadPoolExecutor.runWorker(ThreadPoolExecutor.java:1149)
	at java.util.concurrent.ThreadPoolExecutor$Worker.run(ThreadPoolExecutor.java:624)
	at java.lang.Thread.run(Thread.java:748)
Caused by: org.apache.hadoop.hdds.scm.container.common.helpers.StorageContainerException: Error opening DB. Container:3 ContainerPath:/opt/src/hadoop-ozone/integration-test/target/test-dir/MiniOzoneClusterImpl-869c8c0d-6a5a-4d77-b402-f67e80feef85/datanode-0/data/containers/hdds/02d1f6b8-f026-4f59-9974-24481a7be2f4/current/containerDir0/3/metadata/3-dn-container.db
	at org.apache.hadoop.ozone.container.keyvalue.helpers.BlockUtils.getDB(BlockUtils.java:84)
	at org.apache.hadoop.ozone.container.keyvalue.statemachine.background.BlockDeletingService$BlockDeletingTask.call(BlockDeletingService.java:188)
	at org.apache.hadoop.ozone.container.keyvalue.statemachine.background.BlockDeletingService$BlockDeletingTask.call(BlockDeletingService.java:172)
	at java.util.concurrent.FutureTask.run(FutureTask.java:266)
	at java.util.concurrent.Executors$RunnableAdapter.call(Executors.java:511)
	at java.util.concurrent.FutureTask.run(FutureTask.java:266)
	at java.util.concurrent.Executors$RunnableAdapter.call(Executors.java:511)
	at java.util.concurrent.FutureTask.run(FutureTask.java:266)
	at java.util.concurrent.ScheduledThreadPoolExecutor$ScheduledFutureTask.access$201(ScheduledThreadPoolExecutor.java:180)
	at java.util.concurrent.ScheduledThreadPoolExecutor$ScheduledFutureTask.run(ScheduledThreadPoolExecutor.java:293)
	... 3 more
2019-06-12 13:51:07,597 WARN  utils.BackgroundService (BackgroundService.java:lambda$run$0(135)) - Background task fails to execute, retrying in next interval
java.util.concurrent.ExecutionException: org.apache.hadoop.hdds.scm.container.common.helpers.StorageContainerException: Error opening DB. Container:2 ContainerPath:/opt/src/hadoop-ozone/integration-test/target/test-dir/MiniOzoneClusterImpl-869c8c0d-6a5a-4d77-b402-f67e80feef85/datanode-0/data/containers/hdds/02d1f6b8-f026-4f59-9974-24481a7be2f4/current/containerDir0/2/metadata/2-dn-container.db
	at java.util.concurrent.FutureTask.report(FutureTask.java:122)
	at java.util.concurrent.FutureTask.get(FutureTask.java:206)
	at org.apache.hadoop.utils.BackgroundService$PeriodicalTask.lambda$run$0(BackgroundService.java:129)
	at java.util.stream.ForEachOps$ForEachOp$OfRef.accept(ForEachOps.java:184)
	at java.util.ArrayList$ArrayListSpliterator.forEachRemaining(ArrayList.java:1382)
	at java.util.stream.AbstractPipeline.copyInto(AbstractPipeline.java:482)
	at java.util.stream.ForEachOps$ForEachTask.compute(ForEachOps.java:291)
	at java.util.concurrent.CountedCompleter.exec(CountedCompleter.java:731)
	at java.util.concurrent.ForkJoinTask.doExec(ForkJoinTask.java:289)
	at java.util.concurrent.ForkJoinPool$WorkQueue.runTask(ForkJoinPool.java:1056)
	at java.util.concurrent.ForkJoinPool.runWorker(ForkJoinPool.java:1692)
	at java.util.concurrent.ForkJoinWorkerThread.run(ForkJoinWorkerThread.java:157)
Caused by: org.apache.hadoop.hdds.scm.container.common.helpers.StorageContainerException: Error opening DB. Container:2 ContainerPath:/opt/src/hadoop-ozone/integration-test/target/test-dir/MiniOzoneClusterImpl-869c8c0d-6a5a-4d77-b402-f67e80feef85/datanode-0/data/containers/hdds/02d1f6b8-f026-4f59-9974-24481a7be2f4/current/containerDir0/2/metadata/2-dn-container.db
	at org.apache.hadoop.ozone.container.keyvalue.helpers.BlockUtils.getDB(BlockUtils.java:84)
	at org.apache.hadoop.ozone.container.keyvalue.statemachine.background.BlockDeletingService$BlockDeletingTask.call(BlockDeletingService.java:188)
	at org.apache.hadoop.ozone.container.keyvalue.statemachine.background.BlockDeletingService$BlockDeletingTask.call(BlockDeletingService.java:172)
	at java.util.concurrent.FutureTask.run(FutureTask.java:266)
	at java.util.concurrent.Executors$RunnableAdapter.call(Executors.java:511)
	at java.util.concurrent.FutureTask.run(FutureTask.java:266)
	at java.util.concurrent.Executors$RunnableAdapter.call(Executors.java:511)
	at java.util.concurrent.FutureTask.run(FutureTask.java:266)
	at java.util.concurrent.ScheduledThreadPoolExecutor$ScheduledFutureTask.access$201(ScheduledThreadPoolExecutor.java:180)
	at java.util.concurrent.ScheduledThreadPoolExecutor$ScheduledFutureTask.run(ScheduledThreadPoolExecutor.java:293)
	at java.util.concurrent.ThreadPoolExecutor.runWorker(ThreadPoolExecutor.java:1149)
	at java.util.concurrent.ThreadPoolExecutor$Worker.run(ThreadPoolExecutor.java:624)
	at java.lang.Thread.run(Thread.java:748)
2019-06-12 13:51:08,209 INFO  ozone.MiniOzoneClusterImpl (MiniOzoneClusterImpl.java:lambda$waitForClusterToBeReady$0(142)) - Cluster is ready. Got 1 of 1 DN Heartbeats.
13:51:08.317 [Thread-625] ERROR SCMAudit - user=null | ip=null | op=DELETE_CONTAINER {remoteUser=unknownUser, containerID=1560347468314} | ret=FAILURE
java.io.IOException: Access denied for user unknownUser. Superuser privilege is required.
	at org.apache.hadoop.hdds.scm.server.StorageContainerManager.checkAdminAccess(StorageContainerManager.java:957) ~[hadoop-hdds-server-scm-0.5.0-SNAPSHOT.jar:?]
	at org.apache.hadoop.hdds.scm.server.SCMClientProtocolServer.deleteContainer(SCMClientProtocolServer.java:326) [hadoop-hdds-server-scm-0.5.0-SNAPSHOT.jar:?]
	at org.apache.hadoop.hdds.scm.server.SCMClientProtocolServer$$EnhancerByMockitoWithCGLIB$$4658669a.CGLIB$deleteContainer$1(<generated>) [mockito-all-1.8.5.jar:?]
	at org.apache.hadoop.hdds.scm.server.SCMClientProtocolServer$$EnhancerByMockitoWithCGLIB$$4658669a$$FastClassByMockitoWithCGLIB$$e90c0e82.invoke(<generated>) [mockito-all-1.8.5.jar:?]
	at org.mockito.cglib.proxy.MethodProxy.invokeSuper(MethodProxy.java:216) [mockito-all-1.8.5.jar:?]
	at org.mockito.internal.creation.AbstractMockitoMethodProxy.invokeSuper(AbstractMockitoMethodProxy.java:10) [mockito-all-1.8.5.jar:?]
	at org.mockito.internal.invocation.realmethod.CGLIBProxyRealMethod.invoke(CGLIBProxyRealMethod.java:22) [mockito-all-1.8.5.jar:?]
	at org.mockito.internal.invocation.realmethod.FilteredCGLIBProxyRealMethod.invoke(FilteredCGLIBProxyRealMethod.java:27) [mockito-all-1.8.5.jar:?]
	at org.mockito.internal.invocation.Invocation.callRealMethod(Invocation.java:211) [mockito-all-1.8.5.jar:?]
	at org.mockito.internal.stubbing.answers.CallsRealMethods.answer(CallsRealMethods.java:36) [mockito-all-1.8.5.jar:?]
	at org.mockito.internal.MockHandler.handle(MockHandler.java:99) [mockito-all-1.8.5.jar:?]
	at org.mockito.internal.creation.MethodInterceptorFilter.intercept(MethodInterceptorFilter.java:47) [mockito-all-1.8.5.jar:?]
	at org.apache.hadoop.hdds.scm.server.SCMClientProtocolServer$$EnhancerByMockitoWithCGLIB$$4658669a.deleteContainer(<generated>) [mockito-all-1.8.5.jar:?]
	at org.apache.hadoop.ozone.TestStorageContainerManager.testRpcPermissionWithConf(TestStorageContainerManager.java:147) [test-classes/:?]
	at org.apache.hadoop.ozone.TestStorageContainerManager.testRpcPermission(TestStorageContainerManager.java:122) [test-classes/:?]
	at sun.reflect.NativeMethodAccessorImpl.invoke0(Native Method) ~[?:1.8.0_212]
	at sun.reflect.NativeMethodAccessorImpl.invoke(NativeMethodAccessorImpl.java:62) ~[?:1.8.0_212]
	at sun.reflect.DelegatingMethodAccessorImpl.invoke(DelegatingMethodAccessorImpl.java:43) ~[?:1.8.0_212]
	at java.lang.reflect.Method.invoke(Method.java:498) ~[?:1.8.0_212]
	at org.junit.runners.model.FrameworkMethod$1.runReflectiveCall(FrameworkMethod.java:47) [junit-4.11.jar:?]
	at org.junit.internal.runners.model.ReflectiveCallable.run(ReflectiveCallable.java:12) [junit-4.11.jar:?]
	at org.junit.runners.model.FrameworkMethod.invokeExplosively(FrameworkMethod.java:44) [junit-4.11.jar:?]
	at org.junit.internal.runners.statements.InvokeMethod.evaluate(InvokeMethod.java:17) [junit-4.11.jar:?]
	at org.junit.internal.runners.statements.FailOnTimeout$StatementThread.run(FailOnTimeout.java:74) [junit-4.11.jar:?]
2019-06-12 13:51:08,319 INFO  ozone.MiniOzoneClusterImpl (MiniOzoneClusterImpl.java:shutdown(321)) - Shutting down the Mini Ozone Cluster
2019-06-12 13:51:08,319 INFO  ozone.MiniOzoneClusterImpl (MiniOzoneClusterImpl.java:stop(336)) - Stopping the Mini Ozone Cluster
2019-06-12 13:51:08,319 INFO  ozone.MiniOzoneClusterImpl (MiniOzoneClusterImpl.java:stop(338)) - Stopping the OzoneManager
2019-06-12 13:51:08,319 INFO  ipc.Server (Server.java:stop(3082)) - Stopping server on 33229
2019-06-12 13:51:08,328 INFO  ipc.Server (Server.java:run(1185)) - Stopping IPC Server listener on 33229
2019-06-12 13:51:08,328 INFO  utils.BackgroundService (BackgroundService.java:shutdown(148)) - Shutting down service KeyDeletingService
2019-06-12 13:51:08,330 INFO  ipc.Server (Server.java:run(1319)) - Stopping IPC Server Responder
2019-06-12 13:51:08,331 INFO  handler.ContextHandler (ContextHandler.java:doStop(910)) - Stopped o.e.j.w.WebAppContext@2ff06a95{/,null,UNAVAILABLE}{/ozoneManager}
2019-06-12 13:51:08,331 INFO  server.AbstractConnector (AbstractConnector.java:doStop(318)) - Stopped ServerConnector@6e67c225{HTTP/1.1,[http/1.1]}{0.0.0.0:0}
2019-06-12 13:51:08,331 INFO  handler.ContextHandler (ContextHandler.java:doStop(910)) - Stopped o.e.j.s.ServletContextHandler@c3ccb5f{/static,file:///opt/src/hadoop-ozone/integration-test/target/test-classes/webapps/static,UNAVAILABLE}
2019-06-12 13:51:08,332 INFO  handler.ContextHandler (ContextHandler.java:doStop(910)) - Stopped o.e.j.s.ServletContextHandler@779fff2{/logs,file:///opt/src/hadoop-ozone/integration-test/target/log,UNAVAILABLE}
2019-06-12 13:51:08,334 INFO  ozone.MiniOzoneClusterImpl (MiniOzoneClusterImpl.java:stop(344)) - Stopping the StorageContainerManager
2019-06-12 13:51:08,334 INFO  server.StorageContainerManager (StorageContainerManager.java:stop(789)) - Stopping Replication Manager Service.
2019-06-12 13:51:08,334 INFO  container.ReplicationManager (ReplicationManager.java:stop(191)) - Replication Monitor Thread is not running.
2019-06-12 13:51:08,334 INFO  server.StorageContainerManager (StorageContainerManager.java:stop(796)) - Stopping Lease Manager of the command watchers
2019-06-12 13:51:08,334 INFO  server.StorageContainerManager (StorageContainerManager.java:stop(803)) - Stopping datanode service RPC server
2019-06-12 13:51:08,334 INFO  server.SCMDatanodeProtocolServer (SCMDatanodeProtocolServer.java:stop(373)) - Stopping the RPC server for DataNodes
2019-06-12 13:51:08,335 INFO  ipc.Server (Server.java:stop(3082)) - Stopping server on 43145
2019-06-12 13:51:08,336 INFO  ipc.Server (Server.java:run(1185)) - Stopping IPC Server listener on 43145
2019-06-12 13:51:08,337 INFO  ipc.Server (Server.java:run(1319)) - Stopping IPC Server Responder
2019-06-12 13:51:08,337 INFO  server.StorageContainerManager (StorageContainerManager.java:stop(811)) - Stopping block service RPC server
2019-06-12 13:51:08,338 INFO  server.SCMBlockProtocolServer (SCMBlockProtocolServer.java:stop(145)) - Stopping the RPC server for Block Protocol
2019-06-12 13:51:08,339 INFO  ipc.Server (Server.java:stop(3082)) - Stopping server on 40807
2019-06-12 13:51:08,340 INFO  ipc.Server (Server.java:run(1185)) - Stopping IPC Server listener on 40807
2019-06-12 13:51:08,341 INFO  server.StorageContainerManager (StorageContainerManager.java:stop(818)) - Stopping the StorageContainerLocationProtocol RPC server
2019-06-12 13:51:08,341 INFO  ipc.Server (Server.java:run(1319)) - Stopping IPC Server Responder
2019-06-12 13:51:08,341 INFO  server.SCMClientProtocolServer (SCMClientProtocolServer.java:stop(157)) - Stopping the RPC server for Client Protocol
2019-06-12 13:51:08,342 INFO  ipc.Server (Server.java:stop(3082)) - Stopping server on 46387
2019-06-12 13:51:08,343 INFO  server.StorageContainerManager (StorageContainerManager.java:stop(825)) - Stopping Storage Container Manager HTTP server.
2019-06-12 13:51:08,343 INFO  ipc.Server (Server.java:run(1319)) - Stopping IPC Server Responder
2019-06-12 13:51:08,344 INFO  ipc.Server (Server.java:run(1185)) - Stopping IPC Server listener on 46387
2019-06-12 13:51:08,344 INFO  handler.ContextHandler (ContextHandler.java:doStop(910)) - Stopped o.e.j.w.WebAppContext@5a5d2fbd{/,null,UNAVAILABLE}{/scm}
2019-06-12 13:51:08,346 INFO  server.AbstractConnector (AbstractConnector.java:doStop(318)) - Stopped ServerConnector@623fe8b7{HTTP/1.1,[http/1.1]}{0.0.0.0:0}
2019-06-12 13:51:08,347 INFO  handler.ContextHandler (ContextHandler.java:doStop(910)) - Stopped o.e.j.s.ServletContextHandler@1b502f72{/static,file:///opt/src/hadoop-ozone/integration-test/target/test-classes/webapps/static,UNAVAILABLE}
2019-06-12 13:51:08,347 INFO  handler.ContextHandler (ContextHandler.java:doStop(910)) - Stopped o.e.j.s.ServletContextHandler@12b5da3e{/logs,file:///opt/src/hadoop-ozone/integration-test/target/log,UNAVAILABLE}
2019-06-12 13:51:08,347 INFO  server.StorageContainerManager (StorageContainerManager.java:stop(836)) - Stopping Block Manager Service.
2019-06-12 13:51:08,347 INFO  utils.BackgroundService (BackgroundService.java:shutdown(148)) - Shutting down service SCMBlockDeletingService
2019-06-12 13:51:08,348 INFO  utils.BackgroundService (BackgroundService.java:shutdown(148)) - Shutting down service SCMBlockDeletingService
2019-06-12 13:51:08,349 INFO  server.StorageContainerManager (StorageContainerManager.java:stop(858)) - Stopping SCM Event Queue.
2019-06-12 13:51:08,353 INFO  ozone.MiniOzoneClusterImpl (MiniOzoneClusterImpl.java:stop(350)) - Shutting the HddsDatanodes
2019-06-12 13:51:08,353 INFO  datanode.ObjectStoreHandler (ObjectStoreHandler.java:close(155)) - Closing ObjectStoreHandler.
2019-06-12 13:51:08,353 INFO  ozone.HddsDatanodeService (HddsDatanodeService.java:stop(452)) - Stopped plug-in org.apache.hadoop.ozone.web.OzoneHddsDatanodeService@3956360b
2019-06-12 13:51:08,354 INFO  statemachine.DatanodeStateMachine (DatanodeStateMachine.java:lambda$startDaemon$0(350)) - Ozone container server started.
2019-06-12 13:51:08,354 INFO  ozoneimpl.OzoneContainer (OzoneContainer.java:stop(199)) - Attempting to stop container services.
2019-06-12 13:51:08,354 INFO  impl.RaftServerProxy (RaftServerProxy.java:lambda$close$4(314)) - 3f85c82f-f194-49ed-bd97-4e328f7c9042: close
2019-06-12 13:51:08,354 INFO  impl.RaftServerImpl (RaftServerImpl.java:lambda$shutdown$3(238)) - 3f85c82f-f194-49ed-bd97-4e328f7c9042: shutdown group-658C219D277C
2019-06-12 13:51:08,354 INFO  util.JmxRegister (JmxRegister.java:unregister(73)) - Successfully un-registered JMX Bean with object name Ratis:service=RaftServer,group=group-658C219D277C,id=3f85c82f-f194-49ed-bd97-4e328f7c9042
2019-06-12 13:51:08,354 INFO  impl.RoleInfo (RoleInfo.java:shutdownFollowerState(121)) - 3f85c82f-f194-49ed-bd97-4e328f7c9042: shutdown FollowerState
2019-06-12 13:51:08,355 INFO  impl.StateMachineUpdater (StateMachineUpdater.java:stopAndJoin(109)) - StateMachineUpdater-3f85c82f-f194-49ed-bd97-4e328f7c9042-group-658C219D277C: set stopIndex = -1
2019-06-12 13:51:08,355 INFO  ratis.ContainerStateMachine (ContainerStateMachine.java:takeSnapshot(245)) - Taking snapshot at termIndex:(t:0, i:~)
2019-06-12 13:51:08,355 INFO  impl.FollowerState (FollowerState.java:run(109)) - 3f85c82f-f194-49ed-bd97-4e328f7c9042: FollowerState was interrupted: java.lang.InterruptedException: sleep interrupted
2019-06-12 13:51:08,356 INFO  impl.RaftServerImpl (ServerState.java:close(394)) - 3f85c82f-f194-49ed-bd97-4e328f7c9042:group-658C219D277C closes. The last applied log index is -1
2019-06-12 13:51:08,356 INFO  storage.RaftLogWorker (RaftLogWorker.java:run(236)) - 3f85c82f-f194-49ed-bd97-4e328f7c9042-RaftLogWorker was interrupted, exiting. There are 0 tasks remaining in the queue.
2019-06-12 13:51:08,356 INFO  storage.RaftLogWorker (RaftLogWorker.java:close(168)) - 3f85c82f-f194-49ed-bd97-4e328f7c9042-RaftLogWorker close()
2019-06-12 13:51:08,358 INFO  server.GrpcService (GrpcService.java:closeImpl(154)) - 3f85c82f-f194-49ed-bd97-4e328f7c9042: shutdown server with port 36585 now
2019-06-12 13:51:08,359 INFO  server.GrpcService (GrpcService.java:closeImpl(162)) - 3f85c82f-f194-49ed-bd97-4e328f7c9042: shutdown server with port 36585 successfully
2019-06-12 13:51:08,362 WARN  fs.CachingGetSpaceUsed (CachingGetSpaceUsed.java:run(183)) - Thread Interrupted waiting to refresh disk information: sleep interrupted
2019-06-12 13:51:08,371 INFO  statemachine.DatanodeStateMachine (DatanodeStateMachine.java:stopDaemon(395)) - Ozone container server stopped.
2019-06-12 13:51:08,372 INFO  handler.ContextHandler (ContextHandler.java:doStop(910)) - Stopped o.e.j.w.WebAppContext@616f6133{/,null,UNAVAILABLE}{/hddsDatanode}
2019-06-12 13:51:08,372 INFO  server.AbstractConnector (AbstractConnector.java:doStop(318)) - Stopped ServerConnector@6785facb{HTTP/1.1,[http/1.1]}{0.0.0.0:0}
2019-06-12 13:51:08,372 INFO  handler.ContextHandler (ContextHandler.java:doStop(910)) - Stopped o.e.j.s.ServletContextHandler@d65a355{/static,jar:file:/root/.m2/repository/org/apache/hadoop/hadoop-hdds-container-service/0.5.0-SNAPSHOT/hadoop-hdds-container-service-0.5.0-SNAPSHOT.jar!/webapps/static,UNAVAILABLE}
2019-06-12 13:51:08,372 INFO  handler.ContextHandler (ContextHandler.java:doStop(910)) - Stopped o.e.j.s.ServletContextHandler@142685ad{/logs,file:///opt/src/hadoop-ozone/integration-test/target/log,UNAVAILABLE}
2019-06-12 13:51:08,384 WARN  server.ServerUtils (ServerUtils.java:getScmDbDir(145)) - ozone.scm.db.dirs is not configured. We recommend adding this setting. Falling back to ozone.metadata.dirs instead.
2019-06-12 13:51:08,389 WARN  server.ServerUtils (ServerUtils.java:getScmDbDir(145)) - ozone.scm.db.dirs is not configured. We recommend adding this setting. Falling back to ozone.metadata.dirs instead.
2019-06-12 13:51:08,389 WARN  server.ServerUtils (ServerUtils.java:getScmDbDir(145)) - ozone.scm.db.dirs is not configured. We recommend adding this setting. Falling back to ozone.metadata.dirs instead.
2019-06-12 13:51:08,389 INFO  db.DBStoreBuilder (DBStoreBuilder.java:addTable(110)) - using custom profile for table: deletedBlocks
2019-06-12 13:51:08,389 INFO  db.DBStoreBuilder (DBStoreBuilder.java:processTables(161)) - Using default column profile:DBProfile.DISK for Table:deletedBlocks
2019-06-12 13:51:08,390 INFO  db.DBStoreBuilder (DBStoreBuilder.java:addTable(110)) - using custom profile for table: validCerts
2019-06-12 13:51:08,390 INFO  db.DBStoreBuilder (DBStoreBuilder.java:processTables(161)) - Using default column profile:DBProfile.DISK for Table:validCerts
2019-06-12 13:51:08,390 INFO  db.DBStoreBuilder (DBStoreBuilder.java:addTable(110)) - using custom profile for table: revokedCerts
2019-06-12 13:51:08,390 INFO  db.DBStoreBuilder (DBStoreBuilder.java:processTables(161)) - Using default column profile:DBProfile.DISK for Table:revokedCerts
2019-06-12 13:51:08,390 INFO  db.DBStoreBuilder (DBStoreBuilder.java:addTable(110)) - using custom profile for table: default
2019-06-12 13:51:08,390 INFO  db.DBStoreBuilder (DBStoreBuilder.java:processTables(167)) - Using default column profile:DBProfile.DISK for Table:default
2019-06-12 13:51:08,391 INFO  db.DBStoreBuilder (DBStoreBuilder.java:getDbProfile(198)) - Using default options. DBProfile.DISK
2019-06-12 13:51:08,431 WARN  server.ServerUtils (ServerUtils.java:sanitizeUserArgs(70)) - ozone.scm.stale.node.interval value = 300000 is larger than max = 100000 based on the key value of ozone.scm.heartbeat.thread.interval, reset to the max value 100000.
2019-06-12 13:51:08,431 WARN  server.ServerUtils (ServerUtils.java:sanitizeUserArgs(70)) - ozone.scm.stale.node.interval value = 300000 is larger than max = 100000 based on the key value of ozone.scm.heartbeat.thread.interval, reset to the max value 100000.
2019-06-12 13:51:08,432 INFO  node.SCMNodeManager (SCMNodeManager.java:<init>(108)) - Entering startup safe mode.
2019-06-12 13:51:08,432 INFO  net.NodeSchemaLoader (NodeSchemaLoader.java:loadSchemaFromFile(125)) - Loading file from sun.misc.CompoundEnumeration@1fac8d8b
2019-06-12 13:51:08,433 INFO  net.NodeSchemaLoader (NodeSchemaLoader.java:loadSchema(171)) - Loading network topology layer schema file
2019-06-12 13:51:08,435 WARN  server.ServerUtils (ServerUtils.java:getScmDbDir(145)) - ozone.scm.db.dirs is not configured. We recommend adding this setting. Falling back to ozone.metadata.dirs instead.
2019-06-12 13:51:08,448 INFO  pipeline.SCMPipelineManager (SCMPipelineManager.java:initializePipelineState(126)) - No pipeline exists in current db
2019-06-12 13:51:08,448 WARN  server.ServerUtils (ServerUtils.java:getScmDbDir(145)) - ozone.scm.db.dirs is not configured. We recommend adding this setting. Falling back to ozone.metadata.dirs instead.
2019-06-12 13:51:08,462 WARN  events.EventQueue (EventQueue.java:fireEvent(175)) - No event handler registered for event TypedEvent{payloadType=SafeModeStatus, name='SafeModeStatus'}
2019-06-12 13:51:08,463 INFO  ipc.CallQueueManager (CallQueueManager.java:<init>(84)) - Using callQueue: class java.util.concurrent.LinkedBlockingQueue, queueCapacity: 2000, scheduler: class org.apache.hadoop.ipc.DefaultRpcScheduler, ipcBackoff: false.
2019-06-12 13:51:08,463 INFO  ipc.Server (Server.java:run(1074)) - Starting Socket Reader #1 for port 39275
2019-06-12 13:51:08,468 INFO  ipc.CallQueueManager (CallQueueManager.java:<init>(84)) - Using callQueue: class java.util.concurrent.LinkedBlockingQueue, queueCapacity: 2000, scheduler: class org.apache.hadoop.ipc.DefaultRpcScheduler, ipcBackoff: false.
2019-06-12 13:51:08,469 INFO  ipc.Server (Server.java:run(1074)) - Starting Socket Reader #1 for port 43153
2019-06-12 13:51:08,471 INFO  ipc.CallQueueManager (CallQueueManager.java:<init>(84)) - Using callQueue: class java.util.concurrent.LinkedBlockingQueue, queueCapacity: 2000, scheduler: class org.apache.hadoop.ipc.DefaultRpcScheduler, ipcBackoff: false.
2019-06-12 13:51:08,471 INFO  ipc.Server (Server.java:run(1074)) - Starting Socket Reader #1 for port 43549
2019-06-12 13:51:08,473 INFO  hdfs.DFSUtil (DFSUtil.java:httpServerTemplateForNNAndJN(1641)) - Starting Web-server for scm at: http://0.0.0.0:0
2019-06-12 13:51:08,475 INFO  server.AuthenticationFilter (AuthenticationFilter.java:constructSecretProvider(240)) - Unable to initialize FileSignerSecretProvider, falling back to use random secrets.
2019-06-12 13:51:08,475 WARN  http.HttpRequestLog (HttpRequestLog.java:getRequestLog(97)) - Jetty request log can only be enabled using Log4j
2019-06-12 13:51:08,476 INFO  http.HttpServer2 (HttpServer2.java:addGlobalFilter(975)) - Added global filter 'safety' (class=org.apache.hadoop.http.HttpServer2$QuotingInputFilter)
2019-06-12 13:51:08,477 INFO  http.HttpServer2 (HttpServer2.java:addFilter(948)) - Added filter static_user_filter (class=org.apache.hadoop.http.lib.StaticUserWebFilter$StaticUserFilter) to context scm
2019-06-12 13:51:08,477 INFO  http.HttpServer2 (HttpServer2.java:addFilter(958)) - Added filter static_user_filter (class=org.apache.hadoop.http.lib.StaticUserWebFilter$StaticUserFilter) to context static
2019-06-12 13:51:08,477 INFO  http.HttpServer2 (HttpServer2.java:addFilter(958)) - Added filter static_user_filter (class=org.apache.hadoop.http.lib.StaticUserWebFilter$StaticUserFilter) to context logs
2019-06-12 13:51:08,481 INFO  server.StorageContainerManager (StorageContainerManager.java:start(752)) - StorageContainerLocationProtocol RPC server is listening at /0.0.0.0:43549
2019-06-12 13:51:08,481 INFO  impl.MetricsSystemImpl (MetricsSystemImpl.java:init(158)) - StorageContainerManager metrics system started (again)
2019-06-12 13:51:08,481 INFO  server.SCMClientProtocolServer (SCMClientProtocolServer.java:start(149)) - RPC server for Client  is listening at /0.0.0.0:43549
2019-06-12 13:51:08,482 INFO  ipc.Server (Server.java:run(1314)) - IPC Server Responder: starting
2019-06-12 13:51:08,483 INFO  ipc.Server (Server.java:run(1153)) - IPC Server listener on 43549: starting
2019-06-12 13:51:08,487 INFO  server.StorageContainerManager (StorageContainerManager.java:start(761)) - ScmBlockLocationProtocol RPC server is listening at /0.0.0.0:43153
2019-06-12 13:51:08,488 INFO  server.SCMBlockProtocolServer (SCMBlockProtocolServer.java:start(137)) - RPC server for Block Protocol is listening at /0.0.0.0:43153
2019-06-12 13:51:08,488 INFO  ipc.Server (Server.java:run(1314)) - IPC Server Responder: starting
2019-06-12 13:51:08,488 INFO  ipc.Server (Server.java:run(1153)) - IPC Server listener on 43153: starting
2019-06-12 13:51:08,489 INFO  server.StorageContainerManager (StorageContainerManager.java:start(765)) - ScmDatanodeProtocl RPC server is listening at /0.0.0.0:39275
2019-06-12 13:51:08,489 INFO  server.SCMDatanodeProtocolServer (SCMDatanodeProtocolServer.java:start(191)) - RPC server for DataNodes is listening at /0.0.0.0:39275
2019-06-12 13:51:08,489 INFO  ipc.Server (Server.java:run(1314)) - IPC Server Responder: starting
2019-06-12 13:51:08,490 INFO  ipc.Server (Server.java:run(1153)) - IPC Server listener on 39275: starting
2019-06-12 13:51:08,500 INFO  http.HttpServer2 (HttpServer2.java:bindListener(1191)) - Jetty bound to port 40721
2019-06-12 13:51:08,501 INFO  server.Server (Server.java:doStart(351)) - jetty-9.3.24.v20180605, build timestamp: 2018-06-05T17:11:56Z, git hash: 84205aa28f11a4f31f2a3b86d1bba2cc8ab69827
2019-06-12 13:51:08,502 INFO  handler.ContextHandler (ContextHandler.java:doStart(781)) - Started o.e.j.s.ServletContextHandler@6d87f835{/logs,file:///opt/src/hadoop-ozone/integration-test/target/log,AVAILABLE}
2019-06-12 13:51:08,503 INFO  handler.ContextHandler (ContextHandler.java:doStart(781)) - Started o.e.j.s.ServletContextHandler@50a185e0{/static,file:///opt/src/hadoop-ozone/integration-test/target/test-classes/webapps/static,AVAILABLE}
2019-06-12 13:51:08,506 INFO  handler.ContextHandler (ContextHandler.java:doStart(781)) - Started o.e.j.w.WebAppContext@bf8ec37{/,file:///opt/src/hadoop-ozone/integration-test/target/test-classes/webapps/scm/,AVAILABLE}{/scm}
2019-06-12 13:51:08,506 INFO  server.AbstractConnector (AbstractConnector.java:doStart(278)) - Started ServerConnector@28a49cce{HTTP/1.1,[http/1.1]}{0.0.0.0:40721}
2019-06-12 13:51:08,507 INFO  server.Server (Server.java:doStart(419)) - Started @34115ms
2019-06-12 13:51:08,507 INFO  server.BaseHttpServer (BaseHttpServer.java:updateConnectorAddress(207)) - HTTP server of SCM is listening at http://0.0.0.0:40721
2019-06-12 13:51:08,509 WARN  scm.ScmUtils (ScmUtils.java:getDBPath(63)) - ozone.om.db.dirs is not configured. We recommend adding this setting. Falling back to ozone.metadata.dirs instead.
2019-06-12 13:51:08,509 INFO  util.JvmPauseMonitor (JvmPauseMonitor.java:run(188)) - Starting JVM pause monitor
2019-06-12 13:51:08,511 WARN  scm.ScmUtils (ScmUtils.java:getDBPath(63)) - ozone.om.db.dirs is not configured. We recommend adding this setting. Falling back to ozone.metadata.dirs instead.
2019-06-12 13:51:08,511 INFO  om.OzoneManager (OzoneManager.java:setOMNodeDetails(519)) - OM Service ID is not set. Setting it to the default ID: omServiceIdDefault
2019-06-12 13:51:08,511 INFO  om.OzoneManager (OzoneManager.java:setOMNodeDetails(525)) - OM Node ID is not set. Setting it to the OmStorage's OmID: ad10f73c-0773-4c43-89bf-24ff07cd9744
2019-06-12 13:51:08,512 WARN  scm.HddsServerUtil (HddsServerUtil.java:getDefaultRatisDirectory(354)) - Storage directory for Ratis is not configured. It is a good idea to map this to an SSD disk. Falling back to ozone.metadata.dirs
2019-06-12 13:51:08,512 WARN  scm.HddsServerUtil (HddsServerUtil.java:getDefaultRatisDirectory(354)) - Storage directory for Ratis is not configured. It is a good idea to map this to an SSD disk. Falling back to ozone.metadata.dirs
2019-06-12 13:51:08,512 INFO  om.OzoneManager (OzoneManager.java:loadOMHAConfigs(476)) - Found matching OM address with OMServiceId: null, OMNodeId: null, RPC Address: localhost:0 and Ratis port: 9872
2019-06-12 13:51:08,518 WARN  scm.ScmUtils (ScmUtils.java:getDBPath(63)) - ozone.om.db.dirs is not configured. We recommend adding this setting. Falling back to ozone.metadata.dirs instead.
2019-06-12 13:51:08,518 INFO  db.DBStoreBuilder (DBStoreBuilder.java:addTable(110)) - using custom profile for table: userTable
2019-06-12 13:51:08,518 INFO  db.DBStoreBuilder (DBStoreBuilder.java:processTables(161)) - Using default column profile:DBProfile.DISK for Table:userTable
2019-06-12 13:51:08,518 INFO  db.DBStoreBuilder (DBStoreBuilder.java:addTable(110)) - using custom profile for table: volumeTable
2019-06-12 13:51:08,518 INFO  db.DBStoreBuilder (DBStoreBuilder.java:processTables(161)) - Using default column profile:DBProfile.DISK for Table:volumeTable
2019-06-12 13:51:08,519 INFO  db.DBStoreBuilder (DBStoreBuilder.java:addTable(110)) - using custom profile for table: bucketTable
2019-06-12 13:51:08,519 INFO  db.DBStoreBuilder (DBStoreBuilder.java:processTables(161)) - Using default column profile:DBProfile.DISK for Table:bucketTable
2019-06-12 13:51:08,519 INFO  db.DBStoreBuilder (DBStoreBuilder.java:addTable(110)) - using custom profile for table: keyTable
2019-06-12 13:51:08,519 INFO  db.DBStoreBuilder (DBStoreBuilder.java:processTables(161)) - Using default column profile:DBProfile.DISK for Table:keyTable
2019-06-12 13:51:08,519 INFO  db.DBStoreBuilder (DBStoreBuilder.java:addTable(110)) - using custom profile for table: deletedTable
2019-06-12 13:51:08,519 INFO  db.DBStoreBuilder (DBStoreBuilder.java:processTables(161)) - Using default column profile:DBProfile.DISK for Table:deletedTable
2019-06-12 13:51:08,519 INFO  db.DBStoreBuilder (DBStoreBuilder.java:addTable(110)) - using custom profile for table: openKeyTable
2019-06-12 13:51:08,519 INFO  db.DBStoreBuilder (DBStoreBuilder.java:processTables(161)) - Using default column profile:DBProfile.DISK for Table:openKeyTable
2019-06-12 13:51:08,519 INFO  db.DBStoreBuilder (DBStoreBuilder.java:addTable(110)) - using custom profile for table: s3Table
2019-06-12 13:51:08,519 INFO  db.DBStoreBuilder (DBStoreBuilder.java:processTables(161)) - Using default column profile:DBProfile.DISK for Table:s3Table
2019-06-12 13:51:08,519 INFO  db.DBStoreBuilder (DBStoreBuilder.java:addTable(110)) - using custom profile for table: multipartInfoTable
2019-06-12 13:51:08,520 INFO  db.DBStoreBuilder (DBStoreBuilder.java:processTables(161)) - Using default column profile:DBProfile.DISK for Table:multipartInfoTable
2019-06-12 13:51:08,520 INFO  db.DBStoreBuilder (DBStoreBuilder.java:addTable(110)) - using custom profile for table: dTokenTable
2019-06-12 13:51:08,520 INFO  db.DBStoreBuilder (DBStoreBuilder.java:processTables(161)) - Using default column profile:DBProfile.DISK for Table:dTokenTable
2019-06-12 13:51:08,520 INFO  db.DBStoreBuilder (DBStoreBuilder.java:addTable(110)) - using custom profile for table: s3SecretTable
2019-06-12 13:51:08,520 INFO  db.DBStoreBuilder (DBStoreBuilder.java:processTables(161)) - Using default column profile:DBProfile.DISK for Table:s3SecretTable
2019-06-12 13:51:08,520 INFO  db.DBStoreBuilder (DBStoreBuilder.java:addTable(110)) - using custom profile for table: prefixTable
2019-06-12 13:51:08,520 INFO  db.DBStoreBuilder (DBStoreBuilder.java:processTables(161)) - Using default column profile:DBProfile.DISK for Table:prefixTable
2019-06-12 13:51:08,521 INFO  db.DBStoreBuilder (DBStoreBuilder.java:addTable(110)) - using custom profile for table: default
2019-06-12 13:51:08,521 INFO  db.DBStoreBuilder (DBStoreBuilder.java:processTables(167)) - Using default column profile:DBProfile.DISK for Table:default
2019-06-12 13:51:08,521 INFO  db.DBStoreBuilder (DBStoreBuilder.java:getDbProfile(198)) - Using default options. DBProfile.DISK
2019-06-12 13:51:08,597 INFO  background.BlockDeletingService (BlockDeletingService.java:getTasks(123)) - Plan to choose 10 containers for block deletion, actually returns 5 valid containers.
2019-06-12 13:51:08,598 ERROR utils.ContainerCache (ContainerCache.java:getDB(137)) - Error opening DB. Container:1 ContainerPath:/opt/src/hadoop-ozone/integration-test/target/test-dir/MiniOzoneClusterImpl-869c8c0d-6a5a-4d77-b402-f67e80feef85/datanode-0/data/containers/hdds/02d1f6b8-f026-4f59-9974-24481a7be2f4/current/containerDir0/1/metadata/1-dn-container.db
java.io.IOException: Failed init RocksDB, db path : /opt/src/hadoop-ozone/integration-test/target/test-dir/MiniOzoneClusterImpl-869c8c0d-6a5a-4d77-b402-f67e80feef85/datanode-0/data/containers/hdds/02d1f6b8-f026-4f59-9974-24481a7be2f4/current/containerDir0/1/metadata/1-dn-container.db
	at org.apache.hadoop.utils.RocksDBStore.<init>(RocksDBStore.java:87)
	at org.apache.hadoop.utils.MetadataStoreBuilder.build(MetadataStoreBuilder.java:137)
	at org.apache.hadoop.ozone.container.common.utils.ContainerCache.getDB(ContainerCache.java:129)
	at org.apache.hadoop.ozone.container.keyvalue.helpers.BlockUtils.getDB(BlockUtils.java:77)
	at org.apache.hadoop.ozone.container.keyvalue.statemachine.background.BlockDeletingService$BlockDeletingTask.call(BlockDeletingService.java:188)
	at org.apache.hadoop.ozone.container.keyvalue.statemachine.background.BlockDeletingService$BlockDeletingTask.call(BlockDeletingService.java:172)
	at java.util.concurrent.FutureTask.run(FutureTask.java:266)
	at java.util.concurrent.Executors$RunnableAdapter.call(Executors.java:511)
	at java.util.concurrent.FutureTask.run(FutureTask.java:266)
	at java.util.concurrent.Executors$RunnableAdapter.call(Executors.java:511)
	at java.util.concurrent.FutureTask.run(FutureTask.java:266)
	at java.util.concurrent.ScheduledThreadPoolExecutor$ScheduledFutureTask.access$201(ScheduledThreadPoolExecutor.java:180)
	at java.util.concurrent.ScheduledThreadPoolExecutor$ScheduledFutureTask.run(ScheduledThreadPoolExecutor.java:293)
	at java.util.concurrent.ThreadPoolExecutor.runWorker(ThreadPoolExecutor.java:1149)
	at java.util.concurrent.ThreadPoolExecutor$Worker.run(ThreadPoolExecutor.java:624)
	at java.lang.Thread.run(Thread.java:748)
Caused by: org.rocksdb.RocksDBException: While mkdir if missing: /opt/src/hadoop-ozone/integration-test/target/test-dir/MiniOzoneClusterImpl-869c8c0d-6a5a-4d77-b402-f67e80feef85/datanode-0/data/containers/hdds/02d1f6b8-f026-4f59-9974-24481a7be2f4/current/containerDir0/1/metadata/1-dn-container.db: No such file or directory
	at org.rocksdb.RocksDB.open(Native Method)
	at org.rocksdb.RocksDB.open(RocksDB.java:231)
	at org.apache.hadoop.utils.RocksDBStore.<init>(RocksDBStore.java:71)
	... 15 more
2019-06-12 13:51:08,599 ERROR utils.ContainerCache (ContainerCache.java:getDB(137)) - Error opening DB. Container:5 ContainerPath:/opt/src/hadoop-ozone/integration-test/target/test-dir/MiniOzoneClusterImpl-869c8c0d-6a5a-4d77-b402-f67e80feef85/datanode-0/data/containers/hdds/02d1f6b8-f026-4f59-9974-24481a7be2f4/current/containerDir0/5/metadata/5-dn-container.db
java.io.IOException: Failed init RocksDB, db path : /opt/src/hadoop-ozone/integration-test/target/test-dir/MiniOzoneClusterImpl-869c8c0d-6a5a-4d77-b402-f67e80feef85/datanode-0/data/containers/hdds/02d1f6b8-f026-4f59-9974-24481a7be2f4/current/containerDir0/5/metadata/5-dn-container.db
	at org.apache.hadoop.utils.RocksDBStore.<init>(RocksDBStore.java:87)
	at org.apache.hadoop.utils.MetadataStoreBuilder.build(MetadataStoreBuilder.java:137)
	at org.apache.hadoop.ozone.container.common.utils.ContainerCache.getDB(ContainerCache.java:129)
	at org.apache.hadoop.ozone.container.keyvalue.helpers.BlockUtils.getDB(BlockUtils.java:77)
	at org.apache.hadoop.ozone.container.keyvalue.statemachine.background.BlockDeletingService$BlockDeletingTask.call(BlockDeletingService.java:188)
	at org.apache.hadoop.ozone.container.keyvalue.statemachine.background.BlockDeletingService$BlockDeletingTask.call(BlockDeletingService.java:172)
	at java.util.concurrent.FutureTask.run(FutureTask.java:266)
	at java.util.concurrent.Executors$RunnableAdapter.call(Executors.java:511)
	at java.util.concurrent.FutureTask.run(FutureTask.java:266)
	at java.util.concurrent.Executors$RunnableAdapter.call(Executors.java:511)
	at java.util.concurrent.FutureTask.run(FutureTask.java:266)
	at java.util.concurrent.ScheduledThreadPoolExecutor$ScheduledFutureTask.access$201(ScheduledThreadPoolExecutor.java:180)
	at java.util.concurrent.ScheduledThreadPoolExecutor$ScheduledFutureTask.run(ScheduledThreadPoolExecutor.java:293)
	at java.util.concurrent.ThreadPoolExecutor.runWorker(ThreadPoolExecutor.java:1149)
	at java.util.concurrent.ThreadPoolExecutor$Worker.run(ThreadPoolExecutor.java:624)
	at java.lang.Thread.run(Thread.java:748)
Caused by: org.rocksdb.RocksDBException: While mkdir if missing: /opt/src/hadoop-ozone/integration-test/target/test-dir/MiniOzoneClusterImpl-869c8c0d-6a5a-4d77-b402-f67e80feef85/datanode-0/data/containers/hdds/02d1f6b8-f026-4f59-9974-24481a7be2f4/current/containerDir0/5/metadata/5-dn-container.db: No such file or directory
	at org.rocksdb.RocksDB.open(Native Method)
	at org.rocksdb.RocksDB.open(RocksDB.java:231)
	at org.apache.hadoop.utils.RocksDBStore.<init>(RocksDBStore.java:71)
	... 15 more
2019-06-12 13:51:08,599 ERROR utils.ContainerCache (ContainerCache.java:getDB(137)) - Error opening DB. Container:4 ContainerPath:/opt/src/hadoop-ozone/integration-test/target/test-dir/MiniOzoneClusterImpl-869c8c0d-6a5a-4d77-b402-f67e80feef85/datanode-0/data/containers/hdds/02d1f6b8-f026-4f59-9974-24481a7be2f4/current/containerDir0/4/metadata/4-dn-container.db
java.io.IOException: Failed init RocksDB, db path : /opt/src/hadoop-ozone/integration-test/target/test-dir/MiniOzoneClusterImpl-869c8c0d-6a5a-4d77-b402-f67e80feef85/datanode-0/data/containers/hdds/02d1f6b8-f026-4f59-9974-24481a7be2f4/current/containerDir0/4/metadata/4-dn-container.db
	at org.apache.hadoop.utils.RocksDBStore.<init>(RocksDBStore.java:87)
	at org.apache.hadoop.utils.MetadataStoreBuilder.build(MetadataStoreBuilder.java:137)
	at org.apache.hadoop.ozone.container.common.utils.ContainerCache.getDB(ContainerCache.java:129)
	at org.apache.hadoop.ozone.container.keyvalue.helpers.BlockUtils.getDB(BlockUtils.java:77)
	at org.apache.hadoop.ozone.container.keyvalue.statemachine.background.BlockDeletingService$BlockDeletingTask.call(BlockDeletingService.java:188)
	at org.apache.hadoop.ozone.container.keyvalue.statemachine.background.BlockDeletingService$BlockDeletingTask.call(BlockDeletingService.java:172)
	at java.util.concurrent.FutureTask.run(FutureTask.java:266)
	at java.util.concurrent.Executors$RunnableAdapter.call(Executors.java:511)
	at java.util.concurrent.FutureTask.run(FutureTask.java:266)
	at java.util.concurrent.Executors$RunnableAdapter.call(Executors.java:511)
	at java.util.concurrent.FutureTask.run(FutureTask.java:266)
	at java.util.concurrent.ScheduledThreadPoolExecutor$ScheduledFutureTask.access$201(ScheduledThreadPoolExecutor.java:180)
	at java.util.concurrent.ScheduledThreadPoolExecutor$ScheduledFutureTask.run(ScheduledThreadPoolExecutor.java:293)
	at java.util.concurrent.ThreadPoolExecutor.runWorker(ThreadPoolExecutor.java:1149)
	at java.util.concurrent.ThreadPoolExecutor$Worker.run(ThreadPoolExecutor.java:624)
	at java.lang.Thread.run(Thread.java:748)
Caused by: org.rocksdb.RocksDBException: While mkdir if missing: /opt/src/hadoop-ozone/integration-test/target/test-dir/MiniOzoneClusterImpl-869c8c0d-6a5a-4d77-b402-f67e80feef85/datanode-0/data/containers/hdds/02d1f6b8-f026-4f59-9974-24481a7be2f4/current/containerDir0/4/metadata/4-dn-container.db: No such file or directory
	at org.rocksdb.RocksDB.open(Native Method)
	at org.rocksdb.RocksDB.open(RocksDB.java:231)
	at org.apache.hadoop.utils.RocksDBStore.<init>(RocksDBStore.java:71)
	... 15 more
2019-06-12 13:51:08,599 WARN  utils.BackgroundService (BackgroundService.java:lambda$run$0(135)) - Background task fails to execute, retrying in next interval
java.util.concurrent.ExecutionException: org.apache.hadoop.hdds.scm.container.common.helpers.StorageContainerException: Error opening DB. Container:4 ContainerPath:/opt/src/hadoop-ozone/integration-test/target/test-dir/MiniOzoneClusterImpl-869c8c0d-6a5a-4d77-b402-f67e80feef85/datanode-0/data/containers/hdds/02d1f6b8-f026-4f59-9974-24481a7be2f4/current/containerDir0/4/metadata/4-dn-container.db
	at java.util.concurrent.FutureTask.report(FutureTask.java:122)
	at java.util.concurrent.FutureTask.get(FutureTask.java:206)
	at org.apache.hadoop.utils.BackgroundService$PeriodicalTask.lambda$run$0(BackgroundService.java:129)
	at java.util.stream.ForEachOps$ForEachOp$OfRef.accept(ForEachOps.java:184)
	at java.util.ArrayList$ArrayListSpliterator.forEachRemaining(ArrayList.java:1382)
	at java.util.stream.AbstractPipeline.copyInto(AbstractPipeline.java:482)
	at java.util.stream.ForEachOps$ForEachTask.compute(ForEachOps.java:291)
	at java.util.concurrent.CountedCompleter.exec(CountedCompleter.java:731)
	at java.util.concurrent.ForkJoinTask.doExec(ForkJoinTask.java:289)
	at java.util.concurrent.ForkJoinTask.doInvoke(ForkJoinTask.java:401)
	at java.util.concurrent.ForkJoinTask.invoke(ForkJoinTask.java:734)
	at java.util.stream.ForEachOps$ForEachOp.evaluateParallel(ForEachOps.java:160)
	at java.util.stream.ForEachOps$ForEachOp$OfRef.evaluateParallel(ForEachOps.java:174)
	at java.util.stream.AbstractPipeline.evaluate(AbstractPipeline.java:233)
	at java.util.stream.ReferencePipeline.forEach(ReferencePipeline.java:418)
	at java.util.stream.ReferencePipeline$Head.forEach(ReferencePipeline.java:583)
	at org.apache.hadoop.utils.BackgroundService$PeriodicalTask.run(BackgroundService.java:125)
	at java.util.concurrent.Executors$RunnableAdapter.call(Executors.java:511)
	at java.util.concurrent.FutureTask.runAndReset(FutureTask.java:308)
	at java.util.concurrent.ScheduledThreadPoolExecutor$ScheduledFutureTask.access$301(ScheduledThreadPoolExecutor.java:180)
	at java.util.concurrent.ScheduledThreadPoolExecutor$ScheduledFutureTask.run(ScheduledThreadPoolExecutor.java:294)
	at java.util.concurrent.ThreadPoolExecutor.runWorker(ThreadPoolExecutor.java:1149)
	at java.util.concurrent.ThreadPoolExecutor$Worker.run(ThreadPoolExecutor.java:624)
	at java.lang.Thread.run(Thread.java:748)
Caused by: org.apache.hadoop.hdds.scm.container.common.helpers.StorageContainerException: Error opening DB. Container:4 ContainerPath:/opt/src/hadoop-ozone/integration-test/target/test-dir/MiniOzoneClusterImpl-869c8c0d-6a5a-4d77-b402-f67e80feef85/datanode-0/data/containers/hdds/02d1f6b8-f026-4f59-9974-24481a7be2f4/current/containerDir0/4/metadata/4-dn-container.db
	at org.apache.hadoop.ozone.container.keyvalue.helpers.BlockUtils.getDB(BlockUtils.java:84)
	at org.apache.hadoop.ozone.container.keyvalue.statemachine.background.BlockDeletingService$BlockDeletingTask.call(BlockDeletingService.java:188)
	at org.apache.hadoop.ozone.container.keyvalue.statemachine.background.BlockDeletingService$BlockDeletingTask.call(BlockDeletingService.java:172)
	at java.util.concurrent.FutureTask.run(FutureTask.java:266)
	at java.util.concurrent.Executors$RunnableAdapter.call(Executors.java:511)
	at java.util.concurrent.FutureTask.run(FutureTask.java:266)
	at java.util.concurrent.Executors$RunnableAdapter.call(Executors.java:511)
	at java.util.concurrent.FutureTask.run(FutureTask.java:266)
	at java.util.concurrent.ScheduledThreadPoolExecutor$ScheduledFutureTask.access$201(ScheduledThreadPoolExecutor.java:180)
	at java.util.concurrent.ScheduledThreadPoolExecutor$ScheduledFutureTask.run(ScheduledThreadPoolExecutor.java:293)
	... 3 more
2019-06-12 13:51:08,600 WARN  utils.BackgroundService (BackgroundService.java:lambda$run$0(135)) - Background task fails to execute, retrying in next interval
java.util.concurrent.ExecutionException: org.apache.hadoop.hdds.scm.container.common.helpers.StorageContainerException: Error opening DB. Container:5 ContainerPath:/opt/src/hadoop-ozone/integration-test/target/test-dir/MiniOzoneClusterImpl-869c8c0d-6a5a-4d77-b402-f67e80feef85/datanode-0/data/containers/hdds/02d1f6b8-f026-4f59-9974-24481a7be2f4/current/containerDir0/5/metadata/5-dn-container.db
	at java.util.concurrent.FutureTask.report(FutureTask.java:122)
	at java.util.concurrent.FutureTask.get(FutureTask.java:206)
	at org.apache.hadoop.utils.BackgroundService$PeriodicalTask.lambda$run$0(BackgroundService.java:129)
	at java.util.stream.ForEachOps$ForEachOp$OfRef.accept(ForEachOps.java:184)
	at java.util.ArrayList$ArrayListSpliterator.forEachRemaining(ArrayList.java:1382)
	at java.util.stream.AbstractPipeline.copyInto(AbstractPipeline.java:482)
	at java.util.stream.ForEachOps$ForEachTask.compute(ForEachOps.java:291)
	at java.util.concurrent.CountedCompleter.exec(CountedCompleter.java:731)
	at java.util.concurrent.ForkJoinTask.doExec(ForkJoinTask.java:289)
	at java.util.concurrent.ForkJoinPool$WorkQueue.runTask(ForkJoinPool.java:1056)
	at java.util.concurrent.ForkJoinPool.runWorker(ForkJoinPool.java:1692)
	at java.util.concurrent.ForkJoinWorkerThread.run(ForkJoinWorkerThread.java:157)
Caused by: org.apache.hadoop.hdds.scm.container.common.helpers.StorageContainerException: Error opening DB. Container:5 ContainerPath:/opt/src/hadoop-ozone/integration-test/target/test-dir/MiniOzoneClusterImpl-869c8c0d-6a5a-4d77-b402-f67e80feef85/datanode-0/data/containers/hdds/02d1f6b8-f026-4f59-9974-24481a7be2f4/current/containerDir0/5/metadata/5-dn-container.db
	at org.apache.hadoop.ozone.container.keyvalue.helpers.BlockUtils.getDB(BlockUtils.java:84)
	at org.apache.hadoop.ozone.container.keyvalue.statemachine.background.BlockDeletingService$BlockDeletingTask.call(BlockDeletingService.java:188)
	at org.apache.hadoop.ozone.container.keyvalue.statemachine.background.BlockDeletingService$BlockDeletingTask.call(BlockDeletingService.java:172)
	at java.util.concurrent.FutureTask.run(FutureTask.java:266)
	at java.util.concurrent.Executors$RunnableAdapter.call(Executors.java:511)
	at java.util.concurrent.FutureTask.run(FutureTask.java:266)
	at java.util.concurrent.Executors$RunnableAdapter.call(Executors.java:511)
	at java.util.concurrent.FutureTask.run(FutureTask.java:266)
	at java.util.concurrent.ScheduledThreadPoolExecutor$ScheduledFutureTask.access$201(ScheduledThreadPoolExecutor.java:180)
	at java.util.concurrent.ScheduledThreadPoolExecutor$ScheduledFutureTask.run(ScheduledThreadPoolExecutor.java:293)
	at java.util.concurrent.ThreadPoolExecutor.runWorker(ThreadPoolExecutor.java:1149)
	at java.util.concurrent.ThreadPoolExecutor$Worker.run(ThreadPoolExecutor.java:624)
	at java.lang.Thread.run(Thread.java:748)
2019-06-12 13:51:08,600 WARN  utils.BackgroundService (BackgroundService.java:lambda$run$0(135)) - Background task fails to execute, retrying in next interval
java.util.concurrent.ExecutionException: org.apache.hadoop.hdds.scm.container.common.helpers.StorageContainerException: Error opening DB. Container:1 ContainerPath:/opt/src/hadoop-ozone/integration-test/target/test-dir/MiniOzoneClusterImpl-869c8c0d-6a5a-4d77-b402-f67e80feef85/datanode-0/data/containers/hdds/02d1f6b8-f026-4f59-9974-24481a7be2f4/current/containerDir0/1/metadata/1-dn-container.db
	at java.util.concurrent.FutureTask.report(FutureTask.java:122)
	at java.util.concurrent.FutureTask.get(FutureTask.java:206)
	at org.apache.hadoop.utils.BackgroundService$PeriodicalTask.lambda$run$0(BackgroundService.java:129)
	at java.util.stream.ForEachOps$ForEachOp$OfRef.accept(ForEachOps.java:184)
	at java.util.ArrayList$ArrayListSpliterator.forEachRemaining(ArrayList.java:1382)
	at java.util.stream.AbstractPipeline.copyInto(AbstractPipeline.java:482)
	at java.util.stream.ForEachOps$ForEachTask.compute(ForEachOps.java:291)
	at java.util.concurrent.CountedCompleter.exec(CountedCompleter.java:731)
	at java.util.concurrent.ForkJoinTask.doExec(ForkJoinTask.java:289)
	at java.util.concurrent.ForkJoinPool$WorkQueue.execLocalTasks(ForkJoinPool.java:1040)
	at java.util.concurrent.ForkJoinPool$WorkQueue.runTask(ForkJoinPool.java:1058)
	at java.util.concurrent.ForkJoinPool.runWorker(ForkJoinPool.java:1692)
	at java.util.concurrent.ForkJoinWorkerThread.run(ForkJoinWorkerThread.java:157)
Caused by: org.apache.hadoop.hdds.scm.container.common.helpers.StorageContainerException: Error opening DB. Container:1 ContainerPath:/opt/src/hadoop-ozone/integration-test/target/test-dir/MiniOzoneClusterImpl-869c8c0d-6a5a-4d77-b402-f67e80feef85/datanode-0/data/containers/hdds/02d1f6b8-f026-4f59-9974-24481a7be2f4/current/containerDir0/1/metadata/1-dn-container.db
	at org.apache.hadoop.ozone.container.keyvalue.helpers.BlockUtils.getDB(BlockUtils.java:84)
	at org.apache.hadoop.ozone.container.keyvalue.statemachine.background.BlockDeletingService$BlockDeletingTask.call(BlockDeletingService.java:188)
	at org.apache.hadoop.ozone.container.keyvalue.statemachine.background.BlockDeletingService$BlockDeletingTask.call(BlockDeletingService.java:172)
	at java.util.concurrent.FutureTask.run(FutureTask.java:266)
	at java.util.concurrent.Executors$RunnableAdapter.call(Executors.java:511)
	at java.util.concurrent.FutureTask.run(FutureTask.java:266)
	at java.util.concurrent.Executors$RunnableAdapter.call(Executors.java:511)
	at java.util.concurrent.FutureTask.run(FutureTask.java:266)
	at java.util.concurrent.ScheduledThreadPoolExecutor$ScheduledFutureTask.access$201(ScheduledThreadPoolExecutor.java:180)
	at java.util.concurrent.ScheduledThreadPoolExecutor$ScheduledFutureTask.run(ScheduledThreadPoolExecutor.java:293)
	at java.util.concurrent.ThreadPoolExecutor.runWorker(ThreadPoolExecutor.java:1149)
	at java.util.concurrent.ThreadPoolExecutor$Worker.run(ThreadPoolExecutor.java:624)
	at java.lang.Thread.run(Thread.java:748)
2019-06-12 13:51:08,600 ERROR utils.ContainerCache (ContainerCache.java:getDB(137)) - Error opening DB. Container:3 ContainerPath:/opt/src/hadoop-ozone/integration-test/target/test-dir/MiniOzoneClusterImpl-869c8c0d-6a5a-4d77-b402-f67e80feef85/datanode-0/data/containers/hdds/02d1f6b8-f026-4f59-9974-24481a7be2f4/current/containerDir0/3/metadata/3-dn-container.db
java.io.IOException: Failed init RocksDB, db path : /opt/src/hadoop-ozone/integration-test/target/test-dir/MiniOzoneClusterImpl-869c8c0d-6a5a-4d77-b402-f67e80feef85/datanode-0/data/containers/hdds/02d1f6b8-f026-4f59-9974-24481a7be2f4/current/containerDir0/3/metadata/3-dn-container.db
	at org.apache.hadoop.utils.RocksDBStore.<init>(RocksDBStore.java:87)
	at org.apache.hadoop.utils.MetadataStoreBuilder.build(MetadataStoreBuilder.java:137)
	at org.apache.hadoop.ozone.container.common.utils.ContainerCache.getDB(ContainerCache.java:129)
	at org.apache.hadoop.ozone.container.keyvalue.helpers.BlockUtils.getDB(BlockUtils.java:77)
	at org.apache.hadoop.ozone.container.keyvalue.statemachine.background.BlockDeletingService$BlockDeletingTask.call(BlockDeletingService.java:188)
	at org.apache.hadoop.ozone.container.keyvalue.statemachine.background.BlockDeletingService$BlockDeletingTask.call(BlockDeletingService.java:172)
	at java.util.concurrent.FutureTask.run(FutureTask.java:266)
	at java.util.concurrent.Executors$RunnableAdapter.call(Executors.java:511)
	at java.util.concurrent.FutureTask.run(FutureTask.java:266)
	at java.util.concurrent.Executors$RunnableAdapter.call(Executors.java:511)
	at java.util.concurrent.FutureTask.run(FutureTask.java:266)
	at java.util.concurrent.ScheduledThreadPoolExecutor$ScheduledFutureTask.access$201(ScheduledThreadPoolExecutor.java:180)
	at java.util.concurrent.ScheduledThreadPoolExecutor$ScheduledFutureTask.run(ScheduledThreadPoolExecutor.java:293)
	at java.util.concurrent.ThreadPoolExecutor.runWorker(ThreadPoolExecutor.java:1149)
	at java.util.concurrent.ThreadPoolExecutor$Worker.run(ThreadPoolExecutor.java:624)
	at java.lang.Thread.run(Thread.java:748)
Caused by: org.rocksdb.RocksDBException: While mkdir if missing: /opt/src/hadoop-ozone/integration-test/target/test-dir/MiniOzoneClusterImpl-869c8c0d-6a5a-4d77-b402-f67e80feef85/datanode-0/data/containers/hdds/02d1f6b8-f026-4f59-9974-24481a7be2f4/current/containerDir0/3/metadata/3-dn-container.db: No such file or directory
	at org.rocksdb.RocksDB.open(Native Method)
	at org.rocksdb.RocksDB.open(RocksDB.java:231)
	at org.apache.hadoop.utils.RocksDBStore.<init>(RocksDBStore.java:71)
	... 15 more
2019-06-12 13:51:08,601 WARN  utils.BackgroundService (BackgroundService.java:lambda$run$0(135)) - Background task fails to execute, retrying in next interval
java.util.concurrent.ExecutionException: org.apache.hadoop.hdds.scm.container.common.helpers.StorageContainerException: Error opening DB. Container:3 ContainerPath:/opt/src/hadoop-ozone/integration-test/target/test-dir/MiniOzoneClusterImpl-869c8c0d-6a5a-4d77-b402-f67e80feef85/datanode-0/data/containers/hdds/02d1f6b8-f026-4f59-9974-24481a7be2f4/current/containerDir0/3/metadata/3-dn-container.db
	at java.util.concurrent.FutureTask.report(FutureTask.java:122)
	at java.util.concurrent.FutureTask.get(FutureTask.java:206)
	at org.apache.hadoop.utils.BackgroundService$PeriodicalTask.lambda$run$0(BackgroundService.java:129)
	at java.util.stream.ForEachOps$ForEachOp$OfRef.accept(ForEachOps.java:184)
	at java.util.ArrayList$ArrayListSpliterator.forEachRemaining(ArrayList.java:1382)
	at java.util.stream.AbstractPipeline.copyInto(AbstractPipeline.java:482)
	at java.util.stream.ForEachOps$ForEachTask.compute(ForEachOps.java:291)
	at java.util.concurrent.CountedCompleter.exec(CountedCompleter.java:731)
	at java.util.concurrent.ForkJoinTask.doExec(ForkJoinTask.java:289)
	at java.util.concurrent.ForkJoinPool$WorkQueue.runTask(ForkJoinPool.java:1056)
	at java.util.concurrent.ForkJoinPool.runWorker(ForkJoinPool.java:1692)
	at java.util.concurrent.ForkJoinWorkerThread.run(ForkJoinWorkerThread.java:157)
Caused by: org.apache.hadoop.hdds.scm.container.common.helpers.StorageContainerException: Error opening DB. Container:3 ContainerPath:/opt/src/hadoop-ozone/integration-test/target/test-dir/MiniOzoneClusterImpl-869c8c0d-6a5a-4d77-b402-f67e80feef85/datanode-0/data/containers/hdds/02d1f6b8-f026-4f59-9974-24481a7be2f4/current/containerDir0/3/metadata/3-dn-container.db
	at org.apache.hadoop.ozone.container.keyvalue.helpers.BlockUtils.getDB(BlockUtils.java:84)
	at org.apache.hadoop.ozone.container.keyvalue.statemachine.background.BlockDeletingService$BlockDeletingTask.call(BlockDeletingService.java:188)
	at org.apache.hadoop.ozone.container.keyvalue.statemachine.background.BlockDeletingService$BlockDeletingTask.call(BlockDeletingService.java:172)
	at java.util.concurrent.FutureTask.run(FutureTask.java:266)
	at java.util.concurrent.Executors$RunnableAdapter.call(Executors.java:511)
	at java.util.concurrent.FutureTask.run(FutureTask.java:266)
	at java.util.concurrent.Executors$RunnableAdapter.call(Executors.java:511)
	at java.util.concurrent.FutureTask.run(FutureTask.java:266)
	at java.util.concurrent.ScheduledThreadPoolExecutor$ScheduledFutureTask.access$201(ScheduledThreadPoolExecutor.java:180)
	at java.util.concurrent.ScheduledThreadPoolExecutor$ScheduledFutureTask.run(ScheduledThreadPoolExecutor.java:293)
	at java.util.concurrent.ThreadPoolExecutor.runWorker(ThreadPoolExecutor.java:1149)
	at java.util.concurrent.ThreadPoolExecutor$Worker.run(ThreadPoolExecutor.java:624)
	at java.lang.Thread.run(Thread.java:748)
2019-06-12 13:51:08,601 ERROR utils.ContainerCache (ContainerCache.java:getDB(137)) - Error opening DB. Container:2 ContainerPath:/opt/src/hadoop-ozone/integration-test/target/test-dir/MiniOzoneClusterImpl-869c8c0d-6a5a-4d77-b402-f67e80feef85/datanode-0/data/containers/hdds/02d1f6b8-f026-4f59-9974-24481a7be2f4/current/containerDir0/2/metadata/2-dn-container.db
java.io.IOException: Failed init RocksDB, db path : /opt/src/hadoop-ozone/integration-test/target/test-dir/MiniOzoneClusterImpl-869c8c0d-6a5a-4d77-b402-f67e80feef85/datanode-0/data/containers/hdds/02d1f6b8-f026-4f59-9974-24481a7be2f4/current/containerDir0/2/metadata/2-dn-container.db
	at org.apache.hadoop.utils.RocksDBStore.<init>(RocksDBStore.java:87)
	at org.apache.hadoop.utils.MetadataStoreBuilder.build(MetadataStoreBuilder.java:137)
	at org.apache.hadoop.ozone.container.common.utils.ContainerCache.getDB(ContainerCache.java:129)
	at org.apache.hadoop.ozone.container.keyvalue.helpers.BlockUtils.getDB(BlockUtils.java:77)
	at org.apache.hadoop.ozone.container.keyvalue.statemachine.background.BlockDeletingService$BlockDeletingTask.call(BlockDeletingService.java:188)
	at org.apache.hadoop.ozone.container.keyvalue.statemachine.background.BlockDeletingService$BlockDeletingTask.call(BlockDeletingService.java:172)
	at java.util.concurrent.FutureTask.run(FutureTask.java:266)
	at java.util.concurrent.Executors$RunnableAdapter.call(Executors.java:511)
	at java.util.concurrent.FutureTask.run(FutureTask.java:266)
	at java.util.concurrent.Executors$RunnableAdapter.call(Executors.java:511)
	at java.util.concurrent.FutureTask.run(FutureTask.java:266)
	at java.util.concurrent.ScheduledThreadPoolExecutor$ScheduledFutureTask.access$201(ScheduledThreadPoolExecutor.java:180)
	at java.util.concurrent.ScheduledThreadPoolExecutor$ScheduledFutureTask.run(ScheduledThreadPoolExecutor.java:293)
	at java.util.concurrent.ThreadPoolExecutor.runWorker(ThreadPoolExecutor.java:1149)
	at java.util.concurrent.ThreadPoolExecutor$Worker.run(ThreadPoolExecutor.java:624)
	at java.lang.Thread.run(Thread.java:748)
Caused by: org.rocksdb.RocksDBException: While mkdir if missing: /opt/src/hadoop-ozone/integration-test/target/test-dir/MiniOzoneClusterImpl-869c8c0d-6a5a-4d77-b402-f67e80feef85/datanode-0/data/containers/hdds/02d1f6b8-f026-4f59-9974-24481a7be2f4/current/containerDir0/2/metadata/2-dn-container.db: No such file or directory
	at org.rocksdb.RocksDB.open(Native Method)
	at org.rocksdb.RocksDB.open(RocksDB.java:231)
	at org.apache.hadoop.utils.RocksDBStore.<init>(RocksDBStore.java:71)
	... 15 more
2019-06-12 13:51:08,601 WARN  utils.BackgroundService (BackgroundService.java:lambda$run$0(135)) - Background task fails to execute, retrying in next interval
java.util.concurrent.ExecutionException: org.apache.hadoop.hdds.scm.container.common.helpers.StorageContainerException: Error opening DB. Container:2 ContainerPath:/opt/src/hadoop-ozone/integration-test/target/test-dir/MiniOzoneClusterImpl-869c8c0d-6a5a-4d77-b402-f67e80feef85/datanode-0/data/containers/hdds/02d1f6b8-f026-4f59-9974-24481a7be2f4/current/containerDir0/2/metadata/2-dn-container.db
	at java.util.concurrent.FutureTask.report(FutureTask.java:122)
	at java.util.concurrent.FutureTask.get(FutureTask.java:206)
	at org.apache.hadoop.utils.BackgroundService$PeriodicalTask.lambda$run$0(BackgroundService.java:129)
	at java.util.stream.ForEachOps$ForEachOp$OfRef.accept(ForEachOps.java:184)
	at java.util.ArrayList$ArrayListSpliterator.forEachRemaining(ArrayList.java:1382)
	at java.util.stream.AbstractPipeline.copyInto(AbstractPipeline.java:482)
	at java.util.stream.ForEachOps$ForEachTask.compute(ForEachOps.java:291)
	at java.util.concurrent.CountedCompleter.exec(CountedCompleter.java:731)
	at java.util.concurrent.ForkJoinTask.doExec(ForkJoinTask.java:289)
	at java.util.concurrent.ForkJoinPool.helpComplete(ForkJoinPool.java:1870)
	at java.util.concurrent.ForkJoinPool.externalHelpComplete(ForkJoinPool.java:2467)
	at java.util.concurrent.ForkJoinTask.externalAwaitDone(ForkJoinTask.java:324)
	at java.util.concurrent.ForkJoinTask.doInvoke(ForkJoinTask.java:405)
	at java.util.concurrent.ForkJoinTask.invoke(ForkJoinTask.java:734)
	at java.util.stream.ForEachOps$ForEachOp.evaluateParallel(ForEachOps.java:160)
	at java.util.stream.ForEachOps$ForEachOp$OfRef.evaluateParallel(ForEachOps.java:174)
	at java.util.stream.AbstractPipeline.evaluate(AbstractPipeline.java:233)
	at java.util.stream.ReferencePipeline.forEach(ReferencePipeline.java:418)
	at java.util.stream.ReferencePipeline$Head.forEach(ReferencePipeline.java:583)
	at org.apache.hadoop.utils.BackgroundService$PeriodicalTask.run(BackgroundService.java:125)
	at java.util.concurrent.Executors$RunnableAdapter.call(Executors.java:511)
	at java.util.concurrent.FutureTask.runAndReset(FutureTask.java:308)
	at java.util.concurrent.ScheduledThreadPoolExecutor$ScheduledFutureTask.access$301(ScheduledThreadPoolExecutor.java:180)
	at java.util.concurrent.ScheduledThreadPoolExecutor$ScheduledFutureTask.run(ScheduledThreadPoolExecutor.java:294)
	at java.util.concurrent.ThreadPoolExecutor.runWorker(ThreadPoolExecutor.java:1149)
	at java.util.concurrent.ThreadPoolExecutor$Worker.run(ThreadPoolExecutor.java:624)
	at java.lang.Thread.run(Thread.java:748)
Caused by: org.apache.hadoop.hdds.scm.container.common.helpers.StorageContainerException: Error opening DB. Container:2 ContainerPath:/opt/src/hadoop-ozone/integration-test/target/test-dir/MiniOzoneClusterImpl-869c8c0d-6a5a-4d77-b402-f67e80feef85/datanode-0/data/containers/hdds/02d1f6b8-f026-4f59-9974-24481a7be2f4/current/containerDir0/2/metadata/2-dn-container.db
	at org.apache.hadoop.ozone.container.keyvalue.helpers.BlockUtils.getDB(BlockUtils.java:84)
	at org.apache.hadoop.ozone.container.keyvalue.statemachine.background.BlockDeletingService$BlockDeletingTask.call(BlockDeletingService.java:188)
	at org.apache.hadoop.ozone.container.keyvalue.statemachine.background.BlockDeletingService$BlockDeletingTask.call(BlockDeletingService.java:172)
	at java.util.concurrent.FutureTask.run(FutureTask.java:266)
	at java.util.concurrent.Executors$RunnableAdapter.call(Executors.java:511)
	at java.util.concurrent.FutureTask.run(FutureTask.java:266)
	at java.util.concurrent.Executors$RunnableAdapter.call(Executors.java:511)
	at java.util.concurrent.FutureTask.run(FutureTask.java:266)
	at java.util.concurrent.ScheduledThreadPoolExecutor$ScheduledFutureTask.access$201(ScheduledThreadPoolExecutor.java:180)
	at java.util.concurrent.ScheduledThreadPoolExecutor$ScheduledFutureTask.run(ScheduledThreadPoolExecutor.java:293)
	... 3 more
2019-06-12 13:51:08,666 INFO  ipc.CallQueueManager (CallQueueManager.java:<init>(84)) - Using callQueue: class java.util.concurrent.LinkedBlockingQueue, queueCapacity: 2000, scheduler: class org.apache.hadoop.ipc.DefaultRpcScheduler, ipcBackoff: false.
2019-06-12 13:51:08,667 INFO  ipc.Server (Server.java:run(1074)) - Starting Socket Reader #1 for port 33393
2019-06-12 13:51:08,679 WARN  scm.ScmUtils (ScmUtils.java:getDBPath(63)) - ozone.om.db.dirs is not configured. We recommend adding this setting. Falling back to ozone.metadata.dirs instead.
2019-06-12 13:51:08,680 INFO  om.OzoneManager (OzoneManager.java:start(1217)) - OzoneManager RPC server is listening at localhost/127.0.0.1:33393
2019-06-12 13:51:08,680 INFO  impl.MetricsSystemImpl (MetricsSystemImpl.java:init(158)) - OzoneManager metrics system started (again)
2019-06-12 13:51:08,680 INFO  ipc.Server (Server.java:run(1314)) - IPC Server Responder: starting
2019-06-12 13:51:08,686 INFO  ipc.Server (Server.java:run(1153)) - IPC Server listener on 33393: starting
2019-06-12 13:51:08,692 INFO  hdfs.DFSUtil (DFSUtil.java:httpServerTemplateForNNAndJN(1641)) - Starting Web-server for ozoneManager at: http://0.0.0.0:0
2019-06-12 13:51:08,693 INFO  server.AuthenticationFilter (AuthenticationFilter.java:constructSecretProvider(240)) - Unable to initialize FileSignerSecretProvider, falling back to use random secrets.
2019-06-12 13:51:08,694 WARN  http.HttpRequestLog (HttpRequestLog.java:getRequestLog(97)) - Jetty request log can only be enabled using Log4j
2019-06-12 13:51:08,695 INFO  http.HttpServer2 (HttpServer2.java:addGlobalFilter(975)) - Added global filter 'safety' (class=org.apache.hadoop.http.HttpServer2$QuotingInputFilter)
2019-06-12 13:51:08,697 INFO  http.HttpServer2 (HttpServer2.java:addFilter(948)) - Added filter static_user_filter (class=org.apache.hadoop.http.lib.StaticUserWebFilter$StaticUserFilter) to context ozoneManager
2019-06-12 13:51:08,697 INFO  http.HttpServer2 (HttpServer2.java:addFilter(958)) - Added filter static_user_filter (class=org.apache.hadoop.http.lib.StaticUserWebFilter$StaticUserFilter) to context static
2019-06-12 13:51:08,697 INFO  http.HttpServer2 (HttpServer2.java:addFilter(958)) - Added filter static_user_filter (class=org.apache.hadoop.http.lib.StaticUserWebFilter$StaticUserFilter) to context logs
2019-06-12 13:51:08,698 INFO  http.HttpServer2 (HttpServer2.java:bindListener(1191)) - Jetty bound to port 39619
2019-06-12 13:51:08,698 INFO  server.Server (Server.java:doStart(351)) - jetty-9.3.24.v20180605, build timestamp: 2018-06-05T17:11:56Z, git hash: 84205aa28f11a4f31f2a3b86d1bba2cc8ab69827
2019-06-12 13:51:08,703 INFO  handler.ContextHandler (ContextHandler.java:doStart(781)) - Started o.e.j.s.ServletContextHandler@2b27c38e{/logs,file:///opt/src/hadoop-ozone/integration-test/target/log,AVAILABLE}
2019-06-12 13:51:08,704 INFO  handler.ContextHandler (ContextHandler.java:doStart(781)) - Started o.e.j.s.ServletContextHandler@47535f70{/static,file:///opt/src/hadoop-ozone/integration-test/target/test-classes/webapps/static,AVAILABLE}
2019-06-12 13:51:08,706 INFO  handler.ContextHandler (ContextHandler.java:doStart(781)) - Started o.e.j.w.WebAppContext@462a6c47{/,file:///opt/src/hadoop-ozone/integration-test/target/test-classes/webapps/ozoneManager/,AVAILABLE}{/ozoneManager}
2019-06-12 13:51:08,706 INFO  server.AbstractConnector (AbstractConnector.java:doStart(278)) - Started ServerConnector@123a17f3{HTTP/1.1,[http/1.1]}{0.0.0.0:39619}
2019-06-12 13:51:08,707 INFO  server.Server (Server.java:doStart(419)) - Started @34316ms
2019-06-12 13:51:08,708 INFO  server.BaseHttpServer (BaseHttpServer.java:updateConnectorAddress(207)) - HTTP server of OZONEMANAGER is listening at http://0.0.0.0:39619
2019-06-12 13:51:08,710 INFO  impl.MetricsSystemImpl (MetricsSystemImpl.java:init(158)) - HddsDatanode metrics system started (again)
2019-06-12 13:51:08,710 INFO  ozone.HddsDatanodeService (HddsDatanodeService.java:start(185)) - HddsDatanodeService host:ozone-5qnff-1533938733 ip:192.168.11.194
2019-06-12 13:51:08,717 INFO  volume.HddsVolume (HddsVolume.java:<init>(176)) - Creating Volume: /opt/src/hadoop-ozone/integration-test/target/test-dir/MiniOzoneClusterImpl-b1433431-c9d1-45b3-b147-9c88bad5eba8/datanode-0/data/containers/hdds of  storage type : DISK and capacity : 104021790720
2019-06-12 13:51:08,717 INFO  volume.VolumeSet (VolumeSet.java:initializeVolumeSet(170)) - Added Volume : /opt/src/hadoop-ozone/integration-test/target/test-dir/MiniOzoneClusterImpl-b1433431-c9d1-45b3-b147-9c88bad5eba8/datanode-0/data/containers/hdds to VolumeSet
2019-06-12 13:51:08,718 INFO  volume.ThrottledAsyncChecker (ThrottledAsyncChecker.java:schedule(140)) - Scheduling a check for org.apache.hadoop.ozone.container.common.volume.HddsVolume@57b098d6
2019-06-12 13:51:08,718 INFO  volume.HddsVolumeChecker (HddsVolumeChecker.java:checkAllVolumes(203)) - Scheduled health check for volume org.apache.hadoop.ozone.container.common.volume.HddsVolume@57b098d6
2019-06-12 13:51:08,732 INFO  ratis.XceiverServerRatis (XceiverServerRatis.java:newXceiverServerRatis(401)) - Found a free port for the server : 38437
2019-06-12 13:51:08,732 INFO  impl.RaftServerProxy (ConfUtils.java:logGet(43)) - raft.rpc.type = GRPC (default)
2019-06-12 13:51:08,733 INFO  grpc.GrpcConfigKeys$Server (ConfUtils.java:logGet(43)) - raft.grpc.server.port = 38437 (custom)
2019-06-12 13:51:08,733 INFO  server.GrpcService (ConfUtils.java:logGet(43)) - raft.grpc.message.size.max = 33570816 (custom)
2019-06-12 13:51:08,733 INFO  server.RaftServerConfigKeys (ConfUtils.java:logGet(43)) - raft.server.log.appender.buffer.byte-limit = 33554432 (custom)
2019-06-12 13:51:08,733 INFO  server.GrpcService (ConfUtils.java:logGet(43)) - raft.grpc.flow.control.window = 1MB (=1048576) (default)
2019-06-12 13:51:08,733 INFO  server.RaftServerConfigKeys (ConfUtils.java:logGet(43)) - raft.server.rpc.request.timeout = 3000ms (default)
2019-06-12 13:51:08,734 INFO  server.RaftServerConfigKeys (ConfUtils.java:logGet(43)) - raft.server.storage.dir = [/opt/src/hadoop-ozone/integration-test/target/test-dir/MiniOzoneClusterImpl-b1433431-c9d1-45b3-b147-9c88bad5eba8/datanode-0/data/ratis] (custom)
2019-06-12 13:51:08,734 INFO  server.XceiverServerGrpc (XceiverServerGrpc.java:<init>(97)) - Found a free port for the server : 34659
2019-06-12 13:51:08,734 INFO  replication.SimpleContainerDownloader (SimpleContainerDownloader.java:<init>(72)) - Starting container downloader service to copy containers to replicate.
2019-06-12 13:51:08,735 INFO  hdfs.DFSUtil (DFSUtil.java:httpServerTemplateForNNAndJN(1641)) - Starting Web-server for hddsDatanode at: http://0.0.0.0:0
2019-06-12 13:51:08,736 INFO  server.AuthenticationFilter (AuthenticationFilter.java:constructSecretProvider(240)) - Unable to initialize FileSignerSecretProvider, falling back to use random secrets.
2019-06-12 13:51:08,737 WARN  http.HttpRequestLog (HttpRequestLog.java:getRequestLog(97)) - Jetty request log can only be enabled using Log4j
2019-06-12 13:51:08,738 INFO  http.HttpServer2 (HttpServer2.java:addGlobalFilter(975)) - Added global filter 'safety' (class=org.apache.hadoop.http.HttpServer2$QuotingInputFilter)
2019-06-12 13:51:08,739 INFO  http.HttpServer2 (HttpServer2.java:addFilter(948)) - Added filter static_user_filter (class=org.apache.hadoop.http.lib.StaticUserWebFilter$StaticUserFilter) to context hddsDatanode
2019-06-12 13:51:08,739 INFO  http.HttpServer2 (HttpServer2.java:addFilter(958)) - Added filter static_user_filter (class=org.apache.hadoop.http.lib.StaticUserWebFilter$StaticUserFilter) to context static
2019-06-12 13:51:08,739 INFO  http.HttpServer2 (HttpServer2.java:addFilter(958)) - Added filter static_user_filter (class=org.apache.hadoop.http.lib.StaticUserWebFilter$StaticUserFilter) to context logs
2019-06-12 13:51:08,740 INFO  http.HttpServer2 (HttpServer2.java:bindListener(1191)) - Jetty bound to port 42823
2019-06-12 13:51:08,740 INFO  server.Server (Server.java:doStart(351)) - jetty-9.3.24.v20180605, build timestamp: 2018-06-05T17:11:56Z, git hash: 84205aa28f11a4f31f2a3b86d1bba2cc8ab69827
2019-06-12 13:51:08,744 INFO  handler.ContextHandler (ContextHandler.java:doStart(781)) - Started o.e.j.s.ServletContextHandler@2e21ce9f{/logs,file:///opt/src/hadoop-ozone/integration-test/target/log,AVAILABLE}
2019-06-12 13:51:08,745 INFO  handler.ContextHandler (ContextHandler.java:doStart(781)) - Started o.e.j.s.ServletContextHandler@21cbc1b0{/static,jar:file:/root/.m2/repository/org/apache/hadoop/hadoop-hdds-container-service/0.5.0-SNAPSHOT/hadoop-hdds-container-service-0.5.0-SNAPSHOT.jar!/webapps/static,AVAILABLE}
2019-06-12 13:51:08,768 INFO  handler.ContextHandler (ContextHandler.java:doStart(781)) - Started o.e.j.w.WebAppContext@6d66459d{/,file:///tmp/jetty-0.0.0.0-42823-hddsDatanode-_-any-8158666826506979066.dir/webapp/,AVAILABLE}{/hddsDatanode}
2019-06-12 13:51:08,769 INFO  server.AbstractConnector (AbstractConnector.java:doStart(278)) - Started ServerConnector@549ed005{HTTP/1.1,[http/1.1]}{0.0.0.0:42823}
2019-06-12 13:51:08,770 INFO  server.Server (Server.java:doStart(419)) - Started @34379ms
2019-06-12 13:51:08,771 INFO  server.BaseHttpServer (BaseHttpServer.java:updateConnectorAddress(207)) - HTTP server of HDDSDATANODE is listening at http://0.0.0.0:42823
2019-06-12 13:51:08,858 INFO  ozone.HddsDatanodeService (HddsDatanodeService.java:startPlugins(396)) - Started plug-in org.apache.hadoop.ozone.web.OzoneHddsDatanodeService@6af2045f
2019-06-12 13:51:08,858 INFO  ozone.MiniOzoneClusterImpl (MiniOzoneClusterImpl.java:lambda$waitForClusterToBeReady$0(142)) - Waiting for cluster to be ready. Got 0 of 1 DN Heartbeats.
2019-06-12 13:51:08,861 INFO  datanode.InitDatanodeState (InitDatanodeState.java:persistContainerDatanodeDetails(140)) - DatanodeDetails is persisted to /opt/src/hadoop-ozone/integration-test/target/test-dir/MiniOzoneClusterImpl-b1433431-c9d1-45b3-b147-9c88bad5eba8/datanode-0/meta/datanode.id
2019-06-12 13:51:08,863 INFO  util.JvmPauseMonitor (JvmPauseMonitor.java:run(188)) - Starting JVM pause monitor
2019-06-12 13:51:09,602 INFO  background.BlockDeletingService (BlockDeletingService.java:getTasks(123)) - Plan to choose 10 containers for block deletion, actually returns 5 valid containers.
2019-06-12 13:51:09,602 ERROR utils.ContainerCache (ContainerCache.java:getDB(137)) - Error opening DB. Container:1 ContainerPath:/opt/src/hadoop-ozone/integration-test/target/test-dir/MiniOzoneClusterImpl-869c8c0d-6a5a-4d77-b402-f67e80feef85/datanode-0/data/containers/hdds/02d1f6b8-f026-4f59-9974-24481a7be2f4/current/containerDir0/1/metadata/1-dn-container.db
java.io.IOException: Failed init RocksDB, db path : /opt/src/hadoop-ozone/integration-test/target/test-dir/MiniOzoneClusterImpl-869c8c0d-6a5a-4d77-b402-f67e80feef85/datanode-0/data/containers/hdds/02d1f6b8-f026-4f59-9974-24481a7be2f4/current/containerDir0/1/metadata/1-dn-container.db
	at org.apache.hadoop.utils.RocksDBStore.<init>(RocksDBStore.java:87)
	at org.apache.hadoop.utils.MetadataStoreBuilder.build(MetadataStoreBuilder.java:137)
	at org.apache.hadoop.ozone.container.common.utils.ContainerCache.getDB(ContainerCache.java:129)
	at org.apache.hadoop.ozone.container.keyvalue.helpers.BlockUtils.getDB(BlockUtils.java:77)
	at org.apache.hadoop.ozone.container.keyvalue.statemachine.background.BlockDeletingService$BlockDeletingTask.call(BlockDeletingService.java:188)
	at org.apache.hadoop.ozone.container.keyvalue.statemachine.background.BlockDeletingService$BlockDeletingTask.call(BlockDeletingService.java:172)
	at java.util.concurrent.FutureTask.run(FutureTask.java:266)
	at java.util.concurrent.Executors$RunnableAdapter.call(Executors.java:511)
	at java.util.concurrent.FutureTask.run(FutureTask.java:266)
	at java.util.concurrent.Executors$RunnableAdapter.call(Executors.java:511)
	at java.util.concurrent.FutureTask.run(FutureTask.java:266)
	at java.util.concurrent.ScheduledThreadPoolExecutor$ScheduledFutureTask.access$201(ScheduledThreadPoolExecutor.java:180)
	at java.util.concurrent.ScheduledThreadPoolExecutor$ScheduledFutureTask.run(ScheduledThreadPoolExecutor.java:293)
	at java.util.concurrent.ThreadPoolExecutor.runWorker(ThreadPoolExecutor.java:1149)
	at java.util.concurrent.ThreadPoolExecutor$Worker.run(ThreadPoolExecutor.java:624)
	at java.lang.Thread.run(Thread.java:748)
Caused by: org.rocksdb.RocksDBException: While mkdir if missing: /opt/src/hadoop-ozone/integration-test/target/test-dir/MiniOzoneClusterImpl-869c8c0d-6a5a-4d77-b402-f67e80feef85/datanode-0/data/containers/hdds/02d1f6b8-f026-4f59-9974-24481a7be2f4/current/containerDir0/1/metadata/1-dn-container.db: No such file or directory
	at org.rocksdb.RocksDB.open(Native Method)
	at org.rocksdb.RocksDB.open(RocksDB.java:231)
	at org.apache.hadoop.utils.RocksDBStore.<init>(RocksDBStore.java:71)
	... 15 more
2019-06-12 13:51:09,603 ERROR utils.ContainerCache (ContainerCache.java:getDB(137)) - Error opening DB. Container:5 ContainerPath:/opt/src/hadoop-ozone/integration-test/target/test-dir/MiniOzoneClusterImpl-869c8c0d-6a5a-4d77-b402-f67e80feef85/datanode-0/data/containers/hdds/02d1f6b8-f026-4f59-9974-24481a7be2f4/current/containerDir0/5/metadata/5-dn-container.db
java.io.IOException: Failed init RocksDB, db path : /opt/src/hadoop-ozone/integration-test/target/test-dir/MiniOzoneClusterImpl-869c8c0d-6a5a-4d77-b402-f67e80feef85/datanode-0/data/containers/hdds/02d1f6b8-f026-4f59-9974-24481a7be2f4/current/containerDir0/5/metadata/5-dn-container.db
	at org.apache.hadoop.utils.RocksDBStore.<init>(RocksDBStore.java:87)
	at org.apache.hadoop.utils.MetadataStoreBuilder.build(MetadataStoreBuilder.java:137)
	at org.apache.hadoop.ozone.container.common.utils.ContainerCache.getDB(ContainerCache.java:129)
	at org.apache.hadoop.ozone.container.keyvalue.helpers.BlockUtils.getDB(BlockUtils.java:77)
	at org.apache.hadoop.ozone.container.keyvalue.statemachine.background.BlockDeletingService$BlockDeletingTask.call(BlockDeletingService.java:188)
	at org.apache.hadoop.ozone.container.keyvalue.statemachine.background.BlockDeletingService$BlockDeletingTask.call(BlockDeletingService.java:172)
	at java.util.concurrent.FutureTask.run(FutureTask.java:266)
	at java.util.concurrent.Executors$RunnableAdapter.call(Executors.java:511)
	at java.util.concurrent.FutureTask.run(FutureTask.java:266)
	at java.util.concurrent.Executors$RunnableAdapter.call(Executors.java:511)
	at java.util.concurrent.FutureTask.run(FutureTask.java:266)
	at java.util.concurrent.ScheduledThreadPoolExecutor$ScheduledFutureTask.access$201(ScheduledThreadPoolExecutor.java:180)
	at java.util.concurrent.ScheduledThreadPoolExecutor$ScheduledFutureTask.run(ScheduledThreadPoolExecutor.java:293)
	at java.util.concurrent.ThreadPoolExecutor.runWorker(ThreadPoolExecutor.java:1149)
	at java.util.concurrent.ThreadPoolExecutor$Worker.run(ThreadPoolExecutor.java:624)
	at java.lang.Thread.run(Thread.java:748)
Caused by: org.rocksdb.RocksDBException: While mkdir if missing: /opt/src/hadoop-ozone/integration-test/target/test-dir/MiniOzoneClusterImpl-869c8c0d-6a5a-4d77-b402-f67e80feef85/datanode-0/data/containers/hdds/02d1f6b8-f026-4f59-9974-24481a7be2f4/current/containerDir0/5/metadata/5-dn-container.db: No such file or directory
	at org.rocksdb.RocksDB.open(Native Method)
	at org.rocksdb.RocksDB.open(RocksDB.java:231)
	at org.apache.hadoop.utils.RocksDBStore.<init>(RocksDBStore.java:71)
	... 15 more
2019-06-12 13:51:09,603 WARN  utils.BackgroundService (BackgroundService.java:lambda$run$0(135)) - Background task fails to execute, retrying in next interval
java.util.concurrent.ExecutionException: org.apache.hadoop.hdds.scm.container.common.helpers.StorageContainerException: Error opening DB. Container:5 ContainerPath:/opt/src/hadoop-ozone/integration-test/target/test-dir/MiniOzoneClusterImpl-869c8c0d-6a5a-4d77-b402-f67e80feef85/datanode-0/data/containers/hdds/02d1f6b8-f026-4f59-9974-24481a7be2f4/current/containerDir0/5/metadata/5-dn-container.db
	at java.util.concurrent.FutureTask.report(FutureTask.java:122)
	at java.util.concurrent.FutureTask.get(FutureTask.java:206)
	at org.apache.hadoop.utils.BackgroundService$PeriodicalTask.lambda$run$0(BackgroundService.java:129)
	at java.util.stream.ForEachOps$ForEachOp$OfRef.accept(ForEachOps.java:184)
	at java.util.ArrayList$ArrayListSpliterator.forEachRemaining(ArrayList.java:1382)
	at java.util.stream.AbstractPipeline.copyInto(AbstractPipeline.java:482)
	at java.util.stream.ForEachOps$ForEachTask.compute(ForEachOps.java:291)
	at java.util.concurrent.CountedCompleter.exec(CountedCompleter.java:731)
	at java.util.concurrent.ForkJoinTask.doExec(ForkJoinTask.java:289)
	at java.util.concurrent.ForkJoinPool$WorkQueue.runTask(ForkJoinPool.java:1056)
	at java.util.concurrent.ForkJoinPool.runWorker(ForkJoinPool.java:1692)
	at java.util.concurrent.ForkJoinWorkerThread.run(ForkJoinWorkerThread.java:157)
Caused by: org.apache.hadoop.hdds.scm.container.common.helpers.StorageContainerException: Error opening DB. Container:5 ContainerPath:/opt/src/hadoop-ozone/integration-test/target/test-dir/MiniOzoneClusterImpl-869c8c0d-6a5a-4d77-b402-f67e80feef85/datanode-0/data/containers/hdds/02d1f6b8-f026-4f59-9974-24481a7be2f4/current/containerDir0/5/metadata/5-dn-container.db
	at org.apache.hadoop.ozone.container.keyvalue.helpers.BlockUtils.getDB(BlockUtils.java:84)
	at org.apache.hadoop.ozone.container.keyvalue.statemachine.background.BlockDeletingService$BlockDeletingTask.call(BlockDeletingService.java:188)
	at org.apache.hadoop.ozone.container.keyvalue.statemachine.background.BlockDeletingService$BlockDeletingTask.call(BlockDeletingService.java:172)
	at java.util.concurrent.FutureTask.run(FutureTask.java:266)
	at java.util.concurrent.Executors$RunnableAdapter.call(Executors.java:511)
	at java.util.concurrent.FutureTask.run(FutureTask.java:266)
	at java.util.concurrent.Executors$RunnableAdapter.call(Executors.java:511)
	at java.util.concurrent.FutureTask.run(FutureTask.java:266)
	at java.util.concurrent.ScheduledThreadPoolExecutor$ScheduledFutureTask.access$201(ScheduledThreadPoolExecutor.java:180)
	at java.util.concurrent.ScheduledThreadPoolExecutor$ScheduledFutureTask.run(ScheduledThreadPoolExecutor.java:293)
	at java.util.concurrent.ThreadPoolExecutor.runWorker(ThreadPoolExecutor.java:1149)
	at java.util.concurrent.ThreadPoolExecutor$Worker.run(ThreadPoolExecutor.java:624)
	at java.lang.Thread.run(Thread.java:748)
2019-06-12 13:51:09,603 ERROR utils.ContainerCache (ContainerCache.java:getDB(137)) - Error opening DB. Container:4 ContainerPath:/opt/src/hadoop-ozone/integration-test/target/test-dir/MiniOzoneClusterImpl-869c8c0d-6a5a-4d77-b402-f67e80feef85/datanode-0/data/containers/hdds/02d1f6b8-f026-4f59-9974-24481a7be2f4/current/containerDir0/4/metadata/4-dn-container.db
java.io.IOException: Failed init RocksDB, db path : /opt/src/hadoop-ozone/integration-test/target/test-dir/MiniOzoneClusterImpl-869c8c0d-6a5a-4d77-b402-f67e80feef85/datanode-0/data/containers/hdds/02d1f6b8-f026-4f59-9974-24481a7be2f4/current/containerDir0/4/metadata/4-dn-container.db
	at org.apache.hadoop.utils.RocksDBStore.<init>(RocksDBStore.java:87)
	at org.apache.hadoop.utils.MetadataStoreBuilder.build(MetadataStoreBuilder.java:137)
	at org.apache.hadoop.ozone.container.common.utils.ContainerCache.getDB(ContainerCache.java:129)
	at org.apache.hadoop.ozone.container.keyvalue.helpers.BlockUtils.getDB(BlockUtils.java:77)
	at org.apache.hadoop.ozone.container.keyvalue.statemachine.background.BlockDeletingService$BlockDeletingTask.call(BlockDeletingService.java:188)
	at org.apache.hadoop.ozone.container.keyvalue.statemachine.background.BlockDeletingService$BlockDeletingTask.call(BlockDeletingService.java:172)
	at java.util.concurrent.FutureTask.run(FutureTask.java:266)
	at java.util.concurrent.Executors$RunnableAdapter.call(Executors.java:511)
	at java.util.concurrent.FutureTask.run(FutureTask.java:266)
	at java.util.concurrent.Executors$RunnableAdapter.call(Executors.java:511)
	at java.util.concurrent.FutureTask.run(FutureTask.java:266)
	at java.util.concurrent.ScheduledThreadPoolExecutor$ScheduledFutureTask.access$201(ScheduledThreadPoolExecutor.java:180)
	at java.util.concurrent.ScheduledThreadPoolExecutor$ScheduledFutureTask.run(ScheduledThreadPoolExecutor.java:293)
	at java.util.concurrent.ThreadPoolExecutor.runWorker(ThreadPoolExecutor.java:1149)
	at java.util.concurrent.ThreadPoolExecutor$Worker.run(ThreadPoolExecutor.java:624)
	at java.lang.Thread.run(Thread.java:748)
Caused by: org.rocksdb.RocksDBException: While mkdir if missing: /opt/src/hadoop-ozone/integration-test/target/test-dir/MiniOzoneClusterImpl-869c8c0d-6a5a-4d77-b402-f67e80feef85/datanode-0/data/containers/hdds/02d1f6b8-f026-4f59-9974-24481a7be2f4/current/containerDir0/4/metadata/4-dn-container.db: No such file or directory
	at org.rocksdb.RocksDB.open(Native Method)
	at org.rocksdb.RocksDB.open(RocksDB.java:231)
	at org.apache.hadoop.utils.RocksDBStore.<init>(RocksDBStore.java:71)
	... 15 more
2019-06-12 13:51:09,603 WARN  utils.BackgroundService (BackgroundService.java:lambda$run$0(135)) - Background task fails to execute, retrying in next interval
java.util.concurrent.ExecutionException: org.apache.hadoop.hdds.scm.container.common.helpers.StorageContainerException: Error opening DB. Container:1 ContainerPath:/opt/src/hadoop-ozone/integration-test/target/test-dir/MiniOzoneClusterImpl-869c8c0d-6a5a-4d77-b402-f67e80feef85/datanode-0/data/containers/hdds/02d1f6b8-f026-4f59-9974-24481a7be2f4/current/containerDir0/1/metadata/1-dn-container.db
	at java.util.concurrent.FutureTask.report(FutureTask.java:122)
	at java.util.concurrent.FutureTask.get(FutureTask.java:206)
	at org.apache.hadoop.utils.BackgroundService$PeriodicalTask.lambda$run$0(BackgroundService.java:129)
	at java.util.stream.ForEachOps$ForEachOp$OfRef.accept(ForEachOps.java:184)
	at java.util.ArrayList$ArrayListSpliterator.forEachRemaining(ArrayList.java:1382)
	at java.util.stream.AbstractPipeline.copyInto(AbstractPipeline.java:482)
	at java.util.stream.ForEachOps$ForEachTask.compute(ForEachOps.java:291)
	at java.util.concurrent.CountedCompleter.exec(CountedCompleter.java:731)
	at java.util.concurrent.ForkJoinTask.doExec(ForkJoinTask.java:289)
	at java.util.concurrent.ForkJoinPool$WorkQueue.execLocalTasks(ForkJoinPool.java:1040)
	at java.util.concurrent.ForkJoinPool$WorkQueue.runTask(ForkJoinPool.java:1058)
	at java.util.concurrent.ForkJoinPool.runWorker(ForkJoinPool.java:1692)
	at java.util.concurrent.ForkJoinWorkerThread.run(ForkJoinWorkerThread.java:157)
Caused by: org.apache.hadoop.hdds.scm.container.common.helpers.StorageContainerException: Error opening DB. Container:1 ContainerPath:/opt/src/hadoop-ozone/integration-test/target/test-dir/MiniOzoneClusterImpl-869c8c0d-6a5a-4d77-b402-f67e80feef85/datanode-0/data/containers/hdds/02d1f6b8-f026-4f59-9974-24481a7be2f4/current/containerDir0/1/metadata/1-dn-container.db
	at org.apache.hadoop.ozone.container.keyvalue.helpers.BlockUtils.getDB(BlockUtils.java:84)
	at org.apache.hadoop.ozone.container.keyvalue.statemachine.background.BlockDeletingService$BlockDeletingTask.call(BlockDeletingService.java:188)
	at org.apache.hadoop.ozone.container.keyvalue.statemachine.background.BlockDeletingService$BlockDeletingTask.call(BlockDeletingService.java:172)
	at java.util.concurrent.FutureTask.run(FutureTask.java:266)
	at java.util.concurrent.Executors$RunnableAdapter.call(Executors.java:511)
	at java.util.concurrent.FutureTask.run(FutureTask.java:266)
	at java.util.concurrent.Executors$RunnableAdapter.call(Executors.java:511)
	at java.util.concurrent.FutureTask.run(FutureTask.java:266)
	at java.util.concurrent.ScheduledThreadPoolExecutor$ScheduledFutureTask.access$201(ScheduledThreadPoolExecutor.java:180)
	at java.util.concurrent.ScheduledThreadPoolExecutor$ScheduledFutureTask.run(ScheduledThreadPoolExecutor.java:293)
	at java.util.concurrent.ThreadPoolExecutor.runWorker(ThreadPoolExecutor.java:1149)
	at java.util.concurrent.ThreadPoolExecutor$Worker.run(ThreadPoolExecutor.java:624)
	at java.lang.Thread.run(Thread.java:748)
2019-06-12 13:51:09,604 ERROR utils.ContainerCache (ContainerCache.java:getDB(137)) - Error opening DB. Container:3 ContainerPath:/opt/src/hadoop-ozone/integration-test/target/test-dir/MiniOzoneClusterImpl-869c8c0d-6a5a-4d77-b402-f67e80feef85/datanode-0/data/containers/hdds/02d1f6b8-f026-4f59-9974-24481a7be2f4/current/containerDir0/3/metadata/3-dn-container.db
java.io.IOException: Failed init RocksDB, db path : /opt/src/hadoop-ozone/integration-test/target/test-dir/MiniOzoneClusterImpl-869c8c0d-6a5a-4d77-b402-f67e80feef85/datanode-0/data/containers/hdds/02d1f6b8-f026-4f59-9974-24481a7be2f4/current/containerDir0/3/metadata/3-dn-container.db
	at org.apache.hadoop.utils.RocksDBStore.<init>(RocksDBStore.java:87)
	at org.apache.hadoop.utils.MetadataStoreBuilder.build(MetadataStoreBuilder.java:137)
	at org.apache.hadoop.ozone.container.common.utils.ContainerCache.getDB(ContainerCache.java:129)
	at org.apache.hadoop.ozone.container.keyvalue.helpers.BlockUtils.getDB(BlockUtils.java:77)
	at org.apache.hadoop.ozone.container.keyvalue.statemachine.background.BlockDeletingService$BlockDeletingTask.call(BlockDeletingService.java:188)
	at org.apache.hadoop.ozone.container.keyvalue.statemachine.background.BlockDeletingService$BlockDeletingTask.call(BlockDeletingService.java:172)
	at java.util.concurrent.FutureTask.run(FutureTask.java:266)
	at java.util.concurrent.Executors$RunnableAdapter.call(Executors.java:511)
	at java.util.concurrent.FutureTask.run(FutureTask.java:266)
	at java.util.concurrent.Executors$RunnableAdapter.call(Executors.java:511)
	at java.util.concurrent.FutureTask.run(FutureTask.java:266)
	at java.util.concurrent.ScheduledThreadPoolExecutor$ScheduledFutureTask.access$201(ScheduledThreadPoolExecutor.java:180)
	at java.util.concurrent.ScheduledThreadPoolExecutor$ScheduledFutureTask.run(ScheduledThreadPoolExecutor.java:293)
	at java.util.concurrent.ThreadPoolExecutor.runWorker(ThreadPoolExecutor.java:1149)
	at java.util.concurrent.ThreadPoolExecutor$Worker.run(ThreadPoolExecutor.java:624)
	at java.lang.Thread.run(Thread.java:748)
Caused by: org.rocksdb.RocksDBException: While mkdir if missing: /opt/src/hadoop-ozone/integration-test/target/test-dir/MiniOzoneClusterImpl-869c8c0d-6a5a-4d77-b402-f67e80feef85/datanode-0/data/containers/hdds/02d1f6b8-f026-4f59-9974-24481a7be2f4/current/containerDir0/3/metadata/3-dn-container.db: No such file or directory
	at org.rocksdb.RocksDB.open(Native Method)
	at org.rocksdb.RocksDB.open(RocksDB.java:231)
	at org.apache.hadoop.utils.RocksDBStore.<init>(RocksDBStore.java:71)
	... 15 more
2019-06-12 13:51:09,604 WARN  utils.BackgroundService (BackgroundService.java:lambda$run$0(135)) - Background task fails to execute, retrying in next interval
java.util.concurrent.ExecutionException: org.apache.hadoop.hdds.scm.container.common.helpers.StorageContainerException: Error opening DB. Container:4 ContainerPath:/opt/src/hadoop-ozone/integration-test/target/test-dir/MiniOzoneClusterImpl-869c8c0d-6a5a-4d77-b402-f67e80feef85/datanode-0/data/containers/hdds/02d1f6b8-f026-4f59-9974-24481a7be2f4/current/containerDir0/4/metadata/4-dn-container.db
	at java.util.concurrent.FutureTask.report(FutureTask.java:122)
	at java.util.concurrent.FutureTask.get(FutureTask.java:206)
	at org.apache.hadoop.utils.BackgroundService$PeriodicalTask.lambda$run$0(BackgroundService.java:129)
	at java.util.stream.ForEachOps$ForEachOp$OfRef.accept(ForEachOps.java:184)
	at java.util.ArrayList$ArrayListSpliterator.forEachRemaining(ArrayList.java:1382)
	at java.util.stream.AbstractPipeline.copyInto(AbstractPipeline.java:482)
	at java.util.stream.ForEachOps$ForEachTask.compute(ForEachOps.java:291)
	at java.util.concurrent.CountedCompleter.exec(CountedCompleter.java:731)
	at java.util.concurrent.ForkJoinTask.doExec(ForkJoinTask.java:289)
	at java.util.concurrent.ForkJoinTask.doInvoke(ForkJoinTask.java:401)
	at java.util.concurrent.ForkJoinTask.invoke(ForkJoinTask.java:734)
	at java.util.stream.ForEachOps$ForEachOp.evaluateParallel(ForEachOps.java:160)
	at java.util.stream.ForEachOps$ForEachOp$OfRef.evaluateParallel(ForEachOps.java:174)
	at java.util.stream.AbstractPipeline.evaluate(AbstractPipeline.java:233)
	at java.util.stream.ReferencePipeline.forEach(ReferencePipeline.java:418)
	at java.util.stream.ReferencePipeline$Head.forEach(ReferencePipeline.java:583)
	at org.apache.hadoop.utils.BackgroundService$PeriodicalTask.run(BackgroundService.java:125)
	at java.util.concurrent.Executors$RunnableAdapter.call(Executors.java:511)
	at java.util.concurrent.FutureTask.runAndReset(FutureTask.java:308)
	at java.util.concurrent.ScheduledThreadPoolExecutor$ScheduledFutureTask.access$301(ScheduledThreadPoolExecutor.java:180)
	at java.util.concurrent.ScheduledThreadPoolExecutor$ScheduledFutureTask.run(ScheduledThreadPoolExecutor.java:294)
	at java.util.concurrent.ThreadPoolExecutor.runWorker(ThreadPoolExecutor.java:1149)
	at java.util.concurrent.ThreadPoolExecutor$Worker.run(ThreadPoolExecutor.java:624)
	at java.lang.Thread.run(Thread.java:748)
Caused by: org.apache.hadoop.hdds.scm.container.common.helpers.StorageContainerException: Error opening DB. Container:4 ContainerPath:/opt/src/hadoop-ozone/integration-test/target/test-dir/MiniOzoneClusterImpl-869c8c0d-6a5a-4d77-b402-f67e80feef85/datanode-0/data/containers/hdds/02d1f6b8-f026-4f59-9974-24481a7be2f4/current/containerDir0/4/metadata/4-dn-container.db
	at org.apache.hadoop.ozone.container.keyvalue.helpers.BlockUtils.getDB(BlockUtils.java:84)
	at org.apache.hadoop.ozone.container.keyvalue.statemachine.background.BlockDeletingService$BlockDeletingTask.call(BlockDeletingService.java:188)
	at org.apache.hadoop.ozone.container.keyvalue.statemachine.background.BlockDeletingService$BlockDeletingTask.call(BlockDeletingService.java:172)
	at java.util.concurrent.FutureTask.run(FutureTask.java:266)
	at java.util.concurrent.Executors$RunnableAdapter.call(Executors.java:511)
	at java.util.concurrent.FutureTask.run(FutureTask.java:266)
	at java.util.concurrent.Executors$RunnableAdapter.call(Executors.java:511)
	at java.util.concurrent.FutureTask.run(FutureTask.java:266)
	at java.util.concurrent.ScheduledThreadPoolExecutor$ScheduledFutureTask.access$201(ScheduledThreadPoolExecutor.java:180)
	at java.util.concurrent.ScheduledThreadPoolExecutor$ScheduledFutureTask.run(ScheduledThreadPoolExecutor.java:293)
	... 3 more
2019-06-12 13:51:09,604 ERROR utils.ContainerCache (ContainerCache.java:getDB(137)) - Error opening DB. Container:2 ContainerPath:/opt/src/hadoop-ozone/integration-test/target/test-dir/MiniOzoneClusterImpl-869c8c0d-6a5a-4d77-b402-f67e80feef85/datanode-0/data/containers/hdds/02d1f6b8-f026-4f59-9974-24481a7be2f4/current/containerDir0/2/metadata/2-dn-container.db
java.io.IOException: Failed init RocksDB, db path : /opt/src/hadoop-ozone/integration-test/target/test-dir/MiniOzoneClusterImpl-869c8c0d-6a5a-4d77-b402-f67e80feef85/datanode-0/data/containers/hdds/02d1f6b8-f026-4f59-9974-24481a7be2f4/current/containerDir0/2/metadata/2-dn-container.db
	at org.apache.hadoop.utils.RocksDBStore.<init>(RocksDBStore.java:87)
	at org.apache.hadoop.utils.MetadataStoreBuilder.build(MetadataStoreBuilder.java:137)
	at org.apache.hadoop.ozone.container.common.utils.ContainerCache.getDB(ContainerCache.java:129)
	at org.apache.hadoop.ozone.container.keyvalue.helpers.BlockUtils.getDB(BlockUtils.java:77)
	at org.apache.hadoop.ozone.container.keyvalue.statemachine.background.BlockDeletingService$BlockDeletingTask.call(BlockDeletingService.java:188)
	at org.apache.hadoop.ozone.container.keyvalue.statemachine.background.BlockDeletingService$BlockDeletingTask.call(BlockDeletingService.java:172)
	at java.util.concurrent.FutureTask.run(FutureTask.java:266)
	at java.util.concurrent.Executors$RunnableAdapter.call(Executors.java:511)
	at java.util.concurrent.FutureTask.run(FutureTask.java:266)
	at java.util.concurrent.Executors$RunnableAdapter.call(Executors.java:511)
	at java.util.concurrent.FutureTask.run(FutureTask.java:266)
	at java.util.concurrent.ScheduledThreadPoolExecutor$ScheduledFutureTask.access$201(ScheduledThreadPoolExecutor.java:180)
	at java.util.concurrent.ScheduledThreadPoolExecutor$ScheduledFutureTask.run(ScheduledThreadPoolExecutor.java:293)
	at java.util.concurrent.ThreadPoolExecutor.runWorker(ThreadPoolExecutor.java:1149)
	at java.util.concurrent.ThreadPoolExecutor$Worker.run(ThreadPoolExecutor.java:624)
	at java.lang.Thread.run(Thread.java:748)
Caused by: org.rocksdb.RocksDBException: While mkdir if missing: /opt/src/hadoop-ozone/integration-test/target/test-dir/MiniOzoneClusterImpl-869c8c0d-6a5a-4d77-b402-f67e80feef85/datanode-0/data/containers/hdds/02d1f6b8-f026-4f59-9974-24481a7be2f4/current/containerDir0/2/metadata/2-dn-container.db: No such file or directory
	at org.rocksdb.RocksDB.open(Native Method)
	at org.rocksdb.RocksDB.open(RocksDB.java:231)
	at org.apache.hadoop.utils.RocksDBStore.<init>(RocksDBStore.java:71)
	... 15 more
2019-06-12 13:51:09,604 WARN  utils.BackgroundService (BackgroundService.java:lambda$run$0(135)) - Background task fails to execute, retrying in next interval
java.util.concurrent.ExecutionException: org.apache.hadoop.hdds.scm.container.common.helpers.StorageContainerException: Error opening DB. Container:3 ContainerPath:/opt/src/hadoop-ozone/integration-test/target/test-dir/MiniOzoneClusterImpl-869c8c0d-6a5a-4d77-b402-f67e80feef85/datanode-0/data/containers/hdds/02d1f6b8-f026-4f59-9974-24481a7be2f4/current/containerDir0/3/metadata/3-dn-container.db
	at java.util.concurrent.FutureTask.report(FutureTask.java:122)
	at java.util.concurrent.FutureTask.get(FutureTask.java:206)
	at org.apache.hadoop.utils.BackgroundService$PeriodicalTask.lambda$run$0(BackgroundService.java:129)
	at java.util.stream.ForEachOps$ForEachOp$OfRef.accept(ForEachOps.java:184)
	at java.util.ArrayList$ArrayListSpliterator.forEachRemaining(ArrayList.java:1382)
	at java.util.stream.AbstractPipeline.copyInto(AbstractPipeline.java:482)
	at java.util.stream.ForEachOps$ForEachTask.compute(ForEachOps.java:291)
	at java.util.concurrent.CountedCompleter.exec(CountedCompleter.java:731)
	at java.util.concurrent.ForkJoinTask.doExec(ForkJoinTask.java:289)
	at java.util.concurrent.ForkJoinPool$WorkQueue.pollAndExecCC(ForkJoinPool.java:1190)
	at java.util.concurrent.ForkJoinPool.helpComplete(ForkJoinPool.java:1879)
	at java.util.concurrent.ForkJoinPool.externalHelpComplete(ForkJoinPool.java:2467)
	at java.util.concurrent.ForkJoinTask.externalAwaitDone(ForkJoinTask.java:324)
	at java.util.concurrent.ForkJoinTask.doInvoke(ForkJoinTask.java:405)
	at java.util.concurrent.ForkJoinTask.invoke(ForkJoinTask.java:734)
	at java.util.stream.ForEachOps$ForEachOp.evaluateParallel(ForEachOps.java:160)
	at java.util.stream.ForEachOps$ForEachOp$OfRef.evaluateParallel(ForEachOps.java:174)
	at java.util.stream.AbstractPipeline.evaluate(AbstractPipeline.java:233)
	at java.util.stream.ReferencePipeline.forEach(ReferencePipeline.java:418)
	at java.util.stream.ReferencePipeline$Head.forEach(ReferencePipeline.java:583)
	at org.apache.hadoop.utils.BackgroundService$PeriodicalTask.run(BackgroundService.java:125)
	at java.util.concurrent.Executors$RunnableAdapter.call(Executors.java:511)
	at java.util.concurrent.FutureTask.runAndReset(FutureTask.java:308)
	at java.util.concurrent.ScheduledThreadPoolExecutor$ScheduledFutureTask.access$301(ScheduledThreadPoolExecutor.java:180)
	at java.util.concurrent.ScheduledThreadPoolExecutor$ScheduledFutureTask.run(ScheduledThreadPoolExecutor.java:294)
	at java.util.concurrent.ThreadPoolExecutor.runWorker(ThreadPoolExecutor.java:1149)
	at java.util.concurrent.ThreadPoolExecutor$Worker.run(ThreadPoolExecutor.java:624)
	at java.lang.Thread.run(Thread.java:748)
Caused by: org.apache.hadoop.hdds.scm.container.common.helpers.StorageContainerException: Error opening DB. Container:3 ContainerPath:/opt/src/hadoop-ozone/integration-test/target/test-dir/MiniOzoneClusterImpl-869c8c0d-6a5a-4d77-b402-f67e80feef85/datanode-0/data/containers/hdds/02d1f6b8-f026-4f59-9974-24481a7be2f4/current/containerDir0/3/metadata/3-dn-container.db
	at org.apache.hadoop.ozone.container.keyvalue.helpers.BlockUtils.getDB(BlockUtils.java:84)
	at org.apache.hadoop.ozone.container.keyvalue.statemachine.background.BlockDeletingService$BlockDeletingTask.call(BlockDeletingService.java:188)
	at org.apache.hadoop.ozone.container.keyvalue.statemachine.background.BlockDeletingService$BlockDeletingTask.call(BlockDeletingService.java:172)
	at java.util.concurrent.FutureTask.run(FutureTask.java:266)
	at java.util.concurrent.Executors$RunnableAdapter.call(Executors.java:511)
	at java.util.concurrent.FutureTask.run(FutureTask.java:266)
	at java.util.concurrent.Executors$RunnableAdapter.call(Executors.java:511)
	at java.util.concurrent.FutureTask.run(FutureTask.java:266)
	at java.util.concurrent.ScheduledThreadPoolExecutor$ScheduledFutureTask.access$201(ScheduledThreadPoolExecutor.java:180)
	at java.util.concurrent.ScheduledThreadPoolExecutor$ScheduledFutureTask.run(ScheduledThreadPoolExecutor.java:293)
	... 3 more
2019-06-12 13:51:09,605 WARN  utils.BackgroundService (BackgroundService.java:lambda$run$0(135)) - Background task fails to execute, retrying in next interval
java.util.concurrent.ExecutionException: org.apache.hadoop.hdds.scm.container.common.helpers.StorageContainerException: Error opening DB. Container:2 ContainerPath:/opt/src/hadoop-ozone/integration-test/target/test-dir/MiniOzoneClusterImpl-869c8c0d-6a5a-4d77-b402-f67e80feef85/datanode-0/data/containers/hdds/02d1f6b8-f026-4f59-9974-24481a7be2f4/current/containerDir0/2/metadata/2-dn-container.db
	at java.util.concurrent.FutureTask.report(FutureTask.java:122)
	at java.util.concurrent.FutureTask.get(FutureTask.java:206)
	at org.apache.hadoop.utils.BackgroundService$PeriodicalTask.lambda$run$0(BackgroundService.java:129)
	at java.util.stream.ForEachOps$ForEachOp$OfRef.accept(ForEachOps.java:184)
	at java.util.ArrayList$ArrayListSpliterator.forEachRemaining(ArrayList.java:1382)
	at java.util.stream.AbstractPipeline.copyInto(AbstractPipeline.java:482)
	at java.util.stream.ForEachOps$ForEachTask.compute(ForEachOps.java:291)
	at java.util.concurrent.CountedCompleter.exec(CountedCompleter.java:731)
	at java.util.concurrent.ForkJoinTask.doExec(ForkJoinTask.java:289)
	at java.util.concurrent.ForkJoinPool$WorkQueue.runTask(ForkJoinPool.java:1056)
	at java.util.concurrent.ForkJoinPool.runWorker(ForkJoinPool.java:1692)
	at java.util.concurrent.ForkJoinWorkerThread.run(ForkJoinWorkerThread.java:157)
Caused by: org.apache.hadoop.hdds.scm.container.common.helpers.StorageContainerException: Error opening DB. Container:2 ContainerPath:/opt/src/hadoop-ozone/integration-test/target/test-dir/MiniOzoneClusterImpl-869c8c0d-6a5a-4d77-b402-f67e80feef85/datanode-0/data/containers/hdds/02d1f6b8-f026-4f59-9974-24481a7be2f4/current/containerDir0/2/metadata/2-dn-container.db
	at org.apache.hadoop.ozone.container.keyvalue.helpers.BlockUtils.getDB(BlockUtils.java:84)
	at org.apache.hadoop.ozone.container.keyvalue.statemachine.background.BlockDeletingService$BlockDeletingTask.call(BlockDeletingService.java:188)
	at org.apache.hadoop.ozone.container.keyvalue.statemachine.background.BlockDeletingService$BlockDeletingTask.call(BlockDeletingService.java:172)
	at java.util.concurrent.FutureTask.run(FutureTask.java:266)
	at java.util.concurrent.Executors$RunnableAdapter.call(Executors.java:511)
	at java.util.concurrent.FutureTask.run(FutureTask.java:266)
	at java.util.concurrent.Executors$RunnableAdapter.call(Executors.java:511)
	at java.util.concurrent.FutureTask.run(FutureTask.java:266)
	at java.util.concurrent.ScheduledThreadPoolExecutor$ScheduledFutureTask.access$201(ScheduledThreadPoolExecutor.java:180)
	at java.util.concurrent.ScheduledThreadPoolExecutor$ScheduledFutureTask.run(ScheduledThreadPoolExecutor.java:293)
	at java.util.concurrent.ThreadPoolExecutor.runWorker(ThreadPoolExecutor.java:1149)
	at java.util.concurrent.ThreadPoolExecutor$Worker.run(ThreadPoolExecutor.java:624)
	at java.lang.Thread.run(Thread.java:748)
2019-06-12 13:51:09,860 INFO  ozone.MiniOzoneClusterImpl (MiniOzoneClusterImpl.java:lambda$waitForClusterToBeReady$0(142)) - Waiting for cluster to be ready. Got 0 of 1 DN Heartbeats.
2019-06-12 13:51:10,605 INFO  background.BlockDeletingService (BlockDeletingService.java:getTasks(123)) - Plan to choose 10 containers for block deletion, actually returns 5 valid containers.
2019-06-12 13:51:10,606 ERROR utils.ContainerCache (ContainerCache.java:getDB(137)) - Error opening DB. Container:1 ContainerPath:/opt/src/hadoop-ozone/integration-test/target/test-dir/MiniOzoneClusterImpl-869c8c0d-6a5a-4d77-b402-f67e80feef85/datanode-0/data/containers/hdds/02d1f6b8-f026-4f59-9974-24481a7be2f4/current/containerDir0/1/metadata/1-dn-container.db
java.io.IOException: Failed init RocksDB, db path : /opt/src/hadoop-ozone/integration-test/target/test-dir/MiniOzoneClusterImpl-869c8c0d-6a5a-4d77-b402-f67e80feef85/datanode-0/data/containers/hdds/02d1f6b8-f026-4f59-9974-24481a7be2f4/current/containerDir0/1/metadata/1-dn-container.db
	at org.apache.hadoop.utils.RocksDBStore.<init>(RocksDBStore.java:87)
	at org.apache.hadoop.utils.MetadataStoreBuilder.build(MetadataStoreBuilder.java:137)
	at org.apache.hadoop.ozone.container.common.utils.ContainerCache.getDB(ContainerCache.java:129)
	at org.apache.hadoop.ozone.container.keyvalue.helpers.BlockUtils.getDB(BlockUtils.java:77)
	at org.apache.hadoop.ozone.container.keyvalue.statemachine.background.BlockDeletingService$BlockDeletingTask.call(BlockDeletingService.java:188)
	at org.apache.hadoop.ozone.container.keyvalue.statemachine.background.BlockDeletingService$BlockDeletingTask.call(BlockDeletingService.java:172)
	at java.util.concurrent.FutureTask.run(FutureTask.java:266)
	at java.util.concurrent.Executors$RunnableAdapter.call(Executors.java:511)
	at java.util.concurrent.FutureTask.run(FutureTask.java:266)
	at java.util.concurrent.Executors$RunnableAdapter.call(Executors.java:511)
	at java.util.concurrent.FutureTask.run(FutureTask.java:266)
	at java.util.concurrent.ScheduledThreadPoolExecutor$ScheduledFutureTask.access$201(ScheduledThreadPoolExecutor.java:180)
	at java.util.concurrent.ScheduledThreadPoolExecutor$ScheduledFutureTask.run(ScheduledThreadPoolExecutor.java:293)
	at java.util.concurrent.ThreadPoolExecutor.runWorker(ThreadPoolExecutor.java:1149)
	at java.util.concurrent.ThreadPoolExecutor$Worker.run(ThreadPoolExecutor.java:624)
	at java.lang.Thread.run(Thread.java:748)
Caused by: org.rocksdb.RocksDBException: While mkdir if missing: /opt/src/hadoop-ozone/integration-test/target/test-dir/MiniOzoneClusterImpl-869c8c0d-6a5a-4d77-b402-f67e80feef85/datanode-0/data/containers/hdds/02d1f6b8-f026-4f59-9974-24481a7be2f4/current/containerDir0/1/metadata/1-dn-container.db: No such file or directory
	at org.rocksdb.RocksDB.open(Native Method)
	at org.rocksdb.RocksDB.open(RocksDB.java:231)
	at org.apache.hadoop.utils.RocksDBStore.<init>(RocksDBStore.java:71)
	... 15 more
2019-06-12 13:51:10,606 ERROR utils.ContainerCache (ContainerCache.java:getDB(137)) - Error opening DB. Container:5 ContainerPath:/opt/src/hadoop-ozone/integration-test/target/test-dir/MiniOzoneClusterImpl-869c8c0d-6a5a-4d77-b402-f67e80feef85/datanode-0/data/containers/hdds/02d1f6b8-f026-4f59-9974-24481a7be2f4/current/containerDir0/5/metadata/5-dn-container.db
java.io.IOException: Failed init RocksDB, db path : /opt/src/hadoop-ozone/integration-test/target/test-dir/MiniOzoneClusterImpl-869c8c0d-6a5a-4d77-b402-f67e80feef85/datanode-0/data/containers/hdds/02d1f6b8-f026-4f59-9974-24481a7be2f4/current/containerDir0/5/metadata/5-dn-container.db
	at org.apache.hadoop.utils.RocksDBStore.<init>(RocksDBStore.java:87)
	at org.apache.hadoop.utils.MetadataStoreBuilder.build(MetadataStoreBuilder.java:137)
	at org.apache.hadoop.ozone.container.common.utils.ContainerCache.getDB(ContainerCache.java:129)
	at org.apache.hadoop.ozone.container.keyvalue.helpers.BlockUtils.getDB(BlockUtils.java:77)
	at org.apache.hadoop.ozone.container.keyvalue.statemachine.background.BlockDeletingService$BlockDeletingTask.call(BlockDeletingService.java:188)
	at org.apache.hadoop.ozone.container.keyvalue.statemachine.background.BlockDeletingService$BlockDeletingTask.call(BlockDeletingService.java:172)
	at java.util.concurrent.FutureTask.run(FutureTask.java:266)
	at java.util.concurrent.Executors$RunnableAdapter.call(Executors.java:511)
	at java.util.concurrent.FutureTask.run(FutureTask.java:266)
	at java.util.concurrent.Executors$RunnableAdapter.call(Executors.java:511)
	at java.util.concurrent.FutureTask.run(FutureTask.java:266)
	at java.util.concurrent.ScheduledThreadPoolExecutor$ScheduledFutureTask.access$201(ScheduledThreadPoolExecutor.java:180)
	at java.util.concurrent.ScheduledThreadPoolExecutor$ScheduledFutureTask.run(ScheduledThreadPoolExecutor.java:293)
	at java.util.concurrent.ThreadPoolExecutor.runWorker(ThreadPoolExecutor.java:1149)
	at java.util.concurrent.ThreadPoolExecutor$Worker.run(ThreadPoolExecutor.java:624)
	at java.lang.Thread.run(Thread.java:748)
Caused by: org.rocksdb.RocksDBException: While mkdir if missing: /opt/src/hadoop-ozone/integration-test/target/test-dir/MiniOzoneClusterImpl-869c8c0d-6a5a-4d77-b402-f67e80feef85/datanode-0/data/containers/hdds/02d1f6b8-f026-4f59-9974-24481a7be2f4/current/containerDir0/5/metadata/5-dn-container.db: No such file or directory
	at org.rocksdb.RocksDB.open(Native Method)
	at org.rocksdb.RocksDB.open(RocksDB.java:231)
	at org.apache.hadoop.utils.RocksDBStore.<init>(RocksDBStore.java:71)
	... 15 more
2019-06-12 13:51:10,606 WARN  utils.BackgroundService (BackgroundService.java:lambda$run$0(135)) - Background task fails to execute, retrying in next interval
java.util.concurrent.ExecutionException: org.apache.hadoop.hdds.scm.container.common.helpers.StorageContainerException: Error opening DB. Container:5 ContainerPath:/opt/src/hadoop-ozone/integration-test/target/test-dir/MiniOzoneClusterImpl-869c8c0d-6a5a-4d77-b402-f67e80feef85/datanode-0/data/containers/hdds/02d1f6b8-f026-4f59-9974-24481a7be2f4/current/containerDir0/5/metadata/5-dn-container.db
	at java.util.concurrent.FutureTask.report(FutureTask.java:122)
	at java.util.concurrent.FutureTask.get(FutureTask.java:206)
	at org.apache.hadoop.utils.BackgroundService$PeriodicalTask.lambda$run$0(BackgroundService.java:129)
	at java.util.stream.ForEachOps$ForEachOp$OfRef.accept(ForEachOps.java:184)
	at java.util.ArrayList$ArrayListSpliterator.forEachRemaining(ArrayList.java:1382)
	at java.util.stream.AbstractPipeline.copyInto(AbstractPipeline.java:482)
	at java.util.stream.ForEachOps$ForEachTask.compute(ForEachOps.java:291)
	at java.util.concurrent.CountedCompleter.exec(CountedCompleter.java:731)
	at java.util.concurrent.ForkJoinTask.doExec(ForkJoinTask.java:289)
	at java.util.concurrent.ForkJoinPool$WorkQueue.runTask(ForkJoinPool.java:1056)
	at java.util.concurrent.ForkJoinPool.runWorker(ForkJoinPool.java:1692)
	at java.util.concurrent.ForkJoinWorkerThread.run(ForkJoinWorkerThread.java:157)
Caused by: org.apache.hadoop.hdds.scm.container.common.helpers.StorageContainerException: Error opening DB. Container:5 ContainerPath:/opt/src/hadoop-ozone/integration-test/target/test-dir/MiniOzoneClusterImpl-869c8c0d-6a5a-4d77-b402-f67e80feef85/datanode-0/data/containers/hdds/02d1f6b8-f026-4f59-9974-24481a7be2f4/current/containerDir0/5/metadata/5-dn-container.db
	at org.apache.hadoop.ozone.container.keyvalue.helpers.BlockUtils.getDB(BlockUtils.java:84)
	at org.apache.hadoop.ozone.container.keyvalue.statemachine.background.BlockDeletingService$BlockDeletingTask.call(BlockDeletingService.java:188)
	at org.apache.hadoop.ozone.container.keyvalue.statemachine.background.BlockDeletingService$BlockDeletingTask.call(BlockDeletingService.java:172)
	at java.util.concurrent.FutureTask.run(FutureTask.java:266)
	at java.util.concurrent.Executors$RunnableAdapter.call(Executors.java:511)
	at java.util.concurrent.FutureTask.run(FutureTask.java:266)
	at java.util.concurrent.Executors$RunnableAdapter.call(Executors.java:511)
	at java.util.concurrent.FutureTask.run(FutureTask.java:266)
	at java.util.concurrent.ScheduledThreadPoolExecutor$ScheduledFutureTask.access$201(ScheduledThreadPoolExecutor.java:180)
	at java.util.concurrent.ScheduledThreadPoolExecutor$ScheduledFutureTask.run(ScheduledThreadPoolExecutor.java:293)
	at java.util.concurrent.ThreadPoolExecutor.runWorker(ThreadPoolExecutor.java:1149)
	at java.util.concurrent.ThreadPoolExecutor$Worker.run(ThreadPoolExecutor.java:624)
	at java.lang.Thread.run(Thread.java:748)
2019-06-12 13:51:10,607 ERROR utils.ContainerCache (ContainerCache.java:getDB(137)) - Error opening DB. Container:4 ContainerPath:/opt/src/hadoop-ozone/integration-test/target/test-dir/MiniOzoneClusterImpl-869c8c0d-6a5a-4d77-b402-f67e80feef85/datanode-0/data/containers/hdds/02d1f6b8-f026-4f59-9974-24481a7be2f4/current/containerDir0/4/metadata/4-dn-container.db
java.io.IOException: Failed init RocksDB, db path : /opt/src/hadoop-ozone/integration-test/target/test-dir/MiniOzoneClusterImpl-869c8c0d-6a5a-4d77-b402-f67e80feef85/datanode-0/data/containers/hdds/02d1f6b8-f026-4f59-9974-24481a7be2f4/current/containerDir0/4/metadata/4-dn-container.db
	at org.apache.hadoop.utils.RocksDBStore.<init>(RocksDBStore.java:87)
	at org.apache.hadoop.utils.MetadataStoreBuilder.build(MetadataStoreBuilder.java:137)
	at org.apache.hadoop.ozone.container.common.utils.ContainerCache.getDB(ContainerCache.java:129)
	at org.apache.hadoop.ozone.container.keyvalue.helpers.BlockUtils.getDB(BlockUtils.java:77)
	at org.apache.hadoop.ozone.container.keyvalue.statemachine.background.BlockDeletingService$BlockDeletingTask.call(BlockDeletingService.java:188)
	at org.apache.hadoop.ozone.container.keyvalue.statemachine.background.BlockDeletingService$BlockDeletingTask.call(BlockDeletingService.java:172)
	at java.util.concurrent.FutureTask.run(FutureTask.java:266)
	at java.util.concurrent.Executors$RunnableAdapter.call(Executors.java:511)
	at java.util.concurrent.FutureTask.run(FutureTask.java:266)
	at java.util.concurrent.Executors$RunnableAdapter.call(Executors.java:511)
	at java.util.concurrent.FutureTask.run(FutureTask.java:266)
	at java.util.concurrent.ScheduledThreadPoolExecutor$ScheduledFutureTask.access$201(ScheduledThreadPoolExecutor.java:180)
	at java.util.concurrent.ScheduledThreadPoolExecutor$ScheduledFutureTask.run(ScheduledThreadPoolExecutor.java:293)
	at java.util.concurrent.ThreadPoolExecutor.runWorker(ThreadPoolExecutor.java:1149)
	at java.util.concurrent.ThreadPoolExecutor$Worker.run(ThreadPoolExecutor.java:624)
	at java.lang.Thread.run(Thread.java:748)
Caused by: org.rocksdb.RocksDBException: While mkdir if missing: /opt/src/hadoop-ozone/integration-test/target/test-dir/MiniOzoneClusterImpl-869c8c0d-6a5a-4d77-b402-f67e80feef85/datanode-0/data/containers/hdds/02d1f6b8-f026-4f59-9974-24481a7be2f4/current/containerDir0/4/metadata/4-dn-container.db: No such file or directory
	at org.rocksdb.RocksDB.open(Native Method)
	at org.rocksdb.RocksDB.open(RocksDB.java:231)
	at org.apache.hadoop.utils.RocksDBStore.<init>(RocksDBStore.java:71)
	... 15 more
2019-06-12 13:51:10,607 WARN  utils.BackgroundService (BackgroundService.java:lambda$run$0(135)) - Background task fails to execute, retrying in next interval
java.util.concurrent.ExecutionException: org.apache.hadoop.hdds.scm.container.common.helpers.StorageContainerException: Error opening DB. Container:1 ContainerPath:/opt/src/hadoop-ozone/integration-test/target/test-dir/MiniOzoneClusterImpl-869c8c0d-6a5a-4d77-b402-f67e80feef85/datanode-0/data/containers/hdds/02d1f6b8-f026-4f59-9974-24481a7be2f4/current/containerDir0/1/metadata/1-dn-container.db
	at java.util.concurrent.FutureTask.report(FutureTask.java:122)
	at java.util.concurrent.FutureTask.get(FutureTask.java:206)
	at org.apache.hadoop.utils.BackgroundService$PeriodicalTask.lambda$run$0(BackgroundService.java:129)
	at java.util.stream.ForEachOps$ForEachOp$OfRef.accept(ForEachOps.java:184)
	at java.util.ArrayList$ArrayListSpliterator.forEachRemaining(ArrayList.java:1382)
	at java.util.stream.AbstractPipeline.copyInto(AbstractPipeline.java:482)
	at java.util.stream.ForEachOps$ForEachTask.compute(ForEachOps.java:291)
	at java.util.concurrent.CountedCompleter.exec(CountedCompleter.java:731)
	at java.util.concurrent.ForkJoinTask.doExec(ForkJoinTask.java:289)
	at java.util.concurrent.ForkJoinPool$WorkQueue.execLocalTasks(ForkJoinPool.java:1040)
	at java.util.concurrent.ForkJoinPool$WorkQueue.runTask(ForkJoinPool.java:1058)
	at java.util.concurrent.ForkJoinPool.runWorker(ForkJoinPool.java:1692)
	at java.util.concurrent.ForkJoinWorkerThread.run(ForkJoinWorkerThread.java:157)
Caused by: org.apache.hadoop.hdds.scm.container.common.helpers.StorageContainerException: Error opening DB. Container:1 ContainerPath:/opt/src/hadoop-ozone/integration-test/target/test-dir/MiniOzoneClusterImpl-869c8c0d-6a5a-4d77-b402-f67e80feef85/datanode-0/data/containers/hdds/02d1f6b8-f026-4f59-9974-24481a7be2f4/current/containerDir0/1/metadata/1-dn-container.db
	at org.apache.hadoop.ozone.container.keyvalue.helpers.BlockUtils.getDB(BlockUtils.java:84)
	at org.apache.hadoop.ozone.container.keyvalue.statemachine.background.BlockDeletingService$BlockDeletingTask.call(BlockDeletingService.java:188)
	at org.apache.hadoop.ozone.container.keyvalue.statemachine.background.BlockDeletingService$BlockDeletingTask.call(BlockDeletingService.java:172)
	at java.util.concurrent.FutureTask.run(FutureTask.java:266)
	at java.util.concurrent.Executors$RunnableAdapter.call(Executors.java:511)
	at java.util.concurrent.FutureTask.run(FutureTask.java:266)
	at java.util.concurrent.Executors$RunnableAdapter.call(Executors.java:511)
	at java.util.concurrent.FutureTask.run(FutureTask.java:266)
	at java.util.concurrent.ScheduledThreadPoolExecutor$ScheduledFutureTask.access$201(ScheduledThreadPoolExecutor.java:180)
	at java.util.concurrent.ScheduledThreadPoolExecutor$ScheduledFutureTask.run(ScheduledThreadPoolExecutor.java:293)
	at java.util.concurrent.ThreadPoolExecutor.runWorker(ThreadPoolExecutor.java:1149)
	at java.util.concurrent.ThreadPoolExecutor$Worker.run(ThreadPoolExecutor.java:624)
	at java.lang.Thread.run(Thread.java:748)
2019-06-12 13:51:10,607 ERROR utils.ContainerCache (ContainerCache.java:getDB(137)) - Error opening DB. Container:3 ContainerPath:/opt/src/hadoop-ozone/integration-test/target/test-dir/MiniOzoneClusterImpl-869c8c0d-6a5a-4d77-b402-f67e80feef85/datanode-0/data/containers/hdds/02d1f6b8-f026-4f59-9974-24481a7be2f4/current/containerDir0/3/metadata/3-dn-container.db
java.io.IOException: Failed init RocksDB, db path : /opt/src/hadoop-ozone/integration-test/target/test-dir/MiniOzoneClusterImpl-869c8c0d-6a5a-4d77-b402-f67e80feef85/datanode-0/data/containers/hdds/02d1f6b8-f026-4f59-9974-24481a7be2f4/current/containerDir0/3/metadata/3-dn-container.db
	at org.apache.hadoop.utils.RocksDBStore.<init>(RocksDBStore.java:87)
	at org.apache.hadoop.utils.MetadataStoreBuilder.build(MetadataStoreBuilder.java:137)
	at org.apache.hadoop.ozone.container.common.utils.ContainerCache.getDB(ContainerCache.java:129)
	at org.apache.hadoop.ozone.container.keyvalue.helpers.BlockUtils.getDB(BlockUtils.java:77)
	at org.apache.hadoop.ozone.container.keyvalue.statemachine.background.BlockDeletingService$BlockDeletingTask.call(BlockDeletingService.java:188)
	at org.apache.hadoop.ozone.container.keyvalue.statemachine.background.BlockDeletingService$BlockDeletingTask.call(BlockDeletingService.java:172)
	at java.util.concurrent.FutureTask.run(FutureTask.java:266)
	at java.util.concurrent.Executors$RunnableAdapter.call(Executors.java:511)
	at java.util.concurrent.FutureTask.run(FutureTask.java:266)
	at java.util.concurrent.Executors$RunnableAdapter.call(Executors.java:511)
	at java.util.concurrent.FutureTask.run(FutureTask.java:266)
	at java.util.concurrent.ScheduledThreadPoolExecutor$ScheduledFutureTask.access$201(ScheduledThreadPoolExecutor.java:180)
	at java.util.concurrent.ScheduledThreadPoolExecutor$ScheduledFutureTask.run(ScheduledThreadPoolExecutor.java:293)
	at java.util.concurrent.ThreadPoolExecutor.runWorker(ThreadPoolExecutor.java:1149)
	at java.util.concurrent.ThreadPoolExecutor$Worker.run(ThreadPoolExecutor.java:624)
	at java.lang.Thread.run(Thread.java:748)
Caused by: org.rocksdb.RocksDBException: While mkdir if missing: /opt/src/hadoop-ozone/integration-test/target/test-dir/MiniOzoneClusterImpl-869c8c0d-6a5a-4d77-b402-f67e80feef85/datanode-0/data/containers/hdds/02d1f6b8-f026-4f59-9974-24481a7be2f4/current/containerDir0/3/metadata/3-dn-container.db: No such file or directory
	at org.rocksdb.RocksDB.open(Native Method)
	at org.rocksdb.RocksDB.open(RocksDB.java:231)
	at org.apache.hadoop.utils.RocksDBStore.<init>(RocksDBStore.java:71)
	... 15 more
2019-06-12 13:51:10,607 WARN  utils.BackgroundService (BackgroundService.java:lambda$run$0(135)) - Background task fails to execute, retrying in next interval
java.util.concurrent.ExecutionException: org.apache.hadoop.hdds.scm.container.common.helpers.StorageContainerException: Error opening DB. Container:4 ContainerPath:/opt/src/hadoop-ozone/integration-test/target/test-dir/MiniOzoneClusterImpl-869c8c0d-6a5a-4d77-b402-f67e80feef85/datanode-0/data/containers/hdds/02d1f6b8-f026-4f59-9974-24481a7be2f4/current/containerDir0/4/metadata/4-dn-container.db
	at java.util.concurrent.FutureTask.report(FutureTask.java:122)
	at java.util.concurrent.FutureTask.get(FutureTask.java:206)
	at org.apache.hadoop.utils.BackgroundService$PeriodicalTask.lambda$run$0(BackgroundService.java:129)
	at java.util.stream.ForEachOps$ForEachOp$OfRef.accept(ForEachOps.java:184)
	at java.util.ArrayList$ArrayListSpliterator.forEachRemaining(ArrayList.java:1382)
	at java.util.stream.AbstractPipeline.copyInto(AbstractPipeline.java:482)
	at java.util.stream.ForEachOps$ForEachTask.compute(ForEachOps.java:291)
	at java.util.concurrent.CountedCompleter.exec(CountedCompleter.java:731)
	at java.util.concurrent.ForkJoinTask.doExec(ForkJoinTask.java:289)
	at java.util.concurrent.ForkJoinTask.doInvoke(ForkJoinTask.java:401)
	at java.util.concurrent.ForkJoinTask.invoke(ForkJoinTask.java:734)
	at java.util.stream.ForEachOps$ForEachOp.evaluateParallel(ForEachOps.java:160)
	at java.util.stream.ForEachOps$ForEachOp$OfRef.evaluateParallel(ForEachOps.java:174)
	at java.util.stream.AbstractPipeline.evaluate(AbstractPipeline.java:233)
	at java.util.stream.ReferencePipeline.forEach(ReferencePipeline.java:418)
	at java.util.stream.ReferencePipeline$Head.forEach(ReferencePipeline.java:583)
	at org.apache.hadoop.utils.BackgroundService$PeriodicalTask.run(BackgroundService.java:125)
	at java.util.concurrent.Executors$RunnableAdapter.call(Executors.java:511)
	at java.util.concurrent.FutureTask.runAndReset(FutureTask.java:308)
	at java.util.concurrent.ScheduledThreadPoolExecutor$ScheduledFutureTask.access$301(ScheduledThreadPoolExecutor.java:180)
	at java.util.concurrent.ScheduledThreadPoolExecutor$ScheduledFutureTask.run(ScheduledThreadPoolExecutor.java:294)
	at java.util.concurrent.ThreadPoolExecutor.runWorker(ThreadPoolExecutor.java:1149)
	at java.util.concurrent.ThreadPoolExecutor$Worker.run(ThreadPoolExecutor.java:624)
	at java.lang.Thread.run(Thread.java:748)
Caused by: org.apache.hadoop.hdds.scm.container.common.helpers.StorageContainerException: Error opening DB. Container:4 ContainerPath:/opt/src/hadoop-ozone/integration-test/target/test-dir/MiniOzoneClusterImpl-869c8c0d-6a5a-4d77-b402-f67e80feef85/datanode-0/data/containers/hdds/02d1f6b8-f026-4f59-9974-24481a7be2f4/current/containerDir0/4/metadata/4-dn-container.db
	at org.apache.hadoop.ozone.container.keyvalue.helpers.BlockUtils.getDB(BlockUtils.java:84)
	at org.apache.hadoop.ozone.container.keyvalue.statemachine.background.BlockDeletingService$BlockDeletingTask.call(BlockDeletingService.java:188)
	at org.apache.hadoop.ozone.container.keyvalue.statemachine.background.BlockDeletingService$BlockDeletingTask.call(BlockDeletingService.java:172)
	at java.util.concurrent.FutureTask.run(FutureTask.java:266)
	at java.util.concurrent.Executors$RunnableAdapter.call(Executors.java:511)
	at java.util.concurrent.FutureTask.run(FutureTask.java:266)
	at java.util.concurrent.Executors$RunnableAdapter.call(Executors.java:511)
	at java.util.concurrent.FutureTask.run(FutureTask.java:266)
	at java.util.concurrent.ScheduledThreadPoolExecutor$ScheduledFutureTask.access$201(ScheduledThreadPoolExecutor.java:180)
	at java.util.concurrent.ScheduledThreadPoolExecutor$ScheduledFutureTask.run(ScheduledThreadPoolExecutor.java:293)
	... 3 more
2019-06-12 13:51:10,608 ERROR utils.ContainerCache (ContainerCache.java:getDB(137)) - Error opening DB. Container:2 ContainerPath:/opt/src/hadoop-ozone/integration-test/target/test-dir/MiniOzoneClusterImpl-869c8c0d-6a5a-4d77-b402-f67e80feef85/datanode-0/data/containers/hdds/02d1f6b8-f026-4f59-9974-24481a7be2f4/current/containerDir0/2/metadata/2-dn-container.db
java.io.IOException: Failed init RocksDB, db path : /opt/src/hadoop-ozone/integration-test/target/test-dir/MiniOzoneClusterImpl-869c8c0d-6a5a-4d77-b402-f67e80feef85/datanode-0/data/containers/hdds/02d1f6b8-f026-4f59-9974-24481a7be2f4/current/containerDir0/2/metadata/2-dn-container.db
	at org.apache.hadoop.utils.RocksDBStore.<init>(RocksDBStore.java:87)
	at org.apache.hadoop.utils.MetadataStoreBuilder.build(MetadataStoreBuilder.java:137)
	at org.apache.hadoop.ozone.container.common.utils.ContainerCache.getDB(ContainerCache.java:129)
	at org.apache.hadoop.ozone.container.keyvalue.helpers.BlockUtils.getDB(BlockUtils.java:77)
	at org.apache.hadoop.ozone.container.keyvalue.statemachine.background.BlockDeletingService$BlockDeletingTask.call(BlockDeletingService.java:188)
	at org.apache.hadoop.ozone.container.keyvalue.statemachine.background.BlockDeletingService$BlockDeletingTask.call(BlockDeletingService.java:172)
	at java.util.concurrent.FutureTask.run(FutureTask.java:266)
	at java.util.concurrent.Executors$RunnableAdapter.call(Executors.java:511)
	at java.util.concurrent.FutureTask.run(FutureTask.java:266)
	at java.util.concurrent.Executors$RunnableAdapter.call(Executors.java:511)
	at java.util.concurrent.FutureTask.run(FutureTask.java:266)
	at java.util.concurrent.ScheduledThreadPoolExecutor$ScheduledFutureTask.access$201(ScheduledThreadPoolExecutor.java:180)
	at java.util.concurrent.ScheduledThreadPoolExecutor$ScheduledFutureTask.run(ScheduledThreadPoolExecutor.java:293)
	at java.util.concurrent.ThreadPoolExecutor.runWorker(ThreadPoolExecutor.java:1149)
	at java.util.concurrent.ThreadPoolExecutor$Worker.run(ThreadPoolExecutor.java:624)
	at java.lang.Thread.run(Thread.java:748)
Caused by: org.rocksdb.RocksDBException: While mkdir if missing: /opt/src/hadoop-ozone/integration-test/target/test-dir/MiniOzoneClusterImpl-869c8c0d-6a5a-4d77-b402-f67e80feef85/datanode-0/data/containers/hdds/02d1f6b8-f026-4f59-9974-24481a7be2f4/current/containerDir0/2/metadata/2-dn-container.db: No such file or directory
	at org.rocksdb.RocksDB.open(Native Method)
	at org.rocksdb.RocksDB.open(RocksDB.java:231)
	at org.apache.hadoop.utils.RocksDBStore.<init>(RocksDBStore.java:71)
	... 15 more
2019-06-12 13:51:10,608 WARN  utils.BackgroundService (BackgroundService.java:lambda$run$0(135)) - Background task fails to execute, retrying in next interval
java.util.concurrent.ExecutionException: org.apache.hadoop.hdds.scm.container.common.helpers.StorageContainerException: Error opening DB. Container:3 ContainerPath:/opt/src/hadoop-ozone/integration-test/target/test-dir/MiniOzoneClusterImpl-869c8c0d-6a5a-4d77-b402-f67e80feef85/datanode-0/data/containers/hdds/02d1f6b8-f026-4f59-9974-24481a7be2f4/current/containerDir0/3/metadata/3-dn-container.db
	at java.util.concurrent.FutureTask.report(FutureTask.java:122)
	at java.util.concurrent.FutureTask.get(FutureTask.java:206)
	at org.apache.hadoop.utils.BackgroundService$PeriodicalTask.lambda$run$0(BackgroundService.java:129)
	at java.util.stream.ForEachOps$ForEachOp$OfRef.accept(ForEachOps.java:184)
	at java.util.ArrayList$ArrayListSpliterator.forEachRemaining(ArrayList.java:1382)
	at java.util.stream.AbstractPipeline.copyInto(AbstractPipeline.java:482)
	at java.util.stream.ForEachOps$ForEachTask.compute(ForEachOps.java:291)
	at java.util.concurrent.CountedCompleter.exec(CountedCompleter.java:731)
	at java.util.concurrent.ForkJoinTask.doExec(ForkJoinTask.java:289)
	at java.util.concurrent.ForkJoinPool$WorkQueue.pollAndExecCC(ForkJoinPool.java:1190)
	at java.util.concurrent.ForkJoinPool.helpComplete(ForkJoinPool.java:1879)
	at java.util.concurrent.ForkJoinPool.externalHelpComplete(ForkJoinPool.java:2467)
	at java.util.concurrent.ForkJoinTask.externalAwaitDone(ForkJoinTask.java:324)
	at java.util.concurrent.ForkJoinTask.doInvoke(ForkJoinTask.java:405)
	at java.util.concurrent.ForkJoinTask.invoke(ForkJoinTask.java:734)
	at java.util.stream.ForEachOps$ForEachOp.evaluateParallel(ForEachOps.java:160)
	at java.util.stream.ForEachOps$ForEachOp$OfRef.evaluateParallel(ForEachOps.java:174)
	at java.util.stream.AbstractPipeline.evaluate(AbstractPipeline.java:233)
	at java.util.stream.ReferencePipeline.forEach(ReferencePipeline.java:418)
	at java.util.stream.ReferencePipeline$Head.forEach(ReferencePipeline.java:583)
	at org.apache.hadoop.utils.BackgroundService$PeriodicalTask.run(BackgroundService.java:125)
	at java.util.concurrent.Executors$RunnableAdapter.call(Executors.java:511)
	at java.util.concurrent.FutureTask.runAndReset(FutureTask.java:308)
	at java.util.concurrent.ScheduledThreadPoolExecutor$ScheduledFutureTask.access$301(ScheduledThreadPoolExecutor.java:180)
	at java.util.concurrent.ScheduledThreadPoolExecutor$ScheduledFutureTask.run(ScheduledThreadPoolExecutor.java:294)
	at java.util.concurrent.ThreadPoolExecutor.runWorker(ThreadPoolExecutor.java:1149)
	at java.util.concurrent.ThreadPoolExecutor$Worker.run(ThreadPoolExecutor.java:624)
	at java.lang.Thread.run(Thread.java:748)
Caused by: org.apache.hadoop.hdds.scm.container.common.helpers.StorageContainerException: Error opening DB. Container:3 ContainerPath:/opt/src/hadoop-ozone/integration-test/target/test-dir/MiniOzoneClusterImpl-869c8c0d-6a5a-4d77-b402-f67e80feef85/datanode-0/data/containers/hdds/02d1f6b8-f026-4f59-9974-24481a7be2f4/current/containerDir0/3/metadata/3-dn-container.db
	at org.apache.hadoop.ozone.container.keyvalue.helpers.BlockUtils.getDB(BlockUtils.java:84)
	at org.apache.hadoop.ozone.container.keyvalue.statemachine.background.BlockDeletingService$BlockDeletingTask.call(BlockDeletingService.java:188)
	at org.apache.hadoop.ozone.container.keyvalue.statemachine.background.BlockDeletingService$BlockDeletingTask.call(BlockDeletingService.java:172)
	at java.util.concurrent.FutureTask.run(FutureTask.java:266)
	at java.util.concurrent.Executors$RunnableAdapter.call(Executors.java:511)
	at java.util.concurrent.FutureTask.run(FutureTask.java:266)
	at java.util.concurrent.Executors$RunnableAdapter.call(Executors.java:511)
	at java.util.concurrent.FutureTask.run(FutureTask.java:266)
	at java.util.concurrent.ScheduledThreadPoolExecutor$ScheduledFutureTask.access$201(ScheduledThreadPoolExecutor.java:180)
	at java.util.concurrent.ScheduledThreadPoolExecutor$ScheduledFutureTask.run(ScheduledThreadPoolExecutor.java:293)
	... 3 more
2019-06-12 13:51:10,608 WARN  utils.BackgroundService (BackgroundService.java:lambda$run$0(135)) - Background task fails to execute, retrying in next interval
java.util.concurrent.ExecutionException: org.apache.hadoop.hdds.scm.container.common.helpers.StorageContainerException: Error opening DB. Container:2 ContainerPath:/opt/src/hadoop-ozone/integration-test/target/test-dir/MiniOzoneClusterImpl-869c8c0d-6a5a-4d77-b402-f67e80feef85/datanode-0/data/containers/hdds/02d1f6b8-f026-4f59-9974-24481a7be2f4/current/containerDir0/2/metadata/2-dn-container.db
	at java.util.concurrent.FutureTask.report(FutureTask.java:122)
	at java.util.concurrent.FutureTask.get(FutureTask.java:206)
	at org.apache.hadoop.utils.BackgroundService$PeriodicalTask.lambda$run$0(BackgroundService.java:129)
	at java.util.stream.ForEachOps$ForEachOp$OfRef.accept(ForEachOps.java:184)
	at java.util.ArrayList$ArrayListSpliterator.forEachRemaining(ArrayList.java:1382)
	at java.util.stream.AbstractPipeline.copyInto(AbstractPipeline.java:482)
	at java.util.stream.ForEachOps$ForEachTask.compute(ForEachOps.java:291)
	at java.util.concurrent.CountedCompleter.exec(CountedCompleter.java:731)
	at java.util.concurrent.ForkJoinTask.doExec(ForkJoinTask.java:289)
	at java.util.concurrent.ForkJoinPool$WorkQueue.runTask(ForkJoinPool.java:1056)
	at java.util.concurrent.ForkJoinPool.runWorker(ForkJoinPool.java:1692)
	at java.util.concurrent.ForkJoinWorkerThread.run(ForkJoinWorkerThread.java:157)
Caused by: org.apache.hadoop.hdds.scm.container.common.helpers.StorageContainerException: Error opening DB. Container:2 ContainerPath:/opt/src/hadoop-ozone/integration-test/target/test-dir/MiniOzoneClusterImpl-869c8c0d-6a5a-4d77-b402-f67e80feef85/datanode-0/data/containers/hdds/02d1f6b8-f026-4f59-9974-24481a7be2f4/current/containerDir0/2/metadata/2-dn-container.db
	at org.apache.hadoop.ozone.container.keyvalue.helpers.BlockUtils.getDB(BlockUtils.java:84)
	at org.apache.hadoop.ozone.container.keyvalue.statemachine.background.BlockDeletingService$BlockDeletingTask.call(BlockDeletingService.java:188)
	at org.apache.hadoop.ozone.container.keyvalue.statemachine.background.BlockDeletingService$BlockDeletingTask.call(BlockDeletingService.java:172)
	at java.util.concurrent.FutureTask.run(FutureTask.java:266)
	at java.util.concurrent.Executors$RunnableAdapter.call(Executors.java:511)
	at java.util.concurrent.FutureTask.run(FutureTask.java:266)
	at java.util.concurrent.Executors$RunnableAdapter.call(Executors.java:511)
	at java.util.concurrent.FutureTask.run(FutureTask.java:266)
	at java.util.concurrent.ScheduledThreadPoolExecutor$ScheduledFutureTask.access$201(ScheduledThreadPoolExecutor.java:180)
	at java.util.concurrent.ScheduledThreadPoolExecutor$ScheduledFutureTask.run(ScheduledThreadPoolExecutor.java:293)
	at java.util.concurrent.ThreadPoolExecutor.runWorker(ThreadPoolExecutor.java:1149)
	at java.util.concurrent.ThreadPoolExecutor$Worker.run(ThreadPoolExecutor.java:624)
	at java.lang.Thread.run(Thread.java:748)
2019-06-12 13:51:10,860 INFO  ozone.MiniOzoneClusterImpl (MiniOzoneClusterImpl.java:lambda$waitForClusterToBeReady$0(142)) - Waiting for cluster to be ready. Got 0 of 1 DN Heartbeats.
2019-06-12 13:51:10,868 INFO  ozoneimpl.OzoneContainer (OzoneContainer.java:start(186)) - Attempting to start container services.
2019-06-12 13:51:10,869 INFO  ozoneimpl.OzoneContainer (OzoneContainer.java:startContainerScrub(160)) - Background container scrubber has been disabled by hdds.containerscrub.enabled
2019-06-12 13:51:10,869 INFO  ratis.XceiverServerRatis (XceiverServerRatis.java:start(418)) - Starting XceiverServerRatis 495360f2-87b9-4271-b81b-8a59321c0dd7 at port 38437
2019-06-12 13:51:10,872 INFO  impl.RaftServerProxy (RaftServerProxy.java:lambda$start$3(299)) - 495360f2-87b9-4271-b81b-8a59321c0dd7: start RPC server
2019-06-12 13:51:10,873 INFO  server.GrpcService (GrpcService.java:startImpl(148)) - 495360f2-87b9-4271-b81b-8a59321c0dd7: GrpcService started, listening on 0.0.0.0/0.0.0.0:38437
2019-06-12 13:51:11,613 INFO  background.BlockDeletingService (BlockDeletingService.java:getTasks(123)) - Plan to choose 10 containers for block deletion, actually returns 5 valid containers.
2019-06-12 13:51:11,614 ERROR utils.ContainerCache (ContainerCache.java:getDB(137)) - Error opening DB. Container:1 ContainerPath:/opt/src/hadoop-ozone/integration-test/target/test-dir/MiniOzoneClusterImpl-869c8c0d-6a5a-4d77-b402-f67e80feef85/datanode-0/data/containers/hdds/02d1f6b8-f026-4f59-9974-24481a7be2f4/current/containerDir0/1/metadata/1-dn-container.db
java.io.IOException: Failed init RocksDB, db path : /opt/src/hadoop-ozone/integration-test/target/test-dir/MiniOzoneClusterImpl-869c8c0d-6a5a-4d77-b402-f67e80feef85/datanode-0/data/containers/hdds/02d1f6b8-f026-4f59-9974-24481a7be2f4/current/containerDir0/1/metadata/1-dn-container.db
	at org.apache.hadoop.utils.RocksDBStore.<init>(RocksDBStore.java:87)
	at org.apache.hadoop.utils.MetadataStoreBuilder.build(MetadataStoreBuilder.java:137)
	at org.apache.hadoop.ozone.container.common.utils.ContainerCache.getDB(ContainerCache.java:129)
	at org.apache.hadoop.ozone.container.keyvalue.helpers.BlockUtils.getDB(BlockUtils.java:77)
	at org.apache.hadoop.ozone.container.keyvalue.statemachine.background.BlockDeletingService$BlockDeletingTask.call(BlockDeletingService.java:188)
	at org.apache.hadoop.ozone.container.keyvalue.statemachine.background.BlockDeletingService$BlockDeletingTask.call(BlockDeletingService.java:172)
	at java.util.concurrent.FutureTask.run(FutureTask.java:266)
	at java.util.concurrent.Executors$RunnableAdapter.call(Executors.java:511)
	at java.util.concurrent.FutureTask.run(FutureTask.java:266)
	at java.util.concurrent.Executors$RunnableAdapter.call(Executors.java:511)
	at java.util.concurrent.FutureTask.run(FutureTask.java:266)
	at java.util.concurrent.ScheduledThreadPoolExecutor$ScheduledFutureTask.access$201(ScheduledThreadPoolExecutor.java:180)
	at java.util.concurrent.ScheduledThreadPoolExecutor$ScheduledFutureTask.run(ScheduledThreadPoolExecutor.java:293)
	at java.util.concurrent.ThreadPoolExecutor.runWorker(ThreadPoolExecutor.java:1149)
	at java.util.concurrent.ThreadPoolExecutor$Worker.run(ThreadPoolExecutor.java:624)
	at java.lang.Thread.run(Thread.java:748)
Caused by: org.rocksdb.RocksDBException: While mkdir if missing: /opt/src/hadoop-ozone/integration-test/target/test-dir/MiniOzoneClusterImpl-869c8c0d-6a5a-4d77-b402-f67e80feef85/datanode-0/data/containers/hdds/02d1f6b8-f026-4f59-9974-24481a7be2f4/current/containerDir0/1/metadata/1-dn-container.db: No such file or directory
	at org.rocksdb.RocksDB.open(Native Method)
	at org.rocksdb.RocksDB.open(RocksDB.java:231)
	at org.apache.hadoop.utils.RocksDBStore.<init>(RocksDBStore.java:71)
	... 15 more
2019-06-12 13:51:11,614 ERROR utils.ContainerCache (ContainerCache.java:getDB(137)) - Error opening DB. Container:5 ContainerPath:/opt/src/hadoop-ozone/integration-test/target/test-dir/MiniOzoneClusterImpl-869c8c0d-6a5a-4d77-b402-f67e80feef85/datanode-0/data/containers/hdds/02d1f6b8-f026-4f59-9974-24481a7be2f4/current/containerDir0/5/metadata/5-dn-container.db
java.io.IOException: Failed init RocksDB, db path : /opt/src/hadoop-ozone/integration-test/target/test-dir/MiniOzoneClusterImpl-869c8c0d-6a5a-4d77-b402-f67e80feef85/datanode-0/data/containers/hdds/02d1f6b8-f026-4f59-9974-24481a7be2f4/current/containerDir0/5/metadata/5-dn-container.db
	at org.apache.hadoop.utils.RocksDBStore.<init>(RocksDBStore.java:87)
	at org.apache.hadoop.utils.MetadataStoreBuilder.build(MetadataStoreBuilder.java:137)
	at org.apache.hadoop.ozone.container.common.utils.ContainerCache.getDB(ContainerCache.java:129)
	at org.apache.hadoop.ozone.container.keyvalue.helpers.BlockUtils.getDB(BlockUtils.java:77)
	at org.apache.hadoop.ozone.container.keyvalue.statemachine.background.BlockDeletingService$BlockDeletingTask.call(BlockDeletingService.java:188)
	at org.apache.hadoop.ozone.container.keyvalue.statemachine.background.BlockDeletingService$BlockDeletingTask.call(BlockDeletingService.java:172)
	at java.util.concurrent.FutureTask.run(FutureTask.java:266)
	at java.util.concurrent.Executors$RunnableAdapter.call(Executors.java:511)
	at java.util.concurrent.FutureTask.run(FutureTask.java:266)
	at java.util.concurrent.Executors$RunnableAdapter.call(Executors.java:511)
	at java.util.concurrent.FutureTask.run(FutureTask.java:266)
	at java.util.concurrent.ScheduledThreadPoolExecutor$ScheduledFutureTask.access$201(ScheduledThreadPoolExecutor.java:180)
	at java.util.concurrent.ScheduledThreadPoolExecutor$ScheduledFutureTask.run(ScheduledThreadPoolExecutor.java:293)
	at java.util.concurrent.ThreadPoolExecutor.runWorker(ThreadPoolExecutor.java:1149)
	at java.util.concurrent.ThreadPoolExecutor$Worker.run(ThreadPoolExecutor.java:624)
	at java.lang.Thread.run(Thread.java:748)
Caused by: org.rocksdb.RocksDBException: While mkdir if missing: /opt/src/hadoop-ozone/integration-test/target/test-dir/MiniOzoneClusterImpl-869c8c0d-6a5a-4d77-b402-f67e80feef85/datanode-0/data/containers/hdds/02d1f6b8-f026-4f59-9974-24481a7be2f4/current/containerDir0/5/metadata/5-dn-container.db: No such file or directory
	at org.rocksdb.RocksDB.open(Native Method)
	at org.rocksdb.RocksDB.open(RocksDB.java:231)
	at org.apache.hadoop.utils.RocksDBStore.<init>(RocksDBStore.java:71)
	... 15 more
2019-06-12 13:51:11,614 WARN  utils.BackgroundService (BackgroundService.java:lambda$run$0(135)) - Background task fails to execute, retrying in next interval
java.util.concurrent.ExecutionException: org.apache.hadoop.hdds.scm.container.common.helpers.StorageContainerException: Error opening DB. Container:5 ContainerPath:/opt/src/hadoop-ozone/integration-test/target/test-dir/MiniOzoneClusterImpl-869c8c0d-6a5a-4d77-b402-f67e80feef85/datanode-0/data/containers/hdds/02d1f6b8-f026-4f59-9974-24481a7be2f4/current/containerDir0/5/metadata/5-dn-container.db
	at java.util.concurrent.FutureTask.report(FutureTask.java:122)
	at java.util.concurrent.FutureTask.get(FutureTask.java:206)
	at org.apache.hadoop.utils.BackgroundService$PeriodicalTask.lambda$run$0(BackgroundService.java:129)
	at java.util.stream.ForEachOps$ForEachOp$OfRef.accept(ForEachOps.java:184)
	at java.util.ArrayList$ArrayListSpliterator.forEachRemaining(ArrayList.java:1382)
	at java.util.stream.AbstractPipeline.copyInto(AbstractPipeline.java:482)
	at java.util.stream.ForEachOps$ForEachTask.compute(ForEachOps.java:291)
	at java.util.concurrent.CountedCompleter.exec(CountedCompleter.java:731)
	at java.util.concurrent.ForkJoinTask.doExec(ForkJoinTask.java:289)
	at java.util.concurrent.ForkJoinPool$WorkQueue.runTask(ForkJoinPool.java:1056)
	at java.util.concurrent.ForkJoinPool.runWorker(ForkJoinPool.java:1692)
	at java.util.concurrent.ForkJoinWorkerThread.run(ForkJoinWorkerThread.java:157)
Caused by: org.apache.hadoop.hdds.scm.container.common.helpers.StorageContainerException: Error opening DB. Container:5 ContainerPath:/opt/src/hadoop-ozone/integration-test/target/test-dir/MiniOzoneClusterImpl-869c8c0d-6a5a-4d77-b402-f67e80feef85/datanode-0/data/containers/hdds/02d1f6b8-f026-4f59-9974-24481a7be2f4/current/containerDir0/5/metadata/5-dn-container.db
	at org.apache.hadoop.ozone.container.keyvalue.helpers.BlockUtils.getDB(BlockUtils.java:84)
	at org.apache.hadoop.ozone.container.keyvalue.statemachine.background.BlockDeletingService$BlockDeletingTask.call(BlockDeletingService.java:188)
	at org.apache.hadoop.ozone.container.keyvalue.statemachine.background.BlockDeletingService$BlockDeletingTask.call(BlockDeletingService.java:172)
	at java.util.concurrent.FutureTask.run(FutureTask.java:266)
	at java.util.concurrent.Executors$RunnableAdapter.call(Executors.java:511)
	at java.util.concurrent.FutureTask.run(FutureTask.java:266)
	at java.util.concurrent.Executors$RunnableAdapter.call(Executors.java:511)
	at java.util.concurrent.FutureTask.run(FutureTask.java:266)
	at java.util.concurrent.ScheduledThreadPoolExecutor$ScheduledFutureTask.access$201(ScheduledThreadPoolExecutor.java:180)
	at java.util.concurrent.ScheduledThreadPoolExecutor$ScheduledFutureTask.run(ScheduledThreadPoolExecutor.java:293)
	at java.util.concurrent.ThreadPoolExecutor.runWorker(ThreadPoolExecutor.java:1149)
	at java.util.concurrent.ThreadPoolExecutor$Worker.run(ThreadPoolExecutor.java:624)
	at java.lang.Thread.run(Thread.java:748)
2019-06-12 13:51:11,615 ERROR utils.ContainerCache (ContainerCache.java:getDB(137)) - Error opening DB. Container:4 ContainerPath:/opt/src/hadoop-ozone/integration-test/target/test-dir/MiniOzoneClusterImpl-869c8c0d-6a5a-4d77-b402-f67e80feef85/datanode-0/data/containers/hdds/02d1f6b8-f026-4f59-9974-24481a7be2f4/current/containerDir0/4/metadata/4-dn-container.db
java.io.IOException: Failed init RocksDB, db path : /opt/src/hadoop-ozone/integration-test/target/test-dir/MiniOzoneClusterImpl-869c8c0d-6a5a-4d77-b402-f67e80feef85/datanode-0/data/containers/hdds/02d1f6b8-f026-4f59-9974-24481a7be2f4/current/containerDir0/4/metadata/4-dn-container.db
	at org.apache.hadoop.utils.RocksDBStore.<init>(RocksDBStore.java:87)
	at org.apache.hadoop.utils.MetadataStoreBuilder.build(MetadataStoreBuilder.java:137)
	at org.apache.hadoop.ozone.container.common.utils.ContainerCache.getDB(ContainerCache.java:129)
	at org.apache.hadoop.ozone.container.keyvalue.helpers.BlockUtils.getDB(BlockUtils.java:77)
	at org.apache.hadoop.ozone.container.keyvalue.statemachine.background.BlockDeletingService$BlockDeletingTask.call(BlockDeletingService.java:188)
	at org.apache.hadoop.ozone.container.keyvalue.statemachine.background.BlockDeletingService$BlockDeletingTask.call(BlockDeletingService.java:172)
	at java.util.concurrent.FutureTask.run(FutureTask.java:266)
	at java.util.concurrent.Executors$RunnableAdapter.call(Executors.java:511)
	at java.util.concurrent.FutureTask.run(FutureTask.java:266)
	at java.util.concurrent.Executors$RunnableAdapter.call(Executors.java:511)
	at java.util.concurrent.FutureTask.run(FutureTask.java:266)
	at java.util.concurrent.ScheduledThreadPoolExecutor$ScheduledFutureTask.access$201(ScheduledThreadPoolExecutor.java:180)
	at java.util.concurrent.ScheduledThreadPoolExecutor$ScheduledFutureTask.run(ScheduledThreadPoolExecutor.java:293)
	at java.util.concurrent.ThreadPoolExecutor.runWorker(ThreadPoolExecutor.java:1149)
	at java.util.concurrent.ThreadPoolExecutor$Worker.run(ThreadPoolExecutor.java:624)
	at java.lang.Thread.run(Thread.java:748)
Caused by: org.rocksdb.RocksDBException: While mkdir if missing: /opt/src/hadoop-ozone/integration-test/target/test-dir/MiniOzoneClusterImpl-869c8c0d-6a5a-4d77-b402-f67e80feef85/datanode-0/data/containers/hdds/02d1f6b8-f026-4f59-9974-24481a7be2f4/current/containerDir0/4/metadata/4-dn-container.db: No such file or directory
	at org.rocksdb.RocksDB.open(Native Method)
	at org.rocksdb.RocksDB.open(RocksDB.java:231)
	at org.apache.hadoop.utils.RocksDBStore.<init>(RocksDBStore.java:71)
	... 15 more
2019-06-12 13:51:11,615 WARN  utils.BackgroundService (BackgroundService.java:lambda$run$0(135)) - Background task fails to execute, retrying in next interval
java.util.concurrent.ExecutionException: org.apache.hadoop.hdds.scm.container.common.helpers.StorageContainerException: Error opening DB. Container:1 ContainerPath:/opt/src/hadoop-ozone/integration-test/target/test-dir/MiniOzoneClusterImpl-869c8c0d-6a5a-4d77-b402-f67e80feef85/datanode-0/data/containers/hdds/02d1f6b8-f026-4f59-9974-24481a7be2f4/current/containerDir0/1/metadata/1-dn-container.db
	at java.util.concurrent.FutureTask.report(FutureTask.java:122)
	at java.util.concurrent.FutureTask.get(FutureTask.java:206)
	at org.apache.hadoop.utils.BackgroundService$PeriodicalTask.lambda$run$0(BackgroundService.java:129)
	at java.util.stream.ForEachOps$ForEachOp$OfRef.accept(ForEachOps.java:184)
	at java.util.ArrayList$ArrayListSpliterator.forEachRemaining(ArrayList.java:1382)
	at java.util.stream.AbstractPipeline.copyInto(AbstractPipeline.java:482)
	at java.util.stream.ForEachOps$ForEachTask.compute(ForEachOps.java:291)
	at java.util.concurrent.CountedCompleter.exec(CountedCompleter.java:731)
	at java.util.concurrent.ForkJoinTask.doExec(ForkJoinTask.java:289)
	at java.util.concurrent.ForkJoinPool$WorkQueue.execLocalTasks(ForkJoinPool.java:1040)
	at java.util.concurrent.ForkJoinPool$WorkQueue.runTask(ForkJoinPool.java:1058)
	at java.util.concurrent.ForkJoinPool.runWorker(ForkJoinPool.java:1692)
	at java.util.concurrent.ForkJoinWorkerThread.run(ForkJoinWorkerThread.java:157)
Caused by: org.apache.hadoop.hdds.scm.container.common.helpers.StorageContainerException: Error opening DB. Container:1 ContainerPath:/opt/src/hadoop-ozone/integration-test/target/test-dir/MiniOzoneClusterImpl-869c8c0d-6a5a-4d77-b402-f67e80feef85/datanode-0/data/containers/hdds/02d1f6b8-f026-4f59-9974-24481a7be2f4/current/containerDir0/1/metadata/1-dn-container.db
	at org.apache.hadoop.ozone.container.keyvalue.helpers.BlockUtils.getDB(BlockUtils.java:84)
	at org.apache.hadoop.ozone.container.keyvalue.statemachine.background.BlockDeletingService$BlockDeletingTask.call(BlockDeletingService.java:188)
	at org.apache.hadoop.ozone.container.keyvalue.statemachine.background.BlockDeletingService$BlockDeletingTask.call(BlockDeletingService.java:172)
	at java.util.concurrent.FutureTask.run(FutureTask.java:266)
	at java.util.concurrent.Executors$RunnableAdapter.call(Executors.java:511)
	at java.util.concurrent.FutureTask.run(FutureTask.java:266)
	at java.util.concurrent.Executors$RunnableAdapter.call(Executors.java:511)
	at java.util.concurrent.FutureTask.run(FutureTask.java:266)
	at java.util.concurrent.ScheduledThreadPoolExecutor$ScheduledFutureTask.access$201(ScheduledThreadPoolExecutor.java:180)
	at java.util.concurrent.ScheduledThreadPoolExecutor$ScheduledFutureTask.run(ScheduledThreadPoolExecutor.java:293)
	at java.util.concurrent.ThreadPoolExecutor.runWorker(ThreadPoolExecutor.java:1149)
	at java.util.concurrent.ThreadPoolExecutor$Worker.run(ThreadPoolExecutor.java:624)
	at java.lang.Thread.run(Thread.java:748)
2019-06-12 13:51:11,615 ERROR utils.ContainerCache (ContainerCache.java:getDB(137)) - Error opening DB. Container:3 ContainerPath:/opt/src/hadoop-ozone/integration-test/target/test-dir/MiniOzoneClusterImpl-869c8c0d-6a5a-4d77-b402-f67e80feef85/datanode-0/data/containers/hdds/02d1f6b8-f026-4f59-9974-24481a7be2f4/current/containerDir0/3/metadata/3-dn-container.db
java.io.IOException: Failed init RocksDB, db path : /opt/src/hadoop-ozone/integration-test/target/test-dir/MiniOzoneClusterImpl-869c8c0d-6a5a-4d77-b402-f67e80feef85/datanode-0/data/containers/hdds/02d1f6b8-f026-4f59-9974-24481a7be2f4/current/containerDir0/3/metadata/3-dn-container.db
	at org.apache.hadoop.utils.RocksDBStore.<init>(RocksDBStore.java:87)
	at org.apache.hadoop.utils.MetadataStoreBuilder.build(MetadataStoreBuilder.java:137)
	at org.apache.hadoop.ozone.container.common.utils.ContainerCache.getDB(ContainerCache.java:129)
	at org.apache.hadoop.ozone.container.keyvalue.helpers.BlockUtils.getDB(BlockUtils.java:77)
	at org.apache.hadoop.ozone.container.keyvalue.statemachine.background.BlockDeletingService$BlockDeletingTask.call(BlockDeletingService.java:188)
	at org.apache.hadoop.ozone.container.keyvalue.statemachine.background.BlockDeletingService$BlockDeletingTask.call(BlockDeletingService.java:172)
	at java.util.concurrent.FutureTask.run(FutureTask.java:266)
	at java.util.concurrent.Executors$RunnableAdapter.call(Executors.java:511)
	at java.util.concurrent.FutureTask.run(FutureTask.java:266)
	at java.util.concurrent.Executors$RunnableAdapter.call(Executors.java:511)
	at java.util.concurrent.FutureTask.run(FutureTask.java:266)
	at java.util.concurrent.ScheduledThreadPoolExecutor$ScheduledFutureTask.access$201(ScheduledThreadPoolExecutor.java:180)
	at java.util.concurrent.ScheduledThreadPoolExecutor$ScheduledFutureTask.run(ScheduledThreadPoolExecutor.java:293)
	at java.util.concurrent.ThreadPoolExecutor.runWorker(ThreadPoolExecutor.java:1149)
	at java.util.concurrent.ThreadPoolExecutor$Worker.run(ThreadPoolExecutor.java:624)
	at java.lang.Thread.run(Thread.java:748)
Caused by: org.rocksdb.RocksDBException: While mkdir if missing: /opt/src/hadoop-ozone/integration-test/target/test-dir/MiniOzoneClusterImpl-869c8c0d-6a5a-4d77-b402-f67e80feef85/datanode-0/data/containers/hdds/02d1f6b8-f026-4f59-9974-24481a7be2f4/current/containerDir0/3/metadata/3-dn-container.db: No such file or directory
	at org.rocksdb.RocksDB.open(Native Method)
	at org.rocksdb.RocksDB.open(RocksDB.java:231)
	at org.apache.hadoop.utils.RocksDBStore.<init>(RocksDBStore.java:71)
	... 15 more
2019-06-12 13:51:11,615 WARN  utils.BackgroundService (BackgroundService.java:lambda$run$0(135)) - Background task fails to execute, retrying in next interval
java.util.concurrent.ExecutionException: org.apache.hadoop.hdds.scm.container.common.helpers.StorageContainerException: Error opening DB. Container:4 ContainerPath:/opt/src/hadoop-ozone/integration-test/target/test-dir/MiniOzoneClusterImpl-869c8c0d-6a5a-4d77-b402-f67e80feef85/datanode-0/data/containers/hdds/02d1f6b8-f026-4f59-9974-24481a7be2f4/current/containerDir0/4/metadata/4-dn-container.db
	at java.util.concurrent.FutureTask.report(FutureTask.java:122)
	at java.util.concurrent.FutureTask.get(FutureTask.java:206)
	at org.apache.hadoop.utils.BackgroundService$PeriodicalTask.lambda$run$0(BackgroundService.java:129)
	at java.util.stream.ForEachOps$ForEachOp$OfRef.accept(ForEachOps.java:184)
	at java.util.ArrayList$ArrayListSpliterator.forEachRemaining(ArrayList.java:1382)
	at java.util.stream.AbstractPipeline.copyInto(AbstractPipeline.java:482)
	at java.util.stream.ForEachOps$ForEachTask.compute(ForEachOps.java:291)
	at java.util.concurrent.CountedCompleter.exec(CountedCompleter.java:731)
	at java.util.concurrent.ForkJoinTask.doExec(ForkJoinTask.java:289)
	at java.util.concurrent.ForkJoinTask.doInvoke(ForkJoinTask.java:401)
	at java.util.concurrent.ForkJoinTask.invoke(ForkJoinTask.java:734)
	at java.util.stream.ForEachOps$ForEachOp.evaluateParallel(ForEachOps.java:160)
	at java.util.stream.ForEachOps$ForEachOp$OfRef.evaluateParallel(ForEachOps.java:174)
	at java.util.stream.AbstractPipeline.evaluate(AbstractPipeline.java:233)
	at java.util.stream.ReferencePipeline.forEach(ReferencePipeline.java:418)
	at java.util.stream.ReferencePipeline$Head.forEach(ReferencePipeline.java:583)
	at org.apache.hadoop.utils.BackgroundService$PeriodicalTask.run(BackgroundService.java:125)
	at java.util.concurrent.Executors$RunnableAdapter.call(Executors.java:511)
	at java.util.concurrent.FutureTask.runAndReset(FutureTask.java:308)
	at java.util.concurrent.ScheduledThreadPoolExecutor$ScheduledFutureTask.access$301(ScheduledThreadPoolExecutor.java:180)
	at java.util.concurrent.ScheduledThreadPoolExecutor$ScheduledFutureTask.run(ScheduledThreadPoolExecutor.java:294)
	at java.util.concurrent.ThreadPoolExecutor.runWorker(ThreadPoolExecutor.java:1149)
	at java.util.concurrent.ThreadPoolExecutor$Worker.run(ThreadPoolExecutor.java:624)
	at java.lang.Thread.run(Thread.java:748)
Caused by: org.apache.hadoop.hdds.scm.container.common.helpers.StorageContainerException: Error opening DB. Container:4 ContainerPath:/opt/src/hadoop-ozone/integration-test/target/test-dir/MiniOzoneClusterImpl-869c8c0d-6a5a-4d77-b402-f67e80feef85/datanode-0/data/containers/hdds/02d1f6b8-f026-4f59-9974-24481a7be2f4/current/containerDir0/4/metadata/4-dn-container.db
	at org.apache.hadoop.ozone.container.keyvalue.helpers.BlockUtils.getDB(BlockUtils.java:84)
	at org.apache.hadoop.ozone.container.keyvalue.statemachine.background.BlockDeletingService$BlockDeletingTask.call(BlockDeletingService.java:188)
	at org.apache.hadoop.ozone.container.keyvalue.statemachine.background.BlockDeletingService$BlockDeletingTask.call(BlockDeletingService.java:172)
	at java.util.concurrent.FutureTask.run(FutureTask.java:266)
	at java.util.concurrent.Executors$RunnableAdapter.call(Executors.java:511)
	at java.util.concurrent.FutureTask.run(FutureTask.java:266)
	at java.util.concurrent.Executors$RunnableAdapter.call(Executors.java:511)
	at java.util.concurrent.FutureTask.run(FutureTask.java:266)
	at java.util.concurrent.ScheduledThreadPoolExecutor$ScheduledFutureTask.access$201(ScheduledThreadPoolExecutor.java:180)
	at java.util.concurrent.ScheduledThreadPoolExecutor$ScheduledFutureTask.run(ScheduledThreadPoolExecutor.java:293)
	... 3 more
2019-06-12 13:51:11,615 ERROR utils.ContainerCache (ContainerCache.java:getDB(137)) - Error opening DB. Container:2 ContainerPath:/opt/src/hadoop-ozone/integration-test/target/test-dir/MiniOzoneClusterImpl-869c8c0d-6a5a-4d77-b402-f67e80feef85/datanode-0/data/containers/hdds/02d1f6b8-f026-4f59-9974-24481a7be2f4/current/containerDir0/2/metadata/2-dn-container.db
java.io.IOException: Failed init RocksDB, db path : /opt/src/hadoop-ozone/integration-test/target/test-dir/MiniOzoneClusterImpl-869c8c0d-6a5a-4d77-b402-f67e80feef85/datanode-0/data/containers/hdds/02d1f6b8-f026-4f59-9974-24481a7be2f4/current/containerDir0/2/metadata/2-dn-container.db
	at org.apache.hadoop.utils.RocksDBStore.<init>(RocksDBStore.java:87)
	at org.apache.hadoop.utils.MetadataStoreBuilder.build(MetadataStoreBuilder.java:137)
	at org.apache.hadoop.ozone.container.common.utils.ContainerCache.getDB(ContainerCache.java:129)
	at org.apache.hadoop.ozone.container.keyvalue.helpers.BlockUtils.getDB(BlockUtils.java:77)
	at org.apache.hadoop.ozone.container.keyvalue.statemachine.background.BlockDeletingService$BlockDeletingTask.call(BlockDeletingService.java:188)
	at org.apache.hadoop.ozone.container.keyvalue.statemachine.background.BlockDeletingService$BlockDeletingTask.call(BlockDeletingService.java:172)
	at java.util.concurrent.FutureTask.run(FutureTask.java:266)
	at java.util.concurrent.Executors$RunnableAdapter.call(Executors.java:511)
	at java.util.concurrent.FutureTask.run(FutureTask.java:266)
	at java.util.concurrent.Executors$RunnableAdapter.call(Executors.java:511)
	at java.util.concurrent.FutureTask.run(FutureTask.java:266)
	at java.util.concurrent.ScheduledThreadPoolExecutor$ScheduledFutureTask.access$201(ScheduledThreadPoolExecutor.java:180)
	at java.util.concurrent.ScheduledThreadPoolExecutor$ScheduledFutureTask.run(ScheduledThreadPoolExecutor.java:293)
	at java.util.concurrent.ThreadPoolExecutor.runWorker(ThreadPoolExecutor.java:1149)
	at java.util.concurrent.ThreadPoolExecutor$Worker.run(ThreadPoolExecutor.java:624)
	at java.lang.Thread.run(Thread.java:748)
Caused by: org.rocksdb.RocksDBException: While mkdir if missing: /opt/src/hadoop-ozone/integration-test/target/test-dir/MiniOzoneClusterImpl-869c8c0d-6a5a-4d77-b402-f67e80feef85/datanode-0/data/containers/hdds/02d1f6b8-f026-4f59-9974-24481a7be2f4/current/containerDir0/2/metadata/2-dn-container.db: No such file or directory
	at org.rocksdb.RocksDB.open(Native Method)
	at org.rocksdb.RocksDB.open(RocksDB.java:231)
	at org.apache.hadoop.utils.RocksDBStore.<init>(RocksDBStore.java:71)
	... 15 more
2019-06-12 13:51:11,616 WARN  utils.BackgroundService (BackgroundService.java:lambda$run$0(135)) - Background task fails to execute, retrying in next interval
java.util.concurrent.ExecutionException: org.apache.hadoop.hdds.scm.container.common.helpers.StorageContainerException: Error opening DB. Container:3 ContainerPath:/opt/src/hadoop-ozone/integration-test/target/test-dir/MiniOzoneClusterImpl-869c8c0d-6a5a-4d77-b402-f67e80feef85/datanode-0/data/containers/hdds/02d1f6b8-f026-4f59-9974-24481a7be2f4/current/containerDir0/3/metadata/3-dn-container.db
	at java.util.concurrent.FutureTask.report(FutureTask.java:122)
	at java.util.concurrent.FutureTask.get(FutureTask.java:206)
	at org.apache.hadoop.utils.BackgroundService$PeriodicalTask.lambda$run$0(BackgroundService.java:129)
	at java.util.stream.ForEachOps$ForEachOp$OfRef.accept(ForEachOps.java:184)
	at java.util.ArrayList$ArrayListSpliterator.forEachRemaining(ArrayList.java:1382)
	at java.util.stream.AbstractPipeline.copyInto(AbstractPipeline.java:482)
	at java.util.stream.ForEachOps$ForEachTask.compute(ForEachOps.java:291)
	at java.util.concurrent.CountedCompleter.exec(CountedCompleter.java:731)
	at java.util.concurrent.ForkJoinTask.doExec(ForkJoinTask.java:289)
	at java.util.concurrent.ForkJoinPool$WorkQueue.pollAndExecCC(ForkJoinPool.java:1190)
	at java.util.concurrent.ForkJoinPool.helpComplete(ForkJoinPool.java:1879)
	at java.util.concurrent.ForkJoinPool.externalHelpComplete(ForkJoinPool.java:2467)
	at java.util.concurrent.ForkJoinTask.externalAwaitDone(ForkJoinTask.java:324)
	at java.util.concurrent.ForkJoinTask.doInvoke(ForkJoinTask.java:405)
	at java.util.concurrent.ForkJoinTask.invoke(ForkJoinTask.java:734)
	at java.util.stream.ForEachOps$ForEachOp.evaluateParallel(ForEachOps.java:160)
	at java.util.stream.ForEachOps$ForEachOp$OfRef.evaluateParallel(ForEachOps.java:174)
	at java.util.stream.AbstractPipeline.evaluate(AbstractPipeline.java:233)
	at java.util.stream.ReferencePipeline.forEach(ReferencePipeline.java:418)
	at java.util.stream.ReferencePipeline$Head.forEach(ReferencePipeline.java:583)
	at org.apache.hadoop.utils.BackgroundService$PeriodicalTask.run(BackgroundService.java:125)
	at java.util.concurrent.Executors$RunnableAdapter.call(Executors.java:511)
	at java.util.concurrent.FutureTask.runAndReset(FutureTask.java:308)
	at java.util.concurrent.ScheduledThreadPoolExecutor$ScheduledFutureTask.access$301(ScheduledThreadPoolExecutor.java:180)
	at java.util.concurrent.ScheduledThreadPoolExecutor$ScheduledFutureTask.run(ScheduledThreadPoolExecutor.java:294)
	at java.util.concurrent.ThreadPoolExecutor.runWorker(ThreadPoolExecutor.java:1149)
	at java.util.concurrent.ThreadPoolExecutor$Worker.run(ThreadPoolExecutor.java:624)
	at java.lang.Thread.run(Thread.java:748)
Caused by: org.apache.hadoop.hdds.scm.container.common.helpers.StorageContainerException: Error opening DB. Container:3 ContainerPath:/opt/src/hadoop-ozone/integration-test/target/test-dir/MiniOzoneClusterImpl-869c8c0d-6a5a-4d77-b402-f67e80feef85/datanode-0/data/containers/hdds/02d1f6b8-f026-4f59-9974-24481a7be2f4/current/containerDir0/3/metadata/3-dn-container.db
	at org.apache.hadoop.ozone.container.keyvalue.helpers.BlockUtils.getDB(BlockUtils.java:84)
	at org.apache.hadoop.ozone.container.keyvalue.statemachine.background.BlockDeletingService$BlockDeletingTask.call(BlockDeletingService.java:188)
	at org.apache.hadoop.ozone.container.keyvalue.statemachine.background.BlockDeletingService$BlockDeletingTask.call(BlockDeletingService.java:172)
	at java.util.concurrent.FutureTask.run(FutureTask.java:266)
	at java.util.concurrent.Executors$RunnableAdapter.call(Executors.java:511)
	at java.util.concurrent.FutureTask.run(FutureTask.java:266)
	at java.util.concurrent.Executors$RunnableAdapter.call(Executors.java:511)
	at java.util.concurrent.FutureTask.run(FutureTask.java:266)
	at java.util.concurrent.ScheduledThreadPoolExecutor$ScheduledFutureTask.access$201(ScheduledThreadPoolExecutor.java:180)
	at java.util.concurrent.ScheduledThreadPoolExecutor$ScheduledFutureTask.run(ScheduledThreadPoolExecutor.java:293)
	... 3 more
2019-06-12 13:51:11,616 WARN  utils.BackgroundService (BackgroundService.java:lambda$run$0(135)) - Background task fails to execute, retrying in next interval
java.util.concurrent.ExecutionException: org.apache.hadoop.hdds.scm.container.common.helpers.StorageContainerException: Error opening DB. Container:2 ContainerPath:/opt/src/hadoop-ozone/integration-test/target/test-dir/MiniOzoneClusterImpl-869c8c0d-6a5a-4d77-b402-f67e80feef85/datanode-0/data/containers/hdds/02d1f6b8-f026-4f59-9974-24481a7be2f4/current/containerDir0/2/metadata/2-dn-container.db
	at java.util.concurrent.FutureTask.report(FutureTask.java:122)
	at java.util.concurrent.FutureTask.get(FutureTask.java:206)
	at org.apache.hadoop.utils.BackgroundService$PeriodicalTask.lambda$run$0(BackgroundService.java:129)
	at java.util.stream.ForEachOps$ForEachOp$OfRef.accept(ForEachOps.java:184)
	at java.util.ArrayList$ArrayListSpliterator.forEachRemaining(ArrayList.java:1382)
	at java.util.stream.AbstractPipeline.copyInto(AbstractPipeline.java:482)
	at java.util.stream.ForEachOps$ForEachTask.compute(ForEachOps.java:291)
	at java.util.concurrent.CountedCompleter.exec(CountedCompleter.java:731)
	at java.util.concurrent.ForkJoinTask.doExec(ForkJoinTask.java:289)
	at java.util.concurrent.ForkJoinPool$WorkQueue.runTask(ForkJoinPool.java:1056)
	at java.util.concurrent.ForkJoinPool.runWorker(ForkJoinPool.java:1692)
	at java.util.concurrent.ForkJoinWorkerThread.run(ForkJoinWorkerThread.java:157)
Caused by: org.apache.hadoop.hdds.scm.container.common.helpers.StorageContainerException: Error opening DB. Container:2 ContainerPath:/opt/src/hadoop-ozone/integration-test/target/test-dir/MiniOzoneClusterImpl-869c8c0d-6a5a-4d77-b402-f67e80feef85/datanode-0/data/containers/hdds/02d1f6b8-f026-4f59-9974-24481a7be2f4/current/containerDir0/2/metadata/2-dn-container.db
	at org.apache.hadoop.ozone.container.keyvalue.helpers.BlockUtils.getDB(BlockUtils.java:84)
	at org.apache.hadoop.ozone.container.keyvalue.statemachine.background.BlockDeletingService$BlockDeletingTask.call(BlockDeletingService.java:188)
	at org.apache.hadoop.ozone.container.keyvalue.statemachine.background.BlockDeletingService$BlockDeletingTask.call(BlockDeletingService.java:172)
	at java.util.concurrent.FutureTask.run(FutureTask.java:266)
	at java.util.concurrent.Executors$RunnableAdapter.call(Executors.java:511)
	at java.util.concurrent.FutureTask.run(FutureTask.java:266)
	at java.util.concurrent.Executors$RunnableAdapter.call(Executors.java:511)
	at java.util.concurrent.FutureTask.run(FutureTask.java:266)
	at java.util.concurrent.ScheduledThreadPoolExecutor$ScheduledFutureTask.access$201(ScheduledThreadPoolExecutor.java:180)
	at java.util.concurrent.ScheduledThreadPoolExecutor$ScheduledFutureTask.run(ScheduledThreadPoolExecutor.java:293)
	at java.util.concurrent.ThreadPoolExecutor.runWorker(ThreadPoolExecutor.java:1149)
	at java.util.concurrent.ThreadPoolExecutor$Worker.run(ThreadPoolExecutor.java:624)
	at java.lang.Thread.run(Thread.java:748)
2019-06-12 13:51:11,860 INFO  ozone.MiniOzoneClusterImpl (MiniOzoneClusterImpl.java:lambda$waitForClusterToBeReady$0(142)) - Waiting for cluster to be ready. Got 0 of 1 DN Heartbeats.
2019-06-12 13:51:12,616 INFO  background.BlockDeletingService (BlockDeletingService.java:getTasks(123)) - Plan to choose 10 containers for block deletion, actually returns 5 valid containers.
2019-06-12 13:51:12,617 ERROR utils.ContainerCache (ContainerCache.java:getDB(137)) - Error opening DB. Container:1 ContainerPath:/opt/src/hadoop-ozone/integration-test/target/test-dir/MiniOzoneClusterImpl-869c8c0d-6a5a-4d77-b402-f67e80feef85/datanode-0/data/containers/hdds/02d1f6b8-f026-4f59-9974-24481a7be2f4/current/containerDir0/1/metadata/1-dn-container.db
java.io.IOException: Failed init RocksDB, db path : /opt/src/hadoop-ozone/integration-test/target/test-dir/MiniOzoneClusterImpl-869c8c0d-6a5a-4d77-b402-f67e80feef85/datanode-0/data/containers/hdds/02d1f6b8-f026-4f59-9974-24481a7be2f4/current/containerDir0/1/metadata/1-dn-container.db
	at org.apache.hadoop.utils.RocksDBStore.<init>(RocksDBStore.java:87)
	at org.apache.hadoop.utils.MetadataStoreBuilder.build(MetadataStoreBuilder.java:137)
	at org.apache.hadoop.ozone.container.common.utils.ContainerCache.getDB(ContainerCache.java:129)
	at org.apache.hadoop.ozone.container.keyvalue.helpers.BlockUtils.getDB(BlockUtils.java:77)
	at org.apache.hadoop.ozone.container.keyvalue.statemachine.background.BlockDeletingService$BlockDeletingTask.call(BlockDeletingService.java:188)
	at org.apache.hadoop.ozone.container.keyvalue.statemachine.background.BlockDeletingService$BlockDeletingTask.call(BlockDeletingService.java:172)
	at java.util.concurrent.FutureTask.run(FutureTask.java:266)
	at java.util.concurrent.Executors$RunnableAdapter.call(Executors.java:511)
	at java.util.concurrent.FutureTask.run(FutureTask.java:266)
	at java.util.concurrent.Executors$RunnableAdapter.call(Executors.java:511)
	at java.util.concurrent.FutureTask.run(FutureTask.java:266)
	at java.util.concurrent.ScheduledThreadPoolExecutor$ScheduledFutureTask.access$201(ScheduledThreadPoolExecutor.java:180)
	at java.util.concurrent.ScheduledThreadPoolExecutor$ScheduledFutureTask.run(ScheduledThreadPoolExecutor.java:293)
	at java.util.concurrent.ThreadPoolExecutor.runWorker(ThreadPoolExecutor.java:1149)
	at java.util.concurrent.ThreadPoolExecutor$Worker.run(ThreadPoolExecutor.java:624)
	at java.lang.Thread.run(Thread.java:748)
Caused by: org.rocksdb.RocksDBException: While mkdir if missing: /opt/src/hadoop-ozone/integration-test/target/test-dir/MiniOzoneClusterImpl-869c8c0d-6a5a-4d77-b402-f67e80feef85/datanode-0/data/containers/hdds/02d1f6b8-f026-4f59-9974-24481a7be2f4/current/containerDir0/1/metadata/1-dn-container.db: No such file or directory
	at org.rocksdb.RocksDB.open(Native Method)
	at org.rocksdb.RocksDB.open(RocksDB.java:231)
	at org.apache.hadoop.utils.RocksDBStore.<init>(RocksDBStore.java:71)
	... 15 more
2019-06-12 13:51:12,617 ERROR utils.ContainerCache (ContainerCache.java:getDB(137)) - Error opening DB. Container:5 ContainerPath:/opt/src/hadoop-ozone/integration-test/target/test-dir/MiniOzoneClusterImpl-869c8c0d-6a5a-4d77-b402-f67e80feef85/datanode-0/data/containers/hdds/02d1f6b8-f026-4f59-9974-24481a7be2f4/current/containerDir0/5/metadata/5-dn-container.db
java.io.IOException: Failed init RocksDB, db path : /opt/src/hadoop-ozone/integration-test/target/test-dir/MiniOzoneClusterImpl-869c8c0d-6a5a-4d77-b402-f67e80feef85/datanode-0/data/containers/hdds/02d1f6b8-f026-4f59-9974-24481a7be2f4/current/containerDir0/5/metadata/5-dn-container.db
	at org.apache.hadoop.utils.RocksDBStore.<init>(RocksDBStore.java:87)
	at org.apache.hadoop.utils.MetadataStoreBuilder.build(MetadataStoreBuilder.java:137)
	at org.apache.hadoop.ozone.container.common.utils.ContainerCache.getDB(ContainerCache.java:129)
	at org.apache.hadoop.ozone.container.keyvalue.helpers.BlockUtils.getDB(BlockUtils.java:77)
	at org.apache.hadoop.ozone.container.keyvalue.statemachine.background.BlockDeletingService$BlockDeletingTask.call(BlockDeletingService.java:188)
	at org.apache.hadoop.ozone.container.keyvalue.statemachine.background.BlockDeletingService$BlockDeletingTask.call(BlockDeletingService.java:172)
	at java.util.concurrent.FutureTask.run(FutureTask.java:266)
	at java.util.concurrent.Executors$RunnableAdapter.call(Executors.java:511)
	at java.util.concurrent.FutureTask.run(FutureTask.java:266)
	at java.util.concurrent.Executors$RunnableAdapter.call(Executors.java:511)
	at java.util.concurrent.FutureTask.run(FutureTask.java:266)
	at java.util.concurrent.ScheduledThreadPoolExecutor$ScheduledFutureTask.access$201(ScheduledThreadPoolExecutor.java:180)
	at java.util.concurrent.ScheduledThreadPoolExecutor$ScheduledFutureTask.run(ScheduledThreadPoolExecutor.java:293)
	at java.util.concurrent.ThreadPoolExecutor.runWorker(ThreadPoolExecutor.java:1149)
	at java.util.concurrent.ThreadPoolExecutor$Worker.run(ThreadPoolExecutor.java:624)
	at java.lang.Thread.run(Thread.java:748)
Caused by: org.rocksdb.RocksDBException: While mkdir if missing: /opt/src/hadoop-ozone/integration-test/target/test-dir/MiniOzoneClusterImpl-869c8c0d-6a5a-4d77-b402-f67e80feef85/datanode-0/data/containers/hdds/02d1f6b8-f026-4f59-9974-24481a7be2f4/current/containerDir0/5/metadata/5-dn-container.db: No such file or directory
	at org.rocksdb.RocksDB.open(Native Method)
	at org.rocksdb.RocksDB.open(RocksDB.java:231)
	at org.apache.hadoop.utils.RocksDBStore.<init>(RocksDBStore.java:71)
	... 15 more
2019-06-12 13:51:12,618 WARN  utils.BackgroundService (BackgroundService.java:lambda$run$0(135)) - Background task fails to execute, retrying in next interval
java.util.concurrent.ExecutionException: org.apache.hadoop.hdds.scm.container.common.helpers.StorageContainerException: Error opening DB. Container:5 ContainerPath:/opt/src/hadoop-ozone/integration-test/target/test-dir/MiniOzoneClusterImpl-869c8c0d-6a5a-4d77-b402-f67e80feef85/datanode-0/data/containers/hdds/02d1f6b8-f026-4f59-9974-24481a7be2f4/current/containerDir0/5/metadata/5-dn-container.db
	at java.util.concurrent.FutureTask.report(FutureTask.java:122)
	at java.util.concurrent.FutureTask.get(FutureTask.java:206)
	at org.apache.hadoop.utils.BackgroundService$PeriodicalTask.lambda$run$0(BackgroundService.java:129)
	at java.util.stream.ForEachOps$ForEachOp$OfRef.accept(ForEachOps.java:184)
	at java.util.ArrayList$ArrayListSpliterator.forEachRemaining(ArrayList.java:1382)
	at java.util.stream.AbstractPipeline.copyInto(AbstractPipeline.java:482)
	at java.util.stream.ForEachOps$ForEachTask.compute(ForEachOps.java:291)
	at java.util.concurrent.CountedCompleter.exec(CountedCompleter.java:731)
	at java.util.concurrent.ForkJoinTask.doExec(ForkJoinTask.java:289)
	at java.util.concurrent.ForkJoinPool$WorkQueue.runTask(ForkJoinPool.java:1056)
	at java.util.concurrent.ForkJoinPool.runWorker(ForkJoinPool.java:1692)
	at java.util.concurrent.ForkJoinWorkerThread.run(ForkJoinWorkerThread.java:157)
Caused by: org.apache.hadoop.hdds.scm.container.common.helpers.StorageContainerException: Error opening DB. Container:5 ContainerPath:/opt/src/hadoop-ozone/integration-test/target/test-dir/MiniOzoneClusterImpl-869c8c0d-6a5a-4d77-b402-f67e80feef85/datanode-0/data/containers/hdds/02d1f6b8-f026-4f59-9974-24481a7be2f4/current/containerDir0/5/metadata/5-dn-container.db
	at org.apache.hadoop.ozone.container.keyvalue.helpers.BlockUtils.getDB(BlockUtils.java:84)
	at org.apache.hadoop.ozone.container.keyvalue.statemachine.background.BlockDeletingService$BlockDeletingTask.call(BlockDeletingService.java:188)
	at org.apache.hadoop.ozone.container.keyvalue.statemachine.background.BlockDeletingService$BlockDeletingTask.call(BlockDeletingService.java:172)
	at java.util.concurrent.FutureTask.run(FutureTask.java:266)
	at java.util.concurrent.Executors$RunnableAdapter.call(Executors.java:511)
	at java.util.concurrent.FutureTask.run(FutureTask.java:266)
	at java.util.concurrent.Executors$RunnableAdapter.call(Executors.java:511)
	at java.util.concurrent.FutureTask.run(FutureTask.java:266)
	at java.util.concurrent.ScheduledThreadPoolExecutor$ScheduledFutureTask.access$201(ScheduledThreadPoolExecutor.java:180)
	at java.util.concurrent.ScheduledThreadPoolExecutor$ScheduledFutureTask.run(ScheduledThreadPoolExecutor.java:293)
	at java.util.concurrent.ThreadPoolExecutor.runWorker(ThreadPoolExecutor.java:1149)
	at java.util.concurrent.ThreadPoolExecutor$Worker.run(ThreadPoolExecutor.java:624)
	at java.lang.Thread.run(Thread.java:748)
2019-06-12 13:51:12,618 ERROR utils.ContainerCache (ContainerCache.java:getDB(137)) - Error opening DB. Container:4 ContainerPath:/opt/src/hadoop-ozone/integration-test/target/test-dir/MiniOzoneClusterImpl-869c8c0d-6a5a-4d77-b402-f67e80feef85/datanode-0/data/containers/hdds/02d1f6b8-f026-4f59-9974-24481a7be2f4/current/containerDir0/4/metadata/4-dn-container.db
java.io.IOException: Failed init RocksDB, db path : /opt/src/hadoop-ozone/integration-test/target/test-dir/MiniOzoneClusterImpl-869c8c0d-6a5a-4d77-b402-f67e80feef85/datanode-0/data/containers/hdds/02d1f6b8-f026-4f59-9974-24481a7be2f4/current/containerDir0/4/metadata/4-dn-container.db
	at org.apache.hadoop.utils.RocksDBStore.<init>(RocksDBStore.java:87)
	at org.apache.hadoop.utils.MetadataStoreBuilder.build(MetadataStoreBuilder.java:137)
	at org.apache.hadoop.ozone.container.common.utils.ContainerCache.getDB(ContainerCache.java:129)
	at org.apache.hadoop.ozone.container.keyvalue.helpers.BlockUtils.getDB(BlockUtils.java:77)
	at org.apache.hadoop.ozone.container.keyvalue.statemachine.background.BlockDeletingService$BlockDeletingTask.call(BlockDeletingService.java:188)
	at org.apache.hadoop.ozone.container.keyvalue.statemachine.background.BlockDeletingService$BlockDeletingTask.call(BlockDeletingService.java:172)
	at java.util.concurrent.FutureTask.run(FutureTask.java:266)
	at java.util.concurrent.Executors$RunnableAdapter.call(Executors.java:511)
	at java.util.concurrent.FutureTask.run(FutureTask.java:266)
	at java.util.concurrent.Executors$RunnableAdapter.call(Executors.java:511)
	at java.util.concurrent.FutureTask.run(FutureTask.java:266)
	at java.util.concurrent.ScheduledThreadPoolExecutor$ScheduledFutureTask.access$201(ScheduledThreadPoolExecutor.java:180)
	at java.util.concurrent.ScheduledThreadPoolExecutor$ScheduledFutureTask.run(ScheduledThreadPoolExecutor.java:293)
	at java.util.concurrent.ThreadPoolExecutor.runWorker(ThreadPoolExecutor.java:1149)
	at java.util.concurrent.ThreadPoolExecutor$Worker.run(ThreadPoolExecutor.java:624)
	at java.lang.Thread.run(Thread.java:748)
Caused by: org.rocksdb.RocksDBException: While mkdir if missing: /opt/src/hadoop-ozone/integration-test/target/test-dir/MiniOzoneClusterImpl-869c8c0d-6a5a-4d77-b402-f67e80feef85/datanode-0/data/containers/hdds/02d1f6b8-f026-4f59-9974-24481a7be2f4/current/containerDir0/4/metadata/4-dn-container.db: No such file or directory
	at org.rocksdb.RocksDB.open(Native Method)
	at org.rocksdb.RocksDB.open(RocksDB.java:231)
	at org.apache.hadoop.utils.RocksDBStore.<init>(RocksDBStore.java:71)
	... 15 more
2019-06-12 13:51:12,618 WARN  utils.BackgroundService (BackgroundService.java:lambda$run$0(135)) - Background task fails to execute, retrying in next interval
java.util.concurrent.ExecutionException: org.apache.hadoop.hdds.scm.container.common.helpers.StorageContainerException: Error opening DB. Container:1 ContainerPath:/opt/src/hadoop-ozone/integration-test/target/test-dir/MiniOzoneClusterImpl-869c8c0d-6a5a-4d77-b402-f67e80feef85/datanode-0/data/containers/hdds/02d1f6b8-f026-4f59-9974-24481a7be2f4/current/containerDir0/1/metadata/1-dn-container.db
	at java.util.concurrent.FutureTask.report(FutureTask.java:122)
	at java.util.concurrent.FutureTask.get(FutureTask.java:206)
	at org.apache.hadoop.utils.BackgroundService$PeriodicalTask.lambda$run$0(BackgroundService.java:129)
	at java.util.stream.ForEachOps$ForEachOp$OfRef.accept(ForEachOps.java:184)
	at java.util.ArrayList$ArrayListSpliterator.forEachRemaining(ArrayList.java:1382)
	at java.util.stream.AbstractPipeline.copyInto(AbstractPipeline.java:482)
	at java.util.stream.ForEachOps$ForEachTask.compute(ForEachOps.java:291)
	at java.util.concurrent.CountedCompleter.exec(CountedCompleter.java:731)
	at java.util.concurrent.ForkJoinTask.doExec(ForkJoinTask.java:289)
	at java.util.concurrent.ForkJoinPool$WorkQueue.execLocalTasks(ForkJoinPool.java:1040)
	at java.util.concurrent.ForkJoinPool$WorkQueue.runTask(ForkJoinPool.java:1058)
	at java.util.concurrent.ForkJoinPool.runWorker(ForkJoinPool.java:1692)
	at java.util.concurrent.ForkJoinWorkerThread.run(ForkJoinWorkerThread.java:157)
Caused by: org.apache.hadoop.hdds.scm.container.common.helpers.StorageContainerException: Error opening DB. Container:1 ContainerPath:/opt/src/hadoop-ozone/integration-test/target/test-dir/MiniOzoneClusterImpl-869c8c0d-6a5a-4d77-b402-f67e80feef85/datanode-0/data/containers/hdds/02d1f6b8-f026-4f59-9974-24481a7be2f4/current/containerDir0/1/metadata/1-dn-container.db
	at org.apache.hadoop.ozone.container.keyvalue.helpers.BlockUtils.getDB(BlockUtils.java:84)
	at org.apache.hadoop.ozone.container.keyvalue.statemachine.background.BlockDeletingService$BlockDeletingTask.call(BlockDeletingService.java:188)
	at org.apache.hadoop.ozone.container.keyvalue.statemachine.background.BlockDeletingService$BlockDeletingTask.call(BlockDeletingService.java:172)
	at java.util.concurrent.FutureTask.run(FutureTask.java:266)
	at java.util.concurrent.Executors$RunnableAdapter.call(Executors.java:511)
	at java.util.concurrent.FutureTask.run(FutureTask.java:266)
	at java.util.concurrent.Executors$RunnableAdapter.call(Executors.java:511)
	at java.util.concurrent.FutureTask.run(FutureTask.java:266)
	at java.util.concurrent.ScheduledThreadPoolExecutor$ScheduledFutureTask.access$201(ScheduledThreadPoolExecutor.java:180)
	at java.util.concurrent.ScheduledThreadPoolExecutor$ScheduledFutureTask.run(ScheduledThreadPoolExecutor.java:293)
	at java.util.concurrent.ThreadPoolExecutor.runWorker(ThreadPoolExecutor.java:1149)
	at java.util.concurrent.ThreadPoolExecutor$Worker.run(ThreadPoolExecutor.java:624)
	at java.lang.Thread.run(Thread.java:748)
2019-06-12 13:51:12,618 WARN  utils.BackgroundService (BackgroundService.java:lambda$run$0(135)) - Background task fails to execute, retrying in next interval
java.util.concurrent.ExecutionException: org.apache.hadoop.hdds.scm.container.common.helpers.StorageContainerException: Error opening DB. Container:4 ContainerPath:/opt/src/hadoop-ozone/integration-test/target/test-dir/MiniOzoneClusterImpl-869c8c0d-6a5a-4d77-b402-f67e80feef85/datanode-0/data/containers/hdds/02d1f6b8-f026-4f59-9974-24481a7be2f4/current/containerDir0/4/metadata/4-dn-container.db
	at java.util.concurrent.FutureTask.report(FutureTask.java:122)
	at java.util.concurrent.FutureTask.get(FutureTask.java:206)
	at org.apache.hadoop.utils.BackgroundService$PeriodicalTask.lambda$run$0(BackgroundService.java:129)
	at java.util.stream.ForEachOps$ForEachOp$OfRef.accept(ForEachOps.java:184)
	at java.util.ArrayList$ArrayListSpliterator.forEachRemaining(ArrayList.java:1382)
	at java.util.stream.AbstractPipeline.copyInto(AbstractPipeline.java:482)
	at java.util.stream.ForEachOps$ForEachTask.compute(ForEachOps.java:291)
	at java.util.concurrent.CountedCompleter.exec(CountedCompleter.java:731)
	at java.util.concurrent.ForkJoinTask.doExec(ForkJoinTask.java:289)
	at java.util.concurrent.ForkJoinTask.doInvoke(ForkJoinTask.java:401)
	at java.util.concurrent.ForkJoinTask.invoke(ForkJoinTask.java:734)
	at java.util.stream.ForEachOps$ForEachOp.evaluateParallel(ForEachOps.java:160)
	at java.util.stream.ForEachOps$ForEachOp$OfRef.evaluateParallel(ForEachOps.java:174)
	at java.util.stream.AbstractPipeline.evaluate(AbstractPipeline.java:233)
	at java.util.stream.ReferencePipeline.forEach(ReferencePipeline.java:418)
	at java.util.stream.ReferencePipeline$Head.forEach(ReferencePipeline.java:583)
	at org.apache.hadoop.utils.BackgroundService$PeriodicalTask.run(BackgroundService.java:125)
	at java.util.concurrent.Executors$RunnableAdapter.call(Executors.java:511)
	at java.util.concurrent.FutureTask.runAndReset(FutureTask.java:308)
	at java.util.concurrent.ScheduledThreadPoolExecutor$ScheduledFutureTask.access$301(ScheduledThreadPoolExecutor.java:180)
	at java.util.concurrent.ScheduledThreadPoolExecutor$ScheduledFutureTask.run(ScheduledThreadPoolExecutor.java:294)
	at java.util.concurrent.ThreadPoolExecutor.runWorker(ThreadPoolExecutor.java:1149)
	at java.util.concurrent.ThreadPoolExecutor$Worker.run(ThreadPoolExecutor.java:624)
	at java.lang.Thread.run(Thread.java:748)
Caused by: org.apache.hadoop.hdds.scm.container.common.helpers.StorageContainerException: Error opening DB. Container:4 ContainerPath:/opt/src/hadoop-ozone/integration-test/target/test-dir/MiniOzoneClusterImpl-869c8c0d-6a5a-4d77-b402-f67e80feef85/datanode-0/data/containers/hdds/02d1f6b8-f026-4f59-9974-24481a7be2f4/current/containerDir0/4/metadata/4-dn-container.db
	at org.apache.hadoop.ozone.container.keyvalue.helpers.BlockUtils.getDB(BlockUtils.java:84)
	at org.apache.hadoop.ozone.container.keyvalue.statemachine.background.BlockDeletingService$BlockDeletingTask.call(BlockDeletingService.java:188)
	at org.apache.hadoop.ozone.container.keyvalue.statemachine.background.BlockDeletingService$BlockDeletingTask.call(BlockDeletingService.java:172)
	at java.util.concurrent.FutureTask.run(FutureTask.java:266)
	at java.util.concurrent.Executors$RunnableAdapter.call(Executors.java:511)
	at java.util.concurrent.FutureTask.run(FutureTask.java:266)
	at java.util.concurrent.Executors$RunnableAdapter.call(Executors.java:511)
	at java.util.concurrent.FutureTask.run(FutureTask.java:266)
	at java.util.concurrent.ScheduledThreadPoolExecutor$ScheduledFutureTask.access$201(ScheduledThreadPoolExecutor.java:180)
	at java.util.concurrent.ScheduledThreadPoolExecutor$ScheduledFutureTask.run(ScheduledThreadPoolExecutor.java:293)
	... 3 more
2019-06-12 13:51:12,618 ERROR utils.ContainerCache (ContainerCache.java:getDB(137)) - Error opening DB. Container:3 ContainerPath:/opt/src/hadoop-ozone/integration-test/target/test-dir/MiniOzoneClusterImpl-869c8c0d-6a5a-4d77-b402-f67e80feef85/datanode-0/data/containers/hdds/02d1f6b8-f026-4f59-9974-24481a7be2f4/current/containerDir0/3/metadata/3-dn-container.db
java.io.IOException: Failed init RocksDB, db path : /opt/src/hadoop-ozone/integration-test/target/test-dir/MiniOzoneClusterImpl-869c8c0d-6a5a-4d77-b402-f67e80feef85/datanode-0/data/containers/hdds/02d1f6b8-f026-4f59-9974-24481a7be2f4/current/containerDir0/3/metadata/3-dn-container.db
	at org.apache.hadoop.utils.RocksDBStore.<init>(RocksDBStore.java:87)
	at org.apache.hadoop.utils.MetadataStoreBuilder.build(MetadataStoreBuilder.java:137)
	at org.apache.hadoop.ozone.container.common.utils.ContainerCache.getDB(ContainerCache.java:129)
	at org.apache.hadoop.ozone.container.keyvalue.helpers.BlockUtils.getDB(BlockUtils.java:77)
	at org.apache.hadoop.ozone.container.keyvalue.statemachine.background.BlockDeletingService$BlockDeletingTask.call(BlockDeletingService.java:188)
	at org.apache.hadoop.ozone.container.keyvalue.statemachine.background.BlockDeletingService$BlockDeletingTask.call(BlockDeletingService.java:172)
	at java.util.concurrent.FutureTask.run(FutureTask.java:266)
	at java.util.concurrent.Executors$RunnableAdapter.call(Executors.java:511)
	at java.util.concurrent.FutureTask.run(FutureTask.java:266)
	at java.util.concurrent.Executors$RunnableAdapter.call(Executors.java:511)
	at java.util.concurrent.FutureTask.run(FutureTask.java:266)
	at java.util.concurrent.ScheduledThreadPoolExecutor$ScheduledFutureTask.access$201(ScheduledThreadPoolExecutor.java:180)
	at java.util.concurrent.ScheduledThreadPoolExecutor$ScheduledFutureTask.run(ScheduledThreadPoolExecutor.java:293)
	at java.util.concurrent.ThreadPoolExecutor.runWorker(ThreadPoolExecutor.java:1149)
	at java.util.concurrent.ThreadPoolExecutor$Worker.run(ThreadPoolExecutor.java:624)
	at java.lang.Thread.run(Thread.java:748)
Caused by: org.rocksdb.RocksDBException: While mkdir if missing: /opt/src/hadoop-ozone/integration-test/target/test-dir/MiniOzoneClusterImpl-869c8c0d-6a5a-4d77-b402-f67e80feef85/datanode-0/data/containers/hdds/02d1f6b8-f026-4f59-9974-24481a7be2f4/current/containerDir0/3/metadata/3-dn-container.db: No such file or directory
	at org.rocksdb.RocksDB.open(Native Method)
	at org.rocksdb.RocksDB.open(RocksDB.java:231)
	at org.apache.hadoop.utils.RocksDBStore.<init>(RocksDBStore.java:71)
	... 15 more
2019-06-12 13:51:12,619 WARN  utils.BackgroundService (BackgroundService.java:lambda$run$0(135)) - Background task fails to execute, retrying in next interval
java.util.concurrent.ExecutionException: org.apache.hadoop.hdds.scm.container.common.helpers.StorageContainerException: Error opening DB. Container:3 ContainerPath:/opt/src/hadoop-ozone/integration-test/target/test-dir/MiniOzoneClusterImpl-869c8c0d-6a5a-4d77-b402-f67e80feef85/datanode-0/data/containers/hdds/02d1f6b8-f026-4f59-9974-24481a7be2f4/current/containerDir0/3/metadata/3-dn-container.db
	at java.util.concurrent.FutureTask.report(FutureTask.java:122)
	at java.util.concurrent.FutureTask.get(FutureTask.java:206)
	at org.apache.hadoop.utils.BackgroundService$PeriodicalTask.lambda$run$0(BackgroundService.java:129)
	at java.util.stream.ForEachOps$ForEachOp$OfRef.accept(ForEachOps.java:184)
	at java.util.ArrayList$ArrayListSpliterator.forEachRemaining(ArrayList.java:1382)
	at java.util.stream.AbstractPipeline.copyInto(AbstractPipeline.java:482)
	at java.util.stream.ForEachOps$ForEachTask.compute(ForEachOps.java:291)
	at java.util.concurrent.CountedCompleter.exec(CountedCompleter.java:731)
	at java.util.concurrent.ForkJoinTask.doExec(ForkJoinTask.java:289)
	at java.util.concurrent.ForkJoinPool$WorkQueue.pollAndExecCC(ForkJoinPool.java:1190)
	at java.util.concurrent.ForkJoinPool.helpComplete(ForkJoinPool.java:1879)
	at java.util.concurrent.ForkJoinPool.externalHelpComplete(ForkJoinPool.java:2467)
	at java.util.concurrent.ForkJoinTask.externalAwaitDone(ForkJoinTask.java:324)
	at java.util.concurrent.ForkJoinTask.doInvoke(ForkJoinTask.java:405)
	at java.util.concurrent.ForkJoinTask.invoke(ForkJoinTask.java:734)
	at java.util.stream.ForEachOps$ForEachOp.evaluateParallel(ForEachOps.java:160)
	at java.util.stream.ForEachOps$ForEachOp$OfRef.evaluateParallel(ForEachOps.java:174)
	at java.util.stream.AbstractPipeline.evaluate(AbstractPipeline.java:233)
	at java.util.stream.ReferencePipeline.forEach(ReferencePipeline.java:418)
	at java.util.stream.ReferencePipeline$Head.forEach(ReferencePipeline.java:583)
	at org.apache.hadoop.utils.BackgroundService$PeriodicalTask.run(BackgroundService.java:125)
	at java.util.concurrent.Executors$RunnableAdapter.call(Executors.java:511)
	at java.util.concurrent.FutureTask.runAndReset(FutureTask.java:308)
	at java.util.concurrent.ScheduledThreadPoolExecutor$ScheduledFutureTask.access$301(ScheduledThreadPoolExecutor.java:180)
	at java.util.concurrent.ScheduledThreadPoolExecutor$ScheduledFutureTask.run(ScheduledThreadPoolExecutor.java:294)
	at java.util.concurrent.ThreadPoolExecutor.runWorker(ThreadPoolExecutor.java:1149)
	at java.util.concurrent.ThreadPoolExecutor$Worker.run(ThreadPoolExecutor.java:624)
	at java.lang.Thread.run(Thread.java:748)
Caused by: org.apache.hadoop.hdds.scm.container.common.helpers.StorageContainerException: Error opening DB. Container:3 ContainerPath:/opt/src/hadoop-ozone/integration-test/target/test-dir/MiniOzoneClusterImpl-869c8c0d-6a5a-4d77-b402-f67e80feef85/datanode-0/data/containers/hdds/02d1f6b8-f026-4f59-9974-24481a7be2f4/current/containerDir0/3/metadata/3-dn-container.db
	at org.apache.hadoop.ozone.container.keyvalue.helpers.BlockUtils.getDB(BlockUtils.java:84)
	at org.apache.hadoop.ozone.container.keyvalue.statemachine.background.BlockDeletingService$BlockDeletingTask.call(BlockDeletingService.java:188)
	at org.apache.hadoop.ozone.container.keyvalue.statemachine.background.BlockDeletingService$BlockDeletingTask.call(BlockDeletingService.java:172)
	at java.util.concurrent.FutureTask.run(FutureTask.java:266)
	at java.util.concurrent.Executors$RunnableAdapter.call(Executors.java:511)
	at java.util.concurrent.FutureTask.run(FutureTask.java:266)
	at java.util.concurrent.Executors$RunnableAdapter.call(Executors.java:511)
	at java.util.concurrent.FutureTask.run(FutureTask.java:266)
	at java.util.concurrent.ScheduledThreadPoolExecutor$ScheduledFutureTask.access$201(ScheduledThreadPoolExecutor.java:180)
	at java.util.concurrent.ScheduledThreadPoolExecutor$ScheduledFutureTask.run(ScheduledThreadPoolExecutor.java:293)
	... 3 more
2019-06-12 13:51:12,619 ERROR utils.ContainerCache (ContainerCache.java:getDB(137)) - Error opening DB. Container:2 ContainerPath:/opt/src/hadoop-ozone/integration-test/target/test-dir/MiniOzoneClusterImpl-869c8c0d-6a5a-4d77-b402-f67e80feef85/datanode-0/data/containers/hdds/02d1f6b8-f026-4f59-9974-24481a7be2f4/current/containerDir0/2/metadata/2-dn-container.db
java.io.IOException: Failed init RocksDB, db path : /opt/src/hadoop-ozone/integration-test/target/test-dir/MiniOzoneClusterImpl-869c8c0d-6a5a-4d77-b402-f67e80feef85/datanode-0/data/containers/hdds/02d1f6b8-f026-4f59-9974-24481a7be2f4/current/containerDir0/2/metadata/2-dn-container.db
	at org.apache.hadoop.utils.RocksDBStore.<init>(RocksDBStore.java:87)
	at org.apache.hadoop.utils.MetadataStoreBuilder.build(MetadataStoreBuilder.java:137)
	at org.apache.hadoop.ozone.container.common.utils.ContainerCache.getDB(ContainerCache.java:129)
	at org.apache.hadoop.ozone.container.keyvalue.helpers.BlockUtils.getDB(BlockUtils.java:77)
	at org.apache.hadoop.ozone.container.keyvalue.statemachine.background.BlockDeletingService$BlockDeletingTask.call(BlockDeletingService.java:188)
	at org.apache.hadoop.ozone.container.keyvalue.statemachine.background.BlockDeletingService$BlockDeletingTask.call(BlockDeletingService.java:172)
	at java.util.concurrent.FutureTask.run(FutureTask.java:266)
	at java.util.concurrent.Executors$RunnableAdapter.call(Executors.java:511)
	at java.util.concurrent.FutureTask.run(FutureTask.java:266)
	at java.util.concurrent.Executors$RunnableAdapter.call(Executors.java:511)
	at java.util.concurrent.FutureTask.run(FutureTask.java:266)
	at java.util.concurrent.ScheduledThreadPoolExecutor$ScheduledFutureTask.access$201(ScheduledThreadPoolExecutor.java:180)
	at java.util.concurrent.ScheduledThreadPoolExecutor$ScheduledFutureTask.run(ScheduledThreadPoolExecutor.java:293)
	at java.util.concurrent.ThreadPoolExecutor.runWorker(ThreadPoolExecutor.java:1149)
	at java.util.concurrent.ThreadPoolExecutor$Worker.run(ThreadPoolExecutor.java:624)
	at java.lang.Thread.run(Thread.java:748)
Caused by: org.rocksdb.RocksDBException: While mkdir if missing: /opt/src/hadoop-ozone/integration-test/target/test-dir/MiniOzoneClusterImpl-869c8c0d-6a5a-4d77-b402-f67e80feef85/datanode-0/data/containers/hdds/02d1f6b8-f026-4f59-9974-24481a7be2f4/current/containerDir0/2/metadata/2-dn-container.db: No such file or directory
	at org.rocksdb.RocksDB.open(Native Method)
	at org.rocksdb.RocksDB.open(RocksDB.java:231)
	at org.apache.hadoop.utils.RocksDBStore.<init>(RocksDBStore.java:71)
	... 15 more
2019-06-12 13:51:12,619 WARN  utils.BackgroundService (BackgroundService.java:lambda$run$0(135)) - Background task fails to execute, retrying in next interval
java.util.concurrent.ExecutionException: org.apache.hadoop.hdds.scm.container.common.helpers.StorageContainerException: Error opening DB. Container:2 ContainerPath:/opt/src/hadoop-ozone/integration-test/target/test-dir/MiniOzoneClusterImpl-869c8c0d-6a5a-4d77-b402-f67e80feef85/datanode-0/data/containers/hdds/02d1f6b8-f026-4f59-9974-24481a7be2f4/current/containerDir0/2/metadata/2-dn-container.db
	at java.util.concurrent.FutureTask.report(FutureTask.java:122)
	at java.util.concurrent.FutureTask.get(FutureTask.java:206)
	at org.apache.hadoop.utils.BackgroundService$PeriodicalTask.lambda$run$0(BackgroundService.java:129)
	at java.util.stream.ForEachOps$ForEachOp$OfRef.accept(ForEachOps.java:184)
	at java.util.ArrayList$ArrayListSpliterator.forEachRemaining(ArrayList.java:1382)
	at java.util.stream.AbstractPipeline.copyInto(AbstractPipeline.java:482)
	at java.util.stream.ForEachOps$ForEachTask.compute(ForEachOps.java:291)
	at java.util.concurrent.CountedCompleter.exec(CountedCompleter.java:731)
	at java.util.concurrent.ForkJoinTask.doExec(ForkJoinTask.java:289)
	at java.util.concurrent.ForkJoinPool$WorkQueue.runTask(ForkJoinPool.java:1056)
	at java.util.concurrent.ForkJoinPool.runWorker(ForkJoinPool.java:1692)
	at java.util.concurrent.ForkJoinWorkerThread.run(ForkJoinWorkerThread.java:157)
Caused by: org.apache.hadoop.hdds.scm.container.common.helpers.StorageContainerException: Error opening DB. Container:2 ContainerPath:/opt/src/hadoop-ozone/integration-test/target/test-dir/MiniOzoneClusterImpl-869c8c0d-6a5a-4d77-b402-f67e80feef85/datanode-0/data/containers/hdds/02d1f6b8-f026-4f59-9974-24481a7be2f4/current/containerDir0/2/metadata/2-dn-container.db
	at org.apache.hadoop.ozone.container.keyvalue.helpers.BlockUtils.getDB(BlockUtils.java:84)
	at org.apache.hadoop.ozone.container.keyvalue.statemachine.background.BlockDeletingService$BlockDeletingTask.call(BlockDeletingService.java:188)
	at org.apache.hadoop.ozone.container.keyvalue.statemachine.background.BlockDeletingService$BlockDeletingTask.call(BlockDeletingService.java:172)
	at java.util.concurrent.FutureTask.run(FutureTask.java:266)
	at java.util.concurrent.Executors$RunnableAdapter.call(Executors.java:511)
	at java.util.concurrent.FutureTask.run(FutureTask.java:266)
	at java.util.concurrent.Executors$RunnableAdapter.call(Executors.java:511)
	at java.util.concurrent.FutureTask.run(FutureTask.java:266)
	at java.util.concurrent.ScheduledThreadPoolExecutor$ScheduledFutureTask.access$201(ScheduledThreadPoolExecutor.java:180)
	at java.util.concurrent.ScheduledThreadPoolExecutor$ScheduledFutureTask.run(ScheduledThreadPoolExecutor.java:293)
	at java.util.concurrent.ThreadPoolExecutor.runWorker(ThreadPoolExecutor.java:1149)
	at java.util.concurrent.ThreadPoolExecutor$Worker.run(ThreadPoolExecutor.java:624)
	at java.lang.Thread.run(Thread.java:748)
2019-06-12 13:51:12,861 INFO  ozone.MiniOzoneClusterImpl (MiniOzoneClusterImpl.java:lambda$waitForClusterToBeReady$0(142)) - Cluster is ready. Got 1 of 1 DN Heartbeats.
2019-06-12 13:51:12,862 INFO  node.SCMNodeManager (SCMNodeManager.java:register(234)) - Registered Data node : 495360f2-87b9-4271-b81b-8a59321c0dd7{ip: 192.168.11.194, host: ozone-5qnff-1533938733, networkLocation: /default-rack, certSerialId: null}
13:51:12.863 [Thread-625] ERROR SCMAudit - user=null | ip=null | op=DELETE_CONTAINER {remoteUser=unknownUser, containerID=1560347472863} | ret=FAILURE
java.io.IOException: Access denied for user unknownUser. Superuser privilege is required.
	at org.apache.hadoop.hdds.scm.server.StorageContainerManager.checkAdminAccess(StorageContainerManager.java:957) ~[hadoop-hdds-server-scm-0.5.0-SNAPSHOT.jar:?]
	at org.apache.hadoop.hdds.scm.server.SCMClientProtocolServer.deleteContainer(SCMClientProtocolServer.java:326) [hadoop-hdds-server-scm-0.5.0-SNAPSHOT.jar:?]
	at org.apache.hadoop.hdds.scm.server.SCMClientProtocolServer$$EnhancerByMockitoWithCGLIB$$4658669a.CGLIB$deleteContainer$1(<generated>) [mockito-all-1.8.5.jar:?]
	at org.apache.hadoop.hdds.scm.server.SCMClientProtocolServer$$EnhancerByMockitoWithCGLIB$$4658669a$$FastClassByMockitoWithCGLIB$$e90c0e82.invoke(<generated>) [mockito-all-1.8.5.jar:?]
	at org.mockito.cglib.proxy.MethodProxy.invokeSuper(MethodProxy.java:216) [mockito-all-1.8.5.jar:?]
	at org.mockito.internal.creation.AbstractMockitoMethodProxy.invokeSuper(AbstractMockitoMethodProxy.java:10) [mockito-all-1.8.5.jar:?]
	at org.mockito.internal.invocation.realmethod.CGLIBProxyRealMethod.invoke(CGLIBProxyRealMethod.java:22) [mockito-all-1.8.5.jar:?]
	at org.mockito.internal.invocation.realmethod.FilteredCGLIBProxyRealMethod.invoke(FilteredCGLIBProxyRealMethod.java:27) [mockito-all-1.8.5.jar:?]
	at org.mockito.internal.invocation.Invocation.callRealMethod(Invocation.java:211) [mockito-all-1.8.5.jar:?]
	at org.mockito.internal.stubbing.answers.CallsRealMethods.answer(CallsRealMethods.java:36) [mockito-all-1.8.5.jar:?]
	at org.mockito.internal.MockHandler.handle(MockHandler.java:99) [mockito-all-1.8.5.jar:?]
	at org.mockito.internal.creation.MethodInterceptorFilter.intercept(MethodInterceptorFilter.java:47) [mockito-all-1.8.5.jar:?]
	at org.apache.hadoop.hdds.scm.server.SCMClientProtocolServer$$EnhancerByMockitoWithCGLIB$$4658669a.deleteContainer(<generated>) [mockito-all-1.8.5.jar:?]
	at org.apache.hadoop.ozone.TestStorageContainerManager.testRpcPermissionWithConf(TestStorageContainerManager.java:147) [test-classes/:?]
	at org.apache.hadoop.ozone.TestStorageContainerManager.testRpcPermission(TestStorageContainerManager.java:129) [test-classes/:?]
	at sun.reflect.NativeMethodAccessorImpl.invoke0(Native Method) ~[?:1.8.0_212]
	at sun.reflect.NativeMethodAccessorImpl.invoke(NativeMethodAccessorImpl.java:62) ~[?:1.8.0_212]
	at sun.reflect.DelegatingMethodAccessorImpl.invoke(DelegatingMethodAccessorImpl.java:43) ~[?:1.8.0_212]
	at java.lang.reflect.Method.invoke(Method.java:498) ~[?:1.8.0_212]
	at org.junit.runners.model.FrameworkMethod$1.runReflectiveCall(FrameworkMethod.java:47) [junit-4.11.jar:?]
	at org.junit.internal.runners.model.ReflectiveCallable.run(ReflectiveCallable.java:12) [junit-4.11.jar:?]
	at org.junit.runners.model.FrameworkMethod.invokeExplosively(FrameworkMethod.java:44) [junit-4.11.jar:?]
	at org.junit.internal.runners.statements.InvokeMethod.evaluate(InvokeMethod.java:17) [junit-4.11.jar:?]
	at org.junit.internal.runners.statements.FailOnTimeout$StatementThread.run(FailOnTimeout.java:74) [junit-4.11.jar:?]
2019-06-12 13:51:12,865 INFO  ozone.MiniOzoneClusterImpl (MiniOzoneClusterImpl.java:shutdown(321)) - Shutting down the Mini Ozone Cluster
2019-06-12 13:51:12,865 INFO  ozone.MiniOzoneClusterImpl (MiniOzoneClusterImpl.java:stop(336)) - Stopping the Mini Ozone Cluster
2019-06-12 13:51:12,865 INFO  ozone.MiniOzoneClusterImpl (MiniOzoneClusterImpl.java:stop(338)) - Stopping the OzoneManager
2019-06-12 13:51:12,865 INFO  ipc.Server (Server.java:stop(3082)) - Stopping server on 33393
2019-06-12 13:51:12,870 INFO  ipc.Server (Server.java:run(1185)) - Stopping IPC Server listener on 33393
2019-06-12 13:51:12,872 INFO  safemode.SCMSafeModeManager (DataNodeSafeModeRule.java:process(71)) - SCM in safe mode. 1 DataNodes registered, 1 required.
2019-06-12 13:51:12,875 INFO  utils.BackgroundService (BackgroundService.java:shutdown(148)) - Shutting down service KeyDeletingService
2019-06-12 13:51:12,876 INFO  safemode.SCMSafeModeManager (SCMSafeModeManager.java:validateSafeModeExitRules(177)) - ScmSafeModeManager, all rules are successfully validated
2019-06-12 13:51:12,876 INFO  safemode.SCMSafeModeManager (SCMSafeModeManager.java:exitSafeMode(193)) - SCM exiting safe mode.
2019-06-12 13:51:12,876 INFO  ipc.Server (Server.java:run(1319)) - Stopping IPC Server Responder
2019-06-12 13:51:12,880 INFO  handler.ContextHandler (ContextHandler.java:doStop(910)) - Stopped o.e.j.w.WebAppContext@462a6c47{/,null,UNAVAILABLE}{/ozoneManager}
2019-06-12 13:51:12,882 INFO  server.AbstractConnector (AbstractConnector.java:doStop(318)) - Stopped ServerConnector@123a17f3{HTTP/1.1,[http/1.1]}{0.0.0.0:0}
2019-06-12 13:51:12,883 INFO  handler.ContextHandler (ContextHandler.java:doStop(910)) - Stopped o.e.j.s.ServletContextHandler@47535f70{/static,file:///opt/src/hadoop-ozone/integration-test/target/test-classes/webapps/static,UNAVAILABLE}
2019-06-12 13:51:12,883 INFO  handler.ContextHandler (ContextHandler.java:doStop(910)) - Stopped o.e.j.s.ServletContextHandler@2b27c38e{/logs,file:///opt/src/hadoop-ozone/integration-test/target/log,UNAVAILABLE}
2019-06-12 13:51:12,886 INFO  ozone.MiniOzoneClusterImpl (MiniOzoneClusterImpl.java:stop(344)) - Stopping the StorageContainerManager
2019-06-12 13:51:12,886 INFO  server.StorageContainerManager (StorageContainerManager.java:stop(789)) - Stopping Replication Manager Service.
2019-06-12 13:51:12,886 INFO  container.ReplicationManager (ReplicationManager.java:stop(191)) - Replication Monitor Thread is not running.
2019-06-12 13:51:12,886 INFO  server.StorageContainerManager (StorageContainerManager.java:stop(796)) - Stopping Lease Manager of the command watchers
2019-06-12 13:51:12,887 INFO  server.StorageContainerManager (StorageContainerManager.java:stop(803)) - Stopping datanode service RPC server
2019-06-12 13:51:12,887 INFO  server.SCMDatanodeProtocolServer (SCMDatanodeProtocolServer.java:stop(373)) - Stopping the RPC server for DataNodes
2019-06-12 13:51:12,888 INFO  impl.RaftServerProxy (RaftServerProxy.java:addNew(89)) - 495360f2-87b9-4271-b81b-8a59321c0dd7: addNew group-E4958D89CACF:[495360f2-87b9-4271-b81b-8a59321c0dd7:192.168.11.194:38437] returns group-E4958D89CACF:java.util.concurrent.CompletableFuture@27a521d6[Not completed]
2019-06-12 13:51:12,888 INFO  ipc.Server (Server.java:stop(3082)) - Stopping server on 39275
2019-06-12 13:51:12,890 INFO  ipc.Server (Server.java:run(1185)) - Stopping IPC Server listener on 39275
2019-06-12 13:51:12,892 INFO  ipc.Server (Server.java:run(1319)) - Stopping IPC Server Responder
2019-06-12 13:51:12,892 INFO  impl.RaftServerImpl (RaftServerImpl.java:<init>(91)) - 495360f2-87b9-4271-b81b-8a59321c0dd7: new RaftServerImpl for group-E4958D89CACF:[495360f2-87b9-4271-b81b-8a59321c0dd7:192.168.11.194:38437] with ContainerStateMachine:uninitialized
2019-06-12 13:51:12,892 INFO  server.StorageContainerManager (StorageContainerManager.java:stop(811)) - Stopping block service RPC server
2019-06-12 13:51:12,892 INFO  server.SCMBlockProtocolServer (SCMBlockProtocolServer.java:stop(145)) - Stopping the RPC server for Block Protocol
2019-06-12 13:51:12,892 INFO  server.RaftServerConfigKeys (ConfUtils.java:logGet(43)) - raft.server.rpc.timeout.min = 1s (custom)
2019-06-12 13:51:12,892 INFO  ipc.Server (Server.java:stop(3082)) - Stopping server on 43153
2019-06-12 13:51:12,892 INFO  server.RaftServerConfigKeys (ConfUtils.java:logGet(43)) - raft.server.rpc.timeout.max = 1200ms (custom)
2019-06-12 13:51:12,893 INFO  server.RaftServerConfigKeys (ConfUtils.java:logGet(43)) - raft.server.rpcslowness.timeout = 120s (custom)
2019-06-12 13:51:12,893 INFO  server.RaftServerConfigKeys (ConfUtils.java:logGet(43)) - raft.server.log.appender.install.snapshot.enabled = true (default)
2019-06-12 13:51:12,893 INFO  impl.RaftServerImpl (ServerState.java:<init>(101)) - 495360f2-87b9-4271-b81b-8a59321c0dd7:group-E4958D89CACF ConfigurationManager, init=-1: [495360f2-87b9-4271-b81b-8a59321c0dd7:192.168.11.194:38437], old=null, confs=<EMPTY_MAP>
2019-06-12 13:51:12,893 INFO  server.RaftServerConfigKeys (ConfUtils.java:logGet(43)) - raft.server.storage.dir = [/opt/src/hadoop-ozone/integration-test/target/test-dir/MiniOzoneClusterImpl-b1433431-c9d1-45b3-b147-9c88bad5eba8/datanode-0/data/ratis] (custom)
2019-06-12 13:51:12,893 INFO  storage.RaftStorageDirectory (RaftStorageDirectory.java:analyzeStorage(246)) - The storage directory /opt/src/hadoop-ozone/integration-test/target/test-dir/MiniOzoneClusterImpl-b1433431-c9d1-45b3-b147-9c88bad5eba8/datanode-0/data/ratis/d5854936-cd1c-4b57-949c-e4958d89cacf does not exist. Creating ...
2019-06-12 13:51:12,895 INFO  ipc.Server (Server.java:run(1185)) - Stopping IPC Server listener on 43153
2019-06-12 13:51:12,896 INFO  server.StorageContainerManager (StorageContainerManager.java:stop(818)) - Stopping the StorageContainerLocationProtocol RPC server
2019-06-12 13:51:12,896 INFO  server.SCMClientProtocolServer (SCMClientProtocolServer.java:stop(157)) - Stopping the RPC server for Client Protocol
2019-06-12 13:51:12,896 INFO  ipc.Server (Server.java:stop(3082)) - Stopping server on 43549
2019-06-12 13:51:12,896 INFO  storage.RaftStorageDirectory (RaftStorageDirectory.java:tryLock(328)) - Lock on /opt/src/hadoop-ozone/integration-test/target/test-dir/MiniOzoneClusterImpl-b1433431-c9d1-45b3-b147-9c88bad5eba8/datanode-0/data/ratis/d5854936-cd1c-4b57-949c-e4958d89cacf/in_use.lock acquired by nodename 17093@ozone-5qnff-1533938733
2019-06-12 13:51:12,896 INFO  ipc.Server (Server.java:run(1319)) - Stopping IPC Server Responder
2019-06-12 13:51:12,899 INFO  ipc.Server (Server.java:run(1319)) - Stopping IPC Server Responder
2019-06-12 13:51:12,899 INFO  ipc.Server (Server.java:run(1185)) - Stopping IPC Server listener on 43549
2019-06-12 13:51:12,899 INFO  server.StorageContainerManager (StorageContainerManager.java:stop(825)) - Stopping Storage Container Manager HTTP server.
2019-06-12 13:51:12,900 INFO  handler.ContextHandler (ContextHandler.java:doStop(910)) - Stopped o.e.j.w.WebAppContext@bf8ec37{/,null,UNAVAILABLE}{/scm}
2019-06-12 13:51:12,901 INFO  server.AbstractConnector (AbstractConnector.java:doStop(318)) - Stopped ServerConnector@28a49cce{HTTP/1.1,[http/1.1]}{0.0.0.0:0}
2019-06-12 13:51:12,901 INFO  handler.ContextHandler (ContextHandler.java:doStop(910)) - Stopped o.e.j.s.ServletContextHandler@50a185e0{/static,file:///opt/src/hadoop-ozone/integration-test/target/test-classes/webapps/static,UNAVAILABLE}
2019-06-12 13:51:12,901 INFO  handler.ContextHandler (ContextHandler.java:doStop(910)) - Stopped o.e.j.s.ServletContextHandler@6d87f835{/logs,file:///opt/src/hadoop-ozone/integration-test/target/log,UNAVAILABLE}
2019-06-12 13:51:12,902 INFO  server.StorageContainerManager (StorageContainerManager.java:stop(836)) - Stopping Block Manager Service.
2019-06-12 13:51:12,902 INFO  utils.BackgroundService (BackgroundService.java:shutdown(148)) - Shutting down service SCMBlockDeletingService
2019-06-12 13:51:12,902 INFO  utils.BackgroundService (BackgroundService.java:shutdown(148)) - Shutting down service SCMBlockDeletingService
2019-06-12 13:51:12,902 INFO  server.StorageContainerManager (StorageContainerManager.java:stop(858)) - Stopping SCM Event Queue.
2019-06-12 13:51:12,903 INFO  storage.RaftStorage (RaftStorage.java:format(75)) - Storage directory /opt/src/hadoop-ozone/integration-test/target/test-dir/MiniOzoneClusterImpl-b1433431-c9d1-45b3-b147-9c88bad5eba8/datanode-0/data/ratis/d5854936-cd1c-4b57-949c-e4958d89cacf has been successfully formatted.
2019-06-12 13:51:12,907 INFO  ratis.ContainerStateMachine (ContainerStateMachine.java:loadSnapshot(199)) - The snapshot info is null.Setting the last applied index to:(t:0, i:~)
2019-06-12 13:51:12,908 INFO  server.RaftServerConfigKeys (ConfUtils.java:logGet(43)) - raft.server.leader.election.timeout = 120s (custom)
2019-06-12 13:51:12,908 INFO  server.RaftServerConfigKeys (ConfUtils.java:logGet(43)) - raft.server.log.use.memory = false (default)
2019-06-12 13:51:12,908 INFO  server.RaftServerConfigKeys (ConfUtils.java:logGet(43)) - raft.server.log.appender.buffer.byte-limit = 33554432 (custom)
2019-06-12 13:51:12,908 INFO  server.RaftServerConfigKeys (ConfUtils.java:logGet(43)) - raft.server.log.segment.size.max = 16384 (custom)
2019-06-12 13:51:12,910 INFO  server.RaftServerConfigKeys (ConfUtils.java:logGet(43)) - raft.server.log.segment.cache.num.max = 2 (custom)
2019-06-12 13:51:12,910 INFO  storage.RaftLogWorker (RaftLogWorker.java:<init>(123)) - new 495360f2-87b9-4271-b81b-8a59321c0dd7-RaftLogWorker for Storage Directory /opt/src/hadoop-ozone/integration-test/target/test-dir/MiniOzoneClusterImpl-b1433431-c9d1-45b3-b147-9c88bad5eba8/datanode-0/data/ratis/d5854936-cd1c-4b57-949c-e4958d89cacf
2019-06-12 13:51:12,910 INFO  server.RaftServerConfigKeys (ConfUtils.java:logGet(43)) - raft.server.log.queue.byte-limit = 2147483647 (custom)
2019-06-12 13:51:12,910 INFO  server.RaftServerConfigKeys (ConfUtils.java:logGet(43)) - raft.server.log.queue.element-limit = 1024 (custom)
2019-06-12 13:51:12,910 INFO  server.RaftServerConfigKeys (ConfUtils.java:logGet(43)) - raft.server.log.segment.size.max = 16384 (custom)
2019-06-12 13:51:12,911 INFO  server.RaftServerConfigKeys (ConfUtils.java:logGet(43)) - raft.server.log.preallocated.size = 16384 (custom)
2019-06-12 13:51:12,911 INFO  server.RaftServerConfigKeys (ConfUtils.java:logGet(43)) - raft.server.log.write.buffer.size = 33554432 (custom)
2019-06-12 13:51:12,911 INFO  server.RaftServerConfigKeys (ConfUtils.java:logGet(43)) - raft.server.log.force.sync.num = 128 (default)
2019-06-12 13:51:12,911 INFO  server.RaftServerConfigKeys (ConfUtils.java:logGet(43)) - raft.server.log.statemachine.data.sync = true (default)
2019-06-12 13:51:12,911 INFO  server.RaftServerConfigKeys (ConfUtils.java:logGet(43)) - raft.server.log.statemachine.data.sync.timeout = 10s (default)
2019-06-12 13:51:12,911 INFO  server.RaftServerConfigKeys (ConfUtils.java:logGet(43)) - raft.server.log.statemachine.data.sync.timeout.retry = -1 (default)
2019-06-12 13:51:12,911 INFO  server.RaftServerConfigKeys (ConfUtils.java:logGet(43)) - raft.server.log.statemachine.data.caching.enabled = true (custom)
2019-06-12 13:51:12,912 INFO  server.RaftServerConfigKeys (ConfUtils.java:logGet(43)) - raft.server.snapshot.auto.trigger.enabled = true (custom)
2019-06-12 13:51:12,912 INFO  server.RaftServerConfigKeys (ConfUtils.java:logGet(43)) - raft.server.snapshot.auto.trigger.threshold = 10000 (custom)
2019-06-12 13:51:12,912 INFO  server.RaftServerConfigKeys (ConfUtils.java:logGet(43)) - raft.server.retrycache.expirytime = 600000ms (custom)
2019-06-12 13:51:12,913 INFO  impl.RaftServerImpl (RaftServerImpl.java:start(173)) - 495360f2-87b9-4271-b81b-8a59321c0dd7: start group-E4958D89CACF
2019-06-12 13:51:12,913 INFO  impl.RaftServerImpl (RaftServerImpl.java:setRole(164)) - 495360f2-87b9-4271-b81b-8a59321c0dd7:group-E4958D89CACF changes role from null to FOLLOWER at term 0 for startAsFollower
2019-06-12 13:51:12,913 INFO  impl.RoleInfo (RoleInfo.java:updateAndGet(143)) - 495360f2-87b9-4271-b81b-8a59321c0dd7: start FollowerState
2019-06-12 13:51:12,913 ERROR pipeline.RatisPipelineProvider (RatisPipelineProvider.java:lambda$initializePipeline$4(198)) - Pipeline initialization failed for pipeline:PipelineID=d5854936-cd1c-4b57-949c-e4958d89cacf node:495360f2-87b9-4271-b81b-8a59321c0dd7
2019-06-12 13:51:12,913 INFO  util.JmxRegister (JmxRegister.java:tryRegister(44)) - Successfully registered JMX Bean with object name Ratis:service=RaftServer,group=group-E4958D89CACF,id=495360f2-87b9-4271-b81b-8a59321c0dd7
2019-06-12 13:51:12,913 ERROR pipeline.RatisPipelineProvider (RatisPipelineProvider.java:lambda$null$5(235)) - Failed invoke Ratis rpc org.apache.hadoop.hdds.scm.pipeline.RatisPipelineProvider$$Lambda$167/2145528308@7e1943b3 for 495360f2-87b9-4271-b81b-8a59321c0dd7
java.io.IOException: Pipeline initialization failed for pipeline:PipelineID=d5854936-cd1c-4b57-949c-e4958d89cacf node:495360f2-87b9-4271-b81b-8a59321c0dd7
	at org.apache.hadoop.hdds.scm.pipeline.RatisPipelineProvider.lambda$initializePipeline$4(RatisPipelineProvider.java:199)
	at org.apache.hadoop.hdds.scm.pipeline.RatisPipelineProvider.lambda$null$5(RatisPipelineProvider.java:231)
	at java.util.stream.ForEachOps$ForEachOp$OfRef.accept(ForEachOps.java:184)
	at java.util.ArrayList$ArrayListSpliterator.forEachRemaining(ArrayList.java:1382)
	at java.util.stream.AbstractPipeline.copyInto(AbstractPipeline.java:482)
	at java.util.stream.ForEachOps$ForEachTask.compute(ForEachOps.java:291)
	at java.util.concurrent.CountedCompleter.exec(CountedCompleter.java:731)
	at java.util.concurrent.ForkJoinTask.doExec(ForkJoinTask.java:289)
	at java.util.concurrent.ForkJoinTask.doInvoke(ForkJoinTask.java:401)
	at java.util.concurrent.ForkJoinTask.invoke(ForkJoinTask.java:734)
	at java.util.stream.ForEachOps$ForEachOp.evaluateParallel(ForEachOps.java:160)
	at java.util.stream.ForEachOps$ForEachOp$OfRef.evaluateParallel(ForEachOps.java:174)
	at java.util.stream.AbstractPipeline.evaluate(AbstractPipeline.java:233)
	at java.util.stream.ReferencePipeline.forEach(ReferencePipeline.java:418)
	at java.util.stream.ReferencePipeline$Head.forEach(ReferencePipeline.java:583)
	at org.apache.hadoop.hdds.scm.pipeline.RatisPipelineProvider.lambda$callRatisRpc$6(RatisPipelineProvider.java:225)
	at java.util.concurrent.ForkJoinTask$AdaptedRunnableAction.exec(ForkJoinTask.java:1386)
	at java.util.concurrent.ForkJoinTask.doExec(ForkJoinTask.java:289)
	at java.util.concurrent.ForkJoinPool$WorkQueue.runTask(ForkJoinPool.java:1056)
	at java.util.concurrent.ForkJoinPool.runWorker(ForkJoinPool.java:1692)
	at java.util.concurrent.ForkJoinWorkerThread.run(ForkJoinWorkerThread.java:157)
2019-06-12 13:51:12,914 INFO  ozone.MiniOzoneClusterImpl (MiniOzoneClusterImpl.java:stop(350)) - Shutting the HddsDatanodes
2019-06-12 13:51:12,914 INFO  datanode.ObjectStoreHandler (ObjectStoreHandler.java:close(155)) - Closing ObjectStoreHandler.
2019-06-12 13:51:12,914 INFO  ozone.HddsDatanodeService (HddsDatanodeService.java:stop(452)) - Stopped plug-in org.apache.hadoop.ozone.web.OzoneHddsDatanodeService@6af2045f
2019-06-12 13:51:12,920 INFO  statemachine.DatanodeStateMachine (DatanodeStateMachine.java:lambda$startDaemon$0(350)) - Ozone container server started.
2019-06-12 13:51:12,920 INFO  ozoneimpl.OzoneContainer (OzoneContainer.java:stop(199)) - Attempting to stop container services.
2019-06-12 13:51:12,920 INFO  impl.RaftServerProxy (RaftServerProxy.java:lambda$close$4(314)) - 495360f2-87b9-4271-b81b-8a59321c0dd7: close
2019-06-12 13:51:12,920 INFO  impl.RaftServerImpl (RaftServerImpl.java:lambda$shutdown$3(238)) - 495360f2-87b9-4271-b81b-8a59321c0dd7: shutdown group-E4958D89CACF
2019-06-12 13:51:12,920 INFO  util.JmxRegister (JmxRegister.java:unregister(73)) - Successfully un-registered JMX Bean with object name Ratis:service=RaftServer,group=group-E4958D89CACF,id=495360f2-87b9-4271-b81b-8a59321c0dd7
2019-06-12 13:51:12,920 INFO  impl.RoleInfo (RoleInfo.java:shutdownFollowerState(121)) - 495360f2-87b9-4271-b81b-8a59321c0dd7: shutdown FollowerState
2019-06-12 13:51:12,921 INFO  impl.StateMachineUpdater (StateMachineUpdater.java:stopAndJoin(109)) - StateMachineUpdater-495360f2-87b9-4271-b81b-8a59321c0dd7-group-E4958D89CACF: set stopIndex = -1
2019-06-12 13:51:12,921 INFO  ratis.ContainerStateMachine (ContainerStateMachine.java:takeSnapshot(245)) - Taking snapshot at termIndex:(t:0, i:~)
2019-06-12 13:51:12,921 INFO  impl.FollowerState (FollowerState.java:run(109)) - 495360f2-87b9-4271-b81b-8a59321c0dd7: FollowerState was interrupted: java.lang.InterruptedException: sleep interrupted
2019-06-12 13:51:12,923 INFO  impl.RaftServerImpl (ServerState.java:close(394)) - 495360f2-87b9-4271-b81b-8a59321c0dd7:group-E4958D89CACF closes. The last applied log index is -1
2019-06-12 13:51:12,924 INFO  storage.RaftLogWorker (RaftLogWorker.java:run(236)) - 495360f2-87b9-4271-b81b-8a59321c0dd7-RaftLogWorker was interrupted, exiting. There are 0 tasks remaining in the queue.
2019-06-12 13:51:12,924 INFO  storage.RaftLogWorker (RaftLogWorker.java:close(168)) - 495360f2-87b9-4271-b81b-8a59321c0dd7-RaftLogWorker close()
2019-06-12 13:51:12,926 INFO  server.GrpcService (GrpcService.java:closeImpl(154)) - 495360f2-87b9-4271-b81b-8a59321c0dd7: shutdown server with port 38437 now
2019-06-12 13:51:12,927 INFO  server.GrpcService (GrpcService.java:closeImpl(162)) - 495360f2-87b9-4271-b81b-8a59321c0dd7: shutdown server with port 38437 successfully
2019-06-12 13:51:12,928 WARN  fs.CachingGetSpaceUsed (CachingGetSpaceUsed.java:run(183)) - Thread Interrupted waiting to refresh disk information: sleep interrupted
2019-06-12 13:51:12,938 INFO  statemachine.DatanodeStateMachine (DatanodeStateMachine.java:stopDaemon(395)) - Ozone container server stopped.
2019-06-12 13:51:12,938 INFO  handler.ContextHandler (ContextHandler.java:doStop(910)) - Stopped o.e.j.w.WebAppContext@6d66459d{/,null,UNAVAILABLE}{/hddsDatanode}
2019-06-12 13:51:12,938 INFO  server.AbstractConnector (AbstractConnector.java:doStop(318)) - Stopped ServerConnector@549ed005{HTTP/1.1,[http/1.1]}{0.0.0.0:0}
2019-06-12 13:51:12,939 INFO  handler.ContextHandler (ContextHandler.java:doStop(910)) - Stopped o.e.j.s.ServletContextHandler@21cbc1b0{/static,jar:file:/root/.m2/repository/org/apache/hadoop/hadoop-hdds-container-service/0.5.0-SNAPSHOT/hadoop-hdds-container-service-0.5.0-SNAPSHOT.jar!/webapps/static,UNAVAILABLE}
2019-06-12 13:51:12,939 INFO  handler.ContextHandler (ContextHandler.java:doStop(910)) - Stopped o.e.j.s.ServletContextHandler@2e21ce9f{/logs,file:///opt/src/hadoop-ozone/integration-test/target/log,UNAVAILABLE}
]]></system-out>
    <system-err><![CDATA[Jun 12, 2019 1:51:03 PM com.sun.jersey.server.impl.application.WebApplicationImpl _initiate
INFO: Initiating Jersey application, version 'Jersey: 1.19 02/11/2015 03:25 AM'
Jun 12, 2019 1:51:07 PM org.apache.ratis.thirdparty.io.grpc.internal.ManagedChannelOrphanWrapper$ManagedChannelReference cleanQueue
SEVERE: *~*~*~ Channel ManagedChannelImpl{logId=55, target=192.168.11.194:33041} was not shutdown properly!!! ~*~*~*
    Make sure to call shutdown()/shutdownNow() and wait until awaitTermination() returns true.
java.lang.RuntimeException: ManagedChannel allocation site
	at org.apache.ratis.thirdparty.io.grpc.internal.ManagedChannelOrphanWrapper$ManagedChannelReference.<init>(ManagedChannelOrphanWrapper.java:103)
	at org.apache.ratis.thirdparty.io.grpc.internal.ManagedChannelOrphanWrapper.<init>(ManagedChannelOrphanWrapper.java:53)
	at org.apache.ratis.thirdparty.io.grpc.internal.ManagedChannelOrphanWrapper.<init>(ManagedChannelOrphanWrapper.java:44)
	at org.apache.ratis.thirdparty.io.grpc.internal.AbstractManagedChannelImplBuilder.build(AbstractManagedChannelImplBuilder.java:411)
	at org.apache.hadoop.hdds.scm.XceiverClientGrpc.connectToDatanode(XceiverClientGrpc.java:163)
	at org.apache.hadoop.hdds.scm.XceiverClientGrpc.reconnect(XceiverClientGrpc.java:398)
	at org.apache.hadoop.hdds.scm.XceiverClientGrpc.sendCommandAsync(XceiverClientGrpc.java:349)
	at org.apache.hadoop.hdds.scm.XceiverClientGrpc.sendCommandAsync(XceiverClientGrpc.java:324)
	at org.apache.hadoop.hdds.scm.storage.ContainerProtocolCalls.writeChunkAsync(ContainerProtocolCalls.java:310)
	at org.apache.hadoop.hdds.scm.storage.BlockOutputStream.writeChunkToContainer(BlockOutputStream.java:609)
	at org.apache.hadoop.hdds.scm.storage.BlockOutputStream.writeChunk(BlockOutputStream.java:466)
	at org.apache.hadoop.hdds.scm.storage.BlockOutputStream.handleFlush(BlockOutputStream.java:477)
	at org.apache.hadoop.hdds.scm.storage.BlockOutputStream.close(BlockOutputStream.java:500)
	at org.apache.hadoop.ozone.client.io.BlockOutputStreamEntry.close(BlockOutputStreamEntry.java:143)
	at org.apache.hadoop.ozone.client.io.KeyOutputStream.handleFlushOrClose(KeyOutputStream.java:434)
	at org.apache.hadoop.ozone.client.io.KeyOutputStream.close(KeyOutputStream.java:472)
	at org.apache.hadoop.ozone.client.io.OzoneOutputStream.close(OzoneOutputStream.java:60)
	at org.apache.hadoop.ozone.TestStorageContainerManagerHelper.createKeys(TestStorageContainerManagerHelper.java:102)
	at org.apache.hadoop.ozone.TestStorageContainerManager.testCloseContainerCommandOnRestart(TestStorageContainerManager.java:512)
	at sun.reflect.NativeMethodAccessorImpl.invoke0(Native Method)
	at sun.reflect.NativeMethodAccessorImpl.invoke(NativeMethodAccessorImpl.java:62)
	at sun.reflect.DelegatingMethodAccessorImpl.invoke(DelegatingMethodAccessorImpl.java:43)
	at java.lang.reflect.Method.invoke(Method.java:498)
	at org.junit.runners.model.FrameworkMethod$1.runReflectiveCall(FrameworkMethod.java:47)
	at org.junit.internal.runners.model.ReflectiveCallable.run(ReflectiveCallable.java:12)
	at org.junit.runners.model.FrameworkMethod.invokeExplosively(FrameworkMethod.java:44)
	at org.junit.internal.runners.statements.InvokeMethod.evaluate(InvokeMethod.java:17)
	at org.junit.internal.runners.statements.FailOnTimeout$StatementThread.run(FailOnTimeout.java:74)

Jun 12, 2019 1:51:08 PM com.sun.jersey.server.impl.application.WebApplicationImpl _initiate
INFO: Initiating Jersey application, version 'Jersey: 1.19 02/11/2015 03:25 AM'
]]></system-err>
  </testcase>
  <testcase name="testSCMInitializationFailure" classname="org.apache.hadoop.ozone.TestStorageContainerManager" time="0.014"/>
  <testcase name="testSCMInitialization" classname="org.apache.hadoop.ozone.TestStorageContainerManager" time="0.011"/>
  <testcase name="testScmInfo" classname="org.apache.hadoop.ozone.TestStorageContainerManager" time="0.093"/>
</testsuite>